[2024-11-14T07:29:56.515+0000] {processor.py:186} INFO - Started process (PID=980) to work on /home/airflow/.local/lib/python3.12/site-packages/airflow/example_dags/example_branch_operator.py
[2024-11-14T07:29:56.517+0000] {processor.py:914} INFO - Processing file /home/airflow/.local/lib/python3.12/site-packages/airflow/example_dags/example_branch_operator.py for tasks to queue
[2024-11-14T07:29:56.520+0000] {logging_mixin.py:190} INFO - [2024-11-14T07:29:56.520+0000] {dagbag.py:588} INFO - Filling up the DagBag from /home/airflow/.local/lib/python3.12/site-packages/airflow/example_dags/example_branch_operator.py
[2024-11-14T07:29:56.541+0000] {processor.py:925} INFO - DAG(s) 'example_branch_operator' retrieved from /home/airflow/.local/lib/python3.12/site-packages/airflow/example_dags/example_branch_operator.py
[2024-11-14T07:29:56.576+0000] {logging_mixin.py:190} INFO - [2024-11-14T07:29:56.576+0000] {dag.py:3239} INFO - Sync 1 DAGs
[2024-11-14T07:29:56.604+0000] {logging_mixin.py:190} INFO - [2024-11-14T07:29:56.604+0000] {dag.py:4180} INFO - Setting next_dagrun for example_branch_operator to 2024-11-13 00:00:00+00:00, run_after=2024-11-14 00:00:00+00:00
[2024-11-14T07:29:56.629+0000] {processor.py:208} INFO - Processing /home/airflow/.local/lib/python3.12/site-packages/airflow/example_dags/example_branch_operator.py took 0.119 seconds
[2024-11-14T07:30:27.664+0000] {processor.py:186} INFO - Started process (PID=1042) to work on /home/airflow/.local/lib/python3.12/site-packages/airflow/example_dags/example_branch_operator.py
[2024-11-14T07:30:27.666+0000] {processor.py:914} INFO - Processing file /home/airflow/.local/lib/python3.12/site-packages/airflow/example_dags/example_branch_operator.py for tasks to queue
[2024-11-14T07:30:27.669+0000] {logging_mixin.py:190} INFO - [2024-11-14T07:30:27.669+0000] {dagbag.py:588} INFO - Filling up the DagBag from /home/airflow/.local/lib/python3.12/site-packages/airflow/example_dags/example_branch_operator.py
[2024-11-14T07:30:27.711+0000] {processor.py:925} INFO - DAG(s) 'example_branch_operator' retrieved from /home/airflow/.local/lib/python3.12/site-packages/airflow/example_dags/example_branch_operator.py
[2024-11-14T07:30:27.764+0000] {logging_mixin.py:190} INFO - [2024-11-14T07:30:27.763+0000] {dag.py:3239} INFO - Sync 1 DAGs
[2024-11-14T07:30:27.810+0000] {logging_mixin.py:190} INFO - [2024-11-14T07:30:27.810+0000] {dag.py:4180} INFO - Setting next_dagrun for example_branch_operator to 2024-11-13 00:00:00+00:00, run_after=2024-11-14 00:00:00+00:00
[2024-11-14T07:30:27.843+0000] {processor.py:208} INFO - Processing /home/airflow/.local/lib/python3.12/site-packages/airflow/example_dags/example_branch_operator.py took 0.189 seconds
[2024-11-14T07:30:58.492+0000] {processor.py:186} INFO - Started process (PID=1104) to work on /home/airflow/.local/lib/python3.12/site-packages/airflow/example_dags/example_branch_operator.py
[2024-11-14T07:30:58.494+0000] {processor.py:914} INFO - Processing file /home/airflow/.local/lib/python3.12/site-packages/airflow/example_dags/example_branch_operator.py for tasks to queue
[2024-11-14T07:30:58.497+0000] {logging_mixin.py:190} INFO - [2024-11-14T07:30:58.497+0000] {dagbag.py:588} INFO - Filling up the DagBag from /home/airflow/.local/lib/python3.12/site-packages/airflow/example_dags/example_branch_operator.py
[2024-11-14T07:30:58.521+0000] {processor.py:925} INFO - DAG(s) 'example_branch_operator' retrieved from /home/airflow/.local/lib/python3.12/site-packages/airflow/example_dags/example_branch_operator.py
[2024-11-14T07:30:58.564+0000] {logging_mixin.py:190} INFO - [2024-11-14T07:30:58.563+0000] {dag.py:3239} INFO - Sync 1 DAGs
[2024-11-14T07:30:58.608+0000] {logging_mixin.py:190} INFO - [2024-11-14T07:30:58.607+0000] {dag.py:4180} INFO - Setting next_dagrun for example_branch_operator to 2024-11-13 00:00:00+00:00, run_after=2024-11-14 00:00:00+00:00
[2024-11-14T07:30:58.639+0000] {processor.py:208} INFO - Processing /home/airflow/.local/lib/python3.12/site-packages/airflow/example_dags/example_branch_operator.py took 0.155 seconds
[2024-11-14T07:42:07.088+0000] {processor.py:186} INFO - Started process (PID=119) to work on /home/airflow/.local/lib/python3.12/site-packages/airflow/example_dags/example_branch_operator.py
[2024-11-14T07:42:07.089+0000] {processor.py:914} INFO - Processing file /home/airflow/.local/lib/python3.12/site-packages/airflow/example_dags/example_branch_operator.py for tasks to queue
[2024-11-14T07:42:07.092+0000] {logging_mixin.py:190} INFO - [2024-11-14T07:42:07.092+0000] {dagbag.py:588} INFO - Filling up the DagBag from /home/airflow/.local/lib/python3.12/site-packages/airflow/example_dags/example_branch_operator.py
[2024-11-14T07:42:07.114+0000] {processor.py:925} INFO - DAG(s) 'example_branch_operator' retrieved from /home/airflow/.local/lib/python3.12/site-packages/airflow/example_dags/example_branch_operator.py
[2024-11-14T07:42:07.238+0000] {logging_mixin.py:190} INFO - [2024-11-14T07:42:07.238+0000] {dag.py:3239} INFO - Sync 1 DAGs
[2024-11-14T07:42:07.263+0000] {logging_mixin.py:190} INFO - [2024-11-14T07:42:07.263+0000] {dag.py:4180} INFO - Setting next_dagrun for example_branch_operator to 2024-11-13 00:00:00+00:00, run_after=2024-11-14 00:00:00+00:00
[2024-11-14T07:42:07.286+0000] {processor.py:208} INFO - Processing /home/airflow/.local/lib/python3.12/site-packages/airflow/example_dags/example_branch_operator.py took 0.205 seconds
[2024-11-14T07:42:37.934+0000] {processor.py:186} INFO - Started process (PID=181) to work on /home/airflow/.local/lib/python3.12/site-packages/airflow/example_dags/example_branch_operator.py
[2024-11-14T07:42:37.935+0000] {processor.py:914} INFO - Processing file /home/airflow/.local/lib/python3.12/site-packages/airflow/example_dags/example_branch_operator.py for tasks to queue
[2024-11-14T07:42:37.938+0000] {logging_mixin.py:190} INFO - [2024-11-14T07:42:37.937+0000] {dagbag.py:588} INFO - Filling up the DagBag from /home/airflow/.local/lib/python3.12/site-packages/airflow/example_dags/example_branch_operator.py
[2024-11-14T07:42:37.961+0000] {processor.py:925} INFO - DAG(s) 'example_branch_operator' retrieved from /home/airflow/.local/lib/python3.12/site-packages/airflow/example_dags/example_branch_operator.py
[2024-11-14T07:42:37.996+0000] {logging_mixin.py:190} INFO - [2024-11-14T07:42:37.995+0000] {dag.py:3239} INFO - Sync 1 DAGs
[2024-11-14T07:42:38.022+0000] {logging_mixin.py:190} INFO - [2024-11-14T07:42:38.021+0000] {dag.py:4180} INFO - Setting next_dagrun for example_branch_operator to 2024-11-13 00:00:00+00:00, run_after=2024-11-14 00:00:00+00:00
[2024-11-14T07:42:38.048+0000] {processor.py:208} INFO - Processing /home/airflow/.local/lib/python3.12/site-packages/airflow/example_dags/example_branch_operator.py took 0.120 seconds
[2024-11-14T07:49:37.810+0000] {processor.py:186} INFO - Started process (PID=152) to work on /home/airflow/.local/lib/python3.12/site-packages/airflow/example_dags/example_branch_operator.py
[2024-11-14T07:49:37.812+0000] {processor.py:914} INFO - Processing file /home/airflow/.local/lib/python3.12/site-packages/airflow/example_dags/example_branch_operator.py for tasks to queue
[2024-11-14T07:49:37.815+0000] {logging_mixin.py:190} INFO - [2024-11-14T07:49:37.814+0000] {dagbag.py:588} INFO - Filling up the DagBag from /home/airflow/.local/lib/python3.12/site-packages/airflow/example_dags/example_branch_operator.py
[2024-11-14T07:49:37.839+0000] {processor.py:925} INFO - DAG(s) 'example_branch_operator' retrieved from /home/airflow/.local/lib/python3.12/site-packages/airflow/example_dags/example_branch_operator.py
[2024-11-14T07:49:37.993+0000] {logging_mixin.py:190} INFO - [2024-11-14T07:49:37.993+0000] {dag.py:3239} INFO - Sync 1 DAGs
[2024-11-14T07:49:38.018+0000] {logging_mixin.py:190} INFO - [2024-11-14T07:49:38.018+0000] {dag.py:4180} INFO - Setting next_dagrun for example_branch_operator to 2024-11-13 00:00:00+00:00, run_after=2024-11-14 00:00:00+00:00
[2024-11-14T07:49:38.041+0000] {processor.py:208} INFO - Processing /home/airflow/.local/lib/python3.12/site-packages/airflow/example_dags/example_branch_operator.py took 0.237 seconds
[2024-11-14T07:50:08.345+0000] {processor.py:186} INFO - Started process (PID=214) to work on /home/airflow/.local/lib/python3.12/site-packages/airflow/example_dags/example_branch_operator.py
[2024-11-14T07:50:08.347+0000] {processor.py:914} INFO - Processing file /home/airflow/.local/lib/python3.12/site-packages/airflow/example_dags/example_branch_operator.py for tasks to queue
[2024-11-14T07:50:08.350+0000] {logging_mixin.py:190} INFO - [2024-11-14T07:50:08.350+0000] {dagbag.py:588} INFO - Filling up the DagBag from /home/airflow/.local/lib/python3.12/site-packages/airflow/example_dags/example_branch_operator.py
[2024-11-14T07:50:08.375+0000] {processor.py:925} INFO - DAG(s) 'example_branch_operator' retrieved from /home/airflow/.local/lib/python3.12/site-packages/airflow/example_dags/example_branch_operator.py
[2024-11-14T07:50:08.413+0000] {logging_mixin.py:190} INFO - [2024-11-14T07:50:08.413+0000] {dag.py:3239} INFO - Sync 1 DAGs
[2024-11-14T07:50:08.443+0000] {logging_mixin.py:190} INFO - [2024-11-14T07:50:08.443+0000] {dag.py:4180} INFO - Setting next_dagrun for example_branch_operator to 2024-11-13 00:00:00+00:00, run_after=2024-11-14 00:00:00+00:00
[2024-11-14T07:50:08.485+0000] {processor.py:208} INFO - Processing /home/airflow/.local/lib/python3.12/site-packages/airflow/example_dags/example_branch_operator.py took 0.149 seconds
[2024-11-14T07:50:39.332+0000] {processor.py:186} INFO - Started process (PID=276) to work on /home/airflow/.local/lib/python3.12/site-packages/airflow/example_dags/example_branch_operator.py
[2024-11-14T07:50:39.334+0000] {processor.py:914} INFO - Processing file /home/airflow/.local/lib/python3.12/site-packages/airflow/example_dags/example_branch_operator.py for tasks to queue
[2024-11-14T07:50:39.337+0000] {logging_mixin.py:190} INFO - [2024-11-14T07:50:39.337+0000] {dagbag.py:588} INFO - Filling up the DagBag from /home/airflow/.local/lib/python3.12/site-packages/airflow/example_dags/example_branch_operator.py
[2024-11-14T07:50:39.360+0000] {processor.py:925} INFO - DAG(s) 'example_branch_operator' retrieved from /home/airflow/.local/lib/python3.12/site-packages/airflow/example_dags/example_branch_operator.py
[2024-11-14T07:50:39.398+0000] {logging_mixin.py:190} INFO - [2024-11-14T07:50:39.398+0000] {dag.py:3239} INFO - Sync 1 DAGs
[2024-11-14T07:50:39.427+0000] {logging_mixin.py:190} INFO - [2024-11-14T07:50:39.426+0000] {dag.py:4180} INFO - Setting next_dagrun for example_branch_operator to 2024-11-13 00:00:00+00:00, run_after=2024-11-14 00:00:00+00:00
[2024-11-14T07:50:39.451+0000] {processor.py:208} INFO - Processing /home/airflow/.local/lib/python3.12/site-packages/airflow/example_dags/example_branch_operator.py took 0.127 seconds
[2024-11-14T07:51:10.144+0000] {processor.py:186} INFO - Started process (PID=338) to work on /home/airflow/.local/lib/python3.12/site-packages/airflow/example_dags/example_branch_operator.py
[2024-11-14T07:51:10.146+0000] {processor.py:914} INFO - Processing file /home/airflow/.local/lib/python3.12/site-packages/airflow/example_dags/example_branch_operator.py for tasks to queue
[2024-11-14T07:51:10.148+0000] {logging_mixin.py:190} INFO - [2024-11-14T07:51:10.148+0000] {dagbag.py:588} INFO - Filling up the DagBag from /home/airflow/.local/lib/python3.12/site-packages/airflow/example_dags/example_branch_operator.py
[2024-11-14T07:51:10.167+0000] {processor.py:925} INFO - DAG(s) 'example_branch_operator' retrieved from /home/airflow/.local/lib/python3.12/site-packages/airflow/example_dags/example_branch_operator.py
[2024-11-14T07:51:10.200+0000] {logging_mixin.py:190} INFO - [2024-11-14T07:51:10.199+0000] {dag.py:3239} INFO - Sync 1 DAGs
[2024-11-14T07:51:10.227+0000] {logging_mixin.py:190} INFO - [2024-11-14T07:51:10.227+0000] {dag.py:4180} INFO - Setting next_dagrun for example_branch_operator to 2024-11-13 00:00:00+00:00, run_after=2024-11-14 00:00:00+00:00
[2024-11-14T07:51:10.249+0000] {processor.py:208} INFO - Processing /home/airflow/.local/lib/python3.12/site-packages/airflow/example_dags/example_branch_operator.py took 0.111 seconds
[2024-11-14T07:51:41.144+0000] {processor.py:186} INFO - Started process (PID=400) to work on /home/airflow/.local/lib/python3.12/site-packages/airflow/example_dags/example_branch_operator.py
[2024-11-14T07:51:41.146+0000] {processor.py:914} INFO - Processing file /home/airflow/.local/lib/python3.12/site-packages/airflow/example_dags/example_branch_operator.py for tasks to queue
[2024-11-14T07:51:41.150+0000] {logging_mixin.py:190} INFO - [2024-11-14T07:51:41.150+0000] {dagbag.py:588} INFO - Filling up the DagBag from /home/airflow/.local/lib/python3.12/site-packages/airflow/example_dags/example_branch_operator.py
[2024-11-14T07:51:41.172+0000] {processor.py:925} INFO - DAG(s) 'example_branch_operator' retrieved from /home/airflow/.local/lib/python3.12/site-packages/airflow/example_dags/example_branch_operator.py
[2024-11-14T07:51:41.209+0000] {logging_mixin.py:190} INFO - [2024-11-14T07:51:41.209+0000] {dag.py:3239} INFO - Sync 1 DAGs
[2024-11-14T07:51:41.240+0000] {logging_mixin.py:190} INFO - [2024-11-14T07:51:41.239+0000] {dag.py:4180} INFO - Setting next_dagrun for example_branch_operator to 2024-11-13 00:00:00+00:00, run_after=2024-11-14 00:00:00+00:00
[2024-11-14T07:51:41.269+0000] {processor.py:208} INFO - Processing /home/airflow/.local/lib/python3.12/site-packages/airflow/example_dags/example_branch_operator.py took 0.132 seconds
[2024-11-14T07:52:11.521+0000] {processor.py:186} INFO - Started process (PID=462) to work on /home/airflow/.local/lib/python3.12/site-packages/airflow/example_dags/example_branch_operator.py
[2024-11-14T07:52:11.522+0000] {processor.py:914} INFO - Processing file /home/airflow/.local/lib/python3.12/site-packages/airflow/example_dags/example_branch_operator.py for tasks to queue
[2024-11-14T07:52:11.525+0000] {logging_mixin.py:190} INFO - [2024-11-14T07:52:11.525+0000] {dagbag.py:588} INFO - Filling up the DagBag from /home/airflow/.local/lib/python3.12/site-packages/airflow/example_dags/example_branch_operator.py
[2024-11-14T07:52:11.547+0000] {processor.py:925} INFO - DAG(s) 'example_branch_operator' retrieved from /home/airflow/.local/lib/python3.12/site-packages/airflow/example_dags/example_branch_operator.py
[2024-11-14T07:52:11.577+0000] {logging_mixin.py:190} INFO - [2024-11-14T07:52:11.577+0000] {dag.py:3239} INFO - Sync 1 DAGs
[2024-11-14T07:52:11.602+0000] {logging_mixin.py:190} INFO - [2024-11-14T07:52:11.602+0000] {dag.py:4180} INFO - Setting next_dagrun for example_branch_operator to 2024-11-13 00:00:00+00:00, run_after=2024-11-14 00:00:00+00:00
[2024-11-14T07:52:11.621+0000] {processor.py:208} INFO - Processing /home/airflow/.local/lib/python3.12/site-packages/airflow/example_dags/example_branch_operator.py took 0.108 seconds
[2024-11-14T07:52:42.626+0000] {processor.py:186} INFO - Started process (PID=524) to work on /home/airflow/.local/lib/python3.12/site-packages/airflow/example_dags/example_branch_operator.py
[2024-11-14T07:52:42.628+0000] {processor.py:914} INFO - Processing file /home/airflow/.local/lib/python3.12/site-packages/airflow/example_dags/example_branch_operator.py for tasks to queue
[2024-11-14T07:52:42.631+0000] {logging_mixin.py:190} INFO - [2024-11-14T07:52:42.631+0000] {dagbag.py:588} INFO - Filling up the DagBag from /home/airflow/.local/lib/python3.12/site-packages/airflow/example_dags/example_branch_operator.py
[2024-11-14T07:52:42.660+0000] {processor.py:925} INFO - DAG(s) 'example_branch_operator' retrieved from /home/airflow/.local/lib/python3.12/site-packages/airflow/example_dags/example_branch_operator.py
[2024-11-14T07:52:42.692+0000] {logging_mixin.py:190} INFO - [2024-11-14T07:52:42.692+0000] {dag.py:3239} INFO - Sync 1 DAGs
[2024-11-14T07:52:42.717+0000] {logging_mixin.py:190} INFO - [2024-11-14T07:52:42.717+0000] {dag.py:4180} INFO - Setting next_dagrun for example_branch_operator to 2024-11-13 00:00:00+00:00, run_after=2024-11-14 00:00:00+00:00
[2024-11-14T07:52:42.734+0000] {processor.py:208} INFO - Processing /home/airflow/.local/lib/python3.12/site-packages/airflow/example_dags/example_branch_operator.py took 0.126 seconds
[2024-11-14T07:53:13.146+0000] {processor.py:186} INFO - Started process (PID=592) to work on /home/airflow/.local/lib/python3.12/site-packages/airflow/example_dags/example_branch_operator.py
[2024-11-14T07:53:13.147+0000] {processor.py:914} INFO - Processing file /home/airflow/.local/lib/python3.12/site-packages/airflow/example_dags/example_branch_operator.py for tasks to queue
[2024-11-14T07:53:13.151+0000] {logging_mixin.py:190} INFO - [2024-11-14T07:53:13.151+0000] {dagbag.py:588} INFO - Filling up the DagBag from /home/airflow/.local/lib/python3.12/site-packages/airflow/example_dags/example_branch_operator.py
[2024-11-14T07:53:13.178+0000] {processor.py:925} INFO - DAG(s) 'example_branch_operator' retrieved from /home/airflow/.local/lib/python3.12/site-packages/airflow/example_dags/example_branch_operator.py
[2024-11-14T07:53:13.221+0000] {logging_mixin.py:190} INFO - [2024-11-14T07:53:13.221+0000] {dag.py:3239} INFO - Sync 1 DAGs
[2024-11-14T07:53:13.258+0000] {logging_mixin.py:190} INFO - [2024-11-14T07:53:13.258+0000] {dag.py:4180} INFO - Setting next_dagrun for example_branch_operator to 2024-11-13 00:00:00+00:00, run_after=2024-11-14 00:00:00+00:00
[2024-11-14T07:53:13.292+0000] {processor.py:208} INFO - Processing /home/airflow/.local/lib/python3.12/site-packages/airflow/example_dags/example_branch_operator.py took 0.156 seconds
[2024-11-14T07:53:44.043+0000] {processor.py:186} INFO - Started process (PID=654) to work on /home/airflow/.local/lib/python3.12/site-packages/airflow/example_dags/example_branch_operator.py
[2024-11-14T07:53:44.045+0000] {processor.py:914} INFO - Processing file /home/airflow/.local/lib/python3.12/site-packages/airflow/example_dags/example_branch_operator.py for tasks to queue
[2024-11-14T07:53:44.047+0000] {logging_mixin.py:190} INFO - [2024-11-14T07:53:44.047+0000] {dagbag.py:588} INFO - Filling up the DagBag from /home/airflow/.local/lib/python3.12/site-packages/airflow/example_dags/example_branch_operator.py
[2024-11-14T07:53:44.078+0000] {processor.py:925} INFO - DAG(s) 'example_branch_operator' retrieved from /home/airflow/.local/lib/python3.12/site-packages/airflow/example_dags/example_branch_operator.py
[2024-11-14T07:53:44.118+0000] {logging_mixin.py:190} INFO - [2024-11-14T07:53:44.118+0000] {dag.py:3239} INFO - Sync 1 DAGs
[2024-11-14T07:53:44.147+0000] {logging_mixin.py:190} INFO - [2024-11-14T07:53:44.147+0000] {dag.py:4180} INFO - Setting next_dagrun for example_branch_operator to 2024-11-13 00:00:00+00:00, run_after=2024-11-14 00:00:00+00:00
[2024-11-14T07:53:44.170+0000] {processor.py:208} INFO - Processing /home/airflow/.local/lib/python3.12/site-packages/airflow/example_dags/example_branch_operator.py took 0.133 seconds
[2024-11-14T07:54:14.751+0000] {processor.py:186} INFO - Started process (PID=716) to work on /home/airflow/.local/lib/python3.12/site-packages/airflow/example_dags/example_branch_operator.py
[2024-11-14T07:54:14.752+0000] {processor.py:914} INFO - Processing file /home/airflow/.local/lib/python3.12/site-packages/airflow/example_dags/example_branch_operator.py for tasks to queue
[2024-11-14T07:54:14.756+0000] {logging_mixin.py:190} INFO - [2024-11-14T07:54:14.755+0000] {dagbag.py:588} INFO - Filling up the DagBag from /home/airflow/.local/lib/python3.12/site-packages/airflow/example_dags/example_branch_operator.py
[2024-11-14T07:54:14.781+0000] {processor.py:925} INFO - DAG(s) 'example_branch_operator' retrieved from /home/airflow/.local/lib/python3.12/site-packages/airflow/example_dags/example_branch_operator.py
[2024-11-14T07:54:14.822+0000] {logging_mixin.py:190} INFO - [2024-11-14T07:54:14.821+0000] {dag.py:3239} INFO - Sync 1 DAGs
[2024-11-14T07:54:14.854+0000] {logging_mixin.py:190} INFO - [2024-11-14T07:54:14.854+0000] {dag.py:4180} INFO - Setting next_dagrun for example_branch_operator to 2024-11-13 00:00:00+00:00, run_after=2024-11-14 00:00:00+00:00
[2024-11-14T07:54:14.885+0000] {processor.py:208} INFO - Processing /home/airflow/.local/lib/python3.12/site-packages/airflow/example_dags/example_branch_operator.py took 0.141 seconds
[2024-11-14T07:54:45.366+0000] {processor.py:186} INFO - Started process (PID=778) to work on /home/airflow/.local/lib/python3.12/site-packages/airflow/example_dags/example_branch_operator.py
[2024-11-14T07:54:45.367+0000] {processor.py:914} INFO - Processing file /home/airflow/.local/lib/python3.12/site-packages/airflow/example_dags/example_branch_operator.py for tasks to queue
[2024-11-14T07:54:45.371+0000] {logging_mixin.py:190} INFO - [2024-11-14T07:54:45.370+0000] {dagbag.py:588} INFO - Filling up the DagBag from /home/airflow/.local/lib/python3.12/site-packages/airflow/example_dags/example_branch_operator.py
[2024-11-14T07:54:45.391+0000] {processor.py:925} INFO - DAG(s) 'example_branch_operator' retrieved from /home/airflow/.local/lib/python3.12/site-packages/airflow/example_dags/example_branch_operator.py
[2024-11-14T07:54:45.424+0000] {logging_mixin.py:190} INFO - [2024-11-14T07:54:45.424+0000] {dag.py:3239} INFO - Sync 1 DAGs
[2024-11-14T07:54:45.447+0000] {logging_mixin.py:190} INFO - [2024-11-14T07:54:45.447+0000] {dag.py:4180} INFO - Setting next_dagrun for example_branch_operator to 2024-11-13 00:00:00+00:00, run_after=2024-11-14 00:00:00+00:00
[2024-11-14T07:54:45.471+0000] {processor.py:208} INFO - Processing /home/airflow/.local/lib/python3.12/site-packages/airflow/example_dags/example_branch_operator.py took 0.111 seconds
[2024-11-14T07:55:15.986+0000] {processor.py:186} INFO - Started process (PID=840) to work on /home/airflow/.local/lib/python3.12/site-packages/airflow/example_dags/example_branch_operator.py
[2024-11-14T07:55:15.987+0000] {processor.py:914} INFO - Processing file /home/airflow/.local/lib/python3.12/site-packages/airflow/example_dags/example_branch_operator.py for tasks to queue
[2024-11-14T07:55:15.990+0000] {logging_mixin.py:190} INFO - [2024-11-14T07:55:15.990+0000] {dagbag.py:588} INFO - Filling up the DagBag from /home/airflow/.local/lib/python3.12/site-packages/airflow/example_dags/example_branch_operator.py
[2024-11-14T07:55:16.011+0000] {processor.py:925} INFO - DAG(s) 'example_branch_operator' retrieved from /home/airflow/.local/lib/python3.12/site-packages/airflow/example_dags/example_branch_operator.py
[2024-11-14T07:55:16.045+0000] {logging_mixin.py:190} INFO - [2024-11-14T07:55:16.045+0000] {dag.py:3239} INFO - Sync 1 DAGs
[2024-11-14T07:55:16.072+0000] {logging_mixin.py:190} INFO - [2024-11-14T07:55:16.072+0000] {dag.py:4180} INFO - Setting next_dagrun for example_branch_operator to 2024-11-13 00:00:00+00:00, run_after=2024-11-14 00:00:00+00:00
[2024-11-14T07:55:16.093+0000] {processor.py:208} INFO - Processing /home/airflow/.local/lib/python3.12/site-packages/airflow/example_dags/example_branch_operator.py took 0.114 seconds
[2024-11-14T07:55:46.747+0000] {processor.py:186} INFO - Started process (PID=902) to work on /home/airflow/.local/lib/python3.12/site-packages/airflow/example_dags/example_branch_operator.py
[2024-11-14T07:55:46.748+0000] {processor.py:914} INFO - Processing file /home/airflow/.local/lib/python3.12/site-packages/airflow/example_dags/example_branch_operator.py for tasks to queue
[2024-11-14T07:55:46.751+0000] {logging_mixin.py:190} INFO - [2024-11-14T07:55:46.750+0000] {dagbag.py:588} INFO - Filling up the DagBag from /home/airflow/.local/lib/python3.12/site-packages/airflow/example_dags/example_branch_operator.py
[2024-11-14T07:55:46.768+0000] {processor.py:925} INFO - DAG(s) 'example_branch_operator' retrieved from /home/airflow/.local/lib/python3.12/site-packages/airflow/example_dags/example_branch_operator.py
[2024-11-14T07:55:46.800+0000] {logging_mixin.py:190} INFO - [2024-11-14T07:55:46.800+0000] {dag.py:3239} INFO - Sync 1 DAGs
[2024-11-14T07:55:46.828+0000] {logging_mixin.py:190} INFO - [2024-11-14T07:55:46.828+0000] {dag.py:4180} INFO - Setting next_dagrun for example_branch_operator to 2024-11-13 00:00:00+00:00, run_after=2024-11-14 00:00:00+00:00
[2024-11-14T07:55:46.853+0000] {processor.py:208} INFO - Processing /home/airflow/.local/lib/python3.12/site-packages/airflow/example_dags/example_branch_operator.py took 0.112 seconds
[2024-11-14T07:56:17.138+0000] {processor.py:186} INFO - Started process (PID=963) to work on /home/airflow/.local/lib/python3.12/site-packages/airflow/example_dags/example_branch_operator.py
[2024-11-14T07:56:17.139+0000] {processor.py:914} INFO - Processing file /home/airflow/.local/lib/python3.12/site-packages/airflow/example_dags/example_branch_operator.py for tasks to queue
[2024-11-14T07:56:17.142+0000] {logging_mixin.py:190} INFO - [2024-11-14T07:56:17.142+0000] {dagbag.py:588} INFO - Filling up the DagBag from /home/airflow/.local/lib/python3.12/site-packages/airflow/example_dags/example_branch_operator.py
[2024-11-14T07:56:17.162+0000] {processor.py:925} INFO - DAG(s) 'example_branch_operator' retrieved from /home/airflow/.local/lib/python3.12/site-packages/airflow/example_dags/example_branch_operator.py
[2024-11-14T07:56:17.193+0000] {logging_mixin.py:190} INFO - [2024-11-14T07:56:17.193+0000] {dag.py:3239} INFO - Sync 1 DAGs
[2024-11-14T07:56:17.218+0000] {logging_mixin.py:190} INFO - [2024-11-14T07:56:17.217+0000] {dag.py:4180} INFO - Setting next_dagrun for example_branch_operator to 2024-11-13 00:00:00+00:00, run_after=2024-11-14 00:00:00+00:00
[2024-11-14T07:56:17.237+0000] {processor.py:208} INFO - Processing /home/airflow/.local/lib/python3.12/site-packages/airflow/example_dags/example_branch_operator.py took 0.105 seconds
[2024-11-14T07:56:47.640+0000] {processor.py:186} INFO - Started process (PID=1025) to work on /home/airflow/.local/lib/python3.12/site-packages/airflow/example_dags/example_branch_operator.py
[2024-11-14T07:56:47.642+0000] {processor.py:914} INFO - Processing file /home/airflow/.local/lib/python3.12/site-packages/airflow/example_dags/example_branch_operator.py for tasks to queue
[2024-11-14T07:56:47.646+0000] {logging_mixin.py:190} INFO - [2024-11-14T07:56:47.645+0000] {dagbag.py:588} INFO - Filling up the DagBag from /home/airflow/.local/lib/python3.12/site-packages/airflow/example_dags/example_branch_operator.py
[2024-11-14T07:56:47.668+0000] {processor.py:925} INFO - DAG(s) 'example_branch_operator' retrieved from /home/airflow/.local/lib/python3.12/site-packages/airflow/example_dags/example_branch_operator.py
[2024-11-14T07:56:47.704+0000] {logging_mixin.py:190} INFO - [2024-11-14T07:56:47.704+0000] {dag.py:3239} INFO - Sync 1 DAGs
[2024-11-14T07:56:47.733+0000] {logging_mixin.py:190} INFO - [2024-11-14T07:56:47.732+0000] {dag.py:4180} INFO - Setting next_dagrun for example_branch_operator to 2024-11-13 00:00:00+00:00, run_after=2024-11-14 00:00:00+00:00
[2024-11-14T07:56:47.757+0000] {processor.py:208} INFO - Processing /home/airflow/.local/lib/python3.12/site-packages/airflow/example_dags/example_branch_operator.py took 0.124 seconds
[2024-11-14T07:57:18.190+0000] {processor.py:186} INFO - Started process (PID=1087) to work on /home/airflow/.local/lib/python3.12/site-packages/airflow/example_dags/example_branch_operator.py
[2024-11-14T07:57:18.192+0000] {processor.py:914} INFO - Processing file /home/airflow/.local/lib/python3.12/site-packages/airflow/example_dags/example_branch_operator.py for tasks to queue
[2024-11-14T07:57:18.196+0000] {logging_mixin.py:190} INFO - [2024-11-14T07:57:18.196+0000] {dagbag.py:588} INFO - Filling up the DagBag from /home/airflow/.local/lib/python3.12/site-packages/airflow/example_dags/example_branch_operator.py
[2024-11-14T07:57:18.231+0000] {processor.py:925} INFO - DAG(s) 'example_branch_operator' retrieved from /home/airflow/.local/lib/python3.12/site-packages/airflow/example_dags/example_branch_operator.py
[2024-11-14T07:57:18.271+0000] {logging_mixin.py:190} INFO - [2024-11-14T07:57:18.270+0000] {dag.py:3239} INFO - Sync 1 DAGs
[2024-11-14T07:57:18.295+0000] {logging_mixin.py:190} INFO - [2024-11-14T07:57:18.295+0000] {dag.py:4180} INFO - Setting next_dagrun for example_branch_operator to 2024-11-13 00:00:00+00:00, run_after=2024-11-14 00:00:00+00:00
[2024-11-14T07:57:18.313+0000] {processor.py:208} INFO - Processing /home/airflow/.local/lib/python3.12/site-packages/airflow/example_dags/example_branch_operator.py took 0.135 seconds
[2024-11-14T08:08:06.272+0000] {processor.py:186} INFO - Started process (PID=119) to work on /home/airflow/.local/lib/python3.12/site-packages/airflow/example_dags/example_branch_operator.py
[2024-11-14T08:08:06.274+0000] {processor.py:914} INFO - Processing file /home/airflow/.local/lib/python3.12/site-packages/airflow/example_dags/example_branch_operator.py for tasks to queue
[2024-11-14T08:08:06.278+0000] {logging_mixin.py:190} INFO - [2024-11-14T08:08:06.277+0000] {dagbag.py:588} INFO - Filling up the DagBag from /home/airflow/.local/lib/python3.12/site-packages/airflow/example_dags/example_branch_operator.py
[2024-11-14T08:08:06.305+0000] {processor.py:925} INFO - DAG(s) 'example_branch_operator' retrieved from /home/airflow/.local/lib/python3.12/site-packages/airflow/example_dags/example_branch_operator.py
[2024-11-14T08:08:06.483+0000] {logging_mixin.py:190} INFO - [2024-11-14T08:08:06.482+0000] {dag.py:3239} INFO - Sync 1 DAGs
[2024-11-14T08:08:06.514+0000] {logging_mixin.py:190} INFO - [2024-11-14T08:08:06.514+0000] {dag.py:4180} INFO - Setting next_dagrun for example_branch_operator to 2024-11-13 00:00:00+00:00, run_after=2024-11-14 00:00:00+00:00
[2024-11-14T08:08:06.543+0000] {processor.py:208} INFO - Processing /home/airflow/.local/lib/python3.12/site-packages/airflow/example_dags/example_branch_operator.py took 0.280 seconds
[2024-11-14T08:08:37.230+0000] {processor.py:186} INFO - Started process (PID=181) to work on /home/airflow/.local/lib/python3.12/site-packages/airflow/example_dags/example_branch_operator.py
[2024-11-14T08:08:37.232+0000] {processor.py:914} INFO - Processing file /home/airflow/.local/lib/python3.12/site-packages/airflow/example_dags/example_branch_operator.py for tasks to queue
[2024-11-14T08:08:37.235+0000] {logging_mixin.py:190} INFO - [2024-11-14T08:08:37.235+0000] {dagbag.py:588} INFO - Filling up the DagBag from /home/airflow/.local/lib/python3.12/site-packages/airflow/example_dags/example_branch_operator.py
[2024-11-14T08:08:37.258+0000] {processor.py:925} INFO - DAG(s) 'example_branch_operator' retrieved from /home/airflow/.local/lib/python3.12/site-packages/airflow/example_dags/example_branch_operator.py
[2024-11-14T08:08:37.295+0000] {logging_mixin.py:190} INFO - [2024-11-14T08:08:37.295+0000] {dag.py:3239} INFO - Sync 1 DAGs
[2024-11-14T08:08:37.327+0000] {logging_mixin.py:190} INFO - [2024-11-14T08:08:37.327+0000] {dag.py:4180} INFO - Setting next_dagrun for example_branch_operator to 2024-11-13 00:00:00+00:00, run_after=2024-11-14 00:00:00+00:00
[2024-11-14T08:08:37.351+0000] {processor.py:208} INFO - Processing /home/airflow/.local/lib/python3.12/site-packages/airflow/example_dags/example_branch_operator.py took 0.129 seconds
[2024-11-14T08:15:28.759+0000] {processor.py:186} INFO - Started process (PID=120) to work on /home/airflow/.local/lib/python3.12/site-packages/airflow/example_dags/example_branch_operator.py
[2024-11-14T08:15:28.760+0000] {processor.py:914} INFO - Processing file /home/airflow/.local/lib/python3.12/site-packages/airflow/example_dags/example_branch_operator.py for tasks to queue
[2024-11-14T08:15:28.764+0000] {logging_mixin.py:190} INFO - [2024-11-14T08:15:28.763+0000] {dagbag.py:588} INFO - Filling up the DagBag from /home/airflow/.local/lib/python3.12/site-packages/airflow/example_dags/example_branch_operator.py
[2024-11-14T08:15:28.786+0000] {processor.py:925} INFO - DAG(s) 'example_branch_operator' retrieved from /home/airflow/.local/lib/python3.12/site-packages/airflow/example_dags/example_branch_operator.py
[2024-11-14T08:15:28.909+0000] {logging_mixin.py:190} INFO - [2024-11-14T08:15:28.908+0000] {override.py:1900} INFO - Created Permission View: can edit on DAG:example_branch_operator
[2024-11-14T08:15:28.923+0000] {logging_mixin.py:190} INFO - [2024-11-14T08:15:28.923+0000] {override.py:1900} INFO - Created Permission View: can delete on DAG:example_branch_operator
[2024-11-14T08:15:28.934+0000] {logging_mixin.py:190} INFO - [2024-11-14T08:15:28.934+0000] {override.py:1900} INFO - Created Permission View: can read on DAG:example_branch_operator
[2024-11-14T08:15:28.947+0000] {logging_mixin.py:190} INFO - [2024-11-14T08:15:28.946+0000] {override.py:1900} INFO - Created Permission View: can delete on DAG Run:example_branch_operator
[2024-11-14T08:15:28.957+0000] {logging_mixin.py:190} INFO - [2024-11-14T08:15:28.957+0000] {override.py:1900} INFO - Created Permission View: can read on DAG Run:example_branch_operator
[2024-11-14T08:15:28.968+0000] {logging_mixin.py:190} INFO - [2024-11-14T08:15:28.967+0000] {override.py:1900} INFO - Created Permission View: can create on DAG Run:example_branch_operator
[2024-11-14T08:15:28.978+0000] {logging_mixin.py:190} INFO - [2024-11-14T08:15:28.977+0000] {override.py:1900} INFO - Created Permission View: menu access on DAG Run:example_branch_operator
[2024-11-14T08:15:28.979+0000] {logging_mixin.py:190} INFO - [2024-11-14T08:15:28.978+0000] {dag.py:3239} INFO - Sync 1 DAGs
[2024-11-14T08:15:28.992+0000] {logging_mixin.py:190} INFO - [2024-11-14T08:15:28.992+0000] {dag.py:3262} INFO - Creating ORM DAG for example_branch_operator
[2024-11-14T08:15:29.005+0000] {logging_mixin.py:190} INFO - [2024-11-14T08:15:29.004+0000] {dag.py:4180} INFO - Setting next_dagrun for example_branch_operator to 2024-11-13 00:00:00+00:00, run_after=2024-11-14 00:00:00+00:00
[2024-11-14T08:15:29.027+0000] {processor.py:208} INFO - Processing /home/airflow/.local/lib/python3.12/site-packages/airflow/example_dags/example_branch_operator.py took 0.276 seconds
[2024-11-14T08:16:16.064+0000] {processor.py:186} INFO - Started process (PID=110) to work on /home/airflow/.local/lib/python3.12/site-packages/airflow/example_dags/example_branch_operator.py
[2024-11-14T08:16:16.066+0000] {processor.py:914} INFO - Processing file /home/airflow/.local/lib/python3.12/site-packages/airflow/example_dags/example_branch_operator.py for tasks to queue
[2024-11-14T08:16:16.071+0000] {logging_mixin.py:190} INFO - [2024-11-14T08:16:16.070+0000] {dagbag.py:588} INFO - Filling up the DagBag from /home/airflow/.local/lib/python3.12/site-packages/airflow/example_dags/example_branch_operator.py
[2024-11-14T08:16:16.099+0000] {processor.py:925} INFO - DAG(s) 'example_branch_operator' retrieved from /home/airflow/.local/lib/python3.12/site-packages/airflow/example_dags/example_branch_operator.py
[2024-11-14T08:16:16.313+0000] {logging_mixin.py:190} INFO - [2024-11-14T08:16:16.312+0000] {dag.py:3239} INFO - Sync 1 DAGs
[2024-11-14T08:16:16.353+0000] {logging_mixin.py:190} INFO - [2024-11-14T08:16:16.353+0000] {dag.py:4180} INFO - Setting next_dagrun for example_branch_operator to 2024-11-13 00:00:00+00:00, run_after=2024-11-14 00:00:00+00:00
[2024-11-14T08:16:16.395+0000] {processor.py:208} INFO - Processing /home/airflow/.local/lib/python3.12/site-packages/airflow/example_dags/example_branch_operator.py took 0.339 seconds
[2024-11-14T08:16:51.336+0000] {processor.py:186} INFO - Started process (PID=173) to work on /home/airflow/.local/lib/python3.12/site-packages/airflow/example_dags/example_branch_operator.py
[2024-11-14T08:16:51.338+0000] {processor.py:914} INFO - Processing file /home/airflow/.local/lib/python3.12/site-packages/airflow/example_dags/example_branch_operator.py for tasks to queue
[2024-11-14T08:16:51.340+0000] {logging_mixin.py:190} INFO - [2024-11-14T08:16:51.340+0000] {dagbag.py:588} INFO - Filling up the DagBag from /home/airflow/.local/lib/python3.12/site-packages/airflow/example_dags/example_branch_operator.py
[2024-11-14T08:16:51.357+0000] {processor.py:925} INFO - DAG(s) 'example_branch_operator' retrieved from /home/airflow/.local/lib/python3.12/site-packages/airflow/example_dags/example_branch_operator.py
[2024-11-14T08:16:51.386+0000] {logging_mixin.py:190} INFO - [2024-11-14T08:16:51.386+0000] {dag.py:3239} INFO - Sync 1 DAGs
[2024-11-14T08:16:51.410+0000] {logging_mixin.py:190} INFO - [2024-11-14T08:16:51.410+0000] {dag.py:4180} INFO - Setting next_dagrun for example_branch_operator to 2024-11-13 00:00:00+00:00, run_after=2024-11-14 00:00:00+00:00
[2024-11-14T08:16:51.434+0000] {processor.py:208} INFO - Processing /home/airflow/.local/lib/python3.12/site-packages/airflow/example_dags/example_branch_operator.py took 0.104 seconds
[2024-11-14T08:17:22.532+0000] {processor.py:186} INFO - Started process (PID=235) to work on /home/airflow/.local/lib/python3.12/site-packages/airflow/example_dags/example_branch_operator.py
[2024-11-14T08:17:22.533+0000] {processor.py:914} INFO - Processing file /home/airflow/.local/lib/python3.12/site-packages/airflow/example_dags/example_branch_operator.py for tasks to queue
[2024-11-14T08:17:22.536+0000] {logging_mixin.py:190} INFO - [2024-11-14T08:17:22.536+0000] {dagbag.py:588} INFO - Filling up the DagBag from /home/airflow/.local/lib/python3.12/site-packages/airflow/example_dags/example_branch_operator.py
[2024-11-14T08:17:22.553+0000] {processor.py:925} INFO - DAG(s) 'example_branch_operator' retrieved from /home/airflow/.local/lib/python3.12/site-packages/airflow/example_dags/example_branch_operator.py
[2024-11-14T08:17:22.584+0000] {logging_mixin.py:190} INFO - [2024-11-14T08:17:22.583+0000] {dag.py:3239} INFO - Sync 1 DAGs
[2024-11-14T08:17:22.609+0000] {logging_mixin.py:190} INFO - [2024-11-14T08:17:22.609+0000] {dag.py:4180} INFO - Setting next_dagrun for example_branch_operator to 2024-11-13 00:00:00+00:00, run_after=2024-11-14 00:00:00+00:00
[2024-11-14T08:17:22.630+0000] {processor.py:208} INFO - Processing /home/airflow/.local/lib/python3.12/site-packages/airflow/example_dags/example_branch_operator.py took 0.103 seconds
[2024-11-14T08:17:58.454+0000] {processor.py:186} INFO - Started process (PID=297) to work on /home/airflow/.local/lib/python3.12/site-packages/airflow/example_dags/example_branch_operator.py
[2024-11-14T08:17:58.455+0000] {processor.py:914} INFO - Processing file /home/airflow/.local/lib/python3.12/site-packages/airflow/example_dags/example_branch_operator.py for tasks to queue
[2024-11-14T08:17:58.458+0000] {logging_mixin.py:190} INFO - [2024-11-14T08:17:58.458+0000] {dagbag.py:588} INFO - Filling up the DagBag from /home/airflow/.local/lib/python3.12/site-packages/airflow/example_dags/example_branch_operator.py
[2024-11-14T08:17:58.477+0000] {processor.py:925} INFO - DAG(s) 'example_branch_operator' retrieved from /home/airflow/.local/lib/python3.12/site-packages/airflow/example_dags/example_branch_operator.py
[2024-11-14T08:17:58.507+0000] {logging_mixin.py:190} INFO - [2024-11-14T08:17:58.507+0000] {dag.py:3239} INFO - Sync 1 DAGs
[2024-11-14T08:17:58.533+0000] {logging_mixin.py:190} INFO - [2024-11-14T08:17:58.533+0000] {dag.py:4180} INFO - Setting next_dagrun for example_branch_operator to 2024-11-13 00:00:00+00:00, run_after=2024-11-14 00:00:00+00:00
[2024-11-14T08:17:58.555+0000] {processor.py:208} INFO - Processing /home/airflow/.local/lib/python3.12/site-packages/airflow/example_dags/example_branch_operator.py took 0.107 seconds
