[2024-11-14T07:29:48.732+0000] {processor.py:186} INFO - Started process (PID=935) to work on /home/airflow/.local/lib/python3.12/site-packages/airflow/example_dags/example_xcom.py
[2024-11-14T07:29:48.733+0000] {processor.py:914} INFO - Processing file /home/airflow/.local/lib/python3.12/site-packages/airflow/example_dags/example_xcom.py for tasks to queue
[2024-11-14T07:29:48.737+0000] {logging_mixin.py:190} INFO - [2024-11-14T07:29:48.736+0000] {dagbag.py:588} INFO - Filling up the DagBag from /home/airflow/.local/lib/python3.12/site-packages/airflow/example_dags/example_xcom.py
[2024-11-14T07:29:48.746+0000] {processor.py:925} INFO - DAG(s) 'example_xcom' retrieved from /home/airflow/.local/lib/python3.12/site-packages/airflow/example_dags/example_xcom.py
[2024-11-14T07:29:48.773+0000] {logging_mixin.py:190} INFO - [2024-11-14T07:29:48.773+0000] {dag.py:3239} INFO - Sync 1 DAGs
[2024-11-14T07:29:48.801+0000] {logging_mixin.py:190} INFO - [2024-11-14T07:29:48.801+0000] {dag.py:4180} INFO - Setting next_dagrun for example_xcom to 2021-01-01 00:00:00+00:00, run_after=2021-01-01 00:00:00+00:00
[2024-11-14T07:29:48.825+0000] {processor.py:208} INFO - Processing /home/airflow/.local/lib/python3.12/site-packages/airflow/example_dags/example_xcom.py took 0.101 seconds
[2024-11-14T07:30:19.405+0000] {processor.py:186} INFO - Started process (PID=997) to work on /home/airflow/.local/lib/python3.12/site-packages/airflow/example_dags/example_xcom.py
[2024-11-14T07:30:19.406+0000] {processor.py:914} INFO - Processing file /home/airflow/.local/lib/python3.12/site-packages/airflow/example_dags/example_xcom.py for tasks to queue
[2024-11-14T07:30:19.409+0000] {logging_mixin.py:190} INFO - [2024-11-14T07:30:19.409+0000] {dagbag.py:588} INFO - Filling up the DagBag from /home/airflow/.local/lib/python3.12/site-packages/airflow/example_dags/example_xcom.py
[2024-11-14T07:30:19.417+0000] {processor.py:925} INFO - DAG(s) 'example_xcom' retrieved from /home/airflow/.local/lib/python3.12/site-packages/airflow/example_dags/example_xcom.py
[2024-11-14T07:30:19.441+0000] {logging_mixin.py:190} INFO - [2024-11-14T07:30:19.441+0000] {dag.py:3239} INFO - Sync 1 DAGs
[2024-11-14T07:30:19.463+0000] {logging_mixin.py:190} INFO - [2024-11-14T07:30:19.463+0000] {dag.py:4180} INFO - Setting next_dagrun for example_xcom to 2021-01-01 00:00:00+00:00, run_after=2021-01-01 00:00:00+00:00
[2024-11-14T07:30:19.488+0000] {processor.py:208} INFO - Processing /home/airflow/.local/lib/python3.12/site-packages/airflow/example_dags/example_xcom.py took 0.089 seconds
[2024-11-14T07:30:49.586+0000] {processor.py:186} INFO - Started process (PID=1059) to work on /home/airflow/.local/lib/python3.12/site-packages/airflow/example_dags/example_xcom.py
[2024-11-14T07:30:49.587+0000] {processor.py:914} INFO - Processing file /home/airflow/.local/lib/python3.12/site-packages/airflow/example_dags/example_xcom.py for tasks to queue
[2024-11-14T07:30:49.591+0000] {logging_mixin.py:190} INFO - [2024-11-14T07:30:49.591+0000] {dagbag.py:588} INFO - Filling up the DagBag from /home/airflow/.local/lib/python3.12/site-packages/airflow/example_dags/example_xcom.py
[2024-11-14T07:30:49.600+0000] {processor.py:925} INFO - DAG(s) 'example_xcom' retrieved from /home/airflow/.local/lib/python3.12/site-packages/airflow/example_dags/example_xcom.py
[2024-11-14T07:30:49.624+0000] {logging_mixin.py:190} INFO - [2024-11-14T07:30:49.624+0000] {dag.py:3239} INFO - Sync 1 DAGs
[2024-11-14T07:30:49.652+0000] {logging_mixin.py:190} INFO - [2024-11-14T07:30:49.651+0000] {dag.py:4180} INFO - Setting next_dagrun for example_xcom to 2021-01-01 00:00:00+00:00, run_after=2021-01-01 00:00:00+00:00
[2024-11-14T07:30:49.681+0000] {processor.py:208} INFO - Processing /home/airflow/.local/lib/python3.12/site-packages/airflow/example_dags/example_xcom.py took 0.101 seconds
[2024-11-14T07:42:02.609+0000] {processor.py:186} INFO - Started process (PID=68) to work on /home/airflow/.local/lib/python3.12/site-packages/airflow/example_dags/example_xcom.py
[2024-11-14T07:42:02.611+0000] {processor.py:914} INFO - Processing file /home/airflow/.local/lib/python3.12/site-packages/airflow/example_dags/example_xcom.py for tasks to queue
[2024-11-14T07:42:02.615+0000] {logging_mixin.py:190} INFO - [2024-11-14T07:42:02.614+0000] {dagbag.py:588} INFO - Filling up the DagBag from /home/airflow/.local/lib/python3.12/site-packages/airflow/example_dags/example_xcom.py
[2024-11-14T07:42:02.636+0000] {processor.py:925} INFO - DAG(s) 'example_xcom' retrieved from /home/airflow/.local/lib/python3.12/site-packages/airflow/example_dags/example_xcom.py
[2024-11-14T07:42:02.672+0000] {logging_mixin.py:190} INFO - [2024-11-14T07:42:02.671+0000] {dag.py:3239} INFO - Sync 1 DAGs
[2024-11-14T07:42:02.698+0000] {logging_mixin.py:190} INFO - [2024-11-14T07:42:02.698+0000] {dag.py:4180} INFO - Setting next_dagrun for example_xcom to 2021-01-01 00:00:00+00:00, run_after=2021-01-01 00:00:00+00:00
[2024-11-14T07:42:02.722+0000] {processor.py:208} INFO - Processing /home/airflow/.local/lib/python3.12/site-packages/airflow/example_dags/example_xcom.py took 0.122 seconds
[2024-11-14T07:42:32.911+0000] {processor.py:186} INFO - Started process (PID=130) to work on /home/airflow/.local/lib/python3.12/site-packages/airflow/example_dags/example_xcom.py
[2024-11-14T07:42:32.912+0000] {processor.py:914} INFO - Processing file /home/airflow/.local/lib/python3.12/site-packages/airflow/example_dags/example_xcom.py for tasks to queue
[2024-11-14T07:42:32.915+0000] {logging_mixin.py:190} INFO - [2024-11-14T07:42:32.914+0000] {dagbag.py:588} INFO - Filling up the DagBag from /home/airflow/.local/lib/python3.12/site-packages/airflow/example_dags/example_xcom.py
[2024-11-14T07:42:32.924+0000] {processor.py:925} INFO - DAG(s) 'example_xcom' retrieved from /home/airflow/.local/lib/python3.12/site-packages/airflow/example_dags/example_xcom.py
[2024-11-14T07:42:32.947+0000] {logging_mixin.py:190} INFO - [2024-11-14T07:42:32.947+0000] {dag.py:3239} INFO - Sync 1 DAGs
[2024-11-14T07:42:32.970+0000] {logging_mixin.py:190} INFO - [2024-11-14T07:42:32.970+0000] {dag.py:4180} INFO - Setting next_dagrun for example_xcom to 2021-01-01 00:00:00+00:00, run_after=2021-01-01 00:00:00+00:00
[2024-11-14T07:42:33.009+0000] {processor.py:208} INFO - Processing /home/airflow/.local/lib/python3.12/site-packages/airflow/example_dags/example_xcom.py took 0.105 seconds
[2024-11-14T07:49:32.556+0000] {processor.py:186} INFO - Started process (PID=107) to work on /home/airflow/.local/lib/python3.12/site-packages/airflow/example_dags/example_xcom.py
[2024-11-14T07:49:32.558+0000] {processor.py:914} INFO - Processing file /home/airflow/.local/lib/python3.12/site-packages/airflow/example_dags/example_xcom.py for tasks to queue
[2024-11-14T07:49:32.560+0000] {logging_mixin.py:190} INFO - [2024-11-14T07:49:32.560+0000] {dagbag.py:588} INFO - Filling up the DagBag from /home/airflow/.local/lib/python3.12/site-packages/airflow/example_dags/example_xcom.py
[2024-11-14T07:49:32.569+0000] {processor.py:925} INFO - DAG(s) 'example_xcom' retrieved from /home/airflow/.local/lib/python3.12/site-packages/airflow/example_dags/example_xcom.py
[2024-11-14T07:49:32.604+0000] {logging_mixin.py:190} INFO - [2024-11-14T07:49:32.604+0000] {dag.py:3239} INFO - Sync 1 DAGs
[2024-11-14T07:49:32.630+0000] {logging_mixin.py:190} INFO - [2024-11-14T07:49:32.629+0000] {dag.py:4180} INFO - Setting next_dagrun for example_xcom to 2021-01-01 00:00:00+00:00, run_after=2021-01-01 00:00:00+00:00
[2024-11-14T07:49:32.654+0000] {processor.py:208} INFO - Processing /home/airflow/.local/lib/python3.12/site-packages/airflow/example_dags/example_xcom.py took 0.103 seconds
[2024-11-14T07:50:03.614+0000] {processor.py:186} INFO - Started process (PID=169) to work on /home/airflow/.local/lib/python3.12/site-packages/airflow/example_dags/example_xcom.py
[2024-11-14T07:50:03.615+0000] {processor.py:914} INFO - Processing file /home/airflow/.local/lib/python3.12/site-packages/airflow/example_dags/example_xcom.py for tasks to queue
[2024-11-14T07:50:03.617+0000] {logging_mixin.py:190} INFO - [2024-11-14T07:50:03.617+0000] {dagbag.py:588} INFO - Filling up the DagBag from /home/airflow/.local/lib/python3.12/site-packages/airflow/example_dags/example_xcom.py
[2024-11-14T07:50:03.625+0000] {processor.py:925} INFO - DAG(s) 'example_xcom' retrieved from /home/airflow/.local/lib/python3.12/site-packages/airflow/example_dags/example_xcom.py
[2024-11-14T07:50:03.644+0000] {logging_mixin.py:190} INFO - [2024-11-14T07:50:03.644+0000] {dag.py:3239} INFO - Sync 1 DAGs
[2024-11-14T07:50:03.664+0000] {logging_mixin.py:190} INFO - [2024-11-14T07:50:03.664+0000] {dag.py:4180} INFO - Setting next_dagrun for example_xcom to 2021-01-01 00:00:00+00:00, run_after=2021-01-01 00:00:00+00:00
[2024-11-14T07:50:03.684+0000] {processor.py:208} INFO - Processing /home/airflow/.local/lib/python3.12/site-packages/airflow/example_dags/example_xcom.py took 0.076 seconds
[2024-11-14T07:50:34.303+0000] {processor.py:186} INFO - Started process (PID=231) to work on /home/airflow/.local/lib/python3.12/site-packages/airflow/example_dags/example_xcom.py
[2024-11-14T07:50:34.305+0000] {processor.py:914} INFO - Processing file /home/airflow/.local/lib/python3.12/site-packages/airflow/example_dags/example_xcom.py for tasks to queue
[2024-11-14T07:50:34.311+0000] {logging_mixin.py:190} INFO - [2024-11-14T07:50:34.310+0000] {dagbag.py:588} INFO - Filling up the DagBag from /home/airflow/.local/lib/python3.12/site-packages/airflow/example_dags/example_xcom.py
[2024-11-14T07:50:34.330+0000] {processor.py:925} INFO - DAG(s) 'example_xcom' retrieved from /home/airflow/.local/lib/python3.12/site-packages/airflow/example_dags/example_xcom.py
[2024-11-14T07:50:34.361+0000] {logging_mixin.py:190} INFO - [2024-11-14T07:50:34.360+0000] {dag.py:3239} INFO - Sync 1 DAGs
[2024-11-14T07:50:34.410+0000] {logging_mixin.py:190} INFO - [2024-11-14T07:50:34.408+0000] {dag.py:4180} INFO - Setting next_dagrun for example_xcom to 2021-01-01 00:00:00+00:00, run_after=2021-01-01 00:00:00+00:00
[2024-11-14T07:50:34.457+0000] {processor.py:208} INFO - Processing /home/airflow/.local/lib/python3.12/site-packages/airflow/example_dags/example_xcom.py took 0.166 seconds
[2024-11-14T07:51:05.082+0000] {processor.py:186} INFO - Started process (PID=293) to work on /home/airflow/.local/lib/python3.12/site-packages/airflow/example_dags/example_xcom.py
[2024-11-14T07:51:05.083+0000] {processor.py:914} INFO - Processing file /home/airflow/.local/lib/python3.12/site-packages/airflow/example_dags/example_xcom.py for tasks to queue
[2024-11-14T07:51:05.085+0000] {logging_mixin.py:190} INFO - [2024-11-14T07:51:05.085+0000] {dagbag.py:588} INFO - Filling up the DagBag from /home/airflow/.local/lib/python3.12/site-packages/airflow/example_dags/example_xcom.py
[2024-11-14T07:51:05.093+0000] {processor.py:925} INFO - DAG(s) 'example_xcom' retrieved from /home/airflow/.local/lib/python3.12/site-packages/airflow/example_dags/example_xcom.py
[2024-11-14T07:51:05.114+0000] {logging_mixin.py:190} INFO - [2024-11-14T07:51:05.114+0000] {dag.py:3239} INFO - Sync 1 DAGs
[2024-11-14T07:51:05.134+0000] {logging_mixin.py:190} INFO - [2024-11-14T07:51:05.134+0000] {dag.py:4180} INFO - Setting next_dagrun for example_xcom to 2021-01-01 00:00:00+00:00, run_after=2021-01-01 00:00:00+00:00
[2024-11-14T07:51:05.153+0000] {processor.py:208} INFO - Processing /home/airflow/.local/lib/python3.12/site-packages/airflow/example_dags/example_xcom.py took 0.077 seconds
[2024-11-14T07:51:36.031+0000] {processor.py:186} INFO - Started process (PID=355) to work on /home/airflow/.local/lib/python3.12/site-packages/airflow/example_dags/example_xcom.py
[2024-11-14T07:51:36.032+0000] {processor.py:914} INFO - Processing file /home/airflow/.local/lib/python3.12/site-packages/airflow/example_dags/example_xcom.py for tasks to queue
[2024-11-14T07:51:36.038+0000] {logging_mixin.py:190} INFO - [2024-11-14T07:51:36.037+0000] {dagbag.py:588} INFO - Filling up the DagBag from /home/airflow/.local/lib/python3.12/site-packages/airflow/example_dags/example_xcom.py
[2024-11-14T07:51:36.056+0000] {processor.py:925} INFO - DAG(s) 'example_xcom' retrieved from /home/airflow/.local/lib/python3.12/site-packages/airflow/example_dags/example_xcom.py
[2024-11-14T07:51:36.083+0000] {logging_mixin.py:190} INFO - [2024-11-14T07:51:36.082+0000] {dag.py:3239} INFO - Sync 1 DAGs
[2024-11-14T07:51:36.102+0000] {logging_mixin.py:190} INFO - [2024-11-14T07:51:36.102+0000] {dag.py:4180} INFO - Setting next_dagrun for example_xcom to 2021-01-01 00:00:00+00:00, run_after=2021-01-01 00:00:00+00:00
[2024-11-14T07:51:36.120+0000] {processor.py:208} INFO - Processing /home/airflow/.local/lib/python3.12/site-packages/airflow/example_dags/example_xcom.py took 0.096 seconds
[2024-11-14T07:52:06.191+0000] {processor.py:186} INFO - Started process (PID=417) to work on /home/airflow/.local/lib/python3.12/site-packages/airflow/example_dags/example_xcom.py
[2024-11-14T07:52:06.193+0000] {processor.py:914} INFO - Processing file /home/airflow/.local/lib/python3.12/site-packages/airflow/example_dags/example_xcom.py for tasks to queue
[2024-11-14T07:52:06.196+0000] {logging_mixin.py:190} INFO - [2024-11-14T07:52:06.195+0000] {dagbag.py:588} INFO - Filling up the DagBag from /home/airflow/.local/lib/python3.12/site-packages/airflow/example_dags/example_xcom.py
[2024-11-14T07:52:06.205+0000] {processor.py:925} INFO - DAG(s) 'example_xcom' retrieved from /home/airflow/.local/lib/python3.12/site-packages/airflow/example_dags/example_xcom.py
[2024-11-14T07:52:06.232+0000] {logging_mixin.py:190} INFO - [2024-11-14T07:52:06.231+0000] {dag.py:3239} INFO - Sync 1 DAGs
[2024-11-14T07:52:06.254+0000] {logging_mixin.py:190} INFO - [2024-11-14T07:52:06.254+0000] {dag.py:4180} INFO - Setting next_dagrun for example_xcom to 2021-01-01 00:00:00+00:00, run_after=2021-01-01 00:00:00+00:00
[2024-11-14T07:52:06.276+0000] {processor.py:208} INFO - Processing /home/airflow/.local/lib/python3.12/site-packages/airflow/example_dags/example_xcom.py took 0.091 seconds
[2024-11-14T07:52:36.406+0000] {processor.py:186} INFO - Started process (PID=479) to work on /home/airflow/.local/lib/python3.12/site-packages/airflow/example_dags/example_xcom.py
[2024-11-14T07:52:36.407+0000] {processor.py:914} INFO - Processing file /home/airflow/.local/lib/python3.12/site-packages/airflow/example_dags/example_xcom.py for tasks to queue
[2024-11-14T07:52:36.411+0000] {logging_mixin.py:190} INFO - [2024-11-14T07:52:36.411+0000] {dagbag.py:588} INFO - Filling up the DagBag from /home/airflow/.local/lib/python3.12/site-packages/airflow/example_dags/example_xcom.py
[2024-11-14T07:52:36.427+0000] {processor.py:925} INFO - DAG(s) 'example_xcom' retrieved from /home/airflow/.local/lib/python3.12/site-packages/airflow/example_dags/example_xcom.py
[2024-11-14T07:52:36.463+0000] {logging_mixin.py:190} INFO - [2024-11-14T07:52:36.463+0000] {dag.py:3239} INFO - Sync 1 DAGs
[2024-11-14T07:52:36.484+0000] {logging_mixin.py:190} INFO - [2024-11-14T07:52:36.484+0000] {dag.py:4180} INFO - Setting next_dagrun for example_xcom to 2021-01-01 00:00:00+00:00, run_after=2021-01-01 00:00:00+00:00
[2024-11-14T07:52:36.502+0000] {processor.py:208} INFO - Processing /home/airflow/.local/lib/python3.12/site-packages/airflow/example_dags/example_xcom.py took 0.107 seconds
[2024-11-14T07:53:07.450+0000] {processor.py:186} INFO - Started process (PID=541) to work on /home/airflow/.local/lib/python3.12/site-packages/airflow/example_dags/example_xcom.py
[2024-11-14T07:53:07.451+0000] {processor.py:914} INFO - Processing file /home/airflow/.local/lib/python3.12/site-packages/airflow/example_dags/example_xcom.py for tasks to queue
[2024-11-14T07:53:07.455+0000] {logging_mixin.py:190} INFO - [2024-11-14T07:53:07.455+0000] {dagbag.py:588} INFO - Filling up the DagBag from /home/airflow/.local/lib/python3.12/site-packages/airflow/example_dags/example_xcom.py
[2024-11-14T07:53:07.465+0000] {processor.py:925} INFO - DAG(s) 'example_xcom' retrieved from /home/airflow/.local/lib/python3.12/site-packages/airflow/example_dags/example_xcom.py
[2024-11-14T07:53:07.491+0000] {logging_mixin.py:190} INFO - [2024-11-14T07:53:07.491+0000] {dag.py:3239} INFO - Sync 1 DAGs
[2024-11-14T07:53:07.515+0000] {logging_mixin.py:190} INFO - [2024-11-14T07:53:07.515+0000] {dag.py:4180} INFO - Setting next_dagrun for example_xcom to 2021-01-01 00:00:00+00:00, run_after=2021-01-01 00:00:00+00:00
[2024-11-14T07:53:07.540+0000] {processor.py:208} INFO - Processing /home/airflow/.local/lib/python3.12/site-packages/airflow/example_dags/example_xcom.py took 0.097 seconds
[2024-11-14T07:53:38.122+0000] {processor.py:186} INFO - Started process (PID=603) to work on /home/airflow/.local/lib/python3.12/site-packages/airflow/example_dags/example_xcom.py
[2024-11-14T07:53:38.124+0000] {processor.py:914} INFO - Processing file /home/airflow/.local/lib/python3.12/site-packages/airflow/example_dags/example_xcom.py for tasks to queue
[2024-11-14T07:53:38.127+0000] {logging_mixin.py:190} INFO - [2024-11-14T07:53:38.126+0000] {dagbag.py:588} INFO - Filling up the DagBag from /home/airflow/.local/lib/python3.12/site-packages/airflow/example_dags/example_xcom.py
[2024-11-14T07:53:38.138+0000] {processor.py:925} INFO - DAG(s) 'example_xcom' retrieved from /home/airflow/.local/lib/python3.12/site-packages/airflow/example_dags/example_xcom.py
[2024-11-14T07:53:38.170+0000] {logging_mixin.py:190} INFO - [2024-11-14T07:53:38.170+0000] {dag.py:3239} INFO - Sync 1 DAGs
[2024-11-14T07:53:38.197+0000] {logging_mixin.py:190} INFO - [2024-11-14T07:53:38.197+0000] {dag.py:4180} INFO - Setting next_dagrun for example_xcom to 2021-01-01 00:00:00+00:00, run_after=2021-01-01 00:00:00+00:00
[2024-11-14T07:53:38.223+0000] {processor.py:208} INFO - Processing /home/airflow/.local/lib/python3.12/site-packages/airflow/example_dags/example_xcom.py took 0.107 seconds
[2024-11-14T07:54:08.927+0000] {processor.py:186} INFO - Started process (PID=665) to work on /home/airflow/.local/lib/python3.12/site-packages/airflow/example_dags/example_xcom.py
[2024-11-14T07:54:08.928+0000] {processor.py:914} INFO - Processing file /home/airflow/.local/lib/python3.12/site-packages/airflow/example_dags/example_xcom.py for tasks to queue
[2024-11-14T07:54:08.932+0000] {logging_mixin.py:190} INFO - [2024-11-14T07:54:08.931+0000] {dagbag.py:588} INFO - Filling up the DagBag from /home/airflow/.local/lib/python3.12/site-packages/airflow/example_dags/example_xcom.py
[2024-11-14T07:54:08.941+0000] {processor.py:925} INFO - DAG(s) 'example_xcom' retrieved from /home/airflow/.local/lib/python3.12/site-packages/airflow/example_dags/example_xcom.py
[2024-11-14T07:54:08.966+0000] {logging_mixin.py:190} INFO - [2024-11-14T07:54:08.965+0000] {dag.py:3239} INFO - Sync 1 DAGs
[2024-11-14T07:54:08.990+0000] {logging_mixin.py:190} INFO - [2024-11-14T07:54:08.989+0000] {dag.py:4180} INFO - Setting next_dagrun for example_xcom to 2021-01-01 00:00:00+00:00, run_after=2021-01-01 00:00:00+00:00
[2024-11-14T07:54:09.013+0000] {processor.py:208} INFO - Processing /home/airflow/.local/lib/python3.12/site-packages/airflow/example_dags/example_xcom.py took 0.092 seconds
[2024-11-14T07:54:39.721+0000] {processor.py:186} INFO - Started process (PID=727) to work on /home/airflow/.local/lib/python3.12/site-packages/airflow/example_dags/example_xcom.py
[2024-11-14T07:54:39.722+0000] {processor.py:914} INFO - Processing file /home/airflow/.local/lib/python3.12/site-packages/airflow/example_dags/example_xcom.py for tasks to queue
[2024-11-14T07:54:39.726+0000] {logging_mixin.py:190} INFO - [2024-11-14T07:54:39.725+0000] {dagbag.py:588} INFO - Filling up the DagBag from /home/airflow/.local/lib/python3.12/site-packages/airflow/example_dags/example_xcom.py
[2024-11-14T07:54:39.734+0000] {processor.py:925} INFO - DAG(s) 'example_xcom' retrieved from /home/airflow/.local/lib/python3.12/site-packages/airflow/example_dags/example_xcom.py
[2024-11-14T07:54:39.758+0000] {logging_mixin.py:190} INFO - [2024-11-14T07:54:39.758+0000] {dag.py:3239} INFO - Sync 1 DAGs
[2024-11-14T07:54:39.781+0000] {logging_mixin.py:190} INFO - [2024-11-14T07:54:39.780+0000] {dag.py:4180} INFO - Setting next_dagrun for example_xcom to 2021-01-01 00:00:00+00:00, run_after=2021-01-01 00:00:00+00:00
[2024-11-14T07:54:39.802+0000] {processor.py:208} INFO - Processing /home/airflow/.local/lib/python3.12/site-packages/airflow/example_dags/example_xcom.py took 0.088 seconds
[2024-11-14T07:55:10.098+0000] {processor.py:186} INFO - Started process (PID=789) to work on /home/airflow/.local/lib/python3.12/site-packages/airflow/example_dags/example_xcom.py
[2024-11-14T07:55:10.099+0000] {processor.py:914} INFO - Processing file /home/airflow/.local/lib/python3.12/site-packages/airflow/example_dags/example_xcom.py for tasks to queue
[2024-11-14T07:55:10.102+0000] {logging_mixin.py:190} INFO - [2024-11-14T07:55:10.102+0000] {dagbag.py:588} INFO - Filling up the DagBag from /home/airflow/.local/lib/python3.12/site-packages/airflow/example_dags/example_xcom.py
[2024-11-14T07:55:10.111+0000] {processor.py:925} INFO - DAG(s) 'example_xcom' retrieved from /home/airflow/.local/lib/python3.12/site-packages/airflow/example_dags/example_xcom.py
[2024-11-14T07:55:10.135+0000] {logging_mixin.py:190} INFO - [2024-11-14T07:55:10.135+0000] {dag.py:3239} INFO - Sync 1 DAGs
[2024-11-14T07:55:10.159+0000] {logging_mixin.py:190} INFO - [2024-11-14T07:55:10.159+0000] {dag.py:4180} INFO - Setting next_dagrun for example_xcom to 2021-01-01 00:00:00+00:00, run_after=2021-01-01 00:00:00+00:00
[2024-11-14T07:55:10.183+0000] {processor.py:208} INFO - Processing /home/airflow/.local/lib/python3.12/site-packages/airflow/example_dags/example_xcom.py took 0.090 seconds
[2024-11-14T07:55:40.753+0000] {processor.py:186} INFO - Started process (PID=851) to work on /home/airflow/.local/lib/python3.12/site-packages/airflow/example_dags/example_xcom.py
[2024-11-14T07:55:40.754+0000] {processor.py:914} INFO - Processing file /home/airflow/.local/lib/python3.12/site-packages/airflow/example_dags/example_xcom.py for tasks to queue
[2024-11-14T07:55:40.757+0000] {logging_mixin.py:190} INFO - [2024-11-14T07:55:40.757+0000] {dagbag.py:588} INFO - Filling up the DagBag from /home/airflow/.local/lib/python3.12/site-packages/airflow/example_dags/example_xcom.py
[2024-11-14T07:55:40.767+0000] {processor.py:925} INFO - DAG(s) 'example_xcom' retrieved from /home/airflow/.local/lib/python3.12/site-packages/airflow/example_dags/example_xcom.py
[2024-11-14T07:55:40.792+0000] {logging_mixin.py:190} INFO - [2024-11-14T07:55:40.792+0000] {dag.py:3239} INFO - Sync 1 DAGs
[2024-11-14T07:55:40.815+0000] {logging_mixin.py:190} INFO - [2024-11-14T07:55:40.815+0000] {dag.py:4180} INFO - Setting next_dagrun for example_xcom to 2021-01-01 00:00:00+00:00, run_after=2021-01-01 00:00:00+00:00
[2024-11-14T07:55:40.847+0000] {processor.py:208} INFO - Processing /home/airflow/.local/lib/python3.12/site-packages/airflow/example_dags/example_xcom.py took 0.101 seconds
[2024-11-14T07:56:11.611+0000] {processor.py:186} INFO - Started process (PID=913) to work on /home/airflow/.local/lib/python3.12/site-packages/airflow/example_dags/example_xcom.py
[2024-11-14T07:56:11.612+0000] {processor.py:914} INFO - Processing file /home/airflow/.local/lib/python3.12/site-packages/airflow/example_dags/example_xcom.py for tasks to queue
[2024-11-14T07:56:11.614+0000] {logging_mixin.py:190} INFO - [2024-11-14T07:56:11.614+0000] {dagbag.py:588} INFO - Filling up the DagBag from /home/airflow/.local/lib/python3.12/site-packages/airflow/example_dags/example_xcom.py
[2024-11-14T07:56:11.623+0000] {processor.py:925} INFO - DAG(s) 'example_xcom' retrieved from /home/airflow/.local/lib/python3.12/site-packages/airflow/example_dags/example_xcom.py
[2024-11-14T07:56:11.647+0000] {logging_mixin.py:190} INFO - [2024-11-14T07:56:11.647+0000] {dag.py:3239} INFO - Sync 1 DAGs
[2024-11-14T07:56:11.670+0000] {logging_mixin.py:190} INFO - [2024-11-14T07:56:11.670+0000] {dag.py:4180} INFO - Setting next_dagrun for example_xcom to 2021-01-01 00:00:00+00:00, run_after=2021-01-01 00:00:00+00:00
[2024-11-14T07:56:11.692+0000] {processor.py:208} INFO - Processing /home/airflow/.local/lib/python3.12/site-packages/airflow/example_dags/example_xcom.py took 0.086 seconds
[2024-11-14T07:56:42.007+0000] {processor.py:186} INFO - Started process (PID=974) to work on /home/airflow/.local/lib/python3.12/site-packages/airflow/example_dags/example_xcom.py
[2024-11-14T07:56:42.008+0000] {processor.py:914} INFO - Processing file /home/airflow/.local/lib/python3.12/site-packages/airflow/example_dags/example_xcom.py for tasks to queue
[2024-11-14T07:56:42.011+0000] {logging_mixin.py:190} INFO - [2024-11-14T07:56:42.011+0000] {dagbag.py:588} INFO - Filling up the DagBag from /home/airflow/.local/lib/python3.12/site-packages/airflow/example_dags/example_xcom.py
[2024-11-14T07:56:42.020+0000] {processor.py:925} INFO - DAG(s) 'example_xcom' retrieved from /home/airflow/.local/lib/python3.12/site-packages/airflow/example_dags/example_xcom.py
[2024-11-14T07:56:42.045+0000] {logging_mixin.py:190} INFO - [2024-11-14T07:56:42.044+0000] {dag.py:3239} INFO - Sync 1 DAGs
[2024-11-14T07:56:42.068+0000] {logging_mixin.py:190} INFO - [2024-11-14T07:56:42.068+0000] {dag.py:4180} INFO - Setting next_dagrun for example_xcom to 2021-01-01 00:00:00+00:00, run_after=2021-01-01 00:00:00+00:00
[2024-11-14T07:56:42.090+0000] {processor.py:208} INFO - Processing /home/airflow/.local/lib/python3.12/site-packages/airflow/example_dags/example_xcom.py took 0.089 seconds
[2024-11-14T07:57:12.415+0000] {processor.py:186} INFO - Started process (PID=1036) to work on /home/airflow/.local/lib/python3.12/site-packages/airflow/example_dags/example_xcom.py
[2024-11-14T07:57:12.416+0000] {processor.py:914} INFO - Processing file /home/airflow/.local/lib/python3.12/site-packages/airflow/example_dags/example_xcom.py for tasks to queue
[2024-11-14T07:57:12.420+0000] {logging_mixin.py:190} INFO - [2024-11-14T07:57:12.419+0000] {dagbag.py:588} INFO - Filling up the DagBag from /home/airflow/.local/lib/python3.12/site-packages/airflow/example_dags/example_xcom.py
[2024-11-14T07:57:12.430+0000] {processor.py:925} INFO - DAG(s) 'example_xcom' retrieved from /home/airflow/.local/lib/python3.12/site-packages/airflow/example_dags/example_xcom.py
[2024-11-14T07:57:12.453+0000] {logging_mixin.py:190} INFO - [2024-11-14T07:57:12.453+0000] {dag.py:3239} INFO - Sync 1 DAGs
[2024-11-14T07:57:12.483+0000] {logging_mixin.py:190} INFO - [2024-11-14T07:57:12.483+0000] {dag.py:4180} INFO - Setting next_dagrun for example_xcom to 2021-01-01 00:00:00+00:00, run_after=2021-01-01 00:00:00+00:00
[2024-11-14T07:57:12.506+0000] {processor.py:208} INFO - Processing /home/airflow/.local/lib/python3.12/site-packages/airflow/example_dags/example_xcom.py took 0.100 seconds
[2024-11-14T08:07:58.880+0000] {processor.py:186} INFO - Started process (PID=68) to work on /home/airflow/.local/lib/python3.12/site-packages/airflow/example_dags/example_xcom.py
[2024-11-14T08:07:58.882+0000] {processor.py:914} INFO - Processing file /home/airflow/.local/lib/python3.12/site-packages/airflow/example_dags/example_xcom.py for tasks to queue
[2024-11-14T08:07:58.886+0000] {logging_mixin.py:190} INFO - [2024-11-14T08:07:58.886+0000] {dagbag.py:588} INFO - Filling up the DagBag from /home/airflow/.local/lib/python3.12/site-packages/airflow/example_dags/example_xcom.py
[2024-11-14T08:07:58.907+0000] {processor.py:925} INFO - DAG(s) 'example_xcom' retrieved from /home/airflow/.local/lib/python3.12/site-packages/airflow/example_dags/example_xcom.py
[2024-11-14T08:07:58.996+0000] {logging_mixin.py:190} INFO - [2024-11-14T08:07:58.995+0000] {dag.py:3239} INFO - Sync 1 DAGs
[2024-11-14T08:07:59.044+0000] {logging_mixin.py:190} INFO - [2024-11-14T08:07:59.044+0000] {dag.py:4180} INFO - Setting next_dagrun for example_xcom to 2021-01-01 00:00:00+00:00, run_after=2021-01-01 00:00:00+00:00
[2024-11-14T08:07:59.083+0000] {processor.py:208} INFO - Processing /home/airflow/.local/lib/python3.12/site-packages/airflow/example_dags/example_xcom.py took 0.212 seconds
[2024-11-14T08:08:29.212+0000] {processor.py:186} INFO - Started process (PID=130) to work on /home/airflow/.local/lib/python3.12/site-packages/airflow/example_dags/example_xcom.py
[2024-11-14T08:08:29.213+0000] {processor.py:914} INFO - Processing file /home/airflow/.local/lib/python3.12/site-packages/airflow/example_dags/example_xcom.py for tasks to queue
[2024-11-14T08:08:29.216+0000] {logging_mixin.py:190} INFO - [2024-11-14T08:08:29.216+0000] {dagbag.py:588} INFO - Filling up the DagBag from /home/airflow/.local/lib/python3.12/site-packages/airflow/example_dags/example_xcom.py
[2024-11-14T08:08:29.227+0000] {processor.py:925} INFO - DAG(s) 'example_xcom' retrieved from /home/airflow/.local/lib/python3.12/site-packages/airflow/example_dags/example_xcom.py
[2024-11-14T08:08:29.254+0000] {logging_mixin.py:190} INFO - [2024-11-14T08:08:29.253+0000] {dag.py:3239} INFO - Sync 1 DAGs
[2024-11-14T08:08:29.283+0000] {logging_mixin.py:190} INFO - [2024-11-14T08:08:29.283+0000] {dag.py:4180} INFO - Setting next_dagrun for example_xcom to 2021-01-01 00:00:00+00:00, run_after=2021-01-01 00:00:00+00:00
[2024-11-14T08:08:29.307+0000] {processor.py:208} INFO - Processing /home/airflow/.local/lib/python3.12/site-packages/airflow/example_dags/example_xcom.py took 0.101 seconds
[2024-11-14T08:09:00.039+0000] {processor.py:186} INFO - Started process (PID=192) to work on /home/airflow/.local/lib/python3.12/site-packages/airflow/example_dags/example_xcom.py
[2024-11-14T08:09:00.040+0000] {processor.py:914} INFO - Processing file /home/airflow/.local/lib/python3.12/site-packages/airflow/example_dags/example_xcom.py for tasks to queue
[2024-11-14T08:09:00.043+0000] {logging_mixin.py:190} INFO - [2024-11-14T08:09:00.042+0000] {dagbag.py:588} INFO - Filling up the DagBag from /home/airflow/.local/lib/python3.12/site-packages/airflow/example_dags/example_xcom.py
[2024-11-14T08:09:00.052+0000] {processor.py:925} INFO - DAG(s) 'example_xcom' retrieved from /home/airflow/.local/lib/python3.12/site-packages/airflow/example_dags/example_xcom.py
[2024-11-14T08:09:00.075+0000] {logging_mixin.py:190} INFO - [2024-11-14T08:09:00.074+0000] {dag.py:3239} INFO - Sync 1 DAGs
[2024-11-14T08:09:00.099+0000] {logging_mixin.py:190} INFO - [2024-11-14T08:09:00.099+0000] {dag.py:4180} INFO - Setting next_dagrun for example_xcom to 2021-01-01 00:00:00+00:00, run_after=2021-01-01 00:00:00+00:00
[2024-11-14T08:09:00.119+0000] {processor.py:208} INFO - Processing /home/airflow/.local/lib/python3.12/site-packages/airflow/example_dags/example_xcom.py took 0.087 seconds
[2024-11-14T08:15:19.484+0000] {processor.py:186} INFO - Started process (PID=75) to work on /home/airflow/.local/lib/python3.12/site-packages/airflow/example_dags/example_xcom.py
[2024-11-14T08:15:19.486+0000] {processor.py:914} INFO - Processing file /home/airflow/.local/lib/python3.12/site-packages/airflow/example_dags/example_xcom.py for tasks to queue
[2024-11-14T08:15:19.491+0000] {logging_mixin.py:190} INFO - [2024-11-14T08:15:19.490+0000] {dagbag.py:588} INFO - Filling up the DagBag from /home/airflow/.local/lib/python3.12/site-packages/airflow/example_dags/example_xcom.py
[2024-11-14T08:15:19.512+0000] {processor.py:925} INFO - DAG(s) 'example_xcom' retrieved from /home/airflow/.local/lib/python3.12/site-packages/airflow/example_dags/example_xcom.py
[2024-11-14T08:15:19.673+0000] {logging_mixin.py:190} INFO - [2024-11-14T08:15:19.672+0000] {override.py:1900} INFO - Created Permission View: can edit on DAG:example_xcom
[2024-11-14T08:15:19.690+0000] {logging_mixin.py:190} INFO - [2024-11-14T08:15:19.689+0000] {override.py:1900} INFO - Created Permission View: can delete on DAG:example_xcom
[2024-11-14T08:15:19.699+0000] {logging_mixin.py:190} INFO - [2024-11-14T08:15:19.699+0000] {override.py:1900} INFO - Created Permission View: can read on DAG:example_xcom
[2024-11-14T08:15:19.712+0000] {logging_mixin.py:190} INFO - [2024-11-14T08:15:19.712+0000] {override.py:1900} INFO - Created Permission View: can delete on DAG Run:example_xcom
[2024-11-14T08:15:19.722+0000] {logging_mixin.py:190} INFO - [2024-11-14T08:15:19.721+0000] {override.py:1900} INFO - Created Permission View: can read on DAG Run:example_xcom
[2024-11-14T08:15:19.733+0000] {logging_mixin.py:190} INFO - [2024-11-14T08:15:19.732+0000] {override.py:1900} INFO - Created Permission View: can create on DAG Run:example_xcom
[2024-11-14T08:15:19.742+0000] {logging_mixin.py:190} INFO - [2024-11-14T08:15:19.742+0000] {override.py:1900} INFO - Created Permission View: menu access on DAG Run:example_xcom
[2024-11-14T08:15:19.744+0000] {logging_mixin.py:190} INFO - [2024-11-14T08:15:19.743+0000] {dag.py:3239} INFO - Sync 1 DAGs
[2024-11-14T08:15:19.760+0000] {logging_mixin.py:190} INFO - [2024-11-14T08:15:19.760+0000] {dag.py:3262} INFO - Creating ORM DAG for example_xcom
[2024-11-14T08:15:19.772+0000] {logging_mixin.py:190} INFO - [2024-11-14T08:15:19.771+0000] {dag.py:4180} INFO - Setting next_dagrun for example_xcom to 2021-01-01 00:00:00+00:00, run_after=2021-01-01 00:00:00+00:00
[2024-11-14T08:15:19.794+0000] {processor.py:208} INFO - Processing /home/airflow/.local/lib/python3.12/site-packages/airflow/example_dags/example_xcom.py took 0.320 seconds
[2024-11-14T08:16:11.993+0000] {processor.py:186} INFO - Started process (PID=59) to work on /home/airflow/.local/lib/python3.12/site-packages/airflow/example_dags/example_xcom.py
[2024-11-14T08:16:11.995+0000] {processor.py:914} INFO - Processing file /home/airflow/.local/lib/python3.12/site-packages/airflow/example_dags/example_xcom.py for tasks to queue
[2024-11-14T08:16:11.998+0000] {logging_mixin.py:190} INFO - [2024-11-14T08:16:11.997+0000] {dagbag.py:588} INFO - Filling up the DagBag from /home/airflow/.local/lib/python3.12/site-packages/airflow/example_dags/example_xcom.py
[2024-11-14T08:16:12.008+0000] {processor.py:925} INFO - DAG(s) 'example_xcom' retrieved from /home/airflow/.local/lib/python3.12/site-packages/airflow/example_dags/example_xcom.py
[2024-11-14T08:16:12.041+0000] {logging_mixin.py:190} INFO - [2024-11-14T08:16:12.041+0000] {dag.py:3239} INFO - Sync 1 DAGs
[2024-11-14T08:16:12.068+0000] {logging_mixin.py:190} INFO - [2024-11-14T08:16:12.067+0000] {dag.py:4180} INFO - Setting next_dagrun for example_xcom to 2021-01-01 00:00:00+00:00, run_after=2021-01-01 00:00:00+00:00
[2024-11-14T08:16:12.092+0000] {processor.py:208} INFO - Processing /home/airflow/.local/lib/python3.12/site-packages/airflow/example_dags/example_xcom.py took 0.105 seconds
[2024-11-14T08:16:43.172+0000] {processor.py:186} INFO - Started process (PID=128) to work on /home/airflow/.local/lib/python3.12/site-packages/airflow/example_dags/example_xcom.py
[2024-11-14T08:16:43.173+0000] {processor.py:914} INFO - Processing file /home/airflow/.local/lib/python3.12/site-packages/airflow/example_dags/example_xcom.py for tasks to queue
[2024-11-14T08:16:43.177+0000] {logging_mixin.py:190} INFO - [2024-11-14T08:16:43.176+0000] {dagbag.py:588} INFO - Filling up the DagBag from /home/airflow/.local/lib/python3.12/site-packages/airflow/example_dags/example_xcom.py
[2024-11-14T08:16:43.189+0000] {processor.py:925} INFO - DAG(s) 'example_xcom' retrieved from /home/airflow/.local/lib/python3.12/site-packages/airflow/example_dags/example_xcom.py
[2024-11-14T08:16:48.030+0000] {logging_mixin.py:190} INFO - [2024-11-14T08:16:48.029+0000] {dag.py:3239} INFO - Sync 1 DAGs
[2024-11-14T08:16:48.060+0000] {logging_mixin.py:190} INFO - [2024-11-14T08:16:48.059+0000] {dag.py:4180} INFO - Setting next_dagrun for example_xcom to 2021-01-01 00:00:00+00:00, run_after=2021-01-01 00:00:00+00:00
[2024-11-14T08:16:48.085+0000] {processor.py:208} INFO - Processing /home/airflow/.local/lib/python3.12/site-packages/airflow/example_dags/example_xcom.py took 4.923 seconds
[2024-11-14T08:17:18.399+0000] {processor.py:186} INFO - Started process (PID=190) to work on /home/airflow/.local/lib/python3.12/site-packages/airflow/example_dags/example_xcom.py
[2024-11-14T08:17:18.400+0000] {processor.py:914} INFO - Processing file /home/airflow/.local/lib/python3.12/site-packages/airflow/example_dags/example_xcom.py for tasks to queue
[2024-11-14T08:17:18.402+0000] {logging_mixin.py:190} INFO - [2024-11-14T08:17:18.402+0000] {dagbag.py:588} INFO - Filling up the DagBag from /home/airflow/.local/lib/python3.12/site-packages/airflow/example_dags/example_xcom.py
[2024-11-14T08:17:18.411+0000] {processor.py:925} INFO - DAG(s) 'example_xcom' retrieved from /home/airflow/.local/lib/python3.12/site-packages/airflow/example_dags/example_xcom.py
[2024-11-14T08:17:18.436+0000] {logging_mixin.py:190} INFO - [2024-11-14T08:17:18.436+0000] {dag.py:3239} INFO - Sync 1 DAGs
[2024-11-14T08:17:18.460+0000] {logging_mixin.py:190} INFO - [2024-11-14T08:17:18.459+0000] {dag.py:4180} INFO - Setting next_dagrun for example_xcom to 2021-01-01 00:00:00+00:00, run_after=2021-01-01 00:00:00+00:00
[2024-11-14T08:17:18.482+0000] {processor.py:208} INFO - Processing /home/airflow/.local/lib/python3.12/site-packages/airflow/example_dags/example_xcom.py took 0.088 seconds
[2024-11-14T08:17:49.520+0000] {processor.py:186} INFO - Started process (PID=252) to work on /home/airflow/.local/lib/python3.12/site-packages/airflow/example_dags/example_xcom.py
[2024-11-14T08:17:49.521+0000] {processor.py:914} INFO - Processing file /home/airflow/.local/lib/python3.12/site-packages/airflow/example_dags/example_xcom.py for tasks to queue
[2024-11-14T08:17:49.523+0000] {logging_mixin.py:190} INFO - [2024-11-14T08:17:49.523+0000] {dagbag.py:588} INFO - Filling up the DagBag from /home/airflow/.local/lib/python3.12/site-packages/airflow/example_dags/example_xcom.py
[2024-11-14T08:17:49.533+0000] {processor.py:925} INFO - DAG(s) 'example_xcom' retrieved from /home/airflow/.local/lib/python3.12/site-packages/airflow/example_dags/example_xcom.py
[2024-11-14T08:17:49.557+0000] {logging_mixin.py:190} INFO - [2024-11-14T08:17:49.556+0000] {dag.py:3239} INFO - Sync 1 DAGs
[2024-11-14T08:17:49.595+0000] {logging_mixin.py:190} INFO - [2024-11-14T08:17:49.595+0000] {dag.py:4180} INFO - Setting next_dagrun for example_xcom to 2021-01-01 00:00:00+00:00, run_after=2021-01-01 00:00:00+00:00
[2024-11-14T08:17:49.619+0000] {processor.py:208} INFO - Processing /home/airflow/.local/lib/python3.12/site-packages/airflow/example_dags/example_xcom.py took 0.106 seconds
[2024-11-14T08:18:20.363+0000] {processor.py:186} INFO - Started process (PID=314) to work on /home/airflow/.local/lib/python3.12/site-packages/airflow/example_dags/example_xcom.py
[2024-11-14T08:18:20.364+0000] {processor.py:914} INFO - Processing file /home/airflow/.local/lib/python3.12/site-packages/airflow/example_dags/example_xcom.py for tasks to queue
[2024-11-14T08:18:20.367+0000] {logging_mixin.py:190} INFO - [2024-11-14T08:18:20.366+0000] {dagbag.py:588} INFO - Filling up the DagBag from /home/airflow/.local/lib/python3.12/site-packages/airflow/example_dags/example_xcom.py
[2024-11-14T08:18:20.375+0000] {processor.py:925} INFO - DAG(s) 'example_xcom' retrieved from /home/airflow/.local/lib/python3.12/site-packages/airflow/example_dags/example_xcom.py
[2024-11-14T08:18:20.400+0000] {logging_mixin.py:190} INFO - [2024-11-14T08:18:20.399+0000] {dag.py:3239} INFO - Sync 1 DAGs
[2024-11-14T08:18:20.422+0000] {logging_mixin.py:190} INFO - [2024-11-14T08:18:20.422+0000] {dag.py:4180} INFO - Setting next_dagrun for example_xcom to 2021-01-01 00:00:00+00:00, run_after=2021-01-01 00:00:00+00:00
[2024-11-14T08:18:20.446+0000] {processor.py:208} INFO - Processing /home/airflow/.local/lib/python3.12/site-packages/airflow/example_dags/example_xcom.py took 0.088 seconds
