[2024-11-14T07:29:52.962+0000] {processor.py:186} INFO - Started process (PID=964) to work on /home/airflow/.local/lib/python3.12/site-packages/airflow/example_dags/example_python_operator.py
[2024-11-14T07:29:52.964+0000] {processor.py:914} INFO - Processing file /home/airflow/.local/lib/python3.12/site-packages/airflow/example_dags/example_python_operator.py for tasks to queue
[2024-11-14T07:29:52.967+0000] {logging_mixin.py:190} INFO - [2024-11-14T07:29:52.966+0000] {dagbag.py:588} INFO - Filling up the DagBag from /home/airflow/.local/lib/python3.12/site-packages/airflow/example_dags/example_python_operator.py
[2024-11-14T07:29:52.979+0000] {processor.py:925} INFO - DAG(s) 'example_python_operator' retrieved from /home/airflow/.local/lib/python3.12/site-packages/airflow/example_dags/example_python_operator.py
[2024-11-14T07:29:53.003+0000] {logging_mixin.py:190} INFO - [2024-11-14T07:29:53.003+0000] {dag.py:3239} INFO - Sync 1 DAGs
[2024-11-14T07:29:53.018+0000] {logging_mixin.py:190} INFO - [2024-11-14T07:29:53.017+0000] {dag.py:4180} INFO - Setting next_dagrun for example_python_operator to None, run_after=None
[2024-11-14T07:29:53.040+0000] {processor.py:208} INFO - Processing /home/airflow/.local/lib/python3.12/site-packages/airflow/example_dags/example_python_operator.py took 0.084 seconds
[2024-11-14T07:30:24.507+0000] {processor.py:186} INFO - Started process (PID=1027) to work on /home/airflow/.local/lib/python3.12/site-packages/airflow/example_dags/example_python_operator.py
[2024-11-14T07:30:24.509+0000] {processor.py:914} INFO - Processing file /home/airflow/.local/lib/python3.12/site-packages/airflow/example_dags/example_python_operator.py for tasks to queue
[2024-11-14T07:30:24.514+0000] {logging_mixin.py:190} INFO - [2024-11-14T07:30:24.513+0000] {dagbag.py:588} INFO - Filling up the DagBag from /home/airflow/.local/lib/python3.12/site-packages/airflow/example_dags/example_python_operator.py
[2024-11-14T07:30:24.541+0000] {processor.py:925} INFO - DAG(s) 'example_python_operator' retrieved from /home/airflow/.local/lib/python3.12/site-packages/airflow/example_dags/example_python_operator.py
[2024-11-14T07:30:24.592+0000] {logging_mixin.py:190} INFO - [2024-11-14T07:30:24.592+0000] {dag.py:3239} INFO - Sync 1 DAGs
[2024-11-14T07:30:24.623+0000] {logging_mixin.py:190} INFO - [2024-11-14T07:30:24.623+0000] {dag.py:4180} INFO - Setting next_dagrun for example_python_operator to None, run_after=None
[2024-11-14T07:30:24.662+0000] {processor.py:208} INFO - Processing /home/airflow/.local/lib/python3.12/site-packages/airflow/example_dags/example_python_operator.py took 0.166 seconds
[2024-11-14T07:30:54.821+0000] {processor.py:186} INFO - Started process (PID=1089) to work on /home/airflow/.local/lib/python3.12/site-packages/airflow/example_dags/example_python_operator.py
[2024-11-14T07:30:54.822+0000] {processor.py:914} INFO - Processing file /home/airflow/.local/lib/python3.12/site-packages/airflow/example_dags/example_python_operator.py for tasks to queue
[2024-11-14T07:30:54.827+0000] {logging_mixin.py:190} INFO - [2024-11-14T07:30:54.826+0000] {dagbag.py:588} INFO - Filling up the DagBag from /home/airflow/.local/lib/python3.12/site-packages/airflow/example_dags/example_python_operator.py
[2024-11-14T07:30:54.842+0000] {processor.py:925} INFO - DAG(s) 'example_python_operator' retrieved from /home/airflow/.local/lib/python3.12/site-packages/airflow/example_dags/example_python_operator.py
[2024-11-14T07:30:54.874+0000] {logging_mixin.py:190} INFO - [2024-11-14T07:30:54.874+0000] {dag.py:3239} INFO - Sync 1 DAGs
[2024-11-14T07:30:54.894+0000] {logging_mixin.py:190} INFO - [2024-11-14T07:30:54.894+0000] {dag.py:4180} INFO - Setting next_dagrun for example_python_operator to None, run_after=None
[2024-11-14T07:30:54.921+0000] {processor.py:208} INFO - Processing /home/airflow/.local/lib/python3.12/site-packages/airflow/example_dags/example_python_operator.py took 0.109 seconds
[2024-11-14T07:42:05.573+0000] {processor.py:186} INFO - Started process (PID=104) to work on /home/airflow/.local/lib/python3.12/site-packages/airflow/example_dags/example_python_operator.py
[2024-11-14T07:42:05.574+0000] {processor.py:914} INFO - Processing file /home/airflow/.local/lib/python3.12/site-packages/airflow/example_dags/example_python_operator.py for tasks to queue
[2024-11-14T07:42:05.577+0000] {logging_mixin.py:190} INFO - [2024-11-14T07:42:05.577+0000] {dagbag.py:588} INFO - Filling up the DagBag from /home/airflow/.local/lib/python3.12/site-packages/airflow/example_dags/example_python_operator.py
[2024-11-14T07:42:05.589+0000] {processor.py:925} INFO - DAG(s) 'example_python_operator' retrieved from /home/airflow/.local/lib/python3.12/site-packages/airflow/example_dags/example_python_operator.py
[2024-11-14T07:42:05.697+0000] {logging_mixin.py:190} INFO - [2024-11-14T07:42:05.696+0000] {dag.py:3239} INFO - Sync 1 DAGs
[2024-11-14T07:42:05.710+0000] {logging_mixin.py:190} INFO - [2024-11-14T07:42:05.710+0000] {dag.py:4180} INFO - Setting next_dagrun for example_python_operator to None, run_after=None
[2024-11-14T07:42:05.735+0000] {processor.py:208} INFO - Processing /home/airflow/.local/lib/python3.12/site-packages/airflow/example_dags/example_python_operator.py took 0.168 seconds
[2024-11-14T07:42:36.609+0000] {processor.py:186} INFO - Started process (PID=166) to work on /home/airflow/.local/lib/python3.12/site-packages/airflow/example_dags/example_python_operator.py
[2024-11-14T07:42:36.611+0000] {processor.py:914} INFO - Processing file /home/airflow/.local/lib/python3.12/site-packages/airflow/example_dags/example_python_operator.py for tasks to queue
[2024-11-14T07:42:36.614+0000] {logging_mixin.py:190} INFO - [2024-11-14T07:42:36.614+0000] {dagbag.py:588} INFO - Filling up the DagBag from /home/airflow/.local/lib/python3.12/site-packages/airflow/example_dags/example_python_operator.py
[2024-11-14T07:42:36.631+0000] {processor.py:925} INFO - DAG(s) 'example_python_operator' retrieved from /home/airflow/.local/lib/python3.12/site-packages/airflow/example_dags/example_python_operator.py
[2024-11-14T07:42:36.684+0000] {logging_mixin.py:190} INFO - [2024-11-14T07:42:36.683+0000] {dag.py:3239} INFO - Sync 1 DAGs
[2024-11-14T07:42:36.708+0000] {logging_mixin.py:190} INFO - [2024-11-14T07:42:36.708+0000] {dag.py:4180} INFO - Setting next_dagrun for example_python_operator to None, run_after=None
[2024-11-14T07:42:36.733+0000] {processor.py:208} INFO - Processing /home/airflow/.local/lib/python3.12/site-packages/airflow/example_dags/example_python_operator.py took 0.132 seconds
[2024-11-14T07:49:36.164+0000] {processor.py:186} INFO - Started process (PID=137) to work on /home/airflow/.local/lib/python3.12/site-packages/airflow/example_dags/example_python_operator.py
[2024-11-14T07:49:36.165+0000] {processor.py:914} INFO - Processing file /home/airflow/.local/lib/python3.12/site-packages/airflow/example_dags/example_python_operator.py for tasks to queue
[2024-11-14T07:49:36.168+0000] {logging_mixin.py:190} INFO - [2024-11-14T07:49:36.168+0000] {dagbag.py:588} INFO - Filling up the DagBag from /home/airflow/.local/lib/python3.12/site-packages/airflow/example_dags/example_python_operator.py
[2024-11-14T07:49:36.182+0000] {processor.py:925} INFO - DAG(s) 'example_python_operator' retrieved from /home/airflow/.local/lib/python3.12/site-packages/airflow/example_dags/example_python_operator.py
[2024-11-14T07:49:36.318+0000] {logging_mixin.py:190} INFO - [2024-11-14T07:49:36.317+0000] {dag.py:3239} INFO - Sync 1 DAGs
[2024-11-14T07:49:36.331+0000] {logging_mixin.py:190} INFO - [2024-11-14T07:49:36.331+0000] {dag.py:4180} INFO - Setting next_dagrun for example_python_operator to None, run_after=None
[2024-11-14T07:49:36.357+0000] {processor.py:208} INFO - Processing /home/airflow/.local/lib/python3.12/site-packages/airflow/example_dags/example_python_operator.py took 0.199 seconds
[2024-11-14T07:50:07.140+0000] {processor.py:186} INFO - Started process (PID=199) to work on /home/airflow/.local/lib/python3.12/site-packages/airflow/example_dags/example_python_operator.py
[2024-11-14T07:50:07.142+0000] {processor.py:914} INFO - Processing file /home/airflow/.local/lib/python3.12/site-packages/airflow/example_dags/example_python_operator.py for tasks to queue
[2024-11-14T07:50:07.145+0000] {logging_mixin.py:190} INFO - [2024-11-14T07:50:07.144+0000] {dagbag.py:588} INFO - Filling up the DagBag from /home/airflow/.local/lib/python3.12/site-packages/airflow/example_dags/example_python_operator.py
[2024-11-14T07:50:07.158+0000] {processor.py:925} INFO - DAG(s) 'example_python_operator' retrieved from /home/airflow/.local/lib/python3.12/site-packages/airflow/example_dags/example_python_operator.py
[2024-11-14T07:50:07.183+0000] {logging_mixin.py:190} INFO - [2024-11-14T07:50:07.183+0000] {dag.py:3239} INFO - Sync 1 DAGs
[2024-11-14T07:50:07.198+0000] {logging_mixin.py:190} INFO - [2024-11-14T07:50:07.197+0000] {dag.py:4180} INFO - Setting next_dagrun for example_python_operator to None, run_after=None
[2024-11-14T07:50:07.220+0000] {processor.py:208} INFO - Processing /home/airflow/.local/lib/python3.12/site-packages/airflow/example_dags/example_python_operator.py took 0.085 seconds
[2024-11-14T07:50:37.681+0000] {processor.py:186} INFO - Started process (PID=261) to work on /home/airflow/.local/lib/python3.12/site-packages/airflow/example_dags/example_python_operator.py
[2024-11-14T07:50:37.682+0000] {processor.py:914} INFO - Processing file /home/airflow/.local/lib/python3.12/site-packages/airflow/example_dags/example_python_operator.py for tasks to queue
[2024-11-14T07:50:37.686+0000] {logging_mixin.py:190} INFO - [2024-11-14T07:50:37.684+0000] {dagbag.py:588} INFO - Filling up the DagBag from /home/airflow/.local/lib/python3.12/site-packages/airflow/example_dags/example_python_operator.py
[2024-11-14T07:50:37.703+0000] {processor.py:925} INFO - DAG(s) 'example_python_operator' retrieved from /home/airflow/.local/lib/python3.12/site-packages/airflow/example_dags/example_python_operator.py
[2024-11-14T07:50:37.733+0000] {logging_mixin.py:190} INFO - [2024-11-14T07:50:37.733+0000] {dag.py:3239} INFO - Sync 1 DAGs
[2024-11-14T07:50:37.752+0000] {logging_mixin.py:190} INFO - [2024-11-14T07:50:37.751+0000] {dag.py:4180} INFO - Setting next_dagrun for example_python_operator to None, run_after=None
[2024-11-14T07:50:37.777+0000] {processor.py:208} INFO - Processing /home/airflow/.local/lib/python3.12/site-packages/airflow/example_dags/example_python_operator.py took 0.103 seconds
[2024-11-14T07:51:08.695+0000] {processor.py:186} INFO - Started process (PID=323) to work on /home/airflow/.local/lib/python3.12/site-packages/airflow/example_dags/example_python_operator.py
[2024-11-14T07:51:08.697+0000] {processor.py:914} INFO - Processing file /home/airflow/.local/lib/python3.12/site-packages/airflow/example_dags/example_python_operator.py for tasks to queue
[2024-11-14T07:51:08.700+0000] {logging_mixin.py:190} INFO - [2024-11-14T07:51:08.699+0000] {dagbag.py:588} INFO - Filling up the DagBag from /home/airflow/.local/lib/python3.12/site-packages/airflow/example_dags/example_python_operator.py
[2024-11-14T07:51:08.726+0000] {processor.py:925} INFO - DAG(s) 'example_python_operator' retrieved from /home/airflow/.local/lib/python3.12/site-packages/airflow/example_dags/example_python_operator.py
[2024-11-14T07:51:08.760+0000] {logging_mixin.py:190} INFO - [2024-11-14T07:51:08.760+0000] {dag.py:3239} INFO - Sync 1 DAGs
[2024-11-14T07:51:08.775+0000] {logging_mixin.py:190} INFO - [2024-11-14T07:51:08.775+0000] {dag.py:4180} INFO - Setting next_dagrun for example_python_operator to None, run_after=None
[2024-11-14T07:51:08.795+0000] {processor.py:208} INFO - Processing /home/airflow/.local/lib/python3.12/site-packages/airflow/example_dags/example_python_operator.py took 0.105 seconds
[2024-11-14T07:51:39.655+0000] {processor.py:186} INFO - Started process (PID=385) to work on /home/airflow/.local/lib/python3.12/site-packages/airflow/example_dags/example_python_operator.py
[2024-11-14T07:51:39.656+0000] {processor.py:914} INFO - Processing file /home/airflow/.local/lib/python3.12/site-packages/airflow/example_dags/example_python_operator.py for tasks to queue
[2024-11-14T07:51:39.659+0000] {logging_mixin.py:190} INFO - [2024-11-14T07:51:39.658+0000] {dagbag.py:588} INFO - Filling up the DagBag from /home/airflow/.local/lib/python3.12/site-packages/airflow/example_dags/example_python_operator.py
[2024-11-14T07:51:39.671+0000] {processor.py:925} INFO - DAG(s) 'example_python_operator' retrieved from /home/airflow/.local/lib/python3.12/site-packages/airflow/example_dags/example_python_operator.py
[2024-11-14T07:51:39.708+0000] {logging_mixin.py:190} INFO - [2024-11-14T07:51:39.708+0000] {dag.py:3239} INFO - Sync 1 DAGs
[2024-11-14T07:51:39.724+0000] {logging_mixin.py:190} INFO - [2024-11-14T07:51:39.724+0000] {dag.py:4180} INFO - Setting next_dagrun for example_python_operator to None, run_after=None
[2024-11-14T07:51:39.755+0000] {processor.py:208} INFO - Processing /home/airflow/.local/lib/python3.12/site-packages/airflow/example_dags/example_python_operator.py took 0.106 seconds
[2024-11-14T07:52:10.108+0000] {processor.py:186} INFO - Started process (PID=447) to work on /home/airflow/.local/lib/python3.12/site-packages/airflow/example_dags/example_python_operator.py
[2024-11-14T07:52:10.109+0000] {processor.py:914} INFO - Processing file /home/airflow/.local/lib/python3.12/site-packages/airflow/example_dags/example_python_operator.py for tasks to queue
[2024-11-14T07:52:10.113+0000] {logging_mixin.py:190} INFO - [2024-11-14T07:52:10.112+0000] {dagbag.py:588} INFO - Filling up the DagBag from /home/airflow/.local/lib/python3.12/site-packages/airflow/example_dags/example_python_operator.py
[2024-11-14T07:52:10.128+0000] {processor.py:925} INFO - DAG(s) 'example_python_operator' retrieved from /home/airflow/.local/lib/python3.12/site-packages/airflow/example_dags/example_python_operator.py
[2024-11-14T07:52:10.154+0000] {logging_mixin.py:190} INFO - [2024-11-14T07:52:10.154+0000] {dag.py:3239} INFO - Sync 1 DAGs
[2024-11-14T07:52:10.168+0000] {logging_mixin.py:190} INFO - [2024-11-14T07:52:10.167+0000] {dag.py:4180} INFO - Setting next_dagrun for example_python_operator to None, run_after=None
[2024-11-14T07:52:10.188+0000] {processor.py:208} INFO - Processing /home/airflow/.local/lib/python3.12/site-packages/airflow/example_dags/example_python_operator.py took 0.088 seconds
[2024-11-14T07:52:41.284+0000] {processor.py:186} INFO - Started process (PID=509) to work on /home/airflow/.local/lib/python3.12/site-packages/airflow/example_dags/example_python_operator.py
[2024-11-14T07:52:41.286+0000] {processor.py:914} INFO - Processing file /home/airflow/.local/lib/python3.12/site-packages/airflow/example_dags/example_python_operator.py for tasks to queue
[2024-11-14T07:52:41.288+0000] {logging_mixin.py:190} INFO - [2024-11-14T07:52:41.288+0000] {dagbag.py:588} INFO - Filling up the DagBag from /home/airflow/.local/lib/python3.12/site-packages/airflow/example_dags/example_python_operator.py
[2024-11-14T07:52:41.301+0000] {processor.py:925} INFO - DAG(s) 'example_python_operator' retrieved from /home/airflow/.local/lib/python3.12/site-packages/airflow/example_dags/example_python_operator.py
[2024-11-14T07:52:41.326+0000] {logging_mixin.py:190} INFO - [2024-11-14T07:52:41.326+0000] {dag.py:3239} INFO - Sync 1 DAGs
[2024-11-14T07:52:41.341+0000] {logging_mixin.py:190} INFO - [2024-11-14T07:52:41.341+0000] {dag.py:4180} INFO - Setting next_dagrun for example_python_operator to None, run_after=None
[2024-11-14T07:52:41.364+0000] {processor.py:208} INFO - Processing /home/airflow/.local/lib/python3.12/site-packages/airflow/example_dags/example_python_operator.py took 0.087 seconds
[2024-11-14T07:53:11.729+0000] {processor.py:186} INFO - Started process (PID=571) to work on /home/airflow/.local/lib/python3.12/site-packages/airflow/example_dags/example_python_operator.py
[2024-11-14T07:53:11.730+0000] {processor.py:914} INFO - Processing file /home/airflow/.local/lib/python3.12/site-packages/airflow/example_dags/example_python_operator.py for tasks to queue
[2024-11-14T07:53:11.732+0000] {logging_mixin.py:190} INFO - [2024-11-14T07:53:11.732+0000] {dagbag.py:588} INFO - Filling up the DagBag from /home/airflow/.local/lib/python3.12/site-packages/airflow/example_dags/example_python_operator.py
[2024-11-14T07:53:11.745+0000] {processor.py:925} INFO - DAG(s) 'example_python_operator' retrieved from /home/airflow/.local/lib/python3.12/site-packages/airflow/example_dags/example_python_operator.py
[2024-11-14T07:53:11.766+0000] {logging_mixin.py:190} INFO - [2024-11-14T07:53:11.766+0000] {dag.py:3239} INFO - Sync 1 DAGs
[2024-11-14T07:53:11.780+0000] {logging_mixin.py:190} INFO - [2024-11-14T07:53:11.780+0000] {dag.py:4180} INFO - Setting next_dagrun for example_python_operator to None, run_after=None
[2024-11-14T07:53:11.804+0000] {processor.py:208} INFO - Processing /home/airflow/.local/lib/python3.12/site-packages/airflow/example_dags/example_python_operator.py took 0.080 seconds
[2024-11-14T07:53:42.549+0000] {processor.py:186} INFO - Started process (PID=633) to work on /home/airflow/.local/lib/python3.12/site-packages/airflow/example_dags/example_python_operator.py
[2024-11-14T07:53:42.551+0000] {processor.py:914} INFO - Processing file /home/airflow/.local/lib/python3.12/site-packages/airflow/example_dags/example_python_operator.py for tasks to queue
[2024-11-14T07:53:42.554+0000] {logging_mixin.py:190} INFO - [2024-11-14T07:53:42.553+0000] {dagbag.py:588} INFO - Filling up the DagBag from /home/airflow/.local/lib/python3.12/site-packages/airflow/example_dags/example_python_operator.py
[2024-11-14T07:53:42.568+0000] {processor.py:925} INFO - DAG(s) 'example_python_operator' retrieved from /home/airflow/.local/lib/python3.12/site-packages/airflow/example_dags/example_python_operator.py
[2024-11-14T07:53:42.594+0000] {logging_mixin.py:190} INFO - [2024-11-14T07:53:42.593+0000] {dag.py:3239} INFO - Sync 1 DAGs
[2024-11-14T07:53:42.611+0000] {logging_mixin.py:190} INFO - [2024-11-14T07:53:42.610+0000] {dag.py:4180} INFO - Setting next_dagrun for example_python_operator to None, run_after=None
[2024-11-14T07:53:42.636+0000] {processor.py:208} INFO - Processing /home/airflow/.local/lib/python3.12/site-packages/airflow/example_dags/example_python_operator.py took 0.092 seconds
[2024-11-14T07:54:13.236+0000] {processor.py:186} INFO - Started process (PID=701) to work on /home/airflow/.local/lib/python3.12/site-packages/airflow/example_dags/example_python_operator.py
[2024-11-14T07:54:13.237+0000] {processor.py:914} INFO - Processing file /home/airflow/.local/lib/python3.12/site-packages/airflow/example_dags/example_python_operator.py for tasks to queue
[2024-11-14T07:54:13.240+0000] {logging_mixin.py:190} INFO - [2024-11-14T07:54:13.239+0000] {dagbag.py:588} INFO - Filling up the DagBag from /home/airflow/.local/lib/python3.12/site-packages/airflow/example_dags/example_python_operator.py
[2024-11-14T07:54:13.251+0000] {processor.py:925} INFO - DAG(s) 'example_python_operator' retrieved from /home/airflow/.local/lib/python3.12/site-packages/airflow/example_dags/example_python_operator.py
[2024-11-14T07:54:13.275+0000] {logging_mixin.py:190} INFO - [2024-11-14T07:54:13.275+0000] {dag.py:3239} INFO - Sync 1 DAGs
[2024-11-14T07:54:13.288+0000] {logging_mixin.py:190} INFO - [2024-11-14T07:54:13.288+0000] {dag.py:4180} INFO - Setting next_dagrun for example_python_operator to None, run_after=None
[2024-11-14T07:54:13.313+0000] {processor.py:208} INFO - Processing /home/airflow/.local/lib/python3.12/site-packages/airflow/example_dags/example_python_operator.py took 0.083 seconds
[2024-11-14T07:54:43.947+0000] {processor.py:186} INFO - Started process (PID=763) to work on /home/airflow/.local/lib/python3.12/site-packages/airflow/example_dags/example_python_operator.py
[2024-11-14T07:54:43.948+0000] {processor.py:914} INFO - Processing file /home/airflow/.local/lib/python3.12/site-packages/airflow/example_dags/example_python_operator.py for tasks to queue
[2024-11-14T07:54:43.951+0000] {logging_mixin.py:190} INFO - [2024-11-14T07:54:43.951+0000] {dagbag.py:588} INFO - Filling up the DagBag from /home/airflow/.local/lib/python3.12/site-packages/airflow/example_dags/example_python_operator.py
[2024-11-14T07:54:43.966+0000] {processor.py:925} INFO - DAG(s) 'example_python_operator' retrieved from /home/airflow/.local/lib/python3.12/site-packages/airflow/example_dags/example_python_operator.py
[2024-11-14T07:54:43.993+0000] {logging_mixin.py:190} INFO - [2024-11-14T07:54:43.993+0000] {dag.py:3239} INFO - Sync 1 DAGs
[2024-11-14T07:54:44.010+0000] {logging_mixin.py:190} INFO - [2024-11-14T07:54:44.009+0000] {dag.py:4180} INFO - Setting next_dagrun for example_python_operator to None, run_after=None
[2024-11-14T07:54:44.032+0000] {processor.py:208} INFO - Processing /home/airflow/.local/lib/python3.12/site-packages/airflow/example_dags/example_python_operator.py took 0.092 seconds
[2024-11-14T07:55:14.598+0000] {processor.py:186} INFO - Started process (PID=825) to work on /home/airflow/.local/lib/python3.12/site-packages/airflow/example_dags/example_python_operator.py
[2024-11-14T07:55:14.600+0000] {processor.py:914} INFO - Processing file /home/airflow/.local/lib/python3.12/site-packages/airflow/example_dags/example_python_operator.py for tasks to queue
[2024-11-14T07:55:14.603+0000] {logging_mixin.py:190} INFO - [2024-11-14T07:55:14.602+0000] {dagbag.py:588} INFO - Filling up the DagBag from /home/airflow/.local/lib/python3.12/site-packages/airflow/example_dags/example_python_operator.py
[2024-11-14T07:55:14.614+0000] {processor.py:925} INFO - DAG(s) 'example_python_operator' retrieved from /home/airflow/.local/lib/python3.12/site-packages/airflow/example_dags/example_python_operator.py
[2024-11-14T07:55:14.638+0000] {logging_mixin.py:190} INFO - [2024-11-14T07:55:14.637+0000] {dag.py:3239} INFO - Sync 1 DAGs
[2024-11-14T07:55:14.652+0000] {logging_mixin.py:190} INFO - [2024-11-14T07:55:14.651+0000] {dag.py:4180} INFO - Setting next_dagrun for example_python_operator to None, run_after=None
[2024-11-14T07:55:14.672+0000] {processor.py:208} INFO - Processing /home/airflow/.local/lib/python3.12/site-packages/airflow/example_dags/example_python_operator.py took 0.079 seconds
[2024-11-14T07:55:45.160+0000] {processor.py:186} INFO - Started process (PID=886) to work on /home/airflow/.local/lib/python3.12/site-packages/airflow/example_dags/example_python_operator.py
[2024-11-14T07:55:45.162+0000] {processor.py:914} INFO - Processing file /home/airflow/.local/lib/python3.12/site-packages/airflow/example_dags/example_python_operator.py for tasks to queue
[2024-11-14T07:55:45.165+0000] {logging_mixin.py:190} INFO - [2024-11-14T07:55:45.164+0000] {dagbag.py:588} INFO - Filling up the DagBag from /home/airflow/.local/lib/python3.12/site-packages/airflow/example_dags/example_python_operator.py
[2024-11-14T07:55:45.175+0000] {processor.py:925} INFO - DAG(s) 'example_python_operator' retrieved from /home/airflow/.local/lib/python3.12/site-packages/airflow/example_dags/example_python_operator.py
[2024-11-14T07:55:45.198+0000] {logging_mixin.py:190} INFO - [2024-11-14T07:55:45.198+0000] {dag.py:3239} INFO - Sync 1 DAGs
[2024-11-14T07:55:45.211+0000] {logging_mixin.py:190} INFO - [2024-11-14T07:55:45.211+0000] {dag.py:4180} INFO - Setting next_dagrun for example_python_operator to None, run_after=None
[2024-11-14T07:55:45.234+0000] {processor.py:208} INFO - Processing /home/airflow/.local/lib/python3.12/site-packages/airflow/example_dags/example_python_operator.py took 0.079 seconds
[2024-11-14T07:56:15.746+0000] {processor.py:186} INFO - Started process (PID=947) to work on /home/airflow/.local/lib/python3.12/site-packages/airflow/example_dags/example_python_operator.py
[2024-11-14T07:56:15.748+0000] {processor.py:914} INFO - Processing file /home/airflow/.local/lib/python3.12/site-packages/airflow/example_dags/example_python_operator.py for tasks to queue
[2024-11-14T07:56:15.752+0000] {logging_mixin.py:190} INFO - [2024-11-14T07:56:15.751+0000] {dagbag.py:588} INFO - Filling up the DagBag from /home/airflow/.local/lib/python3.12/site-packages/airflow/example_dags/example_python_operator.py
[2024-11-14T07:56:15.769+0000] {processor.py:925} INFO - DAG(s) 'example_python_operator' retrieved from /home/airflow/.local/lib/python3.12/site-packages/airflow/example_dags/example_python_operator.py
[2024-11-14T07:56:15.800+0000] {logging_mixin.py:190} INFO - [2024-11-14T07:56:15.800+0000] {dag.py:3239} INFO - Sync 1 DAGs
[2024-11-14T07:56:15.818+0000] {logging_mixin.py:190} INFO - [2024-11-14T07:56:15.817+0000] {dag.py:4180} INFO - Setting next_dagrun for example_python_operator to None, run_after=None
[2024-11-14T07:56:15.843+0000] {processor.py:208} INFO - Processing /home/airflow/.local/lib/python3.12/site-packages/airflow/example_dags/example_python_operator.py took 0.106 seconds
[2024-11-14T07:56:46.326+0000] {processor.py:186} INFO - Started process (PID=1010) to work on /home/airflow/.local/lib/python3.12/site-packages/airflow/example_dags/example_python_operator.py
[2024-11-14T07:56:46.328+0000] {processor.py:914} INFO - Processing file /home/airflow/.local/lib/python3.12/site-packages/airflow/example_dags/example_python_operator.py for tasks to queue
[2024-11-14T07:56:46.330+0000] {logging_mixin.py:190} INFO - [2024-11-14T07:56:46.330+0000] {dagbag.py:588} INFO - Filling up the DagBag from /home/airflow/.local/lib/python3.12/site-packages/airflow/example_dags/example_python_operator.py
[2024-11-14T07:56:46.342+0000] {processor.py:925} INFO - DAG(s) 'example_python_operator' retrieved from /home/airflow/.local/lib/python3.12/site-packages/airflow/example_dags/example_python_operator.py
[2024-11-14T07:56:46.364+0000] {logging_mixin.py:190} INFO - [2024-11-14T07:56:46.364+0000] {dag.py:3239} INFO - Sync 1 DAGs
[2024-11-14T07:56:46.382+0000] {logging_mixin.py:190} INFO - [2024-11-14T07:56:46.382+0000] {dag.py:4180} INFO - Setting next_dagrun for example_python_operator to None, run_after=None
[2024-11-14T07:56:46.406+0000] {processor.py:208} INFO - Processing /home/airflow/.local/lib/python3.12/site-packages/airflow/example_dags/example_python_operator.py took 0.084 seconds
[2024-11-14T07:57:16.818+0000] {processor.py:186} INFO - Started process (PID=1072) to work on /home/airflow/.local/lib/python3.12/site-packages/airflow/example_dags/example_python_operator.py
[2024-11-14T07:57:16.819+0000] {processor.py:914} INFO - Processing file /home/airflow/.local/lib/python3.12/site-packages/airflow/example_dags/example_python_operator.py for tasks to queue
[2024-11-14T07:57:16.822+0000] {logging_mixin.py:190} INFO - [2024-11-14T07:57:16.821+0000] {dagbag.py:588} INFO - Filling up the DagBag from /home/airflow/.local/lib/python3.12/site-packages/airflow/example_dags/example_python_operator.py
[2024-11-14T07:57:16.832+0000] {processor.py:925} INFO - DAG(s) 'example_python_operator' retrieved from /home/airflow/.local/lib/python3.12/site-packages/airflow/example_dags/example_python_operator.py
[2024-11-14T07:57:16.856+0000] {logging_mixin.py:190} INFO - [2024-11-14T07:57:16.856+0000] {dag.py:3239} INFO - Sync 1 DAGs
[2024-11-14T07:57:16.869+0000] {logging_mixin.py:190} INFO - [2024-11-14T07:57:16.869+0000] {dag.py:4180} INFO - Setting next_dagrun for example_python_operator to None, run_after=None
[2024-11-14T07:57:16.890+0000] {processor.py:208} INFO - Processing /home/airflow/.local/lib/python3.12/site-packages/airflow/example_dags/example_python_operator.py took 0.077 seconds
[2024-11-14T08:08:03.911+0000] {processor.py:186} INFO - Started process (PID=104) to work on /home/airflow/.local/lib/python3.12/site-packages/airflow/example_dags/example_python_operator.py
[2024-11-14T08:08:03.913+0000] {processor.py:914} INFO - Processing file /home/airflow/.local/lib/python3.12/site-packages/airflow/example_dags/example_python_operator.py for tasks to queue
[2024-11-14T08:08:03.917+0000] {logging_mixin.py:190} INFO - [2024-11-14T08:08:03.916+0000] {dagbag.py:588} INFO - Filling up the DagBag from /home/airflow/.local/lib/python3.12/site-packages/airflow/example_dags/example_python_operator.py
[2024-11-14T08:08:03.941+0000] {processor.py:925} INFO - DAG(s) 'example_python_operator' retrieved from /home/airflow/.local/lib/python3.12/site-packages/airflow/example_dags/example_python_operator.py
[2024-11-14T08:08:04.173+0000] {logging_mixin.py:190} INFO - [2024-11-14T08:08:04.173+0000] {dag.py:3239} INFO - Sync 1 DAGs
[2024-11-14T08:08:04.197+0000] {logging_mixin.py:190} INFO - [2024-11-14T08:08:04.196+0000] {dag.py:4180} INFO - Setting next_dagrun for example_python_operator to None, run_after=None
[2024-11-14T08:08:04.227+0000] {processor.py:208} INFO - Processing /home/airflow/.local/lib/python3.12/site-packages/airflow/example_dags/example_python_operator.py took 0.327 seconds
[2024-11-14T08:08:34.541+0000] {processor.py:186} INFO - Started process (PID=166) to work on /home/airflow/.local/lib/python3.12/site-packages/airflow/example_dags/example_python_operator.py
[2024-11-14T08:08:34.542+0000] {processor.py:914} INFO - Processing file /home/airflow/.local/lib/python3.12/site-packages/airflow/example_dags/example_python_operator.py for tasks to queue
[2024-11-14T08:08:34.545+0000] {logging_mixin.py:190} INFO - [2024-11-14T08:08:34.545+0000] {dagbag.py:588} INFO - Filling up the DagBag from /home/airflow/.local/lib/python3.12/site-packages/airflow/example_dags/example_python_operator.py
[2024-11-14T08:08:34.558+0000] {processor.py:925} INFO - DAG(s) 'example_python_operator' retrieved from /home/airflow/.local/lib/python3.12/site-packages/airflow/example_dags/example_python_operator.py
[2024-11-14T08:08:34.590+0000] {logging_mixin.py:190} INFO - [2024-11-14T08:08:34.590+0000] {dag.py:3239} INFO - Sync 1 DAGs
[2024-11-14T08:08:34.607+0000] {logging_mixin.py:190} INFO - [2024-11-14T08:08:34.607+0000] {dag.py:4180} INFO - Setting next_dagrun for example_python_operator to None, run_after=None
[2024-11-14T08:08:34.630+0000] {processor.py:208} INFO - Processing /home/airflow/.local/lib/python3.12/site-packages/airflow/example_dags/example_python_operator.py took 0.096 seconds
[2024-11-14T08:15:25.594+0000] {processor.py:186} INFO - Started process (PID=105) to work on /home/airflow/.local/lib/python3.12/site-packages/airflow/example_dags/example_python_operator.py
[2024-11-14T08:15:25.596+0000] {processor.py:914} INFO - Processing file /home/airflow/.local/lib/python3.12/site-packages/airflow/example_dags/example_python_operator.py for tasks to queue
[2024-11-14T08:15:25.600+0000] {logging_mixin.py:190} INFO - [2024-11-14T08:15:25.599+0000] {dagbag.py:588} INFO - Filling up the DagBag from /home/airflow/.local/lib/python3.12/site-packages/airflow/example_dags/example_python_operator.py
[2024-11-14T08:15:25.620+0000] {processor.py:925} INFO - DAG(s) 'example_python_operator' retrieved from /home/airflow/.local/lib/python3.12/site-packages/airflow/example_dags/example_python_operator.py
[2024-11-14T08:15:25.741+0000] {logging_mixin.py:190} INFO - [2024-11-14T08:15:25.740+0000] {override.py:1900} INFO - Created Permission View: can edit on DAG:example_python_operator
[2024-11-14T08:15:25.756+0000] {logging_mixin.py:190} INFO - [2024-11-14T08:15:25.755+0000] {override.py:1900} INFO - Created Permission View: can delete on DAG:example_python_operator
[2024-11-14T08:15:25.765+0000] {logging_mixin.py:190} INFO - [2024-11-14T08:15:25.765+0000] {override.py:1900} INFO - Created Permission View: can read on DAG:example_python_operator
[2024-11-14T08:15:25.777+0000] {logging_mixin.py:190} INFO - [2024-11-14T08:15:25.776+0000] {override.py:1900} INFO - Created Permission View: can delete on DAG Run:example_python_operator
[2024-11-14T08:15:25.786+0000] {logging_mixin.py:190} INFO - [2024-11-14T08:15:25.786+0000] {override.py:1900} INFO - Created Permission View: can read on DAG Run:example_python_operator
[2024-11-14T08:15:25.798+0000] {logging_mixin.py:190} INFO - [2024-11-14T08:15:25.797+0000] {override.py:1900} INFO - Created Permission View: can create on DAG Run:example_python_operator
[2024-11-14T08:15:25.809+0000] {logging_mixin.py:190} INFO - [2024-11-14T08:15:25.808+0000] {override.py:1900} INFO - Created Permission View: menu access on DAG Run:example_python_operator
[2024-11-14T08:15:25.810+0000] {logging_mixin.py:190} INFO - [2024-11-14T08:15:25.810+0000] {dag.py:3239} INFO - Sync 1 DAGs
[2024-11-14T08:15:25.825+0000] {logging_mixin.py:190} INFO - [2024-11-14T08:15:25.825+0000] {dag.py:3262} INFO - Creating ORM DAG for example_python_operator
[2024-11-14T08:15:25.827+0000] {logging_mixin.py:190} INFO - [2024-11-14T08:15:25.827+0000] {dag.py:4180} INFO - Setting next_dagrun for example_python_operator to None, run_after=None
[2024-11-14T08:15:25.848+0000] {processor.py:208} INFO - Processing /home/airflow/.local/lib/python3.12/site-packages/airflow/example_dags/example_python_operator.py took 0.263 seconds
[2024-11-14T08:16:14.526+0000] {processor.py:186} INFO - Started process (PID=95) to work on /home/airflow/.local/lib/python3.12/site-packages/airflow/example_dags/example_python_operator.py
[2024-11-14T08:16:14.527+0000] {processor.py:914} INFO - Processing file /home/airflow/.local/lib/python3.12/site-packages/airflow/example_dags/example_python_operator.py for tasks to queue
[2024-11-14T08:16:14.531+0000] {logging_mixin.py:190} INFO - [2024-11-14T08:16:14.530+0000] {dagbag.py:588} INFO - Filling up the DagBag from /home/airflow/.local/lib/python3.12/site-packages/airflow/example_dags/example_python_operator.py
[2024-11-14T08:16:14.545+0000] {processor.py:925} INFO - DAG(s) 'example_python_operator' retrieved from /home/airflow/.local/lib/python3.12/site-packages/airflow/example_dags/example_python_operator.py
[2024-11-14T08:16:14.663+0000] {logging_mixin.py:190} INFO - [2024-11-14T08:16:14.663+0000] {dag.py:3239} INFO - Sync 1 DAGs
[2024-11-14T08:16:14.680+0000] {logging_mixin.py:190} INFO - [2024-11-14T08:16:14.680+0000] {dag.py:4180} INFO - Setting next_dagrun for example_python_operator to None, run_after=None
[2024-11-14T08:16:14.705+0000] {processor.py:208} INFO - Processing /home/airflow/.local/lib/python3.12/site-packages/airflow/example_dags/example_python_operator.py took 0.186 seconds
[2024-11-14T08:16:50.099+0000] {processor.py:186} INFO - Started process (PID=158) to work on /home/airflow/.local/lib/python3.12/site-packages/airflow/example_dags/example_python_operator.py
[2024-11-14T08:16:50.100+0000] {processor.py:914} INFO - Processing file /home/airflow/.local/lib/python3.12/site-packages/airflow/example_dags/example_python_operator.py for tasks to queue
[2024-11-14T08:16:50.103+0000] {logging_mixin.py:190} INFO - [2024-11-14T08:16:50.103+0000] {dagbag.py:588} INFO - Filling up the DagBag from /home/airflow/.local/lib/python3.12/site-packages/airflow/example_dags/example_python_operator.py
[2024-11-14T08:16:50.115+0000] {processor.py:925} INFO - DAG(s) 'example_python_operator' retrieved from /home/airflow/.local/lib/python3.12/site-packages/airflow/example_dags/example_python_operator.py
[2024-11-14T08:16:50.145+0000] {logging_mixin.py:190} INFO - [2024-11-14T08:16:50.145+0000] {dag.py:3239} INFO - Sync 1 DAGs
[2024-11-14T08:16:50.162+0000] {logging_mixin.py:190} INFO - [2024-11-14T08:16:50.162+0000] {dag.py:4180} INFO - Setting next_dagrun for example_python_operator to None, run_after=None
[2024-11-14T08:16:50.190+0000] {processor.py:208} INFO - Processing /home/airflow/.local/lib/python3.12/site-packages/airflow/example_dags/example_python_operator.py took 0.097 seconds
[2024-11-14T08:17:21.338+0000] {processor.py:186} INFO - Started process (PID=220) to work on /home/airflow/.local/lib/python3.12/site-packages/airflow/example_dags/example_python_operator.py
[2024-11-14T08:17:21.340+0000] {processor.py:914} INFO - Processing file /home/airflow/.local/lib/python3.12/site-packages/airflow/example_dags/example_python_operator.py for tasks to queue
[2024-11-14T08:17:21.343+0000] {logging_mixin.py:190} INFO - [2024-11-14T08:17:21.343+0000] {dagbag.py:588} INFO - Filling up the DagBag from /home/airflow/.local/lib/python3.12/site-packages/airflow/example_dags/example_python_operator.py
[2024-11-14T08:17:21.360+0000] {processor.py:925} INFO - DAG(s) 'example_python_operator' retrieved from /home/airflow/.local/lib/python3.12/site-packages/airflow/example_dags/example_python_operator.py
[2024-11-14T08:17:21.386+0000] {logging_mixin.py:190} INFO - [2024-11-14T08:17:21.386+0000] {dag.py:3239} INFO - Sync 1 DAGs
[2024-11-14T08:17:21.404+0000] {logging_mixin.py:190} INFO - [2024-11-14T08:17:21.403+0000] {dag.py:4180} INFO - Setting next_dagrun for example_python_operator to None, run_after=None
[2024-11-14T08:17:21.432+0000] {processor.py:208} INFO - Processing /home/airflow/.local/lib/python3.12/site-packages/airflow/example_dags/example_python_operator.py took 0.100 seconds
[2024-11-14T08:17:57.111+0000] {processor.py:186} INFO - Started process (PID=282) to work on /home/airflow/.local/lib/python3.12/site-packages/airflow/example_dags/example_python_operator.py
[2024-11-14T08:17:57.113+0000] {processor.py:914} INFO - Processing file /home/airflow/.local/lib/python3.12/site-packages/airflow/example_dags/example_python_operator.py for tasks to queue
[2024-11-14T08:17:57.116+0000] {logging_mixin.py:190} INFO - [2024-11-14T08:17:57.116+0000] {dagbag.py:588} INFO - Filling up the DagBag from /home/airflow/.local/lib/python3.12/site-packages/airflow/example_dags/example_python_operator.py
[2024-11-14T08:17:57.134+0000] {processor.py:925} INFO - DAG(s) 'example_python_operator' retrieved from /home/airflow/.local/lib/python3.12/site-packages/airflow/example_dags/example_python_operator.py
[2024-11-14T08:17:57.162+0000] {logging_mixin.py:190} INFO - [2024-11-14T08:17:57.161+0000] {dag.py:3239} INFO - Sync 1 DAGs
[2024-11-14T08:17:57.177+0000] {logging_mixin.py:190} INFO - [2024-11-14T08:17:57.177+0000] {dag.py:4180} INFO - Setting next_dagrun for example_python_operator to None, run_after=None
[2024-11-14T08:17:57.199+0000] {processor.py:208} INFO - Processing /home/airflow/.local/lib/python3.12/site-packages/airflow/example_dags/example_python_operator.py took 0.095 seconds
[2024-11-14T08:18:27.903+0000] {processor.py:186} INFO - Started process (PID=344) to work on /home/airflow/.local/lib/python3.12/site-packages/airflow/example_dags/example_python_operator.py
[2024-11-14T08:18:27.904+0000] {processor.py:914} INFO - Processing file /home/airflow/.local/lib/python3.12/site-packages/airflow/example_dags/example_python_operator.py for tasks to queue
[2024-11-14T08:18:27.907+0000] {logging_mixin.py:190} INFO - [2024-11-14T08:18:27.907+0000] {dagbag.py:588} INFO - Filling up the DagBag from /home/airflow/.local/lib/python3.12/site-packages/airflow/example_dags/example_python_operator.py
[2024-11-14T08:18:27.919+0000] {processor.py:925} INFO - DAG(s) 'example_python_operator' retrieved from /home/airflow/.local/lib/python3.12/site-packages/airflow/example_dags/example_python_operator.py
[2024-11-14T08:18:27.942+0000] {logging_mixin.py:190} INFO - [2024-11-14T08:18:27.942+0000] {dag.py:3239} INFO - Sync 1 DAGs
[2024-11-14T08:18:27.959+0000] {logging_mixin.py:190} INFO - [2024-11-14T08:18:27.958+0000] {dag.py:4180} INFO - Setting next_dagrun for example_python_operator to None, run_after=None
[2024-11-14T08:18:27.989+0000] {processor.py:208} INFO - Processing /home/airflow/.local/lib/python3.12/site-packages/airflow/example_dags/example_python_operator.py took 0.092 seconds
