[2024-11-14T07:29:51.332+0000] {processor.py:186} INFO - Started process (PID=944) to work on /home/airflow/.local/lib/python3.12/site-packages/airflow/example_dags/example_short_circuit_operator.py
[2024-11-14T07:29:51.335+0000] {processor.py:914} INFO - Processing file /home/airflow/.local/lib/python3.12/site-packages/airflow/example_dags/example_short_circuit_operator.py for tasks to queue
[2024-11-14T07:29:51.340+0000] {logging_mixin.py:190} INFO - [2024-11-14T07:29:51.340+0000] {dagbag.py:588} INFO - Filling up the DagBag from /home/airflow/.local/lib/python3.12/site-packages/airflow/example_dags/example_short_circuit_operator.py
[2024-11-14T07:29:51.357+0000] {processor.py:925} INFO - DAG(s) 'example_short_circuit_operator' retrieved from /home/airflow/.local/lib/python3.12/site-packages/airflow/example_dags/example_short_circuit_operator.py
[2024-11-14T07:29:51.404+0000] {logging_mixin.py:190} INFO - [2024-11-14T07:29:51.403+0000] {dag.py:3239} INFO - Sync 1 DAGs
[2024-11-14T07:29:51.433+0000] {logging_mixin.py:190} INFO - [2024-11-14T07:29:51.433+0000] {dag.py:4180} INFO - Setting next_dagrun for example_short_circuit_operator to None, run_after=None
[2024-11-14T07:29:51.457+0000] {processor.py:208} INFO - Processing /home/airflow/.local/lib/python3.12/site-packages/airflow/example_dags/example_short_circuit_operator.py took 0.132 seconds
[2024-11-14T07:30:22.126+0000] {processor.py:186} INFO - Started process (PID=1006) to work on /home/airflow/.local/lib/python3.12/site-packages/airflow/example_dags/example_short_circuit_operator.py
[2024-11-14T07:30:22.128+0000] {processor.py:914} INFO - Processing file /home/airflow/.local/lib/python3.12/site-packages/airflow/example_dags/example_short_circuit_operator.py for tasks to queue
[2024-11-14T07:30:22.131+0000] {logging_mixin.py:190} INFO - [2024-11-14T07:30:22.131+0000] {dagbag.py:588} INFO - Filling up the DagBag from /home/airflow/.local/lib/python3.12/site-packages/airflow/example_dags/example_short_circuit_operator.py
[2024-11-14T07:30:22.140+0000] {processor.py:925} INFO - DAG(s) 'example_short_circuit_operator' retrieved from /home/airflow/.local/lib/python3.12/site-packages/airflow/example_dags/example_short_circuit_operator.py
[2024-11-14T07:30:22.168+0000] {logging_mixin.py:190} INFO - [2024-11-14T07:30:22.168+0000] {dag.py:3239} INFO - Sync 1 DAGs
[2024-11-14T07:30:22.184+0000] {logging_mixin.py:190} INFO - [2024-11-14T07:30:22.184+0000] {dag.py:4180} INFO - Setting next_dagrun for example_short_circuit_operator to None, run_after=None
[2024-11-14T07:30:22.210+0000] {processor.py:208} INFO - Processing /home/airflow/.local/lib/python3.12/site-packages/airflow/example_dags/example_short_circuit_operator.py took 0.090 seconds
[2024-11-14T07:30:52.355+0000] {processor.py:186} INFO - Started process (PID=1068) to work on /home/airflow/.local/lib/python3.12/site-packages/airflow/example_dags/example_short_circuit_operator.py
[2024-11-14T07:30:52.357+0000] {processor.py:914} INFO - Processing file /home/airflow/.local/lib/python3.12/site-packages/airflow/example_dags/example_short_circuit_operator.py for tasks to queue
[2024-11-14T07:30:52.360+0000] {logging_mixin.py:190} INFO - [2024-11-14T07:30:52.360+0000] {dagbag.py:588} INFO - Filling up the DagBag from /home/airflow/.local/lib/python3.12/site-packages/airflow/example_dags/example_short_circuit_operator.py
[2024-11-14T07:30:52.368+0000] {processor.py:925} INFO - DAG(s) 'example_short_circuit_operator' retrieved from /home/airflow/.local/lib/python3.12/site-packages/airflow/example_dags/example_short_circuit_operator.py
[2024-11-14T07:30:52.393+0000] {logging_mixin.py:190} INFO - [2024-11-14T07:30:52.393+0000] {dag.py:3239} INFO - Sync 1 DAGs
[2024-11-14T07:30:52.407+0000] {logging_mixin.py:190} INFO - [2024-11-14T07:30:52.407+0000] {dag.py:4180} INFO - Setting next_dagrun for example_short_circuit_operator to None, run_after=None
[2024-11-14T07:30:52.430+0000] {processor.py:208} INFO - Processing /home/airflow/.local/lib/python3.12/site-packages/airflow/example_dags/example_short_circuit_operator.py took 0.080 seconds
[2024-11-14T07:42:03.313+0000] {processor.py:186} INFO - Started process (PID=77) to work on /home/airflow/.local/lib/python3.12/site-packages/airflow/example_dags/example_short_circuit_operator.py
[2024-11-14T07:42:03.315+0000] {processor.py:914} INFO - Processing file /home/airflow/.local/lib/python3.12/site-packages/airflow/example_dags/example_short_circuit_operator.py for tasks to queue
[2024-11-14T07:42:03.321+0000] {logging_mixin.py:190} INFO - [2024-11-14T07:42:03.321+0000] {dagbag.py:588} INFO - Filling up the DagBag from /home/airflow/.local/lib/python3.12/site-packages/airflow/example_dags/example_short_circuit_operator.py
[2024-11-14T07:42:03.332+0000] {processor.py:925} INFO - DAG(s) 'example_short_circuit_operator' retrieved from /home/airflow/.local/lib/python3.12/site-packages/airflow/example_dags/example_short_circuit_operator.py
[2024-11-14T07:42:03.381+0000] {logging_mixin.py:190} INFO - [2024-11-14T07:42:03.380+0000] {dag.py:3239} INFO - Sync 1 DAGs
[2024-11-14T07:42:03.410+0000] {logging_mixin.py:190} INFO - [2024-11-14T07:42:03.409+0000] {dag.py:4180} INFO - Setting next_dagrun for example_short_circuit_operator to None, run_after=None
[2024-11-14T07:42:03.434+0000] {processor.py:208} INFO - Processing /home/airflow/.local/lib/python3.12/site-packages/airflow/example_dags/example_short_circuit_operator.py took 0.128 seconds
[2024-11-14T07:42:33.678+0000] {processor.py:186} INFO - Started process (PID=145) to work on /home/airflow/.local/lib/python3.12/site-packages/airflow/example_dags/example_short_circuit_operator.py
[2024-11-14T07:42:33.680+0000] {processor.py:914} INFO - Processing file /home/airflow/.local/lib/python3.12/site-packages/airflow/example_dags/example_short_circuit_operator.py for tasks to queue
[2024-11-14T07:42:33.684+0000] {logging_mixin.py:190} INFO - [2024-11-14T07:42:33.684+0000] {dagbag.py:588} INFO - Filling up the DagBag from /home/airflow/.local/lib/python3.12/site-packages/airflow/example_dags/example_short_circuit_operator.py
[2024-11-14T07:42:33.697+0000] {processor.py:925} INFO - DAG(s) 'example_short_circuit_operator' retrieved from /home/airflow/.local/lib/python3.12/site-packages/airflow/example_dags/example_short_circuit_operator.py
[2024-11-14T07:42:33.733+0000] {logging_mixin.py:190} INFO - [2024-11-14T07:42:33.733+0000] {dag.py:3239} INFO - Sync 1 DAGs
[2024-11-14T07:42:33.760+0000] {logging_mixin.py:190} INFO - [2024-11-14T07:42:33.759+0000] {dag.py:4180} INFO - Setting next_dagrun for example_short_circuit_operator to None, run_after=None
[2024-11-14T07:42:33.796+0000] {processor.py:208} INFO - Processing /home/airflow/.local/lib/python3.12/site-packages/airflow/example_dags/example_short_circuit_operator.py took 0.136 seconds
[2024-11-14T07:49:33.431+0000] {processor.py:186} INFO - Started process (PID=116) to work on /home/airflow/.local/lib/python3.12/site-packages/airflow/example_dags/example_short_circuit_operator.py
[2024-11-14T07:49:33.432+0000] {processor.py:914} INFO - Processing file /home/airflow/.local/lib/python3.12/site-packages/airflow/example_dags/example_short_circuit_operator.py for tasks to queue
[2024-11-14T07:49:33.436+0000] {logging_mixin.py:190} INFO - [2024-11-14T07:49:33.435+0000] {dagbag.py:588} INFO - Filling up the DagBag from /home/airflow/.local/lib/python3.12/site-packages/airflow/example_dags/example_short_circuit_operator.py
[2024-11-14T07:49:33.452+0000] {processor.py:925} INFO - DAG(s) 'example_short_circuit_operator' retrieved from /home/airflow/.local/lib/python3.12/site-packages/airflow/example_dags/example_short_circuit_operator.py
[2024-11-14T07:49:33.491+0000] {logging_mixin.py:190} INFO - [2024-11-14T07:49:33.491+0000] {dag.py:3239} INFO - Sync 1 DAGs
[2024-11-14T07:49:33.510+0000] {logging_mixin.py:190} INFO - [2024-11-14T07:49:33.510+0000] {dag.py:4180} INFO - Setting next_dagrun for example_short_circuit_operator to None, run_after=None
[2024-11-14T07:49:33.536+0000] {processor.py:208} INFO - Processing /home/airflow/.local/lib/python3.12/site-packages/airflow/example_dags/example_short_circuit_operator.py took 0.113 seconds
[2024-11-14T07:50:04.217+0000] {processor.py:186} INFO - Started process (PID=178) to work on /home/airflow/.local/lib/python3.12/site-packages/airflow/example_dags/example_short_circuit_operator.py
[2024-11-14T07:50:04.218+0000] {processor.py:914} INFO - Processing file /home/airflow/.local/lib/python3.12/site-packages/airflow/example_dags/example_short_circuit_operator.py for tasks to queue
[2024-11-14T07:50:04.222+0000] {logging_mixin.py:190} INFO - [2024-11-14T07:50:04.221+0000] {dagbag.py:588} INFO - Filling up the DagBag from /home/airflow/.local/lib/python3.12/site-packages/airflow/example_dags/example_short_circuit_operator.py
[2024-11-14T07:50:04.232+0000] {processor.py:925} INFO - DAG(s) 'example_short_circuit_operator' retrieved from /home/airflow/.local/lib/python3.12/site-packages/airflow/example_dags/example_short_circuit_operator.py
[2024-11-14T07:50:04.259+0000] {logging_mixin.py:190} INFO - [2024-11-14T07:50:04.259+0000] {dag.py:3239} INFO - Sync 1 DAGs
[2024-11-14T07:50:04.275+0000] {logging_mixin.py:190} INFO - [2024-11-14T07:50:04.274+0000] {dag.py:4180} INFO - Setting next_dagrun for example_short_circuit_operator to None, run_after=None
[2024-11-14T07:50:04.297+0000] {processor.py:208} INFO - Processing /home/airflow/.local/lib/python3.12/site-packages/airflow/example_dags/example_short_circuit_operator.py took 0.088 seconds
[2024-11-14T07:50:35.389+0000] {processor.py:186} INFO - Started process (PID=240) to work on /home/airflow/.local/lib/python3.12/site-packages/airflow/example_dags/example_short_circuit_operator.py
[2024-11-14T07:50:35.391+0000] {processor.py:914} INFO - Processing file /home/airflow/.local/lib/python3.12/site-packages/airflow/example_dags/example_short_circuit_operator.py for tasks to queue
[2024-11-14T07:50:35.395+0000] {logging_mixin.py:190} INFO - [2024-11-14T07:50:35.395+0000] {dagbag.py:588} INFO - Filling up the DagBag from /home/airflow/.local/lib/python3.12/site-packages/airflow/example_dags/example_short_circuit_operator.py
[2024-11-14T07:50:35.409+0000] {processor.py:925} INFO - DAG(s) 'example_short_circuit_operator' retrieved from /home/airflow/.local/lib/python3.12/site-packages/airflow/example_dags/example_short_circuit_operator.py
[2024-11-14T07:50:35.460+0000] {logging_mixin.py:190} INFO - [2024-11-14T07:50:35.459+0000] {dag.py:3239} INFO - Sync 1 DAGs
[2024-11-14T07:50:35.492+0000] {logging_mixin.py:190} INFO - [2024-11-14T07:50:35.492+0000] {dag.py:4180} INFO - Setting next_dagrun for example_short_circuit_operator to None, run_after=None
[2024-11-14T07:50:35.538+0000] {processor.py:208} INFO - Processing /home/airflow/.local/lib/python3.12/site-packages/airflow/example_dags/example_short_circuit_operator.py took 0.158 seconds
[2024-11-14T07:51:05.744+0000] {processor.py:186} INFO - Started process (PID=302) to work on /home/airflow/.local/lib/python3.12/site-packages/airflow/example_dags/example_short_circuit_operator.py
[2024-11-14T07:51:05.745+0000] {processor.py:914} INFO - Processing file /home/airflow/.local/lib/python3.12/site-packages/airflow/example_dags/example_short_circuit_operator.py for tasks to queue
[2024-11-14T07:51:05.748+0000] {logging_mixin.py:190} INFO - [2024-11-14T07:51:05.747+0000] {dagbag.py:588} INFO - Filling up the DagBag from /home/airflow/.local/lib/python3.12/site-packages/airflow/example_dags/example_short_circuit_operator.py
[2024-11-14T07:51:05.756+0000] {processor.py:925} INFO - DAG(s) 'example_short_circuit_operator' retrieved from /home/airflow/.local/lib/python3.12/site-packages/airflow/example_dags/example_short_circuit_operator.py
[2024-11-14T07:51:05.782+0000] {logging_mixin.py:190} INFO - [2024-11-14T07:51:05.782+0000] {dag.py:3239} INFO - Sync 1 DAGs
[2024-11-14T07:51:05.797+0000] {logging_mixin.py:190} INFO - [2024-11-14T07:51:05.797+0000] {dag.py:4180} INFO - Setting next_dagrun for example_short_circuit_operator to None, run_after=None
[2024-11-14T07:51:05.818+0000] {processor.py:208} INFO - Processing /home/airflow/.local/lib/python3.12/site-packages/airflow/example_dags/example_short_circuit_operator.py took 0.080 seconds
[2024-11-14T07:51:36.675+0000] {processor.py:186} INFO - Started process (PID=364) to work on /home/airflow/.local/lib/python3.12/site-packages/airflow/example_dags/example_short_circuit_operator.py
[2024-11-14T07:51:36.677+0000] {processor.py:914} INFO - Processing file /home/airflow/.local/lib/python3.12/site-packages/airflow/example_dags/example_short_circuit_operator.py for tasks to queue
[2024-11-14T07:51:36.680+0000] {logging_mixin.py:190} INFO - [2024-11-14T07:51:36.679+0000] {dagbag.py:588} INFO - Filling up the DagBag from /home/airflow/.local/lib/python3.12/site-packages/airflow/example_dags/example_short_circuit_operator.py
[2024-11-14T07:51:36.691+0000] {processor.py:925} INFO - DAG(s) 'example_short_circuit_operator' retrieved from /home/airflow/.local/lib/python3.12/site-packages/airflow/example_dags/example_short_circuit_operator.py
[2024-11-14T07:51:36.718+0000] {logging_mixin.py:190} INFO - [2024-11-14T07:51:36.718+0000] {dag.py:3239} INFO - Sync 1 DAGs
[2024-11-14T07:51:36.734+0000] {logging_mixin.py:190} INFO - [2024-11-14T07:51:36.734+0000] {dag.py:4180} INFO - Setting next_dagrun for example_short_circuit_operator to None, run_after=None
[2024-11-14T07:51:36.762+0000] {processor.py:208} INFO - Processing /home/airflow/.local/lib/python3.12/site-packages/airflow/example_dags/example_short_circuit_operator.py took 0.094 seconds
[2024-11-14T07:52:07.163+0000] {processor.py:186} INFO - Started process (PID=426) to work on /home/airflow/.local/lib/python3.12/site-packages/airflow/example_dags/example_short_circuit_operator.py
[2024-11-14T07:52:07.165+0000] {processor.py:914} INFO - Processing file /home/airflow/.local/lib/python3.12/site-packages/airflow/example_dags/example_short_circuit_operator.py for tasks to queue
[2024-11-14T07:52:07.169+0000] {logging_mixin.py:190} INFO - [2024-11-14T07:52:07.169+0000] {dagbag.py:588} INFO - Filling up the DagBag from /home/airflow/.local/lib/python3.12/site-packages/airflow/example_dags/example_short_circuit_operator.py
[2024-11-14T07:52:07.180+0000] {processor.py:925} INFO - DAG(s) 'example_short_circuit_operator' retrieved from /home/airflow/.local/lib/python3.12/site-packages/airflow/example_dags/example_short_circuit_operator.py
[2024-11-14T07:52:07.209+0000] {logging_mixin.py:190} INFO - [2024-11-14T07:52:07.209+0000] {dag.py:3239} INFO - Sync 1 DAGs
[2024-11-14T07:52:07.226+0000] {logging_mixin.py:190} INFO - [2024-11-14T07:52:07.226+0000] {dag.py:4180} INFO - Setting next_dagrun for example_short_circuit_operator to None, run_after=None
[2024-11-14T07:52:07.253+0000] {processor.py:208} INFO - Processing /home/airflow/.local/lib/python3.12/site-packages/airflow/example_dags/example_short_circuit_operator.py took 0.099 seconds
[2024-11-14T07:52:37.367+0000] {processor.py:186} INFO - Started process (PID=488) to work on /home/airflow/.local/lib/python3.12/site-packages/airflow/example_dags/example_short_circuit_operator.py
[2024-11-14T07:52:37.368+0000] {processor.py:914} INFO - Processing file /home/airflow/.local/lib/python3.12/site-packages/airflow/example_dags/example_short_circuit_operator.py for tasks to queue
[2024-11-14T07:52:37.371+0000] {logging_mixin.py:190} INFO - [2024-11-14T07:52:37.371+0000] {dagbag.py:588} INFO - Filling up the DagBag from /home/airflow/.local/lib/python3.12/site-packages/airflow/example_dags/example_short_circuit_operator.py
[2024-11-14T07:52:37.379+0000] {processor.py:925} INFO - DAG(s) 'example_short_circuit_operator' retrieved from /home/airflow/.local/lib/python3.12/site-packages/airflow/example_dags/example_short_circuit_operator.py
[2024-11-14T07:52:37.402+0000] {logging_mixin.py:190} INFO - [2024-11-14T07:52:37.402+0000] {dag.py:3239} INFO - Sync 1 DAGs
[2024-11-14T07:52:37.416+0000] {logging_mixin.py:190} INFO - [2024-11-14T07:52:37.416+0000] {dag.py:4180} INFO - Setting next_dagrun for example_short_circuit_operator to None, run_after=None
[2024-11-14T07:52:37.440+0000] {processor.py:208} INFO - Processing /home/airflow/.local/lib/python3.12/site-packages/airflow/example_dags/example_short_circuit_operator.py took 0.079 seconds
[2024-11-14T07:53:08.035+0000] {processor.py:186} INFO - Started process (PID=550) to work on /home/airflow/.local/lib/python3.12/site-packages/airflow/example_dags/example_short_circuit_operator.py
[2024-11-14T07:53:08.036+0000] {processor.py:914} INFO - Processing file /home/airflow/.local/lib/python3.12/site-packages/airflow/example_dags/example_short_circuit_operator.py for tasks to queue
[2024-11-14T07:53:08.039+0000] {logging_mixin.py:190} INFO - [2024-11-14T07:53:08.039+0000] {dagbag.py:588} INFO - Filling up the DagBag from /home/airflow/.local/lib/python3.12/site-packages/airflow/example_dags/example_short_circuit_operator.py
[2024-11-14T07:53:08.048+0000] {processor.py:925} INFO - DAG(s) 'example_short_circuit_operator' retrieved from /home/airflow/.local/lib/python3.12/site-packages/airflow/example_dags/example_short_circuit_operator.py
[2024-11-14T07:53:08.072+0000] {logging_mixin.py:190} INFO - [2024-11-14T07:53:08.071+0000] {dag.py:3239} INFO - Sync 1 DAGs
[2024-11-14T07:53:08.086+0000] {logging_mixin.py:190} INFO - [2024-11-14T07:53:08.086+0000] {dag.py:4180} INFO - Setting next_dagrun for example_short_circuit_operator to None, run_after=None
[2024-11-14T07:53:08.111+0000] {processor.py:208} INFO - Processing /home/airflow/.local/lib/python3.12/site-packages/airflow/example_dags/example_short_circuit_operator.py took 0.083 seconds
[2024-11-14T07:53:38.793+0000] {processor.py:186} INFO - Started process (PID=612) to work on /home/airflow/.local/lib/python3.12/site-packages/airflow/example_dags/example_short_circuit_operator.py
[2024-11-14T07:53:38.794+0000] {processor.py:914} INFO - Processing file /home/airflow/.local/lib/python3.12/site-packages/airflow/example_dags/example_short_circuit_operator.py for tasks to queue
[2024-11-14T07:53:38.797+0000] {logging_mixin.py:190} INFO - [2024-11-14T07:53:38.797+0000] {dagbag.py:588} INFO - Filling up the DagBag from /home/airflow/.local/lib/python3.12/site-packages/airflow/example_dags/example_short_circuit_operator.py
[2024-11-14T07:53:38.807+0000] {processor.py:925} INFO - DAG(s) 'example_short_circuit_operator' retrieved from /home/airflow/.local/lib/python3.12/site-packages/airflow/example_dags/example_short_circuit_operator.py
[2024-11-14T07:53:38.836+0000] {logging_mixin.py:190} INFO - [2024-11-14T07:53:38.836+0000] {dag.py:3239} INFO - Sync 1 DAGs
[2024-11-14T07:53:38.857+0000] {logging_mixin.py:190} INFO - [2024-11-14T07:53:38.856+0000] {dag.py:4180} INFO - Setting next_dagrun for example_short_circuit_operator to None, run_after=None
[2024-11-14T07:53:38.885+0000] {processor.py:208} INFO - Processing /home/airflow/.local/lib/python3.12/site-packages/airflow/example_dags/example_short_circuit_operator.py took 0.100 seconds
[2024-11-14T07:54:09.525+0000] {processor.py:186} INFO - Started process (PID=674) to work on /home/airflow/.local/lib/python3.12/site-packages/airflow/example_dags/example_short_circuit_operator.py
[2024-11-14T07:54:09.527+0000] {processor.py:914} INFO - Processing file /home/airflow/.local/lib/python3.12/site-packages/airflow/example_dags/example_short_circuit_operator.py for tasks to queue
[2024-11-14T07:54:09.531+0000] {logging_mixin.py:190} INFO - [2024-11-14T07:54:09.530+0000] {dagbag.py:588} INFO - Filling up the DagBag from /home/airflow/.local/lib/python3.12/site-packages/airflow/example_dags/example_short_circuit_operator.py
[2024-11-14T07:54:09.542+0000] {processor.py:925} INFO - DAG(s) 'example_short_circuit_operator' retrieved from /home/airflow/.local/lib/python3.12/site-packages/airflow/example_dags/example_short_circuit_operator.py
[2024-11-14T07:54:09.568+0000] {logging_mixin.py:190} INFO - [2024-11-14T07:54:09.568+0000] {dag.py:3239} INFO - Sync 1 DAGs
[2024-11-14T07:54:09.586+0000] {logging_mixin.py:190} INFO - [2024-11-14T07:54:09.585+0000] {dag.py:4180} INFO - Setting next_dagrun for example_short_circuit_operator to None, run_after=None
[2024-11-14T07:54:09.610+0000] {processor.py:208} INFO - Processing /home/airflow/.local/lib/python3.12/site-packages/airflow/example_dags/example_short_circuit_operator.py took 0.099 seconds
[2024-11-14T07:54:40.290+0000] {processor.py:186} INFO - Started process (PID=736) to work on /home/airflow/.local/lib/python3.12/site-packages/airflow/example_dags/example_short_circuit_operator.py
[2024-11-14T07:54:40.291+0000] {processor.py:914} INFO - Processing file /home/airflow/.local/lib/python3.12/site-packages/airflow/example_dags/example_short_circuit_operator.py for tasks to queue
[2024-11-14T07:54:40.294+0000] {logging_mixin.py:190} INFO - [2024-11-14T07:54:40.294+0000] {dagbag.py:588} INFO - Filling up the DagBag from /home/airflow/.local/lib/python3.12/site-packages/airflow/example_dags/example_short_circuit_operator.py
[2024-11-14T07:54:40.303+0000] {processor.py:925} INFO - DAG(s) 'example_short_circuit_operator' retrieved from /home/airflow/.local/lib/python3.12/site-packages/airflow/example_dags/example_short_circuit_operator.py
[2024-11-14T07:54:40.329+0000] {logging_mixin.py:190} INFO - [2024-11-14T07:54:40.329+0000] {dag.py:3239} INFO - Sync 1 DAGs
[2024-11-14T07:54:40.346+0000] {logging_mixin.py:190} INFO - [2024-11-14T07:54:40.346+0000] {dag.py:4180} INFO - Setting next_dagrun for example_short_circuit_operator to None, run_after=None
[2024-11-14T07:54:40.371+0000] {processor.py:208} INFO - Processing /home/airflow/.local/lib/python3.12/site-packages/airflow/example_dags/example_short_circuit_operator.py took 0.087 seconds
[2024-11-14T07:55:10.918+0000] {processor.py:186} INFO - Started process (PID=798) to work on /home/airflow/.local/lib/python3.12/site-packages/airflow/example_dags/example_short_circuit_operator.py
[2024-11-14T07:55:10.920+0000] {processor.py:914} INFO - Processing file /home/airflow/.local/lib/python3.12/site-packages/airflow/example_dags/example_short_circuit_operator.py for tasks to queue
[2024-11-14T07:55:10.922+0000] {logging_mixin.py:190} INFO - [2024-11-14T07:55:10.922+0000] {dagbag.py:588} INFO - Filling up the DagBag from /home/airflow/.local/lib/python3.12/site-packages/airflow/example_dags/example_short_circuit_operator.py
[2024-11-14T07:55:10.930+0000] {processor.py:925} INFO - DAG(s) 'example_short_circuit_operator' retrieved from /home/airflow/.local/lib/python3.12/site-packages/airflow/example_dags/example_short_circuit_operator.py
[2024-11-14T07:55:10.957+0000] {logging_mixin.py:190} INFO - [2024-11-14T07:55:10.957+0000] {dag.py:3239} INFO - Sync 1 DAGs
[2024-11-14T07:55:10.973+0000] {logging_mixin.py:190} INFO - [2024-11-14T07:55:10.972+0000] {dag.py:4180} INFO - Setting next_dagrun for example_short_circuit_operator to None, run_after=None
[2024-11-14T07:55:10.997+0000] {processor.py:208} INFO - Processing /home/airflow/.local/lib/python3.12/site-packages/airflow/example_dags/example_short_circuit_operator.py took 0.084 seconds
[2024-11-14T07:55:41.431+0000] {processor.py:186} INFO - Started process (PID=860) to work on /home/airflow/.local/lib/python3.12/site-packages/airflow/example_dags/example_short_circuit_operator.py
[2024-11-14T07:55:41.432+0000] {processor.py:914} INFO - Processing file /home/airflow/.local/lib/python3.12/site-packages/airflow/example_dags/example_short_circuit_operator.py for tasks to queue
[2024-11-14T07:55:41.435+0000] {logging_mixin.py:190} INFO - [2024-11-14T07:55:41.435+0000] {dagbag.py:588} INFO - Filling up the DagBag from /home/airflow/.local/lib/python3.12/site-packages/airflow/example_dags/example_short_circuit_operator.py
[2024-11-14T07:55:41.443+0000] {processor.py:925} INFO - DAG(s) 'example_short_circuit_operator' retrieved from /home/airflow/.local/lib/python3.12/site-packages/airflow/example_dags/example_short_circuit_operator.py
[2024-11-14T07:55:41.468+0000] {logging_mixin.py:190} INFO - [2024-11-14T07:55:41.468+0000] {dag.py:3239} INFO - Sync 1 DAGs
[2024-11-14T07:55:41.483+0000] {logging_mixin.py:190} INFO - [2024-11-14T07:55:41.482+0000] {dag.py:4180} INFO - Setting next_dagrun for example_short_circuit_operator to None, run_after=None
[2024-11-14T07:55:41.537+0000] {processor.py:208} INFO - Processing /home/airflow/.local/lib/python3.12/site-packages/airflow/example_dags/example_short_circuit_operator.py took 0.112 seconds
[2024-11-14T07:56:12.173+0000] {processor.py:186} INFO - Started process (PID=922) to work on /home/airflow/.local/lib/python3.12/site-packages/airflow/example_dags/example_short_circuit_operator.py
[2024-11-14T07:56:12.175+0000] {processor.py:914} INFO - Processing file /home/airflow/.local/lib/python3.12/site-packages/airflow/example_dags/example_short_circuit_operator.py for tasks to queue
[2024-11-14T07:56:12.177+0000] {logging_mixin.py:190} INFO - [2024-11-14T07:56:12.177+0000] {dagbag.py:588} INFO - Filling up the DagBag from /home/airflow/.local/lib/python3.12/site-packages/airflow/example_dags/example_short_circuit_operator.py
[2024-11-14T07:56:12.185+0000] {processor.py:925} INFO - DAG(s) 'example_short_circuit_operator' retrieved from /home/airflow/.local/lib/python3.12/site-packages/airflow/example_dags/example_short_circuit_operator.py
[2024-11-14T07:56:12.210+0000] {logging_mixin.py:190} INFO - [2024-11-14T07:56:12.210+0000] {dag.py:3239} INFO - Sync 1 DAGs
[2024-11-14T07:56:12.225+0000] {logging_mixin.py:190} INFO - [2024-11-14T07:56:12.225+0000] {dag.py:4180} INFO - Setting next_dagrun for example_short_circuit_operator to None, run_after=None
[2024-11-14T07:56:12.249+0000] {processor.py:208} INFO - Processing /home/airflow/.local/lib/python3.12/site-packages/airflow/example_dags/example_short_circuit_operator.py took 0.082 seconds
[2024-11-14T07:56:42.585+0000] {processor.py:186} INFO - Started process (PID=983) to work on /home/airflow/.local/lib/python3.12/site-packages/airflow/example_dags/example_short_circuit_operator.py
[2024-11-14T07:56:42.587+0000] {processor.py:914} INFO - Processing file /home/airflow/.local/lib/python3.12/site-packages/airflow/example_dags/example_short_circuit_operator.py for tasks to queue
[2024-11-14T07:56:42.591+0000] {logging_mixin.py:190} INFO - [2024-11-14T07:56:42.590+0000] {dagbag.py:588} INFO - Filling up the DagBag from /home/airflow/.local/lib/python3.12/site-packages/airflow/example_dags/example_short_circuit_operator.py
[2024-11-14T07:56:42.600+0000] {processor.py:925} INFO - DAG(s) 'example_short_circuit_operator' retrieved from /home/airflow/.local/lib/python3.12/site-packages/airflow/example_dags/example_short_circuit_operator.py
[2024-11-14T07:56:42.633+0000] {logging_mixin.py:190} INFO - [2024-11-14T07:56:42.632+0000] {dag.py:3239} INFO - Sync 1 DAGs
[2024-11-14T07:56:42.655+0000] {logging_mixin.py:190} INFO - [2024-11-14T07:56:42.655+0000] {dag.py:4180} INFO - Setting next_dagrun for example_short_circuit_operator to None, run_after=None
[2024-11-14T07:56:42.685+0000] {processor.py:208} INFO - Processing /home/airflow/.local/lib/python3.12/site-packages/airflow/example_dags/example_short_circuit_operator.py took 0.107 seconds
[2024-11-14T07:57:13.568+0000] {processor.py:186} INFO - Started process (PID=1051) to work on /home/airflow/.local/lib/python3.12/site-packages/airflow/example_dags/example_short_circuit_operator.py
[2024-11-14T07:57:13.569+0000] {processor.py:914} INFO - Processing file /home/airflow/.local/lib/python3.12/site-packages/airflow/example_dags/example_short_circuit_operator.py for tasks to queue
[2024-11-14T07:57:13.572+0000] {logging_mixin.py:190} INFO - [2024-11-14T07:57:13.572+0000] {dagbag.py:588} INFO - Filling up the DagBag from /home/airflow/.local/lib/python3.12/site-packages/airflow/example_dags/example_short_circuit_operator.py
[2024-11-14T07:57:13.581+0000] {processor.py:925} INFO - DAG(s) 'example_short_circuit_operator' retrieved from /home/airflow/.local/lib/python3.12/site-packages/airflow/example_dags/example_short_circuit_operator.py
[2024-11-14T07:57:13.607+0000] {logging_mixin.py:190} INFO - [2024-11-14T07:57:13.607+0000] {dag.py:3239} INFO - Sync 1 DAGs
[2024-11-14T07:57:13.621+0000] {logging_mixin.py:190} INFO - [2024-11-14T07:57:13.621+0000] {dag.py:4180} INFO - Setting next_dagrun for example_short_circuit_operator to None, run_after=None
[2024-11-14T07:57:13.643+0000] {processor.py:208} INFO - Processing /home/airflow/.local/lib/python3.12/site-packages/airflow/example_dags/example_short_circuit_operator.py took 0.080 seconds
[2024-11-14T08:08:00.128+0000] {processor.py:186} INFO - Started process (PID=77) to work on /home/airflow/.local/lib/python3.12/site-packages/airflow/example_dags/example_short_circuit_operator.py
[2024-11-14T08:08:00.131+0000] {processor.py:914} INFO - Processing file /home/airflow/.local/lib/python3.12/site-packages/airflow/example_dags/example_short_circuit_operator.py for tasks to queue
[2024-11-14T08:08:00.138+0000] {logging_mixin.py:190} INFO - [2024-11-14T08:08:00.137+0000] {dagbag.py:588} INFO - Filling up the DagBag from /home/airflow/.local/lib/python3.12/site-packages/airflow/example_dags/example_short_circuit_operator.py
[2024-11-14T08:08:00.184+0000] {processor.py:925} INFO - DAG(s) 'example_short_circuit_operator' retrieved from /home/airflow/.local/lib/python3.12/site-packages/airflow/example_dags/example_short_circuit_operator.py
[2024-11-14T08:08:00.344+0000] {logging_mixin.py:190} INFO - [2024-11-14T08:08:00.344+0000] {dag.py:3239} INFO - Sync 1 DAGs
[2024-11-14T08:08:00.414+0000] {logging_mixin.py:190} INFO - [2024-11-14T08:08:00.413+0000] {dag.py:4180} INFO - Setting next_dagrun for example_short_circuit_operator to None, run_after=None
[2024-11-14T08:08:00.481+0000] {processor.py:208} INFO - Processing /home/airflow/.local/lib/python3.12/site-packages/airflow/example_dags/example_short_circuit_operator.py took 0.372 seconds
[2024-11-14T08:08:30.747+0000] {processor.py:186} INFO - Started process (PID=139) to work on /home/airflow/.local/lib/python3.12/site-packages/airflow/example_dags/example_short_circuit_operator.py
[2024-11-14T08:08:30.748+0000] {processor.py:914} INFO - Processing file /home/airflow/.local/lib/python3.12/site-packages/airflow/example_dags/example_short_circuit_operator.py for tasks to queue
[2024-11-14T08:08:30.753+0000] {logging_mixin.py:190} INFO - [2024-11-14T08:08:30.752+0000] {dagbag.py:588} INFO - Filling up the DagBag from /home/airflow/.local/lib/python3.12/site-packages/airflow/example_dags/example_short_circuit_operator.py
[2024-11-14T08:08:30.763+0000] {processor.py:925} INFO - DAG(s) 'example_short_circuit_operator' retrieved from /home/airflow/.local/lib/python3.12/site-packages/airflow/example_dags/example_short_circuit_operator.py
[2024-11-14T08:08:30.807+0000] {logging_mixin.py:190} INFO - [2024-11-14T08:08:30.807+0000] {dag.py:3239} INFO - Sync 1 DAGs
[2024-11-14T08:08:30.838+0000] {logging_mixin.py:190} INFO - [2024-11-14T08:08:30.837+0000] {dag.py:4180} INFO - Setting next_dagrun for example_short_circuit_operator to None, run_after=None
[2024-11-14T08:08:30.886+0000] {processor.py:208} INFO - Processing /home/airflow/.local/lib/python3.12/site-packages/airflow/example_dags/example_short_circuit_operator.py took 0.146 seconds
[2024-11-14T08:09:01.563+0000] {processor.py:186} INFO - Started process (PID=207) to work on /home/airflow/.local/lib/python3.12/site-packages/airflow/example_dags/example_short_circuit_operator.py
[2024-11-14T08:09:01.564+0000] {processor.py:914} INFO - Processing file /home/airflow/.local/lib/python3.12/site-packages/airflow/example_dags/example_short_circuit_operator.py for tasks to queue
[2024-11-14T08:09:01.568+0000] {logging_mixin.py:190} INFO - [2024-11-14T08:09:01.567+0000] {dagbag.py:588} INFO - Filling up the DagBag from /home/airflow/.local/lib/python3.12/site-packages/airflow/example_dags/example_short_circuit_operator.py
[2024-11-14T08:09:01.576+0000] {processor.py:925} INFO - DAG(s) 'example_short_circuit_operator' retrieved from /home/airflow/.local/lib/python3.12/site-packages/airflow/example_dags/example_short_circuit_operator.py
[2024-11-14T08:09:01.602+0000] {logging_mixin.py:190} INFO - [2024-11-14T08:09:01.602+0000] {dag.py:3239} INFO - Sync 1 DAGs
[2024-11-14T08:09:01.616+0000] {logging_mixin.py:190} INFO - [2024-11-14T08:09:01.616+0000] {dag.py:4180} INFO - Setting next_dagrun for example_short_circuit_operator to None, run_after=None
[2024-11-14T08:09:01.640+0000] {processor.py:208} INFO - Processing /home/airflow/.local/lib/python3.12/site-packages/airflow/example_dags/example_short_circuit_operator.py took 0.083 seconds
[2024-11-14T08:15:21.431+0000] {processor.py:186} INFO - Started process (PID=84) to work on /home/airflow/.local/lib/python3.12/site-packages/airflow/example_dags/example_short_circuit_operator.py
[2024-11-14T08:15:21.432+0000] {processor.py:914} INFO - Processing file /home/airflow/.local/lib/python3.12/site-packages/airflow/example_dags/example_short_circuit_operator.py for tasks to queue
[2024-11-14T08:15:21.439+0000] {logging_mixin.py:190} INFO - [2024-11-14T08:15:21.438+0000] {dagbag.py:588} INFO - Filling up the DagBag from /home/airflow/.local/lib/python3.12/site-packages/airflow/example_dags/example_short_circuit_operator.py
[2024-11-14T08:15:21.450+0000] {processor.py:925} INFO - DAG(s) 'example_short_circuit_operator' retrieved from /home/airflow/.local/lib/python3.12/site-packages/airflow/example_dags/example_short_circuit_operator.py
[2024-11-14T08:15:21.590+0000] {logging_mixin.py:190} INFO - [2024-11-14T08:15:21.589+0000] {override.py:1900} INFO - Created Permission View: can edit on DAG:example_short_circuit_operator
[2024-11-14T08:15:21.603+0000] {logging_mixin.py:190} INFO - [2024-11-14T08:15:21.603+0000] {override.py:1900} INFO - Created Permission View: can delete on DAG:example_short_circuit_operator
[2024-11-14T08:15:21.613+0000] {logging_mixin.py:190} INFO - [2024-11-14T08:15:21.613+0000] {override.py:1900} INFO - Created Permission View: can read on DAG:example_short_circuit_operator
[2024-11-14T08:15:21.625+0000] {logging_mixin.py:190} INFO - [2024-11-14T08:15:21.625+0000] {override.py:1900} INFO - Created Permission View: can delete on DAG Run:example_short_circuit_operator
[2024-11-14T08:15:21.635+0000] {logging_mixin.py:190} INFO - [2024-11-14T08:15:21.634+0000] {override.py:1900} INFO - Created Permission View: can read on DAG Run:example_short_circuit_operator
[2024-11-14T08:15:21.644+0000] {logging_mixin.py:190} INFO - [2024-11-14T08:15:21.644+0000] {override.py:1900} INFO - Created Permission View: can create on DAG Run:example_short_circuit_operator
[2024-11-14T08:15:21.653+0000] {logging_mixin.py:190} INFO - [2024-11-14T08:15:21.652+0000] {override.py:1900} INFO - Created Permission View: menu access on DAG Run:example_short_circuit_operator
[2024-11-14T08:15:21.654+0000] {logging_mixin.py:190} INFO - [2024-11-14T08:15:21.654+0000] {dag.py:3239} INFO - Sync 1 DAGs
[2024-11-14T08:15:21.671+0000] {logging_mixin.py:190} INFO - [2024-11-14T08:15:21.671+0000] {dag.py:3262} INFO - Creating ORM DAG for example_short_circuit_operator
[2024-11-14T08:15:21.672+0000] {logging_mixin.py:190} INFO - [2024-11-14T08:15:21.672+0000] {dag.py:4180} INFO - Setting next_dagrun for example_short_circuit_operator to None, run_after=None
[2024-11-14T08:15:21.694+0000] {processor.py:208} INFO - Processing /home/airflow/.local/lib/python3.12/site-packages/airflow/example_dags/example_short_circuit_operator.py took 0.269 seconds
[2024-11-14T08:16:12.663+0000] {processor.py:186} INFO - Started process (PID=74) to work on /home/airflow/.local/lib/python3.12/site-packages/airflow/example_dags/example_short_circuit_operator.py
[2024-11-14T08:16:12.664+0000] {processor.py:914} INFO - Processing file /home/airflow/.local/lib/python3.12/site-packages/airflow/example_dags/example_short_circuit_operator.py for tasks to queue
[2024-11-14T08:16:12.667+0000] {logging_mixin.py:190} INFO - [2024-11-14T08:16:12.666+0000] {dagbag.py:588} INFO - Filling up the DagBag from /home/airflow/.local/lib/python3.12/site-packages/airflow/example_dags/example_short_circuit_operator.py
[2024-11-14T08:16:12.679+0000] {processor.py:925} INFO - DAG(s) 'example_short_circuit_operator' retrieved from /home/airflow/.local/lib/python3.12/site-packages/airflow/example_dags/example_short_circuit_operator.py
[2024-11-14T08:16:12.715+0000] {logging_mixin.py:190} INFO - [2024-11-14T08:16:12.715+0000] {dag.py:3239} INFO - Sync 1 DAGs
[2024-11-14T08:16:12.730+0000] {logging_mixin.py:190} INFO - [2024-11-14T08:16:12.730+0000] {dag.py:4180} INFO - Setting next_dagrun for example_short_circuit_operator to None, run_after=None
[2024-11-14T08:16:12.751+0000] {processor.py:208} INFO - Processing /home/airflow/.local/lib/python3.12/site-packages/airflow/example_dags/example_short_circuit_operator.py took 0.094 seconds
[2024-11-14T08:16:48.499+0000] {processor.py:186} INFO - Started process (PID=137) to work on /home/airflow/.local/lib/python3.12/site-packages/airflow/example_dags/example_short_circuit_operator.py
[2024-11-14T08:16:48.501+0000] {processor.py:914} INFO - Processing file /home/airflow/.local/lib/python3.12/site-packages/airflow/example_dags/example_short_circuit_operator.py for tasks to queue
[2024-11-14T08:16:48.504+0000] {logging_mixin.py:190} INFO - [2024-11-14T08:16:48.504+0000] {dagbag.py:588} INFO - Filling up the DagBag from /home/airflow/.local/lib/python3.12/site-packages/airflow/example_dags/example_short_circuit_operator.py
[2024-11-14T08:16:48.513+0000] {processor.py:925} INFO - DAG(s) 'example_short_circuit_operator' retrieved from /home/airflow/.local/lib/python3.12/site-packages/airflow/example_dags/example_short_circuit_operator.py
[2024-11-14T08:16:48.539+0000] {logging_mixin.py:190} INFO - [2024-11-14T08:16:48.538+0000] {dag.py:3239} INFO - Sync 1 DAGs
[2024-11-14T08:16:48.553+0000] {logging_mixin.py:190} INFO - [2024-11-14T08:16:48.552+0000] {dag.py:4180} INFO - Setting next_dagrun for example_short_circuit_operator to None, run_after=None
[2024-11-14T08:16:48.577+0000] {processor.py:208} INFO - Processing /home/airflow/.local/lib/python3.12/site-packages/airflow/example_dags/example_short_circuit_operator.py took 0.083 seconds
[2024-11-14T08:17:19.424+0000] {processor.py:186} INFO - Started process (PID=199) to work on /home/airflow/.local/lib/python3.12/site-packages/airflow/example_dags/example_short_circuit_operator.py
[2024-11-14T08:17:19.426+0000] {processor.py:914} INFO - Processing file /home/airflow/.local/lib/python3.12/site-packages/airflow/example_dags/example_short_circuit_operator.py for tasks to queue
[2024-11-14T08:17:19.429+0000] {logging_mixin.py:190} INFO - [2024-11-14T08:17:19.428+0000] {dagbag.py:588} INFO - Filling up the DagBag from /home/airflow/.local/lib/python3.12/site-packages/airflow/example_dags/example_short_circuit_operator.py
[2024-11-14T08:17:19.437+0000] {processor.py:925} INFO - DAG(s) 'example_short_circuit_operator' retrieved from /home/airflow/.local/lib/python3.12/site-packages/airflow/example_dags/example_short_circuit_operator.py
[2024-11-14T08:17:19.474+0000] {logging_mixin.py:190} INFO - [2024-11-14T08:17:19.474+0000] {dag.py:3239} INFO - Sync 1 DAGs
[2024-11-14T08:17:19.497+0000] {logging_mixin.py:190} INFO - [2024-11-14T08:17:19.496+0000] {dag.py:4180} INFO - Setting next_dagrun for example_short_circuit_operator to None, run_after=None
[2024-11-14T08:17:19.521+0000] {processor.py:208} INFO - Processing /home/airflow/.local/lib/python3.12/site-packages/airflow/example_dags/example_short_circuit_operator.py took 0.103 seconds
[2024-11-14T08:17:55.334+0000] {processor.py:186} INFO - Started process (PID=261) to work on /home/airflow/.local/lib/python3.12/site-packages/airflow/example_dags/example_short_circuit_operator.py
[2024-11-14T08:17:55.335+0000] {processor.py:914} INFO - Processing file /home/airflow/.local/lib/python3.12/site-packages/airflow/example_dags/example_short_circuit_operator.py for tasks to queue
[2024-11-14T08:17:55.339+0000] {logging_mixin.py:190} INFO - [2024-11-14T08:17:55.339+0000] {dagbag.py:588} INFO - Filling up the DagBag from /home/airflow/.local/lib/python3.12/site-packages/airflow/example_dags/example_short_circuit_operator.py
[2024-11-14T08:17:55.349+0000] {processor.py:925} INFO - DAG(s) 'example_short_circuit_operator' retrieved from /home/airflow/.local/lib/python3.12/site-packages/airflow/example_dags/example_short_circuit_operator.py
[2024-11-14T08:17:55.379+0000] {logging_mixin.py:190} INFO - [2024-11-14T08:17:55.378+0000] {dag.py:3239} INFO - Sync 1 DAGs
[2024-11-14T08:17:55.398+0000] {logging_mixin.py:190} INFO - [2024-11-14T08:17:55.398+0000] {dag.py:4180} INFO - Setting next_dagrun for example_short_circuit_operator to None, run_after=None
[2024-11-14T08:17:55.425+0000] {processor.py:208} INFO - Processing /home/airflow/.local/lib/python3.12/site-packages/airflow/example_dags/example_short_circuit_operator.py took 0.098 seconds
[2024-11-14T08:18:25.976+0000] {processor.py:186} INFO - Started process (PID=323) to work on /home/airflow/.local/lib/python3.12/site-packages/airflow/example_dags/example_short_circuit_operator.py
[2024-11-14T08:18:25.978+0000] {processor.py:914} INFO - Processing file /home/airflow/.local/lib/python3.12/site-packages/airflow/example_dags/example_short_circuit_operator.py for tasks to queue
[2024-11-14T08:18:25.981+0000] {logging_mixin.py:190} INFO - [2024-11-14T08:18:25.981+0000] {dagbag.py:588} INFO - Filling up the DagBag from /home/airflow/.local/lib/python3.12/site-packages/airflow/example_dags/example_short_circuit_operator.py
[2024-11-14T08:18:25.994+0000] {processor.py:925} INFO - DAG(s) 'example_short_circuit_operator' retrieved from /home/airflow/.local/lib/python3.12/site-packages/airflow/example_dags/example_short_circuit_operator.py
[2024-11-14T08:18:26.027+0000] {logging_mixin.py:190} INFO - [2024-11-14T08:18:26.026+0000] {dag.py:3239} INFO - Sync 1 DAGs
[2024-11-14T08:18:26.045+0000] {logging_mixin.py:190} INFO - [2024-11-14T08:18:26.045+0000] {dag.py:4180} INFO - Setting next_dagrun for example_short_circuit_operator to None, run_after=None
[2024-11-14T08:18:26.070+0000] {processor.py:208} INFO - Processing /home/airflow/.local/lib/python3.12/site-packages/airflow/example_dags/example_short_circuit_operator.py took 0.101 seconds
