[2024-11-14T07:29:55.821+0000] {processor.py:186} INFO - Started process (PID=971) to work on /home/airflow/.local/lib/python3.12/site-packages/airflow/example_dags/example_sla_dag.py
[2024-11-14T07:29:55.822+0000] {processor.py:914} INFO - Processing file /home/airflow/.local/lib/python3.12/site-packages/airflow/example_dags/example_sla_dag.py for tasks to queue
[2024-11-14T07:29:55.827+0000] {logging_mixin.py:190} INFO - [2024-11-14T07:29:55.826+0000] {dagbag.py:588} INFO - Filling up the DagBag from /home/airflow/.local/lib/python3.12/site-packages/airflow/example_dags/example_sla_dag.py
[2024-11-14T07:29:55.846+0000] {processor.py:925} INFO - DAG(s) 'example_sla_dag' retrieved from /home/airflow/.local/lib/python3.12/site-packages/airflow/example_dags/example_sla_dag.py
[2024-11-14T07:29:55.871+0000] {logging_mixin.py:190} INFO - [2024-11-14T07:29:55.871+0000] {dag.py:3239} INFO - Sync 1 DAGs
[2024-11-14T07:29:55.903+0000] {logging_mixin.py:190} INFO - [2024-11-14T07:29:55.903+0000] {dag.py:4180} INFO - Setting next_dagrun for example_sla_dag to 2024-11-14 07:26:00+00:00, run_after=2024-11-14 07:28:00+00:00
[2024-11-14T07:29:55.927+0000] {processor.py:208} INFO - Processing /home/airflow/.local/lib/python3.12/site-packages/airflow/example_dags/example_sla_dag.py took 0.113 seconds
[2024-11-14T07:30:26.598+0000] {processor.py:186} INFO - Started process (PID=1033) to work on /home/airflow/.local/lib/python3.12/site-packages/airflow/example_dags/example_sla_dag.py
[2024-11-14T07:30:26.600+0000] {processor.py:914} INFO - Processing file /home/airflow/.local/lib/python3.12/site-packages/airflow/example_dags/example_sla_dag.py for tasks to queue
[2024-11-14T07:30:26.605+0000] {logging_mixin.py:190} INFO - [2024-11-14T07:30:26.604+0000] {dagbag.py:588} INFO - Filling up the DagBag from /home/airflow/.local/lib/python3.12/site-packages/airflow/example_dags/example_sla_dag.py
[2024-11-14T07:30:26.624+0000] {processor.py:925} INFO - DAG(s) 'example_sla_dag' retrieved from /home/airflow/.local/lib/python3.12/site-packages/airflow/example_dags/example_sla_dag.py
[2024-11-14T07:30:26.652+0000] {logging_mixin.py:190} INFO - [2024-11-14T07:30:26.652+0000] {dag.py:3239} INFO - Sync 1 DAGs
[2024-11-14T07:30:26.703+0000] {logging_mixin.py:190} INFO - [2024-11-14T07:30:26.703+0000] {dag.py:4180} INFO - Setting next_dagrun for example_sla_dag to 2024-11-14 07:28:00+00:00, run_after=2024-11-14 07:30:00+00:00
[2024-11-14T07:30:26.753+0000] {processor.py:208} INFO - Processing /home/airflow/.local/lib/python3.12/site-packages/airflow/example_dags/example_sla_dag.py took 0.164 seconds
[2024-11-14T07:30:57.749+0000] {processor.py:186} INFO - Started process (PID=1095) to work on /home/airflow/.local/lib/python3.12/site-packages/airflow/example_dags/example_sla_dag.py
[2024-11-14T07:30:57.750+0000] {processor.py:914} INFO - Processing file /home/airflow/.local/lib/python3.12/site-packages/airflow/example_dags/example_sla_dag.py for tasks to queue
[2024-11-14T07:30:57.753+0000] {logging_mixin.py:190} INFO - [2024-11-14T07:30:57.753+0000] {dagbag.py:588} INFO - Filling up the DagBag from /home/airflow/.local/lib/python3.12/site-packages/airflow/example_dags/example_sla_dag.py
[2024-11-14T07:30:57.764+0000] {processor.py:925} INFO - DAG(s) 'example_sla_dag' retrieved from /home/airflow/.local/lib/python3.12/site-packages/airflow/example_dags/example_sla_dag.py
[2024-11-14T07:30:57.788+0000] {logging_mixin.py:190} INFO - [2024-11-14T07:30:57.788+0000] {dag.py:3239} INFO - Sync 1 DAGs
[2024-11-14T07:30:57.822+0000] {logging_mixin.py:190} INFO - [2024-11-14T07:30:57.821+0000] {dag.py:4180} INFO - Setting next_dagrun for example_sla_dag to 2024-11-14 07:28:00+00:00, run_after=2024-11-14 07:30:00+00:00
[2024-11-14T07:30:57.847+0000] {processor.py:208} INFO - Processing /home/airflow/.local/lib/python3.12/site-packages/airflow/example_dags/example_sla_dag.py took 0.105 seconds
[2024-11-14T07:42:06.145+0000] {processor.py:186} INFO - Started process (PID=110) to work on /home/airflow/.local/lib/python3.12/site-packages/airflow/example_dags/example_sla_dag.py
[2024-11-14T07:42:06.147+0000] {processor.py:914} INFO - Processing file /home/airflow/.local/lib/python3.12/site-packages/airflow/example_dags/example_sla_dag.py for tasks to queue
[2024-11-14T07:42:06.150+0000] {logging_mixin.py:190} INFO - [2024-11-14T07:42:06.150+0000] {dagbag.py:588} INFO - Filling up the DagBag from /home/airflow/.local/lib/python3.12/site-packages/airflow/example_dags/example_sla_dag.py
[2024-11-14T07:42:06.164+0000] {processor.py:925} INFO - DAG(s) 'example_sla_dag' retrieved from /home/airflow/.local/lib/python3.12/site-packages/airflow/example_dags/example_sla_dag.py
[2024-11-14T07:42:06.186+0000] {logging_mixin.py:190} INFO - [2024-11-14T07:42:06.186+0000] {dag.py:3239} INFO - Sync 1 DAGs
[2024-11-14T07:42:06.213+0000] {logging_mixin.py:190} INFO - [2024-11-14T07:42:06.212+0000] {dag.py:4180} INFO - Setting next_dagrun for example_sla_dag to 2024-11-14 07:40:00+00:00, run_after=2024-11-14 07:42:00+00:00
[2024-11-14T07:42:06.234+0000] {processor.py:208} INFO - Processing /home/airflow/.local/lib/python3.12/site-packages/airflow/example_dags/example_sla_dag.py took 0.096 seconds
[2024-11-14T07:42:37.046+0000] {processor.py:186} INFO - Started process (PID=171) to work on /home/airflow/.local/lib/python3.12/site-packages/airflow/example_dags/example_sla_dag.py
[2024-11-14T07:42:37.047+0000] {processor.py:914} INFO - Processing file /home/airflow/.local/lib/python3.12/site-packages/airflow/example_dags/example_sla_dag.py for tasks to queue
[2024-11-14T07:42:37.049+0000] {logging_mixin.py:190} INFO - [2024-11-14T07:42:37.049+0000] {dagbag.py:588} INFO - Filling up the DagBag from /home/airflow/.local/lib/python3.12/site-packages/airflow/example_dags/example_sla_dag.py
[2024-11-14T07:42:37.059+0000] {processor.py:925} INFO - DAG(s) 'example_sla_dag' retrieved from /home/airflow/.local/lib/python3.12/site-packages/airflow/example_dags/example_sla_dag.py
[2024-11-14T07:42:37.080+0000] {logging_mixin.py:190} INFO - [2024-11-14T07:42:37.080+0000] {dag.py:3239} INFO - Sync 1 DAGs
[2024-11-14T07:42:37.106+0000] {logging_mixin.py:190} INFO - [2024-11-14T07:42:37.106+0000] {dag.py:4180} INFO - Setting next_dagrun for example_sla_dag to 2024-11-14 07:40:00+00:00, run_after=2024-11-14 07:42:00+00:00
[2024-11-14T07:42:37.128+0000] {processor.py:208} INFO - Processing /home/airflow/.local/lib/python3.12/site-packages/airflow/example_dags/example_sla_dag.py took 0.088 seconds
[2024-11-14T07:49:36.924+0000] {processor.py:186} INFO - Started process (PID=143) to work on /home/airflow/.local/lib/python3.12/site-packages/airflow/example_dags/example_sla_dag.py
[2024-11-14T07:49:36.926+0000] {processor.py:914} INFO - Processing file /home/airflow/.local/lib/python3.12/site-packages/airflow/example_dags/example_sla_dag.py for tasks to queue
[2024-11-14T07:49:36.930+0000] {logging_mixin.py:190} INFO - [2024-11-14T07:49:36.929+0000] {dagbag.py:588} INFO - Filling up the DagBag from /home/airflow/.local/lib/python3.12/site-packages/airflow/example_dags/example_sla_dag.py
[2024-11-14T07:49:36.941+0000] {processor.py:925} INFO - DAG(s) 'example_sla_dag' retrieved from /home/airflow/.local/lib/python3.12/site-packages/airflow/example_dags/example_sla_dag.py
[2024-11-14T07:49:36.966+0000] {logging_mixin.py:190} INFO - [2024-11-14T07:49:36.966+0000] {dag.py:3239} INFO - Sync 1 DAGs
[2024-11-14T07:49:36.997+0000] {logging_mixin.py:190} INFO - [2024-11-14T07:49:36.996+0000] {dag.py:4180} INFO - Setting next_dagrun for example_sla_dag to 2024-11-14 07:46:00+00:00, run_after=2024-11-14 07:48:00+00:00
[2024-11-14T07:49:37.025+0000] {processor.py:208} INFO - Processing /home/airflow/.local/lib/python3.12/site-packages/airflow/example_dags/example_sla_dag.py took 0.107 seconds
[2024-11-14T07:50:07.662+0000] {processor.py:186} INFO - Started process (PID=205) to work on /home/airflow/.local/lib/python3.12/site-packages/airflow/example_dags/example_sla_dag.py
[2024-11-14T07:50:07.663+0000] {processor.py:914} INFO - Processing file /home/airflow/.local/lib/python3.12/site-packages/airflow/example_dags/example_sla_dag.py for tasks to queue
[2024-11-14T07:50:07.666+0000] {logging_mixin.py:190} INFO - [2024-11-14T07:50:07.666+0000] {dagbag.py:588} INFO - Filling up the DagBag from /home/airflow/.local/lib/python3.12/site-packages/airflow/example_dags/example_sla_dag.py
[2024-11-14T07:50:07.686+0000] {processor.py:925} INFO - DAG(s) 'example_sla_dag' retrieved from /home/airflow/.local/lib/python3.12/site-packages/airflow/example_dags/example_sla_dag.py
[2024-11-14T07:50:07.708+0000] {logging_mixin.py:190} INFO - [2024-11-14T07:50:07.708+0000] {dag.py:3239} INFO - Sync 1 DAGs
[2024-11-14T07:50:07.732+0000] {logging_mixin.py:190} INFO - [2024-11-14T07:50:07.732+0000] {dag.py:4180} INFO - Setting next_dagrun for example_sla_dag to 2024-11-14 07:48:00+00:00, run_after=2024-11-14 07:50:00+00:00
[2024-11-14T07:50:07.754+0000] {processor.py:208} INFO - Processing /home/airflow/.local/lib/python3.12/site-packages/airflow/example_dags/example_sla_dag.py took 0.097 seconds
[2024-11-14T07:50:38.363+0000] {processor.py:186} INFO - Started process (PID=267) to work on /home/airflow/.local/lib/python3.12/site-packages/airflow/example_dags/example_sla_dag.py
[2024-11-14T07:50:38.365+0000] {processor.py:914} INFO - Processing file /home/airflow/.local/lib/python3.12/site-packages/airflow/example_dags/example_sla_dag.py for tasks to queue
[2024-11-14T07:50:38.369+0000] {logging_mixin.py:190} INFO - [2024-11-14T07:50:38.368+0000] {dagbag.py:588} INFO - Filling up the DagBag from /home/airflow/.local/lib/python3.12/site-packages/airflow/example_dags/example_sla_dag.py
[2024-11-14T07:50:38.384+0000] {processor.py:925} INFO - DAG(s) 'example_sla_dag' retrieved from /home/airflow/.local/lib/python3.12/site-packages/airflow/example_dags/example_sla_dag.py
[2024-11-14T07:50:38.416+0000] {logging_mixin.py:190} INFO - [2024-11-14T07:50:38.415+0000] {dag.py:3239} INFO - Sync 1 DAGs
[2024-11-14T07:50:38.455+0000] {logging_mixin.py:190} INFO - [2024-11-14T07:50:38.454+0000] {dag.py:4180} INFO - Setting next_dagrun for example_sla_dag to 2024-11-14 07:48:00+00:00, run_after=2024-11-14 07:50:00+00:00
[2024-11-14T07:50:38.482+0000] {processor.py:208} INFO - Processing /home/airflow/.local/lib/python3.12/site-packages/airflow/example_dags/example_sla_dag.py took 0.127 seconds
[2024-11-14T07:51:09.503+0000] {processor.py:186} INFO - Started process (PID=329) to work on /home/airflow/.local/lib/python3.12/site-packages/airflow/example_dags/example_sla_dag.py
[2024-11-14T07:51:09.505+0000] {processor.py:914} INFO - Processing file /home/airflow/.local/lib/python3.12/site-packages/airflow/example_dags/example_sla_dag.py for tasks to queue
[2024-11-14T07:51:09.509+0000] {logging_mixin.py:190} INFO - [2024-11-14T07:51:09.508+0000] {dagbag.py:588} INFO - Filling up the DagBag from /home/airflow/.local/lib/python3.12/site-packages/airflow/example_dags/example_sla_dag.py
[2024-11-14T07:51:09.523+0000] {processor.py:925} INFO - DAG(s) 'example_sla_dag' retrieved from /home/airflow/.local/lib/python3.12/site-packages/airflow/example_dags/example_sla_dag.py
[2024-11-14T07:51:09.552+0000] {logging_mixin.py:190} INFO - [2024-11-14T07:51:09.551+0000] {dag.py:3239} INFO - Sync 1 DAGs
[2024-11-14T07:51:09.585+0000] {logging_mixin.py:190} INFO - [2024-11-14T07:51:09.585+0000] {dag.py:4180} INFO - Setting next_dagrun for example_sla_dag to 2024-11-14 07:48:00+00:00, run_after=2024-11-14 07:50:00+00:00
[2024-11-14T07:51:09.609+0000] {processor.py:208} INFO - Processing /home/airflow/.local/lib/python3.12/site-packages/airflow/example_dags/example_sla_dag.py took 0.122 seconds
[2024-11-14T07:51:40.447+0000] {processor.py:186} INFO - Started process (PID=391) to work on /home/airflow/.local/lib/python3.12/site-packages/airflow/example_dags/example_sla_dag.py
[2024-11-14T07:51:40.448+0000] {processor.py:914} INFO - Processing file /home/airflow/.local/lib/python3.12/site-packages/airflow/example_dags/example_sla_dag.py for tasks to queue
[2024-11-14T07:51:40.451+0000] {logging_mixin.py:190} INFO - [2024-11-14T07:51:40.451+0000] {dagbag.py:588} INFO - Filling up the DagBag from /home/airflow/.local/lib/python3.12/site-packages/airflow/example_dags/example_sla_dag.py
[2024-11-14T07:51:40.464+0000] {processor.py:925} INFO - DAG(s) 'example_sla_dag' retrieved from /home/airflow/.local/lib/python3.12/site-packages/airflow/example_dags/example_sla_dag.py
[2024-11-14T07:51:40.487+0000] {logging_mixin.py:190} INFO - [2024-11-14T07:51:40.487+0000] {dag.py:3239} INFO - Sync 1 DAGs
[2024-11-14T07:51:40.517+0000] {logging_mixin.py:190} INFO - [2024-11-14T07:51:40.517+0000] {dag.py:4180} INFO - Setting next_dagrun for example_sla_dag to 2024-11-14 07:48:00+00:00, run_after=2024-11-14 07:50:00+00:00
[2024-11-14T07:51:40.538+0000] {processor.py:208} INFO - Processing /home/airflow/.local/lib/python3.12/site-packages/airflow/example_dags/example_sla_dag.py took 0.098 seconds
[2024-11-14T07:52:10.842+0000] {processor.py:186} INFO - Started process (PID=453) to work on /home/airflow/.local/lib/python3.12/site-packages/airflow/example_dags/example_sla_dag.py
[2024-11-14T07:52:10.844+0000] {processor.py:914} INFO - Processing file /home/airflow/.local/lib/python3.12/site-packages/airflow/example_dags/example_sla_dag.py for tasks to queue
[2024-11-14T07:52:10.848+0000] {logging_mixin.py:190} INFO - [2024-11-14T07:52:10.847+0000] {dagbag.py:588} INFO - Filling up the DagBag from /home/airflow/.local/lib/python3.12/site-packages/airflow/example_dags/example_sla_dag.py
[2024-11-14T07:52:10.863+0000] {processor.py:925} INFO - DAG(s) 'example_sla_dag' retrieved from /home/airflow/.local/lib/python3.12/site-packages/airflow/example_dags/example_sla_dag.py
[2024-11-14T07:52:10.890+0000] {logging_mixin.py:190} INFO - [2024-11-14T07:52:10.890+0000] {dag.py:3239} INFO - Sync 1 DAGs
[2024-11-14T07:52:10.936+0000] {logging_mixin.py:190} INFO - [2024-11-14T07:52:10.935+0000] {dag.py:4180} INFO - Setting next_dagrun for example_sla_dag to 2024-11-14 07:50:00+00:00, run_after=2024-11-14 07:52:00+00:00
[2024-11-14T07:52:10.977+0000] {processor.py:208} INFO - Processing /home/airflow/.local/lib/python3.12/site-packages/airflow/example_dags/example_sla_dag.py took 0.142 seconds
[2024-11-14T07:52:41.927+0000] {processor.py:186} INFO - Started process (PID=515) to work on /home/airflow/.local/lib/python3.12/site-packages/airflow/example_dags/example_sla_dag.py
[2024-11-14T07:52:41.928+0000] {processor.py:914} INFO - Processing file /home/airflow/.local/lib/python3.12/site-packages/airflow/example_dags/example_sla_dag.py for tasks to queue
[2024-11-14T07:52:41.931+0000] {logging_mixin.py:190} INFO - [2024-11-14T07:52:41.931+0000] {dagbag.py:588} INFO - Filling up the DagBag from /home/airflow/.local/lib/python3.12/site-packages/airflow/example_dags/example_sla_dag.py
[2024-11-14T07:52:41.943+0000] {processor.py:925} INFO - DAG(s) 'example_sla_dag' retrieved from /home/airflow/.local/lib/python3.12/site-packages/airflow/example_dags/example_sla_dag.py
[2024-11-14T07:52:41.964+0000] {logging_mixin.py:190} INFO - [2024-11-14T07:52:41.964+0000] {dag.py:3239} INFO - Sync 1 DAGs
[2024-11-14T07:52:41.994+0000] {logging_mixin.py:190} INFO - [2024-11-14T07:52:41.993+0000] {dag.py:4180} INFO - Setting next_dagrun for example_sla_dag to 2024-11-14 07:50:00+00:00, run_after=2024-11-14 07:52:00+00:00
[2024-11-14T07:52:42.022+0000] {processor.py:208} INFO - Processing /home/airflow/.local/lib/python3.12/site-packages/airflow/example_dags/example_sla_dag.py took 0.102 seconds
[2024-11-14T07:53:12.480+0000] {processor.py:186} INFO - Started process (PID=577) to work on /home/airflow/.local/lib/python3.12/site-packages/airflow/example_dags/example_sla_dag.py
[2024-11-14T07:53:12.481+0000] {processor.py:914} INFO - Processing file /home/airflow/.local/lib/python3.12/site-packages/airflow/example_dags/example_sla_dag.py for tasks to queue
[2024-11-14T07:53:12.485+0000] {logging_mixin.py:190} INFO - [2024-11-14T07:53:12.484+0000] {dagbag.py:588} INFO - Filling up the DagBag from /home/airflow/.local/lib/python3.12/site-packages/airflow/example_dags/example_sla_dag.py
[2024-11-14T07:53:12.497+0000] {processor.py:925} INFO - DAG(s) 'example_sla_dag' retrieved from /home/airflow/.local/lib/python3.12/site-packages/airflow/example_dags/example_sla_dag.py
[2024-11-14T07:53:12.520+0000] {logging_mixin.py:190} INFO - [2024-11-14T07:53:12.520+0000] {dag.py:3239} INFO - Sync 1 DAGs
[2024-11-14T07:53:12.548+0000] {logging_mixin.py:190} INFO - [2024-11-14T07:53:12.547+0000] {dag.py:4180} INFO - Setting next_dagrun for example_sla_dag to 2024-11-14 07:50:00+00:00, run_after=2024-11-14 07:52:00+00:00
[2024-11-14T07:53:12.569+0000] {processor.py:208} INFO - Processing /home/airflow/.local/lib/python3.12/site-packages/airflow/example_dags/example_sla_dag.py took 0.100 seconds
[2024-11-14T07:53:43.342+0000] {processor.py:186} INFO - Started process (PID=645) to work on /home/airflow/.local/lib/python3.12/site-packages/airflow/example_dags/example_sla_dag.py
[2024-11-14T07:53:43.346+0000] {processor.py:914} INFO - Processing file /home/airflow/.local/lib/python3.12/site-packages/airflow/example_dags/example_sla_dag.py for tasks to queue
[2024-11-14T07:53:43.349+0000] {logging_mixin.py:190} INFO - [2024-11-14T07:53:43.349+0000] {dagbag.py:588} INFO - Filling up the DagBag from /home/airflow/.local/lib/python3.12/site-packages/airflow/example_dags/example_sla_dag.py
[2024-11-14T07:53:43.363+0000] {processor.py:925} INFO - DAG(s) 'example_sla_dag' retrieved from /home/airflow/.local/lib/python3.12/site-packages/airflow/example_dags/example_sla_dag.py
[2024-11-14T07:53:43.386+0000] {logging_mixin.py:190} INFO - [2024-11-14T07:53:43.385+0000] {dag.py:3239} INFO - Sync 1 DAGs
[2024-11-14T07:53:43.415+0000] {logging_mixin.py:190} INFO - [2024-11-14T07:53:43.415+0000] {dag.py:4180} INFO - Setting next_dagrun for example_sla_dag to 2024-11-14 07:50:00+00:00, run_after=2024-11-14 07:52:00+00:00
[2024-11-14T07:53:43.446+0000] {processor.py:208} INFO - Processing /home/airflow/.local/lib/python3.12/site-packages/airflow/example_dags/example_sla_dag.py took 0.111 seconds
[2024-11-14T07:54:13.888+0000] {processor.py:186} INFO - Started process (PID=707) to work on /home/airflow/.local/lib/python3.12/site-packages/airflow/example_dags/example_sla_dag.py
[2024-11-14T07:54:13.890+0000] {processor.py:914} INFO - Processing file /home/airflow/.local/lib/python3.12/site-packages/airflow/example_dags/example_sla_dag.py for tasks to queue
[2024-11-14T07:54:13.894+0000] {logging_mixin.py:190} INFO - [2024-11-14T07:54:13.893+0000] {dagbag.py:588} INFO - Filling up the DagBag from /home/airflow/.local/lib/python3.12/site-packages/airflow/example_dags/example_sla_dag.py
[2024-11-14T07:54:13.907+0000] {processor.py:925} INFO - DAG(s) 'example_sla_dag' retrieved from /home/airflow/.local/lib/python3.12/site-packages/airflow/example_dags/example_sla_dag.py
[2024-11-14T07:54:13.931+0000] {logging_mixin.py:190} INFO - [2024-11-14T07:54:13.931+0000] {dag.py:3239} INFO - Sync 1 DAGs
[2024-11-14T07:54:13.965+0000] {logging_mixin.py:190} INFO - [2024-11-14T07:54:13.965+0000] {dag.py:4180} INFO - Setting next_dagrun for example_sla_dag to 2024-11-14 07:52:00+00:00, run_after=2024-11-14 07:54:00+00:00
[2024-11-14T07:54:13.991+0000] {processor.py:208} INFO - Processing /home/airflow/.local/lib/python3.12/site-packages/airflow/example_dags/example_sla_dag.py took 0.111 seconds
[2024-11-14T07:54:44.557+0000] {processor.py:186} INFO - Started process (PID=769) to work on /home/airflow/.local/lib/python3.12/site-packages/airflow/example_dags/example_sla_dag.py
[2024-11-14T07:54:44.558+0000] {processor.py:914} INFO - Processing file /home/airflow/.local/lib/python3.12/site-packages/airflow/example_dags/example_sla_dag.py for tasks to queue
[2024-11-14T07:54:44.561+0000] {logging_mixin.py:190} INFO - [2024-11-14T07:54:44.560+0000] {dagbag.py:588} INFO - Filling up the DagBag from /home/airflow/.local/lib/python3.12/site-packages/airflow/example_dags/example_sla_dag.py
[2024-11-14T07:54:44.572+0000] {processor.py:925} INFO - DAG(s) 'example_sla_dag' retrieved from /home/airflow/.local/lib/python3.12/site-packages/airflow/example_dags/example_sla_dag.py
[2024-11-14T07:54:44.596+0000] {logging_mixin.py:190} INFO - [2024-11-14T07:54:44.595+0000] {dag.py:3239} INFO - Sync 1 DAGs
[2024-11-14T07:54:44.625+0000] {logging_mixin.py:190} INFO - [2024-11-14T07:54:44.625+0000] {dag.py:4180} INFO - Setting next_dagrun for example_sla_dag to 2024-11-14 07:52:00+00:00, run_after=2024-11-14 07:54:00+00:00
[2024-11-14T07:54:44.648+0000] {processor.py:208} INFO - Processing /home/airflow/.local/lib/python3.12/site-packages/airflow/example_dags/example_sla_dag.py took 0.099 seconds
[2024-11-14T07:55:15.203+0000] {processor.py:186} INFO - Started process (PID=831) to work on /home/airflow/.local/lib/python3.12/site-packages/airflow/example_dags/example_sla_dag.py
[2024-11-14T07:55:15.204+0000] {processor.py:914} INFO - Processing file /home/airflow/.local/lib/python3.12/site-packages/airflow/example_dags/example_sla_dag.py for tasks to queue
[2024-11-14T07:55:15.207+0000] {logging_mixin.py:190} INFO - [2024-11-14T07:55:15.206+0000] {dagbag.py:588} INFO - Filling up the DagBag from /home/airflow/.local/lib/python3.12/site-packages/airflow/example_dags/example_sla_dag.py
[2024-11-14T07:55:15.222+0000] {processor.py:925} INFO - DAG(s) 'example_sla_dag' retrieved from /home/airflow/.local/lib/python3.12/site-packages/airflow/example_dags/example_sla_dag.py
[2024-11-14T07:55:15.246+0000] {logging_mixin.py:190} INFO - [2024-11-14T07:55:15.245+0000] {dag.py:3239} INFO - Sync 1 DAGs
[2024-11-14T07:55:15.280+0000] {logging_mixin.py:190} INFO - [2024-11-14T07:55:15.280+0000] {dag.py:4180} INFO - Setting next_dagrun for example_sla_dag to 2024-11-14 07:52:00+00:00, run_after=2024-11-14 07:54:00+00:00
[2024-11-14T07:55:15.306+0000] {processor.py:208} INFO - Processing /home/airflow/.local/lib/python3.12/site-packages/airflow/example_dags/example_sla_dag.py took 0.109 seconds
[2024-11-14T07:55:45.959+0000] {processor.py:186} INFO - Started process (PID=893) to work on /home/airflow/.local/lib/python3.12/site-packages/airflow/example_dags/example_sla_dag.py
[2024-11-14T07:55:45.960+0000] {processor.py:914} INFO - Processing file /home/airflow/.local/lib/python3.12/site-packages/airflow/example_dags/example_sla_dag.py for tasks to queue
[2024-11-14T07:55:45.962+0000] {logging_mixin.py:190} INFO - [2024-11-14T07:55:45.962+0000] {dagbag.py:588} INFO - Filling up the DagBag from /home/airflow/.local/lib/python3.12/site-packages/airflow/example_dags/example_sla_dag.py
[2024-11-14T07:55:45.973+0000] {processor.py:925} INFO - DAG(s) 'example_sla_dag' retrieved from /home/airflow/.local/lib/python3.12/site-packages/airflow/example_dags/example_sla_dag.py
[2024-11-14T07:55:45.992+0000] {logging_mixin.py:190} INFO - [2024-11-14T07:55:45.992+0000] {dag.py:3239} INFO - Sync 1 DAGs
[2024-11-14T07:55:46.023+0000] {logging_mixin.py:190} INFO - [2024-11-14T07:55:46.023+0000] {dag.py:4180} INFO - Setting next_dagrun for example_sla_dag to 2024-11-14 07:52:00+00:00, run_after=2024-11-14 07:54:00+00:00
[2024-11-14T07:55:46.043+0000] {processor.py:208} INFO - Processing /home/airflow/.local/lib/python3.12/site-packages/airflow/example_dags/example_sla_dag.py took 0.091 seconds
[2024-11-14T07:56:16.542+0000] {processor.py:186} INFO - Started process (PID=954) to work on /home/airflow/.local/lib/python3.12/site-packages/airflow/example_dags/example_sla_dag.py
[2024-11-14T07:56:16.543+0000] {processor.py:914} INFO - Processing file /home/airflow/.local/lib/python3.12/site-packages/airflow/example_dags/example_sla_dag.py for tasks to queue
[2024-11-14T07:56:16.546+0000] {logging_mixin.py:190} INFO - [2024-11-14T07:56:16.546+0000] {dagbag.py:588} INFO - Filling up the DagBag from /home/airflow/.local/lib/python3.12/site-packages/airflow/example_dags/example_sla_dag.py
[2024-11-14T07:56:16.558+0000] {processor.py:925} INFO - DAG(s) 'example_sla_dag' retrieved from /home/airflow/.local/lib/python3.12/site-packages/airflow/example_dags/example_sla_dag.py
[2024-11-14T07:56:16.580+0000] {logging_mixin.py:190} INFO - [2024-11-14T07:56:16.579+0000] {dag.py:3239} INFO - Sync 1 DAGs
[2024-11-14T07:56:16.606+0000] {logging_mixin.py:190} INFO - [2024-11-14T07:56:16.606+0000] {dag.py:4180} INFO - Setting next_dagrun for example_sla_dag to 2024-11-14 07:54:00+00:00, run_after=2024-11-14 07:56:00+00:00
[2024-11-14T07:56:16.628+0000] {processor.py:208} INFO - Processing /home/airflow/.local/lib/python3.12/site-packages/airflow/example_dags/example_sla_dag.py took 0.091 seconds
[2024-11-14T07:56:47.024+0000] {processor.py:186} INFO - Started process (PID=1016) to work on /home/airflow/.local/lib/python3.12/site-packages/airflow/example_dags/example_sla_dag.py
[2024-11-14T07:56:47.026+0000] {processor.py:914} INFO - Processing file /home/airflow/.local/lib/python3.12/site-packages/airflow/example_dags/example_sla_dag.py for tasks to queue
[2024-11-14T07:56:47.029+0000] {logging_mixin.py:190} INFO - [2024-11-14T07:56:47.029+0000] {dagbag.py:588} INFO - Filling up the DagBag from /home/airflow/.local/lib/python3.12/site-packages/airflow/example_dags/example_sla_dag.py
[2024-11-14T07:56:47.044+0000] {processor.py:925} INFO - DAG(s) 'example_sla_dag' retrieved from /home/airflow/.local/lib/python3.12/site-packages/airflow/example_dags/example_sla_dag.py
[2024-11-14T07:56:47.065+0000] {logging_mixin.py:190} INFO - [2024-11-14T07:56:47.064+0000] {dag.py:3239} INFO - Sync 1 DAGs
[2024-11-14T07:56:47.099+0000] {logging_mixin.py:190} INFO - [2024-11-14T07:56:47.099+0000] {dag.py:4180} INFO - Setting next_dagrun for example_sla_dag to 2024-11-14 07:54:00+00:00, run_after=2024-11-14 07:56:00+00:00
[2024-11-14T07:56:47.125+0000] {processor.py:208} INFO - Processing /home/airflow/.local/lib/python3.12/site-packages/airflow/example_dags/example_sla_dag.py took 0.109 seconds
[2024-11-14T07:57:17.455+0000] {processor.py:186} INFO - Started process (PID=1078) to work on /home/airflow/.local/lib/python3.12/site-packages/airflow/example_dags/example_sla_dag.py
[2024-11-14T07:57:17.456+0000] {processor.py:914} INFO - Processing file /home/airflow/.local/lib/python3.12/site-packages/airflow/example_dags/example_sla_dag.py for tasks to queue
[2024-11-14T07:57:17.460+0000] {logging_mixin.py:190} INFO - [2024-11-14T07:57:17.459+0000] {dagbag.py:588} INFO - Filling up the DagBag from /home/airflow/.local/lib/python3.12/site-packages/airflow/example_dags/example_sla_dag.py
[2024-11-14T07:57:17.472+0000] {processor.py:925} INFO - DAG(s) 'example_sla_dag' retrieved from /home/airflow/.local/lib/python3.12/site-packages/airflow/example_dags/example_sla_dag.py
[2024-11-14T07:57:17.499+0000] {logging_mixin.py:190} INFO - [2024-11-14T07:57:17.498+0000] {dag.py:3239} INFO - Sync 1 DAGs
[2024-11-14T07:57:17.531+0000] {logging_mixin.py:190} INFO - [2024-11-14T07:57:17.531+0000] {dag.py:4180} INFO - Setting next_dagrun for example_sla_dag to 2024-11-14 07:54:00+00:00, run_after=2024-11-14 07:56:00+00:00
[2024-11-14T07:57:17.557+0000] {processor.py:208} INFO - Processing /home/airflow/.local/lib/python3.12/site-packages/airflow/example_dags/example_sla_dag.py took 0.109 seconds
[2024-11-14T08:08:04.921+0000] {processor.py:186} INFO - Started process (PID=110) to work on /home/airflow/.local/lib/python3.12/site-packages/airflow/example_dags/example_sla_dag.py
[2024-11-14T08:08:04.923+0000] {processor.py:914} INFO - Processing file /home/airflow/.local/lib/python3.12/site-packages/airflow/example_dags/example_sla_dag.py for tasks to queue
[2024-11-14T08:08:04.927+0000] {logging_mixin.py:190} INFO - [2024-11-14T08:08:04.926+0000] {dagbag.py:588} INFO - Filling up the DagBag from /home/airflow/.local/lib/python3.12/site-packages/airflow/example_dags/example_sla_dag.py
[2024-11-14T08:08:04.946+0000] {processor.py:925} INFO - DAG(s) 'example_sla_dag' retrieved from /home/airflow/.local/lib/python3.12/site-packages/airflow/example_dags/example_sla_dag.py
[2024-11-14T08:08:04.986+0000] {logging_mixin.py:190} INFO - [2024-11-14T08:08:04.986+0000] {dag.py:3239} INFO - Sync 1 DAGs
[2024-11-14T08:08:05.038+0000] {logging_mixin.py:190} INFO - [2024-11-14T08:08:05.037+0000] {dag.py:4180} INFO - Setting next_dagrun for example_sla_dag to 2024-11-14 08:06:00+00:00, run_after=2024-11-14 08:08:00+00:00
[2024-11-14T08:08:05.074+0000] {processor.py:208} INFO - Processing /home/airflow/.local/lib/python3.12/site-packages/airflow/example_dags/example_sla_dag.py took 0.161 seconds
[2024-11-14T08:08:35.319+0000] {processor.py:186} INFO - Started process (PID=172) to work on /home/airflow/.local/lib/python3.12/site-packages/airflow/example_dags/example_sla_dag.py
[2024-11-14T08:08:35.321+0000] {processor.py:914} INFO - Processing file /home/airflow/.local/lib/python3.12/site-packages/airflow/example_dags/example_sla_dag.py for tasks to queue
[2024-11-14T08:08:35.324+0000] {logging_mixin.py:190} INFO - [2024-11-14T08:08:35.324+0000] {dagbag.py:588} INFO - Filling up the DagBag from /home/airflow/.local/lib/python3.12/site-packages/airflow/example_dags/example_sla_dag.py
[2024-11-14T08:08:35.335+0000] {processor.py:925} INFO - DAG(s) 'example_sla_dag' retrieved from /home/airflow/.local/lib/python3.12/site-packages/airflow/example_dags/example_sla_dag.py
[2024-11-14T08:08:35.357+0000] {logging_mixin.py:190} INFO - [2024-11-14T08:08:35.357+0000] {dag.py:3239} INFO - Sync 1 DAGs
[2024-11-14T08:08:35.395+0000] {logging_mixin.py:190} INFO - [2024-11-14T08:08:35.395+0000] {dag.py:4180} INFO - Setting next_dagrun for example_sla_dag to 2024-11-14 08:06:00+00:00, run_after=2024-11-14 08:08:00+00:00
[2024-11-14T08:08:35.421+0000] {processor.py:208} INFO - Processing /home/airflow/.local/lib/python3.12/site-packages/airflow/example_dags/example_sla_dag.py took 0.112 seconds
[2024-11-14T08:15:27.450+0000] {processor.py:186} INFO - Started process (PID=111) to work on /home/airflow/.local/lib/python3.12/site-packages/airflow/example_dags/example_sla_dag.py
[2024-11-14T08:15:27.451+0000] {processor.py:914} INFO - Processing file /home/airflow/.local/lib/python3.12/site-packages/airflow/example_dags/example_sla_dag.py for tasks to queue
[2024-11-14T08:15:27.455+0000] {logging_mixin.py:190} INFO - [2024-11-14T08:15:27.455+0000] {dagbag.py:588} INFO - Filling up the DagBag from /home/airflow/.local/lib/python3.12/site-packages/airflow/example_dags/example_sla_dag.py
[2024-11-14T08:15:27.469+0000] {processor.py:925} INFO - DAG(s) 'example_sla_dag' retrieved from /home/airflow/.local/lib/python3.12/site-packages/airflow/example_dags/example_sla_dag.py
[2024-11-14T08:15:27.589+0000] {logging_mixin.py:190} INFO - [2024-11-14T08:15:27.588+0000] {override.py:1900} INFO - Created Permission View: can edit on DAG:example_sla_dag
[2024-11-14T08:15:27.603+0000] {logging_mixin.py:190} INFO - [2024-11-14T08:15:27.603+0000] {override.py:1900} INFO - Created Permission View: can delete on DAG:example_sla_dag
[2024-11-14T08:15:27.613+0000] {logging_mixin.py:190} INFO - [2024-11-14T08:15:27.613+0000] {override.py:1900} INFO - Created Permission View: can read on DAG:example_sla_dag
[2024-11-14T08:15:27.626+0000] {logging_mixin.py:190} INFO - [2024-11-14T08:15:27.626+0000] {override.py:1900} INFO - Created Permission View: can delete on DAG Run:example_sla_dag
[2024-11-14T08:15:27.635+0000] {logging_mixin.py:190} INFO - [2024-11-14T08:15:27.635+0000] {override.py:1900} INFO - Created Permission View: can read on DAG Run:example_sla_dag
[2024-11-14T08:15:27.645+0000] {logging_mixin.py:190} INFO - [2024-11-14T08:15:27.645+0000] {override.py:1900} INFO - Created Permission View: can create on DAG Run:example_sla_dag
[2024-11-14T08:15:27.655+0000] {logging_mixin.py:190} INFO - [2024-11-14T08:15:27.654+0000] {override.py:1900} INFO - Created Permission View: menu access on DAG Run:example_sla_dag
[2024-11-14T08:15:27.656+0000] {logging_mixin.py:190} INFO - [2024-11-14T08:15:27.655+0000] {dag.py:3239} INFO - Sync 1 DAGs
[2024-11-14T08:15:27.672+0000] {logging_mixin.py:190} INFO - [2024-11-14T08:15:27.672+0000] {dag.py:3262} INFO - Creating ORM DAG for example_sla_dag
[2024-11-14T08:15:27.687+0000] {logging_mixin.py:190} INFO - [2024-11-14T08:15:27.686+0000] {dag.py:4180} INFO - Setting next_dagrun for example_sla_dag to 2024-11-14 08:12:00+00:00, run_after=2024-11-14 08:14:00+00:00
[2024-11-14T08:15:27.707+0000] {processor.py:208} INFO - Processing /home/airflow/.local/lib/python3.12/site-packages/airflow/example_dags/example_sla_dag.py took 0.264 seconds
[2024-11-14T08:16:15.250+0000] {processor.py:186} INFO - Started process (PID=101) to work on /home/airflow/.local/lib/python3.12/site-packages/airflow/example_dags/example_sla_dag.py
[2024-11-14T08:16:15.251+0000] {processor.py:914} INFO - Processing file /home/airflow/.local/lib/python3.12/site-packages/airflow/example_dags/example_sla_dag.py for tasks to queue
[2024-11-14T08:16:15.255+0000] {logging_mixin.py:190} INFO - [2024-11-14T08:16:15.254+0000] {dagbag.py:588} INFO - Filling up the DagBag from /home/airflow/.local/lib/python3.12/site-packages/airflow/example_dags/example_sla_dag.py
[2024-11-14T08:16:15.264+0000] {processor.py:925} INFO - DAG(s) 'example_sla_dag' retrieved from /home/airflow/.local/lib/python3.12/site-packages/airflow/example_dags/example_sla_dag.py
[2024-11-14T08:16:15.288+0000] {logging_mixin.py:190} INFO - [2024-11-14T08:16:15.288+0000] {dag.py:3239} INFO - Sync 1 DAGs
[2024-11-14T08:16:15.317+0000] {logging_mixin.py:190} INFO - [2024-11-14T08:16:15.317+0000] {dag.py:4180} INFO - Setting next_dagrun for example_sla_dag to 2024-11-14 08:14:00+00:00, run_after=2024-11-14 08:16:00+00:00
[2024-11-14T08:16:15.337+0000] {processor.py:208} INFO - Processing /home/airflow/.local/lib/python3.12/site-packages/airflow/example_dags/example_sla_dag.py took 0.093 seconds
[2024-11-14T08:16:50.664+0000] {processor.py:186} INFO - Started process (PID=164) to work on /home/airflow/.local/lib/python3.12/site-packages/airflow/example_dags/example_sla_dag.py
[2024-11-14T08:16:50.666+0000] {processor.py:914} INFO - Processing file /home/airflow/.local/lib/python3.12/site-packages/airflow/example_dags/example_sla_dag.py for tasks to queue
[2024-11-14T08:16:50.669+0000] {logging_mixin.py:190} INFO - [2024-11-14T08:16:50.668+0000] {dagbag.py:588} INFO - Filling up the DagBag from /home/airflow/.local/lib/python3.12/site-packages/airflow/example_dags/example_sla_dag.py
[2024-11-14T08:16:50.679+0000] {processor.py:925} INFO - DAG(s) 'example_sla_dag' retrieved from /home/airflow/.local/lib/python3.12/site-packages/airflow/example_dags/example_sla_dag.py
[2024-11-14T08:16:50.699+0000] {logging_mixin.py:190} INFO - [2024-11-14T08:16:50.699+0000] {dag.py:3239} INFO - Sync 1 DAGs
[2024-11-14T08:16:50.723+0000] {logging_mixin.py:190} INFO - [2024-11-14T08:16:50.723+0000] {dag.py:4180} INFO - Setting next_dagrun for example_sla_dag to 2024-11-14 08:14:00+00:00, run_after=2024-11-14 08:16:00+00:00
[2024-11-14T08:16:50.745+0000] {processor.py:208} INFO - Processing /home/airflow/.local/lib/python3.12/site-packages/airflow/example_dags/example_sla_dag.py took 0.087 seconds
[2024-11-14T08:17:21.854+0000] {processor.py:186} INFO - Started process (PID=226) to work on /home/airflow/.local/lib/python3.12/site-packages/airflow/example_dags/example_sla_dag.py
[2024-11-14T08:17:21.855+0000] {processor.py:914} INFO - Processing file /home/airflow/.local/lib/python3.12/site-packages/airflow/example_dags/example_sla_dag.py for tasks to queue
[2024-11-14T08:17:21.858+0000] {logging_mixin.py:190} INFO - [2024-11-14T08:17:21.857+0000] {dagbag.py:588} INFO - Filling up the DagBag from /home/airflow/.local/lib/python3.12/site-packages/airflow/example_dags/example_sla_dag.py
[2024-11-14T08:17:21.867+0000] {processor.py:925} INFO - DAG(s) 'example_sla_dag' retrieved from /home/airflow/.local/lib/python3.12/site-packages/airflow/example_dags/example_sla_dag.py
[2024-11-14T08:17:21.888+0000] {logging_mixin.py:190} INFO - [2024-11-14T08:17:21.887+0000] {dag.py:3239} INFO - Sync 1 DAGs
[2024-11-14T08:17:21.912+0000] {logging_mixin.py:190} INFO - [2024-11-14T08:17:21.911+0000] {dag.py:4180} INFO - Setting next_dagrun for example_sla_dag to 2024-11-14 08:14:00+00:00, run_after=2024-11-14 08:16:00+00:00
[2024-11-14T08:17:21.933+0000] {processor.py:208} INFO - Processing /home/airflow/.local/lib/python3.12/site-packages/airflow/example_dags/example_sla_dag.py took 0.085 seconds
[2024-11-14T08:17:57.694+0000] {processor.py:186} INFO - Started process (PID=288) to work on /home/airflow/.local/lib/python3.12/site-packages/airflow/example_dags/example_sla_dag.py
[2024-11-14T08:17:57.695+0000] {processor.py:914} INFO - Processing file /home/airflow/.local/lib/python3.12/site-packages/airflow/example_dags/example_sla_dag.py for tasks to queue
[2024-11-14T08:17:57.698+0000] {logging_mixin.py:190} INFO - [2024-11-14T08:17:57.698+0000] {dagbag.py:588} INFO - Filling up the DagBag from /home/airflow/.local/lib/python3.12/site-packages/airflow/example_dags/example_sla_dag.py
[2024-11-14T08:17:57.710+0000] {processor.py:925} INFO - DAG(s) 'example_sla_dag' retrieved from /home/airflow/.local/lib/python3.12/site-packages/airflow/example_dags/example_sla_dag.py
[2024-11-14T08:17:57.733+0000] {logging_mixin.py:190} INFO - [2024-11-14T08:17:57.733+0000] {dag.py:3239} INFO - Sync 1 DAGs
[2024-11-14T08:17:57.761+0000] {logging_mixin.py:190} INFO - [2024-11-14T08:17:57.761+0000] {dag.py:4180} INFO - Setting next_dagrun for example_sla_dag to 2024-11-14 08:14:00+00:00, run_after=2024-11-14 08:16:00+00:00
[2024-11-14T08:17:57.785+0000] {processor.py:208} INFO - Processing /home/airflow/.local/lib/python3.12/site-packages/airflow/example_dags/example_sla_dag.py took 0.097 seconds
[2024-11-14T08:18:28.774+0000] {processor.py:186} INFO - Started process (PID=350) to work on /home/airflow/.local/lib/python3.12/site-packages/airflow/example_dags/example_sla_dag.py
[2024-11-14T08:18:28.776+0000] {processor.py:914} INFO - Processing file /home/airflow/.local/lib/python3.12/site-packages/airflow/example_dags/example_sla_dag.py for tasks to queue
[2024-11-14T08:18:28.781+0000] {logging_mixin.py:190} INFO - [2024-11-14T08:18:28.780+0000] {dagbag.py:588} INFO - Filling up the DagBag from /home/airflow/.local/lib/python3.12/site-packages/airflow/example_dags/example_sla_dag.py
[2024-11-14T08:18:28.802+0000] {processor.py:925} INFO - DAG(s) 'example_sla_dag' retrieved from /home/airflow/.local/lib/python3.12/site-packages/airflow/example_dags/example_sla_dag.py
[2024-11-14T08:18:28.841+0000] {logging_mixin.py:190} INFO - [2024-11-14T08:18:28.841+0000] {dag.py:3239} INFO - Sync 1 DAGs
[2024-11-14T08:18:28.917+0000] {logging_mixin.py:190} INFO - [2024-11-14T08:18:28.916+0000] {dag.py:4180} INFO - Setting next_dagrun for example_sla_dag to 2024-11-14 08:16:00+00:00, run_after=2024-11-14 08:18:00+00:00
[2024-11-14T08:18:28.960+0000] {processor.py:208} INFO - Processing /home/airflow/.local/lib/python3.12/site-packages/airflow/example_dags/example_sla_dag.py took 0.199 seconds
