[2024-11-14T07:29:51.154+0000] {processor.py:186} INFO - Started process (PID=942) to work on /home/airflow/.local/lib/python3.12/site-packages/airflow/example_dags/example_latest_only.py
[2024-11-14T07:29:51.156+0000] {processor.py:914} INFO - Processing file /home/airflow/.local/lib/python3.12/site-packages/airflow/example_dags/example_latest_only.py for tasks to queue
[2024-11-14T07:29:51.163+0000] {logging_mixin.py:190} INFO - [2024-11-14T07:29:51.162+0000] {dagbag.py:588} INFO - Filling up the DagBag from /home/airflow/.local/lib/python3.12/site-packages/airflow/example_dags/example_latest_only.py
[2024-11-14T07:29:51.176+0000] {processor.py:925} INFO - DAG(s) 'latest_only' retrieved from /home/airflow/.local/lib/python3.12/site-packages/airflow/example_dags/example_latest_only.py
[2024-11-14T07:29:51.217+0000] {logging_mixin.py:190} INFO - [2024-11-14T07:29:51.216+0000] {dag.py:3239} INFO - Sync 1 DAGs
[2024-11-14T07:29:51.248+0000] {logging_mixin.py:190} INFO - [2024-11-14T07:29:51.248+0000] {dag.py:4180} INFO - Setting next_dagrun for latest_only to 2024-11-14 00:00:00+00:00, run_after=2024-11-14 04:00:00+00:00
[2024-11-14T07:29:51.270+0000] {processor.py:208} INFO - Processing /home/airflow/.local/lib/python3.12/site-packages/airflow/example_dags/example_latest_only.py took 0.123 seconds
[2024-11-14T07:30:21.815+0000] {processor.py:186} INFO - Started process (PID=1004) to work on /home/airflow/.local/lib/python3.12/site-packages/airflow/example_dags/example_latest_only.py
[2024-11-14T07:30:21.817+0000] {processor.py:914} INFO - Processing file /home/airflow/.local/lib/python3.12/site-packages/airflow/example_dags/example_latest_only.py for tasks to queue
[2024-11-14T07:30:21.820+0000] {logging_mixin.py:190} INFO - [2024-11-14T07:30:21.820+0000] {dagbag.py:588} INFO - Filling up the DagBag from /home/airflow/.local/lib/python3.12/site-packages/airflow/example_dags/example_latest_only.py
[2024-11-14T07:30:21.827+0000] {processor.py:925} INFO - DAG(s) 'latest_only' retrieved from /home/airflow/.local/lib/python3.12/site-packages/airflow/example_dags/example_latest_only.py
[2024-11-14T07:30:21.855+0000] {logging_mixin.py:190} INFO - [2024-11-14T07:30:21.855+0000] {dag.py:3239} INFO - Sync 1 DAGs
[2024-11-14T07:30:21.883+0000] {logging_mixin.py:190} INFO - [2024-11-14T07:30:21.883+0000] {dag.py:4180} INFO - Setting next_dagrun for latest_only to 2024-11-14 00:00:00+00:00, run_after=2024-11-14 04:00:00+00:00
[2024-11-14T07:30:21.906+0000] {processor.py:208} INFO - Processing /home/airflow/.local/lib/python3.12/site-packages/airflow/example_dags/example_latest_only.py took 0.096 seconds
[2024-11-14T07:30:52.025+0000] {processor.py:186} INFO - Started process (PID=1066) to work on /home/airflow/.local/lib/python3.12/site-packages/airflow/example_dags/example_latest_only.py
[2024-11-14T07:30:52.026+0000] {processor.py:914} INFO - Processing file /home/airflow/.local/lib/python3.12/site-packages/airflow/example_dags/example_latest_only.py for tasks to queue
[2024-11-14T07:30:52.030+0000] {logging_mixin.py:190} INFO - [2024-11-14T07:30:52.029+0000] {dagbag.py:588} INFO - Filling up the DagBag from /home/airflow/.local/lib/python3.12/site-packages/airflow/example_dags/example_latest_only.py
[2024-11-14T07:30:52.042+0000] {processor.py:925} INFO - DAG(s) 'latest_only' retrieved from /home/airflow/.local/lib/python3.12/site-packages/airflow/example_dags/example_latest_only.py
[2024-11-14T07:30:52.073+0000] {logging_mixin.py:190} INFO - [2024-11-14T07:30:52.072+0000] {dag.py:3239} INFO - Sync 1 DAGs
[2024-11-14T07:30:52.105+0000] {logging_mixin.py:190} INFO - [2024-11-14T07:30:52.105+0000] {dag.py:4180} INFO - Setting next_dagrun for latest_only to 2024-11-14 00:00:00+00:00, run_after=2024-11-14 04:00:00+00:00
[2024-11-14T07:30:52.132+0000] {processor.py:208} INFO - Processing /home/airflow/.local/lib/python3.12/site-packages/airflow/example_dags/example_latest_only.py took 0.114 seconds
[2024-11-14T07:42:03.177+0000] {processor.py:186} INFO - Started process (PID=75) to work on /home/airflow/.local/lib/python3.12/site-packages/airflow/example_dags/example_latest_only.py
[2024-11-14T07:42:03.179+0000] {processor.py:914} INFO - Processing file /home/airflow/.local/lib/python3.12/site-packages/airflow/example_dags/example_latest_only.py for tasks to queue
[2024-11-14T07:42:03.186+0000] {logging_mixin.py:190} INFO - [2024-11-14T07:42:03.186+0000] {dagbag.py:588} INFO - Filling up the DagBag from /home/airflow/.local/lib/python3.12/site-packages/airflow/example_dags/example_latest_only.py
[2024-11-14T07:42:03.196+0000] {processor.py:925} INFO - DAG(s) 'latest_only' retrieved from /home/airflow/.local/lib/python3.12/site-packages/airflow/example_dags/example_latest_only.py
[2024-11-14T07:42:03.222+0000] {logging_mixin.py:190} INFO - [2024-11-14T07:42:03.222+0000] {dag.py:3239} INFO - Sync 1 DAGs
[2024-11-14T07:42:03.245+0000] {logging_mixin.py:190} INFO - [2024-11-14T07:42:03.244+0000] {dag.py:4180} INFO - Setting next_dagrun for latest_only to 2024-11-14 00:00:00+00:00, run_after=2024-11-14 04:00:00+00:00
[2024-11-14T07:42:03.271+0000] {processor.py:208} INFO - Processing /home/airflow/.local/lib/python3.12/site-packages/airflow/example_dags/example_latest_only.py took 0.099 seconds
[2024-11-14T07:42:33.484+0000] {processor.py:186} INFO - Started process (PID=137) to work on /home/airflow/.local/lib/python3.12/site-packages/airflow/example_dags/example_latest_only.py
[2024-11-14T07:42:33.486+0000] {processor.py:914} INFO - Processing file /home/airflow/.local/lib/python3.12/site-packages/airflow/example_dags/example_latest_only.py for tasks to queue
[2024-11-14T07:42:33.489+0000] {logging_mixin.py:190} INFO - [2024-11-14T07:42:33.489+0000] {dagbag.py:588} INFO - Filling up the DagBag from /home/airflow/.local/lib/python3.12/site-packages/airflow/example_dags/example_latest_only.py
[2024-11-14T07:42:33.506+0000] {processor.py:925} INFO - DAG(s) 'latest_only' retrieved from /home/airflow/.local/lib/python3.12/site-packages/airflow/example_dags/example_latest_only.py
[2024-11-14T07:42:33.532+0000] {logging_mixin.py:190} INFO - [2024-11-14T07:42:33.531+0000] {dag.py:3239} INFO - Sync 1 DAGs
[2024-11-14T07:42:33.563+0000] {logging_mixin.py:190} INFO - [2024-11-14T07:42:33.563+0000] {dag.py:4180} INFO - Setting next_dagrun for latest_only to 2024-11-14 00:00:00+00:00, run_after=2024-11-14 04:00:00+00:00
[2024-11-14T07:42:33.601+0000] {processor.py:208} INFO - Processing /home/airflow/.local/lib/python3.12/site-packages/airflow/example_dags/example_latest_only.py took 0.126 seconds
[2024-11-14T07:49:33.268+0000] {processor.py:186} INFO - Started process (PID=114) to work on /home/airflow/.local/lib/python3.12/site-packages/airflow/example_dags/example_latest_only.py
[2024-11-14T07:49:33.269+0000] {processor.py:914} INFO - Processing file /home/airflow/.local/lib/python3.12/site-packages/airflow/example_dags/example_latest_only.py for tasks to queue
[2024-11-14T07:49:33.272+0000] {logging_mixin.py:190} INFO - [2024-11-14T07:49:33.272+0000] {dagbag.py:588} INFO - Filling up the DagBag from /home/airflow/.local/lib/python3.12/site-packages/airflow/example_dags/example_latest_only.py
[2024-11-14T07:49:33.283+0000] {processor.py:925} INFO - DAG(s) 'latest_only' retrieved from /home/airflow/.local/lib/python3.12/site-packages/airflow/example_dags/example_latest_only.py
[2024-11-14T07:49:33.310+0000] {logging_mixin.py:190} INFO - [2024-11-14T07:49:33.310+0000] {dag.py:3239} INFO - Sync 1 DAGs
[2024-11-14T07:49:33.341+0000] {logging_mixin.py:190} INFO - [2024-11-14T07:49:33.341+0000] {dag.py:4180} INFO - Setting next_dagrun for latest_only to 2024-11-14 00:00:00+00:00, run_after=2024-11-14 04:00:00+00:00
[2024-11-14T07:49:33.379+0000] {processor.py:208} INFO - Processing /home/airflow/.local/lib/python3.12/site-packages/airflow/example_dags/example_latest_only.py took 0.117 seconds
[2024-11-14T07:50:04.090+0000] {processor.py:186} INFO - Started process (PID=176) to work on /home/airflow/.local/lib/python3.12/site-packages/airflow/example_dags/example_latest_only.py
[2024-11-14T07:50:04.091+0000] {processor.py:914} INFO - Processing file /home/airflow/.local/lib/python3.12/site-packages/airflow/example_dags/example_latest_only.py for tasks to queue
[2024-11-14T07:50:04.094+0000] {logging_mixin.py:190} INFO - [2024-11-14T07:50:04.094+0000] {dagbag.py:588} INFO - Filling up the DagBag from /home/airflow/.local/lib/python3.12/site-packages/airflow/example_dags/example_latest_only.py
[2024-11-14T07:50:04.103+0000] {processor.py:925} INFO - DAG(s) 'latest_only' retrieved from /home/airflow/.local/lib/python3.12/site-packages/airflow/example_dags/example_latest_only.py
[2024-11-14T07:50:04.128+0000] {logging_mixin.py:190} INFO - [2024-11-14T07:50:04.127+0000] {dag.py:3239} INFO - Sync 1 DAGs
[2024-11-14T07:50:04.156+0000] {logging_mixin.py:190} INFO - [2024-11-14T07:50:04.156+0000] {dag.py:4180} INFO - Setting next_dagrun for latest_only to 2024-11-14 00:00:00+00:00, run_after=2024-11-14 04:00:00+00:00
[2024-11-14T07:50:04.181+0000] {processor.py:208} INFO - Processing /home/airflow/.local/lib/python3.12/site-packages/airflow/example_dags/example_latest_only.py took 0.098 seconds
[2024-11-14T07:50:35.210+0000] {processor.py:186} INFO - Started process (PID=238) to work on /home/airflow/.local/lib/python3.12/site-packages/airflow/example_dags/example_latest_only.py
[2024-11-14T07:50:35.212+0000] {processor.py:914} INFO - Processing file /home/airflow/.local/lib/python3.12/site-packages/airflow/example_dags/example_latest_only.py for tasks to queue
[2024-11-14T07:50:35.217+0000] {logging_mixin.py:190} INFO - [2024-11-14T07:50:35.217+0000] {dagbag.py:588} INFO - Filling up the DagBag from /home/airflow/.local/lib/python3.12/site-packages/airflow/example_dags/example_latest_only.py
[2024-11-14T07:50:35.229+0000] {processor.py:925} INFO - DAG(s) 'latest_only' retrieved from /home/airflow/.local/lib/python3.12/site-packages/airflow/example_dags/example_latest_only.py
[2024-11-14T07:50:35.264+0000] {logging_mixin.py:190} INFO - [2024-11-14T07:50:35.264+0000] {dag.py:3239} INFO - Sync 1 DAGs
[2024-11-14T07:50:35.308+0000] {logging_mixin.py:190} INFO - [2024-11-14T07:50:35.308+0000] {dag.py:4180} INFO - Setting next_dagrun for latest_only to 2024-11-14 00:00:00+00:00, run_after=2024-11-14 04:00:00+00:00
[2024-11-14T07:50:35.341+0000] {processor.py:208} INFO - Processing /home/airflow/.local/lib/python3.12/site-packages/airflow/example_dags/example_latest_only.py took 0.140 seconds
[2024-11-14T07:51:05.606+0000] {processor.py:186} INFO - Started process (PID=300) to work on /home/airflow/.local/lib/python3.12/site-packages/airflow/example_dags/example_latest_only.py
[2024-11-14T07:51:05.607+0000] {processor.py:914} INFO - Processing file /home/airflow/.local/lib/python3.12/site-packages/airflow/example_dags/example_latest_only.py for tasks to queue
[2024-11-14T07:51:05.612+0000] {logging_mixin.py:190} INFO - [2024-11-14T07:51:05.611+0000] {dagbag.py:588} INFO - Filling up the DagBag from /home/airflow/.local/lib/python3.12/site-packages/airflow/example_dags/example_latest_only.py
[2024-11-14T07:51:05.621+0000] {processor.py:925} INFO - DAG(s) 'latest_only' retrieved from /home/airflow/.local/lib/python3.12/site-packages/airflow/example_dags/example_latest_only.py
[2024-11-14T07:51:05.647+0000] {logging_mixin.py:190} INFO - [2024-11-14T07:51:05.646+0000] {dag.py:3239} INFO - Sync 1 DAGs
[2024-11-14T07:51:05.683+0000] {logging_mixin.py:190} INFO - [2024-11-14T07:51:05.683+0000] {dag.py:4180} INFO - Setting next_dagrun for latest_only to 2024-11-14 00:00:00+00:00, run_after=2024-11-14 04:00:00+00:00
[2024-11-14T07:51:05.710+0000] {processor.py:208} INFO - Processing /home/airflow/.local/lib/python3.12/site-packages/airflow/example_dags/example_latest_only.py took 0.112 seconds
[2024-11-14T07:51:36.555+0000] {processor.py:186} INFO - Started process (PID=362) to work on /home/airflow/.local/lib/python3.12/site-packages/airflow/example_dags/example_latest_only.py
[2024-11-14T07:51:36.556+0000] {processor.py:914} INFO - Processing file /home/airflow/.local/lib/python3.12/site-packages/airflow/example_dags/example_latest_only.py for tasks to queue
[2024-11-14T07:51:36.560+0000] {logging_mixin.py:190} INFO - [2024-11-14T07:51:36.559+0000] {dagbag.py:588} INFO - Filling up the DagBag from /home/airflow/.local/lib/python3.12/site-packages/airflow/example_dags/example_latest_only.py
[2024-11-14T07:51:36.567+0000] {processor.py:925} INFO - DAG(s) 'latest_only' retrieved from /home/airflow/.local/lib/python3.12/site-packages/airflow/example_dags/example_latest_only.py
[2024-11-14T07:51:36.586+0000] {logging_mixin.py:190} INFO - [2024-11-14T07:51:36.586+0000] {dag.py:3239} INFO - Sync 1 DAGs
[2024-11-14T07:51:36.608+0000] {logging_mixin.py:190} INFO - [2024-11-14T07:51:36.608+0000] {dag.py:4180} INFO - Setting next_dagrun for latest_only to 2024-11-14 00:00:00+00:00, run_after=2024-11-14 04:00:00+00:00
[2024-11-14T07:51:36.635+0000] {processor.py:208} INFO - Processing /home/airflow/.local/lib/python3.12/site-packages/airflow/example_dags/example_latest_only.py took 0.087 seconds
[2024-11-14T07:52:06.828+0000] {processor.py:186} INFO - Started process (PID=424) to work on /home/airflow/.local/lib/python3.12/site-packages/airflow/example_dags/example_latest_only.py
[2024-11-14T07:52:06.830+0000] {processor.py:914} INFO - Processing file /home/airflow/.local/lib/python3.12/site-packages/airflow/example_dags/example_latest_only.py for tasks to queue
[2024-11-14T07:52:06.833+0000] {logging_mixin.py:190} INFO - [2024-11-14T07:52:06.832+0000] {dagbag.py:588} INFO - Filling up the DagBag from /home/airflow/.local/lib/python3.12/site-packages/airflow/example_dags/example_latest_only.py
[2024-11-14T07:52:06.840+0000] {processor.py:925} INFO - DAG(s) 'latest_only' retrieved from /home/airflow/.local/lib/python3.12/site-packages/airflow/example_dags/example_latest_only.py
[2024-11-14T07:52:06.863+0000] {logging_mixin.py:190} INFO - [2024-11-14T07:52:06.863+0000] {dag.py:3239} INFO - Sync 1 DAGs
[2024-11-14T07:52:06.889+0000] {logging_mixin.py:190} INFO - [2024-11-14T07:52:06.889+0000] {dag.py:4180} INFO - Setting next_dagrun for latest_only to 2024-11-14 00:00:00+00:00, run_after=2024-11-14 04:00:00+00:00
[2024-11-14T07:52:06.913+0000] {processor.py:208} INFO - Processing /home/airflow/.local/lib/python3.12/site-packages/airflow/example_dags/example_latest_only.py took 0.091 seconds
[2024-11-14T07:52:37.079+0000] {processor.py:186} INFO - Started process (PID=486) to work on /home/airflow/.local/lib/python3.12/site-packages/airflow/example_dags/example_latest_only.py
[2024-11-14T07:52:37.080+0000] {processor.py:914} INFO - Processing file /home/airflow/.local/lib/python3.12/site-packages/airflow/example_dags/example_latest_only.py for tasks to queue
[2024-11-14T07:52:37.084+0000] {logging_mixin.py:190} INFO - [2024-11-14T07:52:37.083+0000] {dagbag.py:588} INFO - Filling up the DagBag from /home/airflow/.local/lib/python3.12/site-packages/airflow/example_dags/example_latest_only.py
[2024-11-14T07:52:37.092+0000] {processor.py:925} INFO - DAG(s) 'latest_only' retrieved from /home/airflow/.local/lib/python3.12/site-packages/airflow/example_dags/example_latest_only.py
[2024-11-14T07:52:37.117+0000] {logging_mixin.py:190} INFO - [2024-11-14T07:52:37.116+0000] {dag.py:3239} INFO - Sync 1 DAGs
[2024-11-14T07:52:37.140+0000] {logging_mixin.py:190} INFO - [2024-11-14T07:52:37.139+0000] {dag.py:4180} INFO - Setting next_dagrun for latest_only to 2024-11-14 00:00:00+00:00, run_after=2024-11-14 04:00:00+00:00
[2024-11-14T07:52:37.164+0000] {processor.py:208} INFO - Processing /home/airflow/.local/lib/python3.12/site-packages/airflow/example_dags/example_latest_only.py took 0.091 seconds
[2024-11-14T07:53:07.904+0000] {processor.py:186} INFO - Started process (PID=548) to work on /home/airflow/.local/lib/python3.12/site-packages/airflow/example_dags/example_latest_only.py
[2024-11-14T07:53:07.905+0000] {processor.py:914} INFO - Processing file /home/airflow/.local/lib/python3.12/site-packages/airflow/example_dags/example_latest_only.py for tasks to queue
[2024-11-14T07:53:07.908+0000] {logging_mixin.py:190} INFO - [2024-11-14T07:53:07.908+0000] {dagbag.py:588} INFO - Filling up the DagBag from /home/airflow/.local/lib/python3.12/site-packages/airflow/example_dags/example_latest_only.py
[2024-11-14T07:53:07.917+0000] {processor.py:925} INFO - DAG(s) 'latest_only' retrieved from /home/airflow/.local/lib/python3.12/site-packages/airflow/example_dags/example_latest_only.py
[2024-11-14T07:53:07.941+0000] {logging_mixin.py:190} INFO - [2024-11-14T07:53:07.940+0000] {dag.py:3239} INFO - Sync 1 DAGs
[2024-11-14T07:53:07.969+0000] {logging_mixin.py:190} INFO - [2024-11-14T07:53:07.969+0000] {dag.py:4180} INFO - Setting next_dagrun for latest_only to 2024-11-14 00:00:00+00:00, run_after=2024-11-14 04:00:00+00:00
[2024-11-14T07:53:07.991+0000] {processor.py:208} INFO - Processing /home/airflow/.local/lib/python3.12/site-packages/airflow/example_dags/example_latest_only.py took 0.094 seconds
[2024-11-14T07:53:38.660+0000] {processor.py:186} INFO - Started process (PID=610) to work on /home/airflow/.local/lib/python3.12/site-packages/airflow/example_dags/example_latest_only.py
[2024-11-14T07:53:38.662+0000] {processor.py:914} INFO - Processing file /home/airflow/.local/lib/python3.12/site-packages/airflow/example_dags/example_latest_only.py for tasks to queue
[2024-11-14T07:53:38.665+0000] {logging_mixin.py:190} INFO - [2024-11-14T07:53:38.665+0000] {dagbag.py:588} INFO - Filling up the DagBag from /home/airflow/.local/lib/python3.12/site-packages/airflow/example_dags/example_latest_only.py
[2024-11-14T07:53:38.675+0000] {processor.py:925} INFO - DAG(s) 'latest_only' retrieved from /home/airflow/.local/lib/python3.12/site-packages/airflow/example_dags/example_latest_only.py
[2024-11-14T07:53:38.702+0000] {logging_mixin.py:190} INFO - [2024-11-14T07:53:38.702+0000] {dag.py:3239} INFO - Sync 1 DAGs
[2024-11-14T07:53:38.733+0000] {logging_mixin.py:190} INFO - [2024-11-14T07:53:38.733+0000] {dag.py:4180} INFO - Setting next_dagrun for latest_only to 2024-11-14 00:00:00+00:00, run_after=2024-11-14 04:00:00+00:00
[2024-11-14T07:53:38.757+0000] {processor.py:208} INFO - Processing /home/airflow/.local/lib/python3.12/site-packages/airflow/example_dags/example_latest_only.py took 0.104 seconds
[2024-11-14T07:54:09.383+0000] {processor.py:186} INFO - Started process (PID=672) to work on /home/airflow/.local/lib/python3.12/site-packages/airflow/example_dags/example_latest_only.py
[2024-11-14T07:54:09.385+0000] {processor.py:914} INFO - Processing file /home/airflow/.local/lib/python3.12/site-packages/airflow/example_dags/example_latest_only.py for tasks to queue
[2024-11-14T07:54:09.387+0000] {logging_mixin.py:190} INFO - [2024-11-14T07:54:09.387+0000] {dagbag.py:588} INFO - Filling up the DagBag from /home/airflow/.local/lib/python3.12/site-packages/airflow/example_dags/example_latest_only.py
[2024-11-14T07:54:09.394+0000] {processor.py:925} INFO - DAG(s) 'latest_only' retrieved from /home/airflow/.local/lib/python3.12/site-packages/airflow/example_dags/example_latest_only.py
[2024-11-14T07:54:09.428+0000] {logging_mixin.py:190} INFO - [2024-11-14T07:54:09.427+0000] {dag.py:3239} INFO - Sync 1 DAGs
[2024-11-14T07:54:09.461+0000] {logging_mixin.py:190} INFO - [2024-11-14T07:54:09.461+0000] {dag.py:4180} INFO - Setting next_dagrun for latest_only to 2024-11-14 00:00:00+00:00, run_after=2024-11-14 04:00:00+00:00
[2024-11-14T07:54:09.478+0000] {processor.py:208} INFO - Processing /home/airflow/.local/lib/python3.12/site-packages/airflow/example_dags/example_latest_only.py took 0.101 seconds
[2024-11-14T07:54:40.168+0000] {processor.py:186} INFO - Started process (PID=734) to work on /home/airflow/.local/lib/python3.12/site-packages/airflow/example_dags/example_latest_only.py
[2024-11-14T07:54:40.170+0000] {processor.py:914} INFO - Processing file /home/airflow/.local/lib/python3.12/site-packages/airflow/example_dags/example_latest_only.py for tasks to queue
[2024-11-14T07:54:40.173+0000] {logging_mixin.py:190} INFO - [2024-11-14T07:54:40.172+0000] {dagbag.py:588} INFO - Filling up the DagBag from /home/airflow/.local/lib/python3.12/site-packages/airflow/example_dags/example_latest_only.py
[2024-11-14T07:54:40.181+0000] {processor.py:925} INFO - DAG(s) 'latest_only' retrieved from /home/airflow/.local/lib/python3.12/site-packages/airflow/example_dags/example_latest_only.py
[2024-11-14T07:54:40.204+0000] {logging_mixin.py:190} INFO - [2024-11-14T07:54:40.203+0000] {dag.py:3239} INFO - Sync 1 DAGs
[2024-11-14T07:54:40.229+0000] {logging_mixin.py:190} INFO - [2024-11-14T07:54:40.229+0000] {dag.py:4180} INFO - Setting next_dagrun for latest_only to 2024-11-14 00:00:00+00:00, run_after=2024-11-14 04:00:00+00:00
[2024-11-14T07:54:40.250+0000] {processor.py:208} INFO - Processing /home/airflow/.local/lib/python3.12/site-packages/airflow/example_dags/example_latest_only.py took 0.087 seconds
[2024-11-14T07:55:10.790+0000] {processor.py:186} INFO - Started process (PID=796) to work on /home/airflow/.local/lib/python3.12/site-packages/airflow/example_dags/example_latest_only.py
[2024-11-14T07:55:10.791+0000] {processor.py:914} INFO - Processing file /home/airflow/.local/lib/python3.12/site-packages/airflow/example_dags/example_latest_only.py for tasks to queue
[2024-11-14T07:55:10.794+0000] {logging_mixin.py:190} INFO - [2024-11-14T07:55:10.794+0000] {dagbag.py:588} INFO - Filling up the DagBag from /home/airflow/.local/lib/python3.12/site-packages/airflow/example_dags/example_latest_only.py
[2024-11-14T07:55:10.801+0000] {processor.py:925} INFO - DAG(s) 'latest_only' retrieved from /home/airflow/.local/lib/python3.12/site-packages/airflow/example_dags/example_latest_only.py
[2024-11-14T07:55:10.824+0000] {logging_mixin.py:190} INFO - [2024-11-14T07:55:10.823+0000] {dag.py:3239} INFO - Sync 1 DAGs
[2024-11-14T07:55:10.851+0000] {logging_mixin.py:190} INFO - [2024-11-14T07:55:10.851+0000] {dag.py:4180} INFO - Setting next_dagrun for latest_only to 2024-11-14 00:00:00+00:00, run_after=2024-11-14 04:00:00+00:00
[2024-11-14T07:55:10.873+0000] {processor.py:208} INFO - Processing /home/airflow/.local/lib/python3.12/site-packages/airflow/example_dags/example_latest_only.py took 0.089 seconds
[2024-11-14T07:55:41.305+0000] {processor.py:186} INFO - Started process (PID=858) to work on /home/airflow/.local/lib/python3.12/site-packages/airflow/example_dags/example_latest_only.py
[2024-11-14T07:55:41.306+0000] {processor.py:914} INFO - Processing file /home/airflow/.local/lib/python3.12/site-packages/airflow/example_dags/example_latest_only.py for tasks to queue
[2024-11-14T07:55:41.310+0000] {logging_mixin.py:190} INFO - [2024-11-14T07:55:41.310+0000] {dagbag.py:588} INFO - Filling up the DagBag from /home/airflow/.local/lib/python3.12/site-packages/airflow/example_dags/example_latest_only.py
[2024-11-14T07:55:41.317+0000] {processor.py:925} INFO - DAG(s) 'latest_only' retrieved from /home/airflow/.local/lib/python3.12/site-packages/airflow/example_dags/example_latest_only.py
[2024-11-14T07:55:41.335+0000] {logging_mixin.py:190} INFO - [2024-11-14T07:55:41.335+0000] {dag.py:3239} INFO - Sync 1 DAGs
[2024-11-14T07:55:41.354+0000] {logging_mixin.py:190} INFO - [2024-11-14T07:55:41.354+0000] {dag.py:4180} INFO - Setting next_dagrun for latest_only to 2024-11-14 00:00:00+00:00, run_after=2024-11-14 04:00:00+00:00
[2024-11-14T07:55:41.392+0000] {processor.py:208} INFO - Processing /home/airflow/.local/lib/python3.12/site-packages/airflow/example_dags/example_latest_only.py took 0.095 seconds
[2024-11-14T07:56:12.050+0000] {processor.py:186} INFO - Started process (PID=920) to work on /home/airflow/.local/lib/python3.12/site-packages/airflow/example_dags/example_latest_only.py
[2024-11-14T07:56:12.052+0000] {processor.py:914} INFO - Processing file /home/airflow/.local/lib/python3.12/site-packages/airflow/example_dags/example_latest_only.py for tasks to queue
[2024-11-14T07:56:12.054+0000] {logging_mixin.py:190} INFO - [2024-11-14T07:56:12.054+0000] {dagbag.py:588} INFO - Filling up the DagBag from /home/airflow/.local/lib/python3.12/site-packages/airflow/example_dags/example_latest_only.py
[2024-11-14T07:56:12.061+0000] {processor.py:925} INFO - DAG(s) 'latest_only' retrieved from /home/airflow/.local/lib/python3.12/site-packages/airflow/example_dags/example_latest_only.py
[2024-11-14T07:56:12.085+0000] {logging_mixin.py:190} INFO - [2024-11-14T07:56:12.085+0000] {dag.py:3239} INFO - Sync 1 DAGs
[2024-11-14T07:56:12.110+0000] {logging_mixin.py:190} INFO - [2024-11-14T07:56:12.110+0000] {dag.py:4180} INFO - Setting next_dagrun for latest_only to 2024-11-14 00:00:00+00:00, run_after=2024-11-14 04:00:00+00:00
[2024-11-14T07:56:12.132+0000] {processor.py:208} INFO - Processing /home/airflow/.local/lib/python3.12/site-packages/airflow/example_dags/example_latest_only.py took 0.087 seconds
[2024-11-14T07:56:42.460+0000] {processor.py:186} INFO - Started process (PID=981) to work on /home/airflow/.local/lib/python3.12/site-packages/airflow/example_dags/example_latest_only.py
[2024-11-14T07:56:42.461+0000] {processor.py:914} INFO - Processing file /home/airflow/.local/lib/python3.12/site-packages/airflow/example_dags/example_latest_only.py for tasks to queue
[2024-11-14T07:56:42.464+0000] {logging_mixin.py:190} INFO - [2024-11-14T07:56:42.464+0000] {dagbag.py:588} INFO - Filling up the DagBag from /home/airflow/.local/lib/python3.12/site-packages/airflow/example_dags/example_latest_only.py
[2024-11-14T07:56:42.472+0000] {processor.py:925} INFO - DAG(s) 'latest_only' retrieved from /home/airflow/.local/lib/python3.12/site-packages/airflow/example_dags/example_latest_only.py
[2024-11-14T07:56:42.495+0000] {logging_mixin.py:190} INFO - [2024-11-14T07:56:42.495+0000] {dag.py:3239} INFO - Sync 1 DAGs
[2024-11-14T07:56:42.523+0000] {logging_mixin.py:190} INFO - [2024-11-14T07:56:42.522+0000] {dag.py:4180} INFO - Setting next_dagrun for latest_only to 2024-11-14 00:00:00+00:00, run_after=2024-11-14 04:00:00+00:00
[2024-11-14T07:56:42.544+0000] {processor.py:208} INFO - Processing /home/airflow/.local/lib/python3.12/site-packages/airflow/example_dags/example_latest_only.py took 0.090 seconds
[2024-11-14T07:57:13.248+0000] {processor.py:186} INFO - Started process (PID=1049) to work on /home/airflow/.local/lib/python3.12/site-packages/airflow/example_dags/example_latest_only.py
[2024-11-14T07:57:13.250+0000] {processor.py:914} INFO - Processing file /home/airflow/.local/lib/python3.12/site-packages/airflow/example_dags/example_latest_only.py for tasks to queue
[2024-11-14T07:57:13.254+0000] {logging_mixin.py:190} INFO - [2024-11-14T07:57:13.254+0000] {dagbag.py:588} INFO - Filling up the DagBag from /home/airflow/.local/lib/python3.12/site-packages/airflow/example_dags/example_latest_only.py
[2024-11-14T07:57:13.265+0000] {processor.py:925} INFO - DAG(s) 'latest_only' retrieved from /home/airflow/.local/lib/python3.12/site-packages/airflow/example_dags/example_latest_only.py
[2024-11-14T07:57:13.292+0000] {logging_mixin.py:190} INFO - [2024-11-14T07:57:13.291+0000] {dag.py:3239} INFO - Sync 1 DAGs
[2024-11-14T07:57:13.318+0000] {logging_mixin.py:190} INFO - [2024-11-14T07:57:13.317+0000] {dag.py:4180} INFO - Setting next_dagrun for latest_only to 2024-11-14 00:00:00+00:00, run_after=2024-11-14 04:00:00+00:00
[2024-11-14T07:57:13.341+0000] {processor.py:208} INFO - Processing /home/airflow/.local/lib/python3.12/site-packages/airflow/example_dags/example_latest_only.py took 0.102 seconds
[2024-11-14T08:07:59.903+0000] {processor.py:186} INFO - Started process (PID=75) to work on /home/airflow/.local/lib/python3.12/site-packages/airflow/example_dags/example_latest_only.py
[2024-11-14T08:07:59.905+0000] {processor.py:914} INFO - Processing file /home/airflow/.local/lib/python3.12/site-packages/airflow/example_dags/example_latest_only.py for tasks to queue
[2024-11-14T08:07:59.910+0000] {logging_mixin.py:190} INFO - [2024-11-14T08:07:59.910+0000] {dagbag.py:588} INFO - Filling up the DagBag from /home/airflow/.local/lib/python3.12/site-packages/airflow/example_dags/example_latest_only.py
[2024-11-14T08:07:59.927+0000] {processor.py:925} INFO - DAG(s) 'latest_only' retrieved from /home/airflow/.local/lib/python3.12/site-packages/airflow/example_dags/example_latest_only.py
[2024-11-14T08:07:59.965+0000] {logging_mixin.py:190} INFO - [2024-11-14T08:07:59.964+0000] {dag.py:3239} INFO - Sync 1 DAGs
[2024-11-14T08:08:00.019+0000] {logging_mixin.py:190} INFO - [2024-11-14T08:08:00.018+0000] {dag.py:4180} INFO - Setting next_dagrun for latest_only to 2024-11-14 04:00:00+00:00, run_after=2024-11-14 08:00:00+00:00
[2024-11-14T08:08:00.064+0000] {processor.py:208} INFO - Processing /home/airflow/.local/lib/python3.12/site-packages/airflow/example_dags/example_latest_only.py took 0.189 seconds
[2024-11-14T08:08:30.608+0000] {processor.py:186} INFO - Started process (PID=137) to work on /home/airflow/.local/lib/python3.12/site-packages/airflow/example_dags/example_latest_only.py
[2024-11-14T08:08:30.609+0000] {processor.py:914} INFO - Processing file /home/airflow/.local/lib/python3.12/site-packages/airflow/example_dags/example_latest_only.py for tasks to queue
[2024-11-14T08:08:30.613+0000] {logging_mixin.py:190} INFO - [2024-11-14T08:08:30.613+0000] {dagbag.py:588} INFO - Filling up the DagBag from /home/airflow/.local/lib/python3.12/site-packages/airflow/example_dags/example_latest_only.py
[2024-11-14T08:08:30.621+0000] {processor.py:925} INFO - DAG(s) 'latest_only' retrieved from /home/airflow/.local/lib/python3.12/site-packages/airflow/example_dags/example_latest_only.py
[2024-11-14T08:08:30.646+0000] {logging_mixin.py:190} INFO - [2024-11-14T08:08:30.646+0000] {dag.py:3239} INFO - Sync 1 DAGs
[2024-11-14T08:08:30.674+0000] {logging_mixin.py:190} INFO - [2024-11-14T08:08:30.673+0000] {dag.py:4180} INFO - Setting next_dagrun for latest_only to 2024-11-14 04:00:00+00:00, run_after=2024-11-14 08:00:00+00:00
[2024-11-14T08:08:30.702+0000] {processor.py:208} INFO - Processing /home/airflow/.local/lib/python3.12/site-packages/airflow/example_dags/example_latest_only.py took 0.100 seconds
[2024-11-14T08:09:01.444+0000] {processor.py:186} INFO - Started process (PID=205) to work on /home/airflow/.local/lib/python3.12/site-packages/airflow/example_dags/example_latest_only.py
[2024-11-14T08:09:01.446+0000] {processor.py:914} INFO - Processing file /home/airflow/.local/lib/python3.12/site-packages/airflow/example_dags/example_latest_only.py for tasks to queue
[2024-11-14T08:09:01.448+0000] {logging_mixin.py:190} INFO - [2024-11-14T08:09:01.448+0000] {dagbag.py:588} INFO - Filling up the DagBag from /home/airflow/.local/lib/python3.12/site-packages/airflow/example_dags/example_latest_only.py
[2024-11-14T08:09:01.456+0000] {processor.py:925} INFO - DAG(s) 'latest_only' retrieved from /home/airflow/.local/lib/python3.12/site-packages/airflow/example_dags/example_latest_only.py
[2024-11-14T08:09:01.476+0000] {logging_mixin.py:190} INFO - [2024-11-14T08:09:01.476+0000] {dag.py:3239} INFO - Sync 1 DAGs
[2024-11-14T08:09:01.498+0000] {logging_mixin.py:190} INFO - [2024-11-14T08:09:01.497+0000] {dag.py:4180} INFO - Setting next_dagrun for latest_only to 2024-11-14 04:00:00+00:00, run_after=2024-11-14 08:00:00+00:00
[2024-11-14T08:09:01.519+0000] {processor.py:208} INFO - Processing /home/airflow/.local/lib/python3.12/site-packages/airflow/example_dags/example_latest_only.py took 0.083 seconds
[2024-11-14T08:15:20.763+0000] {processor.py:186} INFO - Started process (PID=82) to work on /home/airflow/.local/lib/python3.12/site-packages/airflow/example_dags/example_latest_only.py
[2024-11-14T08:15:20.764+0000] {processor.py:914} INFO - Processing file /home/airflow/.local/lib/python3.12/site-packages/airflow/example_dags/example_latest_only.py for tasks to queue
[2024-11-14T08:15:20.771+0000] {logging_mixin.py:190} INFO - [2024-11-14T08:15:20.766+0000] {dagbag.py:588} INFO - Filling up the DagBag from /home/airflow/.local/lib/python3.12/site-packages/airflow/example_dags/example_latest_only.py
[2024-11-14T08:15:20.780+0000] {processor.py:925} INFO - DAG(s) 'latest_only' retrieved from /home/airflow/.local/lib/python3.12/site-packages/airflow/example_dags/example_latest_only.py
[2024-11-14T08:15:20.945+0000] {logging_mixin.py:190} INFO - [2024-11-14T08:15:20.944+0000] {override.py:1900} INFO - Created Permission View: can edit on DAG:latest_only
[2024-11-14T08:15:20.955+0000] {logging_mixin.py:190} INFO - [2024-11-14T08:15:20.955+0000] {override.py:1900} INFO - Created Permission View: can delete on DAG:latest_only
[2024-11-14T08:15:20.962+0000] {logging_mixin.py:190} INFO - [2024-11-14T08:15:20.962+0000] {override.py:1900} INFO - Created Permission View: can read on DAG:latest_only
[2024-11-14T08:15:20.972+0000] {logging_mixin.py:190} INFO - [2024-11-14T08:15:20.972+0000] {override.py:1900} INFO - Created Permission View: can delete on DAG Run:latest_only
[2024-11-14T08:15:20.980+0000] {logging_mixin.py:190} INFO - [2024-11-14T08:15:20.979+0000] {override.py:1900} INFO - Created Permission View: can read on DAG Run:latest_only
[2024-11-14T08:15:20.988+0000] {logging_mixin.py:190} INFO - [2024-11-14T08:15:20.987+0000] {override.py:1900} INFO - Created Permission View: can create on DAG Run:latest_only
[2024-11-14T08:15:20.996+0000] {logging_mixin.py:190} INFO - [2024-11-14T08:15:20.995+0000] {override.py:1900} INFO - Created Permission View: menu access on DAG Run:latest_only
[2024-11-14T08:15:20.997+0000] {logging_mixin.py:190} INFO - [2024-11-14T08:15:20.996+0000] {dag.py:3239} INFO - Sync 1 DAGs
[2024-11-14T08:15:21.010+0000] {logging_mixin.py:190} INFO - [2024-11-14T08:15:21.010+0000] {dag.py:3262} INFO - Creating ORM DAG for latest_only
[2024-11-14T08:15:21.021+0000] {logging_mixin.py:190} INFO - [2024-11-14T08:15:21.020+0000] {dag.py:4180} INFO - Setting next_dagrun for latest_only to 2024-11-14 04:00:00+00:00, run_after=2024-11-14 08:00:00+00:00
[2024-11-14T08:15:21.044+0000] {processor.py:208} INFO - Processing /home/airflow/.local/lib/python3.12/site-packages/airflow/example_dags/example_latest_only.py took 0.287 seconds
[2024-11-14T08:16:12.529+0000] {processor.py:186} INFO - Started process (PID=72) to work on /home/airflow/.local/lib/python3.12/site-packages/airflow/example_dags/example_latest_only.py
[2024-11-14T08:16:12.531+0000] {processor.py:914} INFO - Processing file /home/airflow/.local/lib/python3.12/site-packages/airflow/example_dags/example_latest_only.py for tasks to queue
[2024-11-14T08:16:12.533+0000] {logging_mixin.py:190} INFO - [2024-11-14T08:16:12.533+0000] {dagbag.py:588} INFO - Filling up the DagBag from /home/airflow/.local/lib/python3.12/site-packages/airflow/example_dags/example_latest_only.py
[2024-11-14T08:16:12.545+0000] {processor.py:925} INFO - DAG(s) 'latest_only' retrieved from /home/airflow/.local/lib/python3.12/site-packages/airflow/example_dags/example_latest_only.py
[2024-11-14T08:16:12.575+0000] {logging_mixin.py:190} INFO - [2024-11-14T08:16:12.574+0000] {dag.py:3239} INFO - Sync 1 DAGs
[2024-11-14T08:16:12.599+0000] {logging_mixin.py:190} INFO - [2024-11-14T08:16:12.599+0000] {dag.py:4180} INFO - Setting next_dagrun for latest_only to 2024-11-14 04:00:00+00:00, run_after=2024-11-14 08:00:00+00:00
[2024-11-14T08:16:12.620+0000] {processor.py:208} INFO - Processing /home/airflow/.local/lib/python3.12/site-packages/airflow/example_dags/example_latest_only.py took 0.097 seconds
[2024-11-14T08:16:48.368+0000] {processor.py:186} INFO - Started process (PID=135) to work on /home/airflow/.local/lib/python3.12/site-packages/airflow/example_dags/example_latest_only.py
[2024-11-14T08:16:48.370+0000] {processor.py:914} INFO - Processing file /home/airflow/.local/lib/python3.12/site-packages/airflow/example_dags/example_latest_only.py for tasks to queue
[2024-11-14T08:16:48.373+0000] {logging_mixin.py:190} INFO - [2024-11-14T08:16:48.373+0000] {dagbag.py:588} INFO - Filling up the DagBag from /home/airflow/.local/lib/python3.12/site-packages/airflow/example_dags/example_latest_only.py
[2024-11-14T08:16:48.380+0000] {processor.py:925} INFO - DAG(s) 'latest_only' retrieved from /home/airflow/.local/lib/python3.12/site-packages/airflow/example_dags/example_latest_only.py
[2024-11-14T08:16:48.405+0000] {logging_mixin.py:190} INFO - [2024-11-14T08:16:48.405+0000] {dag.py:3239} INFO - Sync 1 DAGs
[2024-11-14T08:16:48.434+0000] {logging_mixin.py:190} INFO - [2024-11-14T08:16:48.433+0000] {dag.py:4180} INFO - Setting next_dagrun for latest_only to 2024-11-14 04:00:00+00:00, run_after=2024-11-14 08:00:00+00:00
[2024-11-14T08:16:48.455+0000] {processor.py:208} INFO - Processing /home/airflow/.local/lib/python3.12/site-packages/airflow/example_dags/example_latest_only.py took 0.093 seconds
[2024-11-14T08:17:19.136+0000] {processor.py:186} INFO - Started process (PID=197) to work on /home/airflow/.local/lib/python3.12/site-packages/airflow/example_dags/example_latest_only.py
[2024-11-14T08:17:19.137+0000] {processor.py:914} INFO - Processing file /home/airflow/.local/lib/python3.12/site-packages/airflow/example_dags/example_latest_only.py for tasks to queue
[2024-11-14T08:17:19.140+0000] {logging_mixin.py:190} INFO - [2024-11-14T08:17:19.139+0000] {dagbag.py:588} INFO - Filling up the DagBag from /home/airflow/.local/lib/python3.12/site-packages/airflow/example_dags/example_latest_only.py
[2024-11-14T08:17:19.148+0000] {processor.py:925} INFO - DAG(s) 'latest_only' retrieved from /home/airflow/.local/lib/python3.12/site-packages/airflow/example_dags/example_latest_only.py
[2024-11-14T08:17:19.172+0000] {logging_mixin.py:190} INFO - [2024-11-14T08:17:19.172+0000] {dag.py:3239} INFO - Sync 1 DAGs
[2024-11-14T08:17:19.203+0000] {logging_mixin.py:190} INFO - [2024-11-14T08:17:19.203+0000] {dag.py:4180} INFO - Setting next_dagrun for latest_only to 2024-11-14 04:00:00+00:00, run_after=2024-11-14 08:00:00+00:00
[2024-11-14T08:17:19.227+0000] {processor.py:208} INFO - Processing /home/airflow/.local/lib/python3.12/site-packages/airflow/example_dags/example_latest_only.py took 0.098 seconds
[2024-11-14T08:17:55.040+0000] {processor.py:186} INFO - Started process (PID=259) to work on /home/airflow/.local/lib/python3.12/site-packages/airflow/example_dags/example_latest_only.py
[2024-11-14T08:17:55.042+0000] {processor.py:914} INFO - Processing file /home/airflow/.local/lib/python3.12/site-packages/airflow/example_dags/example_latest_only.py for tasks to queue
[2024-11-14T08:17:55.046+0000] {logging_mixin.py:190} INFO - [2024-11-14T08:17:55.046+0000] {dagbag.py:588} INFO - Filling up the DagBag from /home/airflow/.local/lib/python3.12/site-packages/airflow/example_dags/example_latest_only.py
[2024-11-14T08:17:55.056+0000] {processor.py:925} INFO - DAG(s) 'latest_only' retrieved from /home/airflow/.local/lib/python3.12/site-packages/airflow/example_dags/example_latest_only.py
[2024-11-14T08:17:55.083+0000] {logging_mixin.py:190} INFO - [2024-11-14T08:17:55.082+0000] {dag.py:3239} INFO - Sync 1 DAGs
[2024-11-14T08:17:55.113+0000] {logging_mixin.py:190} INFO - [2024-11-14T08:17:55.112+0000] {dag.py:4180} INFO - Setting next_dagrun for latest_only to 2024-11-14 04:00:00+00:00, run_after=2024-11-14 08:00:00+00:00
[2024-11-14T08:17:55.139+0000] {processor.py:208} INFO - Processing /home/airflow/.local/lib/python3.12/site-packages/airflow/example_dags/example_latest_only.py took 0.114 seconds
[2024-11-14T08:18:25.823+0000] {processor.py:186} INFO - Started process (PID=321) to work on /home/airflow/.local/lib/python3.12/site-packages/airflow/example_dags/example_latest_only.py
[2024-11-14T08:18:25.824+0000] {processor.py:914} INFO - Processing file /home/airflow/.local/lib/python3.12/site-packages/airflow/example_dags/example_latest_only.py for tasks to queue
[2024-11-14T08:18:25.827+0000] {logging_mixin.py:190} INFO - [2024-11-14T08:18:25.827+0000] {dagbag.py:588} INFO - Filling up the DagBag from /home/airflow/.local/lib/python3.12/site-packages/airflow/example_dags/example_latest_only.py
[2024-11-14T08:18:25.836+0000] {processor.py:925} INFO - DAG(s) 'latest_only' retrieved from /home/airflow/.local/lib/python3.12/site-packages/airflow/example_dags/example_latest_only.py
[2024-11-14T08:18:25.859+0000] {logging_mixin.py:190} INFO - [2024-11-14T08:18:25.858+0000] {dag.py:3239} INFO - Sync 1 DAGs
[2024-11-14T08:18:25.885+0000] {logging_mixin.py:190} INFO - [2024-11-14T08:18:25.885+0000] {dag.py:4180} INFO - Setting next_dagrun for latest_only to 2024-11-14 04:00:00+00:00, run_after=2024-11-14 08:00:00+00:00
[2024-11-14T08:18:25.918+0000] {processor.py:208} INFO - Processing /home/airflow/.local/lib/python3.12/site-packages/airflow/example_dags/example_latest_only.py took 0.102 seconds
