[2024-11-14T07:29:51.623+0000] {processor.py:186} INFO - Started process (PID=947) to work on /home/airflow/.local/lib/python3.12/site-packages/airflow/example_dags/example_bash_operator.py
[2024-11-14T07:29:51.624+0000] {processor.py:914} INFO - Processing file /home/airflow/.local/lib/python3.12/site-packages/airflow/example_dags/example_bash_operator.py for tasks to queue
[2024-11-14T07:29:51.627+0000] {logging_mixin.py:190} INFO - [2024-11-14T07:29:51.626+0000] {dagbag.py:588} INFO - Filling up the DagBag from /home/airflow/.local/lib/python3.12/site-packages/airflow/example_dags/example_bash_operator.py
[2024-11-14T07:29:51.644+0000] {processor.py:925} INFO - DAG(s) 'example_bash_operator' retrieved from /home/airflow/.local/lib/python3.12/site-packages/airflow/example_dags/example_bash_operator.py
[2024-11-14T07:29:51.674+0000] {logging_mixin.py:190} INFO - [2024-11-14T07:29:51.673+0000] {dag.py:3239} INFO - Sync 1 DAGs
[2024-11-14T07:29:51.699+0000] {logging_mixin.py:190} INFO - [2024-11-14T07:29:51.698+0000] {dag.py:4180} INFO - Setting next_dagrun for example_bash_operator to 2024-11-13 00:00:00+00:00, run_after=2024-11-14 00:00:00+00:00
[2024-11-14T07:29:51.719+0000] {processor.py:208} INFO - Processing /home/airflow/.local/lib/python3.12/site-packages/airflow/example_dags/example_bash_operator.py took 0.104 seconds
[2024-11-14T07:30:22.419+0000] {processor.py:186} INFO - Started process (PID=1009) to work on /home/airflow/.local/lib/python3.12/site-packages/airflow/example_dags/example_bash_operator.py
[2024-11-14T07:30:22.420+0000] {processor.py:914} INFO - Processing file /home/airflow/.local/lib/python3.12/site-packages/airflow/example_dags/example_bash_operator.py for tasks to queue
[2024-11-14T07:30:22.424+0000] {logging_mixin.py:190} INFO - [2024-11-14T07:30:22.424+0000] {dagbag.py:588} INFO - Filling up the DagBag from /home/airflow/.local/lib/python3.12/site-packages/airflow/example_dags/example_bash_operator.py
[2024-11-14T07:30:22.445+0000] {processor.py:925} INFO - DAG(s) 'example_bash_operator' retrieved from /home/airflow/.local/lib/python3.12/site-packages/airflow/example_dags/example_bash_operator.py
[2024-11-14T07:30:22.479+0000] {logging_mixin.py:190} INFO - [2024-11-14T07:30:22.478+0000] {dag.py:3239} INFO - Sync 1 DAGs
[2024-11-14T07:30:22.505+0000] {logging_mixin.py:190} INFO - [2024-11-14T07:30:22.505+0000] {dag.py:4180} INFO - Setting next_dagrun for example_bash_operator to 2024-11-13 00:00:00+00:00, run_after=2024-11-14 00:00:00+00:00
[2024-11-14T07:30:22.530+0000] {processor.py:208} INFO - Processing /home/airflow/.local/lib/python3.12/site-packages/airflow/example_dags/example_bash_operator.py took 0.119 seconds
[2024-11-14T07:30:52.629+0000] {processor.py:186} INFO - Started process (PID=1071) to work on /home/airflow/.local/lib/python3.12/site-packages/airflow/example_dags/example_bash_operator.py
[2024-11-14T07:30:52.631+0000] {processor.py:914} INFO - Processing file /home/airflow/.local/lib/python3.12/site-packages/airflow/example_dags/example_bash_operator.py for tasks to queue
[2024-11-14T07:30:52.633+0000] {logging_mixin.py:190} INFO - [2024-11-14T07:30:52.633+0000] {dagbag.py:588} INFO - Filling up the DagBag from /home/airflow/.local/lib/python3.12/site-packages/airflow/example_dags/example_bash_operator.py
[2024-11-14T07:30:52.649+0000] {processor.py:925} INFO - DAG(s) 'example_bash_operator' retrieved from /home/airflow/.local/lib/python3.12/site-packages/airflow/example_dags/example_bash_operator.py
[2024-11-14T07:30:52.682+0000] {logging_mixin.py:190} INFO - [2024-11-14T07:30:52.682+0000] {dag.py:3239} INFO - Sync 1 DAGs
[2024-11-14T07:30:52.709+0000] {logging_mixin.py:190} INFO - [2024-11-14T07:30:52.708+0000] {dag.py:4180} INFO - Setting next_dagrun for example_bash_operator to 2024-11-13 00:00:00+00:00, run_after=2024-11-14 00:00:00+00:00
[2024-11-14T07:30:52.729+0000] {processor.py:208} INFO - Processing /home/airflow/.local/lib/python3.12/site-packages/airflow/example_dags/example_bash_operator.py took 0.105 seconds
[2024-11-14T07:42:03.602+0000] {processor.py:186} INFO - Started process (PID=86) to work on /home/airflow/.local/lib/python3.12/site-packages/airflow/example_dags/example_bash_operator.py
[2024-11-14T07:42:03.605+0000] {processor.py:914} INFO - Processing file /home/airflow/.local/lib/python3.12/site-packages/airflow/example_dags/example_bash_operator.py for tasks to queue
[2024-11-14T07:42:03.611+0000] {logging_mixin.py:190} INFO - [2024-11-14T07:42:03.609+0000] {dagbag.py:588} INFO - Filling up the DagBag from /home/airflow/.local/lib/python3.12/site-packages/airflow/example_dags/example_bash_operator.py
[2024-11-14T07:42:03.638+0000] {processor.py:925} INFO - DAG(s) 'example_bash_operator' retrieved from /home/airflow/.local/lib/python3.12/site-packages/airflow/example_dags/example_bash_operator.py
[2024-11-14T07:42:03.694+0000] {logging_mixin.py:190} INFO - [2024-11-14T07:42:03.694+0000] {dag.py:3239} INFO - Sync 1 DAGs
[2024-11-14T07:42:03.736+0000] {logging_mixin.py:190} INFO - [2024-11-14T07:42:03.736+0000] {dag.py:4180} INFO - Setting next_dagrun for example_bash_operator to 2024-11-13 00:00:00+00:00, run_after=2024-11-14 00:00:00+00:00
[2024-11-14T07:42:03.766+0000] {processor.py:208} INFO - Processing /home/airflow/.local/lib/python3.12/site-packages/airflow/example_dags/example_bash_operator.py took 0.175 seconds
[2024-11-14T07:42:33.956+0000] {processor.py:186} INFO - Started process (PID=148) to work on /home/airflow/.local/lib/python3.12/site-packages/airflow/example_dags/example_bash_operator.py
[2024-11-14T07:42:33.957+0000] {processor.py:914} INFO - Processing file /home/airflow/.local/lib/python3.12/site-packages/airflow/example_dags/example_bash_operator.py for tasks to queue
[2024-11-14T07:42:33.960+0000] {logging_mixin.py:190} INFO - [2024-11-14T07:42:33.960+0000] {dagbag.py:588} INFO - Filling up the DagBag from /home/airflow/.local/lib/python3.12/site-packages/airflow/example_dags/example_bash_operator.py
[2024-11-14T07:42:33.976+0000] {processor.py:925} INFO - DAG(s) 'example_bash_operator' retrieved from /home/airflow/.local/lib/python3.12/site-packages/airflow/example_dags/example_bash_operator.py
[2024-11-14T07:42:34.013+0000] {logging_mixin.py:190} INFO - [2024-11-14T07:42:34.013+0000] {dag.py:3239} INFO - Sync 1 DAGs
[2024-11-14T07:42:34.044+0000] {logging_mixin.py:190} INFO - [2024-11-14T07:42:34.044+0000] {dag.py:4180} INFO - Setting next_dagrun for example_bash_operator to 2024-11-13 00:00:00+00:00, run_after=2024-11-14 00:00:00+00:00
[2024-11-14T07:42:34.085+0000] {processor.py:208} INFO - Processing /home/airflow/.local/lib/python3.12/site-packages/airflow/example_dags/example_bash_operator.py took 0.136 seconds
[2024-11-14T07:49:33.713+0000] {processor.py:186} INFO - Started process (PID=119) to work on /home/airflow/.local/lib/python3.12/site-packages/airflow/example_dags/example_bash_operator.py
[2024-11-14T07:49:33.715+0000] {processor.py:914} INFO - Processing file /home/airflow/.local/lib/python3.12/site-packages/airflow/example_dags/example_bash_operator.py for tasks to queue
[2024-11-14T07:49:33.718+0000] {logging_mixin.py:190} INFO - [2024-11-14T07:49:33.717+0000] {dagbag.py:588} INFO - Filling up the DagBag from /home/airflow/.local/lib/python3.12/site-packages/airflow/example_dags/example_bash_operator.py
[2024-11-14T07:49:33.737+0000] {processor.py:925} INFO - DAG(s) 'example_bash_operator' retrieved from /home/airflow/.local/lib/python3.12/site-packages/airflow/example_dags/example_bash_operator.py
[2024-11-14T07:49:33.781+0000] {logging_mixin.py:190} INFO - [2024-11-14T07:49:33.780+0000] {dag.py:3239} INFO - Sync 1 DAGs
[2024-11-14T07:49:33.812+0000] {logging_mixin.py:190} INFO - [2024-11-14T07:49:33.812+0000] {dag.py:4180} INFO - Setting next_dagrun for example_bash_operator to 2024-11-13 00:00:00+00:00, run_after=2024-11-14 00:00:00+00:00
[2024-11-14T07:49:33.843+0000] {processor.py:208} INFO - Processing /home/airflow/.local/lib/python3.12/site-packages/airflow/example_dags/example_bash_operator.py took 0.138 seconds
[2024-11-14T07:50:04.465+0000] {processor.py:186} INFO - Started process (PID=181) to work on /home/airflow/.local/lib/python3.12/site-packages/airflow/example_dags/example_bash_operator.py
[2024-11-14T07:50:04.467+0000] {processor.py:914} INFO - Processing file /home/airflow/.local/lib/python3.12/site-packages/airflow/example_dags/example_bash_operator.py for tasks to queue
[2024-11-14T07:50:04.469+0000] {logging_mixin.py:190} INFO - [2024-11-14T07:50:04.469+0000] {dagbag.py:588} INFO - Filling up the DagBag from /home/airflow/.local/lib/python3.12/site-packages/airflow/example_dags/example_bash_operator.py
[2024-11-14T07:50:04.483+0000] {processor.py:925} INFO - DAG(s) 'example_bash_operator' retrieved from /home/airflow/.local/lib/python3.12/site-packages/airflow/example_dags/example_bash_operator.py
[2024-11-14T07:50:04.510+0000] {logging_mixin.py:190} INFO - [2024-11-14T07:50:04.510+0000] {dag.py:3239} INFO - Sync 1 DAGs
[2024-11-14T07:50:04.539+0000] {logging_mixin.py:190} INFO - [2024-11-14T07:50:04.538+0000] {dag.py:4180} INFO - Setting next_dagrun for example_bash_operator to 2024-11-13 00:00:00+00:00, run_after=2024-11-14 00:00:00+00:00
[2024-11-14T07:50:04.559+0000] {processor.py:208} INFO - Processing /home/airflow/.local/lib/python3.12/site-packages/airflow/example_dags/example_bash_operator.py took 0.101 seconds
[2024-11-14T07:50:35.721+0000] {processor.py:186} INFO - Started process (PID=243) to work on /home/airflow/.local/lib/python3.12/site-packages/airflow/example_dags/example_bash_operator.py
[2024-11-14T07:50:35.723+0000] {processor.py:914} INFO - Processing file /home/airflow/.local/lib/python3.12/site-packages/airflow/example_dags/example_bash_operator.py for tasks to queue
[2024-11-14T07:50:35.728+0000] {logging_mixin.py:190} INFO - [2024-11-14T07:50:35.727+0000] {dagbag.py:588} INFO - Filling up the DagBag from /home/airflow/.local/lib/python3.12/site-packages/airflow/example_dags/example_bash_operator.py
[2024-11-14T07:50:35.767+0000] {processor.py:925} INFO - DAG(s) 'example_bash_operator' retrieved from /home/airflow/.local/lib/python3.12/site-packages/airflow/example_dags/example_bash_operator.py
[2024-11-14T07:50:35.863+0000] {logging_mixin.py:190} INFO - [2024-11-14T07:50:35.862+0000] {dag.py:3239} INFO - Sync 1 DAGs
[2024-11-14T07:50:35.902+0000] {logging_mixin.py:190} INFO - [2024-11-14T07:50:35.902+0000] {dag.py:4180} INFO - Setting next_dagrun for example_bash_operator to 2024-11-13 00:00:00+00:00, run_after=2024-11-14 00:00:00+00:00
[2024-11-14T07:50:35.923+0000] {processor.py:208} INFO - Processing /home/airflow/.local/lib/python3.12/site-packages/airflow/example_dags/example_bash_operator.py took 0.211 seconds
[2024-11-14T07:51:05.999+0000] {processor.py:186} INFO - Started process (PID=305) to work on /home/airflow/.local/lib/python3.12/site-packages/airflow/example_dags/example_bash_operator.py
[2024-11-14T07:51:06.000+0000] {processor.py:914} INFO - Processing file /home/airflow/.local/lib/python3.12/site-packages/airflow/example_dags/example_bash_operator.py for tasks to queue
[2024-11-14T07:51:06.003+0000] {logging_mixin.py:190} INFO - [2024-11-14T07:51:06.003+0000] {dagbag.py:588} INFO - Filling up the DagBag from /home/airflow/.local/lib/python3.12/site-packages/airflow/example_dags/example_bash_operator.py
[2024-11-14T07:51:06.017+0000] {processor.py:925} INFO - DAG(s) 'example_bash_operator' retrieved from /home/airflow/.local/lib/python3.12/site-packages/airflow/example_dags/example_bash_operator.py
[2024-11-14T07:51:06.049+0000] {logging_mixin.py:190} INFO - [2024-11-14T07:51:06.048+0000] {dag.py:3239} INFO - Sync 1 DAGs
[2024-11-14T07:51:06.075+0000] {logging_mixin.py:190} INFO - [2024-11-14T07:51:06.074+0000] {dag.py:4180} INFO - Setting next_dagrun for example_bash_operator to 2024-11-13 00:00:00+00:00, run_after=2024-11-14 00:00:00+00:00
[2024-11-14T07:51:06.098+0000] {processor.py:208} INFO - Processing /home/airflow/.local/lib/python3.12/site-packages/airflow/example_dags/example_bash_operator.py took 0.105 seconds
[2024-11-14T07:51:36.932+0000] {processor.py:186} INFO - Started process (PID=367) to work on /home/airflow/.local/lib/python3.12/site-packages/airflow/example_dags/example_bash_operator.py
[2024-11-14T07:51:36.934+0000] {processor.py:914} INFO - Processing file /home/airflow/.local/lib/python3.12/site-packages/airflow/example_dags/example_bash_operator.py for tasks to queue
[2024-11-14T07:51:36.938+0000] {logging_mixin.py:190} INFO - [2024-11-14T07:51:36.937+0000] {dagbag.py:588} INFO - Filling up the DagBag from /home/airflow/.local/lib/python3.12/site-packages/airflow/example_dags/example_bash_operator.py
[2024-11-14T07:51:36.956+0000] {processor.py:925} INFO - DAG(s) 'example_bash_operator' retrieved from /home/airflow/.local/lib/python3.12/site-packages/airflow/example_dags/example_bash_operator.py
[2024-11-14T07:51:36.980+0000] {logging_mixin.py:190} INFO - [2024-11-14T07:51:36.980+0000] {dag.py:3239} INFO - Sync 1 DAGs
[2024-11-14T07:51:37.005+0000] {logging_mixin.py:190} INFO - [2024-11-14T07:51:37.004+0000] {dag.py:4180} INFO - Setting next_dagrun for example_bash_operator to 2024-11-13 00:00:00+00:00, run_after=2024-11-14 00:00:00+00:00
[2024-11-14T07:51:37.027+0000] {processor.py:208} INFO - Processing /home/airflow/.local/lib/python3.12/site-packages/airflow/example_dags/example_bash_operator.py took 0.108 seconds
[2024-11-14T07:52:07.443+0000] {processor.py:186} INFO - Started process (PID=429) to work on /home/airflow/.local/lib/python3.12/site-packages/airflow/example_dags/example_bash_operator.py
[2024-11-14T07:52:07.445+0000] {processor.py:914} INFO - Processing file /home/airflow/.local/lib/python3.12/site-packages/airflow/example_dags/example_bash_operator.py for tasks to queue
[2024-11-14T07:52:07.447+0000] {logging_mixin.py:190} INFO - [2024-11-14T07:52:07.447+0000] {dagbag.py:588} INFO - Filling up the DagBag from /home/airflow/.local/lib/python3.12/site-packages/airflow/example_dags/example_bash_operator.py
[2024-11-14T07:52:07.466+0000] {processor.py:925} INFO - DAG(s) 'example_bash_operator' retrieved from /home/airflow/.local/lib/python3.12/site-packages/airflow/example_dags/example_bash_operator.py
[2024-11-14T07:52:07.494+0000] {logging_mixin.py:190} INFO - [2024-11-14T07:52:07.493+0000] {dag.py:3239} INFO - Sync 1 DAGs
[2024-11-14T07:52:07.521+0000] {logging_mixin.py:190} INFO - [2024-11-14T07:52:07.521+0000] {dag.py:4180} INFO - Setting next_dagrun for example_bash_operator to 2024-11-13 00:00:00+00:00, run_after=2024-11-14 00:00:00+00:00
[2024-11-14T07:52:07.542+0000] {processor.py:208} INFO - Processing /home/airflow/.local/lib/python3.12/site-packages/airflow/example_dags/example_bash_operator.py took 0.105 seconds
[2024-11-14T07:52:37.636+0000] {processor.py:186} INFO - Started process (PID=491) to work on /home/airflow/.local/lib/python3.12/site-packages/airflow/example_dags/example_bash_operator.py
[2024-11-14T07:52:37.638+0000] {processor.py:914} INFO - Processing file /home/airflow/.local/lib/python3.12/site-packages/airflow/example_dags/example_bash_operator.py for tasks to queue
[2024-11-14T07:52:37.641+0000] {logging_mixin.py:190} INFO - [2024-11-14T07:52:37.641+0000] {dagbag.py:588} INFO - Filling up the DagBag from /home/airflow/.local/lib/python3.12/site-packages/airflow/example_dags/example_bash_operator.py
[2024-11-14T07:52:37.652+0000] {processor.py:925} INFO - DAG(s) 'example_bash_operator' retrieved from /home/airflow/.local/lib/python3.12/site-packages/airflow/example_dags/example_bash_operator.py
[2024-11-14T07:52:37.678+0000] {logging_mixin.py:190} INFO - [2024-11-14T07:52:37.678+0000] {dag.py:3239} INFO - Sync 1 DAGs
[2024-11-14T07:52:37.699+0000] {logging_mixin.py:190} INFO - [2024-11-14T07:52:37.699+0000] {dag.py:4180} INFO - Setting next_dagrun for example_bash_operator to 2024-11-13 00:00:00+00:00, run_after=2024-11-14 00:00:00+00:00
[2024-11-14T07:52:37.720+0000] {processor.py:208} INFO - Processing /home/airflow/.local/lib/python3.12/site-packages/airflow/example_dags/example_bash_operator.py took 0.089 seconds
[2024-11-14T07:53:08.242+0000] {processor.py:186} INFO - Started process (PID=553) to work on /home/airflow/.local/lib/python3.12/site-packages/airflow/example_dags/example_bash_operator.py
[2024-11-14T07:53:08.244+0000] {processor.py:914} INFO - Processing file /home/airflow/.local/lib/python3.12/site-packages/airflow/example_dags/example_bash_operator.py for tasks to queue
[2024-11-14T07:53:08.247+0000] {logging_mixin.py:190} INFO - [2024-11-14T07:53:08.246+0000] {dagbag.py:588} INFO - Filling up the DagBag from /home/airflow/.local/lib/python3.12/site-packages/airflow/example_dags/example_bash_operator.py
[2024-11-14T07:53:08.261+0000] {processor.py:925} INFO - DAG(s) 'example_bash_operator' retrieved from /home/airflow/.local/lib/python3.12/site-packages/airflow/example_dags/example_bash_operator.py
[2024-11-14T07:53:08.293+0000] {logging_mixin.py:190} INFO - [2024-11-14T07:53:08.292+0000] {dag.py:3239} INFO - Sync 1 DAGs
[2024-11-14T07:53:08.329+0000] {logging_mixin.py:190} INFO - [2024-11-14T07:53:08.329+0000] {dag.py:4180} INFO - Setting next_dagrun for example_bash_operator to 2024-11-13 00:00:00+00:00, run_after=2024-11-14 00:00:00+00:00
[2024-11-14T07:53:08.352+0000] {processor.py:208} INFO - Processing /home/airflow/.local/lib/python3.12/site-packages/airflow/example_dags/example_bash_operator.py took 0.116 seconds
[2024-11-14T07:53:39.028+0000] {processor.py:186} INFO - Started process (PID=615) to work on /home/airflow/.local/lib/python3.12/site-packages/airflow/example_dags/example_bash_operator.py
[2024-11-14T07:53:39.029+0000] {processor.py:914} INFO - Processing file /home/airflow/.local/lib/python3.12/site-packages/airflow/example_dags/example_bash_operator.py for tasks to queue
[2024-11-14T07:53:39.032+0000] {logging_mixin.py:190} INFO - [2024-11-14T07:53:39.032+0000] {dagbag.py:588} INFO - Filling up the DagBag from /home/airflow/.local/lib/python3.12/site-packages/airflow/example_dags/example_bash_operator.py
[2024-11-14T07:53:39.050+0000] {processor.py:925} INFO - DAG(s) 'example_bash_operator' retrieved from /home/airflow/.local/lib/python3.12/site-packages/airflow/example_dags/example_bash_operator.py
[2024-11-14T07:53:39.087+0000] {logging_mixin.py:190} INFO - [2024-11-14T07:53:39.087+0000] {dag.py:3239} INFO - Sync 1 DAGs
[2024-11-14T07:53:39.117+0000] {logging_mixin.py:190} INFO - [2024-11-14T07:53:39.116+0000] {dag.py:4180} INFO - Setting next_dagrun for example_bash_operator to 2024-11-13 00:00:00+00:00, run_after=2024-11-14 00:00:00+00:00
[2024-11-14T07:53:39.147+0000] {processor.py:208} INFO - Processing /home/airflow/.local/lib/python3.12/site-packages/airflow/example_dags/example_bash_operator.py took 0.126 seconds
[2024-11-14T07:54:09.733+0000] {processor.py:186} INFO - Started process (PID=677) to work on /home/airflow/.local/lib/python3.12/site-packages/airflow/example_dags/example_bash_operator.py
[2024-11-14T07:54:09.735+0000] {processor.py:914} INFO - Processing file /home/airflow/.local/lib/python3.12/site-packages/airflow/example_dags/example_bash_operator.py for tasks to queue
[2024-11-14T07:54:09.738+0000] {logging_mixin.py:190} INFO - [2024-11-14T07:54:09.738+0000] {dagbag.py:588} INFO - Filling up the DagBag from /home/airflow/.local/lib/python3.12/site-packages/airflow/example_dags/example_bash_operator.py
[2024-11-14T07:54:09.757+0000] {processor.py:925} INFO - DAG(s) 'example_bash_operator' retrieved from /home/airflow/.local/lib/python3.12/site-packages/airflow/example_dags/example_bash_operator.py
[2024-11-14T07:54:09.790+0000] {logging_mixin.py:190} INFO - [2024-11-14T07:54:09.789+0000] {dag.py:3239} INFO - Sync 1 DAGs
[2024-11-14T07:54:09.819+0000] {logging_mixin.py:190} INFO - [2024-11-14T07:54:09.818+0000] {dag.py:4180} INFO - Setting next_dagrun for example_bash_operator to 2024-11-13 00:00:00+00:00, run_after=2024-11-14 00:00:00+00:00
[2024-11-14T07:54:09.842+0000] {processor.py:208} INFO - Processing /home/airflow/.local/lib/python3.12/site-packages/airflow/example_dags/example_bash_operator.py took 0.115 seconds
[2024-11-14T07:54:40.503+0000] {processor.py:186} INFO - Started process (PID=739) to work on /home/airflow/.local/lib/python3.12/site-packages/airflow/example_dags/example_bash_operator.py
[2024-11-14T07:54:40.505+0000] {processor.py:914} INFO - Processing file /home/airflow/.local/lib/python3.12/site-packages/airflow/example_dags/example_bash_operator.py for tasks to queue
[2024-11-14T07:54:40.508+0000] {logging_mixin.py:190} INFO - [2024-11-14T07:54:40.508+0000] {dagbag.py:588} INFO - Filling up the DagBag from /home/airflow/.local/lib/python3.12/site-packages/airflow/example_dags/example_bash_operator.py
[2024-11-14T07:54:40.524+0000] {processor.py:925} INFO - DAG(s) 'example_bash_operator' retrieved from /home/airflow/.local/lib/python3.12/site-packages/airflow/example_dags/example_bash_operator.py
[2024-11-14T07:54:40.554+0000] {logging_mixin.py:190} INFO - [2024-11-14T07:54:40.554+0000] {dag.py:3239} INFO - Sync 1 DAGs
[2024-11-14T07:54:40.578+0000] {logging_mixin.py:190} INFO - [2024-11-14T07:54:40.578+0000] {dag.py:4180} INFO - Setting next_dagrun for example_bash_operator to 2024-11-13 00:00:00+00:00, run_after=2024-11-14 00:00:00+00:00
[2024-11-14T07:54:40.600+0000] {processor.py:208} INFO - Processing /home/airflow/.local/lib/python3.12/site-packages/airflow/example_dags/example_bash_operator.py took 0.102 seconds
[2024-11-14T07:55:11.163+0000] {processor.py:186} INFO - Started process (PID=801) to work on /home/airflow/.local/lib/python3.12/site-packages/airflow/example_dags/example_bash_operator.py
[2024-11-14T07:55:11.164+0000] {processor.py:914} INFO - Processing file /home/airflow/.local/lib/python3.12/site-packages/airflow/example_dags/example_bash_operator.py for tasks to queue
[2024-11-14T07:55:11.167+0000] {logging_mixin.py:190} INFO - [2024-11-14T07:55:11.167+0000] {dagbag.py:588} INFO - Filling up the DagBag from /home/airflow/.local/lib/python3.12/site-packages/airflow/example_dags/example_bash_operator.py
[2024-11-14T07:55:11.180+0000] {processor.py:925} INFO - DAG(s) 'example_bash_operator' retrieved from /home/airflow/.local/lib/python3.12/site-packages/airflow/example_dags/example_bash_operator.py
[2024-11-14T07:55:11.210+0000] {logging_mixin.py:190} INFO - [2024-11-14T07:55:11.210+0000] {dag.py:3239} INFO - Sync 1 DAGs
[2024-11-14T07:55:11.235+0000] {logging_mixin.py:190} INFO - [2024-11-14T07:55:11.235+0000] {dag.py:4180} INFO - Setting next_dagrun for example_bash_operator to 2024-11-13 00:00:00+00:00, run_after=2024-11-14 00:00:00+00:00
[2024-11-14T07:55:11.255+0000] {processor.py:208} INFO - Processing /home/airflow/.local/lib/python3.12/site-packages/airflow/example_dags/example_bash_operator.py took 0.098 seconds
[2024-11-14T07:55:41.685+0000] {processor.py:186} INFO - Started process (PID=863) to work on /home/airflow/.local/lib/python3.12/site-packages/airflow/example_dags/example_bash_operator.py
[2024-11-14T07:55:41.686+0000] {processor.py:914} INFO - Processing file /home/airflow/.local/lib/python3.12/site-packages/airflow/example_dags/example_bash_operator.py for tasks to queue
[2024-11-14T07:55:41.689+0000] {logging_mixin.py:190} INFO - [2024-11-14T07:55:41.689+0000] {dagbag.py:588} INFO - Filling up the DagBag from /home/airflow/.local/lib/python3.12/site-packages/airflow/example_dags/example_bash_operator.py
[2024-11-14T07:55:41.702+0000] {processor.py:925} INFO - DAG(s) 'example_bash_operator' retrieved from /home/airflow/.local/lib/python3.12/site-packages/airflow/example_dags/example_bash_operator.py
[2024-11-14T07:55:41.731+0000] {logging_mixin.py:190} INFO - [2024-11-14T07:55:41.731+0000] {dag.py:3239} INFO - Sync 1 DAGs
[2024-11-14T07:55:41.755+0000] {logging_mixin.py:190} INFO - [2024-11-14T07:55:41.755+0000] {dag.py:4180} INFO - Setting next_dagrun for example_bash_operator to 2024-11-13 00:00:00+00:00, run_after=2024-11-14 00:00:00+00:00
[2024-11-14T07:55:41.805+0000] {processor.py:208} INFO - Processing /home/airflow/.local/lib/python3.12/site-packages/airflow/example_dags/example_bash_operator.py took 0.127 seconds
[2024-11-14T07:56:12.377+0000] {processor.py:186} INFO - Started process (PID=925) to work on /home/airflow/.local/lib/python3.12/site-packages/airflow/example_dags/example_bash_operator.py
[2024-11-14T07:56:12.378+0000] {processor.py:914} INFO - Processing file /home/airflow/.local/lib/python3.12/site-packages/airflow/example_dags/example_bash_operator.py for tasks to queue
[2024-11-14T07:56:12.381+0000] {logging_mixin.py:190} INFO - [2024-11-14T07:56:12.381+0000] {dagbag.py:588} INFO - Filling up the DagBag from /home/airflow/.local/lib/python3.12/site-packages/airflow/example_dags/example_bash_operator.py
[2024-11-14T07:56:12.397+0000] {processor.py:925} INFO - DAG(s) 'example_bash_operator' retrieved from /home/airflow/.local/lib/python3.12/site-packages/airflow/example_dags/example_bash_operator.py
[2024-11-14T07:56:12.427+0000] {logging_mixin.py:190} INFO - [2024-11-14T07:56:12.427+0000] {dag.py:3239} INFO - Sync 1 DAGs
[2024-11-14T07:56:12.450+0000] {logging_mixin.py:190} INFO - [2024-11-14T07:56:12.450+0000] {dag.py:4180} INFO - Setting next_dagrun for example_bash_operator to 2024-11-13 00:00:00+00:00, run_after=2024-11-14 00:00:00+00:00
[2024-11-14T07:56:12.476+0000] {processor.py:208} INFO - Processing /home/airflow/.local/lib/python3.12/site-packages/airflow/example_dags/example_bash_operator.py took 0.104 seconds
[2024-11-14T07:56:42.817+0000] {processor.py:186} INFO - Started process (PID=986) to work on /home/airflow/.local/lib/python3.12/site-packages/airflow/example_dags/example_bash_operator.py
[2024-11-14T07:56:42.818+0000] {processor.py:914} INFO - Processing file /home/airflow/.local/lib/python3.12/site-packages/airflow/example_dags/example_bash_operator.py for tasks to queue
[2024-11-14T07:56:42.821+0000] {logging_mixin.py:190} INFO - [2024-11-14T07:56:42.821+0000] {dagbag.py:588} INFO - Filling up the DagBag from /home/airflow/.local/lib/python3.12/site-packages/airflow/example_dags/example_bash_operator.py
[2024-11-14T07:56:42.841+0000] {processor.py:925} INFO - DAG(s) 'example_bash_operator' retrieved from /home/airflow/.local/lib/python3.12/site-packages/airflow/example_dags/example_bash_operator.py
[2024-11-14T07:56:42.872+0000] {logging_mixin.py:190} INFO - [2024-11-14T07:56:42.871+0000] {dag.py:3239} INFO - Sync 1 DAGs
[2024-11-14T07:56:42.895+0000] {logging_mixin.py:190} INFO - [2024-11-14T07:56:42.895+0000] {dag.py:4180} INFO - Setting next_dagrun for example_bash_operator to 2024-11-13 00:00:00+00:00, run_after=2024-11-14 00:00:00+00:00
[2024-11-14T07:56:42.916+0000] {processor.py:208} INFO - Processing /home/airflow/.local/lib/python3.12/site-packages/airflow/example_dags/example_bash_operator.py took 0.106 seconds
[2024-11-14T07:57:13.842+0000] {processor.py:186} INFO - Started process (PID=1054) to work on /home/airflow/.local/lib/python3.12/site-packages/airflow/example_dags/example_bash_operator.py
[2024-11-14T07:57:13.843+0000] {processor.py:914} INFO - Processing file /home/airflow/.local/lib/python3.12/site-packages/airflow/example_dags/example_bash_operator.py for tasks to queue
[2024-11-14T07:57:13.845+0000] {logging_mixin.py:190} INFO - [2024-11-14T07:57:13.845+0000] {dagbag.py:588} INFO - Filling up the DagBag from /home/airflow/.local/lib/python3.12/site-packages/airflow/example_dags/example_bash_operator.py
[2024-11-14T07:57:13.859+0000] {processor.py:925} INFO - DAG(s) 'example_bash_operator' retrieved from /home/airflow/.local/lib/python3.12/site-packages/airflow/example_dags/example_bash_operator.py
[2024-11-14T07:57:13.882+0000] {logging_mixin.py:190} INFO - [2024-11-14T07:57:13.882+0000] {dag.py:3239} INFO - Sync 1 DAGs
[2024-11-14T07:57:13.906+0000] {logging_mixin.py:190} INFO - [2024-11-14T07:57:13.906+0000] {dag.py:4180} INFO - Setting next_dagrun for example_bash_operator to 2024-11-13 00:00:00+00:00, run_after=2024-11-14 00:00:00+00:00
[2024-11-14T07:57:13.931+0000] {processor.py:208} INFO - Processing /home/airflow/.local/lib/python3.12/site-packages/airflow/example_dags/example_bash_operator.py took 0.095 seconds
[2024-11-14T08:08:00.813+0000] {processor.py:186} INFO - Started process (PID=80) to work on /home/airflow/.local/lib/python3.12/site-packages/airflow/example_dags/example_bash_operator.py
[2024-11-14T08:08:00.817+0000] {processor.py:914} INFO - Processing file /home/airflow/.local/lib/python3.12/site-packages/airflow/example_dags/example_bash_operator.py for tasks to queue
[2024-11-14T08:08:00.823+0000] {logging_mixin.py:190} INFO - [2024-11-14T08:08:00.823+0000] {dagbag.py:588} INFO - Filling up the DagBag from /home/airflow/.local/lib/python3.12/site-packages/airflow/example_dags/example_bash_operator.py
[2024-11-14T08:08:00.856+0000] {processor.py:925} INFO - DAG(s) 'example_bash_operator' retrieved from /home/airflow/.local/lib/python3.12/site-packages/airflow/example_dags/example_bash_operator.py
[2024-11-14T08:08:00.909+0000] {logging_mixin.py:190} INFO - [2024-11-14T08:08:00.909+0000] {dag.py:3239} INFO - Sync 1 DAGs
[2024-11-14T08:08:00.953+0000] {logging_mixin.py:190} INFO - [2024-11-14T08:08:00.953+0000] {dag.py:4180} INFO - Setting next_dagrun for example_bash_operator to 2024-11-13 00:00:00+00:00, run_after=2024-11-14 00:00:00+00:00
[2024-11-14T08:08:01.012+0000] {processor.py:208} INFO - Processing /home/airflow/.local/lib/python3.12/site-packages/airflow/example_dags/example_bash_operator.py took 0.211 seconds
[2024-11-14T08:08:31.153+0000] {processor.py:186} INFO - Started process (PID=142) to work on /home/airflow/.local/lib/python3.12/site-packages/airflow/example_dags/example_bash_operator.py
[2024-11-14T08:08:31.155+0000] {processor.py:914} INFO - Processing file /home/airflow/.local/lib/python3.12/site-packages/airflow/example_dags/example_bash_operator.py for tasks to queue
[2024-11-14T08:08:31.160+0000] {logging_mixin.py:190} INFO - [2024-11-14T08:08:31.159+0000] {dagbag.py:588} INFO - Filling up the DagBag from /home/airflow/.local/lib/python3.12/site-packages/airflow/example_dags/example_bash_operator.py
[2024-11-14T08:08:31.187+0000] {processor.py:925} INFO - DAG(s) 'example_bash_operator' retrieved from /home/airflow/.local/lib/python3.12/site-packages/airflow/example_dags/example_bash_operator.py
[2024-11-14T08:08:31.224+0000] {logging_mixin.py:190} INFO - [2024-11-14T08:08:31.223+0000] {dag.py:3239} INFO - Sync 1 DAGs
[2024-11-14T08:08:31.262+0000] {logging_mixin.py:190} INFO - [2024-11-14T08:08:31.261+0000] {dag.py:4180} INFO - Setting next_dagrun for example_bash_operator to 2024-11-13 00:00:00+00:00, run_after=2024-11-14 00:00:00+00:00
[2024-11-14T08:08:31.288+0000] {processor.py:208} INFO - Processing /home/airflow/.local/lib/python3.12/site-packages/airflow/example_dags/example_bash_operator.py took 0.148 seconds
[2024-11-14T08:09:01.809+0000] {processor.py:186} INFO - Started process (PID=210) to work on /home/airflow/.local/lib/python3.12/site-packages/airflow/example_dags/example_bash_operator.py
[2024-11-14T08:09:01.811+0000] {processor.py:914} INFO - Processing file /home/airflow/.local/lib/python3.12/site-packages/airflow/example_dags/example_bash_operator.py for tasks to queue
[2024-11-14T08:09:01.814+0000] {logging_mixin.py:190} INFO - [2024-11-14T08:09:01.814+0000] {dagbag.py:588} INFO - Filling up the DagBag from /home/airflow/.local/lib/python3.12/site-packages/airflow/example_dags/example_bash_operator.py
[2024-11-14T08:09:01.831+0000] {processor.py:925} INFO - DAG(s) 'example_bash_operator' retrieved from /home/airflow/.local/lib/python3.12/site-packages/airflow/example_dags/example_bash_operator.py
[2024-11-14T08:09:01.854+0000] {logging_mixin.py:190} INFO - [2024-11-14T08:09:01.854+0000] {dag.py:3239} INFO - Sync 1 DAGs
[2024-11-14T08:09:01.875+0000] {logging_mixin.py:190} INFO - [2024-11-14T08:09:01.874+0000] {dag.py:4180} INFO - Setting next_dagrun for example_bash_operator to 2024-11-13 00:00:00+00:00, run_after=2024-11-14 00:00:00+00:00
[2024-11-14T08:09:01.898+0000] {processor.py:208} INFO - Processing /home/airflow/.local/lib/python3.12/site-packages/airflow/example_dags/example_bash_operator.py took 0.096 seconds
[2024-11-14T08:15:22.043+0000] {processor.py:186} INFO - Started process (PID=87) to work on /home/airflow/.local/lib/python3.12/site-packages/airflow/example_dags/example_bash_operator.py
[2024-11-14T08:15:22.045+0000] {processor.py:914} INFO - Processing file /home/airflow/.local/lib/python3.12/site-packages/airflow/example_dags/example_bash_operator.py for tasks to queue
[2024-11-14T08:15:22.048+0000] {logging_mixin.py:190} INFO - [2024-11-14T08:15:22.048+0000] {dagbag.py:588} INFO - Filling up the DagBag from /home/airflow/.local/lib/python3.12/site-packages/airflow/example_dags/example_bash_operator.py
[2024-11-14T08:15:22.065+0000] {processor.py:925} INFO - DAG(s) 'example_bash_operator' retrieved from /home/airflow/.local/lib/python3.12/site-packages/airflow/example_dags/example_bash_operator.py
[2024-11-14T08:15:22.209+0000] {logging_mixin.py:190} INFO - [2024-11-14T08:15:22.208+0000] {override.py:1900} INFO - Created Permission View: can edit on DAG:example_bash_operator
[2024-11-14T08:15:22.222+0000] {logging_mixin.py:190} INFO - [2024-11-14T08:15:22.222+0000] {override.py:1900} INFO - Created Permission View: can delete on DAG:example_bash_operator
[2024-11-14T08:15:22.232+0000] {logging_mixin.py:190} INFO - [2024-11-14T08:15:22.232+0000] {override.py:1900} INFO - Created Permission View: can read on DAG:example_bash_operator
[2024-11-14T08:15:22.243+0000] {logging_mixin.py:190} INFO - [2024-11-14T08:15:22.243+0000] {override.py:1900} INFO - Created Permission View: can delete on DAG Run:example_bash_operator
[2024-11-14T08:15:22.253+0000] {logging_mixin.py:190} INFO - [2024-11-14T08:15:22.253+0000] {override.py:1900} INFO - Created Permission View: can read on DAG Run:example_bash_operator
[2024-11-14T08:15:22.263+0000] {logging_mixin.py:190} INFO - [2024-11-14T08:15:22.263+0000] {override.py:1900} INFO - Created Permission View: can create on DAG Run:example_bash_operator
[2024-11-14T08:15:22.273+0000] {logging_mixin.py:190} INFO - [2024-11-14T08:15:22.273+0000] {override.py:1900} INFO - Created Permission View: menu access on DAG Run:example_bash_operator
[2024-11-14T08:15:22.274+0000] {logging_mixin.py:190} INFO - [2024-11-14T08:15:22.274+0000] {dag.py:3239} INFO - Sync 1 DAGs
[2024-11-14T08:15:22.288+0000] {logging_mixin.py:190} INFO - [2024-11-14T08:15:22.287+0000] {dag.py:3262} INFO - Creating ORM DAG for example_bash_operator
[2024-11-14T08:15:22.300+0000] {logging_mixin.py:190} INFO - [2024-11-14T08:15:22.300+0000] {dag.py:4180} INFO - Setting next_dagrun for example_bash_operator to 2024-11-13 00:00:00+00:00, run_after=2024-11-14 00:00:00+00:00
[2024-11-14T08:15:22.322+0000] {processor.py:208} INFO - Processing /home/airflow/.local/lib/python3.12/site-packages/airflow/example_dags/example_bash_operator.py took 0.286 seconds
[2024-11-14T08:16:12.853+0000] {processor.py:186} INFO - Started process (PID=77) to work on /home/airflow/.local/lib/python3.12/site-packages/airflow/example_dags/example_bash_operator.py
[2024-11-14T08:16:12.855+0000] {processor.py:914} INFO - Processing file /home/airflow/.local/lib/python3.12/site-packages/airflow/example_dags/example_bash_operator.py for tasks to queue
[2024-11-14T08:16:12.857+0000] {logging_mixin.py:190} INFO - [2024-11-14T08:16:12.857+0000] {dagbag.py:588} INFO - Filling up the DagBag from /home/airflow/.local/lib/python3.12/site-packages/airflow/example_dags/example_bash_operator.py
[2024-11-14T08:16:12.873+0000] {processor.py:925} INFO - DAG(s) 'example_bash_operator' retrieved from /home/airflow/.local/lib/python3.12/site-packages/airflow/example_dags/example_bash_operator.py
[2024-11-14T08:16:12.908+0000] {logging_mixin.py:190} INFO - [2024-11-14T08:16:12.908+0000] {dag.py:3239} INFO - Sync 1 DAGs
[2024-11-14T08:16:12.934+0000] {logging_mixin.py:190} INFO - [2024-11-14T08:16:12.934+0000] {dag.py:4180} INFO - Setting next_dagrun for example_bash_operator to 2024-11-13 00:00:00+00:00, run_after=2024-11-14 00:00:00+00:00
[2024-11-14T08:16:12.954+0000] {processor.py:208} INFO - Processing /home/airflow/.local/lib/python3.12/site-packages/airflow/example_dags/example_bash_operator.py took 0.109 seconds
[2024-11-14T08:16:48.708+0000] {processor.py:186} INFO - Started process (PID=140) to work on /home/airflow/.local/lib/python3.12/site-packages/airflow/example_dags/example_bash_operator.py
[2024-11-14T08:16:48.710+0000] {processor.py:914} INFO - Processing file /home/airflow/.local/lib/python3.12/site-packages/airflow/example_dags/example_bash_operator.py for tasks to queue
[2024-11-14T08:16:48.712+0000] {logging_mixin.py:190} INFO - [2024-11-14T08:16:48.712+0000] {dagbag.py:588} INFO - Filling up the DagBag from /home/airflow/.local/lib/python3.12/site-packages/airflow/example_dags/example_bash_operator.py
[2024-11-14T08:16:48.727+0000] {processor.py:925} INFO - DAG(s) 'example_bash_operator' retrieved from /home/airflow/.local/lib/python3.12/site-packages/airflow/example_dags/example_bash_operator.py
[2024-11-14T08:16:48.757+0000] {logging_mixin.py:190} INFO - [2024-11-14T08:16:48.756+0000] {dag.py:3239} INFO - Sync 1 DAGs
[2024-11-14T08:16:48.785+0000] {logging_mixin.py:190} INFO - [2024-11-14T08:16:48.785+0000] {dag.py:4180} INFO - Setting next_dagrun for example_bash_operator to 2024-11-13 00:00:00+00:00, run_after=2024-11-14 00:00:00+00:00
[2024-11-14T08:16:48.808+0000] {processor.py:208} INFO - Processing /home/airflow/.local/lib/python3.12/site-packages/airflow/example_dags/example_bash_operator.py took 0.107 seconds
[2024-11-14T08:17:19.698+0000] {processor.py:186} INFO - Started process (PID=202) to work on /home/airflow/.local/lib/python3.12/site-packages/airflow/example_dags/example_bash_operator.py
[2024-11-14T08:17:19.699+0000] {processor.py:914} INFO - Processing file /home/airflow/.local/lib/python3.12/site-packages/airflow/example_dags/example_bash_operator.py for tasks to queue
[2024-11-14T08:17:19.701+0000] {logging_mixin.py:190} INFO - [2024-11-14T08:17:19.701+0000] {dagbag.py:588} INFO - Filling up the DagBag from /home/airflow/.local/lib/python3.12/site-packages/airflow/example_dags/example_bash_operator.py
[2024-11-14T08:17:19.722+0000] {processor.py:925} INFO - DAG(s) 'example_bash_operator' retrieved from /home/airflow/.local/lib/python3.12/site-packages/airflow/example_dags/example_bash_operator.py
[2024-11-14T08:17:19.751+0000] {logging_mixin.py:190} INFO - [2024-11-14T08:17:19.750+0000] {dag.py:3239} INFO - Sync 1 DAGs
[2024-11-14T08:17:19.782+0000] {logging_mixin.py:190} INFO - [2024-11-14T08:17:19.781+0000] {dag.py:4180} INFO - Setting next_dagrun for example_bash_operator to 2024-11-13 00:00:00+00:00, run_after=2024-11-14 00:00:00+00:00
[2024-11-14T08:17:19.804+0000] {processor.py:208} INFO - Processing /home/airflow/.local/lib/python3.12/site-packages/airflow/example_dags/example_bash_operator.py took 0.111 seconds
[2024-11-14T08:17:55.622+0000] {processor.py:186} INFO - Started process (PID=264) to work on /home/airflow/.local/lib/python3.12/site-packages/airflow/example_dags/example_bash_operator.py
[2024-11-14T08:17:55.623+0000] {processor.py:914} INFO - Processing file /home/airflow/.local/lib/python3.12/site-packages/airflow/example_dags/example_bash_operator.py for tasks to queue
[2024-11-14T08:17:55.626+0000] {logging_mixin.py:190} INFO - [2024-11-14T08:17:55.625+0000] {dagbag.py:588} INFO - Filling up the DagBag from /home/airflow/.local/lib/python3.12/site-packages/airflow/example_dags/example_bash_operator.py
[2024-11-14T08:17:55.640+0000] {processor.py:925} INFO - DAG(s) 'example_bash_operator' retrieved from /home/airflow/.local/lib/python3.12/site-packages/airflow/example_dags/example_bash_operator.py
[2024-11-14T08:17:55.672+0000] {logging_mixin.py:190} INFO - [2024-11-14T08:17:55.672+0000] {dag.py:3239} INFO - Sync 1 DAGs
[2024-11-14T08:17:55.702+0000] {logging_mixin.py:190} INFO - [2024-11-14T08:17:55.702+0000] {dag.py:4180} INFO - Setting next_dagrun for example_bash_operator to 2024-11-13 00:00:00+00:00, run_after=2024-11-14 00:00:00+00:00
[2024-11-14T08:17:55.723+0000] {processor.py:208} INFO - Processing /home/airflow/.local/lib/python3.12/site-packages/airflow/example_dags/example_bash_operator.py took 0.107 seconds
[2024-11-14T08:18:26.264+0000] {processor.py:186} INFO - Started process (PID=326) to work on /home/airflow/.local/lib/python3.12/site-packages/airflow/example_dags/example_bash_operator.py
[2024-11-14T08:18:26.266+0000] {processor.py:914} INFO - Processing file /home/airflow/.local/lib/python3.12/site-packages/airflow/example_dags/example_bash_operator.py for tasks to queue
[2024-11-14T08:18:26.269+0000] {logging_mixin.py:190} INFO - [2024-11-14T08:18:26.268+0000] {dagbag.py:588} INFO - Filling up the DagBag from /home/airflow/.local/lib/python3.12/site-packages/airflow/example_dags/example_bash_operator.py
[2024-11-14T08:18:26.283+0000] {processor.py:925} INFO - DAG(s) 'example_bash_operator' retrieved from /home/airflow/.local/lib/python3.12/site-packages/airflow/example_dags/example_bash_operator.py
[2024-11-14T08:18:26.328+0000] {logging_mixin.py:190} INFO - [2024-11-14T08:18:26.327+0000] {dag.py:3239} INFO - Sync 1 DAGs
[2024-11-14T08:18:26.365+0000] {logging_mixin.py:190} INFO - [2024-11-14T08:18:26.364+0000] {dag.py:4180} INFO - Setting next_dagrun for example_bash_operator to 2024-11-13 00:00:00+00:00, run_after=2024-11-14 00:00:00+00:00
[2024-11-14T08:18:26.388+0000] {processor.py:208} INFO - Processing /home/airflow/.local/lib/python3.12/site-packages/airflow/example_dags/example_bash_operator.py took 0.131 seconds
