[2024-11-14T07:29:52.556+0000] {processor.py:186} INFO - Started process (PID=960) to work on /home/airflow/.local/lib/python3.12/site-packages/airflow/example_dags/example_display_name.py
[2024-11-14T07:29:52.558+0000] {processor.py:914} INFO - Processing file /home/airflow/.local/lib/python3.12/site-packages/airflow/example_dags/example_display_name.py for tasks to queue
[2024-11-14T07:29:52.562+0000] {logging_mixin.py:190} INFO - [2024-11-14T07:29:52.561+0000] {dagbag.py:588} INFO - Filling up the DagBag from /home/airflow/.local/lib/python3.12/site-packages/airflow/example_dags/example_display_name.py
[2024-11-14T07:29:52.572+0000] {processor.py:925} INFO - DAG(s) 'example_display_name' retrieved from /home/airflow/.local/lib/python3.12/site-packages/airflow/example_dags/example_display_name.py
[2024-11-14T07:29:52.597+0000] {logging_mixin.py:190} INFO - [2024-11-14T07:29:52.597+0000] {dag.py:3239} INFO - Sync 1 DAGs
[2024-11-14T07:29:52.614+0000] {logging_mixin.py:190} INFO - [2024-11-14T07:29:52.614+0000] {dag.py:4180} INFO - Setting next_dagrun for example_display_name to None, run_after=None
[2024-11-14T07:29:52.643+0000] {processor.py:208} INFO - Processing /home/airflow/.local/lib/python3.12/site-packages/airflow/example_dags/example_display_name.py took 0.094 seconds
[2024-11-14T07:30:23.807+0000] {processor.py:186} INFO - Started process (PID=1023) to work on /home/airflow/.local/lib/python3.12/site-packages/airflow/example_dags/example_display_name.py
[2024-11-14T07:30:23.809+0000] {processor.py:914} INFO - Processing file /home/airflow/.local/lib/python3.12/site-packages/airflow/example_dags/example_display_name.py for tasks to queue
[2024-11-14T07:30:23.813+0000] {logging_mixin.py:190} INFO - [2024-11-14T07:30:23.812+0000] {dagbag.py:588} INFO - Filling up the DagBag from /home/airflow/.local/lib/python3.12/site-packages/airflow/example_dags/example_display_name.py
[2024-11-14T07:30:23.821+0000] {processor.py:925} INFO - DAG(s) 'example_display_name' retrieved from /home/airflow/.local/lib/python3.12/site-packages/airflow/example_dags/example_display_name.py
[2024-11-14T07:30:23.843+0000] {logging_mixin.py:190} INFO - [2024-11-14T07:30:23.842+0000] {dag.py:3239} INFO - Sync 1 DAGs
[2024-11-14T07:30:23.860+0000] {logging_mixin.py:190} INFO - [2024-11-14T07:30:23.860+0000] {dag.py:4180} INFO - Setting next_dagrun for example_display_name to None, run_after=None
[2024-11-14T07:30:23.884+0000] {processor.py:208} INFO - Processing /home/airflow/.local/lib/python3.12/site-packages/airflow/example_dags/example_display_name.py took 0.085 seconds
[2024-11-14T07:30:54.047+0000] {processor.py:186} INFO - Started process (PID=1085) to work on /home/airflow/.local/lib/python3.12/site-packages/airflow/example_dags/example_display_name.py
[2024-11-14T07:30:54.049+0000] {processor.py:914} INFO - Processing file /home/airflow/.local/lib/python3.12/site-packages/airflow/example_dags/example_display_name.py for tasks to queue
[2024-11-14T07:30:54.053+0000] {logging_mixin.py:190} INFO - [2024-11-14T07:30:54.052+0000] {dagbag.py:588} INFO - Filling up the DagBag from /home/airflow/.local/lib/python3.12/site-packages/airflow/example_dags/example_display_name.py
[2024-11-14T07:30:54.061+0000] {processor.py:925} INFO - DAG(s) 'example_display_name' retrieved from /home/airflow/.local/lib/python3.12/site-packages/airflow/example_dags/example_display_name.py
[2024-11-14T07:30:54.085+0000] {logging_mixin.py:190} INFO - [2024-11-14T07:30:54.085+0000] {dag.py:3239} INFO - Sync 1 DAGs
[2024-11-14T07:30:54.102+0000] {logging_mixin.py:190} INFO - [2024-11-14T07:30:54.101+0000] {dag.py:4180} INFO - Setting next_dagrun for example_display_name to None, run_after=None
[2024-11-14T07:30:54.130+0000] {processor.py:208} INFO - Processing /home/airflow/.local/lib/python3.12/site-packages/airflow/example_dags/example_display_name.py took 0.094 seconds
[2024-11-14T07:42:05.173+0000] {processor.py:186} INFO - Started process (PID=100) to work on /home/airflow/.local/lib/python3.12/site-packages/airflow/example_dags/example_display_name.py
[2024-11-14T07:42:05.175+0000] {processor.py:914} INFO - Processing file /home/airflow/.local/lib/python3.12/site-packages/airflow/example_dags/example_display_name.py for tasks to queue
[2024-11-14T07:42:05.178+0000] {logging_mixin.py:190} INFO - [2024-11-14T07:42:05.177+0000] {dagbag.py:588} INFO - Filling up the DagBag from /home/airflow/.local/lib/python3.12/site-packages/airflow/example_dags/example_display_name.py
[2024-11-14T07:42:05.186+0000] {processor.py:925} INFO - DAG(s) 'example_display_name' retrieved from /home/airflow/.local/lib/python3.12/site-packages/airflow/example_dags/example_display_name.py
[2024-11-14T07:42:05.220+0000] {logging_mixin.py:190} INFO - [2024-11-14T07:42:05.220+0000] {dag.py:3239} INFO - Sync 1 DAGs
[2024-11-14T07:42:05.238+0000] {logging_mixin.py:190} INFO - [2024-11-14T07:42:05.237+0000] {dag.py:4180} INFO - Setting next_dagrun for example_display_name to None, run_after=None
[2024-11-14T07:42:05.262+0000] {processor.py:208} INFO - Processing /home/airflow/.local/lib/python3.12/site-packages/airflow/example_dags/example_display_name.py took 0.095 seconds
[2024-11-14T07:42:36.258+0000] {processor.py:186} INFO - Started process (PID=162) to work on /home/airflow/.local/lib/python3.12/site-packages/airflow/example_dags/example_display_name.py
[2024-11-14T07:42:36.260+0000] {processor.py:914} INFO - Processing file /home/airflow/.local/lib/python3.12/site-packages/airflow/example_dags/example_display_name.py for tasks to queue
[2024-11-14T07:42:36.264+0000] {logging_mixin.py:190} INFO - [2024-11-14T07:42:36.263+0000] {dagbag.py:588} INFO - Filling up the DagBag from /home/airflow/.local/lib/python3.12/site-packages/airflow/example_dags/example_display_name.py
[2024-11-14T07:42:36.273+0000] {processor.py:925} INFO - DAG(s) 'example_display_name' retrieved from /home/airflow/.local/lib/python3.12/site-packages/airflow/example_dags/example_display_name.py
[2024-11-14T07:42:36.296+0000] {logging_mixin.py:190} INFO - [2024-11-14T07:42:36.295+0000] {dag.py:3239} INFO - Sync 1 DAGs
[2024-11-14T07:42:36.310+0000] {logging_mixin.py:190} INFO - [2024-11-14T07:42:36.310+0000] {dag.py:4180} INFO - Setting next_dagrun for example_display_name to None, run_after=None
[2024-11-14T07:42:36.332+0000] {processor.py:208} INFO - Processing /home/airflow/.local/lib/python3.12/site-packages/airflow/example_dags/example_display_name.py took 0.080 seconds
[2024-11-14T07:49:35.732+0000] {processor.py:186} INFO - Started process (PID=133) to work on /home/airflow/.local/lib/python3.12/site-packages/airflow/example_dags/example_display_name.py
[2024-11-14T07:49:35.735+0000] {processor.py:914} INFO - Processing file /home/airflow/.local/lib/python3.12/site-packages/airflow/example_dags/example_display_name.py for tasks to queue
[2024-11-14T07:49:35.740+0000] {logging_mixin.py:190} INFO - [2024-11-14T07:49:35.739+0000] {dagbag.py:588} INFO - Filling up the DagBag from /home/airflow/.local/lib/python3.12/site-packages/airflow/example_dags/example_display_name.py
[2024-11-14T07:49:35.753+0000] {processor.py:925} INFO - DAG(s) 'example_display_name' retrieved from /home/airflow/.local/lib/python3.12/site-packages/airflow/example_dags/example_display_name.py
[2024-11-14T07:49:35.787+0000] {logging_mixin.py:190} INFO - [2024-11-14T07:49:35.786+0000] {dag.py:3239} INFO - Sync 1 DAGs
[2024-11-14T07:49:35.809+0000] {logging_mixin.py:190} INFO - [2024-11-14T07:49:35.808+0000] {dag.py:4180} INFO - Setting next_dagrun for example_display_name to None, run_after=None
[2024-11-14T07:49:35.833+0000] {processor.py:208} INFO - Processing /home/airflow/.local/lib/python3.12/site-packages/airflow/example_dags/example_display_name.py took 0.114 seconds
[2024-11-14T07:50:06.741+0000] {processor.py:186} INFO - Started process (PID=195) to work on /home/airflow/.local/lib/python3.12/site-packages/airflow/example_dags/example_display_name.py
[2024-11-14T07:50:06.743+0000] {processor.py:914} INFO - Processing file /home/airflow/.local/lib/python3.12/site-packages/airflow/example_dags/example_display_name.py for tasks to queue
[2024-11-14T07:50:06.746+0000] {logging_mixin.py:190} INFO - [2024-11-14T07:50:06.746+0000] {dagbag.py:588} INFO - Filling up the DagBag from /home/airflow/.local/lib/python3.12/site-packages/airflow/example_dags/example_display_name.py
[2024-11-14T07:50:06.753+0000] {processor.py:925} INFO - DAG(s) 'example_display_name' retrieved from /home/airflow/.local/lib/python3.12/site-packages/airflow/example_dags/example_display_name.py
[2024-11-14T07:50:06.773+0000] {logging_mixin.py:190} INFO - [2024-11-14T07:50:06.773+0000] {dag.py:3239} INFO - Sync 1 DAGs
[2024-11-14T07:50:06.787+0000] {logging_mixin.py:190} INFO - [2024-11-14T07:50:06.787+0000] {dag.py:4180} INFO - Setting next_dagrun for example_display_name to None, run_after=None
[2024-11-14T07:50:06.808+0000] {processor.py:208} INFO - Processing /home/airflow/.local/lib/python3.12/site-packages/airflow/example_dags/example_display_name.py took 0.072 seconds
[2024-11-14T07:50:37.004+0000] {processor.py:186} INFO - Started process (PID=256) to work on /home/airflow/.local/lib/python3.12/site-packages/airflow/example_dags/example_display_name.py
[2024-11-14T07:50:37.006+0000] {processor.py:914} INFO - Processing file /home/airflow/.local/lib/python3.12/site-packages/airflow/example_dags/example_display_name.py for tasks to queue
[2024-11-14T07:50:37.010+0000] {logging_mixin.py:190} INFO - [2024-11-14T07:50:37.009+0000] {dagbag.py:588} INFO - Filling up the DagBag from /home/airflow/.local/lib/python3.12/site-packages/airflow/example_dags/example_display_name.py
[2024-11-14T07:50:37.019+0000] {processor.py:925} INFO - DAG(s) 'example_display_name' retrieved from /home/airflow/.local/lib/python3.12/site-packages/airflow/example_dags/example_display_name.py
[2024-11-14T07:50:37.049+0000] {logging_mixin.py:190} INFO - [2024-11-14T07:50:37.048+0000] {dag.py:3239} INFO - Sync 1 DAGs
[2024-11-14T07:50:37.068+0000] {logging_mixin.py:190} INFO - [2024-11-14T07:50:37.068+0000] {dag.py:4180} INFO - Setting next_dagrun for example_display_name to None, run_after=None
[2024-11-14T07:50:37.094+0000] {processor.py:208} INFO - Processing /home/airflow/.local/lib/python3.12/site-packages/airflow/example_dags/example_display_name.py took 0.099 seconds
[2024-11-14T07:51:07.188+0000] {processor.py:186} INFO - Started process (PID=318) to work on /home/airflow/.local/lib/python3.12/site-packages/airflow/example_dags/example_display_name.py
[2024-11-14T07:51:07.189+0000] {processor.py:914} INFO - Processing file /home/airflow/.local/lib/python3.12/site-packages/airflow/example_dags/example_display_name.py for tasks to queue
[2024-11-14T07:51:07.192+0000] {logging_mixin.py:190} INFO - [2024-11-14T07:51:07.192+0000] {dagbag.py:588} INFO - Filling up the DagBag from /home/airflow/.local/lib/python3.12/site-packages/airflow/example_dags/example_display_name.py
[2024-11-14T07:51:07.199+0000] {processor.py:925} INFO - DAG(s) 'example_display_name' retrieved from /home/airflow/.local/lib/python3.12/site-packages/airflow/example_dags/example_display_name.py
[2024-11-14T07:51:07.221+0000] {logging_mixin.py:190} INFO - [2024-11-14T07:51:07.220+0000] {dag.py:3239} INFO - Sync 1 DAGs
[2024-11-14T07:51:07.234+0000] {logging_mixin.py:190} INFO - [2024-11-14T07:51:07.234+0000] {dag.py:4180} INFO - Setting next_dagrun for example_display_name to None, run_after=None
[2024-11-14T07:51:07.259+0000] {processor.py:208} INFO - Processing /home/airflow/.local/lib/python3.12/site-packages/airflow/example_dags/example_display_name.py took 0.077 seconds
[2024-11-14T07:51:38.206+0000] {processor.py:186} INFO - Started process (PID=380) to work on /home/airflow/.local/lib/python3.12/site-packages/airflow/example_dags/example_display_name.py
[2024-11-14T07:51:38.208+0000] {processor.py:914} INFO - Processing file /home/airflow/.local/lib/python3.12/site-packages/airflow/example_dags/example_display_name.py for tasks to queue
[2024-11-14T07:51:38.212+0000] {logging_mixin.py:190} INFO - [2024-11-14T07:51:38.212+0000] {dagbag.py:588} INFO - Filling up the DagBag from /home/airflow/.local/lib/python3.12/site-packages/airflow/example_dags/example_display_name.py
[2024-11-14T07:51:38.222+0000] {processor.py:925} INFO - DAG(s) 'example_display_name' retrieved from /home/airflow/.local/lib/python3.12/site-packages/airflow/example_dags/example_display_name.py
[2024-11-14T07:51:38.248+0000] {logging_mixin.py:190} INFO - [2024-11-14T07:51:38.248+0000] {dag.py:3239} INFO - Sync 1 DAGs
[2024-11-14T07:51:38.262+0000] {logging_mixin.py:190} INFO - [2024-11-14T07:51:38.262+0000] {dag.py:4180} INFO - Setting next_dagrun for example_display_name to None, run_after=None
[2024-11-14T07:51:38.288+0000] {processor.py:208} INFO - Processing /home/airflow/.local/lib/python3.12/site-packages/airflow/example_dags/example_display_name.py took 0.088 seconds
[2024-11-14T07:52:08.672+0000] {processor.py:186} INFO - Started process (PID=442) to work on /home/airflow/.local/lib/python3.12/site-packages/airflow/example_dags/example_display_name.py
[2024-11-14T07:52:08.673+0000] {processor.py:914} INFO - Processing file /home/airflow/.local/lib/python3.12/site-packages/airflow/example_dags/example_display_name.py for tasks to queue
[2024-11-14T07:52:08.676+0000] {logging_mixin.py:190} INFO - [2024-11-14T07:52:08.676+0000] {dagbag.py:588} INFO - Filling up the DagBag from /home/airflow/.local/lib/python3.12/site-packages/airflow/example_dags/example_display_name.py
[2024-11-14T07:52:08.684+0000] {processor.py:925} INFO - DAG(s) 'example_display_name' retrieved from /home/airflow/.local/lib/python3.12/site-packages/airflow/example_dags/example_display_name.py
[2024-11-14T07:52:08.704+0000] {logging_mixin.py:190} INFO - [2024-11-14T07:52:08.704+0000] {dag.py:3239} INFO - Sync 1 DAGs
[2024-11-14T07:52:08.719+0000] {logging_mixin.py:190} INFO - [2024-11-14T07:52:08.719+0000] {dag.py:4180} INFO - Setting next_dagrun for example_display_name to None, run_after=None
[2024-11-14T07:52:08.742+0000] {processor.py:208} INFO - Processing /home/airflow/.local/lib/python3.12/site-packages/airflow/example_dags/example_display_name.py took 0.076 seconds
[2024-11-14T07:52:38.830+0000] {processor.py:186} INFO - Started process (PID=504) to work on /home/airflow/.local/lib/python3.12/site-packages/airflow/example_dags/example_display_name.py
[2024-11-14T07:52:38.831+0000] {processor.py:914} INFO - Processing file /home/airflow/.local/lib/python3.12/site-packages/airflow/example_dags/example_display_name.py for tasks to queue
[2024-11-14T07:52:38.834+0000] {logging_mixin.py:190} INFO - [2024-11-14T07:52:38.834+0000] {dagbag.py:588} INFO - Filling up the DagBag from /home/airflow/.local/lib/python3.12/site-packages/airflow/example_dags/example_display_name.py
[2024-11-14T07:52:38.841+0000] {processor.py:925} INFO - DAG(s) 'example_display_name' retrieved from /home/airflow/.local/lib/python3.12/site-packages/airflow/example_dags/example_display_name.py
[2024-11-14T07:52:38.862+0000] {logging_mixin.py:190} INFO - [2024-11-14T07:52:38.862+0000] {dag.py:3239} INFO - Sync 1 DAGs
[2024-11-14T07:52:38.876+0000] {logging_mixin.py:190} INFO - [2024-11-14T07:52:38.875+0000] {dag.py:4180} INFO - Setting next_dagrun for example_display_name to None, run_after=None
[2024-11-14T07:52:38.899+0000] {processor.py:208} INFO - Processing /home/airflow/.local/lib/python3.12/site-packages/airflow/example_dags/example_display_name.py took 0.075 seconds
[2024-11-14T07:53:09.145+0000] {processor.py:186} INFO - Started process (PID=566) to work on /home/airflow/.local/lib/python3.12/site-packages/airflow/example_dags/example_display_name.py
[2024-11-14T07:53:09.147+0000] {processor.py:914} INFO - Processing file /home/airflow/.local/lib/python3.12/site-packages/airflow/example_dags/example_display_name.py for tasks to queue
[2024-11-14T07:53:09.150+0000] {logging_mixin.py:190} INFO - [2024-11-14T07:53:09.149+0000] {dagbag.py:588} INFO - Filling up the DagBag from /home/airflow/.local/lib/python3.12/site-packages/airflow/example_dags/example_display_name.py
[2024-11-14T07:53:09.159+0000] {processor.py:925} INFO - DAG(s) 'example_display_name' retrieved from /home/airflow/.local/lib/python3.12/site-packages/airflow/example_dags/example_display_name.py
[2024-11-14T07:53:09.193+0000] {logging_mixin.py:190} INFO - [2024-11-14T07:53:09.192+0000] {dag.py:3239} INFO - Sync 1 DAGs
[2024-11-14T07:53:09.222+0000] {logging_mixin.py:190} INFO - [2024-11-14T07:53:09.222+0000] {dag.py:4180} INFO - Setting next_dagrun for example_display_name to None, run_after=None
[2024-11-14T07:53:09.242+0000] {processor.py:208} INFO - Processing /home/airflow/.local/lib/python3.12/site-packages/airflow/example_dags/example_display_name.py took 0.102 seconds
[2024-11-14T07:53:40.008+0000] {processor.py:186} INFO - Started process (PID=628) to work on /home/airflow/.local/lib/python3.12/site-packages/airflow/example_dags/example_display_name.py
[2024-11-14T07:53:40.010+0000] {processor.py:914} INFO - Processing file /home/airflow/.local/lib/python3.12/site-packages/airflow/example_dags/example_display_name.py for tasks to queue
[2024-11-14T07:53:40.014+0000] {logging_mixin.py:190} INFO - [2024-11-14T07:53:40.014+0000] {dagbag.py:588} INFO - Filling up the DagBag from /home/airflow/.local/lib/python3.12/site-packages/airflow/example_dags/example_display_name.py
[2024-11-14T07:53:40.024+0000] {processor.py:925} INFO - DAG(s) 'example_display_name' retrieved from /home/airflow/.local/lib/python3.12/site-packages/airflow/example_dags/example_display_name.py
[2024-11-14T07:53:40.046+0000] {logging_mixin.py:190} INFO - [2024-11-14T07:53:40.046+0000] {dag.py:3239} INFO - Sync 1 DAGs
[2024-11-14T07:53:40.062+0000] {logging_mixin.py:190} INFO - [2024-11-14T07:53:40.062+0000] {dag.py:4180} INFO - Setting next_dagrun for example_display_name to None, run_after=None
[2024-11-14T07:53:40.087+0000] {processor.py:208} INFO - Processing /home/airflow/.local/lib/python3.12/site-packages/airflow/example_dags/example_display_name.py took 0.087 seconds
[2024-11-14T07:54:10.674+0000] {processor.py:186} INFO - Started process (PID=690) to work on /home/airflow/.local/lib/python3.12/site-packages/airflow/example_dags/example_display_name.py
[2024-11-14T07:54:10.675+0000] {processor.py:914} INFO - Processing file /home/airflow/.local/lib/python3.12/site-packages/airflow/example_dags/example_display_name.py for tasks to queue
[2024-11-14T07:54:10.678+0000] {logging_mixin.py:190} INFO - [2024-11-14T07:54:10.678+0000] {dagbag.py:588} INFO - Filling up the DagBag from /home/airflow/.local/lib/python3.12/site-packages/airflow/example_dags/example_display_name.py
[2024-11-14T07:54:10.687+0000] {processor.py:925} INFO - DAG(s) 'example_display_name' retrieved from /home/airflow/.local/lib/python3.12/site-packages/airflow/example_dags/example_display_name.py
[2024-11-14T07:54:10.715+0000] {logging_mixin.py:190} INFO - [2024-11-14T07:54:10.715+0000] {dag.py:3239} INFO - Sync 1 DAGs
[2024-11-14T07:54:10.730+0000] {logging_mixin.py:190} INFO - [2024-11-14T07:54:10.729+0000] {dag.py:4180} INFO - Setting next_dagrun for example_display_name to None, run_after=None
[2024-11-14T07:54:10.753+0000] {processor.py:208} INFO - Processing /home/airflow/.local/lib/python3.12/site-packages/airflow/example_dags/example_display_name.py took 0.087 seconds
[2024-11-14T07:54:41.398+0000] {processor.py:186} INFO - Started process (PID=752) to work on /home/airflow/.local/lib/python3.12/site-packages/airflow/example_dags/example_display_name.py
[2024-11-14T07:54:41.399+0000] {processor.py:914} INFO - Processing file /home/airflow/.local/lib/python3.12/site-packages/airflow/example_dags/example_display_name.py for tasks to queue
[2024-11-14T07:54:41.403+0000] {logging_mixin.py:190} INFO - [2024-11-14T07:54:41.402+0000] {dagbag.py:588} INFO - Filling up the DagBag from /home/airflow/.local/lib/python3.12/site-packages/airflow/example_dags/example_display_name.py
[2024-11-14T07:54:41.410+0000] {processor.py:925} INFO - DAG(s) 'example_display_name' retrieved from /home/airflow/.local/lib/python3.12/site-packages/airflow/example_dags/example_display_name.py
[2024-11-14T07:54:41.431+0000] {logging_mixin.py:190} INFO - [2024-11-14T07:54:41.431+0000] {dag.py:3239} INFO - Sync 1 DAGs
[2024-11-14T07:54:41.446+0000] {logging_mixin.py:190} INFO - [2024-11-14T07:54:41.446+0000] {dag.py:4180} INFO - Setting next_dagrun for example_display_name to None, run_after=None
[2024-11-14T07:54:41.468+0000] {processor.py:208} INFO - Processing /home/airflow/.local/lib/python3.12/site-packages/airflow/example_dags/example_display_name.py took 0.075 seconds
[2024-11-14T07:55:12.066+0000] {processor.py:186} INFO - Started process (PID=814) to work on /home/airflow/.local/lib/python3.12/site-packages/airflow/example_dags/example_display_name.py
[2024-11-14T07:55:12.067+0000] {processor.py:914} INFO - Processing file /home/airflow/.local/lib/python3.12/site-packages/airflow/example_dags/example_display_name.py for tasks to queue
[2024-11-14T07:55:12.070+0000] {logging_mixin.py:190} INFO - [2024-11-14T07:55:12.070+0000] {dagbag.py:588} INFO - Filling up the DagBag from /home/airflow/.local/lib/python3.12/site-packages/airflow/example_dags/example_display_name.py
[2024-11-14T07:55:12.078+0000] {processor.py:925} INFO - DAG(s) 'example_display_name' retrieved from /home/airflow/.local/lib/python3.12/site-packages/airflow/example_dags/example_display_name.py
[2024-11-14T07:55:12.100+0000] {logging_mixin.py:190} INFO - [2024-11-14T07:55:12.100+0000] {dag.py:3239} INFO - Sync 1 DAGs
[2024-11-14T07:55:12.120+0000] {logging_mixin.py:190} INFO - [2024-11-14T07:55:12.120+0000] {dag.py:4180} INFO - Setting next_dagrun for example_display_name to None, run_after=None
[2024-11-14T07:55:12.142+0000] {processor.py:208} INFO - Processing /home/airflow/.local/lib/python3.12/site-packages/airflow/example_dags/example_display_name.py took 0.082 seconds
[2024-11-14T07:55:42.657+0000] {processor.py:186} INFO - Started process (PID=876) to work on /home/airflow/.local/lib/python3.12/site-packages/airflow/example_dags/example_display_name.py
[2024-11-14T07:55:42.659+0000] {processor.py:914} INFO - Processing file /home/airflow/.local/lib/python3.12/site-packages/airflow/example_dags/example_display_name.py for tasks to queue
[2024-11-14T07:55:42.662+0000] {logging_mixin.py:190} INFO - [2024-11-14T07:55:42.662+0000] {dagbag.py:588} INFO - Filling up the DagBag from /home/airflow/.local/lib/python3.12/site-packages/airflow/example_dags/example_display_name.py
[2024-11-14T07:55:42.671+0000] {processor.py:925} INFO - DAG(s) 'example_display_name' retrieved from /home/airflow/.local/lib/python3.12/site-packages/airflow/example_dags/example_display_name.py
[2024-11-14T07:55:42.690+0000] {logging_mixin.py:190} INFO - [2024-11-14T07:55:42.690+0000] {dag.py:3239} INFO - Sync 1 DAGs
[2024-11-14T07:55:42.703+0000] {logging_mixin.py:190} INFO - [2024-11-14T07:55:42.702+0000] {dag.py:4180} INFO - Setting next_dagrun for example_display_name to None, run_after=None
[2024-11-14T07:55:42.729+0000] {processor.py:208} INFO - Processing /home/airflow/.local/lib/python3.12/site-packages/airflow/example_dags/example_display_name.py took 0.078 seconds
[2024-11-14T07:56:13.229+0000] {processor.py:186} INFO - Started process (PID=943) to work on /home/airflow/.local/lib/python3.12/site-packages/airflow/example_dags/example_display_name.py
[2024-11-14T07:56:13.230+0000] {processor.py:914} INFO - Processing file /home/airflow/.local/lib/python3.12/site-packages/airflow/example_dags/example_display_name.py for tasks to queue
[2024-11-14T07:56:13.234+0000] {logging_mixin.py:190} INFO - [2024-11-14T07:56:13.233+0000] {dagbag.py:588} INFO - Filling up the DagBag from /home/airflow/.local/lib/python3.12/site-packages/airflow/example_dags/example_display_name.py
[2024-11-14T07:56:13.242+0000] {processor.py:925} INFO - DAG(s) 'example_display_name' retrieved from /home/airflow/.local/lib/python3.12/site-packages/airflow/example_dags/example_display_name.py
[2024-11-14T07:56:13.264+0000] {logging_mixin.py:190} INFO - [2024-11-14T07:56:13.264+0000] {dag.py:3239} INFO - Sync 1 DAGs
[2024-11-14T07:56:13.280+0000] {logging_mixin.py:190} INFO - [2024-11-14T07:56:13.280+0000] {dag.py:4180} INFO - Setting next_dagrun for example_display_name to None, run_after=None
[2024-11-14T07:56:13.302+0000] {processor.py:208} INFO - Processing /home/airflow/.local/lib/python3.12/site-packages/airflow/example_dags/example_display_name.py took 0.079 seconds
[2024-11-14T07:56:43.749+0000] {processor.py:186} INFO - Started process (PID=1005) to work on /home/airflow/.local/lib/python3.12/site-packages/airflow/example_dags/example_display_name.py
[2024-11-14T07:56:43.750+0000] {processor.py:914} INFO - Processing file /home/airflow/.local/lib/python3.12/site-packages/airflow/example_dags/example_display_name.py for tasks to queue
[2024-11-14T07:56:43.753+0000] {logging_mixin.py:190} INFO - [2024-11-14T07:56:43.753+0000] {dagbag.py:588} INFO - Filling up the DagBag from /home/airflow/.local/lib/python3.12/site-packages/airflow/example_dags/example_display_name.py
[2024-11-14T07:56:43.760+0000] {processor.py:925} INFO - DAG(s) 'example_display_name' retrieved from /home/airflow/.local/lib/python3.12/site-packages/airflow/example_dags/example_display_name.py
[2024-11-14T07:56:43.783+0000] {logging_mixin.py:190} INFO - [2024-11-14T07:56:43.783+0000] {dag.py:3239} INFO - Sync 1 DAGs
[2024-11-14T07:56:43.797+0000] {logging_mixin.py:190} INFO - [2024-11-14T07:56:43.797+0000] {dag.py:4180} INFO - Setting next_dagrun for example_display_name to None, run_after=None
[2024-11-14T07:56:43.818+0000] {processor.py:208} INFO - Processing /home/airflow/.local/lib/python3.12/site-packages/airflow/example_dags/example_display_name.py took 0.074 seconds
[2024-11-14T07:57:15.149+0000] {processor.py:186} INFO - Started process (PID=1067) to work on /home/airflow/.local/lib/python3.12/site-packages/airflow/example_dags/example_display_name.py
[2024-11-14T07:57:15.151+0000] {processor.py:914} INFO - Processing file /home/airflow/.local/lib/python3.12/site-packages/airflow/example_dags/example_display_name.py for tasks to queue
[2024-11-14T07:57:15.154+0000] {logging_mixin.py:190} INFO - [2024-11-14T07:57:15.154+0000] {dagbag.py:588} INFO - Filling up the DagBag from /home/airflow/.local/lib/python3.12/site-packages/airflow/example_dags/example_display_name.py
[2024-11-14T07:57:15.164+0000] {processor.py:925} INFO - DAG(s) 'example_display_name' retrieved from /home/airflow/.local/lib/python3.12/site-packages/airflow/example_dags/example_display_name.py
[2024-11-14T07:57:15.193+0000] {logging_mixin.py:190} INFO - [2024-11-14T07:57:15.193+0000] {dag.py:3239} INFO - Sync 1 DAGs
[2024-11-14T07:57:15.214+0000] {logging_mixin.py:190} INFO - [2024-11-14T07:57:15.213+0000] {dag.py:4180} INFO - Setting next_dagrun for example_display_name to None, run_after=None
[2024-11-14T07:57:15.244+0000] {processor.py:208} INFO - Processing /home/airflow/.local/lib/python3.12/site-packages/airflow/example_dags/example_display_name.py took 0.101 seconds
[2024-11-14T08:08:03.345+0000] {processor.py:186} INFO - Started process (PID=100) to work on /home/airflow/.local/lib/python3.12/site-packages/airflow/example_dags/example_display_name.py
[2024-11-14T08:08:03.347+0000] {processor.py:914} INFO - Processing file /home/airflow/.local/lib/python3.12/site-packages/airflow/example_dags/example_display_name.py for tasks to queue
[2024-11-14T08:08:03.351+0000] {logging_mixin.py:190} INFO - [2024-11-14T08:08:03.351+0000] {dagbag.py:588} INFO - Filling up the DagBag from /home/airflow/.local/lib/python3.12/site-packages/airflow/example_dags/example_display_name.py
[2024-11-14T08:08:03.363+0000] {processor.py:925} INFO - DAG(s) 'example_display_name' retrieved from /home/airflow/.local/lib/python3.12/site-packages/airflow/example_dags/example_display_name.py
[2024-11-14T08:08:03.393+0000] {logging_mixin.py:190} INFO - [2024-11-14T08:08:03.392+0000] {dag.py:3239} INFO - Sync 1 DAGs
[2024-11-14T08:08:03.416+0000] {logging_mixin.py:190} INFO - [2024-11-14T08:08:03.416+0000] {dag.py:4180} INFO - Setting next_dagrun for example_display_name to None, run_after=None
[2024-11-14T08:08:03.444+0000] {processor.py:208} INFO - Processing /home/airflow/.local/lib/python3.12/site-packages/airflow/example_dags/example_display_name.py took 0.107 seconds
[2024-11-14T08:08:33.915+0000] {processor.py:186} INFO - Started process (PID=162) to work on /home/airflow/.local/lib/python3.12/site-packages/airflow/example_dags/example_display_name.py
[2024-11-14T08:08:33.916+0000] {processor.py:914} INFO - Processing file /home/airflow/.local/lib/python3.12/site-packages/airflow/example_dags/example_display_name.py for tasks to queue
[2024-11-14T08:08:33.919+0000] {logging_mixin.py:190} INFO - [2024-11-14T08:08:33.919+0000] {dagbag.py:588} INFO - Filling up the DagBag from /home/airflow/.local/lib/python3.12/site-packages/airflow/example_dags/example_display_name.py
[2024-11-14T08:08:33.929+0000] {processor.py:925} INFO - DAG(s) 'example_display_name' retrieved from /home/airflow/.local/lib/python3.12/site-packages/airflow/example_dags/example_display_name.py
[2024-11-14T08:08:33.954+0000] {logging_mixin.py:190} INFO - [2024-11-14T08:08:33.954+0000] {dag.py:3239} INFO - Sync 1 DAGs
[2024-11-14T08:08:33.972+0000] {logging_mixin.py:190} INFO - [2024-11-14T08:08:33.972+0000] {dag.py:4180} INFO - Setting next_dagrun for example_display_name to None, run_after=None
[2024-11-14T08:08:33.999+0000] {processor.py:208} INFO - Processing /home/airflow/.local/lib/python3.12/site-packages/airflow/example_dags/example_display_name.py took 0.090 seconds
[2024-11-14T08:15:24.795+0000] {processor.py:186} INFO - Started process (PID=101) to work on /home/airflow/.local/lib/python3.12/site-packages/airflow/example_dags/example_display_name.py
[2024-11-14T08:15:24.797+0000] {processor.py:914} INFO - Processing file /home/airflow/.local/lib/python3.12/site-packages/airflow/example_dags/example_display_name.py for tasks to queue
[2024-11-14T08:15:24.800+0000] {logging_mixin.py:190} INFO - [2024-11-14T08:15:24.799+0000] {dagbag.py:588} INFO - Filling up the DagBag from /home/airflow/.local/lib/python3.12/site-packages/airflow/example_dags/example_display_name.py
[2024-11-14T08:15:24.811+0000] {processor.py:925} INFO - DAG(s) 'example_display_name' retrieved from /home/airflow/.local/lib/python3.12/site-packages/airflow/example_dags/example_display_name.py
[2024-11-14T08:15:24.940+0000] {logging_mixin.py:190} INFO - [2024-11-14T08:15:24.939+0000] {override.py:1900} INFO - Created Permission View: can edit on DAG:example_display_name
[2024-11-14T08:15:24.953+0000] {logging_mixin.py:190} INFO - [2024-11-14T08:15:24.953+0000] {override.py:1900} INFO - Created Permission View: can delete on DAG:example_display_name
[2024-11-14T08:15:24.963+0000] {logging_mixin.py:190} INFO - [2024-11-14T08:15:24.963+0000] {override.py:1900} INFO - Created Permission View: can read on DAG:example_display_name
[2024-11-14T08:15:24.975+0000] {logging_mixin.py:190} INFO - [2024-11-14T08:15:24.975+0000] {override.py:1900} INFO - Created Permission View: can delete on DAG Run:example_display_name
[2024-11-14T08:15:24.986+0000] {logging_mixin.py:190} INFO - [2024-11-14T08:15:24.985+0000] {override.py:1900} INFO - Created Permission View: can read on DAG Run:example_display_name
[2024-11-14T08:15:24.997+0000] {logging_mixin.py:190} INFO - [2024-11-14T08:15:24.996+0000] {override.py:1900} INFO - Created Permission View: can create on DAG Run:example_display_name
[2024-11-14T08:15:25.007+0000] {logging_mixin.py:190} INFO - [2024-11-14T08:15:25.006+0000] {override.py:1900} INFO - Created Permission View: menu access on DAG Run:example_display_name
[2024-11-14T08:15:25.008+0000] {logging_mixin.py:190} INFO - [2024-11-14T08:15:25.007+0000] {dag.py:3239} INFO - Sync 1 DAGs
[2024-11-14T08:15:25.026+0000] {logging_mixin.py:190} INFO - [2024-11-14T08:15:25.025+0000] {dag.py:3262} INFO - Creating ORM DAG for example_display_name
[2024-11-14T08:15:25.027+0000] {logging_mixin.py:190} INFO - [2024-11-14T08:15:25.027+0000] {dag.py:4180} INFO - Setting next_dagrun for example_display_name to None, run_after=None
[2024-11-14T08:15:25.048+0000] {processor.py:208} INFO - Processing /home/airflow/.local/lib/python3.12/site-packages/airflow/example_dags/example_display_name.py took 0.259 seconds
[2024-11-14T08:16:14.182+0000] {processor.py:186} INFO - Started process (PID=91) to work on /home/airflow/.local/lib/python3.12/site-packages/airflow/example_dags/example_display_name.py
[2024-11-14T08:16:14.184+0000] {processor.py:914} INFO - Processing file /home/airflow/.local/lib/python3.12/site-packages/airflow/example_dags/example_display_name.py for tasks to queue
[2024-11-14T08:16:14.187+0000] {logging_mixin.py:190} INFO - [2024-11-14T08:16:14.187+0000] {dagbag.py:588} INFO - Filling up the DagBag from /home/airflow/.local/lib/python3.12/site-packages/airflow/example_dags/example_display_name.py
[2024-11-14T08:16:14.195+0000] {processor.py:925} INFO - DAG(s) 'example_display_name' retrieved from /home/airflow/.local/lib/python3.12/site-packages/airflow/example_dags/example_display_name.py
[2024-11-14T08:16:14.220+0000] {logging_mixin.py:190} INFO - [2024-11-14T08:16:14.220+0000] {dag.py:3239} INFO - Sync 1 DAGs
[2024-11-14T08:16:14.237+0000] {logging_mixin.py:190} INFO - [2024-11-14T08:16:14.237+0000] {dag.py:4180} INFO - Setting next_dagrun for example_display_name to None, run_after=None
[2024-11-14T08:16:14.264+0000] {processor.py:208} INFO - Processing /home/airflow/.local/lib/python3.12/site-packages/airflow/example_dags/example_display_name.py took 0.089 seconds
[2024-11-14T08:16:49.830+0000] {processor.py:186} INFO - Started process (PID=154) to work on /home/airflow/.local/lib/python3.12/site-packages/airflow/example_dags/example_display_name.py
[2024-11-14T08:16:49.832+0000] {processor.py:914} INFO - Processing file /home/airflow/.local/lib/python3.12/site-packages/airflow/example_dags/example_display_name.py for tasks to queue
[2024-11-14T08:16:49.834+0000] {logging_mixin.py:190} INFO - [2024-11-14T08:16:49.834+0000] {dagbag.py:588} INFO - Filling up the DagBag from /home/airflow/.local/lib/python3.12/site-packages/airflow/example_dags/example_display_name.py
[2024-11-14T08:16:49.842+0000] {processor.py:925} INFO - DAG(s) 'example_display_name' retrieved from /home/airflow/.local/lib/python3.12/site-packages/airflow/example_dags/example_display_name.py
[2024-11-14T08:16:49.863+0000] {logging_mixin.py:190} INFO - [2024-11-14T08:16:49.863+0000] {dag.py:3239} INFO - Sync 1 DAGs
[2024-11-14T08:16:49.877+0000] {logging_mixin.py:190} INFO - [2024-11-14T08:16:49.877+0000] {dag.py:4180} INFO - Setting next_dagrun for example_display_name to None, run_after=None
[2024-11-14T08:16:49.898+0000] {processor.py:208} INFO - Processing /home/airflow/.local/lib/python3.12/site-packages/airflow/example_dags/example_display_name.py took 0.073 seconds
[2024-11-14T08:17:21.004+0000] {processor.py:186} INFO - Started process (PID=216) to work on /home/airflow/.local/lib/python3.12/site-packages/airflow/example_dags/example_display_name.py
[2024-11-14T08:17:21.006+0000] {processor.py:914} INFO - Processing file /home/airflow/.local/lib/python3.12/site-packages/airflow/example_dags/example_display_name.py for tasks to queue
[2024-11-14T08:17:21.009+0000] {logging_mixin.py:190} INFO - [2024-11-14T08:17:21.008+0000] {dagbag.py:588} INFO - Filling up the DagBag from /home/airflow/.local/lib/python3.12/site-packages/airflow/example_dags/example_display_name.py
[2024-11-14T08:17:21.017+0000] {processor.py:925} INFO - DAG(s) 'example_display_name' retrieved from /home/airflow/.local/lib/python3.12/site-packages/airflow/example_dags/example_display_name.py
[2024-11-14T08:17:21.040+0000] {logging_mixin.py:190} INFO - [2024-11-14T08:17:21.040+0000] {dag.py:3239} INFO - Sync 1 DAGs
[2024-11-14T08:17:21.056+0000] {logging_mixin.py:190} INFO - [2024-11-14T08:17:21.055+0000] {dag.py:4180} INFO - Setting next_dagrun for example_display_name to None, run_after=None
[2024-11-14T08:17:21.079+0000] {processor.py:208} INFO - Processing /home/airflow/.local/lib/python3.12/site-packages/airflow/example_dags/example_display_name.py took 0.082 seconds
[2024-11-14T08:17:56.768+0000] {processor.py:186} INFO - Started process (PID=278) to work on /home/airflow/.local/lib/python3.12/site-packages/airflow/example_dags/example_display_name.py
[2024-11-14T08:17:56.769+0000] {processor.py:914} INFO - Processing file /home/airflow/.local/lib/python3.12/site-packages/airflow/example_dags/example_display_name.py for tasks to queue
[2024-11-14T08:17:56.772+0000] {logging_mixin.py:190} INFO - [2024-11-14T08:17:56.772+0000] {dagbag.py:588} INFO - Filling up the DagBag from /home/airflow/.local/lib/python3.12/site-packages/airflow/example_dags/example_display_name.py
[2024-11-14T08:17:56.782+0000] {processor.py:925} INFO - DAG(s) 'example_display_name' retrieved from /home/airflow/.local/lib/python3.12/site-packages/airflow/example_dags/example_display_name.py
[2024-11-14T08:17:56.808+0000] {logging_mixin.py:190} INFO - [2024-11-14T08:17:56.808+0000] {dag.py:3239} INFO - Sync 1 DAGs
[2024-11-14T08:17:56.826+0000] {logging_mixin.py:190} INFO - [2024-11-14T08:17:56.826+0000] {dag.py:4180} INFO - Setting next_dagrun for example_display_name to None, run_after=None
[2024-11-14T08:17:56.849+0000] {processor.py:208} INFO - Processing /home/airflow/.local/lib/python3.12/site-packages/airflow/example_dags/example_display_name.py took 0.088 seconds
[2024-11-14T08:18:27.483+0000] {processor.py:186} INFO - Started process (PID=340) to work on /home/airflow/.local/lib/python3.12/site-packages/airflow/example_dags/example_display_name.py
[2024-11-14T08:18:27.484+0000] {processor.py:914} INFO - Processing file /home/airflow/.local/lib/python3.12/site-packages/airflow/example_dags/example_display_name.py for tasks to queue
[2024-11-14T08:18:27.487+0000] {logging_mixin.py:190} INFO - [2024-11-14T08:18:27.487+0000] {dagbag.py:588} INFO - Filling up the DagBag from /home/airflow/.local/lib/python3.12/site-packages/airflow/example_dags/example_display_name.py
[2024-11-14T08:18:27.494+0000] {processor.py:925} INFO - DAG(s) 'example_display_name' retrieved from /home/airflow/.local/lib/python3.12/site-packages/airflow/example_dags/example_display_name.py
[2024-11-14T08:18:27.516+0000] {logging_mixin.py:190} INFO - [2024-11-14T08:18:27.516+0000] {dag.py:3239} INFO - Sync 1 DAGs
[2024-11-14T08:18:27.532+0000] {logging_mixin.py:190} INFO - [2024-11-14T08:18:27.532+0000] {dag.py:4180} INFO - Setting next_dagrun for example_display_name to None, run_after=None
[2024-11-14T08:18:27.555+0000] {processor.py:208} INFO - Processing /home/airflow/.local/lib/python3.12/site-packages/airflow/example_dags/example_display_name.py took 0.077 seconds
