[2024-11-14T07:29:55.421+0000] {processor.py:186} INFO - Started process (PID=970) to work on /home/airflow/.local/lib/python3.12/site-packages/airflow/example_dags/example_dataset_alias_with_no_taskflow.py
[2024-11-14T07:29:55.423+0000] {processor.py:914} INFO - Processing file /home/airflow/.local/lib/python3.12/site-packages/airflow/example_dags/example_dataset_alias_with_no_taskflow.py for tasks to queue
[2024-11-14T07:29:55.429+0000] {logging_mixin.py:190} INFO - [2024-11-14T07:29:55.428+0000] {dagbag.py:588} INFO - Filling up the DagBag from /home/airflow/.local/lib/python3.12/site-packages/airflow/example_dags/example_dataset_alias_with_no_taskflow.py
[2024-11-14T07:29:55.668+0000] {processor.py:925} INFO - DAG(s) 'dataset_s3_bucket_producer_with_no_taskflow', 'dataset_s3_bucket_consumer_with_no_taskflow', 'dataset_alias_example_alias_consumer_with_no_taskflow', 'dataset_alias_example_alias_producer_with_no_taskflow' retrieved from /home/airflow/.local/lib/python3.12/site-packages/airflow/example_dags/example_dataset_alias_with_no_taskflow.py
[2024-11-14T07:29:55.703+0000] {logging_mixin.py:190} INFO - [2024-11-14T07:29:55.702+0000] {dag.py:3239} INFO - Sync 4 DAGs
[2024-11-14T07:29:55.732+0000] {logging_mixin.py:190} INFO - [2024-11-14T07:29:55.732+0000] {dag.py:4180} INFO - Setting next_dagrun for dataset_alias_example_alias_consumer_with_no_taskflow to None, run_after=None
[2024-11-14T07:29:55.736+0000] {logging_mixin.py:190} INFO - [2024-11-14T07:29:55.735+0000] {dag.py:4180} INFO - Setting next_dagrun for dataset_alias_example_alias_producer_with_no_taskflow to None, run_after=None
[2024-11-14T07:29:55.738+0000] {logging_mixin.py:190} INFO - [2024-11-14T07:29:55.738+0000] {dag.py:4180} INFO - Setting next_dagrun for dataset_s3_bucket_consumer_with_no_taskflow to None, run_after=None
[2024-11-14T07:29:55.740+0000] {logging_mixin.py:190} INFO - [2024-11-14T07:29:55.740+0000] {dag.py:4180} INFO - Setting next_dagrun for dataset_s3_bucket_producer_with_no_taskflow to None, run_after=None
[2024-11-14T07:29:55.773+0000] {processor.py:208} INFO - Processing /home/airflow/.local/lib/python3.12/site-packages/airflow/example_dags/example_dataset_alias_with_no_taskflow.py took 0.363 seconds
[2024-11-14T07:30:26.027+0000] {processor.py:186} INFO - Started process (PID=1032) to work on /home/airflow/.local/lib/python3.12/site-packages/airflow/example_dags/example_dataset_alias_with_no_taskflow.py
[2024-11-14T07:30:26.029+0000] {processor.py:914} INFO - Processing file /home/airflow/.local/lib/python3.12/site-packages/airflow/example_dags/example_dataset_alias_with_no_taskflow.py for tasks to queue
[2024-11-14T07:30:26.033+0000] {logging_mixin.py:190} INFO - [2024-11-14T07:30:26.032+0000] {dagbag.py:588} INFO - Filling up the DagBag from /home/airflow/.local/lib/python3.12/site-packages/airflow/example_dags/example_dataset_alias_with_no_taskflow.py
[2024-11-14T07:30:26.366+0000] {processor.py:925} INFO - DAG(s) 'dataset_alias_example_alias_producer_with_no_taskflow', 'dataset_s3_bucket_consumer_with_no_taskflow', 'dataset_s3_bucket_producer_with_no_taskflow', 'dataset_alias_example_alias_consumer_with_no_taskflow' retrieved from /home/airflow/.local/lib/python3.12/site-packages/airflow/example_dags/example_dataset_alias_with_no_taskflow.py
[2024-11-14T07:30:26.436+0000] {logging_mixin.py:190} INFO - [2024-11-14T07:30:26.435+0000] {dag.py:3239} INFO - Sync 4 DAGs
[2024-11-14T07:30:26.480+0000] {logging_mixin.py:190} INFO - [2024-11-14T07:30:26.479+0000] {dag.py:4180} INFO - Setting next_dagrun for dataset_alias_example_alias_consumer_with_no_taskflow to None, run_after=None
[2024-11-14T07:30:26.486+0000] {logging_mixin.py:190} INFO - [2024-11-14T07:30:26.485+0000] {dag.py:4180} INFO - Setting next_dagrun for dataset_alias_example_alias_producer_with_no_taskflow to None, run_after=None
[2024-11-14T07:30:26.495+0000] {logging_mixin.py:190} INFO - [2024-11-14T07:30:26.495+0000] {dag.py:4180} INFO - Setting next_dagrun for dataset_s3_bucket_consumer_with_no_taskflow to None, run_after=None
[2024-11-14T07:30:26.499+0000] {logging_mixin.py:190} INFO - [2024-11-14T07:30:26.498+0000] {dag.py:4180} INFO - Setting next_dagrun for dataset_s3_bucket_producer_with_no_taskflow to None, run_after=None
[2024-11-14T07:30:26.547+0000] {processor.py:208} INFO - Processing /home/airflow/.local/lib/python3.12/site-packages/airflow/example_dags/example_dataset_alias_with_no_taskflow.py took 0.534 seconds
[2024-11-14T07:30:57.399+0000] {processor.py:186} INFO - Started process (PID=1094) to work on /home/airflow/.local/lib/python3.12/site-packages/airflow/example_dags/example_dataset_alias_with_no_taskflow.py
[2024-11-14T07:30:57.401+0000] {processor.py:914} INFO - Processing file /home/airflow/.local/lib/python3.12/site-packages/airflow/example_dags/example_dataset_alias_with_no_taskflow.py for tasks to queue
[2024-11-14T07:30:57.403+0000] {logging_mixin.py:190} INFO - [2024-11-14T07:30:57.403+0000] {dagbag.py:588} INFO - Filling up the DagBag from /home/airflow/.local/lib/python3.12/site-packages/airflow/example_dags/example_dataset_alias_with_no_taskflow.py
[2024-11-14T07:30:57.613+0000] {processor.py:925} INFO - DAG(s) 'dataset_s3_bucket_consumer_with_no_taskflow', 'dataset_alias_example_alias_consumer_with_no_taskflow', 'dataset_alias_example_alias_producer_with_no_taskflow', 'dataset_s3_bucket_producer_with_no_taskflow' retrieved from /home/airflow/.local/lib/python3.12/site-packages/airflow/example_dags/example_dataset_alias_with_no_taskflow.py
[2024-11-14T07:30:57.646+0000] {logging_mixin.py:190} INFO - [2024-11-14T07:30:57.646+0000] {dag.py:3239} INFO - Sync 4 DAGs
[2024-11-14T07:30:57.676+0000] {logging_mixin.py:190} INFO - [2024-11-14T07:30:57.676+0000] {dag.py:4180} INFO - Setting next_dagrun for dataset_alias_example_alias_consumer_with_no_taskflow to None, run_after=None
[2024-11-14T07:30:57.682+0000] {logging_mixin.py:190} INFO - [2024-11-14T07:30:57.681+0000] {dag.py:4180} INFO - Setting next_dagrun for dataset_alias_example_alias_producer_with_no_taskflow to None, run_after=None
[2024-11-14T07:30:57.684+0000] {logging_mixin.py:190} INFO - [2024-11-14T07:30:57.683+0000] {dag.py:4180} INFO - Setting next_dagrun for dataset_s3_bucket_consumer_with_no_taskflow to None, run_after=None
[2024-11-14T07:30:57.686+0000] {logging_mixin.py:190} INFO - [2024-11-14T07:30:57.685+0000] {dag.py:4180} INFO - Setting next_dagrun for dataset_s3_bucket_producer_with_no_taskflow to None, run_after=None
[2024-11-14T07:30:57.712+0000] {processor.py:208} INFO - Processing /home/airflow/.local/lib/python3.12/site-packages/airflow/example_dags/example_dataset_alias_with_no_taskflow.py took 0.318 seconds
[2024-11-14T07:42:06.033+0000] {processor.py:186} INFO - Started process (PID=109) to work on /home/airflow/.local/lib/python3.12/site-packages/airflow/example_dags/example_dataset_alias_with_no_taskflow.py
[2024-11-14T07:42:06.035+0000] {processor.py:914} INFO - Processing file /home/airflow/.local/lib/python3.12/site-packages/airflow/example_dags/example_dataset_alias_with_no_taskflow.py for tasks to queue
[2024-11-14T07:42:06.038+0000] {logging_mixin.py:190} INFO - [2024-11-14T07:42:06.038+0000] {dagbag.py:588} INFO - Filling up the DagBag from /home/airflow/.local/lib/python3.12/site-packages/airflow/example_dags/example_dataset_alias_with_no_taskflow.py
[2024-11-14T07:42:06.212+0000] {processor.py:925} INFO - DAG(s) 'dataset_alias_example_alias_consumer_with_no_taskflow', 'dataset_alias_example_alias_producer_with_no_taskflow', 'dataset_s3_bucket_consumer_with_no_taskflow', 'dataset_s3_bucket_producer_with_no_taskflow' retrieved from /home/airflow/.local/lib/python3.12/site-packages/airflow/example_dags/example_dataset_alias_with_no_taskflow.py
[2024-11-14T07:42:06.239+0000] {logging_mixin.py:190} INFO - [2024-11-14T07:42:06.239+0000] {dag.py:3239} INFO - Sync 4 DAGs
[2024-11-14T07:42:06.269+0000] {logging_mixin.py:190} INFO - [2024-11-14T07:42:06.269+0000] {dag.py:4180} INFO - Setting next_dagrun for dataset_alias_example_alias_consumer_with_no_taskflow to None, run_after=None
[2024-11-14T07:42:06.273+0000] {logging_mixin.py:190} INFO - [2024-11-14T07:42:06.272+0000] {dag.py:4180} INFO - Setting next_dagrun for dataset_alias_example_alias_producer_with_no_taskflow to None, run_after=None
[2024-11-14T07:42:06.275+0000] {logging_mixin.py:190} INFO - [2024-11-14T07:42:06.275+0000] {dag.py:4180} INFO - Setting next_dagrun for dataset_s3_bucket_consumer_with_no_taskflow to None, run_after=None
[2024-11-14T07:42:06.277+0000] {logging_mixin.py:190} INFO - [2024-11-14T07:42:06.276+0000] {dag.py:4180} INFO - Setting next_dagrun for dataset_s3_bucket_producer_with_no_taskflow to None, run_after=None
[2024-11-14T07:42:06.302+0000] {processor.py:208} INFO - Processing /home/airflow/.local/lib/python3.12/site-packages/airflow/example_dags/example_dataset_alias_with_no_taskflow.py took 0.276 seconds
[2024-11-14T07:42:37.171+0000] {processor.py:186} INFO - Started process (PID=172) to work on /home/airflow/.local/lib/python3.12/site-packages/airflow/example_dags/example_dataset_alias_with_no_taskflow.py
[2024-11-14T07:42:37.172+0000] {processor.py:914} INFO - Processing file /home/airflow/.local/lib/python3.12/site-packages/airflow/example_dags/example_dataset_alias_with_no_taskflow.py for tasks to queue
[2024-11-14T07:42:37.176+0000] {logging_mixin.py:190} INFO - [2024-11-14T07:42:37.175+0000] {dagbag.py:588} INFO - Filling up the DagBag from /home/airflow/.local/lib/python3.12/site-packages/airflow/example_dags/example_dataset_alias_with_no_taskflow.py
[2024-11-14T07:42:37.358+0000] {processor.py:925} INFO - DAG(s) 'dataset_s3_bucket_consumer_with_no_taskflow', 'dataset_alias_example_alias_consumer_with_no_taskflow', 'dataset_s3_bucket_producer_with_no_taskflow', 'dataset_alias_example_alias_producer_with_no_taskflow' retrieved from /home/airflow/.local/lib/python3.12/site-packages/airflow/example_dags/example_dataset_alias_with_no_taskflow.py
[2024-11-14T07:42:37.385+0000] {logging_mixin.py:190} INFO - [2024-11-14T07:42:37.384+0000] {dag.py:3239} INFO - Sync 4 DAGs
[2024-11-14T07:42:37.413+0000] {logging_mixin.py:190} INFO - [2024-11-14T07:42:37.412+0000] {dag.py:4180} INFO - Setting next_dagrun for dataset_alias_example_alias_consumer_with_no_taskflow to None, run_after=None
[2024-11-14T07:42:37.419+0000] {logging_mixin.py:190} INFO - [2024-11-14T07:42:37.419+0000] {dag.py:4180} INFO - Setting next_dagrun for dataset_alias_example_alias_producer_with_no_taskflow to None, run_after=None
[2024-11-14T07:42:37.422+0000] {logging_mixin.py:190} INFO - [2024-11-14T07:42:37.421+0000] {dag.py:4180} INFO - Setting next_dagrun for dataset_s3_bucket_consumer_with_no_taskflow to None, run_after=None
[2024-11-14T07:42:37.424+0000] {logging_mixin.py:190} INFO - [2024-11-14T07:42:37.423+0000] {dag.py:4180} INFO - Setting next_dagrun for dataset_s3_bucket_producer_with_no_taskflow to None, run_after=None
[2024-11-14T07:42:37.451+0000] {processor.py:208} INFO - Processing /home/airflow/.local/lib/python3.12/site-packages/airflow/example_dags/example_dataset_alias_with_no_taskflow.py took 0.288 seconds
[2024-11-14T07:49:36.702+0000] {processor.py:186} INFO - Started process (PID=142) to work on /home/airflow/.local/lib/python3.12/site-packages/airflow/example_dags/example_dataset_alias_with_no_taskflow.py
[2024-11-14T07:49:36.703+0000] {processor.py:914} INFO - Processing file /home/airflow/.local/lib/python3.12/site-packages/airflow/example_dags/example_dataset_alias_with_no_taskflow.py for tasks to queue
[2024-11-14T07:49:36.707+0000] {logging_mixin.py:190} INFO - [2024-11-14T07:49:36.706+0000] {dagbag.py:588} INFO - Filling up the DagBag from /home/airflow/.local/lib/python3.12/site-packages/airflow/example_dags/example_dataset_alias_with_no_taskflow.py
[2024-11-14T07:49:36.878+0000] {processor.py:925} INFO - DAG(s) 'dataset_s3_bucket_consumer_with_no_taskflow', 'dataset_s3_bucket_producer_with_no_taskflow', 'dataset_alias_example_alias_consumer_with_no_taskflow', 'dataset_alias_example_alias_producer_with_no_taskflow' retrieved from /home/airflow/.local/lib/python3.12/site-packages/airflow/example_dags/example_dataset_alias_with_no_taskflow.py
[2024-11-14T07:49:36.908+0000] {logging_mixin.py:190} INFO - [2024-11-14T07:49:36.907+0000] {dag.py:3239} INFO - Sync 4 DAGs
[2024-11-14T07:49:36.934+0000] {logging_mixin.py:190} INFO - [2024-11-14T07:49:36.934+0000] {dag.py:4180} INFO - Setting next_dagrun for dataset_alias_example_alias_consumer_with_no_taskflow to None, run_after=None
[2024-11-14T07:49:36.940+0000] {logging_mixin.py:190} INFO - [2024-11-14T07:49:36.940+0000] {dag.py:4180} INFO - Setting next_dagrun for dataset_alias_example_alias_producer_with_no_taskflow to None, run_after=None
[2024-11-14T07:49:36.943+0000] {logging_mixin.py:190} INFO - [2024-11-14T07:49:36.942+0000] {dag.py:4180} INFO - Setting next_dagrun for dataset_s3_bucket_consumer_with_no_taskflow to None, run_after=None
[2024-11-14T07:49:36.945+0000] {logging_mixin.py:190} INFO - [2024-11-14T07:49:36.945+0000] {dag.py:4180} INFO - Setting next_dagrun for dataset_s3_bucket_producer_with_no_taskflow to None, run_after=None
[2024-11-14T07:49:36.973+0000] {processor.py:208} INFO - Processing /home/airflow/.local/lib/python3.12/site-packages/airflow/example_dags/example_dataset_alias_with_no_taskflow.py took 0.278 seconds
[2024-11-14T07:50:07.525+0000] {processor.py:186} INFO - Started process (PID=204) to work on /home/airflow/.local/lib/python3.12/site-packages/airflow/example_dags/example_dataset_alias_with_no_taskflow.py
[2024-11-14T07:50:07.526+0000] {processor.py:914} INFO - Processing file /home/airflow/.local/lib/python3.12/site-packages/airflow/example_dags/example_dataset_alias_with_no_taskflow.py for tasks to queue
[2024-11-14T07:50:07.529+0000] {logging_mixin.py:190} INFO - [2024-11-14T07:50:07.528+0000] {dagbag.py:588} INFO - Filling up the DagBag from /home/airflow/.local/lib/python3.12/site-packages/airflow/example_dags/example_dataset_alias_with_no_taskflow.py
[2024-11-14T07:50:07.694+0000] {processor.py:925} INFO - DAG(s) 'dataset_s3_bucket_producer_with_no_taskflow', 'dataset_s3_bucket_consumer_with_no_taskflow', 'dataset_alias_example_alias_producer_with_no_taskflow', 'dataset_alias_example_alias_consumer_with_no_taskflow' retrieved from /home/airflow/.local/lib/python3.12/site-packages/airflow/example_dags/example_dataset_alias_with_no_taskflow.py
[2024-11-14T07:50:07.719+0000] {logging_mixin.py:190} INFO - [2024-11-14T07:50:07.719+0000] {dag.py:3239} INFO - Sync 4 DAGs
[2024-11-14T07:50:07.741+0000] {logging_mixin.py:190} INFO - [2024-11-14T07:50:07.741+0000] {dag.py:4180} INFO - Setting next_dagrun for dataset_alias_example_alias_consumer_with_no_taskflow to None, run_after=None
[2024-11-14T07:50:07.744+0000] {logging_mixin.py:190} INFO - [2024-11-14T07:50:07.744+0000] {dag.py:4180} INFO - Setting next_dagrun for dataset_alias_example_alias_producer_with_no_taskflow to None, run_after=None
[2024-11-14T07:50:07.746+0000] {logging_mixin.py:190} INFO - [2024-11-14T07:50:07.746+0000] {dag.py:4180} INFO - Setting next_dagrun for dataset_s3_bucket_consumer_with_no_taskflow to None, run_after=None
[2024-11-14T07:50:07.748+0000] {logging_mixin.py:190} INFO - [2024-11-14T07:50:07.748+0000] {dag.py:4180} INFO - Setting next_dagrun for dataset_s3_bucket_producer_with_no_taskflow to None, run_after=None
[2024-11-14T07:50:07.777+0000] {processor.py:208} INFO - Processing /home/airflow/.local/lib/python3.12/site-packages/airflow/example_dags/example_dataset_alias_with_no_taskflow.py took 0.259 seconds
[2024-11-14T07:50:38.247+0000] {processor.py:186} INFO - Started process (PID=266) to work on /home/airflow/.local/lib/python3.12/site-packages/airflow/example_dags/example_dataset_alias_with_no_taskflow.py
[2024-11-14T07:50:38.249+0000] {processor.py:914} INFO - Processing file /home/airflow/.local/lib/python3.12/site-packages/airflow/example_dags/example_dataset_alias_with_no_taskflow.py for tasks to queue
[2024-11-14T07:50:38.252+0000] {logging_mixin.py:190} INFO - [2024-11-14T07:50:38.251+0000] {dagbag.py:588} INFO - Filling up the DagBag from /home/airflow/.local/lib/python3.12/site-packages/airflow/example_dags/example_dataset_alias_with_no_taskflow.py
[2024-11-14T07:50:38.448+0000] {processor.py:925} INFO - DAG(s) 'dataset_alias_example_alias_producer_with_no_taskflow', 'dataset_alias_example_alias_consumer_with_no_taskflow', 'dataset_s3_bucket_producer_with_no_taskflow', 'dataset_s3_bucket_consumer_with_no_taskflow' retrieved from /home/airflow/.local/lib/python3.12/site-packages/airflow/example_dags/example_dataset_alias_with_no_taskflow.py
[2024-11-14T07:50:38.475+0000] {logging_mixin.py:190} INFO - [2024-11-14T07:50:38.475+0000] {dag.py:3239} INFO - Sync 4 DAGs
[2024-11-14T07:50:38.506+0000] {logging_mixin.py:190} INFO - [2024-11-14T07:50:38.505+0000] {dag.py:4180} INFO - Setting next_dagrun for dataset_alias_example_alias_consumer_with_no_taskflow to None, run_after=None
[2024-11-14T07:50:38.510+0000] {logging_mixin.py:190} INFO - [2024-11-14T07:50:38.509+0000] {dag.py:4180} INFO - Setting next_dagrun for dataset_alias_example_alias_producer_with_no_taskflow to None, run_after=None
[2024-11-14T07:50:38.511+0000] {logging_mixin.py:190} INFO - [2024-11-14T07:50:38.511+0000] {dag.py:4180} INFO - Setting next_dagrun for dataset_s3_bucket_consumer_with_no_taskflow to None, run_after=None
[2024-11-14T07:50:38.513+0000] {logging_mixin.py:190} INFO - [2024-11-14T07:50:38.513+0000] {dag.py:4180} INFO - Setting next_dagrun for dataset_s3_bucket_producer_with_no_taskflow to None, run_after=None
[2024-11-14T07:50:38.544+0000] {processor.py:208} INFO - Processing /home/airflow/.local/lib/python3.12/site-packages/airflow/example_dags/example_dataset_alias_with_no_taskflow.py took 0.303 seconds
[2024-11-14T07:51:09.258+0000] {processor.py:186} INFO - Started process (PID=328) to work on /home/airflow/.local/lib/python3.12/site-packages/airflow/example_dags/example_dataset_alias_with_no_taskflow.py
[2024-11-14T07:51:09.260+0000] {processor.py:914} INFO - Processing file /home/airflow/.local/lib/python3.12/site-packages/airflow/example_dags/example_dataset_alias_with_no_taskflow.py for tasks to queue
[2024-11-14T07:51:09.263+0000] {logging_mixin.py:190} INFO - [2024-11-14T07:51:09.263+0000] {dagbag.py:588} INFO - Filling up the DagBag from /home/airflow/.local/lib/python3.12/site-packages/airflow/example_dags/example_dataset_alias_with_no_taskflow.py
[2024-11-14T07:51:09.420+0000] {processor.py:925} INFO - DAG(s) 'dataset_alias_example_alias_producer_with_no_taskflow', 'dataset_alias_example_alias_consumer_with_no_taskflow', 'dataset_s3_bucket_consumer_with_no_taskflow', 'dataset_s3_bucket_producer_with_no_taskflow' retrieved from /home/airflow/.local/lib/python3.12/site-packages/airflow/example_dags/example_dataset_alias_with_no_taskflow.py
[2024-11-14T07:51:09.446+0000] {logging_mixin.py:190} INFO - [2024-11-14T07:51:09.446+0000] {dag.py:3239} INFO - Sync 4 DAGs
[2024-11-14T07:51:09.475+0000] {logging_mixin.py:190} INFO - [2024-11-14T07:51:09.475+0000] {dag.py:4180} INFO - Setting next_dagrun for dataset_alias_example_alias_consumer_with_no_taskflow to None, run_after=None
[2024-11-14T07:51:09.480+0000] {logging_mixin.py:190} INFO - [2024-11-14T07:51:09.479+0000] {dag.py:4180} INFO - Setting next_dagrun for dataset_alias_example_alias_producer_with_no_taskflow to None, run_after=None
[2024-11-14T07:51:09.483+0000] {logging_mixin.py:190} INFO - [2024-11-14T07:51:09.482+0000] {dag.py:4180} INFO - Setting next_dagrun for dataset_s3_bucket_consumer_with_no_taskflow to None, run_after=None
[2024-11-14T07:51:09.485+0000] {logging_mixin.py:190} INFO - [2024-11-14T07:51:09.485+0000] {dag.py:4180} INFO - Setting next_dagrun for dataset_s3_bucket_producer_with_no_taskflow to None, run_after=None
[2024-11-14T07:51:09.524+0000] {processor.py:208} INFO - Processing /home/airflow/.local/lib/python3.12/site-packages/airflow/example_dags/example_dataset_alias_with_no_taskflow.py took 0.272 seconds
[2024-11-14T07:51:40.233+0000] {processor.py:186} INFO - Started process (PID=390) to work on /home/airflow/.local/lib/python3.12/site-packages/airflow/example_dags/example_dataset_alias_with_no_taskflow.py
[2024-11-14T07:51:40.235+0000] {processor.py:914} INFO - Processing file /home/airflow/.local/lib/python3.12/site-packages/airflow/example_dags/example_dataset_alias_with_no_taskflow.py for tasks to queue
[2024-11-14T07:51:40.237+0000] {logging_mixin.py:190} INFO - [2024-11-14T07:51:40.237+0000] {dagbag.py:588} INFO - Filling up the DagBag from /home/airflow/.local/lib/python3.12/site-packages/airflow/example_dags/example_dataset_alias_with_no_taskflow.py
[2024-11-14T07:51:40.380+0000] {processor.py:925} INFO - DAG(s) 'dataset_alias_example_alias_producer_with_no_taskflow', 'dataset_s3_bucket_producer_with_no_taskflow', 'dataset_s3_bucket_consumer_with_no_taskflow', 'dataset_alias_example_alias_consumer_with_no_taskflow' retrieved from /home/airflow/.local/lib/python3.12/site-packages/airflow/example_dags/example_dataset_alias_with_no_taskflow.py
[2024-11-14T07:51:40.406+0000] {logging_mixin.py:190} INFO - [2024-11-14T07:51:40.406+0000] {dag.py:3239} INFO - Sync 4 DAGs
[2024-11-14T07:51:40.432+0000] {logging_mixin.py:190} INFO - [2024-11-14T07:51:40.432+0000] {dag.py:4180} INFO - Setting next_dagrun for dataset_alias_example_alias_consumer_with_no_taskflow to None, run_after=None
[2024-11-14T07:51:40.436+0000] {logging_mixin.py:190} INFO - [2024-11-14T07:51:40.436+0000] {dag.py:4180} INFO - Setting next_dagrun for dataset_alias_example_alias_producer_with_no_taskflow to None, run_after=None
[2024-11-14T07:51:40.438+0000] {logging_mixin.py:190} INFO - [2024-11-14T07:51:40.438+0000] {dag.py:4180} INFO - Setting next_dagrun for dataset_s3_bucket_consumer_with_no_taskflow to None, run_after=None
[2024-11-14T07:51:40.440+0000] {logging_mixin.py:190} INFO - [2024-11-14T07:51:40.440+0000] {dag.py:4180} INFO - Setting next_dagrun for dataset_s3_bucket_producer_with_no_taskflow to None, run_after=None
[2024-11-14T07:51:40.469+0000] {processor.py:208} INFO - Processing /home/airflow/.local/lib/python3.12/site-packages/airflow/example_dags/example_dataset_alias_with_no_taskflow.py took 0.242 seconds
[2024-11-14T07:52:10.533+0000] {processor.py:186} INFO - Started process (PID=452) to work on /home/airflow/.local/lib/python3.12/site-packages/airflow/example_dags/example_dataset_alias_with_no_taskflow.py
[2024-11-14T07:52:10.534+0000] {processor.py:914} INFO - Processing file /home/airflow/.local/lib/python3.12/site-packages/airflow/example_dags/example_dataset_alias_with_no_taskflow.py for tasks to queue
[2024-11-14T07:52:10.538+0000] {logging_mixin.py:190} INFO - [2024-11-14T07:52:10.537+0000] {dagbag.py:588} INFO - Filling up the DagBag from /home/airflow/.local/lib/python3.12/site-packages/airflow/example_dags/example_dataset_alias_with_no_taskflow.py
[2024-11-14T07:52:10.696+0000] {processor.py:925} INFO - DAG(s) 'dataset_alias_example_alias_consumer_with_no_taskflow', 'dataset_alias_example_alias_producer_with_no_taskflow', 'dataset_s3_bucket_consumer_with_no_taskflow', 'dataset_s3_bucket_producer_with_no_taskflow' retrieved from /home/airflow/.local/lib/python3.12/site-packages/airflow/example_dags/example_dataset_alias_with_no_taskflow.py
[2024-11-14T07:52:10.726+0000] {logging_mixin.py:190} INFO - [2024-11-14T07:52:10.725+0000] {dag.py:3239} INFO - Sync 4 DAGs
[2024-11-14T07:52:10.754+0000] {logging_mixin.py:190} INFO - [2024-11-14T07:52:10.754+0000] {dag.py:4180} INFO - Setting next_dagrun for dataset_alias_example_alias_consumer_with_no_taskflow to None, run_after=None
[2024-11-14T07:52:10.758+0000] {logging_mixin.py:190} INFO - [2024-11-14T07:52:10.757+0000] {dag.py:4180} INFO - Setting next_dagrun for dataset_alias_example_alias_producer_with_no_taskflow to None, run_after=None
[2024-11-14T07:52:10.760+0000] {logging_mixin.py:190} INFO - [2024-11-14T07:52:10.760+0000] {dag.py:4180} INFO - Setting next_dagrun for dataset_s3_bucket_consumer_with_no_taskflow to None, run_after=None
[2024-11-14T07:52:10.762+0000] {logging_mixin.py:190} INFO - [2024-11-14T07:52:10.762+0000] {dag.py:4180} INFO - Setting next_dagrun for dataset_s3_bucket_producer_with_no_taskflow to None, run_after=None
[2024-11-14T07:52:10.791+0000] {processor.py:208} INFO - Processing /home/airflow/.local/lib/python3.12/site-packages/airflow/example_dags/example_dataset_alias_with_no_taskflow.py took 0.265 seconds
[2024-11-14T07:52:41.663+0000] {processor.py:186} INFO - Started process (PID=514) to work on /home/airflow/.local/lib/python3.12/site-packages/airflow/example_dags/example_dataset_alias_with_no_taskflow.py
[2024-11-14T07:52:41.664+0000] {processor.py:914} INFO - Processing file /home/airflow/.local/lib/python3.12/site-packages/airflow/example_dags/example_dataset_alias_with_no_taskflow.py for tasks to queue
[2024-11-14T07:52:41.667+0000] {logging_mixin.py:190} INFO - [2024-11-14T07:52:41.667+0000] {dagbag.py:588} INFO - Filling up the DagBag from /home/airflow/.local/lib/python3.12/site-packages/airflow/example_dags/example_dataset_alias_with_no_taskflow.py
[2024-11-14T07:52:41.834+0000] {processor.py:925} INFO - DAG(s) 'dataset_s3_bucket_consumer_with_no_taskflow', 'dataset_alias_example_alias_consumer_with_no_taskflow', 'dataset_s3_bucket_producer_with_no_taskflow', 'dataset_alias_example_alias_producer_with_no_taskflow' retrieved from /home/airflow/.local/lib/python3.12/site-packages/airflow/example_dags/example_dataset_alias_with_no_taskflow.py
[2024-11-14T07:52:41.858+0000] {logging_mixin.py:190} INFO - [2024-11-14T07:52:41.858+0000] {dag.py:3239} INFO - Sync 4 DAGs
[2024-11-14T07:52:41.883+0000] {logging_mixin.py:190} INFO - [2024-11-14T07:52:41.882+0000] {dag.py:4180} INFO - Setting next_dagrun for dataset_alias_example_alias_consumer_with_no_taskflow to None, run_after=None
[2024-11-14T07:52:41.886+0000] {logging_mixin.py:190} INFO - [2024-11-14T07:52:41.886+0000] {dag.py:4180} INFO - Setting next_dagrun for dataset_alias_example_alias_producer_with_no_taskflow to None, run_after=None
[2024-11-14T07:52:41.888+0000] {logging_mixin.py:190} INFO - [2024-11-14T07:52:41.888+0000] {dag.py:4180} INFO - Setting next_dagrun for dataset_s3_bucket_consumer_with_no_taskflow to None, run_after=None
[2024-11-14T07:52:41.891+0000] {logging_mixin.py:190} INFO - [2024-11-14T07:52:41.890+0000] {dag.py:4180} INFO - Setting next_dagrun for dataset_s3_bucket_producer_with_no_taskflow to None, run_after=None
[2024-11-14T07:52:41.918+0000] {processor.py:208} INFO - Processing /home/airflow/.local/lib/python3.12/site-packages/airflow/example_dags/example_dataset_alias_with_no_taskflow.py took 0.263 seconds
[2024-11-14T07:53:12.136+0000] {processor.py:186} INFO - Started process (PID=576) to work on /home/airflow/.local/lib/python3.12/site-packages/airflow/example_dags/example_dataset_alias_with_no_taskflow.py
[2024-11-14T07:53:12.137+0000] {processor.py:914} INFO - Processing file /home/airflow/.local/lib/python3.12/site-packages/airflow/example_dags/example_dataset_alias_with_no_taskflow.py for tasks to queue
[2024-11-14T07:53:12.141+0000] {logging_mixin.py:190} INFO - [2024-11-14T07:53:12.140+0000] {dagbag.py:588} INFO - Filling up the DagBag from /home/airflow/.local/lib/python3.12/site-packages/airflow/example_dags/example_dataset_alias_with_no_taskflow.py
[2024-11-14T07:53:12.338+0000] {processor.py:925} INFO - DAG(s) 'dataset_alias_example_alias_producer_with_no_taskflow', 'dataset_s3_bucket_producer_with_no_taskflow', 'dataset_s3_bucket_consumer_with_no_taskflow', 'dataset_alias_example_alias_consumer_with_no_taskflow' retrieved from /home/airflow/.local/lib/python3.12/site-packages/airflow/example_dags/example_dataset_alias_with_no_taskflow.py
[2024-11-14T07:53:12.367+0000] {logging_mixin.py:190} INFO - [2024-11-14T07:53:12.366+0000] {dag.py:3239} INFO - Sync 4 DAGs
[2024-11-14T07:53:12.397+0000] {logging_mixin.py:190} INFO - [2024-11-14T07:53:12.397+0000] {dag.py:4180} INFO - Setting next_dagrun for dataset_alias_example_alias_consumer_with_no_taskflow to None, run_after=None
[2024-11-14T07:53:12.401+0000] {logging_mixin.py:190} INFO - [2024-11-14T07:53:12.400+0000] {dag.py:4180} INFO - Setting next_dagrun for dataset_alias_example_alias_producer_with_no_taskflow to None, run_after=None
[2024-11-14T07:53:12.403+0000] {logging_mixin.py:190} INFO - [2024-11-14T07:53:12.403+0000] {dag.py:4180} INFO - Setting next_dagrun for dataset_s3_bucket_consumer_with_no_taskflow to None, run_after=None
[2024-11-14T07:53:12.405+0000] {logging_mixin.py:190} INFO - [2024-11-14T07:53:12.405+0000] {dag.py:4180} INFO - Setting next_dagrun for dataset_s3_bucket_producer_with_no_taskflow to None, run_after=None
[2024-11-14T07:53:12.436+0000] {processor.py:208} INFO - Processing /home/airflow/.local/lib/python3.12/site-packages/airflow/example_dags/example_dataset_alias_with_no_taskflow.py took 0.307 seconds
[2024-11-14T07:53:43.034+0000] {processor.py:186} INFO - Started process (PID=644) to work on /home/airflow/.local/lib/python3.12/site-packages/airflow/example_dags/example_dataset_alias_with_no_taskflow.py
[2024-11-14T07:53:43.035+0000] {processor.py:914} INFO - Processing file /home/airflow/.local/lib/python3.12/site-packages/airflow/example_dags/example_dataset_alias_with_no_taskflow.py for tasks to queue
[2024-11-14T07:53:43.038+0000] {logging_mixin.py:190} INFO - [2024-11-14T07:53:43.037+0000] {dagbag.py:588} INFO - Filling up the DagBag from /home/airflow/.local/lib/python3.12/site-packages/airflow/example_dags/example_dataset_alias_with_no_taskflow.py
[2024-11-14T07:53:43.196+0000] {processor.py:925} INFO - DAG(s) 'dataset_alias_example_alias_producer_with_no_taskflow', 'dataset_alias_example_alias_consumer_with_no_taskflow', 'dataset_s3_bucket_producer_with_no_taskflow', 'dataset_s3_bucket_consumer_with_no_taskflow' retrieved from /home/airflow/.local/lib/python3.12/site-packages/airflow/example_dags/example_dataset_alias_with_no_taskflow.py
[2024-11-14T07:53:43.221+0000] {logging_mixin.py:190} INFO - [2024-11-14T07:53:43.220+0000] {dag.py:3239} INFO - Sync 4 DAGs
[2024-11-14T07:53:43.245+0000] {logging_mixin.py:190} INFO - [2024-11-14T07:53:43.245+0000] {dag.py:4180} INFO - Setting next_dagrun for dataset_alias_example_alias_consumer_with_no_taskflow to None, run_after=None
[2024-11-14T07:53:43.248+0000] {logging_mixin.py:190} INFO - [2024-11-14T07:53:43.248+0000] {dag.py:4180} INFO - Setting next_dagrun for dataset_alias_example_alias_producer_with_no_taskflow to None, run_after=None
[2024-11-14T07:53:43.251+0000] {logging_mixin.py:190} INFO - [2024-11-14T07:53:43.250+0000] {dag.py:4180} INFO - Setting next_dagrun for dataset_s3_bucket_consumer_with_no_taskflow to None, run_after=None
[2024-11-14T07:53:43.253+0000] {logging_mixin.py:190} INFO - [2024-11-14T07:53:43.253+0000] {dag.py:4180} INFO - Setting next_dagrun for dataset_s3_bucket_producer_with_no_taskflow to None, run_after=None
[2024-11-14T07:53:43.294+0000] {processor.py:208} INFO - Processing /home/airflow/.local/lib/python3.12/site-packages/airflow/example_dags/example_dataset_alias_with_no_taskflow.py took 0.267 seconds
[2024-11-14T07:54:13.557+0000] {processor.py:186} INFO - Started process (PID=705) to work on /home/airflow/.local/lib/python3.12/site-packages/airflow/example_dags/example_dataset_alias_with_no_taskflow.py
[2024-11-14T07:54:13.559+0000] {processor.py:914} INFO - Processing file /home/airflow/.local/lib/python3.12/site-packages/airflow/example_dags/example_dataset_alias_with_no_taskflow.py for tasks to queue
[2024-11-14T07:54:13.563+0000] {logging_mixin.py:190} INFO - [2024-11-14T07:54:13.562+0000] {dagbag.py:588} INFO - Filling up the DagBag from /home/airflow/.local/lib/python3.12/site-packages/airflow/example_dags/example_dataset_alias_with_no_taskflow.py
[2024-11-14T07:54:13.747+0000] {processor.py:925} INFO - DAG(s) 'dataset_alias_example_alias_producer_with_no_taskflow', 'dataset_s3_bucket_consumer_with_no_taskflow', 'dataset_s3_bucket_producer_with_no_taskflow', 'dataset_alias_example_alias_consumer_with_no_taskflow' retrieved from /home/airflow/.local/lib/python3.12/site-packages/airflow/example_dags/example_dataset_alias_with_no_taskflow.py
[2024-11-14T07:54:13.778+0000] {logging_mixin.py:190} INFO - [2024-11-14T07:54:13.778+0000] {dag.py:3239} INFO - Sync 4 DAGs
[2024-11-14T07:54:13.804+0000] {logging_mixin.py:190} INFO - [2024-11-14T07:54:13.804+0000] {dag.py:4180} INFO - Setting next_dagrun for dataset_alias_example_alias_consumer_with_no_taskflow to None, run_after=None
[2024-11-14T07:54:13.807+0000] {logging_mixin.py:190} INFO - [2024-11-14T07:54:13.807+0000] {dag.py:4180} INFO - Setting next_dagrun for dataset_alias_example_alias_producer_with_no_taskflow to None, run_after=None
[2024-11-14T07:54:13.810+0000] {logging_mixin.py:190} INFO - [2024-11-14T07:54:13.810+0000] {dag.py:4180} INFO - Setting next_dagrun for dataset_s3_bucket_consumer_with_no_taskflow to None, run_after=None
[2024-11-14T07:54:13.812+0000] {logging_mixin.py:190} INFO - [2024-11-14T07:54:13.812+0000] {dag.py:4180} INFO - Setting next_dagrun for dataset_s3_bucket_producer_with_no_taskflow to None, run_after=None
[2024-11-14T07:54:13.842+0000] {processor.py:208} INFO - Processing /home/airflow/.local/lib/python3.12/site-packages/airflow/example_dags/example_dataset_alias_with_no_taskflow.py took 0.291 seconds
[2024-11-14T07:54:44.352+0000] {processor.py:186} INFO - Started process (PID=768) to work on /home/airflow/.local/lib/python3.12/site-packages/airflow/example_dags/example_dataset_alias_with_no_taskflow.py
[2024-11-14T07:54:44.353+0000] {processor.py:914} INFO - Processing file /home/airflow/.local/lib/python3.12/site-packages/airflow/example_dags/example_dataset_alias_with_no_taskflow.py for tasks to queue
[2024-11-14T07:54:44.356+0000] {logging_mixin.py:190} INFO - [2024-11-14T07:54:44.356+0000] {dagbag.py:588} INFO - Filling up the DagBag from /home/airflow/.local/lib/python3.12/site-packages/airflow/example_dags/example_dataset_alias_with_no_taskflow.py
[2024-11-14T07:54:44.516+0000] {processor.py:925} INFO - DAG(s) 'dataset_alias_example_alias_producer_with_no_taskflow', 'dataset_alias_example_alias_consumer_with_no_taskflow', 'dataset_s3_bucket_consumer_with_no_taskflow', 'dataset_s3_bucket_producer_with_no_taskflow' retrieved from /home/airflow/.local/lib/python3.12/site-packages/airflow/example_dags/example_dataset_alias_with_no_taskflow.py
[2024-11-14T07:54:44.549+0000] {logging_mixin.py:190} INFO - [2024-11-14T07:54:44.548+0000] {dag.py:3239} INFO - Sync 4 DAGs
[2024-11-14T07:54:44.577+0000] {logging_mixin.py:190} INFO - [2024-11-14T07:54:44.576+0000] {dag.py:4180} INFO - Setting next_dagrun for dataset_alias_example_alias_consumer_with_no_taskflow to None, run_after=None
[2024-11-14T07:54:44.581+0000] {logging_mixin.py:190} INFO - [2024-11-14T07:54:44.581+0000] {dag.py:4180} INFO - Setting next_dagrun for dataset_alias_example_alias_producer_with_no_taskflow to None, run_after=None
[2024-11-14T07:54:44.583+0000] {logging_mixin.py:190} INFO - [2024-11-14T07:54:44.583+0000] {dag.py:4180} INFO - Setting next_dagrun for dataset_s3_bucket_consumer_with_no_taskflow to None, run_after=None
[2024-11-14T07:54:44.586+0000] {logging_mixin.py:190} INFO - [2024-11-14T07:54:44.585+0000] {dag.py:4180} INFO - Setting next_dagrun for dataset_s3_bucket_producer_with_no_taskflow to None, run_after=None
[2024-11-14T07:54:44.611+0000] {processor.py:208} INFO - Processing /home/airflow/.local/lib/python3.12/site-packages/airflow/example_dags/example_dataset_alias_with_no_taskflow.py took 0.266 seconds
[2024-11-14T07:55:15.129+0000] {processor.py:186} INFO - Started process (PID=830) to work on /home/airflow/.local/lib/python3.12/site-packages/airflow/example_dags/example_dataset_alias_with_no_taskflow.py
[2024-11-14T07:55:15.131+0000] {processor.py:914} INFO - Processing file /home/airflow/.local/lib/python3.12/site-packages/airflow/example_dags/example_dataset_alias_with_no_taskflow.py for tasks to queue
[2024-11-14T07:55:15.134+0000] {logging_mixin.py:190} INFO - [2024-11-14T07:55:15.133+0000] {dagbag.py:588} INFO - Filling up the DagBag from /home/airflow/.local/lib/python3.12/site-packages/airflow/example_dags/example_dataset_alias_with_no_taskflow.py
[2024-11-14T07:55:15.316+0000] {processor.py:925} INFO - DAG(s) 'dataset_s3_bucket_consumer_with_no_taskflow', 'dataset_alias_example_alias_consumer_with_no_taskflow', 'dataset_s3_bucket_producer_with_no_taskflow', 'dataset_alias_example_alias_producer_with_no_taskflow' retrieved from /home/airflow/.local/lib/python3.12/site-packages/airflow/example_dags/example_dataset_alias_with_no_taskflow.py
[2024-11-14T07:55:15.343+0000] {logging_mixin.py:190} INFO - [2024-11-14T07:55:15.343+0000] {dag.py:3239} INFO - Sync 4 DAGs
[2024-11-14T07:55:15.370+0000] {logging_mixin.py:190} INFO - [2024-11-14T07:55:15.369+0000] {dag.py:4180} INFO - Setting next_dagrun for dataset_alias_example_alias_consumer_with_no_taskflow to None, run_after=None
[2024-11-14T07:55:15.373+0000] {logging_mixin.py:190} INFO - [2024-11-14T07:55:15.373+0000] {dag.py:4180} INFO - Setting next_dagrun for dataset_alias_example_alias_producer_with_no_taskflow to None, run_after=None
[2024-11-14T07:55:15.375+0000] {logging_mixin.py:190} INFO - [2024-11-14T07:55:15.375+0000] {dag.py:4180} INFO - Setting next_dagrun for dataset_s3_bucket_consumer_with_no_taskflow to None, run_after=None
[2024-11-14T07:55:15.377+0000] {logging_mixin.py:190} INFO - [2024-11-14T07:55:15.377+0000] {dag.py:4180} INFO - Setting next_dagrun for dataset_s3_bucket_producer_with_no_taskflow to None, run_after=None
[2024-11-14T07:55:15.407+0000] {processor.py:208} INFO - Processing /home/airflow/.local/lib/python3.12/site-packages/airflow/example_dags/example_dataset_alias_with_no_taskflow.py took 0.284 seconds
[2024-11-14T07:55:45.683+0000] {processor.py:186} INFO - Started process (PID=892) to work on /home/airflow/.local/lib/python3.12/site-packages/airflow/example_dags/example_dataset_alias_with_no_taskflow.py
[2024-11-14T07:55:45.685+0000] {processor.py:914} INFO - Processing file /home/airflow/.local/lib/python3.12/site-packages/airflow/example_dags/example_dataset_alias_with_no_taskflow.py for tasks to queue
[2024-11-14T07:55:45.689+0000] {logging_mixin.py:190} INFO - [2024-11-14T07:55:45.688+0000] {dagbag.py:588} INFO - Filling up the DagBag from /home/airflow/.local/lib/python3.12/site-packages/airflow/example_dags/example_dataset_alias_with_no_taskflow.py
[2024-11-14T07:55:45.901+0000] {processor.py:925} INFO - DAG(s) 'dataset_s3_bucket_consumer_with_no_taskflow', 'dataset_alias_example_alias_producer_with_no_taskflow', 'dataset_s3_bucket_producer_with_no_taskflow', 'dataset_alias_example_alias_consumer_with_no_taskflow' retrieved from /home/airflow/.local/lib/python3.12/site-packages/airflow/example_dags/example_dataset_alias_with_no_taskflow.py
[2024-11-14T07:55:45.937+0000] {logging_mixin.py:190} INFO - [2024-11-14T07:55:45.936+0000] {dag.py:3239} INFO - Sync 4 DAGs
[2024-11-14T07:55:45.964+0000] {logging_mixin.py:190} INFO - [2024-11-14T07:55:45.964+0000] {dag.py:4180} INFO - Setting next_dagrun for dataset_alias_example_alias_consumer_with_no_taskflow to None, run_after=None
[2024-11-14T07:55:45.967+0000] {logging_mixin.py:190} INFO - [2024-11-14T07:55:45.967+0000] {dag.py:4180} INFO - Setting next_dagrun for dataset_alias_example_alias_producer_with_no_taskflow to None, run_after=None
[2024-11-14T07:55:45.969+0000] {logging_mixin.py:190} INFO - [2024-11-14T07:55:45.969+0000] {dag.py:4180} INFO - Setting next_dagrun for dataset_s3_bucket_consumer_with_no_taskflow to None, run_after=None
[2024-11-14T07:55:45.971+0000] {logging_mixin.py:190} INFO - [2024-11-14T07:55:45.971+0000] {dag.py:4180} INFO - Setting next_dagrun for dataset_s3_bucket_producer_with_no_taskflow to None, run_after=None
[2024-11-14T07:55:45.992+0000] {processor.py:208} INFO - Processing /home/airflow/.local/lib/python3.12/site-packages/airflow/example_dags/example_dataset_alias_with_no_taskflow.py took 0.317 seconds
[2024-11-14T07:56:16.274+0000] {processor.py:186} INFO - Started process (PID=953) to work on /home/airflow/.local/lib/python3.12/site-packages/airflow/example_dags/example_dataset_alias_with_no_taskflow.py
[2024-11-14T07:56:16.275+0000] {processor.py:914} INFO - Processing file /home/airflow/.local/lib/python3.12/site-packages/airflow/example_dags/example_dataset_alias_with_no_taskflow.py for tasks to queue
[2024-11-14T07:56:16.277+0000] {logging_mixin.py:190} INFO - [2024-11-14T07:56:16.277+0000] {dagbag.py:588} INFO - Filling up the DagBag from /home/airflow/.local/lib/python3.12/site-packages/airflow/example_dags/example_dataset_alias_with_no_taskflow.py
[2024-11-14T07:56:16.425+0000] {processor.py:925} INFO - DAG(s) 'dataset_alias_example_alias_consumer_with_no_taskflow', 'dataset_alias_example_alias_producer_with_no_taskflow', 'dataset_s3_bucket_consumer_with_no_taskflow', 'dataset_s3_bucket_producer_with_no_taskflow' retrieved from /home/airflow/.local/lib/python3.12/site-packages/airflow/example_dags/example_dataset_alias_with_no_taskflow.py
[2024-11-14T07:56:16.448+0000] {logging_mixin.py:190} INFO - [2024-11-14T07:56:16.448+0000] {dag.py:3239} INFO - Sync 4 DAGs
[2024-11-14T07:56:16.470+0000] {logging_mixin.py:190} INFO - [2024-11-14T07:56:16.470+0000] {dag.py:4180} INFO - Setting next_dagrun for dataset_alias_example_alias_consumer_with_no_taskflow to None, run_after=None
[2024-11-14T07:56:16.473+0000] {logging_mixin.py:190} INFO - [2024-11-14T07:56:16.473+0000] {dag.py:4180} INFO - Setting next_dagrun for dataset_alias_example_alias_producer_with_no_taskflow to None, run_after=None
[2024-11-14T07:56:16.475+0000] {logging_mixin.py:190} INFO - [2024-11-14T07:56:16.475+0000] {dag.py:4180} INFO - Setting next_dagrun for dataset_s3_bucket_consumer_with_no_taskflow to None, run_after=None
[2024-11-14T07:56:16.477+0000] {logging_mixin.py:190} INFO - [2024-11-14T07:56:16.477+0000] {dag.py:4180} INFO - Setting next_dagrun for dataset_s3_bucket_producer_with_no_taskflow to None, run_after=None
[2024-11-14T07:56:16.500+0000] {processor.py:208} INFO - Processing /home/airflow/.local/lib/python3.12/site-packages/airflow/example_dags/example_dataset_alias_with_no_taskflow.py took 0.232 seconds
[2024-11-14T07:56:46.718+0000] {processor.py:186} INFO - Started process (PID=1015) to work on /home/airflow/.local/lib/python3.12/site-packages/airflow/example_dags/example_dataset_alias_with_no_taskflow.py
[2024-11-14T07:56:46.719+0000] {processor.py:914} INFO - Processing file /home/airflow/.local/lib/python3.12/site-packages/airflow/example_dags/example_dataset_alias_with_no_taskflow.py for tasks to queue
[2024-11-14T07:56:46.722+0000] {logging_mixin.py:190} INFO - [2024-11-14T07:56:46.722+0000] {dagbag.py:588} INFO - Filling up the DagBag from /home/airflow/.local/lib/python3.12/site-packages/airflow/example_dags/example_dataset_alias_with_no_taskflow.py
[2024-11-14T07:56:46.868+0000] {processor.py:925} INFO - DAG(s) 'dataset_s3_bucket_consumer_with_no_taskflow', 'dataset_s3_bucket_producer_with_no_taskflow', 'dataset_alias_example_alias_producer_with_no_taskflow', 'dataset_alias_example_alias_consumer_with_no_taskflow' retrieved from /home/airflow/.local/lib/python3.12/site-packages/airflow/example_dags/example_dataset_alias_with_no_taskflow.py
[2024-11-14T07:56:46.915+0000] {logging_mixin.py:190} INFO - [2024-11-14T07:56:46.914+0000] {dag.py:3239} INFO - Sync 4 DAGs
[2024-11-14T07:56:46.950+0000] {logging_mixin.py:190} INFO - [2024-11-14T07:56:46.950+0000] {dag.py:4180} INFO - Setting next_dagrun for dataset_alias_example_alias_consumer_with_no_taskflow to None, run_after=None
[2024-11-14T07:56:46.953+0000] {logging_mixin.py:190} INFO - [2024-11-14T07:56:46.953+0000] {dag.py:4180} INFO - Setting next_dagrun for dataset_alias_example_alias_producer_with_no_taskflow to None, run_after=None
[2024-11-14T07:56:46.955+0000] {logging_mixin.py:190} INFO - [2024-11-14T07:56:46.954+0000] {dag.py:4180} INFO - Setting next_dagrun for dataset_s3_bucket_consumer_with_no_taskflow to None, run_after=None
[2024-11-14T07:56:46.957+0000] {logging_mixin.py:190} INFO - [2024-11-14T07:56:46.956+0000] {dag.py:4180} INFO - Setting next_dagrun for dataset_s3_bucket_producer_with_no_taskflow to None, run_after=None
[2024-11-14T07:56:46.980+0000] {processor.py:208} INFO - Processing /home/airflow/.local/lib/python3.12/site-packages/airflow/example_dags/example_dataset_alias_with_no_taskflow.py took 0.268 seconds
[2024-11-14T07:57:17.358+0000] {processor.py:186} INFO - Started process (PID=1077) to work on /home/airflow/.local/lib/python3.12/site-packages/airflow/example_dags/example_dataset_alias_with_no_taskflow.py
[2024-11-14T07:57:17.359+0000] {processor.py:914} INFO - Processing file /home/airflow/.local/lib/python3.12/site-packages/airflow/example_dags/example_dataset_alias_with_no_taskflow.py for tasks to queue
[2024-11-14T07:57:17.363+0000] {logging_mixin.py:190} INFO - [2024-11-14T07:57:17.362+0000] {dagbag.py:588} INFO - Filling up the DagBag from /home/airflow/.local/lib/python3.12/site-packages/airflow/example_dags/example_dataset_alias_with_no_taskflow.py
[2024-11-14T07:57:17.539+0000] {processor.py:925} INFO - DAG(s) 'dataset_s3_bucket_consumer_with_no_taskflow', 'dataset_alias_example_alias_producer_with_no_taskflow', 'dataset_s3_bucket_producer_with_no_taskflow', 'dataset_alias_example_alias_consumer_with_no_taskflow' retrieved from /home/airflow/.local/lib/python3.12/site-packages/airflow/example_dags/example_dataset_alias_with_no_taskflow.py
[2024-11-14T07:57:17.567+0000] {logging_mixin.py:190} INFO - [2024-11-14T07:57:17.567+0000] {dag.py:3239} INFO - Sync 4 DAGs
[2024-11-14T07:57:17.595+0000] {logging_mixin.py:190} INFO - [2024-11-14T07:57:17.594+0000] {dag.py:4180} INFO - Setting next_dagrun for dataset_alias_example_alias_consumer_with_no_taskflow to None, run_after=None
[2024-11-14T07:57:17.598+0000] {logging_mixin.py:190} INFO - [2024-11-14T07:57:17.598+0000] {dag.py:4180} INFO - Setting next_dagrun for dataset_alias_example_alias_producer_with_no_taskflow to None, run_after=None
[2024-11-14T07:57:17.600+0000] {logging_mixin.py:190} INFO - [2024-11-14T07:57:17.600+0000] {dag.py:4180} INFO - Setting next_dagrun for dataset_s3_bucket_consumer_with_no_taskflow to None, run_after=None
[2024-11-14T07:57:17.602+0000] {logging_mixin.py:190} INFO - [2024-11-14T07:57:17.602+0000] {dag.py:4180} INFO - Setting next_dagrun for dataset_s3_bucket_producer_with_no_taskflow to None, run_after=None
[2024-11-14T07:57:17.627+0000] {processor.py:208} INFO - Processing /home/airflow/.local/lib/python3.12/site-packages/airflow/example_dags/example_dataset_alias_with_no_taskflow.py took 0.275 seconds
[2024-11-14T08:08:04.630+0000] {processor.py:186} INFO - Started process (PID=109) to work on /home/airflow/.local/lib/python3.12/site-packages/airflow/example_dags/example_dataset_alias_with_no_taskflow.py
[2024-11-14T08:08:04.632+0000] {processor.py:914} INFO - Processing file /home/airflow/.local/lib/python3.12/site-packages/airflow/example_dags/example_dataset_alias_with_no_taskflow.py for tasks to queue
[2024-11-14T08:08:04.636+0000] {logging_mixin.py:190} INFO - [2024-11-14T08:08:04.635+0000] {dagbag.py:588} INFO - Filling up the DagBag from /home/airflow/.local/lib/python3.12/site-packages/airflow/example_dags/example_dataset_alias_with_no_taskflow.py
[2024-11-14T08:08:04.894+0000] {processor.py:925} INFO - DAG(s) 'dataset_s3_bucket_consumer_with_no_taskflow', 'dataset_alias_example_alias_producer_with_no_taskflow', 'dataset_s3_bucket_producer_with_no_taskflow', 'dataset_alias_example_alias_consumer_with_no_taskflow' retrieved from /home/airflow/.local/lib/python3.12/site-packages/airflow/example_dags/example_dataset_alias_with_no_taskflow.py
[2024-11-14T08:08:04.933+0000] {logging_mixin.py:190} INFO - [2024-11-14T08:08:04.933+0000] {dag.py:3239} INFO - Sync 4 DAGs
[2024-11-14T08:08:04.975+0000] {logging_mixin.py:190} INFO - [2024-11-14T08:08:04.974+0000] {dag.py:4180} INFO - Setting next_dagrun for dataset_alias_example_alias_consumer_with_no_taskflow to None, run_after=None
[2024-11-14T08:08:04.983+0000] {logging_mixin.py:190} INFO - [2024-11-14T08:08:04.982+0000] {dag.py:4180} INFO - Setting next_dagrun for dataset_alias_example_alias_producer_with_no_taskflow to None, run_after=None
[2024-11-14T08:08:04.986+0000] {logging_mixin.py:190} INFO - [2024-11-14T08:08:04.986+0000] {dag.py:4180} INFO - Setting next_dagrun for dataset_s3_bucket_consumer_with_no_taskflow to None, run_after=None
[2024-11-14T08:08:04.989+0000] {logging_mixin.py:190} INFO - [2024-11-14T08:08:04.989+0000] {dag.py:4180} INFO - Setting next_dagrun for dataset_s3_bucket_producer_with_no_taskflow to None, run_after=None
[2024-11-14T08:08:05.036+0000] {processor.py:208} INFO - Processing /home/airflow/.local/lib/python3.12/site-packages/airflow/example_dags/example_dataset_alias_with_no_taskflow.py took 0.413 seconds
[2024-11-14T08:08:35.318+0000] {processor.py:186} INFO - Started process (PID=171) to work on /home/airflow/.local/lib/python3.12/site-packages/airflow/example_dags/example_dataset_alias_with_no_taskflow.py
[2024-11-14T08:08:35.320+0000] {processor.py:914} INFO - Processing file /home/airflow/.local/lib/python3.12/site-packages/airflow/example_dags/example_dataset_alias_with_no_taskflow.py for tasks to queue
[2024-11-14T08:08:35.323+0000] {logging_mixin.py:190} INFO - [2024-11-14T08:08:35.322+0000] {dagbag.py:588} INFO - Filling up the DagBag from /home/airflow/.local/lib/python3.12/site-packages/airflow/example_dags/example_dataset_alias_with_no_taskflow.py
[2024-11-14T08:08:35.523+0000] {processor.py:925} INFO - DAG(s) 'dataset_alias_example_alias_producer_with_no_taskflow', 'dataset_s3_bucket_producer_with_no_taskflow', 'dataset_s3_bucket_consumer_with_no_taskflow', 'dataset_alias_example_alias_consumer_with_no_taskflow' retrieved from /home/airflow/.local/lib/python3.12/site-packages/airflow/example_dags/example_dataset_alias_with_no_taskflow.py
[2024-11-14T08:08:35.551+0000] {logging_mixin.py:190} INFO - [2024-11-14T08:08:35.551+0000] {dag.py:3239} INFO - Sync 4 DAGs
[2024-11-14T08:08:35.581+0000] {logging_mixin.py:190} INFO - [2024-11-14T08:08:35.580+0000] {dag.py:4180} INFO - Setting next_dagrun for dataset_alias_example_alias_consumer_with_no_taskflow to None, run_after=None
[2024-11-14T08:08:35.584+0000] {logging_mixin.py:190} INFO - [2024-11-14T08:08:35.584+0000] {dag.py:4180} INFO - Setting next_dagrun for dataset_alias_example_alias_producer_with_no_taskflow to None, run_after=None
[2024-11-14T08:08:35.586+0000] {logging_mixin.py:190} INFO - [2024-11-14T08:08:35.586+0000] {dag.py:4180} INFO - Setting next_dagrun for dataset_s3_bucket_consumer_with_no_taskflow to None, run_after=None
[2024-11-14T08:08:35.587+0000] {logging_mixin.py:190} INFO - [2024-11-14T08:08:35.587+0000] {dag.py:4180} INFO - Setting next_dagrun for dataset_s3_bucket_producer_with_no_taskflow to None, run_after=None
[2024-11-14T08:08:35.625+0000] {processor.py:208} INFO - Processing /home/airflow/.local/lib/python3.12/site-packages/airflow/example_dags/example_dataset_alias_with_no_taskflow.py took 0.317 seconds
[2024-11-14T08:15:26.746+0000] {processor.py:186} INFO - Started process (PID=110) to work on /home/airflow/.local/lib/python3.12/site-packages/airflow/example_dags/example_dataset_alias_with_no_taskflow.py
[2024-11-14T08:15:26.747+0000] {processor.py:914} INFO - Processing file /home/airflow/.local/lib/python3.12/site-packages/airflow/example_dags/example_dataset_alias_with_no_taskflow.py for tasks to queue
[2024-11-14T08:15:26.751+0000] {logging_mixin.py:190} INFO - [2024-11-14T08:15:26.751+0000] {dagbag.py:588} INFO - Filling up the DagBag from /home/airflow/.local/lib/python3.12/site-packages/airflow/example_dags/example_dataset_alias_with_no_taskflow.py
[2024-11-14T08:15:26.930+0000] {processor.py:925} INFO - DAG(s) 'dataset_alias_example_alias_producer_with_no_taskflow', 'dataset_alias_example_alias_consumer_with_no_taskflow', 'dataset_s3_bucket_consumer_with_no_taskflow', 'dataset_s3_bucket_producer_with_no_taskflow' retrieved from /home/airflow/.local/lib/python3.12/site-packages/airflow/example_dags/example_dataset_alias_with_no_taskflow.py
[2024-11-14T08:15:27.040+0000] {logging_mixin.py:190} INFO - [2024-11-14T08:15:27.040+0000] {override.py:1900} INFO - Created Permission View: can edit on DAG:dataset_alias_example_alias_producer_with_no_taskflow
[2024-11-14T08:15:27.057+0000] {logging_mixin.py:190} INFO - [2024-11-14T08:15:27.057+0000] {override.py:1900} INFO - Created Permission View: can delete on DAG:dataset_alias_example_alias_producer_with_no_taskflow
[2024-11-14T08:15:27.068+0000] {logging_mixin.py:190} INFO - [2024-11-14T08:15:27.068+0000] {override.py:1900} INFO - Created Permission View: can read on DAG:dataset_alias_example_alias_producer_with_no_taskflow
[2024-11-14T08:15:27.083+0000] {logging_mixin.py:190} INFO - [2024-11-14T08:15:27.082+0000] {override.py:1900} INFO - Created Permission View: can delete on DAG Run:dataset_alias_example_alias_producer_with_no_taskflow
[2024-11-14T08:15:27.093+0000] {logging_mixin.py:190} INFO - [2024-11-14T08:15:27.093+0000] {override.py:1900} INFO - Created Permission View: can read on DAG Run:dataset_alias_example_alias_producer_with_no_taskflow
[2024-11-14T08:15:27.105+0000] {logging_mixin.py:190} INFO - [2024-11-14T08:15:27.105+0000] {override.py:1900} INFO - Created Permission View: can create on DAG Run:dataset_alias_example_alias_producer_with_no_taskflow
[2024-11-14T08:15:27.117+0000] {logging_mixin.py:190} INFO - [2024-11-14T08:15:27.117+0000] {override.py:1900} INFO - Created Permission View: menu access on DAG Run:dataset_alias_example_alias_producer_with_no_taskflow
[2024-11-14T08:15:27.137+0000] {logging_mixin.py:190} INFO - [2024-11-14T08:15:27.136+0000] {override.py:1900} INFO - Created Permission View: can edit on DAG:dataset_alias_example_alias_consumer_with_no_taskflow
[2024-11-14T08:15:27.148+0000] {logging_mixin.py:190} INFO - [2024-11-14T08:15:27.147+0000] {override.py:1900} INFO - Created Permission View: can delete on DAG:dataset_alias_example_alias_consumer_with_no_taskflow
[2024-11-14T08:15:27.159+0000] {logging_mixin.py:190} INFO - [2024-11-14T08:15:27.158+0000] {override.py:1900} INFO - Created Permission View: can read on DAG:dataset_alias_example_alias_consumer_with_no_taskflow
[2024-11-14T08:15:27.175+0000] {logging_mixin.py:190} INFO - [2024-11-14T08:15:27.174+0000] {override.py:1900} INFO - Created Permission View: can delete on DAG Run:dataset_alias_example_alias_consumer_with_no_taskflow
[2024-11-14T08:15:27.187+0000] {logging_mixin.py:190} INFO - [2024-11-14T08:15:27.186+0000] {override.py:1900} INFO - Created Permission View: can read on DAG Run:dataset_alias_example_alias_consumer_with_no_taskflow
[2024-11-14T08:15:27.201+0000] {logging_mixin.py:190} INFO - [2024-11-14T08:15:27.200+0000] {override.py:1900} INFO - Created Permission View: can create on DAG Run:dataset_alias_example_alias_consumer_with_no_taskflow
[2024-11-14T08:15:27.211+0000] {logging_mixin.py:190} INFO - [2024-11-14T08:15:27.210+0000] {override.py:1900} INFO - Created Permission View: menu access on DAG Run:dataset_alias_example_alias_consumer_with_no_taskflow
[2024-11-14T08:15:27.227+0000] {logging_mixin.py:190} INFO - [2024-11-14T08:15:27.226+0000] {override.py:1900} INFO - Created Permission View: can edit on DAG:dataset_s3_bucket_consumer_with_no_taskflow
[2024-11-14T08:15:27.236+0000] {logging_mixin.py:190} INFO - [2024-11-14T08:15:27.236+0000] {override.py:1900} INFO - Created Permission View: can delete on DAG:dataset_s3_bucket_consumer_with_no_taskflow
[2024-11-14T08:15:27.246+0000] {logging_mixin.py:190} INFO - [2024-11-14T08:15:27.246+0000] {override.py:1900} INFO - Created Permission View: can read on DAG:dataset_s3_bucket_consumer_with_no_taskflow
[2024-11-14T08:15:27.259+0000] {logging_mixin.py:190} INFO - [2024-11-14T08:15:27.258+0000] {override.py:1900} INFO - Created Permission View: can delete on DAG Run:dataset_s3_bucket_consumer_with_no_taskflow
[2024-11-14T08:15:27.268+0000] {logging_mixin.py:190} INFO - [2024-11-14T08:15:27.268+0000] {override.py:1900} INFO - Created Permission View: can read on DAG Run:dataset_s3_bucket_consumer_with_no_taskflow
[2024-11-14T08:15:27.277+0000] {logging_mixin.py:190} INFO - [2024-11-14T08:15:27.277+0000] {override.py:1900} INFO - Created Permission View: can create on DAG Run:dataset_s3_bucket_consumer_with_no_taskflow
[2024-11-14T08:15:27.288+0000] {logging_mixin.py:190} INFO - [2024-11-14T08:15:27.288+0000] {override.py:1900} INFO - Created Permission View: menu access on DAG Run:dataset_s3_bucket_consumer_with_no_taskflow
[2024-11-14T08:15:27.310+0000] {logging_mixin.py:190} INFO - [2024-11-14T08:15:27.309+0000] {override.py:1900} INFO - Created Permission View: can edit on DAG:dataset_s3_bucket_producer_with_no_taskflow
[2024-11-14T08:15:27.321+0000] {logging_mixin.py:190} INFO - [2024-11-14T08:15:27.321+0000] {override.py:1900} INFO - Created Permission View: can delete on DAG:dataset_s3_bucket_producer_with_no_taskflow
[2024-11-14T08:15:27.331+0000] {logging_mixin.py:190} INFO - [2024-11-14T08:15:27.330+0000] {override.py:1900} INFO - Created Permission View: can read on DAG:dataset_s3_bucket_producer_with_no_taskflow
[2024-11-14T08:15:27.342+0000] {logging_mixin.py:190} INFO - [2024-11-14T08:15:27.342+0000] {override.py:1900} INFO - Created Permission View: can delete on DAG Run:dataset_s3_bucket_producer_with_no_taskflow
[2024-11-14T08:15:27.353+0000] {logging_mixin.py:190} INFO - [2024-11-14T08:15:27.352+0000] {override.py:1900} INFO - Created Permission View: can read on DAG Run:dataset_s3_bucket_producer_with_no_taskflow
[2024-11-14T08:15:27.364+0000] {logging_mixin.py:190} INFO - [2024-11-14T08:15:27.363+0000] {override.py:1900} INFO - Created Permission View: can create on DAG Run:dataset_s3_bucket_producer_with_no_taskflow
[2024-11-14T08:15:27.375+0000] {logging_mixin.py:190} INFO - [2024-11-14T08:15:27.375+0000] {override.py:1900} INFO - Created Permission View: menu access on DAG Run:dataset_s3_bucket_producer_with_no_taskflow
[2024-11-14T08:15:27.377+0000] {logging_mixin.py:190} INFO - [2024-11-14T08:15:27.376+0000] {dag.py:3239} INFO - Sync 4 DAGs
[2024-11-14T08:15:27.393+0000] {logging_mixin.py:190} INFO - [2024-11-14T08:15:27.393+0000] {dag.py:3262} INFO - Creating ORM DAG for dataset_s3_bucket_consumer_with_no_taskflow
[2024-11-14T08:15:27.395+0000] {logging_mixin.py:190} INFO - [2024-11-14T08:15:27.395+0000] {dag.py:3262} INFO - Creating ORM DAG for dataset_alias_example_alias_producer_with_no_taskflow
[2024-11-14T08:15:27.396+0000] {logging_mixin.py:190} INFO - [2024-11-14T08:15:27.396+0000] {dag.py:3262} INFO - Creating ORM DAG for dataset_s3_bucket_producer_with_no_taskflow
[2024-11-14T08:15:27.398+0000] {logging_mixin.py:190} INFO - [2024-11-14T08:15:27.397+0000] {dag.py:3262} INFO - Creating ORM DAG for dataset_alias_example_alias_consumer_with_no_taskflow
[2024-11-14T08:15:27.410+0000] {logging_mixin.py:190} INFO - [2024-11-14T08:15:27.410+0000] {dag.py:4180} INFO - Setting next_dagrun for dataset_alias_example_alias_consumer_with_no_taskflow to None, run_after=None
[2024-11-14T08:15:27.411+0000] {logging_mixin.py:190} INFO - [2024-11-14T08:15:27.411+0000] {dag.py:4180} INFO - Setting next_dagrun for dataset_alias_example_alias_producer_with_no_taskflow to None, run_after=None
[2024-11-14T08:15:27.412+0000] {logging_mixin.py:190} INFO - [2024-11-14T08:15:27.412+0000] {dag.py:4180} INFO - Setting next_dagrun for dataset_s3_bucket_consumer_with_no_taskflow to None, run_after=None
[2024-11-14T08:15:27.414+0000] {logging_mixin.py:190} INFO - [2024-11-14T08:15:27.413+0000] {dag.py:4180} INFO - Setting next_dagrun for dataset_s3_bucket_producer_with_no_taskflow to None, run_after=None
[2024-11-14T08:15:27.449+0000] {processor.py:208} INFO - Processing /home/airflow/.local/lib/python3.12/site-packages/airflow/example_dags/example_dataset_alias_with_no_taskflow.py took 0.712 seconds
[2024-11-14T08:16:15.024+0000] {processor.py:186} INFO - Started process (PID=100) to work on /home/airflow/.local/lib/python3.12/site-packages/airflow/example_dags/example_dataset_alias_with_no_taskflow.py
[2024-11-14T08:16:15.026+0000] {processor.py:914} INFO - Processing file /home/airflow/.local/lib/python3.12/site-packages/airflow/example_dags/example_dataset_alias_with_no_taskflow.py for tasks to queue
[2024-11-14T08:16:15.029+0000] {logging_mixin.py:190} INFO - [2024-11-14T08:16:15.029+0000] {dagbag.py:588} INFO - Filling up the DagBag from /home/airflow/.local/lib/python3.12/site-packages/airflow/example_dags/example_dataset_alias_with_no_taskflow.py
[2024-11-14T08:16:15.195+0000] {processor.py:925} INFO - DAG(s) 'dataset_s3_bucket_consumer_with_no_taskflow', 'dataset_s3_bucket_producer_with_no_taskflow', 'dataset_alias_example_alias_producer_with_no_taskflow', 'dataset_alias_example_alias_consumer_with_no_taskflow' retrieved from /home/airflow/.local/lib/python3.12/site-packages/airflow/example_dags/example_dataset_alias_with_no_taskflow.py
[2024-11-14T08:16:15.221+0000] {logging_mixin.py:190} INFO - [2024-11-14T08:16:15.221+0000] {dag.py:3239} INFO - Sync 4 DAGs
[2024-11-14T08:16:15.245+0000] {logging_mixin.py:190} INFO - [2024-11-14T08:16:15.245+0000] {dag.py:4180} INFO - Setting next_dagrun for dataset_alias_example_alias_consumer_with_no_taskflow to None, run_after=None
[2024-11-14T08:16:15.250+0000] {logging_mixin.py:190} INFO - [2024-11-14T08:16:15.250+0000] {dag.py:4180} INFO - Setting next_dagrun for dataset_alias_example_alias_producer_with_no_taskflow to None, run_after=None
[2024-11-14T08:16:15.252+0000] {logging_mixin.py:190} INFO - [2024-11-14T08:16:15.252+0000] {dag.py:4180} INFO - Setting next_dagrun for dataset_s3_bucket_consumer_with_no_taskflow to None, run_after=None
[2024-11-14T08:16:15.254+0000] {logging_mixin.py:190} INFO - [2024-11-14T08:16:15.254+0000] {dag.py:4180} INFO - Setting next_dagrun for dataset_s3_bucket_producer_with_no_taskflow to None, run_after=None
[2024-11-14T08:16:15.277+0000] {processor.py:208} INFO - Processing /home/airflow/.local/lib/python3.12/site-packages/airflow/example_dags/example_dataset_alias_with_no_taskflow.py took 0.258 seconds
[2024-11-14T08:16:50.491+0000] {processor.py:186} INFO - Started process (PID=163) to work on /home/airflow/.local/lib/python3.12/site-packages/airflow/example_dags/example_dataset_alias_with_no_taskflow.py
[2024-11-14T08:16:50.492+0000] {processor.py:914} INFO - Processing file /home/airflow/.local/lib/python3.12/site-packages/airflow/example_dags/example_dataset_alias_with_no_taskflow.py for tasks to queue
[2024-11-14T08:16:50.496+0000] {logging_mixin.py:190} INFO - [2024-11-14T08:16:50.495+0000] {dagbag.py:588} INFO - Filling up the DagBag from /home/airflow/.local/lib/python3.12/site-packages/airflow/example_dags/example_dataset_alias_with_no_taskflow.py
[2024-11-14T08:16:50.649+0000] {processor.py:925} INFO - DAG(s) 'dataset_s3_bucket_consumer_with_no_taskflow', 'dataset_alias_example_alias_consumer_with_no_taskflow', 'dataset_alias_example_alias_producer_with_no_taskflow', 'dataset_s3_bucket_producer_with_no_taskflow' retrieved from /home/airflow/.local/lib/python3.12/site-packages/airflow/example_dags/example_dataset_alias_with_no_taskflow.py
[2024-11-14T08:16:50.673+0000] {logging_mixin.py:190} INFO - [2024-11-14T08:16:50.673+0000] {dag.py:3239} INFO - Sync 4 DAGs
[2024-11-14T08:16:50.695+0000] {logging_mixin.py:190} INFO - [2024-11-14T08:16:50.694+0000] {dag.py:4180} INFO - Setting next_dagrun for dataset_alias_example_alias_consumer_with_no_taskflow to None, run_after=None
[2024-11-14T08:16:50.699+0000] {logging_mixin.py:190} INFO - [2024-11-14T08:16:50.699+0000] {dag.py:4180} INFO - Setting next_dagrun for dataset_alias_example_alias_producer_with_no_taskflow to None, run_after=None
[2024-11-14T08:16:50.701+0000] {logging_mixin.py:190} INFO - [2024-11-14T08:16:50.701+0000] {dag.py:4180} INFO - Setting next_dagrun for dataset_s3_bucket_consumer_with_no_taskflow to None, run_after=None
[2024-11-14T08:16:50.703+0000] {logging_mixin.py:190} INFO - [2024-11-14T08:16:50.703+0000] {dag.py:4180} INFO - Setting next_dagrun for dataset_s3_bucket_producer_with_no_taskflow to None, run_after=None
[2024-11-14T08:16:50.726+0000] {processor.py:208} INFO - Processing /home/airflow/.local/lib/python3.12/site-packages/airflow/example_dags/example_dataset_alias_with_no_taskflow.py took 0.240 seconds
[2024-11-14T08:17:21.735+0000] {processor.py:186} INFO - Started process (PID=225) to work on /home/airflow/.local/lib/python3.12/site-packages/airflow/example_dags/example_dataset_alias_with_no_taskflow.py
[2024-11-14T08:17:21.737+0000] {processor.py:914} INFO - Processing file /home/airflow/.local/lib/python3.12/site-packages/airflow/example_dags/example_dataset_alias_with_no_taskflow.py for tasks to queue
[2024-11-14T08:17:21.740+0000] {logging_mixin.py:190} INFO - [2024-11-14T08:17:21.739+0000] {dagbag.py:588} INFO - Filling up the DagBag from /home/airflow/.local/lib/python3.12/site-packages/airflow/example_dags/example_dataset_alias_with_no_taskflow.py
[2024-11-14T08:17:21.892+0000] {processor.py:925} INFO - DAG(s) 'dataset_s3_bucket_producer_with_no_taskflow', 'dataset_alias_example_alias_producer_with_no_taskflow', 'dataset_s3_bucket_consumer_with_no_taskflow', 'dataset_alias_example_alias_consumer_with_no_taskflow' retrieved from /home/airflow/.local/lib/python3.12/site-packages/airflow/example_dags/example_dataset_alias_with_no_taskflow.py
[2024-11-14T08:17:21.915+0000] {logging_mixin.py:190} INFO - [2024-11-14T08:17:21.915+0000] {dag.py:3239} INFO - Sync 4 DAGs
[2024-11-14T08:17:21.938+0000] {logging_mixin.py:190} INFO - [2024-11-14T08:17:21.937+0000] {dag.py:4180} INFO - Setting next_dagrun for dataset_alias_example_alias_consumer_with_no_taskflow to None, run_after=None
[2024-11-14T08:17:21.941+0000] {logging_mixin.py:190} INFO - [2024-11-14T08:17:21.941+0000] {dag.py:4180} INFO - Setting next_dagrun for dataset_alias_example_alias_producer_with_no_taskflow to None, run_after=None
[2024-11-14T08:17:21.943+0000] {logging_mixin.py:190} INFO - [2024-11-14T08:17:21.943+0000] {dag.py:4180} INFO - Setting next_dagrun for dataset_s3_bucket_consumer_with_no_taskflow to None, run_after=None
[2024-11-14T08:17:21.945+0000] {logging_mixin.py:190} INFO - [2024-11-14T08:17:21.945+0000] {dag.py:4180} INFO - Setting next_dagrun for dataset_s3_bucket_producer_with_no_taskflow to None, run_after=None
[2024-11-14T08:17:21.970+0000] {processor.py:208} INFO - Processing /home/airflow/.local/lib/python3.12/site-packages/airflow/example_dags/example_dataset_alias_with_no_taskflow.py took 0.240 seconds
[2024-11-14T08:17:57.505+0000] {processor.py:186} INFO - Started process (PID=287) to work on /home/airflow/.local/lib/python3.12/site-packages/airflow/example_dags/example_dataset_alias_with_no_taskflow.py
[2024-11-14T08:17:57.507+0000] {processor.py:914} INFO - Processing file /home/airflow/.local/lib/python3.12/site-packages/airflow/example_dags/example_dataset_alias_with_no_taskflow.py for tasks to queue
[2024-11-14T08:17:57.511+0000] {logging_mixin.py:190} INFO - [2024-11-14T08:17:57.510+0000] {dagbag.py:588} INFO - Filling up the DagBag from /home/airflow/.local/lib/python3.12/site-packages/airflow/example_dags/example_dataset_alias_with_no_taskflow.py
[2024-11-14T08:17:57.688+0000] {processor.py:925} INFO - DAG(s) 'dataset_alias_example_alias_consumer_with_no_taskflow', 'dataset_s3_bucket_consumer_with_no_taskflow', 'dataset_s3_bucket_producer_with_no_taskflow', 'dataset_alias_example_alias_producer_with_no_taskflow' retrieved from /home/airflow/.local/lib/python3.12/site-packages/airflow/example_dags/example_dataset_alias_with_no_taskflow.py
[2024-11-14T08:17:57.716+0000] {logging_mixin.py:190} INFO - [2024-11-14T08:17:57.716+0000] {dag.py:3239} INFO - Sync 4 DAGs
[2024-11-14T08:17:57.741+0000] {logging_mixin.py:190} INFO - [2024-11-14T08:17:57.741+0000] {dag.py:4180} INFO - Setting next_dagrun for dataset_alias_example_alias_consumer_with_no_taskflow to None, run_after=None
[2024-11-14T08:17:57.744+0000] {logging_mixin.py:190} INFO - [2024-11-14T08:17:57.744+0000] {dag.py:4180} INFO - Setting next_dagrun for dataset_alias_example_alias_producer_with_no_taskflow to None, run_after=None
[2024-11-14T08:17:57.746+0000] {logging_mixin.py:190} INFO - [2024-11-14T08:17:57.746+0000] {dag.py:4180} INFO - Setting next_dagrun for dataset_s3_bucket_consumer_with_no_taskflow to None, run_after=None
[2024-11-14T08:17:57.748+0000] {logging_mixin.py:190} INFO - [2024-11-14T08:17:57.748+0000] {dag.py:4180} INFO - Setting next_dagrun for dataset_s3_bucket_producer_with_no_taskflow to None, run_after=None
[2024-11-14T08:17:57.776+0000] {processor.py:208} INFO - Processing /home/airflow/.local/lib/python3.12/site-packages/airflow/example_dags/example_dataset_alias_with_no_taskflow.py took 0.277 seconds
[2024-11-14T08:18:28.499+0000] {processor.py:186} INFO - Started process (PID=349) to work on /home/airflow/.local/lib/python3.12/site-packages/airflow/example_dags/example_dataset_alias_with_no_taskflow.py
[2024-11-14T08:18:28.501+0000] {processor.py:914} INFO - Processing file /home/airflow/.local/lib/python3.12/site-packages/airflow/example_dags/example_dataset_alias_with_no_taskflow.py for tasks to queue
[2024-11-14T08:18:28.504+0000] {logging_mixin.py:190} INFO - [2024-11-14T08:18:28.504+0000] {dagbag.py:588} INFO - Filling up the DagBag from /home/airflow/.local/lib/python3.12/site-packages/airflow/example_dags/example_dataset_alias_with_no_taskflow.py
[2024-11-14T08:18:28.718+0000] {processor.py:925} INFO - DAG(s) 'dataset_s3_bucket_producer_with_no_taskflow', 'dataset_alias_example_alias_producer_with_no_taskflow', 'dataset_alias_example_alias_consumer_with_no_taskflow', 'dataset_s3_bucket_consumer_with_no_taskflow' retrieved from /home/airflow/.local/lib/python3.12/site-packages/airflow/example_dags/example_dataset_alias_with_no_taskflow.py
[2024-11-14T08:18:28.744+0000] {logging_mixin.py:190} INFO - [2024-11-14T08:18:28.744+0000] {dag.py:3239} INFO - Sync 4 DAGs
[2024-11-14T08:18:28.797+0000] {logging_mixin.py:190} INFO - [2024-11-14T08:18:28.796+0000] {dag.py:4180} INFO - Setting next_dagrun for dataset_alias_example_alias_consumer_with_no_taskflow to None, run_after=None
[2024-11-14T08:18:28.803+0000] {logging_mixin.py:190} INFO - [2024-11-14T08:18:28.802+0000] {dag.py:4180} INFO - Setting next_dagrun for dataset_alias_example_alias_producer_with_no_taskflow to None, run_after=None
[2024-11-14T08:18:28.807+0000] {logging_mixin.py:190} INFO - [2024-11-14T08:18:28.807+0000] {dag.py:4180} INFO - Setting next_dagrun for dataset_s3_bucket_consumer_with_no_taskflow to None, run_after=None
[2024-11-14T08:18:28.810+0000] {logging_mixin.py:190} INFO - [2024-11-14T08:18:28.810+0000] {dag.py:4180} INFO - Setting next_dagrun for dataset_s3_bucket_producer_with_no_taskflow to None, run_after=None
[2024-11-14T08:18:28.855+0000] {processor.py:208} INFO - Processing /home/airflow/.local/lib/python3.12/site-packages/airflow/example_dags/example_dataset_alias_with_no_taskflow.py took 0.365 seconds
