[2024-11-14T07:29:52.102+0000] {processor.py:186} INFO - Started process (PID=953) to work on /home/airflow/.local/lib/python3.12/site-packages/airflow/example_dags/example_skip_dag.py
[2024-11-14T07:29:52.104+0000] {processor.py:914} INFO - Processing file /home/airflow/.local/lib/python3.12/site-packages/airflow/example_dags/example_skip_dag.py for tasks to queue
[2024-11-14T07:29:52.106+0000] {logging_mixin.py:190} INFO - [2024-11-14T07:29:52.106+0000] {dagbag.py:588} INFO - Filling up the DagBag from /home/airflow/.local/lib/python3.12/site-packages/airflow/example_dags/example_skip_dag.py
[2024-11-14T07:29:52.116+0000] {processor.py:925} INFO - DAG(s) 'example_skip_dag' retrieved from /home/airflow/.local/lib/python3.12/site-packages/airflow/example_dags/example_skip_dag.py
[2024-11-14T07:29:52.138+0000] {logging_mixin.py:190} INFO - [2024-11-14T07:29:52.138+0000] {dag.py:3239} INFO - Sync 1 DAGs
[2024-11-14T07:29:52.164+0000] {logging_mixin.py:190} INFO - [2024-11-14T07:29:52.164+0000] {dag.py:4180} INFO - Setting next_dagrun for example_skip_dag to 2024-11-13 00:00:00+00:00, run_after=2024-11-14 00:00:00+00:00
[2024-11-14T07:29:52.192+0000] {processor.py:208} INFO - Processing /home/airflow/.local/lib/python3.12/site-packages/airflow/example_dags/example_skip_dag.py took 0.097 seconds
[2024-11-14T07:30:23.019+0000] {processor.py:186} INFO - Started process (PID=1015) to work on /home/airflow/.local/lib/python3.12/site-packages/airflow/example_dags/example_skip_dag.py
[2024-11-14T07:30:23.021+0000] {processor.py:914} INFO - Processing file /home/airflow/.local/lib/python3.12/site-packages/airflow/example_dags/example_skip_dag.py for tasks to queue
[2024-11-14T07:30:23.023+0000] {logging_mixin.py:190} INFO - [2024-11-14T07:30:23.023+0000] {dagbag.py:588} INFO - Filling up the DagBag from /home/airflow/.local/lib/python3.12/site-packages/airflow/example_dags/example_skip_dag.py
[2024-11-14T07:30:23.036+0000] {processor.py:925} INFO - DAG(s) 'example_skip_dag' retrieved from /home/airflow/.local/lib/python3.12/site-packages/airflow/example_dags/example_skip_dag.py
[2024-11-14T07:30:23.064+0000] {logging_mixin.py:190} INFO - [2024-11-14T07:30:23.064+0000] {dag.py:3239} INFO - Sync 1 DAGs
[2024-11-14T07:30:23.090+0000] {logging_mixin.py:190} INFO - [2024-11-14T07:30:23.089+0000] {dag.py:4180} INFO - Setting next_dagrun for example_skip_dag to 2024-11-13 00:00:00+00:00, run_after=2024-11-14 00:00:00+00:00
[2024-11-14T07:30:23.116+0000] {processor.py:208} INFO - Processing /home/airflow/.local/lib/python3.12/site-packages/airflow/example_dags/example_skip_dag.py took 0.105 seconds
[2024-11-14T07:30:53.239+0000] {processor.py:186} INFO - Started process (PID=1077) to work on /home/airflow/.local/lib/python3.12/site-packages/airflow/example_dags/example_skip_dag.py
[2024-11-14T07:30:53.240+0000] {processor.py:914} INFO - Processing file /home/airflow/.local/lib/python3.12/site-packages/airflow/example_dags/example_skip_dag.py for tasks to queue
[2024-11-14T07:30:53.243+0000] {logging_mixin.py:190} INFO - [2024-11-14T07:30:53.243+0000] {dagbag.py:588} INFO - Filling up the DagBag from /home/airflow/.local/lib/python3.12/site-packages/airflow/example_dags/example_skip_dag.py
[2024-11-14T07:30:53.253+0000] {processor.py:925} INFO - DAG(s) 'example_skip_dag' retrieved from /home/airflow/.local/lib/python3.12/site-packages/airflow/example_dags/example_skip_dag.py
[2024-11-14T07:30:53.282+0000] {logging_mixin.py:190} INFO - [2024-11-14T07:30:53.282+0000] {dag.py:3239} INFO - Sync 1 DAGs
[2024-11-14T07:30:53.311+0000] {logging_mixin.py:190} INFO - [2024-11-14T07:30:53.311+0000] {dag.py:4180} INFO - Setting next_dagrun for example_skip_dag to 2024-11-13 00:00:00+00:00, run_after=2024-11-14 00:00:00+00:00
[2024-11-14T07:30:53.338+0000] {processor.py:208} INFO - Processing /home/airflow/.local/lib/python3.12/site-packages/airflow/example_dags/example_skip_dag.py took 0.107 seconds
[2024-11-14T07:42:04.530+0000] {processor.py:186} INFO - Started process (PID=92) to work on /home/airflow/.local/lib/python3.12/site-packages/airflow/example_dags/example_skip_dag.py
[2024-11-14T07:42:04.531+0000] {processor.py:914} INFO - Processing file /home/airflow/.local/lib/python3.12/site-packages/airflow/example_dags/example_skip_dag.py for tasks to queue
[2024-11-14T07:42:04.534+0000] {logging_mixin.py:190} INFO - [2024-11-14T07:42:04.534+0000] {dagbag.py:588} INFO - Filling up the DagBag from /home/airflow/.local/lib/python3.12/site-packages/airflow/example_dags/example_skip_dag.py
[2024-11-14T07:42:04.543+0000] {processor.py:925} INFO - DAG(s) 'example_skip_dag' retrieved from /home/airflow/.local/lib/python3.12/site-packages/airflow/example_dags/example_skip_dag.py
[2024-11-14T07:42:04.567+0000] {logging_mixin.py:190} INFO - [2024-11-14T07:42:04.567+0000] {dag.py:3239} INFO - Sync 1 DAGs
[2024-11-14T07:42:04.591+0000] {logging_mixin.py:190} INFO - [2024-11-14T07:42:04.591+0000] {dag.py:4180} INFO - Setting next_dagrun for example_skip_dag to 2024-11-13 00:00:00+00:00, run_after=2024-11-14 00:00:00+00:00
[2024-11-14T07:42:04.616+0000] {processor.py:208} INFO - Processing /home/airflow/.local/lib/python3.12/site-packages/airflow/example_dags/example_skip_dag.py took 0.092 seconds
[2024-11-14T07:42:35.551+0000] {processor.py:186} INFO - Started process (PID=154) to work on /home/airflow/.local/lib/python3.12/site-packages/airflow/example_dags/example_skip_dag.py
[2024-11-14T07:42:35.552+0000] {processor.py:914} INFO - Processing file /home/airflow/.local/lib/python3.12/site-packages/airflow/example_dags/example_skip_dag.py for tasks to queue
[2024-11-14T07:42:35.555+0000] {logging_mixin.py:190} INFO - [2024-11-14T07:42:35.554+0000] {dagbag.py:588} INFO - Filling up the DagBag from /home/airflow/.local/lib/python3.12/site-packages/airflow/example_dags/example_skip_dag.py
[2024-11-14T07:42:35.564+0000] {processor.py:925} INFO - DAG(s) 'example_skip_dag' retrieved from /home/airflow/.local/lib/python3.12/site-packages/airflow/example_dags/example_skip_dag.py
[2024-11-14T07:42:35.589+0000] {logging_mixin.py:190} INFO - [2024-11-14T07:42:35.588+0000] {dag.py:3239} INFO - Sync 1 DAGs
[2024-11-14T07:42:35.614+0000] {logging_mixin.py:190} INFO - [2024-11-14T07:42:35.613+0000] {dag.py:4180} INFO - Setting next_dagrun for example_skip_dag to 2024-11-13 00:00:00+00:00, run_after=2024-11-14 00:00:00+00:00
[2024-11-14T07:42:35.655+0000] {processor.py:208} INFO - Processing /home/airflow/.local/lib/python3.12/site-packages/airflow/example_dags/example_skip_dag.py took 0.111 seconds
[2024-11-14T07:49:34.724+0000] {processor.py:186} INFO - Started process (PID=125) to work on /home/airflow/.local/lib/python3.12/site-packages/airflow/example_dags/example_skip_dag.py
[2024-11-14T07:49:34.726+0000] {processor.py:914} INFO - Processing file /home/airflow/.local/lib/python3.12/site-packages/airflow/example_dags/example_skip_dag.py for tasks to queue
[2024-11-14T07:49:34.729+0000] {logging_mixin.py:190} INFO - [2024-11-14T07:49:34.728+0000] {dagbag.py:588} INFO - Filling up the DagBag from /home/airflow/.local/lib/python3.12/site-packages/airflow/example_dags/example_skip_dag.py
[2024-11-14T07:49:34.743+0000] {processor.py:925} INFO - DAG(s) 'example_skip_dag' retrieved from /home/airflow/.local/lib/python3.12/site-packages/airflow/example_dags/example_skip_dag.py
[2024-11-14T07:49:34.780+0000] {logging_mixin.py:190} INFO - [2024-11-14T07:49:34.779+0000] {dag.py:3239} INFO - Sync 1 DAGs
[2024-11-14T07:49:34.823+0000] {logging_mixin.py:190} INFO - [2024-11-14T07:49:34.822+0000] {dag.py:4180} INFO - Setting next_dagrun for example_skip_dag to 2024-11-13 00:00:00+00:00, run_after=2024-11-14 00:00:00+00:00
[2024-11-14T07:49:34.854+0000] {processor.py:208} INFO - Processing /home/airflow/.local/lib/python3.12/site-packages/airflow/example_dags/example_skip_dag.py took 0.138 seconds
[2024-11-14T07:50:05.012+0000] {processor.py:186} INFO - Started process (PID=187) to work on /home/airflow/.local/lib/python3.12/site-packages/airflow/example_dags/example_skip_dag.py
[2024-11-14T07:50:05.014+0000] {processor.py:914} INFO - Processing file /home/airflow/.local/lib/python3.12/site-packages/airflow/example_dags/example_skip_dag.py for tasks to queue
[2024-11-14T07:50:05.017+0000] {logging_mixin.py:190} INFO - [2024-11-14T07:50:05.017+0000] {dagbag.py:588} INFO - Filling up the DagBag from /home/airflow/.local/lib/python3.12/site-packages/airflow/example_dags/example_skip_dag.py
[2024-11-14T07:50:05.025+0000] {processor.py:925} INFO - DAG(s) 'example_skip_dag' retrieved from /home/airflow/.local/lib/python3.12/site-packages/airflow/example_dags/example_skip_dag.py
[2024-11-14T07:50:05.055+0000] {logging_mixin.py:190} INFO - [2024-11-14T07:50:05.054+0000] {dag.py:3239} INFO - Sync 1 DAGs
[2024-11-14T07:50:05.086+0000] {logging_mixin.py:190} INFO - [2024-11-14T07:50:05.085+0000] {dag.py:4180} INFO - Setting next_dagrun for example_skip_dag to 2024-11-13 00:00:00+00:00, run_after=2024-11-14 00:00:00+00:00
[2024-11-14T07:50:05.114+0000] {processor.py:208} INFO - Processing /home/airflow/.local/lib/python3.12/site-packages/airflow/example_dags/example_skip_dag.py took 0.108 seconds
[2024-11-14T07:50:36.354+0000] {processor.py:186} INFO - Started process (PID=249) to work on /home/airflow/.local/lib/python3.12/site-packages/airflow/example_dags/example_skip_dag.py
[2024-11-14T07:50:36.356+0000] {processor.py:914} INFO - Processing file /home/airflow/.local/lib/python3.12/site-packages/airflow/example_dags/example_skip_dag.py for tasks to queue
[2024-11-14T07:50:36.359+0000] {logging_mixin.py:190} INFO - [2024-11-14T07:50:36.359+0000] {dagbag.py:588} INFO - Filling up the DagBag from /home/airflow/.local/lib/python3.12/site-packages/airflow/example_dags/example_skip_dag.py
[2024-11-14T07:50:36.372+0000] {processor.py:925} INFO - DAG(s) 'example_skip_dag' retrieved from /home/airflow/.local/lib/python3.12/site-packages/airflow/example_dags/example_skip_dag.py
[2024-11-14T07:50:36.404+0000] {logging_mixin.py:190} INFO - [2024-11-14T07:50:36.403+0000] {dag.py:3239} INFO - Sync 1 DAGs
[2024-11-14T07:50:36.439+0000] {logging_mixin.py:190} INFO - [2024-11-14T07:50:36.439+0000] {dag.py:4180} INFO - Setting next_dagrun for example_skip_dag to 2024-11-13 00:00:00+00:00, run_after=2024-11-14 00:00:00+00:00
[2024-11-14T07:50:36.468+0000] {processor.py:208} INFO - Processing /home/airflow/.local/lib/python3.12/site-packages/airflow/example_dags/example_skip_dag.py took 0.123 seconds
[2024-11-14T07:51:06.583+0000] {processor.py:186} INFO - Started process (PID=311) to work on /home/airflow/.local/lib/python3.12/site-packages/airflow/example_dags/example_skip_dag.py
[2024-11-14T07:51:06.584+0000] {processor.py:914} INFO - Processing file /home/airflow/.local/lib/python3.12/site-packages/airflow/example_dags/example_skip_dag.py for tasks to queue
[2024-11-14T07:51:06.587+0000] {logging_mixin.py:190} INFO - [2024-11-14T07:51:06.586+0000] {dagbag.py:588} INFO - Filling up the DagBag from /home/airflow/.local/lib/python3.12/site-packages/airflow/example_dags/example_skip_dag.py
[2024-11-14T07:51:06.595+0000] {processor.py:925} INFO - DAG(s) 'example_skip_dag' retrieved from /home/airflow/.local/lib/python3.12/site-packages/airflow/example_dags/example_skip_dag.py
[2024-11-14T07:51:06.622+0000] {logging_mixin.py:190} INFO - [2024-11-14T07:51:06.622+0000] {dag.py:3239} INFO - Sync 1 DAGs
[2024-11-14T07:51:06.648+0000] {logging_mixin.py:190} INFO - [2024-11-14T07:51:06.648+0000] {dag.py:4180} INFO - Setting next_dagrun for example_skip_dag to 2024-11-13 00:00:00+00:00, run_after=2024-11-14 00:00:00+00:00
[2024-11-14T07:51:06.673+0000] {processor.py:208} INFO - Processing /home/airflow/.local/lib/python3.12/site-packages/airflow/example_dags/example_skip_dag.py took 0.097 seconds
[2024-11-14T07:51:37.508+0000] {processor.py:186} INFO - Started process (PID=373) to work on /home/airflow/.local/lib/python3.12/site-packages/airflow/example_dags/example_skip_dag.py
[2024-11-14T07:51:37.509+0000] {processor.py:914} INFO - Processing file /home/airflow/.local/lib/python3.12/site-packages/airflow/example_dags/example_skip_dag.py for tasks to queue
[2024-11-14T07:51:37.511+0000] {logging_mixin.py:190} INFO - [2024-11-14T07:51:37.511+0000] {dagbag.py:588} INFO - Filling up the DagBag from /home/airflow/.local/lib/python3.12/site-packages/airflow/example_dags/example_skip_dag.py
[2024-11-14T07:51:37.520+0000] {processor.py:925} INFO - DAG(s) 'example_skip_dag' retrieved from /home/airflow/.local/lib/python3.12/site-packages/airflow/example_dags/example_skip_dag.py
[2024-11-14T07:51:37.547+0000] {logging_mixin.py:190} INFO - [2024-11-14T07:51:37.547+0000] {dag.py:3239} INFO - Sync 1 DAGs
[2024-11-14T07:51:37.574+0000] {logging_mixin.py:190} INFO - [2024-11-14T07:51:37.574+0000] {dag.py:4180} INFO - Setting next_dagrun for example_skip_dag to 2024-11-13 00:00:00+00:00, run_after=2024-11-14 00:00:00+00:00
[2024-11-14T07:51:37.599+0000] {processor.py:208} INFO - Processing /home/airflow/.local/lib/python3.12/site-packages/airflow/example_dags/example_skip_dag.py took 0.096 seconds
[2024-11-14T07:52:08.000+0000] {processor.py:186} INFO - Started process (PID=435) to work on /home/airflow/.local/lib/python3.12/site-packages/airflow/example_dags/example_skip_dag.py
[2024-11-14T07:52:08.001+0000] {processor.py:914} INFO - Processing file /home/airflow/.local/lib/python3.12/site-packages/airflow/example_dags/example_skip_dag.py for tasks to queue
[2024-11-14T07:52:08.004+0000] {logging_mixin.py:190} INFO - [2024-11-14T07:52:08.004+0000] {dagbag.py:588} INFO - Filling up the DagBag from /home/airflow/.local/lib/python3.12/site-packages/airflow/example_dags/example_skip_dag.py
[2024-11-14T07:52:08.013+0000] {processor.py:925} INFO - DAG(s) 'example_skip_dag' retrieved from /home/airflow/.local/lib/python3.12/site-packages/airflow/example_dags/example_skip_dag.py
[2024-11-14T07:52:08.039+0000] {logging_mixin.py:190} INFO - [2024-11-14T07:52:08.039+0000] {dag.py:3239} INFO - Sync 1 DAGs
[2024-11-14T07:52:08.063+0000] {logging_mixin.py:190} INFO - [2024-11-14T07:52:08.062+0000] {dag.py:4180} INFO - Setting next_dagrun for example_skip_dag to 2024-11-13 00:00:00+00:00, run_after=2024-11-14 00:00:00+00:00
[2024-11-14T07:52:08.084+0000] {processor.py:208} INFO - Processing /home/airflow/.local/lib/python3.12/site-packages/airflow/example_dags/example_skip_dag.py took 0.089 seconds
[2024-11-14T07:52:38.207+0000] {processor.py:186} INFO - Started process (PID=497) to work on /home/airflow/.local/lib/python3.12/site-packages/airflow/example_dags/example_skip_dag.py
[2024-11-14T07:52:38.208+0000] {processor.py:914} INFO - Processing file /home/airflow/.local/lib/python3.12/site-packages/airflow/example_dags/example_skip_dag.py for tasks to queue
[2024-11-14T07:52:38.211+0000] {logging_mixin.py:190} INFO - [2024-11-14T07:52:38.211+0000] {dagbag.py:588} INFO - Filling up the DagBag from /home/airflow/.local/lib/python3.12/site-packages/airflow/example_dags/example_skip_dag.py
[2024-11-14T07:52:38.219+0000] {processor.py:925} INFO - DAG(s) 'example_skip_dag' retrieved from /home/airflow/.local/lib/python3.12/site-packages/airflow/example_dags/example_skip_dag.py
[2024-11-14T07:52:38.245+0000] {logging_mixin.py:190} INFO - [2024-11-14T07:52:38.245+0000] {dag.py:3239} INFO - Sync 1 DAGs
[2024-11-14T07:52:38.276+0000] {logging_mixin.py:190} INFO - [2024-11-14T07:52:38.276+0000] {dag.py:4180} INFO - Setting next_dagrun for example_skip_dag to 2024-11-13 00:00:00+00:00, run_after=2024-11-14 00:00:00+00:00
[2024-11-14T07:52:38.306+0000] {processor.py:208} INFO - Processing /home/airflow/.local/lib/python3.12/site-packages/airflow/example_dags/example_skip_dag.py took 0.106 seconds
[2024-11-14T07:53:08.705+0000] {processor.py:186} INFO - Started process (PID=559) to work on /home/airflow/.local/lib/python3.12/site-packages/airflow/example_dags/example_skip_dag.py
[2024-11-14T07:53:08.706+0000] {processor.py:914} INFO - Processing file /home/airflow/.local/lib/python3.12/site-packages/airflow/example_dags/example_skip_dag.py for tasks to queue
[2024-11-14T07:53:08.709+0000] {logging_mixin.py:190} INFO - [2024-11-14T07:53:08.708+0000] {dagbag.py:588} INFO - Filling up the DagBag from /home/airflow/.local/lib/python3.12/site-packages/airflow/example_dags/example_skip_dag.py
[2024-11-14T07:53:08.717+0000] {processor.py:925} INFO - DAG(s) 'example_skip_dag' retrieved from /home/airflow/.local/lib/python3.12/site-packages/airflow/example_dags/example_skip_dag.py
[2024-11-14T07:53:08.742+0000] {logging_mixin.py:190} INFO - [2024-11-14T07:53:08.741+0000] {dag.py:3239} INFO - Sync 1 DAGs
[2024-11-14T07:53:08.769+0000] {logging_mixin.py:190} INFO - [2024-11-14T07:53:08.768+0000] {dag.py:4180} INFO - Setting next_dagrun for example_skip_dag to 2024-11-13 00:00:00+00:00, run_after=2024-11-14 00:00:00+00:00
[2024-11-14T07:53:08.789+0000] {processor.py:208} INFO - Processing /home/airflow/.local/lib/python3.12/site-packages/airflow/example_dags/example_skip_dag.py took 0.090 seconds
[2024-11-14T07:53:39.556+0000] {processor.py:186} INFO - Started process (PID=621) to work on /home/airflow/.local/lib/python3.12/site-packages/airflow/example_dags/example_skip_dag.py
[2024-11-14T07:53:39.558+0000] {processor.py:914} INFO - Processing file /home/airflow/.local/lib/python3.12/site-packages/airflow/example_dags/example_skip_dag.py for tasks to queue
[2024-11-14T07:53:39.560+0000] {logging_mixin.py:190} INFO - [2024-11-14T07:53:39.560+0000] {dagbag.py:588} INFO - Filling up the DagBag from /home/airflow/.local/lib/python3.12/site-packages/airflow/example_dags/example_skip_dag.py
[2024-11-14T07:53:39.570+0000] {processor.py:925} INFO - DAG(s) 'example_skip_dag' retrieved from /home/airflow/.local/lib/python3.12/site-packages/airflow/example_dags/example_skip_dag.py
[2024-11-14T07:53:39.595+0000] {logging_mixin.py:190} INFO - [2024-11-14T07:53:39.595+0000] {dag.py:3239} INFO - Sync 1 DAGs
[2024-11-14T07:53:39.622+0000] {logging_mixin.py:190} INFO - [2024-11-14T07:53:39.622+0000] {dag.py:4180} INFO - Setting next_dagrun for example_skip_dag to 2024-11-13 00:00:00+00:00, run_after=2024-11-14 00:00:00+00:00
[2024-11-14T07:53:39.646+0000] {processor.py:208} INFO - Processing /home/airflow/.local/lib/python3.12/site-packages/airflow/example_dags/example_skip_dag.py took 0.097 seconds
[2024-11-14T07:54:10.220+0000] {processor.py:186} INFO - Started process (PID=683) to work on /home/airflow/.local/lib/python3.12/site-packages/airflow/example_dags/example_skip_dag.py
[2024-11-14T07:54:10.221+0000] {processor.py:914} INFO - Processing file /home/airflow/.local/lib/python3.12/site-packages/airflow/example_dags/example_skip_dag.py for tasks to queue
[2024-11-14T07:54:10.224+0000] {logging_mixin.py:190} INFO - [2024-11-14T07:54:10.224+0000] {dagbag.py:588} INFO - Filling up the DagBag from /home/airflow/.local/lib/python3.12/site-packages/airflow/example_dags/example_skip_dag.py
[2024-11-14T07:54:10.233+0000] {processor.py:925} INFO - DAG(s) 'example_skip_dag' retrieved from /home/airflow/.local/lib/python3.12/site-packages/airflow/example_dags/example_skip_dag.py
[2024-11-14T07:54:10.263+0000] {logging_mixin.py:190} INFO - [2024-11-14T07:54:10.262+0000] {dag.py:3239} INFO - Sync 1 DAGs
[2024-11-14T07:54:10.290+0000] {logging_mixin.py:190} INFO - [2024-11-14T07:54:10.290+0000] {dag.py:4180} INFO - Setting next_dagrun for example_skip_dag to 2024-11-13 00:00:00+00:00, run_after=2024-11-14 00:00:00+00:00
[2024-11-14T07:54:10.313+0000] {processor.py:208} INFO - Processing /home/airflow/.local/lib/python3.12/site-packages/airflow/example_dags/example_skip_dag.py took 0.099 seconds
[2024-11-14T07:54:40.956+0000] {processor.py:186} INFO - Started process (PID=745) to work on /home/airflow/.local/lib/python3.12/site-packages/airflow/example_dags/example_skip_dag.py
[2024-11-14T07:54:40.957+0000] {processor.py:914} INFO - Processing file /home/airflow/.local/lib/python3.12/site-packages/airflow/example_dags/example_skip_dag.py for tasks to queue
[2024-11-14T07:54:40.960+0000] {logging_mixin.py:190} INFO - [2024-11-14T07:54:40.960+0000] {dagbag.py:588} INFO - Filling up the DagBag from /home/airflow/.local/lib/python3.12/site-packages/airflow/example_dags/example_skip_dag.py
[2024-11-14T07:54:40.968+0000] {processor.py:925} INFO - DAG(s) 'example_skip_dag' retrieved from /home/airflow/.local/lib/python3.12/site-packages/airflow/example_dags/example_skip_dag.py
[2024-11-14T07:54:40.992+0000] {logging_mixin.py:190} INFO - [2024-11-14T07:54:40.992+0000] {dag.py:3239} INFO - Sync 1 DAGs
[2024-11-14T07:54:41.018+0000] {logging_mixin.py:190} INFO - [2024-11-14T07:54:41.018+0000] {dag.py:4180} INFO - Setting next_dagrun for example_skip_dag to 2024-11-13 00:00:00+00:00, run_after=2024-11-14 00:00:00+00:00
[2024-11-14T07:54:41.042+0000] {processor.py:208} INFO - Processing /home/airflow/.local/lib/python3.12/site-packages/airflow/example_dags/example_skip_dag.py took 0.092 seconds
[2024-11-14T07:55:11.604+0000] {processor.py:186} INFO - Started process (PID=807) to work on /home/airflow/.local/lib/python3.12/site-packages/airflow/example_dags/example_skip_dag.py
[2024-11-14T07:55:11.605+0000] {processor.py:914} INFO - Processing file /home/airflow/.local/lib/python3.12/site-packages/airflow/example_dags/example_skip_dag.py for tasks to queue
[2024-11-14T07:55:11.609+0000] {logging_mixin.py:190} INFO - [2024-11-14T07:55:11.608+0000] {dagbag.py:588} INFO - Filling up the DagBag from /home/airflow/.local/lib/python3.12/site-packages/airflow/example_dags/example_skip_dag.py
[2024-11-14T07:55:11.620+0000] {processor.py:925} INFO - DAG(s) 'example_skip_dag' retrieved from /home/airflow/.local/lib/python3.12/site-packages/airflow/example_dags/example_skip_dag.py
[2024-11-14T07:55:11.650+0000] {logging_mixin.py:190} INFO - [2024-11-14T07:55:11.649+0000] {dag.py:3239} INFO - Sync 1 DAGs
[2024-11-14T07:55:11.683+0000] {logging_mixin.py:190} INFO - [2024-11-14T07:55:11.682+0000] {dag.py:4180} INFO - Setting next_dagrun for example_skip_dag to 2024-11-13 00:00:00+00:00, run_after=2024-11-14 00:00:00+00:00
[2024-11-14T07:55:11.711+0000] {processor.py:208} INFO - Processing /home/airflow/.local/lib/python3.12/site-packages/airflow/example_dags/example_skip_dag.py took 0.114 seconds
[2024-11-14T07:55:42.151+0000] {processor.py:186} INFO - Started process (PID=869) to work on /home/airflow/.local/lib/python3.12/site-packages/airflow/example_dags/example_skip_dag.py
[2024-11-14T07:55:42.152+0000] {processor.py:914} INFO - Processing file /home/airflow/.local/lib/python3.12/site-packages/airflow/example_dags/example_skip_dag.py for tasks to queue
[2024-11-14T07:55:42.155+0000] {logging_mixin.py:190} INFO - [2024-11-14T07:55:42.155+0000] {dagbag.py:588} INFO - Filling up the DagBag from /home/airflow/.local/lib/python3.12/site-packages/airflow/example_dags/example_skip_dag.py
[2024-11-14T07:55:42.163+0000] {processor.py:925} INFO - DAG(s) 'example_skip_dag' retrieved from /home/airflow/.local/lib/python3.12/site-packages/airflow/example_dags/example_skip_dag.py
[2024-11-14T07:55:42.188+0000] {logging_mixin.py:190} INFO - [2024-11-14T07:55:42.188+0000] {dag.py:3239} INFO - Sync 1 DAGs
[2024-11-14T07:55:42.209+0000] {logging_mixin.py:190} INFO - [2024-11-14T07:55:42.208+0000] {dag.py:4180} INFO - Setting next_dagrun for example_skip_dag to 2024-11-13 00:00:00+00:00, run_after=2024-11-14 00:00:00+00:00
[2024-11-14T07:55:42.241+0000] {processor.py:208} INFO - Processing /home/airflow/.local/lib/python3.12/site-packages/airflow/example_dags/example_skip_dag.py took 0.096 seconds
[2024-11-14T07:56:12.787+0000] {processor.py:186} INFO - Started process (PID=931) to work on /home/airflow/.local/lib/python3.12/site-packages/airflow/example_dags/example_skip_dag.py
[2024-11-14T07:56:12.788+0000] {processor.py:914} INFO - Processing file /home/airflow/.local/lib/python3.12/site-packages/airflow/example_dags/example_skip_dag.py for tasks to queue
[2024-11-14T07:56:12.791+0000] {logging_mixin.py:190} INFO - [2024-11-14T07:56:12.791+0000] {dagbag.py:588} INFO - Filling up the DagBag from /home/airflow/.local/lib/python3.12/site-packages/airflow/example_dags/example_skip_dag.py
[2024-11-14T07:56:12.799+0000] {processor.py:925} INFO - DAG(s) 'example_skip_dag' retrieved from /home/airflow/.local/lib/python3.12/site-packages/airflow/example_dags/example_skip_dag.py
[2024-11-14T07:56:12.823+0000] {logging_mixin.py:190} INFO - [2024-11-14T07:56:12.823+0000] {dag.py:3239} INFO - Sync 1 DAGs
[2024-11-14T07:56:12.849+0000] {logging_mixin.py:190} INFO - [2024-11-14T07:56:12.848+0000] {dag.py:4180} INFO - Setting next_dagrun for example_skip_dag to 2024-11-13 00:00:00+00:00, run_after=2024-11-14 00:00:00+00:00
[2024-11-14T07:56:12.871+0000] {processor.py:208} INFO - Processing /home/airflow/.local/lib/python3.12/site-packages/airflow/example_dags/example_skip_dag.py took 0.090 seconds
[2024-11-14T07:56:43.283+0000] {processor.py:186} INFO - Started process (PID=998) to work on /home/airflow/.local/lib/python3.12/site-packages/airflow/example_dags/example_skip_dag.py
[2024-11-14T07:56:43.285+0000] {processor.py:914} INFO - Processing file /home/airflow/.local/lib/python3.12/site-packages/airflow/example_dags/example_skip_dag.py for tasks to queue
[2024-11-14T07:56:43.287+0000] {logging_mixin.py:190} INFO - [2024-11-14T07:56:43.287+0000] {dagbag.py:588} INFO - Filling up the DagBag from /home/airflow/.local/lib/python3.12/site-packages/airflow/example_dags/example_skip_dag.py
[2024-11-14T07:56:43.295+0000] {processor.py:925} INFO - DAG(s) 'example_skip_dag' retrieved from /home/airflow/.local/lib/python3.12/site-packages/airflow/example_dags/example_skip_dag.py
[2024-11-14T07:56:43.321+0000] {logging_mixin.py:190} INFO - [2024-11-14T07:56:43.321+0000] {dag.py:3239} INFO - Sync 1 DAGs
[2024-11-14T07:56:43.350+0000] {logging_mixin.py:190} INFO - [2024-11-14T07:56:43.350+0000] {dag.py:4180} INFO - Setting next_dagrun for example_skip_dag to 2024-11-13 00:00:00+00:00, run_after=2024-11-14 00:00:00+00:00
[2024-11-14T07:56:43.378+0000] {processor.py:208} INFO - Processing /home/airflow/.local/lib/python3.12/site-packages/airflow/example_dags/example_skip_dag.py took 0.101 seconds
[2024-11-14T07:57:14.425+0000] {processor.py:186} INFO - Started process (PID=1060) to work on /home/airflow/.local/lib/python3.12/site-packages/airflow/example_dags/example_skip_dag.py
[2024-11-14T07:57:14.426+0000] {processor.py:914} INFO - Processing file /home/airflow/.local/lib/python3.12/site-packages/airflow/example_dags/example_skip_dag.py for tasks to queue
[2024-11-14T07:57:14.429+0000] {logging_mixin.py:190} INFO - [2024-11-14T07:57:14.428+0000] {dagbag.py:588} INFO - Filling up the DagBag from /home/airflow/.local/lib/python3.12/site-packages/airflow/example_dags/example_skip_dag.py
[2024-11-14T07:57:14.436+0000] {processor.py:925} INFO - DAG(s) 'example_skip_dag' retrieved from /home/airflow/.local/lib/python3.12/site-packages/airflow/example_dags/example_skip_dag.py
[2024-11-14T07:57:14.461+0000] {logging_mixin.py:190} INFO - [2024-11-14T07:57:14.461+0000] {dag.py:3239} INFO - Sync 1 DAGs
[2024-11-14T07:57:14.486+0000] {logging_mixin.py:190} INFO - [2024-11-14T07:57:14.486+0000] {dag.py:4180} INFO - Setting next_dagrun for example_skip_dag to 2024-11-13 00:00:00+00:00, run_after=2024-11-14 00:00:00+00:00
[2024-11-14T07:57:14.511+0000] {processor.py:208} INFO - Processing /home/airflow/.local/lib/python3.12/site-packages/airflow/example_dags/example_skip_dag.py took 0.091 seconds
[2024-11-14T08:08:02.204+0000] {processor.py:186} INFO - Started process (PID=92) to work on /home/airflow/.local/lib/python3.12/site-packages/airflow/example_dags/example_skip_dag.py
[2024-11-14T08:08:02.206+0000] {processor.py:914} INFO - Processing file /home/airflow/.local/lib/python3.12/site-packages/airflow/example_dags/example_skip_dag.py for tasks to queue
[2024-11-14T08:08:02.210+0000] {logging_mixin.py:190} INFO - [2024-11-14T08:08:02.210+0000] {dagbag.py:588} INFO - Filling up the DagBag from /home/airflow/.local/lib/python3.12/site-packages/airflow/example_dags/example_skip_dag.py
[2024-11-14T08:08:02.226+0000] {processor.py:925} INFO - DAG(s) 'example_skip_dag' retrieved from /home/airflow/.local/lib/python3.12/site-packages/airflow/example_dags/example_skip_dag.py
[2024-11-14T08:08:02.302+0000] {logging_mixin.py:190} INFO - [2024-11-14T08:08:02.302+0000] {dag.py:3239} INFO - Sync 1 DAGs
[2024-11-14T08:08:02.345+0000] {logging_mixin.py:190} INFO - [2024-11-14T08:08:02.344+0000] {dag.py:4180} INFO - Setting next_dagrun for example_skip_dag to 2024-11-13 00:00:00+00:00, run_after=2024-11-14 00:00:00+00:00
[2024-11-14T08:08:02.384+0000] {processor.py:208} INFO - Processing /home/airflow/.local/lib/python3.12/site-packages/airflow/example_dags/example_skip_dag.py took 0.189 seconds
[2024-11-14T08:08:32.800+0000] {processor.py:186} INFO - Started process (PID=154) to work on /home/airflow/.local/lib/python3.12/site-packages/airflow/example_dags/example_skip_dag.py
[2024-11-14T08:08:32.802+0000] {processor.py:914} INFO - Processing file /home/airflow/.local/lib/python3.12/site-packages/airflow/example_dags/example_skip_dag.py for tasks to queue
[2024-11-14T08:08:32.805+0000] {logging_mixin.py:190} INFO - [2024-11-14T08:08:32.805+0000] {dagbag.py:588} INFO - Filling up the DagBag from /home/airflow/.local/lib/python3.12/site-packages/airflow/example_dags/example_skip_dag.py
[2024-11-14T08:08:32.815+0000] {processor.py:925} INFO - DAG(s) 'example_skip_dag' retrieved from /home/airflow/.local/lib/python3.12/site-packages/airflow/example_dags/example_skip_dag.py
[2024-11-14T08:08:32.846+0000] {logging_mixin.py:190} INFO - [2024-11-14T08:08:32.846+0000] {dag.py:3239} INFO - Sync 1 DAGs
[2024-11-14T08:08:32.878+0000] {logging_mixin.py:190} INFO - [2024-11-14T08:08:32.877+0000] {dag.py:4180} INFO - Setting next_dagrun for example_skip_dag to 2024-11-13 00:00:00+00:00, run_after=2024-11-14 00:00:00+00:00
[2024-11-14T08:08:32.905+0000] {processor.py:208} INFO - Processing /home/airflow/.local/lib/python3.12/site-packages/airflow/example_dags/example_skip_dag.py took 0.113 seconds
[2024-11-14T08:15:23.363+0000] {processor.py:186} INFO - Started process (PID=93) to work on /home/airflow/.local/lib/python3.12/site-packages/airflow/example_dags/example_skip_dag.py
[2024-11-14T08:15:23.365+0000] {processor.py:914} INFO - Processing file /home/airflow/.local/lib/python3.12/site-packages/airflow/example_dags/example_skip_dag.py for tasks to queue
[2024-11-14T08:15:23.372+0000] {logging_mixin.py:190} INFO - [2024-11-14T08:15:23.371+0000] {dagbag.py:588} INFO - Filling up the DagBag from /home/airflow/.local/lib/python3.12/site-packages/airflow/example_dags/example_skip_dag.py
[2024-11-14T08:15:23.392+0000] {processor.py:925} INFO - DAG(s) 'example_skip_dag' retrieved from /home/airflow/.local/lib/python3.12/site-packages/airflow/example_dags/example_skip_dag.py
[2024-11-14T08:15:23.582+0000] {logging_mixin.py:190} INFO - [2024-11-14T08:15:23.581+0000] {override.py:1900} INFO - Created Permission View: can edit on DAG:example_skip_dag
[2024-11-14T08:15:23.595+0000] {logging_mixin.py:190} INFO - [2024-11-14T08:15:23.595+0000] {override.py:1900} INFO - Created Permission View: can delete on DAG:example_skip_dag
[2024-11-14T08:15:23.604+0000] {logging_mixin.py:190} INFO - [2024-11-14T08:15:23.603+0000] {override.py:1900} INFO - Created Permission View: can read on DAG:example_skip_dag
[2024-11-14T08:15:23.613+0000] {logging_mixin.py:190} INFO - [2024-11-14T08:15:23.613+0000] {override.py:1900} INFO - Created Permission View: can delete on DAG Run:example_skip_dag
[2024-11-14T08:15:23.623+0000] {logging_mixin.py:190} INFO - [2024-11-14T08:15:23.622+0000] {override.py:1900} INFO - Created Permission View: can read on DAG Run:example_skip_dag
[2024-11-14T08:15:23.631+0000] {logging_mixin.py:190} INFO - [2024-11-14T08:15:23.631+0000] {override.py:1900} INFO - Created Permission View: can create on DAG Run:example_skip_dag
[2024-11-14T08:15:23.643+0000] {logging_mixin.py:190} INFO - [2024-11-14T08:15:23.643+0000] {override.py:1900} INFO - Created Permission View: menu access on DAG Run:example_skip_dag
[2024-11-14T08:15:23.644+0000] {logging_mixin.py:190} INFO - [2024-11-14T08:15:23.644+0000] {dag.py:3239} INFO - Sync 1 DAGs
[2024-11-14T08:15:23.660+0000] {logging_mixin.py:190} INFO - [2024-11-14T08:15:23.659+0000] {dag.py:3262} INFO - Creating ORM DAG for example_skip_dag
[2024-11-14T08:15:23.671+0000] {logging_mixin.py:190} INFO - [2024-11-14T08:15:23.671+0000] {dag.py:4180} INFO - Setting next_dagrun for example_skip_dag to 2024-11-13 00:00:00+00:00, run_after=2024-11-14 00:00:00+00:00
[2024-11-14T08:15:23.691+0000] {processor.py:208} INFO - Processing /home/airflow/.local/lib/python3.12/site-packages/airflow/example_dags/example_skip_dag.py took 0.339 seconds
[2024-11-14T08:16:13.409+0000] {processor.py:186} INFO - Started process (PID=83) to work on /home/airflow/.local/lib/python3.12/site-packages/airflow/example_dags/example_skip_dag.py
[2024-11-14T08:16:13.411+0000] {processor.py:914} INFO - Processing file /home/airflow/.local/lib/python3.12/site-packages/airflow/example_dags/example_skip_dag.py for tasks to queue
[2024-11-14T08:16:13.414+0000] {logging_mixin.py:190} INFO - [2024-11-14T08:16:13.414+0000] {dagbag.py:588} INFO - Filling up the DagBag from /home/airflow/.local/lib/python3.12/site-packages/airflow/example_dags/example_skip_dag.py
[2024-11-14T08:16:13.427+0000] {processor.py:925} INFO - DAG(s) 'example_skip_dag' retrieved from /home/airflow/.local/lib/python3.12/site-packages/airflow/example_dags/example_skip_dag.py
[2024-11-14T08:16:13.464+0000] {logging_mixin.py:190} INFO - [2024-11-14T08:16:13.464+0000] {dag.py:3239} INFO - Sync 1 DAGs
[2024-11-14T08:16:13.500+0000] {logging_mixin.py:190} INFO - [2024-11-14T08:16:13.499+0000] {dag.py:4180} INFO - Setting next_dagrun for example_skip_dag to 2024-11-13 00:00:00+00:00, run_after=2024-11-14 00:00:00+00:00
[2024-11-14T08:16:13.530+0000] {processor.py:208} INFO - Processing /home/airflow/.local/lib/python3.12/site-packages/airflow/example_dags/example_skip_dag.py took 0.130 seconds
[2024-11-14T08:16:49.194+0000] {processor.py:186} INFO - Started process (PID=146) to work on /home/airflow/.local/lib/python3.12/site-packages/airflow/example_dags/example_skip_dag.py
[2024-11-14T08:16:49.195+0000] {processor.py:914} INFO - Processing file /home/airflow/.local/lib/python3.12/site-packages/airflow/example_dags/example_skip_dag.py for tasks to queue
[2024-11-14T08:16:49.197+0000] {logging_mixin.py:190} INFO - [2024-11-14T08:16:49.197+0000] {dagbag.py:588} INFO - Filling up the DagBag from /home/airflow/.local/lib/python3.12/site-packages/airflow/example_dags/example_skip_dag.py
[2024-11-14T08:16:49.205+0000] {processor.py:925} INFO - DAG(s) 'example_skip_dag' retrieved from /home/airflow/.local/lib/python3.12/site-packages/airflow/example_dags/example_skip_dag.py
[2024-11-14T08:16:49.230+0000] {logging_mixin.py:190} INFO - [2024-11-14T08:16:49.230+0000] {dag.py:3239} INFO - Sync 1 DAGs
[2024-11-14T08:16:49.256+0000] {logging_mixin.py:190} INFO - [2024-11-14T08:16:49.256+0000] {dag.py:4180} INFO - Setting next_dagrun for example_skip_dag to 2024-11-13 00:00:00+00:00, run_after=2024-11-14 00:00:00+00:00
[2024-11-14T08:16:49.280+0000] {processor.py:208} INFO - Processing /home/airflow/.local/lib/python3.12/site-packages/airflow/example_dags/example_skip_dag.py took 0.092 seconds
[2024-11-14T08:17:20.255+0000] {processor.py:186} INFO - Started process (PID=208) to work on /home/airflow/.local/lib/python3.12/site-packages/airflow/example_dags/example_skip_dag.py
[2024-11-14T08:17:20.257+0000] {processor.py:914} INFO - Processing file /home/airflow/.local/lib/python3.12/site-packages/airflow/example_dags/example_skip_dag.py for tasks to queue
[2024-11-14T08:17:20.260+0000] {logging_mixin.py:190} INFO - [2024-11-14T08:17:20.260+0000] {dagbag.py:588} INFO - Filling up the DagBag from /home/airflow/.local/lib/python3.12/site-packages/airflow/example_dags/example_skip_dag.py
[2024-11-14T08:17:20.268+0000] {processor.py:925} INFO - DAG(s) 'example_skip_dag' retrieved from /home/airflow/.local/lib/python3.12/site-packages/airflow/example_dags/example_skip_dag.py
[2024-11-14T08:17:20.293+0000] {logging_mixin.py:190} INFO - [2024-11-14T08:17:20.293+0000] {dag.py:3239} INFO - Sync 1 DAGs
[2024-11-14T08:17:20.317+0000] {logging_mixin.py:190} INFO - [2024-11-14T08:17:20.317+0000] {dag.py:4180} INFO - Setting next_dagrun for example_skip_dag to 2024-11-13 00:00:00+00:00, run_after=2024-11-14 00:00:00+00:00
[2024-11-14T08:17:20.339+0000] {processor.py:208} INFO - Processing /home/airflow/.local/lib/python3.12/site-packages/airflow/example_dags/example_skip_dag.py took 0.088 seconds
[2024-11-14T08:17:56.074+0000] {processor.py:186} INFO - Started process (PID=270) to work on /home/airflow/.local/lib/python3.12/site-packages/airflow/example_dags/example_skip_dag.py
[2024-11-14T08:17:56.076+0000] {processor.py:914} INFO - Processing file /home/airflow/.local/lib/python3.12/site-packages/airflow/example_dags/example_skip_dag.py for tasks to queue
[2024-11-14T08:17:56.079+0000] {logging_mixin.py:190} INFO - [2024-11-14T08:17:56.079+0000] {dagbag.py:588} INFO - Filling up the DagBag from /home/airflow/.local/lib/python3.12/site-packages/airflow/example_dags/example_skip_dag.py
[2024-11-14T08:17:56.087+0000] {processor.py:925} INFO - DAG(s) 'example_skip_dag' retrieved from /home/airflow/.local/lib/python3.12/site-packages/airflow/example_dags/example_skip_dag.py
[2024-11-14T08:17:56.111+0000] {logging_mixin.py:190} INFO - [2024-11-14T08:17:56.111+0000] {dag.py:3239} INFO - Sync 1 DAGs
[2024-11-14T08:17:56.135+0000] {logging_mixin.py:190} INFO - [2024-11-14T08:17:56.135+0000] {dag.py:4180} INFO - Setting next_dagrun for example_skip_dag to 2024-11-13 00:00:00+00:00, run_after=2024-11-14 00:00:00+00:00
[2024-11-14T08:17:56.159+0000] {processor.py:208} INFO - Processing /home/airflow/.local/lib/python3.12/site-packages/airflow/example_dags/example_skip_dag.py took 0.091 seconds
[2024-11-14T08:18:26.769+0000] {processor.py:186} INFO - Started process (PID=332) to work on /home/airflow/.local/lib/python3.12/site-packages/airflow/example_dags/example_skip_dag.py
[2024-11-14T08:18:26.770+0000] {processor.py:914} INFO - Processing file /home/airflow/.local/lib/python3.12/site-packages/airflow/example_dags/example_skip_dag.py for tasks to queue
[2024-11-14T08:18:26.773+0000] {logging_mixin.py:190} INFO - [2024-11-14T08:18:26.773+0000] {dagbag.py:588} INFO - Filling up the DagBag from /home/airflow/.local/lib/python3.12/site-packages/airflow/example_dags/example_skip_dag.py
[2024-11-14T08:18:26.782+0000] {processor.py:925} INFO - DAG(s) 'example_skip_dag' retrieved from /home/airflow/.local/lib/python3.12/site-packages/airflow/example_dags/example_skip_dag.py
[2024-11-14T08:18:26.808+0000] {logging_mixin.py:190} INFO - [2024-11-14T08:18:26.807+0000] {dag.py:3239} INFO - Sync 1 DAGs
[2024-11-14T08:18:26.836+0000] {logging_mixin.py:190} INFO - [2024-11-14T08:18:26.836+0000] {dag.py:4180} INFO - Setting next_dagrun for example_skip_dag to 2024-11-13 00:00:00+00:00, run_after=2024-11-14 00:00:00+00:00
[2024-11-14T08:18:26.866+0000] {processor.py:208} INFO - Processing /home/airflow/.local/lib/python3.12/site-packages/airflow/example_dags/example_skip_dag.py took 0.104 seconds
