[2024-11-14T07:29:56.022+0000] {processor.py:186} INFO - Started process (PID=974) to work on /home/airflow/.local/lib/python3.12/site-packages/airflow/example_dags/example_workday_timetable.py
[2024-11-14T07:29:56.024+0000] {processor.py:914} INFO - Processing file /home/airflow/.local/lib/python3.12/site-packages/airflow/example_dags/example_workday_timetable.py for tasks to queue
[2024-11-14T07:29:56.026+0000] {logging_mixin.py:190} INFO - [2024-11-14T07:29:56.026+0000] {dagbag.py:588} INFO - Filling up the DagBag from /home/airflow/.local/lib/python3.12/site-packages/airflow/example_dags/example_workday_timetable.py
[2024-11-14T07:29:56.033+0000] {processor.py:925} INFO - DAG(s) 'example_workday_timetable' retrieved from /home/airflow/.local/lib/python3.12/site-packages/airflow/example_dags/example_workday_timetable.py
[2024-11-14T07:29:56.058+0000] {logging_mixin.py:190} INFO - [2024-11-14T07:29:56.058+0000] {dag.py:3239} INFO - Sync 1 DAGs
[2024-11-14T07:29:56.135+0000] {logging_mixin.py:190} INFO - [2024-11-14T07:29:56.135+0000] {dag.py:4180} INFO - Setting next_dagrun for example_workday_timetable to 2021-01-04 00:00:00+00:00, run_after=2021-01-05 00:00:00+00:00
[2024-11-14T07:29:56.159+0000] {processor.py:208} INFO - Processing /home/airflow/.local/lib/python3.12/site-packages/airflow/example_dags/example_workday_timetable.py took 0.143 seconds
[2024-11-14T07:30:26.961+0000] {processor.py:186} INFO - Started process (PID=1036) to work on /home/airflow/.local/lib/python3.12/site-packages/airflow/example_dags/example_workday_timetable.py
[2024-11-14T07:30:26.963+0000] {processor.py:914} INFO - Processing file /home/airflow/.local/lib/python3.12/site-packages/airflow/example_dags/example_workday_timetable.py for tasks to queue
[2024-11-14T07:30:26.967+0000] {logging_mixin.py:190} INFO - [2024-11-14T07:30:26.967+0000] {dagbag.py:588} INFO - Filling up the DagBag from /home/airflow/.local/lib/python3.12/site-packages/airflow/example_dags/example_workday_timetable.py
[2024-11-14T07:30:26.976+0000] {processor.py:925} INFO - DAG(s) 'example_workday_timetable' retrieved from /home/airflow/.local/lib/python3.12/site-packages/airflow/example_dags/example_workday_timetable.py
[2024-11-14T07:30:27.009+0000] {logging_mixin.py:190} INFO - [2024-11-14T07:30:27.009+0000] {dag.py:3239} INFO - Sync 1 DAGs
[2024-11-14T07:30:27.151+0000] {logging_mixin.py:190} INFO - [2024-11-14T07:30:27.150+0000] {dag.py:4180} INFO - Setting next_dagrun for example_workday_timetable to 2021-01-04 00:00:00+00:00, run_after=2021-01-05 00:00:00+00:00
[2024-11-14T07:30:27.204+0000] {processor.py:208} INFO - Processing /home/airflow/.local/lib/python3.12/site-packages/airflow/example_dags/example_workday_timetable.py took 0.252 seconds
[2024-11-14T07:30:57.953+0000] {processor.py:186} INFO - Started process (PID=1098) to work on /home/airflow/.local/lib/python3.12/site-packages/airflow/example_dags/example_workday_timetable.py
[2024-11-14T07:30:57.955+0000] {processor.py:914} INFO - Processing file /home/airflow/.local/lib/python3.12/site-packages/airflow/example_dags/example_workday_timetable.py for tasks to queue
[2024-11-14T07:30:57.958+0000] {logging_mixin.py:190} INFO - [2024-11-14T07:30:57.958+0000] {dagbag.py:588} INFO - Filling up the DagBag from /home/airflow/.local/lib/python3.12/site-packages/airflow/example_dags/example_workday_timetable.py
[2024-11-14T07:30:57.964+0000] {processor.py:925} INFO - DAG(s) 'example_workday_timetable' retrieved from /home/airflow/.local/lib/python3.12/site-packages/airflow/example_dags/example_workday_timetable.py
[2024-11-14T07:30:57.987+0000] {logging_mixin.py:190} INFO - [2024-11-14T07:30:57.987+0000] {dag.py:3239} INFO - Sync 1 DAGs
[2024-11-14T07:30:58.058+0000] {logging_mixin.py:190} INFO - [2024-11-14T07:30:58.058+0000] {dag.py:4180} INFO - Setting next_dagrun for example_workday_timetable to 2021-01-04 00:00:00+00:00, run_after=2021-01-05 00:00:00+00:00
[2024-11-14T07:30:58.084+0000] {processor.py:208} INFO - Processing /home/airflow/.local/lib/python3.12/site-packages/airflow/example_dags/example_workday_timetable.py took 0.138 seconds
[2024-11-14T07:42:06.433+0000] {processor.py:186} INFO - Started process (PID=113) to work on /home/airflow/.local/lib/python3.12/site-packages/airflow/example_dags/example_workday_timetable.py
[2024-11-14T07:42:06.435+0000] {processor.py:914} INFO - Processing file /home/airflow/.local/lib/python3.12/site-packages/airflow/example_dags/example_workday_timetable.py for tasks to queue
[2024-11-14T07:42:06.438+0000] {logging_mixin.py:190} INFO - [2024-11-14T07:42:06.438+0000] {dagbag.py:588} INFO - Filling up the DagBag from /home/airflow/.local/lib/python3.12/site-packages/airflow/example_dags/example_workday_timetable.py
[2024-11-14T07:42:06.446+0000] {processor.py:925} INFO - DAG(s) 'example_workday_timetable' retrieved from /home/airflow/.local/lib/python3.12/site-packages/airflow/example_dags/example_workday_timetable.py
[2024-11-14T07:42:06.473+0000] {logging_mixin.py:190} INFO - [2024-11-14T07:42:06.472+0000] {dag.py:3239} INFO - Sync 1 DAGs
[2024-11-14T07:42:06.553+0000] {logging_mixin.py:190} INFO - [2024-11-14T07:42:06.553+0000] {dag.py:4180} INFO - Setting next_dagrun for example_workday_timetable to 2021-01-04 00:00:00+00:00, run_after=2021-01-05 00:00:00+00:00
[2024-11-14T07:42:06.591+0000] {processor.py:208} INFO - Processing /home/airflow/.local/lib/python3.12/site-packages/airflow/example_dags/example_workday_timetable.py took 0.166 seconds
[2024-11-14T07:42:37.495+0000] {processor.py:186} INFO - Started process (PID=175) to work on /home/airflow/.local/lib/python3.12/site-packages/airflow/example_dags/example_workday_timetable.py
[2024-11-14T07:42:37.496+0000] {processor.py:914} INFO - Processing file /home/airflow/.local/lib/python3.12/site-packages/airflow/example_dags/example_workday_timetable.py for tasks to queue
[2024-11-14T07:42:37.499+0000] {logging_mixin.py:190} INFO - [2024-11-14T07:42:37.498+0000] {dagbag.py:588} INFO - Filling up the DagBag from /home/airflow/.local/lib/python3.12/site-packages/airflow/example_dags/example_workday_timetable.py
[2024-11-14T07:42:37.505+0000] {processor.py:925} INFO - DAG(s) 'example_workday_timetable' retrieved from /home/airflow/.local/lib/python3.12/site-packages/airflow/example_dags/example_workday_timetable.py
[2024-11-14T07:42:37.528+0000] {logging_mixin.py:190} INFO - [2024-11-14T07:42:37.528+0000] {dag.py:3239} INFO - Sync 1 DAGs
[2024-11-14T07:42:37.591+0000] {logging_mixin.py:190} INFO - [2024-11-14T07:42:37.591+0000] {dag.py:4180} INFO - Setting next_dagrun for example_workday_timetable to 2021-01-04 00:00:00+00:00, run_after=2021-01-05 00:00:00+00:00
[2024-11-14T07:42:37.615+0000] {processor.py:208} INFO - Processing /home/airflow/.local/lib/python3.12/site-packages/airflow/example_dags/example_workday_timetable.py took 0.125 seconds
[2024-11-14T07:49:37.171+0000] {processor.py:186} INFO - Started process (PID=146) to work on /home/airflow/.local/lib/python3.12/site-packages/airflow/example_dags/example_workday_timetable.py
[2024-11-14T07:49:37.173+0000] {processor.py:914} INFO - Processing file /home/airflow/.local/lib/python3.12/site-packages/airflow/example_dags/example_workday_timetable.py for tasks to queue
[2024-11-14T07:49:37.177+0000] {logging_mixin.py:190} INFO - [2024-11-14T07:49:37.176+0000] {dagbag.py:588} INFO - Filling up the DagBag from /home/airflow/.local/lib/python3.12/site-packages/airflow/example_dags/example_workday_timetable.py
[2024-11-14T07:49:37.184+0000] {processor.py:925} INFO - DAG(s) 'example_workday_timetable' retrieved from /home/airflow/.local/lib/python3.12/site-packages/airflow/example_dags/example_workday_timetable.py
[2024-11-14T07:49:37.210+0000] {logging_mixin.py:190} INFO - [2024-11-14T07:49:37.210+0000] {dag.py:3239} INFO - Sync 1 DAGs
[2024-11-14T07:49:37.279+0000] {logging_mixin.py:190} INFO - [2024-11-14T07:49:37.279+0000] {dag.py:4180} INFO - Setting next_dagrun for example_workday_timetable to 2021-01-04 00:00:00+00:00, run_after=2021-01-05 00:00:00+00:00
[2024-11-14T07:49:37.304+0000] {processor.py:208} INFO - Processing /home/airflow/.local/lib/python3.12/site-packages/airflow/example_dags/example_workday_timetable.py took 0.141 seconds
[2024-11-14T07:50:07.924+0000] {processor.py:186} INFO - Started process (PID=208) to work on /home/airflow/.local/lib/python3.12/site-packages/airflow/example_dags/example_workday_timetable.py
[2024-11-14T07:50:07.926+0000] {processor.py:914} INFO - Processing file /home/airflow/.local/lib/python3.12/site-packages/airflow/example_dags/example_workday_timetable.py for tasks to queue
[2024-11-14T07:50:07.929+0000] {logging_mixin.py:190} INFO - [2024-11-14T07:50:07.929+0000] {dagbag.py:588} INFO - Filling up the DagBag from /home/airflow/.local/lib/python3.12/site-packages/airflow/example_dags/example_workday_timetable.py
[2024-11-14T07:50:07.939+0000] {processor.py:925} INFO - DAG(s) 'example_workday_timetable' retrieved from /home/airflow/.local/lib/python3.12/site-packages/airflow/example_dags/example_workday_timetable.py
[2024-11-14T07:50:07.961+0000] {logging_mixin.py:190} INFO - [2024-11-14T07:50:07.960+0000] {dag.py:3239} INFO - Sync 1 DAGs
[2024-11-14T07:50:08.030+0000] {logging_mixin.py:190} INFO - [2024-11-14T07:50:08.030+0000] {dag.py:4180} INFO - Setting next_dagrun for example_workday_timetable to 2021-01-04 00:00:00+00:00, run_after=2021-01-05 00:00:00+00:00
[2024-11-14T07:50:08.052+0000] {processor.py:208} INFO - Processing /home/airflow/.local/lib/python3.12/site-packages/airflow/example_dags/example_workday_timetable.py took 0.136 seconds
[2024-11-14T07:50:38.710+0000] {processor.py:186} INFO - Started process (PID=270) to work on /home/airflow/.local/lib/python3.12/site-packages/airflow/example_dags/example_workday_timetable.py
[2024-11-14T07:50:38.712+0000] {processor.py:914} INFO - Processing file /home/airflow/.local/lib/python3.12/site-packages/airflow/example_dags/example_workday_timetable.py for tasks to queue
[2024-11-14T07:50:38.716+0000] {logging_mixin.py:190} INFO - [2024-11-14T07:50:38.715+0000] {dagbag.py:588} INFO - Filling up the DagBag from /home/airflow/.local/lib/python3.12/site-packages/airflow/example_dags/example_workday_timetable.py
[2024-11-14T07:50:38.724+0000] {processor.py:925} INFO - DAG(s) 'example_workday_timetable' retrieved from /home/airflow/.local/lib/python3.12/site-packages/airflow/example_dags/example_workday_timetable.py
[2024-11-14T07:50:38.747+0000] {logging_mixin.py:190} INFO - [2024-11-14T07:50:38.747+0000] {dag.py:3239} INFO - Sync 1 DAGs
[2024-11-14T07:50:38.813+0000] {logging_mixin.py:190} INFO - [2024-11-14T07:50:38.813+0000] {dag.py:4180} INFO - Setting next_dagrun for example_workday_timetable to 2021-01-04 00:00:00+00:00, run_after=2021-01-05 00:00:00+00:00
[2024-11-14T07:50:38.836+0000] {processor.py:208} INFO - Processing /home/airflow/.local/lib/python3.12/site-packages/airflow/example_dags/example_workday_timetable.py took 0.133 seconds
[2024-11-14T07:51:09.696+0000] {processor.py:186} INFO - Started process (PID=332) to work on /home/airflow/.local/lib/python3.12/site-packages/airflow/example_dags/example_workday_timetable.py
[2024-11-14T07:51:09.697+0000] {processor.py:914} INFO - Processing file /home/airflow/.local/lib/python3.12/site-packages/airflow/example_dags/example_workday_timetable.py for tasks to queue
[2024-11-14T07:51:09.700+0000] {logging_mixin.py:190} INFO - [2024-11-14T07:51:09.699+0000] {dagbag.py:588} INFO - Filling up the DagBag from /home/airflow/.local/lib/python3.12/site-packages/airflow/example_dags/example_workday_timetable.py
[2024-11-14T07:51:09.705+0000] {processor.py:925} INFO - DAG(s) 'example_workday_timetable' retrieved from /home/airflow/.local/lib/python3.12/site-packages/airflow/example_dags/example_workday_timetable.py
[2024-11-14T07:51:09.725+0000] {logging_mixin.py:190} INFO - [2024-11-14T07:51:09.725+0000] {dag.py:3239} INFO - Sync 1 DAGs
[2024-11-14T07:51:09.790+0000] {logging_mixin.py:190} INFO - [2024-11-14T07:51:09.790+0000] {dag.py:4180} INFO - Setting next_dagrun for example_workday_timetable to 2021-01-04 00:00:00+00:00, run_after=2021-01-05 00:00:00+00:00
[2024-11-14T07:51:09.813+0000] {processor.py:208} INFO - Processing /home/airflow/.local/lib/python3.12/site-packages/airflow/example_dags/example_workday_timetable.py took 0.124 seconds
[2024-11-14T07:51:40.677+0000] {processor.py:186} INFO - Started process (PID=394) to work on /home/airflow/.local/lib/python3.12/site-packages/airflow/example_dags/example_workday_timetable.py
[2024-11-14T07:51:40.678+0000] {processor.py:914} INFO - Processing file /home/airflow/.local/lib/python3.12/site-packages/airflow/example_dags/example_workday_timetable.py for tasks to queue
[2024-11-14T07:51:40.680+0000] {logging_mixin.py:190} INFO - [2024-11-14T07:51:40.680+0000] {dagbag.py:588} INFO - Filling up the DagBag from /home/airflow/.local/lib/python3.12/site-packages/airflow/example_dags/example_workday_timetable.py
[2024-11-14T07:51:40.686+0000] {processor.py:925} INFO - DAG(s) 'example_workday_timetable' retrieved from /home/airflow/.local/lib/python3.12/site-packages/airflow/example_dags/example_workday_timetable.py
[2024-11-14T07:51:40.705+0000] {logging_mixin.py:190} INFO - [2024-11-14T07:51:40.705+0000] {dag.py:3239} INFO - Sync 1 DAGs
[2024-11-14T07:51:40.761+0000] {logging_mixin.py:190} INFO - [2024-11-14T07:51:40.760+0000] {dag.py:4180} INFO - Setting next_dagrun for example_workday_timetable to 2021-01-04 00:00:00+00:00, run_after=2021-01-05 00:00:00+00:00
[2024-11-14T07:51:40.786+0000] {processor.py:208} INFO - Processing /home/airflow/.local/lib/python3.12/site-packages/airflow/example_dags/example_workday_timetable.py took 0.115 seconds
[2024-11-14T07:52:11.078+0000] {processor.py:186} INFO - Started process (PID=456) to work on /home/airflow/.local/lib/python3.12/site-packages/airflow/example_dags/example_workday_timetable.py
[2024-11-14T07:52:11.079+0000] {processor.py:914} INFO - Processing file /home/airflow/.local/lib/python3.12/site-packages/airflow/example_dags/example_workday_timetable.py for tasks to queue
[2024-11-14T07:52:11.081+0000] {logging_mixin.py:190} INFO - [2024-11-14T07:52:11.081+0000] {dagbag.py:588} INFO - Filling up the DagBag from /home/airflow/.local/lib/python3.12/site-packages/airflow/example_dags/example_workday_timetable.py
[2024-11-14T07:52:11.087+0000] {processor.py:925} INFO - DAG(s) 'example_workday_timetable' retrieved from /home/airflow/.local/lib/python3.12/site-packages/airflow/example_dags/example_workday_timetable.py
[2024-11-14T07:52:11.109+0000] {logging_mixin.py:190} INFO - [2024-11-14T07:52:11.108+0000] {dag.py:3239} INFO - Sync 1 DAGs
[2024-11-14T07:52:11.176+0000] {logging_mixin.py:190} INFO - [2024-11-14T07:52:11.176+0000] {dag.py:4180} INFO - Setting next_dagrun for example_workday_timetable to 2021-01-04 00:00:00+00:00, run_after=2021-01-05 00:00:00+00:00
[2024-11-14T07:52:11.198+0000] {processor.py:208} INFO - Processing /home/airflow/.local/lib/python3.12/site-packages/airflow/example_dags/example_workday_timetable.py took 0.127 seconds
[2024-11-14T07:52:42.114+0000] {processor.py:186} INFO - Started process (PID=518) to work on /home/airflow/.local/lib/python3.12/site-packages/airflow/example_dags/example_workday_timetable.py
[2024-11-14T07:52:42.116+0000] {processor.py:914} INFO - Processing file /home/airflow/.local/lib/python3.12/site-packages/airflow/example_dags/example_workday_timetable.py for tasks to queue
[2024-11-14T07:52:42.119+0000] {logging_mixin.py:190} INFO - [2024-11-14T07:52:42.118+0000] {dagbag.py:588} INFO - Filling up the DagBag from /home/airflow/.local/lib/python3.12/site-packages/airflow/example_dags/example_workday_timetable.py
[2024-11-14T07:52:42.131+0000] {processor.py:925} INFO - DAG(s) 'example_workday_timetable' retrieved from /home/airflow/.local/lib/python3.12/site-packages/airflow/example_dags/example_workday_timetable.py
[2024-11-14T07:52:42.170+0000] {logging_mixin.py:190} INFO - [2024-11-14T07:52:42.170+0000] {dag.py:3239} INFO - Sync 1 DAGs
[2024-11-14T07:52:42.258+0000] {logging_mixin.py:190} INFO - [2024-11-14T07:52:42.257+0000] {dag.py:4180} INFO - Setting next_dagrun for example_workday_timetable to 2021-01-04 00:00:00+00:00, run_after=2021-01-05 00:00:00+00:00
[2024-11-14T07:52:42.279+0000] {processor.py:208} INFO - Processing /home/airflow/.local/lib/python3.12/site-packages/airflow/example_dags/example_workday_timetable.py took 0.172 seconds
[2024-11-14T07:53:12.660+0000] {processor.py:186} INFO - Started process (PID=580) to work on /home/airflow/.local/lib/python3.12/site-packages/airflow/example_dags/example_workday_timetable.py
[2024-11-14T07:53:12.662+0000] {processor.py:914} INFO - Processing file /home/airflow/.local/lib/python3.12/site-packages/airflow/example_dags/example_workday_timetable.py for tasks to queue
[2024-11-14T07:53:12.668+0000] {logging_mixin.py:190} INFO - [2024-11-14T07:53:12.668+0000] {dagbag.py:588} INFO - Filling up the DagBag from /home/airflow/.local/lib/python3.12/site-packages/airflow/example_dags/example_workday_timetable.py
[2024-11-14T07:53:12.677+0000] {processor.py:925} INFO - DAG(s) 'example_workday_timetable' retrieved from /home/airflow/.local/lib/python3.12/site-packages/airflow/example_dags/example_workday_timetable.py
[2024-11-14T07:53:12.709+0000] {logging_mixin.py:190} INFO - [2024-11-14T07:53:12.709+0000] {dag.py:3239} INFO - Sync 1 DAGs
[2024-11-14T07:53:12.781+0000] {logging_mixin.py:190} INFO - [2024-11-14T07:53:12.781+0000] {dag.py:4180} INFO - Setting next_dagrun for example_workday_timetable to 2021-01-04 00:00:00+00:00, run_after=2021-01-05 00:00:00+00:00
[2024-11-14T07:53:12.801+0000] {processor.py:208} INFO - Processing /home/airflow/.local/lib/python3.12/site-packages/airflow/example_dags/example_workday_timetable.py took 0.153 seconds
[2024-11-14T07:53:43.538+0000] {processor.py:186} INFO - Started process (PID=648) to work on /home/airflow/.local/lib/python3.12/site-packages/airflow/example_dags/example_workday_timetable.py
[2024-11-14T07:53:43.540+0000] {processor.py:914} INFO - Processing file /home/airflow/.local/lib/python3.12/site-packages/airflow/example_dags/example_workday_timetable.py for tasks to queue
[2024-11-14T07:53:43.544+0000] {logging_mixin.py:190} INFO - [2024-11-14T07:53:43.544+0000] {dagbag.py:588} INFO - Filling up the DagBag from /home/airflow/.local/lib/python3.12/site-packages/airflow/example_dags/example_workday_timetable.py
[2024-11-14T07:53:43.551+0000] {processor.py:925} INFO - DAG(s) 'example_workday_timetable' retrieved from /home/airflow/.local/lib/python3.12/site-packages/airflow/example_dags/example_workday_timetable.py
[2024-11-14T07:53:43.577+0000] {logging_mixin.py:190} INFO - [2024-11-14T07:53:43.577+0000] {dag.py:3239} INFO - Sync 1 DAGs
[2024-11-14T07:53:43.654+0000] {logging_mixin.py:190} INFO - [2024-11-14T07:53:43.653+0000] {dag.py:4180} INFO - Setting next_dagrun for example_workday_timetable to 2021-01-04 00:00:00+00:00, run_after=2021-01-05 00:00:00+00:00
[2024-11-14T07:53:43.678+0000] {processor.py:208} INFO - Processing /home/airflow/.local/lib/python3.12/site-packages/airflow/example_dags/example_workday_timetable.py took 0.150 seconds
[2024-11-14T07:54:14.346+0000] {processor.py:186} INFO - Started process (PID=710) to work on /home/airflow/.local/lib/python3.12/site-packages/airflow/example_dags/example_workday_timetable.py
[2024-11-14T07:54:14.348+0000] {processor.py:914} INFO - Processing file /home/airflow/.local/lib/python3.12/site-packages/airflow/example_dags/example_workday_timetable.py for tasks to queue
[2024-11-14T07:54:14.351+0000] {logging_mixin.py:190} INFO - [2024-11-14T07:54:14.350+0000] {dagbag.py:588} INFO - Filling up the DagBag from /home/airflow/.local/lib/python3.12/site-packages/airflow/example_dags/example_workday_timetable.py
[2024-11-14T07:54:14.359+0000] {processor.py:925} INFO - DAG(s) 'example_workday_timetable' retrieved from /home/airflow/.local/lib/python3.12/site-packages/airflow/example_dags/example_workday_timetable.py
[2024-11-14T07:54:14.398+0000] {logging_mixin.py:190} INFO - [2024-11-14T07:54:14.398+0000] {dag.py:3239} INFO - Sync 1 DAGs
[2024-11-14T07:54:14.462+0000] {logging_mixin.py:190} INFO - [2024-11-14T07:54:14.462+0000] {dag.py:4180} INFO - Setting next_dagrun for example_workday_timetable to 2021-01-04 00:00:00+00:00, run_after=2021-01-05 00:00:00+00:00
[2024-11-14T07:54:14.486+0000] {processor.py:208} INFO - Processing /home/airflow/.local/lib/python3.12/site-packages/airflow/example_dags/example_workday_timetable.py took 0.148 seconds
[2024-11-14T07:54:44.793+0000] {processor.py:186} INFO - Started process (PID=772) to work on /home/airflow/.local/lib/python3.12/site-packages/airflow/example_dags/example_workday_timetable.py
[2024-11-14T07:54:44.794+0000] {processor.py:914} INFO - Processing file /home/airflow/.local/lib/python3.12/site-packages/airflow/example_dags/example_workday_timetable.py for tasks to queue
[2024-11-14T07:54:44.797+0000] {logging_mixin.py:190} INFO - [2024-11-14T07:54:44.797+0000] {dagbag.py:588} INFO - Filling up the DagBag from /home/airflow/.local/lib/python3.12/site-packages/airflow/example_dags/example_workday_timetable.py
[2024-11-14T07:54:44.803+0000] {processor.py:925} INFO - DAG(s) 'example_workday_timetable' retrieved from /home/airflow/.local/lib/python3.12/site-packages/airflow/example_dags/example_workday_timetable.py
[2024-11-14T07:54:44.828+0000] {logging_mixin.py:190} INFO - [2024-11-14T07:54:44.828+0000] {dag.py:3239} INFO - Sync 1 DAGs
[2024-11-14T07:54:44.893+0000] {logging_mixin.py:190} INFO - [2024-11-14T07:54:44.893+0000] {dag.py:4180} INFO - Setting next_dagrun for example_workday_timetable to 2021-01-04 00:00:00+00:00, run_after=2021-01-05 00:00:00+00:00
[2024-11-14T07:54:44.918+0000] {processor.py:208} INFO - Processing /home/airflow/.local/lib/python3.12/site-packages/airflow/example_dags/example_workday_timetable.py took 0.132 seconds
[2024-11-14T07:55:15.485+0000] {processor.py:186} INFO - Started process (PID=834) to work on /home/airflow/.local/lib/python3.12/site-packages/airflow/example_dags/example_workday_timetable.py
[2024-11-14T07:55:15.487+0000] {processor.py:914} INFO - Processing file /home/airflow/.local/lib/python3.12/site-packages/airflow/example_dags/example_workday_timetable.py for tasks to queue
[2024-11-14T07:55:15.489+0000] {logging_mixin.py:190} INFO - [2024-11-14T07:55:15.489+0000] {dagbag.py:588} INFO - Filling up the DagBag from /home/airflow/.local/lib/python3.12/site-packages/airflow/example_dags/example_workday_timetable.py
[2024-11-14T07:55:15.496+0000] {processor.py:925} INFO - DAG(s) 'example_workday_timetable' retrieved from /home/airflow/.local/lib/python3.12/site-packages/airflow/example_dags/example_workday_timetable.py
[2024-11-14T07:55:15.519+0000] {logging_mixin.py:190} INFO - [2024-11-14T07:55:15.518+0000] {dag.py:3239} INFO - Sync 1 DAGs
[2024-11-14T07:55:15.584+0000] {logging_mixin.py:190} INFO - [2024-11-14T07:55:15.584+0000] {dag.py:4180} INFO - Setting next_dagrun for example_workday_timetable to 2021-01-04 00:00:00+00:00, run_after=2021-01-05 00:00:00+00:00
[2024-11-14T07:55:15.608+0000] {processor.py:208} INFO - Processing /home/airflow/.local/lib/python3.12/site-packages/airflow/example_dags/example_workday_timetable.py took 0.128 seconds
[2024-11-14T07:55:46.154+0000] {processor.py:186} INFO - Started process (PID=896) to work on /home/airflow/.local/lib/python3.12/site-packages/airflow/example_dags/example_workday_timetable.py
[2024-11-14T07:55:46.155+0000] {processor.py:914} INFO - Processing file /home/airflow/.local/lib/python3.12/site-packages/airflow/example_dags/example_workday_timetable.py for tasks to queue
[2024-11-14T07:55:46.158+0000] {logging_mixin.py:190} INFO - [2024-11-14T07:55:46.158+0000] {dagbag.py:588} INFO - Filling up the DagBag from /home/airflow/.local/lib/python3.12/site-packages/airflow/example_dags/example_workday_timetable.py
[2024-11-14T07:55:46.164+0000] {processor.py:925} INFO - DAG(s) 'example_workday_timetable' retrieved from /home/airflow/.local/lib/python3.12/site-packages/airflow/example_dags/example_workday_timetable.py
[2024-11-14T07:55:46.188+0000] {logging_mixin.py:190} INFO - [2024-11-14T07:55:46.187+0000] {dag.py:3239} INFO - Sync 1 DAGs
[2024-11-14T07:55:46.247+0000] {logging_mixin.py:190} INFO - [2024-11-14T07:55:46.247+0000] {dag.py:4180} INFO - Setting next_dagrun for example_workday_timetable to 2021-01-04 00:00:00+00:00, run_after=2021-01-05 00:00:00+00:00
[2024-11-14T07:55:46.269+0000] {processor.py:208} INFO - Processing /home/airflow/.local/lib/python3.12/site-packages/airflow/example_dags/example_workday_timetable.py took 0.122 seconds
[2024-11-14T07:56:16.717+0000] {processor.py:186} INFO - Started process (PID=957) to work on /home/airflow/.local/lib/python3.12/site-packages/airflow/example_dags/example_workday_timetable.py
[2024-11-14T07:56:16.719+0000] {processor.py:914} INFO - Processing file /home/airflow/.local/lib/python3.12/site-packages/airflow/example_dags/example_workday_timetable.py for tasks to queue
[2024-11-14T07:56:16.721+0000] {logging_mixin.py:190} INFO - [2024-11-14T07:56:16.721+0000] {dagbag.py:588} INFO - Filling up the DagBag from /home/airflow/.local/lib/python3.12/site-packages/airflow/example_dags/example_workday_timetable.py
[2024-11-14T07:56:16.727+0000] {processor.py:925} INFO - DAG(s) 'example_workday_timetable' retrieved from /home/airflow/.local/lib/python3.12/site-packages/airflow/example_dags/example_workday_timetable.py
[2024-11-14T07:56:16.749+0000] {logging_mixin.py:190} INFO - [2024-11-14T07:56:16.748+0000] {dag.py:3239} INFO - Sync 1 DAGs
[2024-11-14T07:56:16.809+0000] {logging_mixin.py:190} INFO - [2024-11-14T07:56:16.809+0000] {dag.py:4180} INFO - Setting next_dagrun for example_workday_timetable to 2021-01-04 00:00:00+00:00, run_after=2021-01-05 00:00:00+00:00
[2024-11-14T07:56:16.830+0000] {processor.py:208} INFO - Processing /home/airflow/.local/lib/python3.12/site-packages/airflow/example_dags/example_workday_timetable.py took 0.118 seconds
[2024-11-14T07:56:47.194+0000] {processor.py:186} INFO - Started process (PID=1019) to work on /home/airflow/.local/lib/python3.12/site-packages/airflow/example_dags/example_workday_timetable.py
[2024-11-14T07:56:47.195+0000] {processor.py:914} INFO - Processing file /home/airflow/.local/lib/python3.12/site-packages/airflow/example_dags/example_workday_timetable.py for tasks to queue
[2024-11-14T07:56:47.198+0000] {logging_mixin.py:190} INFO - [2024-11-14T07:56:47.198+0000] {dagbag.py:588} INFO - Filling up the DagBag from /home/airflow/.local/lib/python3.12/site-packages/airflow/example_dags/example_workday_timetable.py
[2024-11-14T07:56:47.206+0000] {processor.py:925} INFO - DAG(s) 'example_workday_timetable' retrieved from /home/airflow/.local/lib/python3.12/site-packages/airflow/example_dags/example_workday_timetable.py
[2024-11-14T07:56:47.229+0000] {logging_mixin.py:190} INFO - [2024-11-14T07:56:47.228+0000] {dag.py:3239} INFO - Sync 1 DAGs
[2024-11-14T07:56:47.295+0000] {logging_mixin.py:190} INFO - [2024-11-14T07:56:47.294+0000] {dag.py:4180} INFO - Setting next_dagrun for example_workday_timetable to 2021-01-04 00:00:00+00:00, run_after=2021-01-05 00:00:00+00:00
[2024-11-14T07:56:47.319+0000] {processor.py:208} INFO - Processing /home/airflow/.local/lib/python3.12/site-packages/airflow/example_dags/example_workday_timetable.py took 0.132 seconds
[2024-11-14T07:57:17.725+0000] {processor.py:186} INFO - Started process (PID=1081) to work on /home/airflow/.local/lib/python3.12/site-packages/airflow/example_dags/example_workday_timetable.py
[2024-11-14T07:57:17.726+0000] {processor.py:914} INFO - Processing file /home/airflow/.local/lib/python3.12/site-packages/airflow/example_dags/example_workday_timetable.py for tasks to queue
[2024-11-14T07:57:17.729+0000] {logging_mixin.py:190} INFO - [2024-11-14T07:57:17.729+0000] {dagbag.py:588} INFO - Filling up the DagBag from /home/airflow/.local/lib/python3.12/site-packages/airflow/example_dags/example_workday_timetable.py
[2024-11-14T07:57:17.736+0000] {processor.py:925} INFO - DAG(s) 'example_workday_timetable' retrieved from /home/airflow/.local/lib/python3.12/site-packages/airflow/example_dags/example_workday_timetable.py
[2024-11-14T07:57:17.761+0000] {logging_mixin.py:190} INFO - [2024-11-14T07:57:17.760+0000] {dag.py:3239} INFO - Sync 1 DAGs
[2024-11-14T07:57:17.836+0000] {logging_mixin.py:190} INFO - [2024-11-14T07:57:17.836+0000] {dag.py:4180} INFO - Setting next_dagrun for example_workday_timetable to 2021-01-04 00:00:00+00:00, run_after=2021-01-05 00:00:00+00:00
[2024-11-14T07:57:17.863+0000] {processor.py:208} INFO - Processing /home/airflow/.local/lib/python3.12/site-packages/airflow/example_dags/example_workday_timetable.py took 0.144 seconds
[2024-11-14T08:08:05.283+0000] {processor.py:186} INFO - Started process (PID=113) to work on /home/airflow/.local/lib/python3.12/site-packages/airflow/example_dags/example_workday_timetable.py
[2024-11-14T08:08:05.285+0000] {processor.py:914} INFO - Processing file /home/airflow/.local/lib/python3.12/site-packages/airflow/example_dags/example_workday_timetable.py for tasks to queue
[2024-11-14T08:08:05.289+0000] {logging_mixin.py:190} INFO - [2024-11-14T08:08:05.289+0000] {dagbag.py:588} INFO - Filling up the DagBag from /home/airflow/.local/lib/python3.12/site-packages/airflow/example_dags/example_workday_timetable.py
[2024-11-14T08:08:05.298+0000] {processor.py:925} INFO - DAG(s) 'example_workday_timetable' retrieved from /home/airflow/.local/lib/python3.12/site-packages/airflow/example_dags/example_workday_timetable.py
[2024-11-14T08:08:05.328+0000] {logging_mixin.py:190} INFO - [2024-11-14T08:08:05.328+0000] {dag.py:3239} INFO - Sync 1 DAGs
[2024-11-14T08:08:05.485+0000] {logging_mixin.py:190} INFO - [2024-11-14T08:08:05.484+0000] {dag.py:4180} INFO - Setting next_dagrun for example_workday_timetable to 2021-01-04 00:00:00+00:00, run_after=2021-01-05 00:00:00+00:00
[2024-11-14T08:08:05.521+0000] {processor.py:208} INFO - Processing /home/airflow/.local/lib/python3.12/site-packages/airflow/example_dags/example_workday_timetable.py took 0.246 seconds
[2024-11-14T08:08:35.668+0000] {processor.py:186} INFO - Started process (PID=175) to work on /home/airflow/.local/lib/python3.12/site-packages/airflow/example_dags/example_workday_timetable.py
[2024-11-14T08:08:35.671+0000] {processor.py:914} INFO - Processing file /home/airflow/.local/lib/python3.12/site-packages/airflow/example_dags/example_workday_timetable.py for tasks to queue
[2024-11-14T08:08:35.675+0000] {logging_mixin.py:190} INFO - [2024-11-14T08:08:35.675+0000] {dagbag.py:588} INFO - Filling up the DagBag from /home/airflow/.local/lib/python3.12/site-packages/airflow/example_dags/example_workday_timetable.py
[2024-11-14T08:08:35.682+0000] {processor.py:925} INFO - DAG(s) 'example_workday_timetable' retrieved from /home/airflow/.local/lib/python3.12/site-packages/airflow/example_dags/example_workday_timetable.py
[2024-11-14T08:08:35.709+0000] {logging_mixin.py:190} INFO - [2024-11-14T08:08:35.708+0000] {dag.py:3239} INFO - Sync 1 DAGs
[2024-11-14T08:08:35.776+0000] {logging_mixin.py:190} INFO - [2024-11-14T08:08:35.776+0000] {dag.py:4180} INFO - Setting next_dagrun for example_workday_timetable to 2021-01-04 00:00:00+00:00, run_after=2021-01-05 00:00:00+00:00
[2024-11-14T08:08:35.803+0000] {processor.py:208} INFO - Processing /home/airflow/.local/lib/python3.12/site-packages/airflow/example_dags/example_workday_timetable.py took 0.143 seconds
[2024-11-14T08:15:27.804+0000] {processor.py:186} INFO - Started process (PID=114) to work on /home/airflow/.local/lib/python3.12/site-packages/airflow/example_dags/example_workday_timetable.py
[2024-11-14T08:15:27.805+0000] {processor.py:914} INFO - Processing file /home/airflow/.local/lib/python3.12/site-packages/airflow/example_dags/example_workday_timetable.py for tasks to queue
[2024-11-14T08:15:27.810+0000] {logging_mixin.py:190} INFO - [2024-11-14T08:15:27.810+0000] {dagbag.py:588} INFO - Filling up the DagBag from /home/airflow/.local/lib/python3.12/site-packages/airflow/example_dags/example_workday_timetable.py
[2024-11-14T08:15:27.819+0000] {processor.py:925} INFO - DAG(s) 'example_workday_timetable' retrieved from /home/airflow/.local/lib/python3.12/site-packages/airflow/example_dags/example_workday_timetable.py
[2024-11-14T08:15:27.942+0000] {logging_mixin.py:190} INFO - [2024-11-14T08:15:27.941+0000] {override.py:1900} INFO - Created Permission View: can edit on DAG:example_workday_timetable
[2024-11-14T08:15:27.956+0000] {logging_mixin.py:190} INFO - [2024-11-14T08:15:27.956+0000] {override.py:1900} INFO - Created Permission View: can delete on DAG:example_workday_timetable
[2024-11-14T08:15:27.968+0000] {logging_mixin.py:190} INFO - [2024-11-14T08:15:27.968+0000] {override.py:1900} INFO - Created Permission View: can read on DAG:example_workday_timetable
[2024-11-14T08:15:27.982+0000] {logging_mixin.py:190} INFO - [2024-11-14T08:15:27.981+0000] {override.py:1900} INFO - Created Permission View: can delete on DAG Run:example_workday_timetable
[2024-11-14T08:15:27.992+0000] {logging_mixin.py:190} INFO - [2024-11-14T08:15:27.992+0000] {override.py:1900} INFO - Created Permission View: can read on DAG Run:example_workday_timetable
[2024-11-14T08:15:28.002+0000] {logging_mixin.py:190} INFO - [2024-11-14T08:15:28.001+0000] {override.py:1900} INFO - Created Permission View: can create on DAG Run:example_workday_timetable
[2024-11-14T08:15:28.012+0000] {logging_mixin.py:190} INFO - [2024-11-14T08:15:28.012+0000] {override.py:1900} INFO - Created Permission View: menu access on DAG Run:example_workday_timetable
[2024-11-14T08:15:28.013+0000] {logging_mixin.py:190} INFO - [2024-11-14T08:15:28.013+0000] {dag.py:3239} INFO - Sync 1 DAGs
[2024-11-14T08:15:28.035+0000] {logging_mixin.py:190} INFO - [2024-11-14T08:15:28.035+0000] {dag.py:3262} INFO - Creating ORM DAG for example_workday_timetable
[2024-11-14T08:15:28.098+0000] {logging_mixin.py:190} INFO - [2024-11-14T08:15:28.097+0000] {dag.py:4180} INFO - Setting next_dagrun for example_workday_timetable to 2021-01-04 00:00:00+00:00, run_after=2021-01-05 00:00:00+00:00
[2024-11-14T08:15:28.120+0000] {processor.py:208} INFO - Processing /home/airflow/.local/lib/python3.12/site-packages/airflow/example_dags/example_workday_timetable.py took 0.323 seconds
[2024-11-14T08:16:15.453+0000] {processor.py:186} INFO - Started process (PID=104) to work on /home/airflow/.local/lib/python3.12/site-packages/airflow/example_dags/example_workday_timetable.py
[2024-11-14T08:16:15.454+0000] {processor.py:914} INFO - Processing file /home/airflow/.local/lib/python3.12/site-packages/airflow/example_dags/example_workday_timetable.py for tasks to queue
[2024-11-14T08:16:15.457+0000] {logging_mixin.py:190} INFO - [2024-11-14T08:16:15.457+0000] {dagbag.py:588} INFO - Filling up the DagBag from /home/airflow/.local/lib/python3.12/site-packages/airflow/example_dags/example_workday_timetable.py
[2024-11-14T08:16:15.463+0000] {processor.py:925} INFO - DAG(s) 'example_workday_timetable' retrieved from /home/airflow/.local/lib/python3.12/site-packages/airflow/example_dags/example_workday_timetable.py
[2024-11-14T08:16:15.487+0000] {logging_mixin.py:190} INFO - [2024-11-14T08:16:15.486+0000] {dag.py:3239} INFO - Sync 1 DAGs
[2024-11-14T08:16:15.548+0000] {logging_mixin.py:190} INFO - [2024-11-14T08:16:15.547+0000] {dag.py:4180} INFO - Setting next_dagrun for example_workday_timetable to 2021-01-04 00:00:00+00:00, run_after=2021-01-05 00:00:00+00:00
[2024-11-14T08:16:15.570+0000] {processor.py:208} INFO - Processing /home/airflow/.local/lib/python3.12/site-packages/airflow/example_dags/example_workday_timetable.py took 0.122 seconds
[2024-11-14T08:16:50.907+0000] {processor.py:186} INFO - Started process (PID=167) to work on /home/airflow/.local/lib/python3.12/site-packages/airflow/example_dags/example_workday_timetable.py
[2024-11-14T08:16:50.908+0000] {processor.py:914} INFO - Processing file /home/airflow/.local/lib/python3.12/site-packages/airflow/example_dags/example_workday_timetable.py for tasks to queue
[2024-11-14T08:16:50.910+0000] {logging_mixin.py:190} INFO - [2024-11-14T08:16:50.910+0000] {dagbag.py:588} INFO - Filling up the DagBag from /home/airflow/.local/lib/python3.12/site-packages/airflow/example_dags/example_workday_timetable.py
[2024-11-14T08:16:50.916+0000] {processor.py:925} INFO - DAG(s) 'example_workday_timetable' retrieved from /home/airflow/.local/lib/python3.12/site-packages/airflow/example_dags/example_workday_timetable.py
[2024-11-14T08:16:50.936+0000] {logging_mixin.py:190} INFO - [2024-11-14T08:16:50.936+0000] {dag.py:3239} INFO - Sync 1 DAGs
[2024-11-14T08:16:50.988+0000] {logging_mixin.py:190} INFO - [2024-11-14T08:16:50.987+0000] {dag.py:4180} INFO - Setting next_dagrun for example_workday_timetable to 2021-01-04 00:00:00+00:00, run_after=2021-01-05 00:00:00+00:00
[2024-11-14T08:16:51.011+0000] {processor.py:208} INFO - Processing /home/airflow/.local/lib/python3.12/site-packages/airflow/example_dags/example_workday_timetable.py took 0.109 seconds
[2024-11-14T08:17:22.106+0000] {processor.py:186} INFO - Started process (PID=229) to work on /home/airflow/.local/lib/python3.12/site-packages/airflow/example_dags/example_workday_timetable.py
[2024-11-14T08:17:22.108+0000] {processor.py:914} INFO - Processing file /home/airflow/.local/lib/python3.12/site-packages/airflow/example_dags/example_workday_timetable.py for tasks to queue
[2024-11-14T08:17:22.111+0000] {logging_mixin.py:190} INFO - [2024-11-14T08:17:22.110+0000] {dagbag.py:588} INFO - Filling up the DagBag from /home/airflow/.local/lib/python3.12/site-packages/airflow/example_dags/example_workday_timetable.py
[2024-11-14T08:17:22.118+0000] {processor.py:925} INFO - DAG(s) 'example_workday_timetable' retrieved from /home/airflow/.local/lib/python3.12/site-packages/airflow/example_dags/example_workday_timetable.py
[2024-11-14T08:17:22.143+0000] {logging_mixin.py:190} INFO - [2024-11-14T08:17:22.143+0000] {dag.py:3239} INFO - Sync 1 DAGs
[2024-11-14T08:17:22.202+0000] {logging_mixin.py:190} INFO - [2024-11-14T08:17:22.201+0000] {dag.py:4180} INFO - Setting next_dagrun for example_workday_timetable to 2021-01-04 00:00:00+00:00, run_after=2021-01-05 00:00:00+00:00
[2024-11-14T08:17:22.225+0000] {processor.py:208} INFO - Processing /home/airflow/.local/lib/python3.12/site-packages/airflow/example_dags/example_workday_timetable.py took 0.125 seconds
[2024-11-14T08:17:57.980+0000] {processor.py:186} INFO - Started process (PID=291) to work on /home/airflow/.local/lib/python3.12/site-packages/airflow/example_dags/example_workday_timetable.py
[2024-11-14T08:17:57.981+0000] {processor.py:914} INFO - Processing file /home/airflow/.local/lib/python3.12/site-packages/airflow/example_dags/example_workday_timetable.py for tasks to queue
[2024-11-14T08:17:57.984+0000] {logging_mixin.py:190} INFO - [2024-11-14T08:17:57.984+0000] {dagbag.py:588} INFO - Filling up the DagBag from /home/airflow/.local/lib/python3.12/site-packages/airflow/example_dags/example_workday_timetable.py
[2024-11-14T08:17:57.991+0000] {processor.py:925} INFO - DAG(s) 'example_workday_timetable' retrieved from /home/airflow/.local/lib/python3.12/site-packages/airflow/example_dags/example_workday_timetable.py
[2024-11-14T08:17:58.015+0000] {logging_mixin.py:190} INFO - [2024-11-14T08:17:58.014+0000] {dag.py:3239} INFO - Sync 1 DAGs
[2024-11-14T08:17:58.081+0000] {logging_mixin.py:190} INFO - [2024-11-14T08:17:58.081+0000] {dag.py:4180} INFO - Setting next_dagrun for example_workday_timetable to 2021-01-04 00:00:00+00:00, run_after=2021-01-05 00:00:00+00:00
[2024-11-14T08:17:58.111+0000] {processor.py:208} INFO - Processing /home/airflow/.local/lib/python3.12/site-packages/airflow/example_dags/example_workday_timetable.py took 0.137 seconds
