[2024-11-14T07:29:47.557+0000] {processor.py:186} INFO - Started process (PID=932) to work on /home/airflow/.local/lib/python3.12/site-packages/airflow/example_dags/example_task_group.py
[2024-11-14T07:29:47.559+0000] {processor.py:914} INFO - Processing file /home/airflow/.local/lib/python3.12/site-packages/airflow/example_dags/example_task_group.py for tasks to queue
[2024-11-14T07:29:47.564+0000] {logging_mixin.py:190} INFO - [2024-11-14T07:29:47.563+0000] {dagbag.py:588} INFO - Filling up the DagBag from /home/airflow/.local/lib/python3.12/site-packages/airflow/example_dags/example_task_group.py
[2024-11-14T07:29:47.577+0000] {processor.py:925} INFO - DAG(s) 'example_task_group' retrieved from /home/airflow/.local/lib/python3.12/site-packages/airflow/example_dags/example_task_group.py
[2024-11-14T07:29:47.608+0000] {logging_mixin.py:190} INFO - [2024-11-14T07:29:47.608+0000] {dag.py:3239} INFO - Sync 1 DAGs
[2024-11-14T07:29:47.628+0000] {logging_mixin.py:190} INFO - [2024-11-14T07:29:47.627+0000] {dag.py:4180} INFO - Setting next_dagrun for example_task_group to None, run_after=None
[2024-11-14T07:29:47.652+0000] {processor.py:208} INFO - Processing /home/airflow/.local/lib/python3.12/site-packages/airflow/example_dags/example_task_group.py took 0.103 seconds
[2024-11-14T07:30:18.250+0000] {processor.py:186} INFO - Started process (PID=994) to work on /home/airflow/.local/lib/python3.12/site-packages/airflow/example_dags/example_task_group.py
[2024-11-14T07:30:18.251+0000] {processor.py:914} INFO - Processing file /home/airflow/.local/lib/python3.12/site-packages/airflow/example_dags/example_task_group.py for tasks to queue
[2024-11-14T07:30:18.254+0000] {logging_mixin.py:190} INFO - [2024-11-14T07:30:18.254+0000] {dagbag.py:588} INFO - Filling up the DagBag from /home/airflow/.local/lib/python3.12/site-packages/airflow/example_dags/example_task_group.py
[2024-11-14T07:30:18.262+0000] {processor.py:925} INFO - DAG(s) 'example_task_group' retrieved from /home/airflow/.local/lib/python3.12/site-packages/airflow/example_dags/example_task_group.py
[2024-11-14T07:30:18.290+0000] {logging_mixin.py:190} INFO - [2024-11-14T07:30:18.289+0000] {dag.py:3239} INFO - Sync 1 DAGs
[2024-11-14T07:30:18.309+0000] {logging_mixin.py:190} INFO - [2024-11-14T07:30:18.308+0000] {dag.py:4180} INFO - Setting next_dagrun for example_task_group to None, run_after=None
[2024-11-14T07:30:18.332+0000] {processor.py:208} INFO - Processing /home/airflow/.local/lib/python3.12/site-packages/airflow/example_dags/example_task_group.py took 0.089 seconds
[2024-11-14T07:30:49.318+0000] {processor.py:186} INFO - Started process (PID=1056) to work on /home/airflow/.local/lib/python3.12/site-packages/airflow/example_dags/example_task_group.py
[2024-11-14T07:30:49.320+0000] {processor.py:914} INFO - Processing file /home/airflow/.local/lib/python3.12/site-packages/airflow/example_dags/example_task_group.py for tasks to queue
[2024-11-14T07:30:49.322+0000] {logging_mixin.py:190} INFO - [2024-11-14T07:30:49.322+0000] {dagbag.py:588} INFO - Filling up the DagBag from /home/airflow/.local/lib/python3.12/site-packages/airflow/example_dags/example_task_group.py
[2024-11-14T07:30:49.332+0000] {processor.py:925} INFO - DAG(s) 'example_task_group' retrieved from /home/airflow/.local/lib/python3.12/site-packages/airflow/example_dags/example_task_group.py
[2024-11-14T07:30:49.361+0000] {logging_mixin.py:190} INFO - [2024-11-14T07:30:49.361+0000] {dag.py:3239} INFO - Sync 1 DAGs
[2024-11-14T07:30:49.377+0000] {logging_mixin.py:190} INFO - [2024-11-14T07:30:49.376+0000] {dag.py:4180} INFO - Setting next_dagrun for example_task_group to None, run_after=None
[2024-11-14T07:30:49.399+0000] {processor.py:208} INFO - Processing /home/airflow/.local/lib/python3.12/site-packages/airflow/example_dags/example_task_group.py took 0.088 seconds
[2024-11-14T07:42:02.259+0000] {processor.py:186} INFO - Started process (PID=65) to work on /home/airflow/.local/lib/python3.12/site-packages/airflow/example_dags/example_task_group.py
[2024-11-14T07:42:02.261+0000] {processor.py:914} INFO - Processing file /home/airflow/.local/lib/python3.12/site-packages/airflow/example_dags/example_task_group.py for tasks to queue
[2024-11-14T07:42:02.264+0000] {logging_mixin.py:190} INFO - [2024-11-14T07:42:02.264+0000] {dagbag.py:588} INFO - Filling up the DagBag from /home/airflow/.local/lib/python3.12/site-packages/airflow/example_dags/example_task_group.py
[2024-11-14T07:42:02.286+0000] {processor.py:925} INFO - DAG(s) 'example_task_group' retrieved from /home/airflow/.local/lib/python3.12/site-packages/airflow/example_dags/example_task_group.py
[2024-11-14T07:42:02.360+0000] {logging_mixin.py:190} INFO - [2024-11-14T07:42:02.359+0000] {dag.py:3239} INFO - Sync 1 DAGs
[2024-11-14T07:42:02.381+0000] {logging_mixin.py:190} INFO - [2024-11-14T07:42:02.380+0000] {dag.py:4180} INFO - Setting next_dagrun for example_task_group to None, run_after=None
[2024-11-14T07:42:02.406+0000] {processor.py:208} INFO - Processing /home/airflow/.local/lib/python3.12/site-packages/airflow/example_dags/example_task_group.py took 0.162 seconds
[2024-11-14T07:42:32.735+0000] {processor.py:186} INFO - Started process (PID=127) to work on /home/airflow/.local/lib/python3.12/site-packages/airflow/example_dags/example_task_group.py
[2024-11-14T07:42:32.737+0000] {processor.py:914} INFO - Processing file /home/airflow/.local/lib/python3.12/site-packages/airflow/example_dags/example_task_group.py for tasks to queue
[2024-11-14T07:42:32.740+0000] {logging_mixin.py:190} INFO - [2024-11-14T07:42:32.740+0000] {dagbag.py:588} INFO - Filling up the DagBag from /home/airflow/.local/lib/python3.12/site-packages/airflow/example_dags/example_task_group.py
[2024-11-14T07:42:32.752+0000] {processor.py:925} INFO - DAG(s) 'example_task_group' retrieved from /home/airflow/.local/lib/python3.12/site-packages/airflow/example_dags/example_task_group.py
[2024-11-14T07:42:32.781+0000] {logging_mixin.py:190} INFO - [2024-11-14T07:42:32.781+0000] {dag.py:3239} INFO - Sync 1 DAGs
[2024-11-14T07:42:32.801+0000] {logging_mixin.py:190} INFO - [2024-11-14T07:42:32.801+0000] {dag.py:4180} INFO - Setting next_dagrun for example_task_group to None, run_after=None
[2024-11-14T07:42:32.835+0000] {processor.py:208} INFO - Processing /home/airflow/.local/lib/python3.12/site-packages/airflow/example_dags/example_task_group.py took 0.108 seconds
[2024-11-14T07:49:32.210+0000] {processor.py:186} INFO - Started process (PID=104) to work on /home/airflow/.local/lib/python3.12/site-packages/airflow/example_dags/example_task_group.py
[2024-11-14T07:49:32.213+0000] {processor.py:914} INFO - Processing file /home/airflow/.local/lib/python3.12/site-packages/airflow/example_dags/example_task_group.py for tasks to queue
[2024-11-14T07:49:32.219+0000] {logging_mixin.py:190} INFO - [2024-11-14T07:49:32.217+0000] {dagbag.py:588} INFO - Filling up the DagBag from /home/airflow/.local/lib/python3.12/site-packages/airflow/example_dags/example_task_group.py
[2024-11-14T07:49:32.234+0000] {processor.py:925} INFO - DAG(s) 'example_task_group' retrieved from /home/airflow/.local/lib/python3.12/site-packages/airflow/example_dags/example_task_group.py
[2024-11-14T07:49:32.283+0000] {logging_mixin.py:190} INFO - [2024-11-14T07:49:32.282+0000] {dag.py:3239} INFO - Sync 1 DAGs
[2024-11-14T07:49:32.305+0000] {logging_mixin.py:190} INFO - [2024-11-14T07:49:32.305+0000] {dag.py:4180} INFO - Setting next_dagrun for example_task_group to None, run_after=None
[2024-11-14T07:49:32.331+0000] {processor.py:208} INFO - Processing /home/airflow/.local/lib/python3.12/site-packages/airflow/example_dags/example_task_group.py took 0.131 seconds
[2024-11-14T07:50:02.415+0000] {processor.py:186} INFO - Started process (PID=166) to work on /home/airflow/.local/lib/python3.12/site-packages/airflow/example_dags/example_task_group.py
[2024-11-14T07:50:02.416+0000] {processor.py:914} INFO - Processing file /home/airflow/.local/lib/python3.12/site-packages/airflow/example_dags/example_task_group.py for tasks to queue
[2024-11-14T07:50:02.419+0000] {logging_mixin.py:190} INFO - [2024-11-14T07:50:02.419+0000] {dagbag.py:588} INFO - Filling up the DagBag from /home/airflow/.local/lib/python3.12/site-packages/airflow/example_dags/example_task_group.py
[2024-11-14T07:50:02.429+0000] {processor.py:925} INFO - DAG(s) 'example_task_group' retrieved from /home/airflow/.local/lib/python3.12/site-packages/airflow/example_dags/example_task_group.py
[2024-11-14T07:50:02.450+0000] {logging_mixin.py:190} INFO - [2024-11-14T07:50:02.450+0000] {dag.py:3239} INFO - Sync 1 DAGs
[2024-11-14T07:50:02.465+0000] {logging_mixin.py:190} INFO - [2024-11-14T07:50:02.464+0000] {dag.py:4180} INFO - Setting next_dagrun for example_task_group to None, run_after=None
[2024-11-14T07:50:02.489+0000] {processor.py:208} INFO - Processing /home/airflow/.local/lib/python3.12/site-packages/airflow/example_dags/example_task_group.py took 0.081 seconds
[2024-11-14T07:50:33.006+0000] {processor.py:186} INFO - Started process (PID=228) to work on /home/airflow/.local/lib/python3.12/site-packages/airflow/example_dags/example_task_group.py
[2024-11-14T07:50:33.009+0000] {processor.py:914} INFO - Processing file /home/airflow/.local/lib/python3.12/site-packages/airflow/example_dags/example_task_group.py for tasks to queue
[2024-11-14T07:50:33.014+0000] {logging_mixin.py:190} INFO - [2024-11-14T07:50:33.013+0000] {dagbag.py:588} INFO - Filling up the DagBag from /home/airflow/.local/lib/python3.12/site-packages/airflow/example_dags/example_task_group.py
[2024-11-14T07:50:33.038+0000] {processor.py:925} INFO - DAG(s) 'example_task_group' retrieved from /home/airflow/.local/lib/python3.12/site-packages/airflow/example_dags/example_task_group.py
[2024-11-14T07:50:33.075+0000] {logging_mixin.py:190} INFO - [2024-11-14T07:50:33.074+0000] {dag.py:3239} INFO - Sync 1 DAGs
[2024-11-14T07:50:33.105+0000] {logging_mixin.py:190} INFO - [2024-11-14T07:50:33.105+0000] {dag.py:4180} INFO - Setting next_dagrun for example_task_group to None, run_after=None
[2024-11-14T07:50:33.146+0000] {processor.py:208} INFO - Processing /home/airflow/.local/lib/python3.12/site-packages/airflow/example_dags/example_task_group.py took 0.150 seconds
[2024-11-14T07:51:03.921+0000] {processor.py:186} INFO - Started process (PID=290) to work on /home/airflow/.local/lib/python3.12/site-packages/airflow/example_dags/example_task_group.py
[2024-11-14T07:51:03.923+0000] {processor.py:914} INFO - Processing file /home/airflow/.local/lib/python3.12/site-packages/airflow/example_dags/example_task_group.py for tasks to queue
[2024-11-14T07:51:03.925+0000] {logging_mixin.py:190} INFO - [2024-11-14T07:51:03.925+0000] {dagbag.py:588} INFO - Filling up the DagBag from /home/airflow/.local/lib/python3.12/site-packages/airflow/example_dags/example_task_group.py
[2024-11-14T07:51:03.933+0000] {processor.py:925} INFO - DAG(s) 'example_task_group' retrieved from /home/airflow/.local/lib/python3.12/site-packages/airflow/example_dags/example_task_group.py
[2024-11-14T07:51:03.956+0000] {logging_mixin.py:190} INFO - [2024-11-14T07:51:03.955+0000] {dag.py:3239} INFO - Sync 1 DAGs
[2024-11-14T07:51:03.968+0000] {logging_mixin.py:190} INFO - [2024-11-14T07:51:03.968+0000] {dag.py:4180} INFO - Setting next_dagrun for example_task_group to None, run_after=None
[2024-11-14T07:51:03.989+0000] {processor.py:208} INFO - Processing /home/airflow/.local/lib/python3.12/site-packages/airflow/example_dags/example_task_group.py took 0.072 seconds
[2024-11-14T07:51:34.838+0000] {processor.py:186} INFO - Started process (PID=352) to work on /home/airflow/.local/lib/python3.12/site-packages/airflow/example_dags/example_task_group.py
[2024-11-14T07:51:34.839+0000] {processor.py:914} INFO - Processing file /home/airflow/.local/lib/python3.12/site-packages/airflow/example_dags/example_task_group.py for tasks to queue
[2024-11-14T07:51:34.843+0000] {logging_mixin.py:190} INFO - [2024-11-14T07:51:34.843+0000] {dagbag.py:588} INFO - Filling up the DagBag from /home/airflow/.local/lib/python3.12/site-packages/airflow/example_dags/example_task_group.py
[2024-11-14T07:51:34.855+0000] {processor.py:925} INFO - DAG(s) 'example_task_group' retrieved from /home/airflow/.local/lib/python3.12/site-packages/airflow/example_dags/example_task_group.py
[2024-11-14T07:51:34.883+0000] {logging_mixin.py:190} INFO - [2024-11-14T07:51:34.882+0000] {dag.py:3239} INFO - Sync 1 DAGs
[2024-11-14T07:51:34.898+0000] {logging_mixin.py:190} INFO - [2024-11-14T07:51:34.898+0000] {dag.py:4180} INFO - Setting next_dagrun for example_task_group to None, run_after=None
[2024-11-14T07:51:34.925+0000] {processor.py:208} INFO - Processing /home/airflow/.local/lib/python3.12/site-packages/airflow/example_dags/example_task_group.py took 0.094 seconds
[2024-11-14T07:52:05.919+0000] {processor.py:186} INFO - Started process (PID=414) to work on /home/airflow/.local/lib/python3.12/site-packages/airflow/example_dags/example_task_group.py
[2024-11-14T07:52:05.920+0000] {processor.py:914} INFO - Processing file /home/airflow/.local/lib/python3.12/site-packages/airflow/example_dags/example_task_group.py for tasks to queue
[2024-11-14T07:52:05.923+0000] {logging_mixin.py:190} INFO - [2024-11-14T07:52:05.923+0000] {dagbag.py:588} INFO - Filling up the DagBag from /home/airflow/.local/lib/python3.12/site-packages/airflow/example_dags/example_task_group.py
[2024-11-14T07:52:05.932+0000] {processor.py:925} INFO - DAG(s) 'example_task_group' retrieved from /home/airflow/.local/lib/python3.12/site-packages/airflow/example_dags/example_task_group.py
[2024-11-14T07:52:05.955+0000] {logging_mixin.py:190} INFO - [2024-11-14T07:52:05.955+0000] {dag.py:3239} INFO - Sync 1 DAGs
[2024-11-14T07:52:05.970+0000] {logging_mixin.py:190} INFO - [2024-11-14T07:52:05.970+0000] {dag.py:4180} INFO - Setting next_dagrun for example_task_group to None, run_after=None
[2024-11-14T07:52:05.992+0000] {processor.py:208} INFO - Processing /home/airflow/.local/lib/python3.12/site-packages/airflow/example_dags/example_task_group.py took 0.083 seconds
[2024-11-14T07:52:36.104+0000] {processor.py:186} INFO - Started process (PID=476) to work on /home/airflow/.local/lib/python3.12/site-packages/airflow/example_dags/example_task_group.py
[2024-11-14T07:52:36.106+0000] {processor.py:914} INFO - Processing file /home/airflow/.local/lib/python3.12/site-packages/airflow/example_dags/example_task_group.py for tasks to queue
[2024-11-14T07:52:36.109+0000] {logging_mixin.py:190} INFO - [2024-11-14T07:52:36.109+0000] {dagbag.py:588} INFO - Filling up the DagBag from /home/airflow/.local/lib/python3.12/site-packages/airflow/example_dags/example_task_group.py
[2024-11-14T07:52:36.120+0000] {processor.py:925} INFO - DAG(s) 'example_task_group' retrieved from /home/airflow/.local/lib/python3.12/site-packages/airflow/example_dags/example_task_group.py
[2024-11-14T07:52:36.147+0000] {logging_mixin.py:190} INFO - [2024-11-14T07:52:36.146+0000] {dag.py:3239} INFO - Sync 1 DAGs
[2024-11-14T07:52:36.162+0000] {logging_mixin.py:190} INFO - [2024-11-14T07:52:36.162+0000] {dag.py:4180} INFO - Setting next_dagrun for example_task_group to None, run_after=None
[2024-11-14T07:52:36.187+0000] {processor.py:208} INFO - Processing /home/airflow/.local/lib/python3.12/site-packages/airflow/example_dags/example_task_group.py took 0.089 seconds
[2024-11-14T07:53:07.196+0000] {processor.py:186} INFO - Started process (PID=538) to work on /home/airflow/.local/lib/python3.12/site-packages/airflow/example_dags/example_task_group.py
[2024-11-14T07:53:07.198+0000] {processor.py:914} INFO - Processing file /home/airflow/.local/lib/python3.12/site-packages/airflow/example_dags/example_task_group.py for tasks to queue
[2024-11-14T07:53:07.200+0000] {logging_mixin.py:190} INFO - [2024-11-14T07:53:07.200+0000] {dagbag.py:588} INFO - Filling up the DagBag from /home/airflow/.local/lib/python3.12/site-packages/airflow/example_dags/example_task_group.py
[2024-11-14T07:53:07.209+0000] {processor.py:925} INFO - DAG(s) 'example_task_group' retrieved from /home/airflow/.local/lib/python3.12/site-packages/airflow/example_dags/example_task_group.py
[2024-11-14T07:53:07.234+0000] {logging_mixin.py:190} INFO - [2024-11-14T07:53:07.234+0000] {dag.py:3239} INFO - Sync 1 DAGs
[2024-11-14T07:53:07.249+0000] {logging_mixin.py:190} INFO - [2024-11-14T07:53:07.249+0000] {dag.py:4180} INFO - Setting next_dagrun for example_task_group to None, run_after=None
[2024-11-14T07:53:07.272+0000] {processor.py:208} INFO - Processing /home/airflow/.local/lib/python3.12/site-packages/airflow/example_dags/example_task_group.py took 0.081 seconds
[2024-11-14T07:53:37.827+0000] {processor.py:186} INFO - Started process (PID=600) to work on /home/airflow/.local/lib/python3.12/site-packages/airflow/example_dags/example_task_group.py
[2024-11-14T07:53:37.829+0000] {processor.py:914} INFO - Processing file /home/airflow/.local/lib/python3.12/site-packages/airflow/example_dags/example_task_group.py for tasks to queue
[2024-11-14T07:53:37.832+0000] {logging_mixin.py:190} INFO - [2024-11-14T07:53:37.831+0000] {dagbag.py:588} INFO - Filling up the DagBag from /home/airflow/.local/lib/python3.12/site-packages/airflow/example_dags/example_task_group.py
[2024-11-14T07:53:37.842+0000] {processor.py:925} INFO - DAG(s) 'example_task_group' retrieved from /home/airflow/.local/lib/python3.12/site-packages/airflow/example_dags/example_task_group.py
[2024-11-14T07:53:37.868+0000] {logging_mixin.py:190} INFO - [2024-11-14T07:53:37.867+0000] {dag.py:3239} INFO - Sync 1 DAGs
[2024-11-14T07:53:37.892+0000] {logging_mixin.py:190} INFO - [2024-11-14T07:53:37.891+0000] {dag.py:4180} INFO - Setting next_dagrun for example_task_group to None, run_after=None
[2024-11-14T07:53:37.926+0000] {processor.py:208} INFO - Processing /home/airflow/.local/lib/python3.12/site-packages/airflow/example_dags/example_task_group.py took 0.108 seconds
[2024-11-14T07:54:08.651+0000] {processor.py:186} INFO - Started process (PID=662) to work on /home/airflow/.local/lib/python3.12/site-packages/airflow/example_dags/example_task_group.py
[2024-11-14T07:54:08.653+0000] {processor.py:914} INFO - Processing file /home/airflow/.local/lib/python3.12/site-packages/airflow/example_dags/example_task_group.py for tasks to queue
[2024-11-14T07:54:08.656+0000] {logging_mixin.py:190} INFO - [2024-11-14T07:54:08.655+0000] {dagbag.py:588} INFO - Filling up the DagBag from /home/airflow/.local/lib/python3.12/site-packages/airflow/example_dags/example_task_group.py
[2024-11-14T07:54:08.666+0000] {processor.py:925} INFO - DAG(s) 'example_task_group' retrieved from /home/airflow/.local/lib/python3.12/site-packages/airflow/example_dags/example_task_group.py
[2024-11-14T07:54:08.692+0000] {logging_mixin.py:190} INFO - [2024-11-14T07:54:08.691+0000] {dag.py:3239} INFO - Sync 1 DAGs
[2024-11-14T07:54:08.706+0000] {logging_mixin.py:190} INFO - [2024-11-14T07:54:08.706+0000] {dag.py:4180} INFO - Setting next_dagrun for example_task_group to None, run_after=None
[2024-11-14T07:54:08.739+0000] {processor.py:208} INFO - Processing /home/airflow/.local/lib/python3.12/site-packages/airflow/example_dags/example_task_group.py took 0.093 seconds
[2024-11-14T07:54:39.435+0000] {processor.py:186} INFO - Started process (PID=724) to work on /home/airflow/.local/lib/python3.12/site-packages/airflow/example_dags/example_task_group.py
[2024-11-14T07:54:39.436+0000] {processor.py:914} INFO - Processing file /home/airflow/.local/lib/python3.12/site-packages/airflow/example_dags/example_task_group.py for tasks to queue
[2024-11-14T07:54:39.439+0000] {logging_mixin.py:190} INFO - [2024-11-14T07:54:39.439+0000] {dagbag.py:588} INFO - Filling up the DagBag from /home/airflow/.local/lib/python3.12/site-packages/airflow/example_dags/example_task_group.py
[2024-11-14T07:54:39.450+0000] {processor.py:925} INFO - DAG(s) 'example_task_group' retrieved from /home/airflow/.local/lib/python3.12/site-packages/airflow/example_dags/example_task_group.py
[2024-11-14T07:54:39.479+0000] {logging_mixin.py:190} INFO - [2024-11-14T07:54:39.479+0000] {dag.py:3239} INFO - Sync 1 DAGs
[2024-11-14T07:54:39.497+0000] {logging_mixin.py:190} INFO - [2024-11-14T07:54:39.497+0000] {dag.py:4180} INFO - Setting next_dagrun for example_task_group to None, run_after=None
[2024-11-14T07:54:39.530+0000] {processor.py:208} INFO - Processing /home/airflow/.local/lib/python3.12/site-packages/airflow/example_dags/example_task_group.py took 0.101 seconds
[2024-11-14T07:55:09.963+0000] {processor.py:186} INFO - Started process (PID=786) to work on /home/airflow/.local/lib/python3.12/site-packages/airflow/example_dags/example_task_group.py
[2024-11-14T07:55:09.964+0000] {processor.py:914} INFO - Processing file /home/airflow/.local/lib/python3.12/site-packages/airflow/example_dags/example_task_group.py for tasks to queue
[2024-11-14T07:55:09.967+0000] {logging_mixin.py:190} INFO - [2024-11-14T07:55:09.967+0000] {dagbag.py:588} INFO - Filling up the DagBag from /home/airflow/.local/lib/python3.12/site-packages/airflow/example_dags/example_task_group.py
[2024-11-14T07:55:09.977+0000] {processor.py:925} INFO - DAG(s) 'example_task_group' retrieved from /home/airflow/.local/lib/python3.12/site-packages/airflow/example_dags/example_task_group.py
[2024-11-14T07:55:10.001+0000] {logging_mixin.py:190} INFO - [2024-11-14T07:55:10.001+0000] {dag.py:3239} INFO - Sync 1 DAGs
[2024-11-14T07:55:10.017+0000] {logging_mixin.py:190} INFO - [2024-11-14T07:55:10.017+0000] {dag.py:4180} INFO - Setting next_dagrun for example_task_group to None, run_after=None
[2024-11-14T07:55:10.049+0000] {processor.py:208} INFO - Processing /home/airflow/.local/lib/python3.12/site-packages/airflow/example_dags/example_task_group.py took 0.093 seconds
[2024-11-14T07:55:40.596+0000] {processor.py:186} INFO - Started process (PID=848) to work on /home/airflow/.local/lib/python3.12/site-packages/airflow/example_dags/example_task_group.py
[2024-11-14T07:55:40.598+0000] {processor.py:914} INFO - Processing file /home/airflow/.local/lib/python3.12/site-packages/airflow/example_dags/example_task_group.py for tasks to queue
[2024-11-14T07:55:40.600+0000] {logging_mixin.py:190} INFO - [2024-11-14T07:55:40.600+0000] {dagbag.py:588} INFO - Filling up the DagBag from /home/airflow/.local/lib/python3.12/site-packages/airflow/example_dags/example_task_group.py
[2024-11-14T07:55:40.609+0000] {processor.py:925} INFO - DAG(s) 'example_task_group' retrieved from /home/airflow/.local/lib/python3.12/site-packages/airflow/example_dags/example_task_group.py
[2024-11-14T07:55:40.633+0000] {logging_mixin.py:190} INFO - [2024-11-14T07:55:40.632+0000] {dag.py:3239} INFO - Sync 1 DAGs
[2024-11-14T07:55:40.648+0000] {logging_mixin.py:190} INFO - [2024-11-14T07:55:40.648+0000] {dag.py:4180} INFO - Setting next_dagrun for example_task_group to None, run_after=None
[2024-11-14T07:55:40.684+0000] {processor.py:208} INFO - Processing /home/airflow/.local/lib/python3.12/site-packages/airflow/example_dags/example_task_group.py took 0.093 seconds
[2024-11-14T07:56:11.328+0000] {processor.py:186} INFO - Started process (PID=910) to work on /home/airflow/.local/lib/python3.12/site-packages/airflow/example_dags/example_task_group.py
[2024-11-14T07:56:11.330+0000] {processor.py:914} INFO - Processing file /home/airflow/.local/lib/python3.12/site-packages/airflow/example_dags/example_task_group.py for tasks to queue
[2024-11-14T07:56:11.333+0000] {logging_mixin.py:190} INFO - [2024-11-14T07:56:11.332+0000] {dagbag.py:588} INFO - Filling up the DagBag from /home/airflow/.local/lib/python3.12/site-packages/airflow/example_dags/example_task_group.py
[2024-11-14T07:56:11.341+0000] {processor.py:925} INFO - DAG(s) 'example_task_group' retrieved from /home/airflow/.local/lib/python3.12/site-packages/airflow/example_dags/example_task_group.py
[2024-11-14T07:56:11.365+0000] {logging_mixin.py:190} INFO - [2024-11-14T07:56:11.365+0000] {dag.py:3239} INFO - Sync 1 DAGs
[2024-11-14T07:56:11.399+0000] {logging_mixin.py:190} INFO - [2024-11-14T07:56:11.398+0000] {dag.py:4180} INFO - Setting next_dagrun for example_task_group to None, run_after=None
[2024-11-14T07:56:11.448+0000] {processor.py:208} INFO - Processing /home/airflow/.local/lib/python3.12/site-packages/airflow/example_dags/example_task_group.py took 0.126 seconds
[2024-11-14T07:56:41.732+0000] {processor.py:186} INFO - Started process (PID=971) to work on /home/airflow/.local/lib/python3.12/site-packages/airflow/example_dags/example_task_group.py
[2024-11-14T07:56:41.734+0000] {processor.py:914} INFO - Processing file /home/airflow/.local/lib/python3.12/site-packages/airflow/example_dags/example_task_group.py for tasks to queue
[2024-11-14T07:56:41.737+0000] {logging_mixin.py:190} INFO - [2024-11-14T07:56:41.737+0000] {dagbag.py:588} INFO - Filling up the DagBag from /home/airflow/.local/lib/python3.12/site-packages/airflow/example_dags/example_task_group.py
[2024-11-14T07:56:41.746+0000] {processor.py:925} INFO - DAG(s) 'example_task_group' retrieved from /home/airflow/.local/lib/python3.12/site-packages/airflow/example_dags/example_task_group.py
[2024-11-14T07:56:41.770+0000] {logging_mixin.py:190} INFO - [2024-11-14T07:56:41.770+0000] {dag.py:3239} INFO - Sync 1 DAGs
[2024-11-14T07:56:41.785+0000] {logging_mixin.py:190} INFO - [2024-11-14T07:56:41.785+0000] {dag.py:4180} INFO - Setting next_dagrun for example_task_group to None, run_after=None
[2024-11-14T07:56:41.820+0000] {processor.py:208} INFO - Processing /home/airflow/.local/lib/python3.12/site-packages/airflow/example_dags/example_task_group.py took 0.093 seconds
[2024-11-14T07:57:12.269+0000] {processor.py:186} INFO - Started process (PID=1033) to work on /home/airflow/.local/lib/python3.12/site-packages/airflow/example_dags/example_task_group.py
[2024-11-14T07:57:12.270+0000] {processor.py:914} INFO - Processing file /home/airflow/.local/lib/python3.12/site-packages/airflow/example_dags/example_task_group.py for tasks to queue
[2024-11-14T07:57:12.273+0000] {logging_mixin.py:190} INFO - [2024-11-14T07:57:12.272+0000] {dagbag.py:588} INFO - Filling up the DagBag from /home/airflow/.local/lib/python3.12/site-packages/airflow/example_dags/example_task_group.py
[2024-11-14T07:57:12.280+0000] {processor.py:925} INFO - DAG(s) 'example_task_group' retrieved from /home/airflow/.local/lib/python3.12/site-packages/airflow/example_dags/example_task_group.py
[2024-11-14T07:57:12.305+0000] {logging_mixin.py:190} INFO - [2024-11-14T07:57:12.304+0000] {dag.py:3239} INFO - Sync 1 DAGs
[2024-11-14T07:57:12.319+0000] {logging_mixin.py:190} INFO - [2024-11-14T07:57:12.318+0000] {dag.py:4180} INFO - Setting next_dagrun for example_task_group to None, run_after=None
[2024-11-14T07:57:12.357+0000] {processor.py:208} INFO - Processing /home/airflow/.local/lib/python3.12/site-packages/airflow/example_dags/example_task_group.py took 0.093 seconds
[2024-11-14T08:07:58.345+0000] {processor.py:186} INFO - Started process (PID=65) to work on /home/airflow/.local/lib/python3.12/site-packages/airflow/example_dags/example_task_group.py
[2024-11-14T08:07:58.348+0000] {processor.py:914} INFO - Processing file /home/airflow/.local/lib/python3.12/site-packages/airflow/example_dags/example_task_group.py for tasks to queue
[2024-11-14T08:07:58.354+0000] {logging_mixin.py:190} INFO - [2024-11-14T08:07:58.354+0000] {dagbag.py:588} INFO - Filling up the DagBag from /home/airflow/.local/lib/python3.12/site-packages/airflow/example_dags/example_task_group.py
[2024-11-14T08:07:58.385+0000] {processor.py:925} INFO - DAG(s) 'example_task_group' retrieved from /home/airflow/.local/lib/python3.12/site-packages/airflow/example_dags/example_task_group.py
[2024-11-14T08:07:58.444+0000] {logging_mixin.py:190} INFO - [2024-11-14T08:07:58.443+0000] {dag.py:3239} INFO - Sync 1 DAGs
[2024-11-14T08:07:58.482+0000] {logging_mixin.py:190} INFO - [2024-11-14T08:07:58.481+0000] {dag.py:4180} INFO - Setting next_dagrun for example_task_group to None, run_after=None
[2024-11-14T08:07:58.524+0000] {processor.py:208} INFO - Processing /home/airflow/.local/lib/python3.12/site-packages/airflow/example_dags/example_task_group.py took 0.191 seconds
[2024-11-14T08:08:28.943+0000] {processor.py:186} INFO - Started process (PID=127) to work on /home/airflow/.local/lib/python3.12/site-packages/airflow/example_dags/example_task_group.py
[2024-11-14T08:08:28.945+0000] {processor.py:914} INFO - Processing file /home/airflow/.local/lib/python3.12/site-packages/airflow/example_dags/example_task_group.py for tasks to queue
[2024-11-14T08:08:28.949+0000] {logging_mixin.py:190} INFO - [2024-11-14T08:08:28.948+0000] {dagbag.py:588} INFO - Filling up the DagBag from /home/airflow/.local/lib/python3.12/site-packages/airflow/example_dags/example_task_group.py
[2024-11-14T08:08:28.961+0000] {processor.py:925} INFO - DAG(s) 'example_task_group' retrieved from /home/airflow/.local/lib/python3.12/site-packages/airflow/example_dags/example_task_group.py
[2024-11-14T08:08:28.993+0000] {logging_mixin.py:190} INFO - [2024-11-14T08:08:28.993+0000] {dag.py:3239} INFO - Sync 1 DAGs
[2024-11-14T08:08:29.013+0000] {logging_mixin.py:190} INFO - [2024-11-14T08:08:29.013+0000] {dag.py:4180} INFO - Setting next_dagrun for example_task_group to None, run_after=None
[2024-11-14T08:08:29.038+0000] {processor.py:208} INFO - Processing /home/airflow/.local/lib/python3.12/site-packages/airflow/example_dags/example_task_group.py took 0.106 seconds
[2024-11-14T08:08:59.776+0000] {processor.py:186} INFO - Started process (PID=189) to work on /home/airflow/.local/lib/python3.12/site-packages/airflow/example_dags/example_task_group.py
[2024-11-14T08:08:59.778+0000] {processor.py:914} INFO - Processing file /home/airflow/.local/lib/python3.12/site-packages/airflow/example_dags/example_task_group.py for tasks to queue
[2024-11-14T08:08:59.781+0000] {logging_mixin.py:190} INFO - [2024-11-14T08:08:59.780+0000] {dagbag.py:588} INFO - Filling up the DagBag from /home/airflow/.local/lib/python3.12/site-packages/airflow/example_dags/example_task_group.py
[2024-11-14T08:08:59.790+0000] {processor.py:925} INFO - DAG(s) 'example_task_group' retrieved from /home/airflow/.local/lib/python3.12/site-packages/airflow/example_dags/example_task_group.py
[2024-11-14T08:08:59.816+0000] {logging_mixin.py:190} INFO - [2024-11-14T08:08:59.815+0000] {dag.py:3239} INFO - Sync 1 DAGs
[2024-11-14T08:08:59.829+0000] {logging_mixin.py:190} INFO - [2024-11-14T08:08:59.829+0000] {dag.py:4180} INFO - Setting next_dagrun for example_task_group to None, run_after=None
[2024-11-14T08:08:59.851+0000] {processor.py:208} INFO - Processing /home/airflow/.local/lib/python3.12/site-packages/airflow/example_dags/example_task_group.py took 0.083 seconds
[2024-11-14T08:15:18.294+0000] {processor.py:186} INFO - Started process (PID=66) to work on /home/airflow/.local/lib/python3.12/site-packages/airflow/example_dags/example_task_group.py
[2024-11-14T08:15:18.297+0000] {processor.py:914} INFO - Processing file /home/airflow/.local/lib/python3.12/site-packages/airflow/example_dags/example_task_group.py for tasks to queue
[2024-11-14T08:15:18.302+0000] {logging_mixin.py:190} INFO - [2024-11-14T08:15:18.301+0000] {dagbag.py:588} INFO - Filling up the DagBag from /home/airflow/.local/lib/python3.12/site-packages/airflow/example_dags/example_task_group.py
[2024-11-14T08:15:18.357+0000] {processor.py:925} INFO - DAG(s) 'example_task_group' retrieved from /home/airflow/.local/lib/python3.12/site-packages/airflow/example_dags/example_task_group.py
[2024-11-14T08:15:18.802+0000] {logging_mixin.py:190} INFO - [2024-11-14T08:15:18.801+0000] {override.py:1900} INFO - Created Permission View: can edit on DAG:example_task_group
[2024-11-14T08:15:18.815+0000] {logging_mixin.py:190} INFO - [2024-11-14T08:15:18.814+0000] {override.py:1900} INFO - Created Permission View: can delete on DAG:example_task_group
[2024-11-14T08:15:18.825+0000] {logging_mixin.py:190} INFO - [2024-11-14T08:15:18.824+0000] {override.py:1900} INFO - Created Permission View: can read on DAG:example_task_group
[2024-11-14T08:15:18.838+0000] {logging_mixin.py:190} INFO - [2024-11-14T08:15:18.838+0000] {override.py:1900} INFO - Created Permission View: can delete on DAG Run:example_task_group
[2024-11-14T08:15:18.848+0000] {logging_mixin.py:190} INFO - [2024-11-14T08:15:18.847+0000] {override.py:1900} INFO - Created Permission View: can read on DAG Run:example_task_group
[2024-11-14T08:15:18.859+0000] {logging_mixin.py:190} INFO - [2024-11-14T08:15:18.858+0000] {override.py:1900} INFO - Created Permission View: can create on DAG Run:example_task_group
[2024-11-14T08:15:18.870+0000] {logging_mixin.py:190} INFO - [2024-11-14T08:15:18.869+0000] {override.py:1900} INFO - Created Permission View: menu access on DAG Run:example_task_group
[2024-11-14T08:15:18.871+0000] {logging_mixin.py:190} INFO - [2024-11-14T08:15:18.870+0000] {dag.py:3239} INFO - Sync 1 DAGs
[2024-11-14T08:15:18.897+0000] {logging_mixin.py:190} INFO - [2024-11-14T08:15:18.897+0000] {dag.py:3262} INFO - Creating ORM DAG for example_task_group
[2024-11-14T08:15:18.899+0000] {logging_mixin.py:190} INFO - [2024-11-14T08:15:18.899+0000] {dag.py:4180} INFO - Setting next_dagrun for example_task_group to None, run_after=None
[2024-11-14T08:15:18.928+0000] {processor.py:208} INFO - Processing /home/airflow/.local/lib/python3.12/site-packages/airflow/example_dags/example_task_group.py took 0.647 seconds
[2024-11-14T08:16:11.764+0000] {processor.py:186} INFO - Started process (PID=56) to work on /home/airflow/.local/lib/python3.12/site-packages/airflow/example_dags/example_task_group.py
[2024-11-14T08:16:11.765+0000] {processor.py:914} INFO - Processing file /home/airflow/.local/lib/python3.12/site-packages/airflow/example_dags/example_task_group.py for tasks to queue
[2024-11-14T08:16:11.769+0000] {logging_mixin.py:190} INFO - [2024-11-14T08:16:11.768+0000] {dagbag.py:588} INFO - Filling up the DagBag from /home/airflow/.local/lib/python3.12/site-packages/airflow/example_dags/example_task_group.py
[2024-11-14T08:16:11.782+0000] {processor.py:925} INFO - DAG(s) 'example_task_group' retrieved from /home/airflow/.local/lib/python3.12/site-packages/airflow/example_dags/example_task_group.py
[2024-11-14T08:16:11.816+0000] {logging_mixin.py:190} INFO - [2024-11-14T08:16:11.815+0000] {dag.py:3239} INFO - Sync 1 DAGs
[2024-11-14T08:16:11.833+0000] {logging_mixin.py:190} INFO - [2024-11-14T08:16:11.833+0000] {dag.py:4180} INFO - Setting next_dagrun for example_task_group to None, run_after=None
[2024-11-14T08:16:11.857+0000] {processor.py:208} INFO - Processing /home/airflow/.local/lib/python3.12/site-packages/airflow/example_dags/example_task_group.py took 0.100 seconds
[2024-11-14T08:16:42.881+0000] {processor.py:186} INFO - Started process (PID=125) to work on /home/airflow/.local/lib/python3.12/site-packages/airflow/example_dags/example_task_group.py
[2024-11-14T08:16:42.882+0000] {processor.py:914} INFO - Processing file /home/airflow/.local/lib/python3.12/site-packages/airflow/example_dags/example_task_group.py for tasks to queue
[2024-11-14T08:16:42.886+0000] {logging_mixin.py:190} INFO - [2024-11-14T08:16:42.886+0000] {dagbag.py:588} INFO - Filling up the DagBag from /home/airflow/.local/lib/python3.12/site-packages/airflow/example_dags/example_task_group.py
[2024-11-14T08:16:42.895+0000] {processor.py:925} INFO - DAG(s) 'example_task_group' retrieved from /home/airflow/.local/lib/python3.12/site-packages/airflow/example_dags/example_task_group.py
[2024-11-14T08:16:42.923+0000] {logging_mixin.py:190} INFO - [2024-11-14T08:16:42.923+0000] {dag.py:3239} INFO - Sync 1 DAGs
[2024-11-14T08:16:42.939+0000] {logging_mixin.py:190} INFO - [2024-11-14T08:16:42.939+0000] {dag.py:4180} INFO - Setting next_dagrun for example_task_group to None, run_after=None
[2024-11-14T08:16:42.960+0000] {processor.py:208} INFO - Processing /home/airflow/.local/lib/python3.12/site-packages/airflow/example_dags/example_task_group.py took 0.084 seconds
[2024-11-14T08:17:18.260+0000] {processor.py:186} INFO - Started process (PID=187) to work on /home/airflow/.local/lib/python3.12/site-packages/airflow/example_dags/example_task_group.py
[2024-11-14T08:17:18.262+0000] {processor.py:914} INFO - Processing file /home/airflow/.local/lib/python3.12/site-packages/airflow/example_dags/example_task_group.py for tasks to queue
[2024-11-14T08:17:18.265+0000] {logging_mixin.py:190} INFO - [2024-11-14T08:17:18.265+0000] {dagbag.py:588} INFO - Filling up the DagBag from /home/airflow/.local/lib/python3.12/site-packages/airflow/example_dags/example_task_group.py
[2024-11-14T08:17:18.273+0000] {processor.py:925} INFO - DAG(s) 'example_task_group' retrieved from /home/airflow/.local/lib/python3.12/site-packages/airflow/example_dags/example_task_group.py
[2024-11-14T08:17:18.298+0000] {logging_mixin.py:190} INFO - [2024-11-14T08:17:18.298+0000] {dag.py:3239} INFO - Sync 1 DAGs
[2024-11-14T08:17:18.312+0000] {logging_mixin.py:190} INFO - [2024-11-14T08:17:18.312+0000] {dag.py:4180} INFO - Setting next_dagrun for example_task_group to None, run_after=None
[2024-11-14T08:17:18.346+0000] {processor.py:208} INFO - Processing /home/airflow/.local/lib/python3.12/site-packages/airflow/example_dags/example_task_group.py took 0.092 seconds
[2024-11-14T08:17:49.256+0000] {processor.py:186} INFO - Started process (PID=249) to work on /home/airflow/.local/lib/python3.12/site-packages/airflow/example_dags/example_task_group.py
[2024-11-14T08:17:49.257+0000] {processor.py:914} INFO - Processing file /home/airflow/.local/lib/python3.12/site-packages/airflow/example_dags/example_task_group.py for tasks to queue
[2024-11-14T08:17:49.260+0000] {logging_mixin.py:190} INFO - [2024-11-14T08:17:49.259+0000] {dagbag.py:588} INFO - Filling up the DagBag from /home/airflow/.local/lib/python3.12/site-packages/airflow/example_dags/example_task_group.py
[2024-11-14T08:17:49.268+0000] {processor.py:925} INFO - DAG(s) 'example_task_group' retrieved from /home/airflow/.local/lib/python3.12/site-packages/airflow/example_dags/example_task_group.py
[2024-11-14T08:17:49.293+0000] {logging_mixin.py:190} INFO - [2024-11-14T08:17:49.293+0000] {dag.py:3239} INFO - Sync 1 DAGs
[2024-11-14T08:17:49.307+0000] {logging_mixin.py:190} INFO - [2024-11-14T08:17:49.307+0000] {dag.py:4180} INFO - Setting next_dagrun for example_task_group to None, run_after=None
[2024-11-14T08:17:49.328+0000] {processor.py:208} INFO - Processing /home/airflow/.local/lib/python3.12/site-packages/airflow/example_dags/example_task_group.py took 0.078 seconds
[2024-11-14T08:18:20.099+0000] {processor.py:186} INFO - Started process (PID=311) to work on /home/airflow/.local/lib/python3.12/site-packages/airflow/example_dags/example_task_group.py
[2024-11-14T08:18:20.101+0000] {processor.py:914} INFO - Processing file /home/airflow/.local/lib/python3.12/site-packages/airflow/example_dags/example_task_group.py for tasks to queue
[2024-11-14T08:18:20.104+0000] {logging_mixin.py:190} INFO - [2024-11-14T08:18:20.103+0000] {dagbag.py:588} INFO - Filling up the DagBag from /home/airflow/.local/lib/python3.12/site-packages/airflow/example_dags/example_task_group.py
[2024-11-14T08:18:20.111+0000] {processor.py:925} INFO - DAG(s) 'example_task_group' retrieved from /home/airflow/.local/lib/python3.12/site-packages/airflow/example_dags/example_task_group.py
[2024-11-14T08:18:20.138+0000] {logging_mixin.py:190} INFO - [2024-11-14T08:18:20.138+0000] {dag.py:3239} INFO - Sync 1 DAGs
[2024-11-14T08:18:20.152+0000] {logging_mixin.py:190} INFO - [2024-11-14T08:18:20.152+0000] {dag.py:4180} INFO - Setting next_dagrun for example_task_group to None, run_after=None
[2024-11-14T08:18:20.174+0000] {processor.py:208} INFO - Processing /home/airflow/.local/lib/python3.12/site-packages/airflow/example_dags/example_task_group.py took 0.081 seconds
