[2024-11-14T07:29:51.669+0000] {processor.py:186} INFO - Started process (PID=948) to work on /home/airflow/.local/lib/python3.12/site-packages/airflow/example_dags/example_inlet_event_extra.py
[2024-11-14T07:29:51.670+0000] {processor.py:914} INFO - Processing file /home/airflow/.local/lib/python3.12/site-packages/airflow/example_dags/example_inlet_event_extra.py for tasks to queue
[2024-11-14T07:29:51.673+0000] {logging_mixin.py:190} INFO - [2024-11-14T07:29:51.673+0000] {dagbag.py:588} INFO - Filling up the DagBag from /home/airflow/.local/lib/python3.12/site-packages/airflow/example_dags/example_inlet_event_extra.py
[2024-11-14T07:29:51.833+0000] {processor.py:925} INFO - DAG(s) 'read_dataset_event', 'read_dataset_event_from_classic' retrieved from /home/airflow/.local/lib/python3.12/site-packages/airflow/example_dags/example_inlet_event_extra.py
[2024-11-14T07:29:51.858+0000] {logging_mixin.py:190} INFO - [2024-11-14T07:29:51.857+0000] {dag.py:3239} INFO - Sync 2 DAGs
[2024-11-14T07:29:51.888+0000] {logging_mixin.py:190} INFO - [2024-11-14T07:29:51.887+0000] {dag.py:4180} INFO - Setting next_dagrun for read_dataset_event to 2024-11-13 00:00:00+00:00, run_after=2024-11-14 00:00:00+00:00
[2024-11-14T07:29:51.894+0000] {logging_mixin.py:190} INFO - [2024-11-14T07:29:51.894+0000] {dag.py:4180} INFO - Setting next_dagrun for read_dataset_event_from_classic to 2024-11-13 00:00:00+00:00, run_after=2024-11-14 00:00:00+00:00
[2024-11-14T07:29:51.917+0000] {processor.py:208} INFO - Processing /home/airflow/.local/lib/python3.12/site-packages/airflow/example_dags/example_inlet_event_extra.py took 0.254 seconds
[2024-11-14T07:30:22.579+0000] {processor.py:186} INFO - Started process (PID=1010) to work on /home/airflow/.local/lib/python3.12/site-packages/airflow/example_dags/example_inlet_event_extra.py
[2024-11-14T07:30:22.581+0000] {processor.py:914} INFO - Processing file /home/airflow/.local/lib/python3.12/site-packages/airflow/example_dags/example_inlet_event_extra.py for tasks to queue
[2024-11-14T07:30:22.584+0000] {logging_mixin.py:190} INFO - [2024-11-14T07:30:22.583+0000] {dagbag.py:588} INFO - Filling up the DagBag from /home/airflow/.local/lib/python3.12/site-packages/airflow/example_dags/example_inlet_event_extra.py
[2024-11-14T07:30:22.761+0000] {processor.py:925} INFO - DAG(s) 'read_dataset_event_from_classic', 'read_dataset_event' retrieved from /home/airflow/.local/lib/python3.12/site-packages/airflow/example_dags/example_inlet_event_extra.py
[2024-11-14T07:30:22.787+0000] {logging_mixin.py:190} INFO - [2024-11-14T07:30:22.787+0000] {dag.py:3239} INFO - Sync 2 DAGs
[2024-11-14T07:30:22.818+0000] {logging_mixin.py:190} INFO - [2024-11-14T07:30:22.818+0000] {dag.py:4180} INFO - Setting next_dagrun for read_dataset_event to 2024-11-13 00:00:00+00:00, run_after=2024-11-14 00:00:00+00:00
[2024-11-14T07:30:22.825+0000] {logging_mixin.py:190} INFO - [2024-11-14T07:30:22.825+0000] {dag.py:4180} INFO - Setting next_dagrun for read_dataset_event_from_classic to 2024-11-13 00:00:00+00:00, run_after=2024-11-14 00:00:00+00:00
[2024-11-14T07:30:22.852+0000] {processor.py:208} INFO - Processing /home/airflow/.local/lib/python3.12/site-packages/airflow/example_dags/example_inlet_event_extra.py took 0.279 seconds
[2024-11-14T07:30:52.930+0000] {processor.py:186} INFO - Started process (PID=1073) to work on /home/airflow/.local/lib/python3.12/site-packages/airflow/example_dags/example_inlet_event_extra.py
[2024-11-14T07:30:52.931+0000] {processor.py:914} INFO - Processing file /home/airflow/.local/lib/python3.12/site-packages/airflow/example_dags/example_inlet_event_extra.py for tasks to queue
[2024-11-14T07:30:52.935+0000] {logging_mixin.py:190} INFO - [2024-11-14T07:30:52.934+0000] {dagbag.py:588} INFO - Filling up the DagBag from /home/airflow/.local/lib/python3.12/site-packages/airflow/example_dags/example_inlet_event_extra.py
[2024-11-14T07:30:53.086+0000] {processor.py:925} INFO - DAG(s) 'read_dataset_event', 'read_dataset_event_from_classic' retrieved from /home/airflow/.local/lib/python3.12/site-packages/airflow/example_dags/example_inlet_event_extra.py
[2024-11-14T07:30:53.115+0000] {logging_mixin.py:190} INFO - [2024-11-14T07:30:53.114+0000] {dag.py:3239} INFO - Sync 2 DAGs
[2024-11-14T07:30:53.149+0000] {logging_mixin.py:190} INFO - [2024-11-14T07:30:53.148+0000] {dag.py:4180} INFO - Setting next_dagrun for read_dataset_event to 2024-11-13 00:00:00+00:00, run_after=2024-11-14 00:00:00+00:00
[2024-11-14T07:30:53.157+0000] {logging_mixin.py:190} INFO - [2024-11-14T07:30:53.156+0000] {dag.py:4180} INFO - Setting next_dagrun for read_dataset_event_from_classic to 2024-11-13 00:00:00+00:00, run_after=2024-11-14 00:00:00+00:00
[2024-11-14T07:30:53.183+0000] {processor.py:208} INFO - Processing /home/airflow/.local/lib/python3.12/site-packages/airflow/example_dags/example_inlet_event_extra.py took 0.259 seconds
[2024-11-14T07:42:03.705+0000] {processor.py:186} INFO - Started process (PID=87) to work on /home/airflow/.local/lib/python3.12/site-packages/airflow/example_dags/example_inlet_event_extra.py
[2024-11-14T07:42:03.707+0000] {processor.py:914} INFO - Processing file /home/airflow/.local/lib/python3.12/site-packages/airflow/example_dags/example_inlet_event_extra.py for tasks to queue
[2024-11-14T07:42:03.711+0000] {logging_mixin.py:190} INFO - [2024-11-14T07:42:03.710+0000] {dagbag.py:588} INFO - Filling up the DagBag from /home/airflow/.local/lib/python3.12/site-packages/airflow/example_dags/example_inlet_event_extra.py
[2024-11-14T07:42:04.411+0000] {processor.py:925} INFO - DAG(s) 'read_dataset_event_from_classic', 'read_dataset_event' retrieved from /home/airflow/.local/lib/python3.12/site-packages/airflow/example_dags/example_inlet_event_extra.py
[2024-11-14T07:42:04.437+0000] {logging_mixin.py:190} INFO - [2024-11-14T07:42:04.436+0000] {dag.py:3239} INFO - Sync 2 DAGs
[2024-11-14T07:42:04.464+0000] {logging_mixin.py:190} INFO - [2024-11-14T07:42:04.464+0000] {dag.py:4180} INFO - Setting next_dagrun for read_dataset_event to 2024-11-13 00:00:00+00:00, run_after=2024-11-14 00:00:00+00:00
[2024-11-14T07:42:04.469+0000] {logging_mixin.py:190} INFO - [2024-11-14T07:42:04.469+0000] {dag.py:4180} INFO - Setting next_dagrun for read_dataset_event_from_classic to 2024-11-13 00:00:00+00:00, run_after=2024-11-14 00:00:00+00:00
[2024-11-14T07:42:04.487+0000] {processor.py:208} INFO - Processing /home/airflow/.local/lib/python3.12/site-packages/airflow/example_dags/example_inlet_event_extra.py took 0.792 seconds
[2024-11-14T07:42:35.394+0000] {processor.py:186} INFO - Started process (PID=152) to work on /home/airflow/.local/lib/python3.12/site-packages/airflow/example_dags/example_inlet_event_extra.py
[2024-11-14T07:42:35.395+0000] {processor.py:914} INFO - Processing file /home/airflow/.local/lib/python3.12/site-packages/airflow/example_dags/example_inlet_event_extra.py for tasks to queue
[2024-11-14T07:42:35.399+0000] {logging_mixin.py:190} INFO - [2024-11-14T07:42:35.399+0000] {dagbag.py:588} INFO - Filling up the DagBag from /home/airflow/.local/lib/python3.12/site-packages/airflow/example_dags/example_inlet_event_extra.py
[2024-11-14T07:42:35.583+0000] {processor.py:925} INFO - DAG(s) 'read_dataset_event_from_classic', 'read_dataset_event' retrieved from /home/airflow/.local/lib/python3.12/site-packages/airflow/example_dags/example_inlet_event_extra.py
[2024-11-14T07:42:35.612+0000] {logging_mixin.py:190} INFO - [2024-11-14T07:42:35.611+0000] {dag.py:3239} INFO - Sync 2 DAGs
[2024-11-14T07:42:35.638+0000] {logging_mixin.py:190} INFO - [2024-11-14T07:42:35.638+0000] {dag.py:4180} INFO - Setting next_dagrun for read_dataset_event to 2024-11-13 00:00:00+00:00, run_after=2024-11-14 00:00:00+00:00
[2024-11-14T07:42:35.644+0000] {logging_mixin.py:190} INFO - [2024-11-14T07:42:35.643+0000] {dag.py:4180} INFO - Setting next_dagrun for read_dataset_event_from_classic to 2024-11-13 00:00:00+00:00, run_after=2024-11-14 00:00:00+00:00
[2024-11-14T07:42:35.685+0000] {processor.py:208} INFO - Processing /home/airflow/.local/lib/python3.12/site-packages/airflow/example_dags/example_inlet_event_extra.py took 0.298 seconds
[2024-11-14T07:49:33.883+0000] {processor.py:186} INFO - Started process (PID=120) to work on /home/airflow/.local/lib/python3.12/site-packages/airflow/example_dags/example_inlet_event_extra.py
[2024-11-14T07:49:33.884+0000] {processor.py:914} INFO - Processing file /home/airflow/.local/lib/python3.12/site-packages/airflow/example_dags/example_inlet_event_extra.py for tasks to queue
[2024-11-14T07:49:33.887+0000] {logging_mixin.py:190} INFO - [2024-11-14T07:49:33.887+0000] {dagbag.py:588} INFO - Filling up the DagBag from /home/airflow/.local/lib/python3.12/site-packages/airflow/example_dags/example_inlet_event_extra.py
[2024-11-14T07:49:34.053+0000] {processor.py:925} INFO - DAG(s) 'read_dataset_event_from_classic', 'read_dataset_event' retrieved from /home/airflow/.local/lib/python3.12/site-packages/airflow/example_dags/example_inlet_event_extra.py
[2024-11-14T07:49:34.084+0000] {logging_mixin.py:190} INFO - [2024-11-14T07:49:34.084+0000] {dag.py:3239} INFO - Sync 2 DAGs
[2024-11-14T07:49:34.110+0000] {logging_mixin.py:190} INFO - [2024-11-14T07:49:34.110+0000] {dag.py:4180} INFO - Setting next_dagrun for read_dataset_event to 2024-11-13 00:00:00+00:00, run_after=2024-11-14 00:00:00+00:00
[2024-11-14T07:49:34.117+0000] {logging_mixin.py:190} INFO - [2024-11-14T07:49:34.116+0000] {dag.py:4180} INFO - Setting next_dagrun for read_dataset_event_from_classic to 2024-11-13 00:00:00+00:00, run_after=2024-11-14 00:00:00+00:00
[2024-11-14T07:49:34.138+0000] {processor.py:208} INFO - Processing /home/airflow/.local/lib/python3.12/site-packages/airflow/example_dags/example_inlet_event_extra.py took 0.263 seconds
[2024-11-14T07:50:04.484+0000] {processor.py:186} INFO - Started process (PID=182) to work on /home/airflow/.local/lib/python3.12/site-packages/airflow/example_dags/example_inlet_event_extra.py
[2024-11-14T07:50:04.486+0000] {processor.py:914} INFO - Processing file /home/airflow/.local/lib/python3.12/site-packages/airflow/example_dags/example_inlet_event_extra.py for tasks to queue
[2024-11-14T07:50:04.488+0000] {logging_mixin.py:190} INFO - [2024-11-14T07:50:04.488+0000] {dagbag.py:588} INFO - Filling up the DagBag from /home/airflow/.local/lib/python3.12/site-packages/airflow/example_dags/example_inlet_event_extra.py
[2024-11-14T07:50:04.627+0000] {processor.py:925} INFO - DAG(s) 'read_dataset_event', 'read_dataset_event_from_classic' retrieved from /home/airflow/.local/lib/python3.12/site-packages/airflow/example_dags/example_inlet_event_extra.py
[2024-11-14T07:50:04.652+0000] {logging_mixin.py:190} INFO - [2024-11-14T07:50:04.651+0000] {dag.py:3239} INFO - Sync 2 DAGs
[2024-11-14T07:50:04.679+0000] {logging_mixin.py:190} INFO - [2024-11-14T07:50:04.679+0000] {dag.py:4180} INFO - Setting next_dagrun for read_dataset_event to 2024-11-13 00:00:00+00:00, run_after=2024-11-14 00:00:00+00:00
[2024-11-14T07:50:04.685+0000] {logging_mixin.py:190} INFO - [2024-11-14T07:50:04.685+0000] {dag.py:4180} INFO - Setting next_dagrun for read_dataset_event_from_classic to 2024-11-13 00:00:00+00:00, run_after=2024-11-14 00:00:00+00:00
[2024-11-14T07:50:04.705+0000] {processor.py:208} INFO - Processing /home/airflow/.local/lib/python3.12/site-packages/airflow/example_dags/example_inlet_event_extra.py took 0.226 seconds
[2024-11-14T07:50:35.905+0000] {processor.py:186} INFO - Started process (PID=244) to work on /home/airflow/.local/lib/python3.12/site-packages/airflow/example_dags/example_inlet_event_extra.py
[2024-11-14T07:50:35.907+0000] {processor.py:914} INFO - Processing file /home/airflow/.local/lib/python3.12/site-packages/airflow/example_dags/example_inlet_event_extra.py for tasks to queue
[2024-11-14T07:50:35.910+0000] {logging_mixin.py:190} INFO - [2024-11-14T07:50:35.910+0000] {dagbag.py:588} INFO - Filling up the DagBag from /home/airflow/.local/lib/python3.12/site-packages/airflow/example_dags/example_inlet_event_extra.py
[2024-11-14T07:50:36.094+0000] {processor.py:925} INFO - DAG(s) 'read_dataset_event', 'read_dataset_event_from_classic' retrieved from /home/airflow/.local/lib/python3.12/site-packages/airflow/example_dags/example_inlet_event_extra.py
[2024-11-14T07:50:36.119+0000] {logging_mixin.py:190} INFO - [2024-11-14T07:50:36.118+0000] {dag.py:3239} INFO - Sync 2 DAGs
[2024-11-14T07:50:36.147+0000] {logging_mixin.py:190} INFO - [2024-11-14T07:50:36.147+0000] {dag.py:4180} INFO - Setting next_dagrun for read_dataset_event to 2024-11-13 00:00:00+00:00, run_after=2024-11-14 00:00:00+00:00
[2024-11-14T07:50:36.153+0000] {logging_mixin.py:190} INFO - [2024-11-14T07:50:36.153+0000] {dag.py:4180} INFO - Setting next_dagrun for read_dataset_event_from_classic to 2024-11-13 00:00:00+00:00, run_after=2024-11-14 00:00:00+00:00
[2024-11-14T07:50:36.171+0000] {processor.py:208} INFO - Processing /home/airflow/.local/lib/python3.12/site-packages/airflow/example_dags/example_inlet_event_extra.py took 0.274 seconds
[2024-11-14T07:51:06.299+0000] {processor.py:186} INFO - Started process (PID=307) to work on /home/airflow/.local/lib/python3.12/site-packages/airflow/example_dags/example_inlet_event_extra.py
[2024-11-14T07:51:06.301+0000] {processor.py:914} INFO - Processing file /home/airflow/.local/lib/python3.12/site-packages/airflow/example_dags/example_inlet_event_extra.py for tasks to queue
[2024-11-14T07:51:06.303+0000] {logging_mixin.py:190} INFO - [2024-11-14T07:51:06.303+0000] {dagbag.py:588} INFO - Filling up the DagBag from /home/airflow/.local/lib/python3.12/site-packages/airflow/example_dags/example_inlet_event_extra.py
[2024-11-14T07:51:06.454+0000] {processor.py:925} INFO - DAG(s) 'read_dataset_event_from_classic', 'read_dataset_event' retrieved from /home/airflow/.local/lib/python3.12/site-packages/airflow/example_dags/example_inlet_event_extra.py
[2024-11-14T07:51:06.479+0000] {logging_mixin.py:190} INFO - [2024-11-14T07:51:06.479+0000] {dag.py:3239} INFO - Sync 2 DAGs
[2024-11-14T07:51:06.505+0000] {logging_mixin.py:190} INFO - [2024-11-14T07:51:06.505+0000] {dag.py:4180} INFO - Setting next_dagrun for read_dataset_event to 2024-11-13 00:00:00+00:00, run_after=2024-11-14 00:00:00+00:00
[2024-11-14T07:51:06.511+0000] {logging_mixin.py:190} INFO - [2024-11-14T07:51:06.511+0000] {dag.py:4180} INFO - Setting next_dagrun for read_dataset_event_from_classic to 2024-11-13 00:00:00+00:00, run_after=2024-11-14 00:00:00+00:00
[2024-11-14T07:51:06.535+0000] {processor.py:208} INFO - Processing /home/airflow/.local/lib/python3.12/site-packages/airflow/example_dags/example_inlet_event_extra.py took 0.242 seconds
[2024-11-14T07:51:36.967+0000] {processor.py:186} INFO - Started process (PID=368) to work on /home/airflow/.local/lib/python3.12/site-packages/airflow/example_dags/example_inlet_event_extra.py
[2024-11-14T07:51:36.968+0000] {processor.py:914} INFO - Processing file /home/airflow/.local/lib/python3.12/site-packages/airflow/example_dags/example_inlet_event_extra.py for tasks to queue
[2024-11-14T07:51:36.970+0000] {logging_mixin.py:190} INFO - [2024-11-14T07:51:36.970+0000] {dagbag.py:588} INFO - Filling up the DagBag from /home/airflow/.local/lib/python3.12/site-packages/airflow/example_dags/example_inlet_event_extra.py
[2024-11-14T07:51:37.121+0000] {processor.py:925} INFO - DAG(s) 'read_dataset_event_from_classic', 'read_dataset_event' retrieved from /home/airflow/.local/lib/python3.12/site-packages/airflow/example_dags/example_inlet_event_extra.py
[2024-11-14T07:51:37.147+0000] {logging_mixin.py:190} INFO - [2024-11-14T07:51:37.147+0000] {dag.py:3239} INFO - Sync 2 DAGs
[2024-11-14T07:51:37.174+0000] {logging_mixin.py:190} INFO - [2024-11-14T07:51:37.174+0000] {dag.py:4180} INFO - Setting next_dagrun for read_dataset_event to 2024-11-13 00:00:00+00:00, run_after=2024-11-14 00:00:00+00:00
[2024-11-14T07:51:37.180+0000] {logging_mixin.py:190} INFO - [2024-11-14T07:51:37.180+0000] {dag.py:4180} INFO - Setting next_dagrun for read_dataset_event_from_classic to 2024-11-13 00:00:00+00:00, run_after=2024-11-14 00:00:00+00:00
[2024-11-14T07:51:37.201+0000] {processor.py:208} INFO - Processing /home/airflow/.local/lib/python3.12/site-packages/airflow/example_dags/example_inlet_event_extra.py took 0.239 seconds
[2024-11-14T07:52:07.587+0000] {processor.py:186} INFO - Started process (PID=430) to work on /home/airflow/.local/lib/python3.12/site-packages/airflow/example_dags/example_inlet_event_extra.py
[2024-11-14T07:52:07.589+0000] {processor.py:914} INFO - Processing file /home/airflow/.local/lib/python3.12/site-packages/airflow/example_dags/example_inlet_event_extra.py for tasks to queue
[2024-11-14T07:52:07.591+0000] {logging_mixin.py:190} INFO - [2024-11-14T07:52:07.591+0000] {dagbag.py:588} INFO - Filling up the DagBag from /home/airflow/.local/lib/python3.12/site-packages/airflow/example_dags/example_inlet_event_extra.py
[2024-11-14T07:52:07.749+0000] {processor.py:925} INFO - DAG(s) 'read_dataset_event', 'read_dataset_event_from_classic' retrieved from /home/airflow/.local/lib/python3.12/site-packages/airflow/example_dags/example_inlet_event_extra.py
[2024-11-14T07:52:07.774+0000] {logging_mixin.py:190} INFO - [2024-11-14T07:52:07.774+0000] {dag.py:3239} INFO - Sync 2 DAGs
[2024-11-14T07:52:07.802+0000] {logging_mixin.py:190} INFO - [2024-11-14T07:52:07.802+0000] {dag.py:4180} INFO - Setting next_dagrun for read_dataset_event to 2024-11-13 00:00:00+00:00, run_after=2024-11-14 00:00:00+00:00
[2024-11-14T07:52:07.807+0000] {logging_mixin.py:190} INFO - [2024-11-14T07:52:07.807+0000] {dag.py:4180} INFO - Setting next_dagrun for read_dataset_event_from_classic to 2024-11-13 00:00:00+00:00, run_after=2024-11-14 00:00:00+00:00
[2024-11-14T07:52:07.832+0000] {processor.py:208} INFO - Processing /home/airflow/.local/lib/python3.12/site-packages/airflow/example_dags/example_inlet_event_extra.py took 0.251 seconds
[2024-11-14T07:52:37.933+0000] {processor.py:186} INFO - Started process (PID=493) to work on /home/airflow/.local/lib/python3.12/site-packages/airflow/example_dags/example_inlet_event_extra.py
[2024-11-14T07:52:37.934+0000] {processor.py:914} INFO - Processing file /home/airflow/.local/lib/python3.12/site-packages/airflow/example_dags/example_inlet_event_extra.py for tasks to queue
[2024-11-14T07:52:37.937+0000] {logging_mixin.py:190} INFO - [2024-11-14T07:52:37.936+0000] {dagbag.py:588} INFO - Filling up the DagBag from /home/airflow/.local/lib/python3.12/site-packages/airflow/example_dags/example_inlet_event_extra.py
[2024-11-14T07:52:38.082+0000] {processor.py:925} INFO - DAG(s) 'read_dataset_event', 'read_dataset_event_from_classic' retrieved from /home/airflow/.local/lib/python3.12/site-packages/airflow/example_dags/example_inlet_event_extra.py
[2024-11-14T07:52:38.107+0000] {logging_mixin.py:190} INFO - [2024-11-14T07:52:38.107+0000] {dag.py:3239} INFO - Sync 2 DAGs
[2024-11-14T07:52:38.134+0000] {logging_mixin.py:190} INFO - [2024-11-14T07:52:38.134+0000] {dag.py:4180} INFO - Setting next_dagrun for read_dataset_event to 2024-11-13 00:00:00+00:00, run_after=2024-11-14 00:00:00+00:00
[2024-11-14T07:52:38.140+0000] {logging_mixin.py:190} INFO - [2024-11-14T07:52:38.140+0000] {dag.py:4180} INFO - Setting next_dagrun for read_dataset_event_from_classic to 2024-11-13 00:00:00+00:00, run_after=2024-11-14 00:00:00+00:00
[2024-11-14T07:52:38.161+0000] {processor.py:208} INFO - Processing /home/airflow/.local/lib/python3.12/site-packages/airflow/example_dags/example_inlet_event_extra.py took 0.234 seconds
[2024-11-14T07:53:08.286+0000] {processor.py:186} INFO - Started process (PID=554) to work on /home/airflow/.local/lib/python3.12/site-packages/airflow/example_dags/example_inlet_event_extra.py
[2024-11-14T07:53:08.287+0000] {processor.py:914} INFO - Processing file /home/airflow/.local/lib/python3.12/site-packages/airflow/example_dags/example_inlet_event_extra.py for tasks to queue
[2024-11-14T07:53:08.290+0000] {logging_mixin.py:190} INFO - [2024-11-14T07:53:08.289+0000] {dagbag.py:588} INFO - Filling up the DagBag from /home/airflow/.local/lib/python3.12/site-packages/airflow/example_dags/example_inlet_event_extra.py
[2024-11-14T07:53:08.456+0000] {processor.py:925} INFO - DAG(s) 'read_dataset_event', 'read_dataset_event_from_classic' retrieved from /home/airflow/.local/lib/python3.12/site-packages/airflow/example_dags/example_inlet_event_extra.py
[2024-11-14T07:53:08.479+0000] {logging_mixin.py:190} INFO - [2024-11-14T07:53:08.479+0000] {dag.py:3239} INFO - Sync 2 DAGs
[2024-11-14T07:53:08.504+0000] {logging_mixin.py:190} INFO - [2024-11-14T07:53:08.503+0000] {dag.py:4180} INFO - Setting next_dagrun for read_dataset_event to 2024-11-13 00:00:00+00:00, run_after=2024-11-14 00:00:00+00:00
[2024-11-14T07:53:08.510+0000] {logging_mixin.py:190} INFO - [2024-11-14T07:53:08.510+0000] {dag.py:4180} INFO - Setting next_dagrun for read_dataset_event_from_classic to 2024-11-13 00:00:00+00:00, run_after=2024-11-14 00:00:00+00:00
[2024-11-14T07:53:08.533+0000] {processor.py:208} INFO - Processing /home/airflow/.local/lib/python3.12/site-packages/airflow/example_dags/example_inlet_event_extra.py took 0.253 seconds
[2024-11-14T07:53:39.084+0000] {processor.py:186} INFO - Started process (PID=616) to work on /home/airflow/.local/lib/python3.12/site-packages/airflow/example_dags/example_inlet_event_extra.py
[2024-11-14T07:53:39.085+0000] {processor.py:914} INFO - Processing file /home/airflow/.local/lib/python3.12/site-packages/airflow/example_dags/example_inlet_event_extra.py for tasks to queue
[2024-11-14T07:53:39.089+0000] {logging_mixin.py:190} INFO - [2024-11-14T07:53:39.088+0000] {dagbag.py:588} INFO - Filling up the DagBag from /home/airflow/.local/lib/python3.12/site-packages/airflow/example_dags/example_inlet_event_extra.py
[2024-11-14T07:53:39.267+0000] {processor.py:925} INFO - DAG(s) 'read_dataset_event', 'read_dataset_event_from_classic' retrieved from /home/airflow/.local/lib/python3.12/site-packages/airflow/example_dags/example_inlet_event_extra.py
[2024-11-14T07:53:39.314+0000] {logging_mixin.py:190} INFO - [2024-11-14T07:53:39.314+0000] {dag.py:3239} INFO - Sync 2 DAGs
[2024-11-14T07:53:39.358+0000] {logging_mixin.py:190} INFO - [2024-11-14T07:53:39.357+0000] {dag.py:4180} INFO - Setting next_dagrun for read_dataset_event to 2024-11-13 00:00:00+00:00, run_after=2024-11-14 00:00:00+00:00
[2024-11-14T07:53:39.365+0000] {logging_mixin.py:190} INFO - [2024-11-14T07:53:39.365+0000] {dag.py:4180} INFO - Setting next_dagrun for read_dataset_event_from_classic to 2024-11-13 00:00:00+00:00, run_after=2024-11-14 00:00:00+00:00
[2024-11-14T07:53:39.386+0000] {processor.py:208} INFO - Processing /home/airflow/.local/lib/python3.12/site-packages/airflow/example_dags/example_inlet_event_extra.py took 0.311 seconds
[2024-11-14T07:54:09.795+0000] {processor.py:186} INFO - Started process (PID=678) to work on /home/airflow/.local/lib/python3.12/site-packages/airflow/example_dags/example_inlet_event_extra.py
[2024-11-14T07:54:09.797+0000] {processor.py:914} INFO - Processing file /home/airflow/.local/lib/python3.12/site-packages/airflow/example_dags/example_inlet_event_extra.py for tasks to queue
[2024-11-14T07:54:09.800+0000] {logging_mixin.py:190} INFO - [2024-11-14T07:54:09.799+0000] {dagbag.py:588} INFO - Filling up the DagBag from /home/airflow/.local/lib/python3.12/site-packages/airflow/example_dags/example_inlet_event_extra.py
[2024-11-14T07:54:09.955+0000] {processor.py:925} INFO - DAG(s) 'read_dataset_event_from_classic', 'read_dataset_event' retrieved from /home/airflow/.local/lib/python3.12/site-packages/airflow/example_dags/example_inlet_event_extra.py
[2024-11-14T07:54:09.982+0000] {logging_mixin.py:190} INFO - [2024-11-14T07:54:09.982+0000] {dag.py:3239} INFO - Sync 2 DAGs
[2024-11-14T07:54:10.016+0000] {logging_mixin.py:190} INFO - [2024-11-14T07:54:10.016+0000] {dag.py:4180} INFO - Setting next_dagrun for read_dataset_event to 2024-11-13 00:00:00+00:00, run_after=2024-11-14 00:00:00+00:00
[2024-11-14T07:54:10.026+0000] {logging_mixin.py:190} INFO - [2024-11-14T07:54:10.025+0000] {dag.py:4180} INFO - Setting next_dagrun for read_dataset_event_from_classic to 2024-11-13 00:00:00+00:00, run_after=2024-11-14 00:00:00+00:00
[2024-11-14T07:54:10.046+0000] {processor.py:208} INFO - Processing /home/airflow/.local/lib/python3.12/site-packages/airflow/example_dags/example_inlet_event_extra.py took 0.258 seconds
[2024-11-14T07:54:40.548+0000] {processor.py:186} INFO - Started process (PID=740) to work on /home/airflow/.local/lib/python3.12/site-packages/airflow/example_dags/example_inlet_event_extra.py
[2024-11-14T07:54:40.549+0000] {processor.py:914} INFO - Processing file /home/airflow/.local/lib/python3.12/site-packages/airflow/example_dags/example_inlet_event_extra.py for tasks to queue
[2024-11-14T07:54:40.552+0000] {logging_mixin.py:190} INFO - [2024-11-14T07:54:40.552+0000] {dagbag.py:588} INFO - Filling up the DagBag from /home/airflow/.local/lib/python3.12/site-packages/airflow/example_dags/example_inlet_event_extra.py
[2024-11-14T07:54:40.691+0000] {processor.py:925} INFO - DAG(s) 'read_dataset_event_from_classic', 'read_dataset_event' retrieved from /home/airflow/.local/lib/python3.12/site-packages/airflow/example_dags/example_inlet_event_extra.py
[2024-11-14T07:54:40.713+0000] {logging_mixin.py:190} INFO - [2024-11-14T07:54:40.713+0000] {dag.py:3239} INFO - Sync 2 DAGs
[2024-11-14T07:54:40.739+0000] {logging_mixin.py:190} INFO - [2024-11-14T07:54:40.739+0000] {dag.py:4180} INFO - Setting next_dagrun for read_dataset_event to 2024-11-13 00:00:00+00:00, run_after=2024-11-14 00:00:00+00:00
[2024-11-14T07:54:40.745+0000] {logging_mixin.py:190} INFO - [2024-11-14T07:54:40.744+0000] {dag.py:4180} INFO - Setting next_dagrun for read_dataset_event_from_classic to 2024-11-13 00:00:00+00:00, run_after=2024-11-14 00:00:00+00:00
[2024-11-14T07:54:40.765+0000] {processor.py:208} INFO - Processing /home/airflow/.local/lib/python3.12/site-packages/airflow/example_dags/example_inlet_event_extra.py took 0.223 seconds
[2024-11-14T07:55:11.216+0000] {processor.py:186} INFO - Started process (PID=802) to work on /home/airflow/.local/lib/python3.12/site-packages/airflow/example_dags/example_inlet_event_extra.py
[2024-11-14T07:55:11.218+0000] {processor.py:914} INFO - Processing file /home/airflow/.local/lib/python3.12/site-packages/airflow/example_dags/example_inlet_event_extra.py for tasks to queue
[2024-11-14T07:55:11.220+0000] {logging_mixin.py:190} INFO - [2024-11-14T07:55:11.220+0000] {dagbag.py:588} INFO - Filling up the DagBag from /home/airflow/.local/lib/python3.12/site-packages/airflow/example_dags/example_inlet_event_extra.py
[2024-11-14T07:55:11.355+0000] {processor.py:925} INFO - DAG(s) 'read_dataset_event', 'read_dataset_event_from_classic' retrieved from /home/airflow/.local/lib/python3.12/site-packages/airflow/example_dags/example_inlet_event_extra.py
[2024-11-14T07:55:11.377+0000] {logging_mixin.py:190} INFO - [2024-11-14T07:55:11.376+0000] {dag.py:3239} INFO - Sync 2 DAGs
[2024-11-14T07:55:11.402+0000] {logging_mixin.py:190} INFO - [2024-11-14T07:55:11.402+0000] {dag.py:4180} INFO - Setting next_dagrun for read_dataset_event to 2024-11-13 00:00:00+00:00, run_after=2024-11-14 00:00:00+00:00
[2024-11-14T07:55:11.409+0000] {logging_mixin.py:190} INFO - [2024-11-14T07:55:11.409+0000] {dag.py:4180} INFO - Setting next_dagrun for read_dataset_event_from_classic to 2024-11-13 00:00:00+00:00, run_after=2024-11-14 00:00:00+00:00
[2024-11-14T07:55:11.433+0000] {processor.py:208} INFO - Processing /home/airflow/.local/lib/python3.12/site-packages/airflow/example_dags/example_inlet_event_extra.py took 0.222 seconds
[2024-11-14T07:55:41.719+0000] {processor.py:186} INFO - Started process (PID=864) to work on /home/airflow/.local/lib/python3.12/site-packages/airflow/example_dags/example_inlet_event_extra.py
[2024-11-14T07:55:41.721+0000] {processor.py:914} INFO - Processing file /home/airflow/.local/lib/python3.12/site-packages/airflow/example_dags/example_inlet_event_extra.py for tasks to queue
[2024-11-14T07:55:41.723+0000] {logging_mixin.py:190} INFO - [2024-11-14T07:55:41.723+0000] {dagbag.py:588} INFO - Filling up the DagBag from /home/airflow/.local/lib/python3.12/site-packages/airflow/example_dags/example_inlet_event_extra.py
[2024-11-14T07:55:41.864+0000] {processor.py:925} INFO - DAG(s) 'read_dataset_event_from_classic', 'read_dataset_event' retrieved from /home/airflow/.local/lib/python3.12/site-packages/airflow/example_dags/example_inlet_event_extra.py
[2024-11-14T07:55:41.889+0000] {logging_mixin.py:190} INFO - [2024-11-14T07:55:41.889+0000] {dag.py:3239} INFO - Sync 2 DAGs
[2024-11-14T07:55:41.913+0000] {logging_mixin.py:190} INFO - [2024-11-14T07:55:41.913+0000] {dag.py:4180} INFO - Setting next_dagrun for read_dataset_event to 2024-11-13 00:00:00+00:00, run_after=2024-11-14 00:00:00+00:00
[2024-11-14T07:55:41.919+0000] {logging_mixin.py:190} INFO - [2024-11-14T07:55:41.919+0000] {dag.py:4180} INFO - Setting next_dagrun for read_dataset_event_from_classic to 2024-11-13 00:00:00+00:00, run_after=2024-11-14 00:00:00+00:00
[2024-11-14T07:55:41.943+0000] {processor.py:208} INFO - Processing /home/airflow/.local/lib/python3.12/site-packages/airflow/example_dags/example_inlet_event_extra.py took 0.230 seconds
[2024-11-14T07:56:12.416+0000] {processor.py:186} INFO - Started process (PID=926) to work on /home/airflow/.local/lib/python3.12/site-packages/airflow/example_dags/example_inlet_event_extra.py
[2024-11-14T07:56:12.418+0000] {processor.py:914} INFO - Processing file /home/airflow/.local/lib/python3.12/site-packages/airflow/example_dags/example_inlet_event_extra.py for tasks to queue
[2024-11-14T07:56:12.420+0000] {logging_mixin.py:190} INFO - [2024-11-14T07:56:12.420+0000] {dagbag.py:588} INFO - Filling up the DagBag from /home/airflow/.local/lib/python3.12/site-packages/airflow/example_dags/example_inlet_event_extra.py
[2024-11-14T07:56:12.557+0000] {processor.py:925} INFO - DAG(s) 'read_dataset_event', 'read_dataset_event_from_classic' retrieved from /home/airflow/.local/lib/python3.12/site-packages/airflow/example_dags/example_inlet_event_extra.py
[2024-11-14T07:56:12.579+0000] {logging_mixin.py:190} INFO - [2024-11-14T07:56:12.579+0000] {dag.py:3239} INFO - Sync 2 DAGs
[2024-11-14T07:56:12.602+0000] {logging_mixin.py:190} INFO - [2024-11-14T07:56:12.602+0000] {dag.py:4180} INFO - Setting next_dagrun for read_dataset_event to 2024-11-13 00:00:00+00:00, run_after=2024-11-14 00:00:00+00:00
[2024-11-14T07:56:12.608+0000] {logging_mixin.py:190} INFO - [2024-11-14T07:56:12.608+0000] {dag.py:4180} INFO - Setting next_dagrun for read_dataset_event_from_classic to 2024-11-13 00:00:00+00:00, run_after=2024-11-14 00:00:00+00:00
[2024-11-14T07:56:12.629+0000] {processor.py:208} INFO - Processing /home/airflow/.local/lib/python3.12/site-packages/airflow/example_dags/example_inlet_event_extra.py took 0.219 seconds
[2024-11-14T07:56:42.867+0000] {processor.py:186} INFO - Started process (PID=987) to work on /home/airflow/.local/lib/python3.12/site-packages/airflow/example_dags/example_inlet_event_extra.py
[2024-11-14T07:56:42.868+0000] {processor.py:914} INFO - Processing file /home/airflow/.local/lib/python3.12/site-packages/airflow/example_dags/example_inlet_event_extra.py for tasks to queue
[2024-11-14T07:56:42.871+0000] {logging_mixin.py:190} INFO - [2024-11-14T07:56:42.871+0000] {dagbag.py:588} INFO - Filling up the DagBag from /home/airflow/.local/lib/python3.12/site-packages/airflow/example_dags/example_inlet_event_extra.py
[2024-11-14T07:56:43.035+0000] {processor.py:925} INFO - DAG(s) 'read_dataset_event', 'read_dataset_event_from_classic' retrieved from /home/airflow/.local/lib/python3.12/site-packages/airflow/example_dags/example_inlet_event_extra.py
[2024-11-14T07:56:43.066+0000] {logging_mixin.py:190} INFO - [2024-11-14T07:56:43.066+0000] {dag.py:3239} INFO - Sync 2 DAGs
[2024-11-14T07:56:43.092+0000] {logging_mixin.py:190} INFO - [2024-11-14T07:56:43.092+0000] {dag.py:4180} INFO - Setting next_dagrun for read_dataset_event to 2024-11-13 00:00:00+00:00, run_after=2024-11-14 00:00:00+00:00
[2024-11-14T07:56:43.099+0000] {logging_mixin.py:190} INFO - [2024-11-14T07:56:43.099+0000] {dag.py:4180} INFO - Setting next_dagrun for read_dataset_event_from_classic to 2024-11-13 00:00:00+00:00, run_after=2024-11-14 00:00:00+00:00
[2024-11-14T07:56:43.119+0000] {processor.py:208} INFO - Processing /home/airflow/.local/lib/python3.12/site-packages/airflow/example_dags/example_inlet_event_extra.py took 0.261 seconds
[2024-11-14T07:57:13.978+0000] {processor.py:186} INFO - Started process (PID=1055) to work on /home/airflow/.local/lib/python3.12/site-packages/airflow/example_dags/example_inlet_event_extra.py
[2024-11-14T07:57:13.979+0000] {processor.py:914} INFO - Processing file /home/airflow/.local/lib/python3.12/site-packages/airflow/example_dags/example_inlet_event_extra.py for tasks to queue
[2024-11-14T07:57:13.982+0000] {logging_mixin.py:190} INFO - [2024-11-14T07:57:13.982+0000] {dagbag.py:588} INFO - Filling up the DagBag from /home/airflow/.local/lib/python3.12/site-packages/airflow/example_dags/example_inlet_event_extra.py
[2024-11-14T07:57:14.153+0000] {processor.py:925} INFO - DAG(s) 'read_dataset_event_from_classic', 'read_dataset_event' retrieved from /home/airflow/.local/lib/python3.12/site-packages/airflow/example_dags/example_inlet_event_extra.py
[2024-11-14T07:57:14.181+0000] {logging_mixin.py:190} INFO - [2024-11-14T07:57:14.181+0000] {dag.py:3239} INFO - Sync 2 DAGs
[2024-11-14T07:57:14.209+0000] {logging_mixin.py:190} INFO - [2024-11-14T07:57:14.209+0000] {dag.py:4180} INFO - Setting next_dagrun for read_dataset_event to 2024-11-13 00:00:00+00:00, run_after=2024-11-14 00:00:00+00:00
[2024-11-14T07:57:14.218+0000] {logging_mixin.py:190} INFO - [2024-11-14T07:57:14.217+0000] {dag.py:4180} INFO - Setting next_dagrun for read_dataset_event_from_classic to 2024-11-13 00:00:00+00:00, run_after=2024-11-14 00:00:00+00:00
[2024-11-14T07:57:14.254+0000] {processor.py:208} INFO - Processing /home/airflow/.local/lib/python3.12/site-packages/airflow/example_dags/example_inlet_event_extra.py took 0.282 seconds
[2024-11-14T08:08:00.915+0000] {processor.py:186} INFO - Started process (PID=81) to work on /home/airflow/.local/lib/python3.12/site-packages/airflow/example_dags/example_inlet_event_extra.py
[2024-11-14T08:08:00.917+0000] {processor.py:914} INFO - Processing file /home/airflow/.local/lib/python3.12/site-packages/airflow/example_dags/example_inlet_event_extra.py for tasks to queue
[2024-11-14T08:08:00.920+0000] {logging_mixin.py:190} INFO - [2024-11-14T08:08:00.920+0000] {dagbag.py:588} INFO - Filling up the DagBag from /home/airflow/.local/lib/python3.12/site-packages/airflow/example_dags/example_inlet_event_extra.py
[2024-11-14T08:08:01.779+0000] {processor.py:925} INFO - DAG(s) 'read_dataset_event_from_classic', 'read_dataset_event' retrieved from /home/airflow/.local/lib/python3.12/site-packages/airflow/example_dags/example_inlet_event_extra.py
[2024-11-14T08:08:01.836+0000] {logging_mixin.py:190} INFO - [2024-11-14T08:08:01.835+0000] {dag.py:3239} INFO - Sync 2 DAGs
[2024-11-14T08:08:01.883+0000] {logging_mixin.py:190} INFO - [2024-11-14T08:08:01.883+0000] {dag.py:4180} INFO - Setting next_dagrun for read_dataset_event to 2024-11-13 00:00:00+00:00, run_after=2024-11-14 00:00:00+00:00
[2024-11-14T08:08:01.898+0000] {logging_mixin.py:190} INFO - [2024-11-14T08:08:01.897+0000] {dag.py:4180} INFO - Setting next_dagrun for read_dataset_event_from_classic to 2024-11-13 00:00:00+00:00, run_after=2024-11-14 00:00:00+00:00
[2024-11-14T08:08:01.937+0000] {processor.py:208} INFO - Processing /home/airflow/.local/lib/python3.12/site-packages/airflow/example_dags/example_inlet_event_extra.py took 1.032 seconds
[2024-11-14T08:08:32.160+0000] {processor.py:186} INFO - Started process (PID=149) to work on /home/airflow/.local/lib/python3.12/site-packages/airflow/example_dags/example_inlet_event_extra.py
[2024-11-14T08:08:32.161+0000] {processor.py:914} INFO - Processing file /home/airflow/.local/lib/python3.12/site-packages/airflow/example_dags/example_inlet_event_extra.py for tasks to queue
[2024-11-14T08:08:32.165+0000] {logging_mixin.py:190} INFO - [2024-11-14T08:08:32.164+0000] {dagbag.py:588} INFO - Filling up the DagBag from /home/airflow/.local/lib/python3.12/site-packages/airflow/example_dags/example_inlet_event_extra.py
[2024-11-14T08:08:32.349+0000] {processor.py:925} INFO - DAG(s) 'read_dataset_event', 'read_dataset_event_from_classic' retrieved from /home/airflow/.local/lib/python3.12/site-packages/airflow/example_dags/example_inlet_event_extra.py
[2024-11-14T08:08:32.382+0000] {logging_mixin.py:190} INFO - [2024-11-14T08:08:32.381+0000] {dag.py:3239} INFO - Sync 2 DAGs
[2024-11-14T08:08:32.417+0000] {logging_mixin.py:190} INFO - [2024-11-14T08:08:32.416+0000] {dag.py:4180} INFO - Setting next_dagrun for read_dataset_event to 2024-11-13 00:00:00+00:00, run_after=2024-11-14 00:00:00+00:00
[2024-11-14T08:08:32.425+0000] {logging_mixin.py:190} INFO - [2024-11-14T08:08:32.425+0000] {dag.py:4180} INFO - Setting next_dagrun for read_dataset_event_from_classic to 2024-11-13 00:00:00+00:00, run_after=2024-11-14 00:00:00+00:00
[2024-11-14T08:08:32.447+0000] {processor.py:208} INFO - Processing /home/airflow/.local/lib/python3.12/site-packages/airflow/example_dags/example_inlet_event_extra.py took 0.294 seconds
[2024-11-14T08:09:02.869+0000] {processor.py:186} INFO - Started process (PID=211) to work on /home/airflow/.local/lib/python3.12/site-packages/airflow/example_dags/example_inlet_event_extra.py
[2024-11-14T08:09:02.871+0000] {processor.py:914} INFO - Processing file /home/airflow/.local/lib/python3.12/site-packages/airflow/example_dags/example_inlet_event_extra.py for tasks to queue
[2024-11-14T08:09:02.874+0000] {logging_mixin.py:190} INFO - [2024-11-14T08:09:02.873+0000] {dagbag.py:588} INFO - Filling up the DagBag from /home/airflow/.local/lib/python3.12/site-packages/airflow/example_dags/example_inlet_event_extra.py
[2024-11-14T08:09:03.057+0000] {processor.py:925} INFO - DAG(s) 'read_dataset_event_from_classic', 'read_dataset_event' retrieved from /home/airflow/.local/lib/python3.12/site-packages/airflow/example_dags/example_inlet_event_extra.py
[2024-11-14T08:09:03.093+0000] {logging_mixin.py:190} INFO - [2024-11-14T08:09:03.092+0000] {dag.py:3239} INFO - Sync 2 DAGs
[2024-11-14T08:09:03.137+0000] {logging_mixin.py:190} INFO - [2024-11-14T08:09:03.137+0000] {dag.py:4180} INFO - Setting next_dagrun for read_dataset_event to 2024-11-13 00:00:00+00:00, run_after=2024-11-14 00:00:00+00:00
[2024-11-14T08:09:03.147+0000] {logging_mixin.py:190} INFO - [2024-11-14T08:09:03.147+0000] {dag.py:4180} INFO - Setting next_dagrun for read_dataset_event_from_classic to 2024-11-13 00:00:00+00:00, run_after=2024-11-14 00:00:00+00:00
[2024-11-14T08:09:03.174+0000] {processor.py:208} INFO - Processing /home/airflow/.local/lib/python3.12/site-packages/airflow/example_dags/example_inlet_event_extra.py took 0.310 seconds
[2024-11-14T08:15:22.044+0000] {processor.py:186} INFO - Started process (PID=88) to work on /home/airflow/.local/lib/python3.12/site-packages/airflow/example_dags/example_inlet_event_extra.py
[2024-11-14T08:15:22.045+0000] {processor.py:914} INFO - Processing file /home/airflow/.local/lib/python3.12/site-packages/airflow/example_dags/example_inlet_event_extra.py for tasks to queue
[2024-11-14T08:15:22.048+0000] {logging_mixin.py:190} INFO - [2024-11-14T08:15:22.048+0000] {dagbag.py:588} INFO - Filling up the DagBag from /home/airflow/.local/lib/python3.12/site-packages/airflow/example_dags/example_inlet_event_extra.py
[2024-11-14T08:15:22.664+0000] {processor.py:925} INFO - DAG(s) 'read_dataset_event_from_classic', 'read_dataset_event' retrieved from /home/airflow/.local/lib/python3.12/site-packages/airflow/example_dags/example_inlet_event_extra.py
[2024-11-14T08:15:22.789+0000] {logging_mixin.py:190} INFO - [2024-11-14T08:15:22.788+0000] {override.py:1900} INFO - Created Permission View: can edit on DAG:read_dataset_event_from_classic
[2024-11-14T08:15:22.802+0000] {logging_mixin.py:190} INFO - [2024-11-14T08:15:22.802+0000] {override.py:1900} INFO - Created Permission View: can delete on DAG:read_dataset_event_from_classic
[2024-11-14T08:15:22.811+0000] {logging_mixin.py:190} INFO - [2024-11-14T08:15:22.811+0000] {override.py:1900} INFO - Created Permission View: can read on DAG:read_dataset_event_from_classic
[2024-11-14T08:15:22.823+0000] {logging_mixin.py:190} INFO - [2024-11-14T08:15:22.823+0000] {override.py:1900} INFO - Created Permission View: can delete on DAG Run:read_dataset_event_from_classic
[2024-11-14T08:15:22.832+0000] {logging_mixin.py:190} INFO - [2024-11-14T08:15:22.832+0000] {override.py:1900} INFO - Created Permission View: can read on DAG Run:read_dataset_event_from_classic
[2024-11-14T08:15:22.843+0000] {logging_mixin.py:190} INFO - [2024-11-14T08:15:22.843+0000] {override.py:1900} INFO - Created Permission View: can create on DAG Run:read_dataset_event_from_classic
[2024-11-14T08:15:22.853+0000] {logging_mixin.py:190} INFO - [2024-11-14T08:15:22.852+0000] {override.py:1900} INFO - Created Permission View: menu access on DAG Run:read_dataset_event_from_classic
[2024-11-14T08:15:22.870+0000] {logging_mixin.py:190} INFO - [2024-11-14T08:15:22.869+0000] {override.py:1900} INFO - Created Permission View: can edit on DAG:read_dataset_event
[2024-11-14T08:15:22.880+0000] {logging_mixin.py:190} INFO - [2024-11-14T08:15:22.879+0000] {override.py:1900} INFO - Created Permission View: can delete on DAG:read_dataset_event
[2024-11-14T08:15:22.890+0000] {logging_mixin.py:190} INFO - [2024-11-14T08:15:22.890+0000] {override.py:1900} INFO - Created Permission View: can read on DAG:read_dataset_event
[2024-11-14T08:15:22.902+0000] {logging_mixin.py:190} INFO - [2024-11-14T08:15:22.901+0000] {override.py:1900} INFO - Created Permission View: can delete on DAG Run:read_dataset_event
[2024-11-14T08:15:22.912+0000] {logging_mixin.py:190} INFO - [2024-11-14T08:15:22.912+0000] {override.py:1900} INFO - Created Permission View: can read on DAG Run:read_dataset_event
[2024-11-14T08:15:22.922+0000] {logging_mixin.py:190} INFO - [2024-11-14T08:15:22.921+0000] {override.py:1900} INFO - Created Permission View: can create on DAG Run:read_dataset_event
[2024-11-14T08:15:22.931+0000] {logging_mixin.py:190} INFO - [2024-11-14T08:15:22.931+0000] {override.py:1900} INFO - Created Permission View: menu access on DAG Run:read_dataset_event
[2024-11-14T08:15:22.932+0000] {logging_mixin.py:190} INFO - [2024-11-14T08:15:22.932+0000] {dag.py:3239} INFO - Sync 2 DAGs
[2024-11-14T08:15:22.947+0000] {logging_mixin.py:190} INFO - [2024-11-14T08:15:22.946+0000] {dag.py:3262} INFO - Creating ORM DAG for read_dataset_event_from_classic
[2024-11-14T08:15:22.948+0000] {logging_mixin.py:190} INFO - [2024-11-14T08:15:22.948+0000] {dag.py:3262} INFO - Creating ORM DAG for read_dataset_event
[2024-11-14T08:15:22.960+0000] {logging_mixin.py:190} INFO - [2024-11-14T08:15:22.960+0000] {dag.py:4180} INFO - Setting next_dagrun for read_dataset_event to 2024-11-13 00:00:00+00:00, run_after=2024-11-14 00:00:00+00:00
[2024-11-14T08:15:22.962+0000] {logging_mixin.py:190} INFO - [2024-11-14T08:15:22.962+0000] {dag.py:4180} INFO - Setting next_dagrun for read_dataset_event_from_classic to 2024-11-13 00:00:00+00:00, run_after=2024-11-14 00:00:00+00:00
[2024-11-14T08:15:22.984+0000] {processor.py:208} INFO - Processing /home/airflow/.local/lib/python3.12/site-packages/airflow/example_dags/example_inlet_event_extra.py took 0.947 seconds
[2024-11-14T08:16:12.938+0000] {processor.py:186} INFO - Started process (PID=78) to work on /home/airflow/.local/lib/python3.12/site-packages/airflow/example_dags/example_inlet_event_extra.py
[2024-11-14T08:16:12.940+0000] {processor.py:914} INFO - Processing file /home/airflow/.local/lib/python3.12/site-packages/airflow/example_dags/example_inlet_event_extra.py for tasks to queue
[2024-11-14T08:16:12.942+0000] {logging_mixin.py:190} INFO - [2024-11-14T08:16:12.942+0000] {dagbag.py:588} INFO - Filling up the DagBag from /home/airflow/.local/lib/python3.12/site-packages/airflow/example_dags/example_inlet_event_extra.py
[2024-11-14T08:16:13.079+0000] {processor.py:925} INFO - DAG(s) 'read_dataset_event_from_classic', 'read_dataset_event' retrieved from /home/airflow/.local/lib/python3.12/site-packages/airflow/example_dags/example_inlet_event_extra.py
[2024-11-14T08:16:13.108+0000] {logging_mixin.py:190} INFO - [2024-11-14T08:16:13.108+0000] {dag.py:3239} INFO - Sync 2 DAGs
[2024-11-14T08:16:13.135+0000] {logging_mixin.py:190} INFO - [2024-11-14T08:16:13.135+0000] {dag.py:4180} INFO - Setting next_dagrun for read_dataset_event to 2024-11-13 00:00:00+00:00, run_after=2024-11-14 00:00:00+00:00
[2024-11-14T08:16:13.143+0000] {logging_mixin.py:190} INFO - [2024-11-14T08:16:13.143+0000] {dag.py:4180} INFO - Setting next_dagrun for read_dataset_event_from_classic to 2024-11-13 00:00:00+00:00, run_after=2024-11-14 00:00:00+00:00
[2024-11-14T08:16:13.169+0000] {processor.py:208} INFO - Processing /home/airflow/.local/lib/python3.12/site-packages/airflow/example_dags/example_inlet_event_extra.py took 0.237 seconds
[2024-11-14T08:16:48.757+0000] {processor.py:186} INFO - Started process (PID=141) to work on /home/airflow/.local/lib/python3.12/site-packages/airflow/example_dags/example_inlet_event_extra.py
[2024-11-14T08:16:48.758+0000] {processor.py:914} INFO - Processing file /home/airflow/.local/lib/python3.12/site-packages/airflow/example_dags/example_inlet_event_extra.py for tasks to queue
[2024-11-14T08:16:48.762+0000] {logging_mixin.py:190} INFO - [2024-11-14T08:16:48.761+0000] {dagbag.py:588} INFO - Filling up the DagBag from /home/airflow/.local/lib/python3.12/site-packages/airflow/example_dags/example_inlet_event_extra.py
[2024-11-14T08:16:48.932+0000] {processor.py:925} INFO - DAG(s) 'read_dataset_event_from_classic', 'read_dataset_event' retrieved from /home/airflow/.local/lib/python3.12/site-packages/airflow/example_dags/example_inlet_event_extra.py
[2024-11-14T08:16:48.958+0000] {logging_mixin.py:190} INFO - [2024-11-14T08:16:48.958+0000] {dag.py:3239} INFO - Sync 2 DAGs
[2024-11-14T08:16:48.989+0000] {logging_mixin.py:190} INFO - [2024-11-14T08:16:48.988+0000] {dag.py:4180} INFO - Setting next_dagrun for read_dataset_event to 2024-11-13 00:00:00+00:00, run_after=2024-11-14 00:00:00+00:00
[2024-11-14T08:16:48.994+0000] {logging_mixin.py:190} INFO - [2024-11-14T08:16:48.994+0000] {dag.py:4180} INFO - Setting next_dagrun for read_dataset_event_from_classic to 2024-11-13 00:00:00+00:00, run_after=2024-11-14 00:00:00+00:00
[2024-11-14T08:16:49.017+0000] {processor.py:208} INFO - Processing /home/airflow/.local/lib/python3.12/site-packages/airflow/example_dags/example_inlet_event_extra.py took 0.267 seconds
[2024-11-14T08:17:19.853+0000] {processor.py:186} INFO - Started process (PID=203) to work on /home/airflow/.local/lib/python3.12/site-packages/airflow/example_dags/example_inlet_event_extra.py
[2024-11-14T08:17:19.854+0000] {processor.py:914} INFO - Processing file /home/airflow/.local/lib/python3.12/site-packages/airflow/example_dags/example_inlet_event_extra.py for tasks to queue
[2024-11-14T08:17:19.857+0000] {logging_mixin.py:190} INFO - [2024-11-14T08:17:19.856+0000] {dagbag.py:588} INFO - Filling up the DagBag from /home/airflow/.local/lib/python3.12/site-packages/airflow/example_dags/example_inlet_event_extra.py
[2024-11-14T08:17:19.988+0000] {processor.py:925} INFO - DAG(s) 'read_dataset_event', 'read_dataset_event_from_classic' retrieved from /home/airflow/.local/lib/python3.12/site-packages/airflow/example_dags/example_inlet_event_extra.py
[2024-11-14T08:17:20.015+0000] {logging_mixin.py:190} INFO - [2024-11-14T08:17:20.015+0000] {dag.py:3239} INFO - Sync 2 DAGs
[2024-11-14T08:17:20.039+0000] {logging_mixin.py:190} INFO - [2024-11-14T08:17:20.039+0000] {dag.py:4180} INFO - Setting next_dagrun for read_dataset_event to 2024-11-13 00:00:00+00:00, run_after=2024-11-14 00:00:00+00:00
[2024-11-14T08:17:20.045+0000] {logging_mixin.py:190} INFO - [2024-11-14T08:17:20.044+0000] {dag.py:4180} INFO - Setting next_dagrun for read_dataset_event_from_classic to 2024-11-13 00:00:00+00:00, run_after=2024-11-14 00:00:00+00:00
[2024-11-14T08:17:20.064+0000] {processor.py:208} INFO - Processing /home/airflow/.local/lib/python3.12/site-packages/airflow/example_dags/example_inlet_event_extra.py took 0.217 seconds
[2024-11-14T08:17:55.622+0000] {processor.py:186} INFO - Started process (PID=265) to work on /home/airflow/.local/lib/python3.12/site-packages/airflow/example_dags/example_inlet_event_extra.py
[2024-11-14T08:17:55.623+0000] {processor.py:914} INFO - Processing file /home/airflow/.local/lib/python3.12/site-packages/airflow/example_dags/example_inlet_event_extra.py for tasks to queue
[2024-11-14T08:17:55.626+0000] {logging_mixin.py:190} INFO - [2024-11-14T08:17:55.626+0000] {dagbag.py:588} INFO - Filling up the DagBag from /home/airflow/.local/lib/python3.12/site-packages/airflow/example_dags/example_inlet_event_extra.py
[2024-11-14T08:17:55.773+0000] {processor.py:925} INFO - DAG(s) 'read_dataset_event', 'read_dataset_event_from_classic' retrieved from /home/airflow/.local/lib/python3.12/site-packages/airflow/example_dags/example_inlet_event_extra.py
[2024-11-14T08:17:55.797+0000] {logging_mixin.py:190} INFO - [2024-11-14T08:17:55.796+0000] {dag.py:3239} INFO - Sync 2 DAGs
[2024-11-14T08:17:55.824+0000] {logging_mixin.py:190} INFO - [2024-11-14T08:17:55.824+0000] {dag.py:4180} INFO - Setting next_dagrun for read_dataset_event to 2024-11-13 00:00:00+00:00, run_after=2024-11-14 00:00:00+00:00
[2024-11-14T08:17:55.832+0000] {logging_mixin.py:190} INFO - [2024-11-14T08:17:55.832+0000] {dag.py:4180} INFO - Setting next_dagrun for read_dataset_event_from_classic to 2024-11-13 00:00:00+00:00, run_after=2024-11-14 00:00:00+00:00
[2024-11-14T08:17:55.860+0000] {processor.py:208} INFO - Processing /home/airflow/.local/lib/python3.12/site-packages/airflow/example_dags/example_inlet_event_extra.py took 0.244 seconds
[2024-11-14T08:18:26.331+0000] {processor.py:186} INFO - Started process (PID=327) to work on /home/airflow/.local/lib/python3.12/site-packages/airflow/example_dags/example_inlet_event_extra.py
[2024-11-14T08:18:26.332+0000] {processor.py:914} INFO - Processing file /home/airflow/.local/lib/python3.12/site-packages/airflow/example_dags/example_inlet_event_extra.py for tasks to queue
[2024-11-14T08:18:26.337+0000] {logging_mixin.py:190} INFO - [2024-11-14T08:18:26.336+0000] {dagbag.py:588} INFO - Filling up the DagBag from /home/airflow/.local/lib/python3.12/site-packages/airflow/example_dags/example_inlet_event_extra.py
[2024-11-14T08:18:26.494+0000] {processor.py:925} INFO - DAG(s) 'read_dataset_event_from_classic', 'read_dataset_event' retrieved from /home/airflow/.local/lib/python3.12/site-packages/airflow/example_dags/example_inlet_event_extra.py
[2024-11-14T08:18:26.520+0000] {logging_mixin.py:190} INFO - [2024-11-14T08:18:26.519+0000] {dag.py:3239} INFO - Sync 2 DAGs
[2024-11-14T08:18:26.551+0000] {logging_mixin.py:190} INFO - [2024-11-14T08:18:26.550+0000] {dag.py:4180} INFO - Setting next_dagrun for read_dataset_event to 2024-11-13 00:00:00+00:00, run_after=2024-11-14 00:00:00+00:00
[2024-11-14T08:18:26.557+0000] {logging_mixin.py:190} INFO - [2024-11-14T08:18:26.557+0000] {dag.py:4180} INFO - Setting next_dagrun for read_dataset_event_from_classic to 2024-11-13 00:00:00+00:00, run_after=2024-11-14 00:00:00+00:00
[2024-11-14T08:18:26.577+0000] {processor.py:208} INFO - Processing /home/airflow/.local/lib/python3.12/site-packages/airflow/example_dags/example_inlet_event_extra.py took 0.253 seconds
