[2024-11-14T07:29:52.846+0000] {processor.py:186} INFO - Started process (PID=963) to work on /home/airflow/.local/lib/python3.12/site-packages/airflow/example_dags/example_nested_branch_dag.py
[2024-11-14T07:29:52.848+0000] {processor.py:914} INFO - Processing file /home/airflow/.local/lib/python3.12/site-packages/airflow/example_dags/example_nested_branch_dag.py for tasks to queue
[2024-11-14T07:29:52.851+0000] {logging_mixin.py:190} INFO - [2024-11-14T07:29:52.851+0000] {dagbag.py:588} INFO - Filling up the DagBag from /home/airflow/.local/lib/python3.12/site-packages/airflow/example_dags/example_nested_branch_dag.py
[2024-11-14T07:29:52.862+0000] {processor.py:925} INFO - DAG(s) 'example_nested_branch_dag' retrieved from /home/airflow/.local/lib/python3.12/site-packages/airflow/example_dags/example_nested_branch_dag.py
[2024-11-14T07:29:52.884+0000] {logging_mixin.py:190} INFO - [2024-11-14T07:29:52.884+0000] {dag.py:3239} INFO - Sync 1 DAGs
[2024-11-14T07:29:52.907+0000] {logging_mixin.py:190} INFO - [2024-11-14T07:29:52.907+0000] {dag.py:4180} INFO - Setting next_dagrun for example_nested_branch_dag to 2024-11-13 00:00:00+00:00, run_after=2024-11-14 00:00:00+00:00
[2024-11-14T07:29:52.930+0000] {processor.py:208} INFO - Processing /home/airflow/.local/lib/python3.12/site-packages/airflow/example_dags/example_nested_branch_dag.py took 0.089 seconds
[2024-11-14T07:30:24.283+0000] {processor.py:186} INFO - Started process (PID=1026) to work on /home/airflow/.local/lib/python3.12/site-packages/airflow/example_dags/example_nested_branch_dag.py
[2024-11-14T07:30:24.285+0000] {processor.py:914} INFO - Processing file /home/airflow/.local/lib/python3.12/site-packages/airflow/example_dags/example_nested_branch_dag.py for tasks to queue
[2024-11-14T07:30:24.288+0000] {logging_mixin.py:190} INFO - [2024-11-14T07:30:24.288+0000] {dagbag.py:588} INFO - Filling up the DagBag from /home/airflow/.local/lib/python3.12/site-packages/airflow/example_dags/example_nested_branch_dag.py
[2024-11-14T07:30:24.305+0000] {processor.py:925} INFO - DAG(s) 'example_nested_branch_dag' retrieved from /home/airflow/.local/lib/python3.12/site-packages/airflow/example_dags/example_nested_branch_dag.py
[2024-11-14T07:30:24.338+0000] {logging_mixin.py:190} INFO - [2024-11-14T07:30:24.337+0000] {dag.py:3239} INFO - Sync 1 DAGs
[2024-11-14T07:30:24.391+0000] {logging_mixin.py:190} INFO - [2024-11-14T07:30:24.391+0000] {dag.py:4180} INFO - Setting next_dagrun for example_nested_branch_dag to 2024-11-13 00:00:00+00:00, run_after=2024-11-14 00:00:00+00:00
[2024-11-14T07:30:24.428+0000] {processor.py:208} INFO - Processing /home/airflow/.local/lib/python3.12/site-packages/airflow/example_dags/example_nested_branch_dag.py took 0.154 seconds
[2024-11-14T07:30:54.661+0000] {processor.py:186} INFO - Started process (PID=1088) to work on /home/airflow/.local/lib/python3.12/site-packages/airflow/example_dags/example_nested_branch_dag.py
[2024-11-14T07:30:54.663+0000] {processor.py:914} INFO - Processing file /home/airflow/.local/lib/python3.12/site-packages/airflow/example_dags/example_nested_branch_dag.py for tasks to queue
[2024-11-14T07:30:54.667+0000] {logging_mixin.py:190} INFO - [2024-11-14T07:30:54.667+0000] {dagbag.py:588} INFO - Filling up the DagBag from /home/airflow/.local/lib/python3.12/site-packages/airflow/example_dags/example_nested_branch_dag.py
[2024-11-14T07:30:54.687+0000] {processor.py:925} INFO - DAG(s) 'example_nested_branch_dag' retrieved from /home/airflow/.local/lib/python3.12/site-packages/airflow/example_dags/example_nested_branch_dag.py
[2024-11-14T07:30:54.713+0000] {logging_mixin.py:190} INFO - [2024-11-14T07:30:54.712+0000] {dag.py:3239} INFO - Sync 1 DAGs
[2024-11-14T07:30:54.739+0000] {logging_mixin.py:190} INFO - [2024-11-14T07:30:54.738+0000] {dag.py:4180} INFO - Setting next_dagrun for example_nested_branch_dag to 2024-11-13 00:00:00+00:00, run_after=2024-11-14 00:00:00+00:00
[2024-11-14T07:30:54.761+0000] {processor.py:208} INFO - Processing /home/airflow/.local/lib/python3.12/site-packages/airflow/example_dags/example_nested_branch_dag.py took 0.109 seconds
[2024-11-14T07:42:05.496+0000] {processor.py:186} INFO - Started process (PID=103) to work on /home/airflow/.local/lib/python3.12/site-packages/airflow/example_dags/example_nested_branch_dag.py
[2024-11-14T07:42:05.497+0000] {processor.py:914} INFO - Processing file /home/airflow/.local/lib/python3.12/site-packages/airflow/example_dags/example_nested_branch_dag.py for tasks to queue
[2024-11-14T07:42:05.501+0000] {logging_mixin.py:190} INFO - [2024-11-14T07:42:05.500+0000] {dagbag.py:588} INFO - Filling up the DagBag from /home/airflow/.local/lib/python3.12/site-packages/airflow/example_dags/example_nested_branch_dag.py
[2024-11-14T07:42:05.517+0000] {processor.py:925} INFO - DAG(s) 'example_nested_branch_dag' retrieved from /home/airflow/.local/lib/python3.12/site-packages/airflow/example_dags/example_nested_branch_dag.py
[2024-11-14T07:42:05.543+0000] {logging_mixin.py:190} INFO - [2024-11-14T07:42:05.543+0000] {dag.py:3239} INFO - Sync 1 DAGs
[2024-11-14T07:42:05.570+0000] {logging_mixin.py:190} INFO - [2024-11-14T07:42:05.569+0000] {dag.py:4180} INFO - Setting next_dagrun for example_nested_branch_dag to 2024-11-13 00:00:00+00:00, run_after=2024-11-14 00:00:00+00:00
[2024-11-14T07:42:05.589+0000] {processor.py:208} INFO - Processing /home/airflow/.local/lib/python3.12/site-packages/airflow/example_dags/example_nested_branch_dag.py took 0.101 seconds
[2024-11-14T07:42:36.529+0000] {processor.py:186} INFO - Started process (PID=165) to work on /home/airflow/.local/lib/python3.12/site-packages/airflow/example_dags/example_nested_branch_dag.py
[2024-11-14T07:42:36.531+0000] {processor.py:914} INFO - Processing file /home/airflow/.local/lib/python3.12/site-packages/airflow/example_dags/example_nested_branch_dag.py for tasks to queue
[2024-11-14T07:42:36.533+0000] {logging_mixin.py:190} INFO - [2024-11-14T07:42:36.533+0000] {dagbag.py:588} INFO - Filling up the DagBag from /home/airflow/.local/lib/python3.12/site-packages/airflow/example_dags/example_nested_branch_dag.py
[2024-11-14T07:42:36.547+0000] {processor.py:925} INFO - DAG(s) 'example_nested_branch_dag' retrieved from /home/airflow/.local/lib/python3.12/site-packages/airflow/example_dags/example_nested_branch_dag.py
[2024-11-14T07:42:36.577+0000] {logging_mixin.py:190} INFO - [2024-11-14T07:42:36.576+0000] {dag.py:3239} INFO - Sync 1 DAGs
[2024-11-14T07:42:36.612+0000] {logging_mixin.py:190} INFO - [2024-11-14T07:42:36.611+0000] {dag.py:4180} INFO - Setting next_dagrun for example_nested_branch_dag to 2024-11-13 00:00:00+00:00, run_after=2024-11-14 00:00:00+00:00
[2024-11-14T07:42:36.638+0000] {processor.py:208} INFO - Processing /home/airflow/.local/lib/python3.12/site-packages/airflow/example_dags/example_nested_branch_dag.py took 0.116 seconds
[2024-11-14T07:49:36.016+0000] {processor.py:186} INFO - Started process (PID=136) to work on /home/airflow/.local/lib/python3.12/site-packages/airflow/example_dags/example_nested_branch_dag.py
[2024-11-14T07:49:36.017+0000] {processor.py:914} INFO - Processing file /home/airflow/.local/lib/python3.12/site-packages/airflow/example_dags/example_nested_branch_dag.py for tasks to queue
[2024-11-14T07:49:36.020+0000] {logging_mixin.py:190} INFO - [2024-11-14T07:49:36.020+0000] {dagbag.py:588} INFO - Filling up the DagBag from /home/airflow/.local/lib/python3.12/site-packages/airflow/example_dags/example_nested_branch_dag.py
[2024-11-14T07:49:36.034+0000] {processor.py:925} INFO - DAG(s) 'example_nested_branch_dag' retrieved from /home/airflow/.local/lib/python3.12/site-packages/airflow/example_dags/example_nested_branch_dag.py
[2024-11-14T07:49:36.063+0000] {logging_mixin.py:190} INFO - [2024-11-14T07:49:36.063+0000] {dag.py:3239} INFO - Sync 1 DAGs
[2024-11-14T07:49:36.093+0000] {logging_mixin.py:190} INFO - [2024-11-14T07:49:36.092+0000] {dag.py:4180} INFO - Setting next_dagrun for example_nested_branch_dag to 2024-11-13 00:00:00+00:00, run_after=2024-11-14 00:00:00+00:00
[2024-11-14T07:49:36.120+0000] {processor.py:208} INFO - Processing /home/airflow/.local/lib/python3.12/site-packages/airflow/example_dags/example_nested_branch_dag.py took 0.111 seconds
[2024-11-14T07:50:07.062+0000] {processor.py:186} INFO - Started process (PID=198) to work on /home/airflow/.local/lib/python3.12/site-packages/airflow/example_dags/example_nested_branch_dag.py
[2024-11-14T07:50:07.064+0000] {processor.py:914} INFO - Processing file /home/airflow/.local/lib/python3.12/site-packages/airflow/example_dags/example_nested_branch_dag.py for tasks to queue
[2024-11-14T07:50:07.066+0000] {logging_mixin.py:190} INFO - [2024-11-14T07:50:07.066+0000] {dagbag.py:588} INFO - Filling up the DagBag from /home/airflow/.local/lib/python3.12/site-packages/airflow/example_dags/example_nested_branch_dag.py
[2024-11-14T07:50:07.078+0000] {processor.py:925} INFO - DAG(s) 'example_nested_branch_dag' retrieved from /home/airflow/.local/lib/python3.12/site-packages/airflow/example_dags/example_nested_branch_dag.py
[2024-11-14T07:50:07.103+0000] {logging_mixin.py:190} INFO - [2024-11-14T07:50:07.103+0000] {dag.py:3239} INFO - Sync 1 DAGs
[2024-11-14T07:50:07.129+0000] {logging_mixin.py:190} INFO - [2024-11-14T07:50:07.129+0000] {dag.py:4180} INFO - Setting next_dagrun for example_nested_branch_dag to 2024-11-13 00:00:00+00:00, run_after=2024-11-14 00:00:00+00:00
[2024-11-14T07:50:07.153+0000] {processor.py:208} INFO - Processing /home/airflow/.local/lib/python3.12/site-packages/airflow/example_dags/example_nested_branch_dag.py took 0.097 seconds
[2024-11-14T07:50:37.525+0000] {processor.py:186} INFO - Started process (PID=260) to work on /home/airflow/.local/lib/python3.12/site-packages/airflow/example_dags/example_nested_branch_dag.py
[2024-11-14T07:50:37.526+0000] {processor.py:914} INFO - Processing file /home/airflow/.local/lib/python3.12/site-packages/airflow/example_dags/example_nested_branch_dag.py for tasks to queue
[2024-11-14T07:50:37.529+0000] {logging_mixin.py:190} INFO - [2024-11-14T07:50:37.529+0000] {dagbag.py:588} INFO - Filling up the DagBag from /home/airflow/.local/lib/python3.12/site-packages/airflow/example_dags/example_nested_branch_dag.py
[2024-11-14T07:50:37.546+0000] {processor.py:925} INFO - DAG(s) 'example_nested_branch_dag' retrieved from /home/airflow/.local/lib/python3.12/site-packages/airflow/example_dags/example_nested_branch_dag.py
[2024-11-14T07:50:37.576+0000] {logging_mixin.py:190} INFO - [2024-11-14T07:50:37.576+0000] {dag.py:3239} INFO - Sync 1 DAGs
[2024-11-14T07:50:37.612+0000] {logging_mixin.py:190} INFO - [2024-11-14T07:50:37.611+0000] {dag.py:4180} INFO - Setting next_dagrun for example_nested_branch_dag to 2024-11-13 00:00:00+00:00, run_after=2024-11-14 00:00:00+00:00
[2024-11-14T07:50:37.633+0000] {processor.py:208} INFO - Processing /home/airflow/.local/lib/python3.12/site-packages/airflow/example_dags/example_nested_branch_dag.py took 0.115 seconds
[2024-11-14T07:51:08.694+0000] {processor.py:186} INFO - Started process (PID=322) to work on /home/airflow/.local/lib/python3.12/site-packages/airflow/example_dags/example_nested_branch_dag.py
[2024-11-14T07:51:08.696+0000] {processor.py:914} INFO - Processing file /home/airflow/.local/lib/python3.12/site-packages/airflow/example_dags/example_nested_branch_dag.py for tasks to queue
[2024-11-14T07:51:08.698+0000] {logging_mixin.py:190} INFO - [2024-11-14T07:51:08.698+0000] {dagbag.py:588} INFO - Filling up the DagBag from /home/airflow/.local/lib/python3.12/site-packages/airflow/example_dags/example_nested_branch_dag.py
[2024-11-14T07:51:08.722+0000] {processor.py:925} INFO - DAG(s) 'example_nested_branch_dag' retrieved from /home/airflow/.local/lib/python3.12/site-packages/airflow/example_dags/example_nested_branch_dag.py
[2024-11-14T07:51:08.758+0000] {logging_mixin.py:190} INFO - [2024-11-14T07:51:08.757+0000] {dag.py:3239} INFO - Sync 1 DAGs
[2024-11-14T07:51:08.781+0000] {logging_mixin.py:190} INFO - [2024-11-14T07:51:08.781+0000] {dag.py:4180} INFO - Setting next_dagrun for example_nested_branch_dag to 2024-11-13 00:00:00+00:00, run_after=2024-11-14 00:00:00+00:00
[2024-11-14T07:51:08.800+0000] {processor.py:208} INFO - Processing /home/airflow/.local/lib/python3.12/site-packages/airflow/example_dags/example_nested_branch_dag.py took 0.112 seconds
[2024-11-14T07:51:39.655+0000] {processor.py:186} INFO - Started process (PID=384) to work on /home/airflow/.local/lib/python3.12/site-packages/airflow/example_dags/example_nested_branch_dag.py
[2024-11-14T07:51:39.656+0000] {processor.py:914} INFO - Processing file /home/airflow/.local/lib/python3.12/site-packages/airflow/example_dags/example_nested_branch_dag.py for tasks to queue
[2024-11-14T07:51:39.659+0000] {logging_mixin.py:190} INFO - [2024-11-14T07:51:39.658+0000] {dagbag.py:588} INFO - Filling up the DagBag from /home/airflow/.local/lib/python3.12/site-packages/airflow/example_dags/example_nested_branch_dag.py
[2024-11-14T07:51:39.671+0000] {processor.py:925} INFO - DAG(s) 'example_nested_branch_dag' retrieved from /home/airflow/.local/lib/python3.12/site-packages/airflow/example_dags/example_nested_branch_dag.py
[2024-11-14T07:51:39.706+0000] {logging_mixin.py:190} INFO - [2024-11-14T07:51:39.705+0000] {dag.py:3239} INFO - Sync 1 DAGs
[2024-11-14T07:51:39.735+0000] {logging_mixin.py:190} INFO - [2024-11-14T07:51:39.735+0000] {dag.py:4180} INFO - Setting next_dagrun for example_nested_branch_dag to 2024-11-13 00:00:00+00:00, run_after=2024-11-14 00:00:00+00:00
[2024-11-14T07:51:39.767+0000] {processor.py:208} INFO - Processing /home/airflow/.local/lib/python3.12/site-packages/airflow/example_dags/example_nested_branch_dag.py took 0.117 seconds
[2024-11-14T07:52:09.985+0000] {processor.py:186} INFO - Started process (PID=446) to work on /home/airflow/.local/lib/python3.12/site-packages/airflow/example_dags/example_nested_branch_dag.py
[2024-11-14T07:52:09.987+0000] {processor.py:914} INFO - Processing file /home/airflow/.local/lib/python3.12/site-packages/airflow/example_dags/example_nested_branch_dag.py for tasks to queue
[2024-11-14T07:52:09.989+0000] {logging_mixin.py:190} INFO - [2024-11-14T07:52:09.989+0000] {dagbag.py:588} INFO - Filling up the DagBag from /home/airflow/.local/lib/python3.12/site-packages/airflow/example_dags/example_nested_branch_dag.py
[2024-11-14T07:52:10.001+0000] {processor.py:925} INFO - DAG(s) 'example_nested_branch_dag' retrieved from /home/airflow/.local/lib/python3.12/site-packages/airflow/example_dags/example_nested_branch_dag.py
[2024-11-14T07:52:10.024+0000] {logging_mixin.py:190} INFO - [2024-11-14T07:52:10.024+0000] {dag.py:3239} INFO - Sync 1 DAGs
[2024-11-14T07:52:10.047+0000] {logging_mixin.py:190} INFO - [2024-11-14T07:52:10.046+0000] {dag.py:4180} INFO - Setting next_dagrun for example_nested_branch_dag to 2024-11-13 00:00:00+00:00, run_after=2024-11-14 00:00:00+00:00
[2024-11-14T07:52:10.069+0000] {processor.py:208} INFO - Processing /home/airflow/.local/lib/python3.12/site-packages/airflow/example_dags/example_nested_branch_dag.py took 0.089 seconds
[2024-11-14T07:52:41.284+0000] {processor.py:186} INFO - Started process (PID=508) to work on /home/airflow/.local/lib/python3.12/site-packages/airflow/example_dags/example_nested_branch_dag.py
[2024-11-14T07:52:41.286+0000] {processor.py:914} INFO - Processing file /home/airflow/.local/lib/python3.12/site-packages/airflow/example_dags/example_nested_branch_dag.py for tasks to queue
[2024-11-14T07:52:41.288+0000] {logging_mixin.py:190} INFO - [2024-11-14T07:52:41.288+0000] {dagbag.py:588} INFO - Filling up the DagBag from /home/airflow/.local/lib/python3.12/site-packages/airflow/example_dags/example_nested_branch_dag.py
[2024-11-14T07:52:41.301+0000] {processor.py:925} INFO - DAG(s) 'example_nested_branch_dag' retrieved from /home/airflow/.local/lib/python3.12/site-packages/airflow/example_dags/example_nested_branch_dag.py
[2024-11-14T07:52:41.326+0000] {logging_mixin.py:190} INFO - [2024-11-14T07:52:41.326+0000] {dag.py:3239} INFO - Sync 1 DAGs
[2024-11-14T07:52:41.353+0000] {logging_mixin.py:190} INFO - [2024-11-14T07:52:41.352+0000] {dag.py:4180} INFO - Setting next_dagrun for example_nested_branch_dag to 2024-11-13 00:00:00+00:00, run_after=2024-11-14 00:00:00+00:00
[2024-11-14T07:52:41.376+0000] {processor.py:208} INFO - Processing /home/airflow/.local/lib/python3.12/site-packages/airflow/example_dags/example_nested_branch_dag.py took 0.098 seconds
[2024-11-14T07:53:11.728+0000] {processor.py:186} INFO - Started process (PID=570) to work on /home/airflow/.local/lib/python3.12/site-packages/airflow/example_dags/example_nested_branch_dag.py
[2024-11-14T07:53:11.729+0000] {processor.py:914} INFO - Processing file /home/airflow/.local/lib/python3.12/site-packages/airflow/example_dags/example_nested_branch_dag.py for tasks to queue
[2024-11-14T07:53:11.732+0000] {logging_mixin.py:190} INFO - [2024-11-14T07:53:11.731+0000] {dagbag.py:588} INFO - Filling up the DagBag from /home/airflow/.local/lib/python3.12/site-packages/airflow/example_dags/example_nested_branch_dag.py
[2024-11-14T07:53:11.744+0000] {processor.py:925} INFO - DAG(s) 'example_nested_branch_dag' retrieved from /home/airflow/.local/lib/python3.12/site-packages/airflow/example_dags/example_nested_branch_dag.py
[2024-11-14T07:53:11.765+0000] {logging_mixin.py:190} INFO - [2024-11-14T07:53:11.765+0000] {dag.py:3239} INFO - Sync 1 DAGs
[2024-11-14T07:53:11.791+0000] {logging_mixin.py:190} INFO - [2024-11-14T07:53:11.791+0000] {dag.py:4180} INFO - Setting next_dagrun for example_nested_branch_dag to 2024-11-13 00:00:00+00:00, run_after=2024-11-14 00:00:00+00:00
[2024-11-14T07:53:11.811+0000] {processor.py:208} INFO - Processing /home/airflow/.local/lib/python3.12/site-packages/airflow/example_dags/example_nested_branch_dag.py took 0.089 seconds
[2024-11-14T07:53:42.549+0000] {processor.py:186} INFO - Started process (PID=632) to work on /home/airflow/.local/lib/python3.12/site-packages/airflow/example_dags/example_nested_branch_dag.py
[2024-11-14T07:53:42.551+0000] {processor.py:914} INFO - Processing file /home/airflow/.local/lib/python3.12/site-packages/airflow/example_dags/example_nested_branch_dag.py for tasks to queue
[2024-11-14T07:53:42.554+0000] {logging_mixin.py:190} INFO - [2024-11-14T07:53:42.553+0000] {dagbag.py:588} INFO - Filling up the DagBag from /home/airflow/.local/lib/python3.12/site-packages/airflow/example_dags/example_nested_branch_dag.py
[2024-11-14T07:53:42.567+0000] {processor.py:925} INFO - DAG(s) 'example_nested_branch_dag' retrieved from /home/airflow/.local/lib/python3.12/site-packages/airflow/example_dags/example_nested_branch_dag.py
[2024-11-14T07:53:42.593+0000] {logging_mixin.py:190} INFO - [2024-11-14T07:53:42.592+0000] {dag.py:3239} INFO - Sync 1 DAGs
[2024-11-14T07:53:42.622+0000] {logging_mixin.py:190} INFO - [2024-11-14T07:53:42.622+0000] {dag.py:4180} INFO - Setting next_dagrun for example_nested_branch_dag to 2024-11-13 00:00:00+00:00, run_after=2024-11-14 00:00:00+00:00
[2024-11-14T07:53:42.649+0000] {processor.py:208} INFO - Processing /home/airflow/.local/lib/python3.12/site-packages/airflow/example_dags/example_nested_branch_dag.py took 0.106 seconds
[2024-11-14T07:54:13.234+0000] {processor.py:186} INFO - Started process (PID=700) to work on /home/airflow/.local/lib/python3.12/site-packages/airflow/example_dags/example_nested_branch_dag.py
[2024-11-14T07:54:13.235+0000] {processor.py:914} INFO - Processing file /home/airflow/.local/lib/python3.12/site-packages/airflow/example_dags/example_nested_branch_dag.py for tasks to queue
[2024-11-14T07:54:13.238+0000] {logging_mixin.py:190} INFO - [2024-11-14T07:54:13.238+0000] {dagbag.py:588} INFO - Filling up the DagBag from /home/airflow/.local/lib/python3.12/site-packages/airflow/example_dags/example_nested_branch_dag.py
[2024-11-14T07:54:13.249+0000] {processor.py:925} INFO - DAG(s) 'example_nested_branch_dag' retrieved from /home/airflow/.local/lib/python3.12/site-packages/airflow/example_dags/example_nested_branch_dag.py
[2024-11-14T07:54:13.274+0000] {logging_mixin.py:190} INFO - [2024-11-14T07:54:13.274+0000] {dag.py:3239} INFO - Sync 1 DAGs
[2024-11-14T07:54:13.299+0000] {logging_mixin.py:190} INFO - [2024-11-14T07:54:13.298+0000] {dag.py:4180} INFO - Setting next_dagrun for example_nested_branch_dag to 2024-11-13 00:00:00+00:00, run_after=2024-11-14 00:00:00+00:00
[2024-11-14T07:54:13.328+0000] {processor.py:208} INFO - Processing /home/airflow/.local/lib/python3.12/site-packages/airflow/example_dags/example_nested_branch_dag.py took 0.100 seconds
[2024-11-14T07:54:43.803+0000] {processor.py:186} INFO - Started process (PID=762) to work on /home/airflow/.local/lib/python3.12/site-packages/airflow/example_dags/example_nested_branch_dag.py
[2024-11-14T07:54:43.804+0000] {processor.py:914} INFO - Processing file /home/airflow/.local/lib/python3.12/site-packages/airflow/example_dags/example_nested_branch_dag.py for tasks to queue
[2024-11-14T07:54:43.808+0000] {logging_mixin.py:190} INFO - [2024-11-14T07:54:43.807+0000] {dagbag.py:588} INFO - Filling up the DagBag from /home/airflow/.local/lib/python3.12/site-packages/airflow/example_dags/example_nested_branch_dag.py
[2024-11-14T07:54:43.820+0000] {processor.py:925} INFO - DAG(s) 'example_nested_branch_dag' retrieved from /home/airflow/.local/lib/python3.12/site-packages/airflow/example_dags/example_nested_branch_dag.py
[2024-11-14T07:54:43.847+0000] {logging_mixin.py:190} INFO - [2024-11-14T07:54:43.847+0000] {dag.py:3239} INFO - Sync 1 DAGs
[2024-11-14T07:54:43.872+0000] {logging_mixin.py:190} INFO - [2024-11-14T07:54:43.872+0000] {dag.py:4180} INFO - Setting next_dagrun for example_nested_branch_dag to 2024-11-13 00:00:00+00:00, run_after=2024-11-14 00:00:00+00:00
[2024-11-14T07:54:43.900+0000] {processor.py:208} INFO - Processing /home/airflow/.local/lib/python3.12/site-packages/airflow/example_dags/example_nested_branch_dag.py took 0.104 seconds
[2024-11-14T07:55:14.597+0000] {processor.py:186} INFO - Started process (PID=824) to work on /home/airflow/.local/lib/python3.12/site-packages/airflow/example_dags/example_nested_branch_dag.py
[2024-11-14T07:55:14.598+0000] {processor.py:914} INFO - Processing file /home/airflow/.local/lib/python3.12/site-packages/airflow/example_dags/example_nested_branch_dag.py for tasks to queue
[2024-11-14T07:55:14.601+0000] {logging_mixin.py:190} INFO - [2024-11-14T07:55:14.601+0000] {dagbag.py:588} INFO - Filling up the DagBag from /home/airflow/.local/lib/python3.12/site-packages/airflow/example_dags/example_nested_branch_dag.py
[2024-11-14T07:55:14.612+0000] {processor.py:925} INFO - DAG(s) 'example_nested_branch_dag' retrieved from /home/airflow/.local/lib/python3.12/site-packages/airflow/example_dags/example_nested_branch_dag.py
[2024-11-14T07:55:14.637+0000] {logging_mixin.py:190} INFO - [2024-11-14T07:55:14.637+0000] {dag.py:3239} INFO - Sync 1 DAGs
[2024-11-14T07:55:14.660+0000] {logging_mixin.py:190} INFO - [2024-11-14T07:55:14.660+0000] {dag.py:4180} INFO - Setting next_dagrun for example_nested_branch_dag to 2024-11-13 00:00:00+00:00, run_after=2024-11-14 00:00:00+00:00
[2024-11-14T07:55:14.681+0000] {processor.py:208} INFO - Processing /home/airflow/.local/lib/python3.12/site-packages/airflow/example_dags/example_nested_branch_dag.py took 0.090 seconds
[2024-11-14T07:55:45.289+0000] {processor.py:186} INFO - Started process (PID=887) to work on /home/airflow/.local/lib/python3.12/site-packages/airflow/example_dags/example_nested_branch_dag.py
[2024-11-14T07:55:45.291+0000] {processor.py:914} INFO - Processing file /home/airflow/.local/lib/python3.12/site-packages/airflow/example_dags/example_nested_branch_dag.py for tasks to queue
[2024-11-14T07:55:45.295+0000] {logging_mixin.py:190} INFO - [2024-11-14T07:55:45.294+0000] {dagbag.py:588} INFO - Filling up the DagBag from /home/airflow/.local/lib/python3.12/site-packages/airflow/example_dags/example_nested_branch_dag.py
[2024-11-14T07:55:45.307+0000] {processor.py:925} INFO - DAG(s) 'example_nested_branch_dag' retrieved from /home/airflow/.local/lib/python3.12/site-packages/airflow/example_dags/example_nested_branch_dag.py
[2024-11-14T07:55:45.329+0000] {logging_mixin.py:190} INFO - [2024-11-14T07:55:45.329+0000] {dag.py:3239} INFO - Sync 1 DAGs
[2024-11-14T07:55:45.352+0000] {logging_mixin.py:190} INFO - [2024-11-14T07:55:45.352+0000] {dag.py:4180} INFO - Setting next_dagrun for example_nested_branch_dag to 2024-11-13 00:00:00+00:00, run_after=2024-11-14 00:00:00+00:00
[2024-11-14T07:55:45.372+0000] {processor.py:208} INFO - Processing /home/airflow/.local/lib/python3.12/site-packages/airflow/example_dags/example_nested_branch_dag.py took 0.090 seconds
[2024-11-14T07:56:15.889+0000] {processor.py:186} INFO - Started process (PID=948) to work on /home/airflow/.local/lib/python3.12/site-packages/airflow/example_dags/example_nested_branch_dag.py
[2024-11-14T07:56:15.890+0000] {processor.py:914} INFO - Processing file /home/airflow/.local/lib/python3.12/site-packages/airflow/example_dags/example_nested_branch_dag.py for tasks to queue
[2024-11-14T07:56:15.894+0000] {logging_mixin.py:190} INFO - [2024-11-14T07:56:15.893+0000] {dagbag.py:588} INFO - Filling up the DagBag from /home/airflow/.local/lib/python3.12/site-packages/airflow/example_dags/example_nested_branch_dag.py
[2024-11-14T07:56:15.912+0000] {processor.py:925} INFO - DAG(s) 'example_nested_branch_dag' retrieved from /home/airflow/.local/lib/python3.12/site-packages/airflow/example_dags/example_nested_branch_dag.py
[2024-11-14T07:56:15.943+0000] {logging_mixin.py:190} INFO - [2024-11-14T07:56:15.942+0000] {dag.py:3239} INFO - Sync 1 DAGs
[2024-11-14T07:56:15.969+0000] {logging_mixin.py:190} INFO - [2024-11-14T07:56:15.968+0000] {dag.py:4180} INFO - Setting next_dagrun for example_nested_branch_dag to 2024-11-13 00:00:00+00:00, run_after=2024-11-14 00:00:00+00:00
[2024-11-14T07:56:15.988+0000] {processor.py:208} INFO - Processing /home/airflow/.local/lib/python3.12/site-packages/airflow/example_dags/example_nested_branch_dag.py took 0.107 seconds
[2024-11-14T07:56:46.326+0000] {processor.py:186} INFO - Started process (PID=1009) to work on /home/airflow/.local/lib/python3.12/site-packages/airflow/example_dags/example_nested_branch_dag.py
[2024-11-14T07:56:46.328+0000] {processor.py:914} INFO - Processing file /home/airflow/.local/lib/python3.12/site-packages/airflow/example_dags/example_nested_branch_dag.py for tasks to queue
[2024-11-14T07:56:46.330+0000] {logging_mixin.py:190} INFO - [2024-11-14T07:56:46.330+0000] {dagbag.py:588} INFO - Filling up the DagBag from /home/airflow/.local/lib/python3.12/site-packages/airflow/example_dags/example_nested_branch_dag.py
[2024-11-14T07:56:46.341+0000] {processor.py:925} INFO - DAG(s) 'example_nested_branch_dag' retrieved from /home/airflow/.local/lib/python3.12/site-packages/airflow/example_dags/example_nested_branch_dag.py
[2024-11-14T07:56:46.364+0000] {logging_mixin.py:190} INFO - [2024-11-14T07:56:46.364+0000] {dag.py:3239} INFO - Sync 1 DAGs
[2024-11-14T07:56:46.392+0000] {logging_mixin.py:190} INFO - [2024-11-14T07:56:46.392+0000] {dag.py:4180} INFO - Setting next_dagrun for example_nested_branch_dag to 2024-11-13 00:00:00+00:00, run_after=2024-11-14 00:00:00+00:00
[2024-11-14T07:56:46.418+0000] {processor.py:208} INFO - Processing /home/airflow/.local/lib/python3.12/site-packages/airflow/example_dags/example_nested_branch_dag.py took 0.096 seconds
[2024-11-14T07:57:16.652+0000] {processor.py:186} INFO - Started process (PID=1071) to work on /home/airflow/.local/lib/python3.12/site-packages/airflow/example_dags/example_nested_branch_dag.py
[2024-11-14T07:57:16.654+0000] {processor.py:914} INFO - Processing file /home/airflow/.local/lib/python3.12/site-packages/airflow/example_dags/example_nested_branch_dag.py for tasks to queue
[2024-11-14T07:57:16.659+0000] {logging_mixin.py:190} INFO - [2024-11-14T07:57:16.658+0000] {dagbag.py:588} INFO - Filling up the DagBag from /home/airflow/.local/lib/python3.12/site-packages/airflow/example_dags/example_nested_branch_dag.py
[2024-11-14T07:57:16.683+0000] {processor.py:925} INFO - DAG(s) 'example_nested_branch_dag' retrieved from /home/airflow/.local/lib/python3.12/site-packages/airflow/example_dags/example_nested_branch_dag.py
[2024-11-14T07:57:16.715+0000] {logging_mixin.py:190} INFO - [2024-11-14T07:57:16.714+0000] {dag.py:3239} INFO - Sync 1 DAGs
[2024-11-14T07:57:16.748+0000] {logging_mixin.py:190} INFO - [2024-11-14T07:57:16.748+0000] {dag.py:4180} INFO - Setting next_dagrun for example_nested_branch_dag to 2024-11-13 00:00:00+00:00, run_after=2024-11-14 00:00:00+00:00
[2024-11-14T07:57:16.774+0000] {processor.py:208} INFO - Processing /home/airflow/.local/lib/python3.12/site-packages/airflow/example_dags/example_nested_branch_dag.py took 0.128 seconds
[2024-11-14T08:08:03.710+0000] {processor.py:186} INFO - Started process (PID=103) to work on /home/airflow/.local/lib/python3.12/site-packages/airflow/example_dags/example_nested_branch_dag.py
[2024-11-14T08:08:03.712+0000] {processor.py:914} INFO - Processing file /home/airflow/.local/lib/python3.12/site-packages/airflow/example_dags/example_nested_branch_dag.py for tasks to queue
[2024-11-14T08:08:03.716+0000] {logging_mixin.py:190} INFO - [2024-11-14T08:08:03.716+0000] {dagbag.py:588} INFO - Filling up the DagBag from /home/airflow/.local/lib/python3.12/site-packages/airflow/example_dags/example_nested_branch_dag.py
[2024-11-14T08:08:03.737+0000] {processor.py:925} INFO - DAG(s) 'example_nested_branch_dag' retrieved from /home/airflow/.local/lib/python3.12/site-packages/airflow/example_dags/example_nested_branch_dag.py
[2024-11-14T08:08:03.778+0000] {logging_mixin.py:190} INFO - [2024-11-14T08:08:03.777+0000] {dag.py:3239} INFO - Sync 1 DAGs
[2024-11-14T08:08:03.824+0000] {logging_mixin.py:190} INFO - [2024-11-14T08:08:03.824+0000] {dag.py:4180} INFO - Setting next_dagrun for example_nested_branch_dag to 2024-11-13 00:00:00+00:00, run_after=2024-11-14 00:00:00+00:00
[2024-11-14T08:08:03.863+0000] {processor.py:208} INFO - Processing /home/airflow/.local/lib/python3.12/site-packages/airflow/example_dags/example_nested_branch_dag.py took 0.163 seconds
[2024-11-14T08:08:34.378+0000] {processor.py:186} INFO - Started process (PID=165) to work on /home/airflow/.local/lib/python3.12/site-packages/airflow/example_dags/example_nested_branch_dag.py
[2024-11-14T08:08:34.380+0000] {processor.py:914} INFO - Processing file /home/airflow/.local/lib/python3.12/site-packages/airflow/example_dags/example_nested_branch_dag.py for tasks to queue
[2024-11-14T08:08:34.384+0000] {logging_mixin.py:190} INFO - [2024-11-14T08:08:34.383+0000] {dagbag.py:588} INFO - Filling up the DagBag from /home/airflow/.local/lib/python3.12/site-packages/airflow/example_dags/example_nested_branch_dag.py
[2024-11-14T08:08:34.399+0000] {processor.py:925} INFO - DAG(s) 'example_nested_branch_dag' retrieved from /home/airflow/.local/lib/python3.12/site-packages/airflow/example_dags/example_nested_branch_dag.py
[2024-11-14T08:08:34.428+0000] {logging_mixin.py:190} INFO - [2024-11-14T08:08:34.428+0000] {dag.py:3239} INFO - Sync 1 DAGs
[2024-11-14T08:08:34.466+0000] {logging_mixin.py:190} INFO - [2024-11-14T08:08:34.466+0000] {dag.py:4180} INFO - Setting next_dagrun for example_nested_branch_dag to 2024-11-13 00:00:00+00:00, run_after=2024-11-14 00:00:00+00:00
[2024-11-14T08:08:34.493+0000] {processor.py:208} INFO - Processing /home/airflow/.local/lib/python3.12/site-packages/airflow/example_dags/example_nested_branch_dag.py took 0.124 seconds
[2024-11-14T08:15:25.431+0000] {processor.py:186} INFO - Started process (PID=104) to work on /home/airflow/.local/lib/python3.12/site-packages/airflow/example_dags/example_nested_branch_dag.py
[2024-11-14T08:15:25.433+0000] {processor.py:914} INFO - Processing file /home/airflow/.local/lib/python3.12/site-packages/airflow/example_dags/example_nested_branch_dag.py for tasks to queue
[2024-11-14T08:15:25.436+0000] {logging_mixin.py:190} INFO - [2024-11-14T08:15:25.436+0000] {dagbag.py:588} INFO - Filling up the DagBag from /home/airflow/.local/lib/python3.12/site-packages/airflow/example_dags/example_nested_branch_dag.py
[2024-11-14T08:15:25.451+0000] {processor.py:925} INFO - DAG(s) 'example_nested_branch_dag' retrieved from /home/airflow/.local/lib/python3.12/site-packages/airflow/example_dags/example_nested_branch_dag.py
[2024-11-14T08:15:25.604+0000] {logging_mixin.py:190} INFO - [2024-11-14T08:15:25.603+0000] {override.py:1900} INFO - Created Permission View: can edit on DAG:example_nested_branch_dag
[2024-11-14T08:15:25.617+0000] {logging_mixin.py:190} INFO - [2024-11-14T08:15:25.617+0000] {override.py:1900} INFO - Created Permission View: can delete on DAG:example_nested_branch_dag
[2024-11-14T08:15:25.627+0000] {logging_mixin.py:190} INFO - [2024-11-14T08:15:25.626+0000] {override.py:1900} INFO - Created Permission View: can read on DAG:example_nested_branch_dag
[2024-11-14T08:15:25.638+0000] {logging_mixin.py:190} INFO - [2024-11-14T08:15:25.638+0000] {override.py:1900} INFO - Created Permission View: can delete on DAG Run:example_nested_branch_dag
[2024-11-14T08:15:25.647+0000] {logging_mixin.py:190} INFO - [2024-11-14T08:15:25.647+0000] {override.py:1900} INFO - Created Permission View: can read on DAG Run:example_nested_branch_dag
[2024-11-14T08:15:25.656+0000] {logging_mixin.py:190} INFO - [2024-11-14T08:15:25.656+0000] {override.py:1900} INFO - Created Permission View: can create on DAG Run:example_nested_branch_dag
[2024-11-14T08:15:25.666+0000] {logging_mixin.py:190} INFO - [2024-11-14T08:15:25.666+0000] {override.py:1900} INFO - Created Permission View: menu access on DAG Run:example_nested_branch_dag
[2024-11-14T08:15:25.667+0000] {logging_mixin.py:190} INFO - [2024-11-14T08:15:25.667+0000] {dag.py:3239} INFO - Sync 1 DAGs
[2024-11-14T08:15:25.682+0000] {logging_mixin.py:190} INFO - [2024-11-14T08:15:25.681+0000] {dag.py:3262} INFO - Creating ORM DAG for example_nested_branch_dag
[2024-11-14T08:15:25.693+0000] {logging_mixin.py:190} INFO - [2024-11-14T08:15:25.693+0000] {dag.py:4180} INFO - Setting next_dagrun for example_nested_branch_dag to 2024-11-13 00:00:00+00:00, run_after=2024-11-14 00:00:00+00:00
[2024-11-14T08:15:25.714+0000] {processor.py:208} INFO - Processing /home/airflow/.local/lib/python3.12/site-packages/airflow/example_dags/example_nested_branch_dag.py took 0.290 seconds
[2024-11-14T08:16:14.468+0000] {processor.py:186} INFO - Started process (PID=94) to work on /home/airflow/.local/lib/python3.12/site-packages/airflow/example_dags/example_nested_branch_dag.py
[2024-11-14T08:16:14.470+0000] {processor.py:914} INFO - Processing file /home/airflow/.local/lib/python3.12/site-packages/airflow/example_dags/example_nested_branch_dag.py for tasks to queue
[2024-11-14T08:16:14.473+0000] {logging_mixin.py:190} INFO - [2024-11-14T08:16:14.473+0000] {dagbag.py:588} INFO - Filling up the DagBag from /home/airflow/.local/lib/python3.12/site-packages/airflow/example_dags/example_nested_branch_dag.py
[2024-11-14T08:16:14.488+0000] {processor.py:925} INFO - DAG(s) 'example_nested_branch_dag' retrieved from /home/airflow/.local/lib/python3.12/site-packages/airflow/example_dags/example_nested_branch_dag.py
[2024-11-14T08:16:14.516+0000] {logging_mixin.py:190} INFO - [2024-11-14T08:16:14.516+0000] {dag.py:3239} INFO - Sync 1 DAGs
[2024-11-14T08:16:14.546+0000] {logging_mixin.py:190} INFO - [2024-11-14T08:16:14.546+0000] {dag.py:4180} INFO - Setting next_dagrun for example_nested_branch_dag to 2024-11-13 00:00:00+00:00, run_after=2024-11-14 00:00:00+00:00
[2024-11-14T08:16:14.572+0000] {processor.py:208} INFO - Processing /home/airflow/.local/lib/python3.12/site-packages/airflow/example_dags/example_nested_branch_dag.py took 0.111 seconds
[2024-11-14T08:16:50.074+0000] {processor.py:186} INFO - Started process (PID=157) to work on /home/airflow/.local/lib/python3.12/site-packages/airflow/example_dags/example_nested_branch_dag.py
[2024-11-14T08:16:50.076+0000] {processor.py:914} INFO - Processing file /home/airflow/.local/lib/python3.12/site-packages/airflow/example_dags/example_nested_branch_dag.py for tasks to queue
[2024-11-14T08:16:50.079+0000] {logging_mixin.py:190} INFO - [2024-11-14T08:16:50.078+0000] {dagbag.py:588} INFO - Filling up the DagBag from /home/airflow/.local/lib/python3.12/site-packages/airflow/example_dags/example_nested_branch_dag.py
[2024-11-14T08:16:50.090+0000] {processor.py:925} INFO - DAG(s) 'example_nested_branch_dag' retrieved from /home/airflow/.local/lib/python3.12/site-packages/airflow/example_dags/example_nested_branch_dag.py
[2024-11-14T08:16:50.112+0000] {logging_mixin.py:190} INFO - [2024-11-14T08:16:50.112+0000] {dag.py:3239} INFO - Sync 1 DAGs
[2024-11-14T08:16:50.143+0000] {logging_mixin.py:190} INFO - [2024-11-14T08:16:50.143+0000] {dag.py:4180} INFO - Setting next_dagrun for example_nested_branch_dag to 2024-11-13 00:00:00+00:00, run_after=2024-11-14 00:00:00+00:00
[2024-11-14T08:16:50.167+0000] {processor.py:208} INFO - Processing /home/airflow/.local/lib/python3.12/site-packages/airflow/example_dags/example_nested_branch_dag.py took 0.102 seconds
[2024-11-14T08:17:21.255+0000] {processor.py:186} INFO - Started process (PID=219) to work on /home/airflow/.local/lib/python3.12/site-packages/airflow/example_dags/example_nested_branch_dag.py
[2024-11-14T08:17:21.256+0000] {processor.py:914} INFO - Processing file /home/airflow/.local/lib/python3.12/site-packages/airflow/example_dags/example_nested_branch_dag.py for tasks to queue
[2024-11-14T08:17:21.259+0000] {logging_mixin.py:190} INFO - [2024-11-14T08:17:21.259+0000] {dagbag.py:588} INFO - Filling up the DagBag from /home/airflow/.local/lib/python3.12/site-packages/airflow/example_dags/example_nested_branch_dag.py
[2024-11-14T08:17:21.271+0000] {processor.py:925} INFO - DAG(s) 'example_nested_branch_dag' retrieved from /home/airflow/.local/lib/python3.12/site-packages/airflow/example_dags/example_nested_branch_dag.py
[2024-11-14T08:17:21.296+0000] {logging_mixin.py:190} INFO - [2024-11-14T08:17:21.296+0000] {dag.py:3239} INFO - Sync 1 DAGs
[2024-11-14T08:17:21.323+0000] {logging_mixin.py:190} INFO - [2024-11-14T08:17:21.323+0000] {dag.py:4180} INFO - Setting next_dagrun for example_nested_branch_dag to 2024-11-13 00:00:00+00:00, run_after=2024-11-14 00:00:00+00:00
[2024-11-14T08:17:21.347+0000] {processor.py:208} INFO - Processing /home/airflow/.local/lib/python3.12/site-packages/airflow/example_dags/example_nested_branch_dag.py took 0.097 seconds
[2024-11-14T08:17:57.037+0000] {processor.py:186} INFO - Started process (PID=281) to work on /home/airflow/.local/lib/python3.12/site-packages/airflow/example_dags/example_nested_branch_dag.py
[2024-11-14T08:17:57.038+0000] {processor.py:914} INFO - Processing file /home/airflow/.local/lib/python3.12/site-packages/airflow/example_dags/example_nested_branch_dag.py for tasks to queue
[2024-11-14T08:17:57.041+0000] {logging_mixin.py:190} INFO - [2024-11-14T08:17:57.041+0000] {dagbag.py:588} INFO - Filling up the DagBag from /home/airflow/.local/lib/python3.12/site-packages/airflow/example_dags/example_nested_branch_dag.py
[2024-11-14T08:17:57.056+0000] {processor.py:925} INFO - DAG(s) 'example_nested_branch_dag' retrieved from /home/airflow/.local/lib/python3.12/site-packages/airflow/example_dags/example_nested_branch_dag.py
[2024-11-14T08:17:57.086+0000] {logging_mixin.py:190} INFO - [2024-11-14T08:17:57.085+0000] {dag.py:3239} INFO - Sync 1 DAGs
[2024-11-14T08:17:57.119+0000] {logging_mixin.py:190} INFO - [2024-11-14T08:17:57.119+0000] {dag.py:4180} INFO - Setting next_dagrun for example_nested_branch_dag to 2024-11-13 00:00:00+00:00, run_after=2024-11-14 00:00:00+00:00
[2024-11-14T08:17:57.146+0000] {processor.py:208} INFO - Processing /home/airflow/.local/lib/python3.12/site-packages/airflow/example_dags/example_nested_branch_dag.py took 0.116 seconds
[2024-11-14T08:18:27.767+0000] {processor.py:186} INFO - Started process (PID=343) to work on /home/airflow/.local/lib/python3.12/site-packages/airflow/example_dags/example_nested_branch_dag.py
[2024-11-14T08:18:27.768+0000] {processor.py:914} INFO - Processing file /home/airflow/.local/lib/python3.12/site-packages/airflow/example_dags/example_nested_branch_dag.py for tasks to queue
[2024-11-14T08:18:27.770+0000] {logging_mixin.py:190} INFO - [2024-11-14T08:18:27.770+0000] {dagbag.py:588} INFO - Filling up the DagBag from /home/airflow/.local/lib/python3.12/site-packages/airflow/example_dags/example_nested_branch_dag.py
[2024-11-14T08:18:27.782+0000] {processor.py:925} INFO - DAG(s) 'example_nested_branch_dag' retrieved from /home/airflow/.local/lib/python3.12/site-packages/airflow/example_dags/example_nested_branch_dag.py
[2024-11-14T08:18:27.803+0000] {logging_mixin.py:190} INFO - [2024-11-14T08:18:27.803+0000] {dag.py:3239} INFO - Sync 1 DAGs
[2024-11-14T08:18:27.828+0000] {logging_mixin.py:190} INFO - [2024-11-14T08:18:27.827+0000] {dag.py:4180} INFO - Setting next_dagrun for example_nested_branch_dag to 2024-11-13 00:00:00+00:00, run_after=2024-11-14 00:00:00+00:00
[2024-11-14T08:18:27.848+0000] {processor.py:208} INFO - Processing /home/airflow/.local/lib/python3.12/site-packages/airflow/example_dags/example_nested_branch_dag.py took 0.088 seconds
