[2024-11-14T07:29:47.707+0000] {processor.py:186} INFO - Started process (PID=934) to work on /home/airflow/.local/lib/python3.12/site-packages/airflow/example_dags/example_branch_labels.py
[2024-11-14T07:29:47.709+0000] {processor.py:914} INFO - Processing file /home/airflow/.local/lib/python3.12/site-packages/airflow/example_dags/example_branch_labels.py for tasks to queue
[2024-11-14T07:29:47.712+0000] {logging_mixin.py:190} INFO - [2024-11-14T07:29:47.711+0000] {dagbag.py:588} INFO - Filling up the DagBag from /home/airflow/.local/lib/python3.12/site-packages/airflow/example_dags/example_branch_labels.py
[2024-11-14T07:29:47.722+0000] {processor.py:925} INFO - DAG(s) 'example_branch_labels' retrieved from /home/airflow/.local/lib/python3.12/site-packages/airflow/example_dags/example_branch_labels.py
[2024-11-14T07:29:47.746+0000] {logging_mixin.py:190} INFO - [2024-11-14T07:29:47.745+0000] {dag.py:3239} INFO - Sync 1 DAGs
[2024-11-14T07:29:47.770+0000] {logging_mixin.py:190} INFO - [2024-11-14T07:29:47.770+0000] {dag.py:4180} INFO - Setting next_dagrun for example_branch_labels to 2024-11-13 00:00:00+00:00, run_after=2024-11-14 00:00:00+00:00
[2024-11-14T07:29:47.788+0000] {processor.py:208} INFO - Processing /home/airflow/.local/lib/python3.12/site-packages/airflow/example_dags/example_branch_labels.py took 0.086 seconds
[2024-11-14T07:30:18.391+0000] {processor.py:186} INFO - Started process (PID=996) to work on /home/airflow/.local/lib/python3.12/site-packages/airflow/example_dags/example_branch_labels.py
[2024-11-14T07:30:18.392+0000] {processor.py:914} INFO - Processing file /home/airflow/.local/lib/python3.12/site-packages/airflow/example_dags/example_branch_labels.py for tasks to queue
[2024-11-14T07:30:18.395+0000] {logging_mixin.py:190} INFO - [2024-11-14T07:30:18.395+0000] {dagbag.py:588} INFO - Filling up the DagBag from /home/airflow/.local/lib/python3.12/site-packages/airflow/example_dags/example_branch_labels.py
[2024-11-14T07:30:18.408+0000] {processor.py:925} INFO - DAG(s) 'example_branch_labels' retrieved from /home/airflow/.local/lib/python3.12/site-packages/airflow/example_dags/example_branch_labels.py
[2024-11-14T07:30:18.435+0000] {logging_mixin.py:190} INFO - [2024-11-14T07:30:18.435+0000] {dag.py:3239} INFO - Sync 1 DAGs
[2024-11-14T07:30:18.462+0000] {logging_mixin.py:190} INFO - [2024-11-14T07:30:18.462+0000] {dag.py:4180} INFO - Setting next_dagrun for example_branch_labels to 2024-11-13 00:00:00+00:00, run_after=2024-11-14 00:00:00+00:00
[2024-11-14T07:30:18.486+0000] {processor.py:208} INFO - Processing /home/airflow/.local/lib/python3.12/site-packages/airflow/example_dags/example_branch_labels.py took 0.103 seconds
[2024-11-14T07:30:49.453+0000] {processor.py:186} INFO - Started process (PID=1058) to work on /home/airflow/.local/lib/python3.12/site-packages/airflow/example_dags/example_branch_labels.py
[2024-11-14T07:30:49.454+0000] {processor.py:914} INFO - Processing file /home/airflow/.local/lib/python3.12/site-packages/airflow/example_dags/example_branch_labels.py for tasks to queue
[2024-11-14T07:30:49.457+0000] {logging_mixin.py:190} INFO - [2024-11-14T07:30:49.456+0000] {dagbag.py:588} INFO - Filling up the DagBag from /home/airflow/.local/lib/python3.12/site-packages/airflow/example_dags/example_branch_labels.py
[2024-11-14T07:30:49.465+0000] {processor.py:925} INFO - DAG(s) 'example_branch_labels' retrieved from /home/airflow/.local/lib/python3.12/site-packages/airflow/example_dags/example_branch_labels.py
[2024-11-14T07:30:49.487+0000] {logging_mixin.py:190} INFO - [2024-11-14T07:30:49.487+0000] {dag.py:3239} INFO - Sync 1 DAGs
[2024-11-14T07:30:49.509+0000] {logging_mixin.py:190} INFO - [2024-11-14T07:30:49.509+0000] {dag.py:4180} INFO - Setting next_dagrun for example_branch_labels to 2024-11-13 00:00:00+00:00, run_after=2024-11-14 00:00:00+00:00
[2024-11-14T07:30:49.532+0000] {processor.py:208} INFO - Processing /home/airflow/.local/lib/python3.12/site-packages/airflow/example_dags/example_branch_labels.py took 0.084 seconds
[2024-11-14T07:42:02.454+0000] {processor.py:186} INFO - Started process (PID=67) to work on /home/airflow/.local/lib/python3.12/site-packages/airflow/example_dags/example_branch_labels.py
[2024-11-14T07:42:02.456+0000] {processor.py:914} INFO - Processing file /home/airflow/.local/lib/python3.12/site-packages/airflow/example_dags/example_branch_labels.py for tasks to queue
[2024-11-14T07:42:02.460+0000] {logging_mixin.py:190} INFO - [2024-11-14T07:42:02.460+0000] {dagbag.py:588} INFO - Filling up the DagBag from /home/airflow/.local/lib/python3.12/site-packages/airflow/example_dags/example_branch_labels.py
[2024-11-14T07:42:02.475+0000] {processor.py:925} INFO - DAG(s) 'example_branch_labels' retrieved from /home/airflow/.local/lib/python3.12/site-packages/airflow/example_dags/example_branch_labels.py
[2024-11-14T07:42:02.513+0000] {logging_mixin.py:190} INFO - [2024-11-14T07:42:02.513+0000] {dag.py:3239} INFO - Sync 1 DAGs
[2024-11-14T07:42:02.541+0000] {logging_mixin.py:190} INFO - [2024-11-14T07:42:02.541+0000] {dag.py:4180} INFO - Setting next_dagrun for example_branch_labels to 2024-11-13 00:00:00+00:00, run_after=2024-11-14 00:00:00+00:00
[2024-11-14T07:42:02.565+0000] {processor.py:208} INFO - Processing /home/airflow/.local/lib/python3.12/site-packages/airflow/example_dags/example_branch_labels.py took 0.121 seconds
[2024-11-14T07:42:32.869+0000] {processor.py:186} INFO - Started process (PID=129) to work on /home/airflow/.local/lib/python3.12/site-packages/airflow/example_dags/example_branch_labels.py
[2024-11-14T07:42:32.871+0000] {processor.py:914} INFO - Processing file /home/airflow/.local/lib/python3.12/site-packages/airflow/example_dags/example_branch_labels.py for tasks to queue
[2024-11-14T07:42:32.874+0000] {logging_mixin.py:190} INFO - [2024-11-14T07:42:32.873+0000] {dagbag.py:588} INFO - Filling up the DagBag from /home/airflow/.local/lib/python3.12/site-packages/airflow/example_dags/example_branch_labels.py
[2024-11-14T07:42:32.886+0000] {processor.py:925} INFO - DAG(s) 'example_branch_labels' retrieved from /home/airflow/.local/lib/python3.12/site-packages/airflow/example_dags/example_branch_labels.py
[2024-11-14T07:42:32.911+0000] {logging_mixin.py:190} INFO - [2024-11-14T07:42:32.911+0000] {dag.py:3239} INFO - Sync 1 DAGs
[2024-11-14T07:42:32.934+0000] {logging_mixin.py:190} INFO - [2024-11-14T07:42:32.934+0000] {dag.py:4180} INFO - Setting next_dagrun for example_branch_labels to 2024-11-13 00:00:00+00:00, run_after=2024-11-14 00:00:00+00:00
[2024-11-14T07:42:32.979+0000] {processor.py:208} INFO - Processing /home/airflow/.local/lib/python3.12/site-packages/airflow/example_dags/example_branch_labels.py took 0.116 seconds
[2024-11-14T07:49:32.367+0000] {processor.py:186} INFO - Started process (PID=106) to work on /home/airflow/.local/lib/python3.12/site-packages/airflow/example_dags/example_branch_labels.py
[2024-11-14T07:49:32.368+0000] {processor.py:914} INFO - Processing file /home/airflow/.local/lib/python3.12/site-packages/airflow/example_dags/example_branch_labels.py for tasks to queue
[2024-11-14T07:49:32.372+0000] {logging_mixin.py:190} INFO - [2024-11-14T07:49:32.372+0000] {dagbag.py:588} INFO - Filling up the DagBag from /home/airflow/.local/lib/python3.12/site-packages/airflow/example_dags/example_branch_labels.py
[2024-11-14T07:49:32.386+0000] {processor.py:925} INFO - DAG(s) 'example_branch_labels' retrieved from /home/airflow/.local/lib/python3.12/site-packages/airflow/example_dags/example_branch_labels.py
[2024-11-14T07:49:32.423+0000] {logging_mixin.py:190} INFO - [2024-11-14T07:49:32.423+0000] {dag.py:3239} INFO - Sync 1 DAGs
[2024-11-14T07:49:32.456+0000] {logging_mixin.py:190} INFO - [2024-11-14T07:49:32.456+0000] {dag.py:4180} INFO - Setting next_dagrun for example_branch_labels to 2024-11-13 00:00:00+00:00, run_after=2024-11-14 00:00:00+00:00
[2024-11-14T07:49:32.507+0000] {processor.py:208} INFO - Processing /home/airflow/.local/lib/python3.12/site-packages/airflow/example_dags/example_branch_labels.py took 0.147 seconds
[2024-11-14T07:50:03.480+0000] {processor.py:186} INFO - Started process (PID=168) to work on /home/airflow/.local/lib/python3.12/site-packages/airflow/example_dags/example_branch_labels.py
[2024-11-14T07:50:03.482+0000] {processor.py:914} INFO - Processing file /home/airflow/.local/lib/python3.12/site-packages/airflow/example_dags/example_branch_labels.py for tasks to queue
[2024-11-14T07:50:03.484+0000] {logging_mixin.py:190} INFO - [2024-11-14T07:50:03.484+0000] {dagbag.py:588} INFO - Filling up the DagBag from /home/airflow/.local/lib/python3.12/site-packages/airflow/example_dags/example_branch_labels.py
[2024-11-14T07:50:03.495+0000] {processor.py:925} INFO - DAG(s) 'example_branch_labels' retrieved from /home/airflow/.local/lib/python3.12/site-packages/airflow/example_dags/example_branch_labels.py
[2024-11-14T07:50:03.524+0000] {logging_mixin.py:190} INFO - [2024-11-14T07:50:03.524+0000] {dag.py:3239} INFO - Sync 1 DAGs
[2024-11-14T07:50:03.557+0000] {logging_mixin.py:190} INFO - [2024-11-14T07:50:03.557+0000] {dag.py:4180} INFO - Setting next_dagrun for example_branch_labels to 2024-11-13 00:00:00+00:00, run_after=2024-11-14 00:00:00+00:00
[2024-11-14T07:50:03.579+0000] {processor.py:208} INFO - Processing /home/airflow/.local/lib/python3.12/site-packages/airflow/example_dags/example_branch_labels.py took 0.106 seconds
[2024-11-14T07:50:34.096+0000] {processor.py:186} INFO - Started process (PID=230) to work on /home/airflow/.local/lib/python3.12/site-packages/airflow/example_dags/example_branch_labels.py
[2024-11-14T07:50:34.097+0000] {processor.py:914} INFO - Processing file /home/airflow/.local/lib/python3.12/site-packages/airflow/example_dags/example_branch_labels.py for tasks to queue
[2024-11-14T07:50:34.102+0000] {logging_mixin.py:190} INFO - [2024-11-14T07:50:34.102+0000] {dagbag.py:588} INFO - Filling up the DagBag from /home/airflow/.local/lib/python3.12/site-packages/airflow/example_dags/example_branch_labels.py
[2024-11-14T07:50:34.122+0000] {processor.py:925} INFO - DAG(s) 'example_branch_labels' retrieved from /home/airflow/.local/lib/python3.12/site-packages/airflow/example_dags/example_branch_labels.py
[2024-11-14T07:50:34.161+0000] {logging_mixin.py:190} INFO - [2024-11-14T07:50:34.161+0000] {dag.py:3239} INFO - Sync 1 DAGs
[2024-11-14T07:50:34.204+0000] {logging_mixin.py:190} INFO - [2024-11-14T07:50:34.204+0000] {dag.py:4180} INFO - Setting next_dagrun for example_branch_labels to 2024-11-13 00:00:00+00:00, run_after=2024-11-14 00:00:00+00:00
[2024-11-14T07:50:34.240+0000] {processor.py:208} INFO - Processing /home/airflow/.local/lib/python3.12/site-packages/airflow/example_dags/example_branch_labels.py took 0.157 seconds
[2024-11-14T07:51:04.943+0000] {processor.py:186} INFO - Started process (PID=292) to work on /home/airflow/.local/lib/python3.12/site-packages/airflow/example_dags/example_branch_labels.py
[2024-11-14T07:51:04.945+0000] {processor.py:914} INFO - Processing file /home/airflow/.local/lib/python3.12/site-packages/airflow/example_dags/example_branch_labels.py for tasks to queue
[2024-11-14T07:51:04.948+0000] {logging_mixin.py:190} INFO - [2024-11-14T07:51:04.947+0000] {dagbag.py:588} INFO - Filling up the DagBag from /home/airflow/.local/lib/python3.12/site-packages/airflow/example_dags/example_branch_labels.py
[2024-11-14T07:51:04.956+0000] {processor.py:925} INFO - DAG(s) 'example_branch_labels' retrieved from /home/airflow/.local/lib/python3.12/site-packages/airflow/example_dags/example_branch_labels.py
[2024-11-14T07:51:04.980+0000] {logging_mixin.py:190} INFO - [2024-11-14T07:51:04.980+0000] {dag.py:3239} INFO - Sync 1 DAGs
[2024-11-14T07:51:05.004+0000] {logging_mixin.py:190} INFO - [2024-11-14T07:51:05.004+0000] {dag.py:4180} INFO - Setting next_dagrun for example_branch_labels to 2024-11-13 00:00:00+00:00, run_after=2024-11-14 00:00:00+00:00
[2024-11-14T07:51:05.026+0000] {processor.py:208} INFO - Processing /home/airflow/.local/lib/python3.12/site-packages/airflow/example_dags/example_branch_labels.py took 0.087 seconds
[2024-11-14T07:51:35.893+0000] {processor.py:186} INFO - Started process (PID=354) to work on /home/airflow/.local/lib/python3.12/site-packages/airflow/example_dags/example_branch_labels.py
[2024-11-14T07:51:35.895+0000] {processor.py:914} INFO - Processing file /home/airflow/.local/lib/python3.12/site-packages/airflow/example_dags/example_branch_labels.py for tasks to queue
[2024-11-14T07:51:35.897+0000] {logging_mixin.py:190} INFO - [2024-11-14T07:51:35.897+0000] {dagbag.py:588} INFO - Filling up the DagBag from /home/airflow/.local/lib/python3.12/site-packages/airflow/example_dags/example_branch_labels.py
[2024-11-14T07:51:35.907+0000] {processor.py:925} INFO - DAG(s) 'example_branch_labels' retrieved from /home/airflow/.local/lib/python3.12/site-packages/airflow/example_dags/example_branch_labels.py
[2024-11-14T07:51:35.928+0000] {logging_mixin.py:190} INFO - [2024-11-14T07:51:35.928+0000] {dag.py:3239} INFO - Sync 1 DAGs
[2024-11-14T07:51:35.956+0000] {logging_mixin.py:190} INFO - [2024-11-14T07:51:35.956+0000] {dag.py:4180} INFO - Setting next_dagrun for example_branch_labels to 2024-11-13 00:00:00+00:00, run_after=2024-11-14 00:00:00+00:00
[2024-11-14T07:51:35.976+0000] {processor.py:208} INFO - Processing /home/airflow/.local/lib/python3.12/site-packages/airflow/example_dags/example_branch_labels.py took 0.089 seconds
[2024-11-14T07:52:06.041+0000] {processor.py:186} INFO - Started process (PID=416) to work on /home/airflow/.local/lib/python3.12/site-packages/airflow/example_dags/example_branch_labels.py
[2024-11-14T07:52:06.042+0000] {processor.py:914} INFO - Processing file /home/airflow/.local/lib/python3.12/site-packages/airflow/example_dags/example_branch_labels.py for tasks to queue
[2024-11-14T07:52:06.045+0000] {logging_mixin.py:190} INFO - [2024-11-14T07:52:06.044+0000] {dagbag.py:588} INFO - Filling up the DagBag from /home/airflow/.local/lib/python3.12/site-packages/airflow/example_dags/example_branch_labels.py
[2024-11-14T07:52:06.055+0000] {processor.py:925} INFO - DAG(s) 'example_branch_labels' retrieved from /home/airflow/.local/lib/python3.12/site-packages/airflow/example_dags/example_branch_labels.py
[2024-11-14T07:52:06.080+0000] {logging_mixin.py:190} INFO - [2024-11-14T07:52:06.079+0000] {dag.py:3239} INFO - Sync 1 DAGs
[2024-11-14T07:52:06.106+0000] {logging_mixin.py:190} INFO - [2024-11-14T07:52:06.106+0000] {dag.py:4180} INFO - Setting next_dagrun for example_branch_labels to 2024-11-13 00:00:00+00:00, run_after=2024-11-14 00:00:00+00:00
[2024-11-14T07:52:06.129+0000] {processor.py:208} INFO - Processing /home/airflow/.local/lib/python3.12/site-packages/airflow/example_dags/example_branch_labels.py took 0.094 seconds
[2024-11-14T07:52:36.243+0000] {processor.py:186} INFO - Started process (PID=478) to work on /home/airflow/.local/lib/python3.12/site-packages/airflow/example_dags/example_branch_labels.py
[2024-11-14T07:52:36.245+0000] {processor.py:914} INFO - Processing file /home/airflow/.local/lib/python3.12/site-packages/airflow/example_dags/example_branch_labels.py for tasks to queue
[2024-11-14T07:52:36.248+0000] {logging_mixin.py:190} INFO - [2024-11-14T07:52:36.247+0000] {dagbag.py:588} INFO - Filling up the DagBag from /home/airflow/.local/lib/python3.12/site-packages/airflow/example_dags/example_branch_labels.py
[2024-11-14T07:52:36.261+0000] {processor.py:925} INFO - DAG(s) 'example_branch_labels' retrieved from /home/airflow/.local/lib/python3.12/site-packages/airflow/example_dags/example_branch_labels.py
[2024-11-14T07:52:36.293+0000] {logging_mixin.py:190} INFO - [2024-11-14T07:52:36.292+0000] {dag.py:3239} INFO - Sync 1 DAGs
[2024-11-14T07:52:36.327+0000] {logging_mixin.py:190} INFO - [2024-11-14T07:52:36.327+0000] {dag.py:4180} INFO - Setting next_dagrun for example_branch_labels to 2024-11-13 00:00:00+00:00, run_after=2024-11-14 00:00:00+00:00
[2024-11-14T07:52:36.350+0000] {processor.py:208} INFO - Processing /home/airflow/.local/lib/python3.12/site-packages/airflow/example_dags/example_branch_labels.py took 0.115 seconds
[2024-11-14T07:53:07.326+0000] {processor.py:186} INFO - Started process (PID=540) to work on /home/airflow/.local/lib/python3.12/site-packages/airflow/example_dags/example_branch_labels.py
[2024-11-14T07:53:07.327+0000] {processor.py:914} INFO - Processing file /home/airflow/.local/lib/python3.12/site-packages/airflow/example_dags/example_branch_labels.py for tasks to queue
[2024-11-14T07:53:07.329+0000] {logging_mixin.py:190} INFO - [2024-11-14T07:53:07.329+0000] {dagbag.py:588} INFO - Filling up the DagBag from /home/airflow/.local/lib/python3.12/site-packages/airflow/example_dags/example_branch_labels.py
[2024-11-14T07:53:07.338+0000] {processor.py:925} INFO - DAG(s) 'example_branch_labels' retrieved from /home/airflow/.local/lib/python3.12/site-packages/airflow/example_dags/example_branch_labels.py
[2024-11-14T07:53:07.359+0000] {logging_mixin.py:190} INFO - [2024-11-14T07:53:07.359+0000] {dag.py:3239} INFO - Sync 1 DAGs
[2024-11-14T07:53:07.380+0000] {logging_mixin.py:190} INFO - [2024-11-14T07:53:07.380+0000] {dag.py:4180} INFO - Setting next_dagrun for example_branch_labels to 2024-11-13 00:00:00+00:00, run_after=2024-11-14 00:00:00+00:00
[2024-11-14T07:53:07.400+0000] {processor.py:208} INFO - Processing /home/airflow/.local/lib/python3.12/site-packages/airflow/example_dags/example_branch_labels.py took 0.079 seconds
[2024-11-14T07:53:37.979+0000] {processor.py:186} INFO - Started process (PID=602) to work on /home/airflow/.local/lib/python3.12/site-packages/airflow/example_dags/example_branch_labels.py
[2024-11-14T07:53:37.980+0000] {processor.py:914} INFO - Processing file /home/airflow/.local/lib/python3.12/site-packages/airflow/example_dags/example_branch_labels.py for tasks to queue
[2024-11-14T07:53:37.983+0000] {logging_mixin.py:190} INFO - [2024-11-14T07:53:37.983+0000] {dagbag.py:588} INFO - Filling up the DagBag from /home/airflow/.local/lib/python3.12/site-packages/airflow/example_dags/example_branch_labels.py
[2024-11-14T07:53:37.993+0000] {processor.py:925} INFO - DAG(s) 'example_branch_labels' retrieved from /home/airflow/.local/lib/python3.12/site-packages/airflow/example_dags/example_branch_labels.py
[2024-11-14T07:53:38.020+0000] {logging_mixin.py:190} INFO - [2024-11-14T07:53:38.019+0000] {dag.py:3239} INFO - Sync 1 DAGs
[2024-11-14T07:53:38.047+0000] {logging_mixin.py:190} INFO - [2024-11-14T07:53:38.047+0000] {dag.py:4180} INFO - Setting next_dagrun for example_branch_labels to 2024-11-13 00:00:00+00:00, run_after=2024-11-14 00:00:00+00:00
[2024-11-14T07:53:38.068+0000] {processor.py:208} INFO - Processing /home/airflow/.local/lib/python3.12/site-packages/airflow/example_dags/example_branch_labels.py took 0.096 seconds
[2024-11-14T07:54:08.789+0000] {processor.py:186} INFO - Started process (PID=664) to work on /home/airflow/.local/lib/python3.12/site-packages/airflow/example_dags/example_branch_labels.py
[2024-11-14T07:54:08.790+0000] {processor.py:914} INFO - Processing file /home/airflow/.local/lib/python3.12/site-packages/airflow/example_dags/example_branch_labels.py for tasks to queue
[2024-11-14T07:54:08.792+0000] {logging_mixin.py:190} INFO - [2024-11-14T07:54:08.792+0000] {dagbag.py:588} INFO - Filling up the DagBag from /home/airflow/.local/lib/python3.12/site-packages/airflow/example_dags/example_branch_labels.py
[2024-11-14T07:54:08.802+0000] {processor.py:925} INFO - DAG(s) 'example_branch_labels' retrieved from /home/airflow/.local/lib/python3.12/site-packages/airflow/example_dags/example_branch_labels.py
[2024-11-14T07:54:08.824+0000] {logging_mixin.py:190} INFO - [2024-11-14T07:54:08.824+0000] {dag.py:3239} INFO - Sync 1 DAGs
[2024-11-14T07:54:08.849+0000] {logging_mixin.py:190} INFO - [2024-11-14T07:54:08.849+0000] {dag.py:4180} INFO - Setting next_dagrun for example_branch_labels to 2024-11-13 00:00:00+00:00, run_after=2024-11-14 00:00:00+00:00
[2024-11-14T07:54:08.872+0000] {processor.py:208} INFO - Processing /home/airflow/.local/lib/python3.12/site-packages/airflow/example_dags/example_branch_labels.py took 0.089 seconds
[2024-11-14T07:54:39.588+0000] {processor.py:186} INFO - Started process (PID=726) to work on /home/airflow/.local/lib/python3.12/site-packages/airflow/example_dags/example_branch_labels.py
[2024-11-14T07:54:39.589+0000] {processor.py:914} INFO - Processing file /home/airflow/.local/lib/python3.12/site-packages/airflow/example_dags/example_branch_labels.py for tasks to queue
[2024-11-14T07:54:39.592+0000] {logging_mixin.py:190} INFO - [2024-11-14T07:54:39.592+0000] {dagbag.py:588} INFO - Filling up the DagBag from /home/airflow/.local/lib/python3.12/site-packages/airflow/example_dags/example_branch_labels.py
[2024-11-14T07:54:39.600+0000] {processor.py:925} INFO - DAG(s) 'example_branch_labels' retrieved from /home/airflow/.local/lib/python3.12/site-packages/airflow/example_dags/example_branch_labels.py
[2024-11-14T07:54:39.624+0000] {logging_mixin.py:190} INFO - [2024-11-14T07:54:39.623+0000] {dag.py:3239} INFO - Sync 1 DAGs
[2024-11-14T07:54:39.648+0000] {logging_mixin.py:190} INFO - [2024-11-14T07:54:39.648+0000] {dag.py:4180} INFO - Setting next_dagrun for example_branch_labels to 2024-11-13 00:00:00+00:00, run_after=2024-11-14 00:00:00+00:00
[2024-11-14T07:54:39.669+0000] {processor.py:208} INFO - Processing /home/airflow/.local/lib/python3.12/site-packages/airflow/example_dags/example_branch_labels.py took 0.086 seconds
[2024-11-14T07:55:10.097+0000] {processor.py:186} INFO - Started process (PID=788) to work on /home/airflow/.local/lib/python3.12/site-packages/airflow/example_dags/example_branch_labels.py
[2024-11-14T07:55:10.099+0000] {processor.py:914} INFO - Processing file /home/airflow/.local/lib/python3.12/site-packages/airflow/example_dags/example_branch_labels.py for tasks to queue
[2024-11-14T07:55:10.101+0000] {logging_mixin.py:190} INFO - [2024-11-14T07:55:10.101+0000] {dagbag.py:588} INFO - Filling up the DagBag from /home/airflow/.local/lib/python3.12/site-packages/airflow/example_dags/example_branch_labels.py
[2024-11-14T07:55:10.111+0000] {processor.py:925} INFO - DAG(s) 'example_branch_labels' retrieved from /home/airflow/.local/lib/python3.12/site-packages/airflow/example_dags/example_branch_labels.py
[2024-11-14T07:55:10.135+0000] {logging_mixin.py:190} INFO - [2024-11-14T07:55:10.135+0000] {dag.py:3239} INFO - Sync 1 DAGs
[2024-11-14T07:55:10.160+0000] {logging_mixin.py:190} INFO - [2024-11-14T07:55:10.160+0000] {dag.py:4180} INFO - Setting next_dagrun for example_branch_labels to 2024-11-13 00:00:00+00:00, run_after=2024-11-14 00:00:00+00:00
[2024-11-14T07:55:10.185+0000] {processor.py:208} INFO - Processing /home/airflow/.local/lib/python3.12/site-packages/airflow/example_dags/example_branch_labels.py took 0.093 seconds
[2024-11-14T07:55:40.721+0000] {processor.py:186} INFO - Started process (PID=850) to work on /home/airflow/.local/lib/python3.12/site-packages/airflow/example_dags/example_branch_labels.py
[2024-11-14T07:55:40.722+0000] {processor.py:914} INFO - Processing file /home/airflow/.local/lib/python3.12/site-packages/airflow/example_dags/example_branch_labels.py for tasks to queue
[2024-11-14T07:55:40.726+0000] {logging_mixin.py:190} INFO - [2024-11-14T07:55:40.725+0000] {dagbag.py:588} INFO - Filling up the DagBag from /home/airflow/.local/lib/python3.12/site-packages/airflow/example_dags/example_branch_labels.py
[2024-11-14T07:55:40.740+0000] {processor.py:925} INFO - DAG(s) 'example_branch_labels' retrieved from /home/airflow/.local/lib/python3.12/site-packages/airflow/example_dags/example_branch_labels.py
[2024-11-14T07:55:40.762+0000] {logging_mixin.py:190} INFO - [2024-11-14T07:55:40.762+0000] {dag.py:3239} INFO - Sync 1 DAGs
[2024-11-14T07:55:40.789+0000] {logging_mixin.py:190} INFO - [2024-11-14T07:55:40.789+0000] {dag.py:4180} INFO - Setting next_dagrun for example_branch_labels to 2024-11-13 00:00:00+00:00, run_after=2024-11-14 00:00:00+00:00
[2024-11-14T07:55:40.818+0000] {processor.py:208} INFO - Processing /home/airflow/.local/lib/python3.12/site-packages/airflow/example_dags/example_branch_labels.py took 0.104 seconds
[2024-11-14T07:56:11.490+0000] {processor.py:186} INFO - Started process (PID=912) to work on /home/airflow/.local/lib/python3.12/site-packages/airflow/example_dags/example_branch_labels.py
[2024-11-14T07:56:11.491+0000] {processor.py:914} INFO - Processing file /home/airflow/.local/lib/python3.12/site-packages/airflow/example_dags/example_branch_labels.py for tasks to queue
[2024-11-14T07:56:11.494+0000] {logging_mixin.py:190} INFO - [2024-11-14T07:56:11.493+0000] {dagbag.py:588} INFO - Filling up the DagBag from /home/airflow/.local/lib/python3.12/site-packages/airflow/example_dags/example_branch_labels.py
[2024-11-14T07:56:11.502+0000] {processor.py:925} INFO - DAG(s) 'example_branch_labels' retrieved from /home/airflow/.local/lib/python3.12/site-packages/airflow/example_dags/example_branch_labels.py
[2024-11-14T07:56:11.523+0000] {logging_mixin.py:190} INFO - [2024-11-14T07:56:11.523+0000] {dag.py:3239} INFO - Sync 1 DAGs
[2024-11-14T07:56:11.544+0000] {logging_mixin.py:190} INFO - [2024-11-14T07:56:11.544+0000] {dag.py:4180} INFO - Setting next_dagrun for example_branch_labels to 2024-11-13 00:00:00+00:00, run_after=2024-11-14 00:00:00+00:00
[2024-11-14T07:56:11.564+0000] {processor.py:208} INFO - Processing /home/airflow/.local/lib/python3.12/site-packages/airflow/example_dags/example_branch_labels.py took 0.078 seconds
[2024-11-14T07:56:41.874+0000] {processor.py:186} INFO - Started process (PID=973) to work on /home/airflow/.local/lib/python3.12/site-packages/airflow/example_dags/example_branch_labels.py
[2024-11-14T07:56:41.876+0000] {processor.py:914} INFO - Processing file /home/airflow/.local/lib/python3.12/site-packages/airflow/example_dags/example_branch_labels.py for tasks to queue
[2024-11-14T07:56:41.878+0000] {logging_mixin.py:190} INFO - [2024-11-14T07:56:41.878+0000] {dagbag.py:588} INFO - Filling up the DagBag from /home/airflow/.local/lib/python3.12/site-packages/airflow/example_dags/example_branch_labels.py
[2024-11-14T07:56:41.886+0000] {processor.py:925} INFO - DAG(s) 'example_branch_labels' retrieved from /home/airflow/.local/lib/python3.12/site-packages/airflow/example_dags/example_branch_labels.py
[2024-11-14T07:56:41.909+0000] {logging_mixin.py:190} INFO - [2024-11-14T07:56:41.908+0000] {dag.py:3239} INFO - Sync 1 DAGs
[2024-11-14T07:56:41.931+0000] {logging_mixin.py:190} INFO - [2024-11-14T07:56:41.931+0000] {dag.py:4180} INFO - Setting next_dagrun for example_branch_labels to 2024-11-13 00:00:00+00:00, run_after=2024-11-14 00:00:00+00:00
[2024-11-14T07:56:41.953+0000] {processor.py:208} INFO - Processing /home/airflow/.local/lib/python3.12/site-packages/airflow/example_dags/example_branch_labels.py took 0.083 seconds
[2024-11-14T07:57:12.413+0000] {processor.py:186} INFO - Started process (PID=1035) to work on /home/airflow/.local/lib/python3.12/site-packages/airflow/example_dags/example_branch_labels.py
[2024-11-14T07:57:12.415+0000] {processor.py:914} INFO - Processing file /home/airflow/.local/lib/python3.12/site-packages/airflow/example_dags/example_branch_labels.py for tasks to queue
[2024-11-14T07:57:12.418+0000] {logging_mixin.py:190} INFO - [2024-11-14T07:57:12.418+0000] {dagbag.py:588} INFO - Filling up the DagBag from /home/airflow/.local/lib/python3.12/site-packages/airflow/example_dags/example_branch_labels.py
[2024-11-14T07:57:12.430+0000] {processor.py:925} INFO - DAG(s) 'example_branch_labels' retrieved from /home/airflow/.local/lib/python3.12/site-packages/airflow/example_dags/example_branch_labels.py
[2024-11-14T07:57:12.453+0000] {logging_mixin.py:190} INFO - [2024-11-14T07:57:12.453+0000] {dag.py:3239} INFO - Sync 1 DAGs
[2024-11-14T07:57:12.484+0000] {logging_mixin.py:190} INFO - [2024-11-14T07:57:12.483+0000] {dag.py:4180} INFO - Setting next_dagrun for example_branch_labels to 2024-11-13 00:00:00+00:00, run_after=2024-11-14 00:00:00+00:00
[2024-11-14T07:57:12.509+0000] {processor.py:208} INFO - Processing /home/airflow/.local/lib/python3.12/site-packages/airflow/example_dags/example_branch_labels.py took 0.103 seconds
[2024-11-14T08:07:58.584+0000] {processor.py:186} INFO - Started process (PID=67) to work on /home/airflow/.local/lib/python3.12/site-packages/airflow/example_dags/example_branch_labels.py
[2024-11-14T08:07:58.587+0000] {processor.py:914} INFO - Processing file /home/airflow/.local/lib/python3.12/site-packages/airflow/example_dags/example_branch_labels.py for tasks to queue
[2024-11-14T08:07:58.592+0000] {logging_mixin.py:190} INFO - [2024-11-14T08:07:58.591+0000] {dagbag.py:588} INFO - Filling up the DagBag from /home/airflow/.local/lib/python3.12/site-packages/airflow/example_dags/example_branch_labels.py
[2024-11-14T08:07:58.624+0000] {processor.py:925} INFO - DAG(s) 'example_branch_labels' retrieved from /home/airflow/.local/lib/python3.12/site-packages/airflow/example_dags/example_branch_labels.py
[2024-11-14T08:07:58.732+0000] {logging_mixin.py:190} INFO - [2024-11-14T08:07:58.731+0000] {dag.py:3239} INFO - Sync 1 DAGs
[2024-11-14T08:07:58.791+0000] {logging_mixin.py:190} INFO - [2024-11-14T08:07:58.791+0000] {dag.py:4180} INFO - Setting next_dagrun for example_branch_labels to 2024-11-13 00:00:00+00:00, run_after=2024-11-14 00:00:00+00:00
[2024-11-14T08:07:58.826+0000] {processor.py:208} INFO - Processing /home/airflow/.local/lib/python3.12/site-packages/airflow/example_dags/example_branch_labels.py took 0.254 seconds
[2024-11-14T08:08:29.080+0000] {processor.py:186} INFO - Started process (PID=129) to work on /home/airflow/.local/lib/python3.12/site-packages/airflow/example_dags/example_branch_labels.py
[2024-11-14T08:08:29.082+0000] {processor.py:914} INFO - Processing file /home/airflow/.local/lib/python3.12/site-packages/airflow/example_dags/example_branch_labels.py for tasks to queue
[2024-11-14T08:08:29.085+0000] {logging_mixin.py:190} INFO - [2024-11-14T08:08:29.085+0000] {dagbag.py:588} INFO - Filling up the DagBag from /home/airflow/.local/lib/python3.12/site-packages/airflow/example_dags/example_branch_labels.py
[2024-11-14T08:08:29.095+0000] {processor.py:925} INFO - DAG(s) 'example_branch_labels' retrieved from /home/airflow/.local/lib/python3.12/site-packages/airflow/example_dags/example_branch_labels.py
[2024-11-14T08:08:29.116+0000] {logging_mixin.py:190} INFO - [2024-11-14T08:08:29.116+0000] {dag.py:3239} INFO - Sync 1 DAGs
[2024-11-14T08:08:29.142+0000] {logging_mixin.py:190} INFO - [2024-11-14T08:08:29.142+0000] {dag.py:4180} INFO - Setting next_dagrun for example_branch_labels to 2024-11-13 00:00:00+00:00, run_after=2024-11-14 00:00:00+00:00
[2024-11-14T08:08:29.164+0000] {processor.py:208} INFO - Processing /home/airflow/.local/lib/python3.12/site-packages/airflow/example_dags/example_branch_labels.py took 0.090 seconds
[2024-11-14T08:08:59.903+0000] {processor.py:186} INFO - Started process (PID=191) to work on /home/airflow/.local/lib/python3.12/site-packages/airflow/example_dags/example_branch_labels.py
[2024-11-14T08:08:59.904+0000] {processor.py:914} INFO - Processing file /home/airflow/.local/lib/python3.12/site-packages/airflow/example_dags/example_branch_labels.py for tasks to queue
[2024-11-14T08:08:59.906+0000] {logging_mixin.py:190} INFO - [2024-11-14T08:08:59.906+0000] {dagbag.py:588} INFO - Filling up the DagBag from /home/airflow/.local/lib/python3.12/site-packages/airflow/example_dags/example_branch_labels.py
[2024-11-14T08:08:59.916+0000] {processor.py:925} INFO - DAG(s) 'example_branch_labels' retrieved from /home/airflow/.local/lib/python3.12/site-packages/airflow/example_dags/example_branch_labels.py
[2024-11-14T08:08:59.943+0000] {logging_mixin.py:190} INFO - [2024-11-14T08:08:59.943+0000] {dag.py:3239} INFO - Sync 1 DAGs
[2024-11-14T08:08:59.965+0000] {logging_mixin.py:190} INFO - [2024-11-14T08:08:59.965+0000] {dag.py:4180} INFO - Setting next_dagrun for example_branch_labels to 2024-11-13 00:00:00+00:00, run_after=2024-11-14 00:00:00+00:00
[2024-11-14T08:08:59.985+0000] {processor.py:208} INFO - Processing /home/airflow/.local/lib/python3.12/site-packages/airflow/example_dags/example_branch_labels.py took 0.089 seconds
[2024-11-14T08:15:18.975+0000] {processor.py:186} INFO - Started process (PID=68) to work on /home/airflow/.local/lib/python3.12/site-packages/airflow/example_dags/example_branch_labels.py
[2024-11-14T08:15:18.976+0000] {processor.py:914} INFO - Processing file /home/airflow/.local/lib/python3.12/site-packages/airflow/example_dags/example_branch_labels.py for tasks to queue
[2024-11-14T08:15:18.983+0000] {logging_mixin.py:190} INFO - [2024-11-14T08:15:18.982+0000] {dagbag.py:588} INFO - Filling up the DagBag from /home/airflow/.local/lib/python3.12/site-packages/airflow/example_dags/example_branch_labels.py
[2024-11-14T08:15:19.019+0000] {processor.py:925} INFO - DAG(s) 'example_branch_labels' retrieved from /home/airflow/.local/lib/python3.12/site-packages/airflow/example_dags/example_branch_labels.py
[2024-11-14T08:15:19.262+0000] {logging_mixin.py:190} INFO - [2024-11-14T08:15:19.262+0000] {override.py:1900} INFO - Created Permission View: can edit on DAG:example_branch_labels
[2024-11-14T08:15:19.279+0000] {logging_mixin.py:190} INFO - [2024-11-14T08:15:19.279+0000] {override.py:1900} INFO - Created Permission View: can delete on DAG:example_branch_labels
[2024-11-14T08:15:19.291+0000] {logging_mixin.py:190} INFO - [2024-11-14T08:15:19.291+0000] {override.py:1900} INFO - Created Permission View: can read on DAG:example_branch_labels
[2024-11-14T08:15:19.307+0000] {logging_mixin.py:190} INFO - [2024-11-14T08:15:19.306+0000] {override.py:1900} INFO - Created Permission View: can delete on DAG Run:example_branch_labels
[2024-11-14T08:15:19.318+0000] {logging_mixin.py:190} INFO - [2024-11-14T08:15:19.318+0000] {override.py:1900} INFO - Created Permission View: can read on DAG Run:example_branch_labels
[2024-11-14T08:15:19.330+0000] {logging_mixin.py:190} INFO - [2024-11-14T08:15:19.329+0000] {override.py:1900} INFO - Created Permission View: can create on DAG Run:example_branch_labels
[2024-11-14T08:15:19.342+0000] {logging_mixin.py:190} INFO - [2024-11-14T08:15:19.341+0000] {override.py:1900} INFO - Created Permission View: menu access on DAG Run:example_branch_labels
[2024-11-14T08:15:19.343+0000] {logging_mixin.py:190} INFO - [2024-11-14T08:15:19.343+0000] {dag.py:3239} INFO - Sync 1 DAGs
[2024-11-14T08:15:19.368+0000] {logging_mixin.py:190} INFO - [2024-11-14T08:15:19.367+0000] {dag.py:3262} INFO - Creating ORM DAG for example_branch_labels
[2024-11-14T08:15:19.389+0000] {logging_mixin.py:190} INFO - [2024-11-14T08:15:19.388+0000] {dag.py:4180} INFO - Setting next_dagrun for example_branch_labels to 2024-11-13 00:00:00+00:00, run_after=2024-11-14 00:00:00+00:00
[2024-11-14T08:15:19.416+0000] {processor.py:208} INFO - Processing /home/airflow/.local/lib/python3.12/site-packages/airflow/example_dags/example_branch_labels.py took 0.448 seconds
[2024-11-14T08:16:11.897+0000] {processor.py:186} INFO - Started process (PID=58) to work on /home/airflow/.local/lib/python3.12/site-packages/airflow/example_dags/example_branch_labels.py
[2024-11-14T08:16:11.898+0000] {processor.py:914} INFO - Processing file /home/airflow/.local/lib/python3.12/site-packages/airflow/example_dags/example_branch_labels.py for tasks to queue
[2024-11-14T08:16:11.901+0000] {logging_mixin.py:190} INFO - [2024-11-14T08:16:11.901+0000] {dagbag.py:588} INFO - Filling up the DagBag from /home/airflow/.local/lib/python3.12/site-packages/airflow/example_dags/example_branch_labels.py
[2024-11-14T08:16:11.910+0000] {processor.py:925} INFO - DAG(s) 'example_branch_labels' retrieved from /home/airflow/.local/lib/python3.12/site-packages/airflow/example_dags/example_branch_labels.py
[2024-11-14T08:16:11.941+0000] {logging_mixin.py:190} INFO - [2024-11-14T08:16:11.940+0000] {dag.py:3239} INFO - Sync 1 DAGs
[2024-11-14T08:16:11.965+0000] {logging_mixin.py:190} INFO - [2024-11-14T08:16:11.965+0000] {dag.py:4180} INFO - Setting next_dagrun for example_branch_labels to 2024-11-13 00:00:00+00:00, run_after=2024-11-14 00:00:00+00:00
[2024-11-14T08:16:11.984+0000] {processor.py:208} INFO - Processing /home/airflow/.local/lib/python3.12/site-packages/airflow/example_dags/example_branch_labels.py took 0.093 seconds
[2024-11-14T08:16:43.019+0000] {processor.py:186} INFO - Started process (PID=127) to work on /home/airflow/.local/lib/python3.12/site-packages/airflow/example_dags/example_branch_labels.py
[2024-11-14T08:16:43.021+0000] {processor.py:914} INFO - Processing file /home/airflow/.local/lib/python3.12/site-packages/airflow/example_dags/example_branch_labels.py for tasks to queue
[2024-11-14T08:16:43.024+0000] {logging_mixin.py:190} INFO - [2024-11-14T08:16:43.023+0000] {dagbag.py:588} INFO - Filling up the DagBag from /home/airflow/.local/lib/python3.12/site-packages/airflow/example_dags/example_branch_labels.py
[2024-11-14T08:16:43.036+0000] {processor.py:925} INFO - DAG(s) 'example_branch_labels' retrieved from /home/airflow/.local/lib/python3.12/site-packages/airflow/example_dags/example_branch_labels.py
[2024-11-14T08:16:43.066+0000] {logging_mixin.py:190} INFO - [2024-11-14T08:16:43.066+0000] {dag.py:3239} INFO - Sync 1 DAGs
[2024-11-14T08:16:43.096+0000] {logging_mixin.py:190} INFO - [2024-11-14T08:16:43.096+0000] {dag.py:4180} INFO - Setting next_dagrun for example_branch_labels to 2024-11-13 00:00:00+00:00, run_after=2024-11-14 00:00:00+00:00
[2024-11-14T08:16:43.120+0000] {processor.py:208} INFO - Processing /home/airflow/.local/lib/python3.12/site-packages/airflow/example_dags/example_branch_labels.py took 0.108 seconds
[2024-11-14T08:17:18.398+0000] {processor.py:186} INFO - Started process (PID=189) to work on /home/airflow/.local/lib/python3.12/site-packages/airflow/example_dags/example_branch_labels.py
[2024-11-14T08:17:18.400+0000] {processor.py:914} INFO - Processing file /home/airflow/.local/lib/python3.12/site-packages/airflow/example_dags/example_branch_labels.py for tasks to queue
[2024-11-14T08:17:18.402+0000] {logging_mixin.py:190} INFO - [2024-11-14T08:17:18.402+0000] {dagbag.py:588} INFO - Filling up the DagBag from /home/airflow/.local/lib/python3.12/site-packages/airflow/example_dags/example_branch_labels.py
[2024-11-14T08:17:18.411+0000] {processor.py:925} INFO - DAG(s) 'example_branch_labels' retrieved from /home/airflow/.local/lib/python3.12/site-packages/airflow/example_dags/example_branch_labels.py
[2024-11-14T08:17:18.436+0000] {logging_mixin.py:190} INFO - [2024-11-14T08:17:18.436+0000] {dag.py:3239} INFO - Sync 1 DAGs
[2024-11-14T08:17:18.461+0000] {logging_mixin.py:190} INFO - [2024-11-14T08:17:18.461+0000] {dag.py:4180} INFO - Setting next_dagrun for example_branch_labels to 2024-11-13 00:00:00+00:00, run_after=2024-11-14 00:00:00+00:00
[2024-11-14T08:17:18.484+0000] {processor.py:208} INFO - Processing /home/airflow/.local/lib/python3.12/site-packages/airflow/example_dags/example_branch_labels.py took 0.091 seconds
[2024-11-14T08:17:49.390+0000] {processor.py:186} INFO - Started process (PID=251) to work on /home/airflow/.local/lib/python3.12/site-packages/airflow/example_dags/example_branch_labels.py
[2024-11-14T08:17:49.391+0000] {processor.py:914} INFO - Processing file /home/airflow/.local/lib/python3.12/site-packages/airflow/example_dags/example_branch_labels.py for tasks to queue
[2024-11-14T08:17:49.394+0000] {logging_mixin.py:190} INFO - [2024-11-14T08:17:49.393+0000] {dagbag.py:588} INFO - Filling up the DagBag from /home/airflow/.local/lib/python3.12/site-packages/airflow/example_dags/example_branch_labels.py
[2024-11-14T08:17:49.402+0000] {processor.py:925} INFO - DAG(s) 'example_branch_labels' retrieved from /home/airflow/.local/lib/python3.12/site-packages/airflow/example_dags/example_branch_labels.py
[2024-11-14T08:17:49.424+0000] {logging_mixin.py:190} INFO - [2024-11-14T08:17:49.424+0000] {dag.py:3239} INFO - Sync 1 DAGs
[2024-11-14T08:17:49.446+0000] {logging_mixin.py:190} INFO - [2024-11-14T08:17:49.446+0000] {dag.py:4180} INFO - Setting next_dagrun for example_branch_labels to 2024-11-13 00:00:00+00:00, run_after=2024-11-14 00:00:00+00:00
[2024-11-14T08:17:49.465+0000] {processor.py:208} INFO - Processing /home/airflow/.local/lib/python3.12/site-packages/airflow/example_dags/example_branch_labels.py took 0.080 seconds
[2024-11-14T08:18:20.227+0000] {processor.py:186} INFO - Started process (PID=313) to work on /home/airflow/.local/lib/python3.12/site-packages/airflow/example_dags/example_branch_labels.py
[2024-11-14T08:18:20.228+0000] {processor.py:914} INFO - Processing file /home/airflow/.local/lib/python3.12/site-packages/airflow/example_dags/example_branch_labels.py for tasks to queue
[2024-11-14T08:18:20.231+0000] {logging_mixin.py:190} INFO - [2024-11-14T08:18:20.231+0000] {dagbag.py:588} INFO - Filling up the DagBag from /home/airflow/.local/lib/python3.12/site-packages/airflow/example_dags/example_branch_labels.py
[2024-11-14T08:18:20.241+0000] {processor.py:925} INFO - DAG(s) 'example_branch_labels' retrieved from /home/airflow/.local/lib/python3.12/site-packages/airflow/example_dags/example_branch_labels.py
[2024-11-14T08:18:20.265+0000] {logging_mixin.py:190} INFO - [2024-11-14T08:18:20.264+0000] {dag.py:3239} INFO - Sync 1 DAGs
[2024-11-14T08:18:20.286+0000] {logging_mixin.py:190} INFO - [2024-11-14T08:18:20.286+0000] {dag.py:4180} INFO - Setting next_dagrun for example_branch_labels to 2024-11-13 00:00:00+00:00, run_after=2024-11-14 00:00:00+00:00
[2024-11-14T08:18:20.310+0000] {processor.py:208} INFO - Processing /home/airflow/.local/lib/python3.12/site-packages/airflow/example_dags/example_branch_labels.py took 0.088 seconds
