[2024-11-14T07:29:51.309+0000] {processor.py:186} INFO - Started process (PID=943) to work on /home/airflow/.local/lib/python3.12/site-packages/airflow/example_dags/example_subdag_operator.py
[2024-11-14T07:29:51.310+0000] {processor.py:914} INFO - Processing file /home/airflow/.local/lib/python3.12/site-packages/airflow/example_dags/example_subdag_operator.py for tasks to queue
[2024-11-14T07:29:51.313+0000] {logging_mixin.py:190} INFO - [2024-11-14T07:29:51.313+0000] {dagbag.py:588} INFO - Filling up the DagBag from /home/airflow/.local/lib/python3.12/site-packages/airflow/example_dags/example_subdag_operator.py
[2024-11-14T07:29:51.354+0000] {processor.py:925} INFO - DAG(s) 'example_subdag_operator.section-1', 'example_subdag_operator.section-2', 'example_subdag_operator' retrieved from /home/airflow/.local/lib/python3.12/site-packages/airflow/example_dags/example_subdag_operator.py
[2024-11-14T07:29:51.390+0000] {logging_mixin.py:190} INFO - [2024-11-14T07:29:51.388+0000] {dag.py:3239} INFO - Sync 3 DAGs
[2024-11-14T07:29:51.435+0000] {logging_mixin.py:190} INFO - [2024-11-14T07:29:51.435+0000] {dag.py:4180} INFO - Setting next_dagrun for example_subdag_operator to 2022-01-01 00:00:00+00:00, run_after=2022-01-01 00:00:00+00:00
[2024-11-14T07:29:51.441+0000] {logging_mixin.py:190} INFO - [2024-11-14T07:29:51.441+0000] {dag.py:4180} INFO - Setting next_dagrun for example_subdag_operator.section-1 to None, run_after=None
[2024-11-14T07:29:51.443+0000] {logging_mixin.py:190} INFO - [2024-11-14T07:29:51.443+0000] {dag.py:4180} INFO - Setting next_dagrun for example_subdag_operator.section-2 to None, run_after=None
[2024-11-14T07:29:51.451+0000] {logging_mixin.py:190} INFO - [2024-11-14T07:29:51.451+0000] {dag.py:3239} INFO - Sync 2 DAGs
[2024-11-14T07:29:51.457+0000] {logging_mixin.py:190} INFO - [2024-11-14T07:29:51.457+0000] {dag.py:4180} INFO - Setting next_dagrun for example_subdag_operator.section-1 to None, run_after=None
[2024-11-14T07:29:51.458+0000] {logging_mixin.py:190} INFO - [2024-11-14T07:29:51.458+0000] {dag.py:4180} INFO - Setting next_dagrun for example_subdag_operator.section-2 to None, run_after=None
[2024-11-14T07:29:51.472+0000] {processor.py:208} INFO - Processing /home/airflow/.local/lib/python3.12/site-packages/airflow/example_dags/example_subdag_operator.py took 0.170 seconds
[2024-11-14T07:30:21.963+0000] {processor.py:186} INFO - Started process (PID=1005) to work on /home/airflow/.local/lib/python3.12/site-packages/airflow/example_dags/example_subdag_operator.py
[2024-11-14T07:30:21.964+0000] {processor.py:914} INFO - Processing file /home/airflow/.local/lib/python3.12/site-packages/airflow/example_dags/example_subdag_operator.py for tasks to queue
[2024-11-14T07:30:21.967+0000] {logging_mixin.py:190} INFO - [2024-11-14T07:30:21.967+0000] {dagbag.py:588} INFO - Filling up the DagBag from /home/airflow/.local/lib/python3.12/site-packages/airflow/example_dags/example_subdag_operator.py
[2024-11-14T07:30:21.995+0000] {processor.py:925} INFO - DAG(s) 'example_subdag_operator.section-1', 'example_subdag_operator.section-2', 'example_subdag_operator' retrieved from /home/airflow/.local/lib/python3.12/site-packages/airflow/example_dags/example_subdag_operator.py
[2024-11-14T07:30:22.013+0000] {logging_mixin.py:190} INFO - [2024-11-14T07:30:22.012+0000] {dag.py:3239} INFO - Sync 3 DAGs
[2024-11-14T07:30:22.037+0000] {logging_mixin.py:190} INFO - [2024-11-14T07:30:22.036+0000] {dag.py:4180} INFO - Setting next_dagrun for example_subdag_operator to 2022-01-01 00:00:00+00:00, run_after=2022-01-01 00:00:00+00:00
[2024-11-14T07:30:22.041+0000] {logging_mixin.py:190} INFO - [2024-11-14T07:30:22.041+0000] {dag.py:4180} INFO - Setting next_dagrun for example_subdag_operator.section-1 to None, run_after=None
[2024-11-14T07:30:22.043+0000] {logging_mixin.py:190} INFO - [2024-11-14T07:30:22.043+0000] {dag.py:4180} INFO - Setting next_dagrun for example_subdag_operator.section-2 to None, run_after=None
[2024-11-14T07:30:22.051+0000] {logging_mixin.py:190} INFO - [2024-11-14T07:30:22.051+0000] {dag.py:3239} INFO - Sync 2 DAGs
[2024-11-14T07:30:22.058+0000] {logging_mixin.py:190} INFO - [2024-11-14T07:30:22.058+0000] {dag.py:4180} INFO - Setting next_dagrun for example_subdag_operator.section-1 to None, run_after=None
[2024-11-14T07:30:22.059+0000] {logging_mixin.py:190} INFO - [2024-11-14T07:30:22.059+0000] {dag.py:4180} INFO - Setting next_dagrun for example_subdag_operator.section-2 to None, run_after=None
[2024-11-14T07:30:22.075+0000] {processor.py:208} INFO - Processing /home/airflow/.local/lib/python3.12/site-packages/airflow/example_dags/example_subdag_operator.py took 0.118 seconds
[2024-11-14T07:30:52.184+0000] {processor.py:186} INFO - Started process (PID=1067) to work on /home/airflow/.local/lib/python3.12/site-packages/airflow/example_dags/example_subdag_operator.py
[2024-11-14T07:30:52.185+0000] {processor.py:914} INFO - Processing file /home/airflow/.local/lib/python3.12/site-packages/airflow/example_dags/example_subdag_operator.py for tasks to queue
[2024-11-14T07:30:52.189+0000] {logging_mixin.py:190} INFO - [2024-11-14T07:30:52.188+0000] {dagbag.py:588} INFO - Filling up the DagBag from /home/airflow/.local/lib/python3.12/site-packages/airflow/example_dags/example_subdag_operator.py
[2024-11-14T07:30:52.214+0000] {processor.py:925} INFO - DAG(s) 'example_subdag_operator.section-1', 'example_subdag_operator.section-2', 'example_subdag_operator' retrieved from /home/airflow/.local/lib/python3.12/site-packages/airflow/example_dags/example_subdag_operator.py
[2024-11-14T07:30:52.233+0000] {logging_mixin.py:190} INFO - [2024-11-14T07:30:52.232+0000] {dag.py:3239} INFO - Sync 3 DAGs
[2024-11-14T07:30:52.265+0000] {logging_mixin.py:190} INFO - [2024-11-14T07:30:52.265+0000] {dag.py:4180} INFO - Setting next_dagrun for example_subdag_operator to 2022-01-01 00:00:00+00:00, run_after=2022-01-01 00:00:00+00:00
[2024-11-14T07:30:52.272+0000] {logging_mixin.py:190} INFO - [2024-11-14T07:30:52.271+0000] {dag.py:4180} INFO - Setting next_dagrun for example_subdag_operator.section-1 to None, run_after=None
[2024-11-14T07:30:52.274+0000] {logging_mixin.py:190} INFO - [2024-11-14T07:30:52.274+0000] {dag.py:4180} INFO - Setting next_dagrun for example_subdag_operator.section-2 to None, run_after=None
[2024-11-14T07:30:52.283+0000] {logging_mixin.py:190} INFO - [2024-11-14T07:30:52.283+0000] {dag.py:3239} INFO - Sync 2 DAGs
[2024-11-14T07:30:52.290+0000] {logging_mixin.py:190} INFO - [2024-11-14T07:30:52.290+0000] {dag.py:4180} INFO - Setting next_dagrun for example_subdag_operator.section-1 to None, run_after=None
[2024-11-14T07:30:52.291+0000] {logging_mixin.py:190} INFO - [2024-11-14T07:30:52.291+0000] {dag.py:4180} INFO - Setting next_dagrun for example_subdag_operator.section-2 to None, run_after=None
[2024-11-14T07:30:52.306+0000] {processor.py:208} INFO - Processing /home/airflow/.local/lib/python3.12/site-packages/airflow/example_dags/example_subdag_operator.py took 0.127 seconds
[2024-11-14T07:42:03.227+0000] {processor.py:186} INFO - Started process (PID=76) to work on /home/airflow/.local/lib/python3.12/site-packages/airflow/example_dags/example_subdag_operator.py
[2024-11-14T07:42:03.229+0000] {processor.py:914} INFO - Processing file /home/airflow/.local/lib/python3.12/site-packages/airflow/example_dags/example_subdag_operator.py for tasks to queue
[2024-11-14T07:42:03.235+0000] {logging_mixin.py:190} INFO - [2024-11-14T07:42:03.235+0000] {dagbag.py:588} INFO - Filling up the DagBag from /home/airflow/.local/lib/python3.12/site-packages/airflow/example_dags/example_subdag_operator.py
[2024-11-14T07:42:03.270+0000] {processor.py:925} INFO - DAG(s) 'example_subdag_operator.section-1', 'example_subdag_operator.section-2', 'example_subdag_operator' retrieved from /home/airflow/.local/lib/python3.12/site-packages/airflow/example_dags/example_subdag_operator.py
[2024-11-14T07:42:03.296+0000] {logging_mixin.py:190} INFO - [2024-11-14T07:42:03.296+0000] {dag.py:3239} INFO - Sync 3 DAGs
[2024-11-14T07:42:03.321+0000] {logging_mixin.py:190} INFO - [2024-11-14T07:42:03.321+0000] {dag.py:4180} INFO - Setting next_dagrun for example_subdag_operator to 2022-01-01 00:00:00+00:00, run_after=2022-01-01 00:00:00+00:00
[2024-11-14T07:42:03.326+0000] {logging_mixin.py:190} INFO - [2024-11-14T07:42:03.325+0000] {dag.py:4180} INFO - Setting next_dagrun for example_subdag_operator.section-1 to None, run_after=None
[2024-11-14T07:42:03.327+0000] {logging_mixin.py:190} INFO - [2024-11-14T07:42:03.327+0000] {dag.py:4180} INFO - Setting next_dagrun for example_subdag_operator.section-2 to None, run_after=None
[2024-11-14T07:42:03.337+0000] {logging_mixin.py:190} INFO - [2024-11-14T07:42:03.337+0000] {dag.py:3239} INFO - Sync 2 DAGs
[2024-11-14T07:42:03.345+0000] {logging_mixin.py:190} INFO - [2024-11-14T07:42:03.345+0000] {dag.py:4180} INFO - Setting next_dagrun for example_subdag_operator.section-1 to None, run_after=None
[2024-11-14T07:42:03.346+0000] {logging_mixin.py:190} INFO - [2024-11-14T07:42:03.346+0000] {dag.py:4180} INFO - Setting next_dagrun for example_subdag_operator.section-2 to None, run_after=None
[2024-11-14T07:42:03.361+0000] {processor.py:208} INFO - Processing /home/airflow/.local/lib/python3.12/site-packages/airflow/example_dags/example_subdag_operator.py took 0.139 seconds
[2024-11-14T07:42:33.624+0000] {processor.py:186} INFO - Started process (PID=144) to work on /home/airflow/.local/lib/python3.12/site-packages/airflow/example_dags/example_subdag_operator.py
[2024-11-14T07:42:33.627+0000] {processor.py:914} INFO - Processing file /home/airflow/.local/lib/python3.12/site-packages/airflow/example_dags/example_subdag_operator.py for tasks to queue
[2024-11-14T07:42:33.639+0000] {logging_mixin.py:190} INFO - [2024-11-14T07:42:33.638+0000] {dagbag.py:588} INFO - Filling up the DagBag from /home/airflow/.local/lib/python3.12/site-packages/airflow/example_dags/example_subdag_operator.py
[2024-11-14T07:42:33.690+0000] {processor.py:925} INFO - DAG(s) 'example_subdag_operator.section-1', 'example_subdag_operator.section-2', 'example_subdag_operator' retrieved from /home/airflow/.local/lib/python3.12/site-packages/airflow/example_dags/example_subdag_operator.py
[2024-11-14T07:42:33.717+0000] {logging_mixin.py:190} INFO - [2024-11-14T07:42:33.716+0000] {dag.py:3239} INFO - Sync 3 DAGs
[2024-11-14T07:42:33.754+0000] {logging_mixin.py:190} INFO - [2024-11-14T07:42:33.753+0000] {dag.py:4180} INFO - Setting next_dagrun for example_subdag_operator to 2022-01-01 00:00:00+00:00, run_after=2022-01-01 00:00:00+00:00
[2024-11-14T07:42:33.760+0000] {logging_mixin.py:190} INFO - [2024-11-14T07:42:33.760+0000] {dag.py:4180} INFO - Setting next_dagrun for example_subdag_operator.section-1 to None, run_after=None
[2024-11-14T07:42:33.762+0000] {logging_mixin.py:190} INFO - [2024-11-14T07:42:33.762+0000] {dag.py:4180} INFO - Setting next_dagrun for example_subdag_operator.section-2 to None, run_after=None
[2024-11-14T07:42:33.774+0000] {logging_mixin.py:190} INFO - [2024-11-14T07:42:33.774+0000] {dag.py:3239} INFO - Sync 2 DAGs
[2024-11-14T07:42:33.782+0000] {logging_mixin.py:190} INFO - [2024-11-14T07:42:33.782+0000] {dag.py:4180} INFO - Setting next_dagrun for example_subdag_operator.section-1 to None, run_after=None
[2024-11-14T07:42:33.783+0000] {logging_mixin.py:190} INFO - [2024-11-14T07:42:33.783+0000] {dag.py:4180} INFO - Setting next_dagrun for example_subdag_operator.section-2 to None, run_after=None
[2024-11-14T07:42:33.826+0000] {processor.py:208} INFO - Processing /home/airflow/.local/lib/python3.12/site-packages/airflow/example_dags/example_subdag_operator.py took 0.218 seconds
[2024-11-14T07:49:33.377+0000] {processor.py:186} INFO - Started process (PID=115) to work on /home/airflow/.local/lib/python3.12/site-packages/airflow/example_dags/example_subdag_operator.py
[2024-11-14T07:49:33.379+0000] {processor.py:914} INFO - Processing file /home/airflow/.local/lib/python3.12/site-packages/airflow/example_dags/example_subdag_operator.py for tasks to queue
[2024-11-14T07:49:33.385+0000] {logging_mixin.py:190} INFO - [2024-11-14T07:49:33.384+0000] {dagbag.py:588} INFO - Filling up the DagBag from /home/airflow/.local/lib/python3.12/site-packages/airflow/example_dags/example_subdag_operator.py
[2024-11-14T07:49:33.430+0000] {processor.py:925} INFO - DAG(s) 'example_subdag_operator.section-1', 'example_subdag_operator.section-2', 'example_subdag_operator' retrieved from /home/airflow/.local/lib/python3.12/site-packages/airflow/example_dags/example_subdag_operator.py
[2024-11-14T07:49:33.463+0000] {logging_mixin.py:190} INFO - [2024-11-14T07:49:33.463+0000] {dag.py:3239} INFO - Sync 3 DAGs
[2024-11-14T07:49:33.496+0000] {logging_mixin.py:190} INFO - [2024-11-14T07:49:33.496+0000] {dag.py:4180} INFO - Setting next_dagrun for example_subdag_operator to 2022-01-01 00:00:00+00:00, run_after=2022-01-01 00:00:00+00:00
[2024-11-14T07:49:33.502+0000] {logging_mixin.py:190} INFO - [2024-11-14T07:49:33.502+0000] {dag.py:4180} INFO - Setting next_dagrun for example_subdag_operator.section-1 to None, run_after=None
[2024-11-14T07:49:33.504+0000] {logging_mixin.py:190} INFO - [2024-11-14T07:49:33.504+0000] {dag.py:4180} INFO - Setting next_dagrun for example_subdag_operator.section-2 to None, run_after=None
[2024-11-14T07:49:33.514+0000] {logging_mixin.py:190} INFO - [2024-11-14T07:49:33.514+0000] {dag.py:3239} INFO - Sync 2 DAGs
[2024-11-14T07:49:33.522+0000] {logging_mixin.py:190} INFO - [2024-11-14T07:49:33.522+0000] {dag.py:4180} INFO - Setting next_dagrun for example_subdag_operator.section-1 to None, run_after=None
[2024-11-14T07:49:33.523+0000] {logging_mixin.py:190} INFO - [2024-11-14T07:49:33.523+0000] {dag.py:4180} INFO - Setting next_dagrun for example_subdag_operator.section-2 to None, run_after=None
[2024-11-14T07:49:33.538+0000] {processor.py:208} INFO - Processing /home/airflow/.local/lib/python3.12/site-packages/airflow/example_dags/example_subdag_operator.py took 0.173 seconds
[2024-11-14T07:50:04.193+0000] {processor.py:186} INFO - Started process (PID=177) to work on /home/airflow/.local/lib/python3.12/site-packages/airflow/example_dags/example_subdag_operator.py
[2024-11-14T07:50:04.195+0000] {processor.py:914} INFO - Processing file /home/airflow/.local/lib/python3.12/site-packages/airflow/example_dags/example_subdag_operator.py for tasks to queue
[2024-11-14T07:50:04.197+0000] {logging_mixin.py:190} INFO - [2024-11-14T07:50:04.197+0000] {dagbag.py:588} INFO - Filling up the DagBag from /home/airflow/.local/lib/python3.12/site-packages/airflow/example_dags/example_subdag_operator.py
[2024-11-14T07:50:04.229+0000] {processor.py:925} INFO - DAG(s) 'example_subdag_operator.section-1', 'example_subdag_operator.section-2', 'example_subdag_operator' retrieved from /home/airflow/.local/lib/python3.12/site-packages/airflow/example_dags/example_subdag_operator.py
[2024-11-14T07:50:04.247+0000] {logging_mixin.py:190} INFO - [2024-11-14T07:50:04.246+0000] {dag.py:3239} INFO - Sync 3 DAGs
[2024-11-14T07:50:04.272+0000] {logging_mixin.py:190} INFO - [2024-11-14T07:50:04.272+0000] {dag.py:4180} INFO - Setting next_dagrun for example_subdag_operator to 2022-01-01 00:00:00+00:00, run_after=2022-01-01 00:00:00+00:00
[2024-11-14T07:50:04.276+0000] {logging_mixin.py:190} INFO - [2024-11-14T07:50:04.276+0000] {dag.py:4180} INFO - Setting next_dagrun for example_subdag_operator.section-1 to None, run_after=None
[2024-11-14T07:50:04.278+0000] {logging_mixin.py:190} INFO - [2024-11-14T07:50:04.278+0000] {dag.py:4180} INFO - Setting next_dagrun for example_subdag_operator.section-2 to None, run_after=None
[2024-11-14T07:50:04.286+0000] {logging_mixin.py:190} INFO - [2024-11-14T07:50:04.286+0000] {dag.py:3239} INFO - Sync 2 DAGs
[2024-11-14T07:50:04.293+0000] {logging_mixin.py:190} INFO - [2024-11-14T07:50:04.292+0000] {dag.py:4180} INFO - Setting next_dagrun for example_subdag_operator.section-1 to None, run_after=None
[2024-11-14T07:50:04.294+0000] {logging_mixin.py:190} INFO - [2024-11-14T07:50:04.293+0000] {dag.py:4180} INFO - Setting next_dagrun for example_subdag_operator.section-2 to None, run_after=None
[2024-11-14T07:50:04.308+0000] {processor.py:208} INFO - Processing /home/airflow/.local/lib/python3.12/site-packages/airflow/example_dags/example_subdag_operator.py took 0.122 seconds
[2024-11-14T07:50:35.222+0000] {processor.py:186} INFO - Started process (PID=239) to work on /home/airflow/.local/lib/python3.12/site-packages/airflow/example_dags/example_subdag_operator.py
[2024-11-14T07:50:35.224+0000] {processor.py:914} INFO - Processing file /home/airflow/.local/lib/python3.12/site-packages/airflow/example_dags/example_subdag_operator.py for tasks to queue
[2024-11-14T07:50:35.228+0000] {logging_mixin.py:190} INFO - [2024-11-14T07:50:35.228+0000] {dagbag.py:588} INFO - Filling up the DagBag from /home/airflow/.local/lib/python3.12/site-packages/airflow/example_dags/example_subdag_operator.py
[2024-11-14T07:50:35.281+0000] {processor.py:925} INFO - DAG(s) 'example_subdag_operator.section-1', 'example_subdag_operator.section-2', 'example_subdag_operator' retrieved from /home/airflow/.local/lib/python3.12/site-packages/airflow/example_dags/example_subdag_operator.py
[2024-11-14T07:50:35.313+0000] {logging_mixin.py:190} INFO - [2024-11-14T07:50:35.313+0000] {dag.py:3239} INFO - Sync 3 DAGs
[2024-11-14T07:50:35.357+0000] {logging_mixin.py:190} INFO - [2024-11-14T07:50:35.356+0000] {dag.py:4180} INFO - Setting next_dagrun for example_subdag_operator to 2022-01-01 00:00:00+00:00, run_after=2022-01-01 00:00:00+00:00
[2024-11-14T07:50:35.366+0000] {logging_mixin.py:190} INFO - [2024-11-14T07:50:35.365+0000] {dag.py:4180} INFO - Setting next_dagrun for example_subdag_operator.section-1 to None, run_after=None
[2024-11-14T07:50:35.369+0000] {logging_mixin.py:190} INFO - [2024-11-14T07:50:35.369+0000] {dag.py:4180} INFO - Setting next_dagrun for example_subdag_operator.section-2 to None, run_after=None
[2024-11-14T07:50:35.382+0000] {logging_mixin.py:190} INFO - [2024-11-14T07:50:35.382+0000] {dag.py:3239} INFO - Sync 2 DAGs
[2024-11-14T07:50:35.392+0000] {logging_mixin.py:190} INFO - [2024-11-14T07:50:35.391+0000] {dag.py:4180} INFO - Setting next_dagrun for example_subdag_operator.section-1 to None, run_after=None
[2024-11-14T07:50:35.393+0000] {logging_mixin.py:190} INFO - [2024-11-14T07:50:35.393+0000] {dag.py:4180} INFO - Setting next_dagrun for example_subdag_operator.section-2 to None, run_after=None
[2024-11-14T07:50:35.417+0000] {processor.py:208} INFO - Processing /home/airflow/.local/lib/python3.12/site-packages/airflow/example_dags/example_subdag_operator.py took 0.205 seconds
[2024-11-14T07:51:05.716+0000] {processor.py:186} INFO - Started process (PID=301) to work on /home/airflow/.local/lib/python3.12/site-packages/airflow/example_dags/example_subdag_operator.py
[2024-11-14T07:51:05.717+0000] {processor.py:914} INFO - Processing file /home/airflow/.local/lib/python3.12/site-packages/airflow/example_dags/example_subdag_operator.py for tasks to queue
[2024-11-14T07:51:05.721+0000] {logging_mixin.py:190} INFO - [2024-11-14T07:51:05.721+0000] {dagbag.py:588} INFO - Filling up the DagBag from /home/airflow/.local/lib/python3.12/site-packages/airflow/example_dags/example_subdag_operator.py
[2024-11-14T07:51:05.746+0000] {processor.py:925} INFO - DAG(s) 'example_subdag_operator.section-1', 'example_subdag_operator.section-2', 'example_subdag_operator' retrieved from /home/airflow/.local/lib/python3.12/site-packages/airflow/example_dags/example_subdag_operator.py
[2024-11-14T07:51:05.761+0000] {logging_mixin.py:190} INFO - [2024-11-14T07:51:05.761+0000] {dag.py:3239} INFO - Sync 3 DAGs
[2024-11-14T07:51:05.786+0000] {logging_mixin.py:190} INFO - [2024-11-14T07:51:05.786+0000] {dag.py:4180} INFO - Setting next_dagrun for example_subdag_operator to 2022-01-01 00:00:00+00:00, run_after=2022-01-01 00:00:00+00:00
[2024-11-14T07:51:05.790+0000] {logging_mixin.py:190} INFO - [2024-11-14T07:51:05.790+0000] {dag.py:4180} INFO - Setting next_dagrun for example_subdag_operator.section-1 to None, run_after=None
[2024-11-14T07:51:05.792+0000] {logging_mixin.py:190} INFO - [2024-11-14T07:51:05.792+0000] {dag.py:4180} INFO - Setting next_dagrun for example_subdag_operator.section-2 to None, run_after=None
[2024-11-14T07:51:05.801+0000] {logging_mixin.py:190} INFO - [2024-11-14T07:51:05.800+0000] {dag.py:3239} INFO - Sync 2 DAGs
[2024-11-14T07:51:05.806+0000] {logging_mixin.py:190} INFO - [2024-11-14T07:51:05.806+0000] {dag.py:4180} INFO - Setting next_dagrun for example_subdag_operator.section-1 to None, run_after=None
[2024-11-14T07:51:05.807+0000] {logging_mixin.py:190} INFO - [2024-11-14T07:51:05.807+0000] {dag.py:4180} INFO - Setting next_dagrun for example_subdag_operator.section-2 to None, run_after=None
[2024-11-14T07:51:05.820+0000] {processor.py:208} INFO - Processing /home/airflow/.local/lib/python3.12/site-packages/airflow/example_dags/example_subdag_operator.py took 0.110 seconds
[2024-11-14T07:51:36.658+0000] {processor.py:186} INFO - Started process (PID=363) to work on /home/airflow/.local/lib/python3.12/site-packages/airflow/example_dags/example_subdag_operator.py
[2024-11-14T07:51:36.660+0000] {processor.py:914} INFO - Processing file /home/airflow/.local/lib/python3.12/site-packages/airflow/example_dags/example_subdag_operator.py for tasks to queue
[2024-11-14T07:51:36.663+0000] {logging_mixin.py:190} INFO - [2024-11-14T07:51:36.663+0000] {dagbag.py:588} INFO - Filling up the DagBag from /home/airflow/.local/lib/python3.12/site-packages/airflow/example_dags/example_subdag_operator.py
[2024-11-14T07:51:36.693+0000] {processor.py:925} INFO - DAG(s) 'example_subdag_operator.section-1', 'example_subdag_operator.section-2', 'example_subdag_operator' retrieved from /home/airflow/.local/lib/python3.12/site-packages/airflow/example_dags/example_subdag_operator.py
[2024-11-14T07:51:36.715+0000] {logging_mixin.py:190} INFO - [2024-11-14T07:51:36.715+0000] {dag.py:3239} INFO - Sync 3 DAGs
[2024-11-14T07:51:36.743+0000] {logging_mixin.py:190} INFO - [2024-11-14T07:51:36.742+0000] {dag.py:4180} INFO - Setting next_dagrun for example_subdag_operator to 2022-01-01 00:00:00+00:00, run_after=2022-01-01 00:00:00+00:00
[2024-11-14T07:51:36.747+0000] {logging_mixin.py:190} INFO - [2024-11-14T07:51:36.747+0000] {dag.py:4180} INFO - Setting next_dagrun for example_subdag_operator.section-1 to None, run_after=None
[2024-11-14T07:51:36.749+0000] {logging_mixin.py:190} INFO - [2024-11-14T07:51:36.749+0000] {dag.py:4180} INFO - Setting next_dagrun for example_subdag_operator.section-2 to None, run_after=None
[2024-11-14T07:51:36.761+0000] {logging_mixin.py:190} INFO - [2024-11-14T07:51:36.761+0000] {dag.py:3239} INFO - Sync 2 DAGs
[2024-11-14T07:51:36.771+0000] {logging_mixin.py:190} INFO - [2024-11-14T07:51:36.771+0000] {dag.py:4180} INFO - Setting next_dagrun for example_subdag_operator.section-1 to None, run_after=None
[2024-11-14T07:51:36.772+0000] {logging_mixin.py:190} INFO - [2024-11-14T07:51:36.772+0000] {dag.py:4180} INFO - Setting next_dagrun for example_subdag_operator.section-2 to None, run_after=None
[2024-11-14T07:51:36.787+0000] {processor.py:208} INFO - Processing /home/airflow/.local/lib/python3.12/site-packages/airflow/example_dags/example_subdag_operator.py took 0.134 seconds
[2024-11-14T07:52:06.973+0000] {processor.py:186} INFO - Started process (PID=425) to work on /home/airflow/.local/lib/python3.12/site-packages/airflow/example_dags/example_subdag_operator.py
[2024-11-14T07:52:06.975+0000] {processor.py:914} INFO - Processing file /home/airflow/.local/lib/python3.12/site-packages/airflow/example_dags/example_subdag_operator.py for tasks to queue
[2024-11-14T07:52:06.977+0000] {logging_mixin.py:190} INFO - [2024-11-14T07:52:06.977+0000] {dagbag.py:588} INFO - Filling up the DagBag from /home/airflow/.local/lib/python3.12/site-packages/airflow/example_dags/example_subdag_operator.py
[2024-11-14T07:52:07.011+0000] {processor.py:925} INFO - DAG(s) 'example_subdag_operator.section-1', 'example_subdag_operator.section-2', 'example_subdag_operator' retrieved from /home/airflow/.local/lib/python3.12/site-packages/airflow/example_dags/example_subdag_operator.py
[2024-11-14T07:52:07.030+0000] {logging_mixin.py:190} INFO - [2024-11-14T07:52:07.030+0000] {dag.py:3239} INFO - Sync 3 DAGs
[2024-11-14T07:52:07.062+0000] {logging_mixin.py:190} INFO - [2024-11-14T07:52:07.062+0000] {dag.py:4180} INFO - Setting next_dagrun for example_subdag_operator to 2022-01-01 00:00:00+00:00, run_after=2022-01-01 00:00:00+00:00
[2024-11-14T07:52:07.067+0000] {logging_mixin.py:190} INFO - [2024-11-14T07:52:07.067+0000] {dag.py:4180} INFO - Setting next_dagrun for example_subdag_operator.section-1 to None, run_after=None
[2024-11-14T07:52:07.069+0000] {logging_mixin.py:190} INFO - [2024-11-14T07:52:07.069+0000] {dag.py:4180} INFO - Setting next_dagrun for example_subdag_operator.section-2 to None, run_after=None
[2024-11-14T07:52:07.077+0000] {logging_mixin.py:190} INFO - [2024-11-14T07:52:07.077+0000] {dag.py:3239} INFO - Sync 2 DAGs
[2024-11-14T07:52:07.084+0000] {logging_mixin.py:190} INFO - [2024-11-14T07:52:07.084+0000] {dag.py:4180} INFO - Setting next_dagrun for example_subdag_operator.section-1 to None, run_after=None
[2024-11-14T07:52:07.085+0000] {logging_mixin.py:190} INFO - [2024-11-14T07:52:07.085+0000] {dag.py:4180} INFO - Setting next_dagrun for example_subdag_operator.section-2 to None, run_after=None
[2024-11-14T07:52:07.100+0000] {processor.py:208} INFO - Processing /home/airflow/.local/lib/python3.12/site-packages/airflow/example_dags/example_subdag_operator.py took 0.134 seconds
[2024-11-14T07:52:37.189+0000] {processor.py:186} INFO - Started process (PID=487) to work on /home/airflow/.local/lib/python3.12/site-packages/airflow/example_dags/example_subdag_operator.py
[2024-11-14T07:52:37.190+0000] {processor.py:914} INFO - Processing file /home/airflow/.local/lib/python3.12/site-packages/airflow/example_dags/example_subdag_operator.py for tasks to queue
[2024-11-14T07:52:37.193+0000] {logging_mixin.py:190} INFO - [2024-11-14T07:52:37.192+0000] {dagbag.py:588} INFO - Filling up the DagBag from /home/airflow/.local/lib/python3.12/site-packages/airflow/example_dags/example_subdag_operator.py
[2024-11-14T07:52:37.222+0000] {processor.py:925} INFO - DAG(s) 'example_subdag_operator.section-1', 'example_subdag_operator.section-2', 'example_subdag_operator' retrieved from /home/airflow/.local/lib/python3.12/site-packages/airflow/example_dags/example_subdag_operator.py
[2024-11-14T07:52:37.240+0000] {logging_mixin.py:190} INFO - [2024-11-14T07:52:37.240+0000] {dag.py:3239} INFO - Sync 3 DAGs
[2024-11-14T07:52:37.267+0000] {logging_mixin.py:190} INFO - [2024-11-14T07:52:37.266+0000] {dag.py:4180} INFO - Setting next_dagrun for example_subdag_operator to 2022-01-01 00:00:00+00:00, run_after=2022-01-01 00:00:00+00:00
[2024-11-14T07:52:37.271+0000] {logging_mixin.py:190} INFO - [2024-11-14T07:52:37.271+0000] {dag.py:4180} INFO - Setting next_dagrun for example_subdag_operator.section-1 to None, run_after=None
[2024-11-14T07:52:37.274+0000] {logging_mixin.py:190} INFO - [2024-11-14T07:52:37.274+0000] {dag.py:4180} INFO - Setting next_dagrun for example_subdag_operator.section-2 to None, run_after=None
[2024-11-14T07:52:37.283+0000] {logging_mixin.py:190} INFO - [2024-11-14T07:52:37.282+0000] {dag.py:3239} INFO - Sync 2 DAGs
[2024-11-14T07:52:37.289+0000] {logging_mixin.py:190} INFO - [2024-11-14T07:52:37.289+0000] {dag.py:4180} INFO - Setting next_dagrun for example_subdag_operator.section-1 to None, run_after=None
[2024-11-14T07:52:37.290+0000] {logging_mixin.py:190} INFO - [2024-11-14T07:52:37.290+0000] {dag.py:4180} INFO - Setting next_dagrun for example_subdag_operator.section-2 to None, run_after=None
[2024-11-14T07:52:37.305+0000] {processor.py:208} INFO - Processing /home/airflow/.local/lib/python3.12/site-packages/airflow/example_dags/example_subdag_operator.py took 0.124 seconds
[2024-11-14T07:53:07.970+0000] {processor.py:186} INFO - Started process (PID=549) to work on /home/airflow/.local/lib/python3.12/site-packages/airflow/example_dags/example_subdag_operator.py
[2024-11-14T07:53:07.972+0000] {processor.py:914} INFO - Processing file /home/airflow/.local/lib/python3.12/site-packages/airflow/example_dags/example_subdag_operator.py for tasks to queue
[2024-11-14T07:53:07.975+0000] {logging_mixin.py:190} INFO - [2024-11-14T07:53:07.974+0000] {dagbag.py:588} INFO - Filling up the DagBag from /home/airflow/.local/lib/python3.12/site-packages/airflow/example_dags/example_subdag_operator.py
[2024-11-14T07:53:08.005+0000] {processor.py:925} INFO - DAG(s) 'example_subdag_operator.section-1', 'example_subdag_operator.section-2', 'example_subdag_operator' retrieved from /home/airflow/.local/lib/python3.12/site-packages/airflow/example_dags/example_subdag_operator.py
[2024-11-14T07:53:08.025+0000] {logging_mixin.py:190} INFO - [2024-11-14T07:53:08.025+0000] {dag.py:3239} INFO - Sync 3 DAGs
[2024-11-14T07:53:08.051+0000] {logging_mixin.py:190} INFO - [2024-11-14T07:53:08.050+0000] {dag.py:4180} INFO - Setting next_dagrun for example_subdag_operator to 2022-01-01 00:00:00+00:00, run_after=2022-01-01 00:00:00+00:00
[2024-11-14T07:53:08.056+0000] {logging_mixin.py:190} INFO - [2024-11-14T07:53:08.056+0000] {dag.py:4180} INFO - Setting next_dagrun for example_subdag_operator.section-1 to None, run_after=None
[2024-11-14T07:53:08.058+0000] {logging_mixin.py:190} INFO - [2024-11-14T07:53:08.058+0000] {dag.py:4180} INFO - Setting next_dagrun for example_subdag_operator.section-2 to None, run_after=None
[2024-11-14T07:53:08.065+0000] {logging_mixin.py:190} INFO - [2024-11-14T07:53:08.065+0000] {dag.py:3239} INFO - Sync 2 DAGs
[2024-11-14T07:53:08.071+0000] {logging_mixin.py:190} INFO - [2024-11-14T07:53:08.071+0000] {dag.py:4180} INFO - Setting next_dagrun for example_subdag_operator.section-1 to None, run_after=None
[2024-11-14T07:53:08.073+0000] {logging_mixin.py:190} INFO - [2024-11-14T07:53:08.072+0000] {dag.py:4180} INFO - Setting next_dagrun for example_subdag_operator.section-2 to None, run_after=None
[2024-11-14T07:53:08.086+0000] {processor.py:208} INFO - Processing /home/airflow/.local/lib/python3.12/site-packages/airflow/example_dags/example_subdag_operator.py took 0.123 seconds
[2024-11-14T07:53:38.727+0000] {processor.py:186} INFO - Started process (PID=611) to work on /home/airflow/.local/lib/python3.12/site-packages/airflow/example_dags/example_subdag_operator.py
[2024-11-14T07:53:38.729+0000] {processor.py:914} INFO - Processing file /home/airflow/.local/lib/python3.12/site-packages/airflow/example_dags/example_subdag_operator.py for tasks to queue
[2024-11-14T07:53:38.732+0000] {logging_mixin.py:190} INFO - [2024-11-14T07:53:38.731+0000] {dagbag.py:588} INFO - Filling up the DagBag from /home/airflow/.local/lib/python3.12/site-packages/airflow/example_dags/example_subdag_operator.py
[2024-11-14T07:53:38.766+0000] {processor.py:925} INFO - DAG(s) 'example_subdag_operator.section-1', 'example_subdag_operator.section-2', 'example_subdag_operator' retrieved from /home/airflow/.local/lib/python3.12/site-packages/airflow/example_dags/example_subdag_operator.py
[2024-11-14T07:53:38.785+0000] {logging_mixin.py:190} INFO - [2024-11-14T07:53:38.785+0000] {dag.py:3239} INFO - Sync 3 DAGs
[2024-11-14T07:53:38.812+0000] {logging_mixin.py:190} INFO - [2024-11-14T07:53:38.811+0000] {dag.py:4180} INFO - Setting next_dagrun for example_subdag_operator to 2022-01-01 00:00:00+00:00, run_after=2022-01-01 00:00:00+00:00
[2024-11-14T07:53:38.818+0000] {logging_mixin.py:190} INFO - [2024-11-14T07:53:38.817+0000] {dag.py:4180} INFO - Setting next_dagrun for example_subdag_operator.section-1 to None, run_after=None
[2024-11-14T07:53:38.820+0000] {logging_mixin.py:190} INFO - [2024-11-14T07:53:38.820+0000] {dag.py:4180} INFO - Setting next_dagrun for example_subdag_operator.section-2 to None, run_after=None
[2024-11-14T07:53:38.829+0000] {logging_mixin.py:190} INFO - [2024-11-14T07:53:38.828+0000] {dag.py:3239} INFO - Sync 2 DAGs
[2024-11-14T07:53:38.836+0000] {logging_mixin.py:190} INFO - [2024-11-14T07:53:38.835+0000] {dag.py:4180} INFO - Setting next_dagrun for example_subdag_operator.section-1 to None, run_after=None
[2024-11-14T07:53:38.836+0000] {logging_mixin.py:190} INFO - [2024-11-14T07:53:38.836+0000] {dag.py:4180} INFO - Setting next_dagrun for example_subdag_operator.section-2 to None, run_after=None
[2024-11-14T07:53:38.851+0000] {processor.py:208} INFO - Processing /home/airflow/.local/lib/python3.12/site-packages/airflow/example_dags/example_subdag_operator.py took 0.132 seconds
[2024-11-14T07:54:09.444+0000] {processor.py:186} INFO - Started process (PID=673) to work on /home/airflow/.local/lib/python3.12/site-packages/airflow/example_dags/example_subdag_operator.py
[2024-11-14T07:54:09.445+0000] {processor.py:914} INFO - Processing file /home/airflow/.local/lib/python3.12/site-packages/airflow/example_dags/example_subdag_operator.py for tasks to queue
[2024-11-14T07:54:09.448+0000] {logging_mixin.py:190} INFO - [2024-11-14T07:54:09.448+0000] {dagbag.py:588} INFO - Filling up the DagBag from /home/airflow/.local/lib/python3.12/site-packages/airflow/example_dags/example_subdag_operator.py
[2024-11-14T07:54:09.476+0000] {processor.py:925} INFO - DAG(s) 'example_subdag_operator.section-1', 'example_subdag_operator.section-2', 'example_subdag_operator' retrieved from /home/airflow/.local/lib/python3.12/site-packages/airflow/example_dags/example_subdag_operator.py
[2024-11-14T07:54:09.493+0000] {logging_mixin.py:190} INFO - [2024-11-14T07:54:09.493+0000] {dag.py:3239} INFO - Sync 3 DAGs
[2024-11-14T07:54:09.530+0000] {logging_mixin.py:190} INFO - [2024-11-14T07:54:09.529+0000] {dag.py:4180} INFO - Setting next_dagrun for example_subdag_operator to 2022-01-01 00:00:00+00:00, run_after=2022-01-01 00:00:00+00:00
[2024-11-14T07:54:09.535+0000] {logging_mixin.py:190} INFO - [2024-11-14T07:54:09.535+0000] {dag.py:4180} INFO - Setting next_dagrun for example_subdag_operator.section-1 to None, run_after=None
[2024-11-14T07:54:09.538+0000] {logging_mixin.py:190} INFO - [2024-11-14T07:54:09.537+0000] {dag.py:4180} INFO - Setting next_dagrun for example_subdag_operator.section-2 to None, run_after=None
[2024-11-14T07:54:09.547+0000] {logging_mixin.py:190} INFO - [2024-11-14T07:54:09.547+0000] {dag.py:3239} INFO - Sync 2 DAGs
[2024-11-14T07:54:09.554+0000] {logging_mixin.py:190} INFO - [2024-11-14T07:54:09.554+0000] {dag.py:4180} INFO - Setting next_dagrun for example_subdag_operator.section-1 to None, run_after=None
[2024-11-14T07:54:09.555+0000] {logging_mixin.py:190} INFO - [2024-11-14T07:54:09.555+0000] {dag.py:4180} INFO - Setting next_dagrun for example_subdag_operator.section-2 to None, run_after=None
[2024-11-14T07:54:09.569+0000] {processor.py:208} INFO - Processing /home/airflow/.local/lib/python3.12/site-packages/airflow/example_dags/example_subdag_operator.py took 0.135 seconds
[2024-11-14T07:54:40.225+0000] {processor.py:186} INFO - Started process (PID=735) to work on /home/airflow/.local/lib/python3.12/site-packages/airflow/example_dags/example_subdag_operator.py
[2024-11-14T07:54:40.226+0000] {processor.py:914} INFO - Processing file /home/airflow/.local/lib/python3.12/site-packages/airflow/example_dags/example_subdag_operator.py for tasks to queue
[2024-11-14T07:54:40.229+0000] {logging_mixin.py:190} INFO - [2024-11-14T07:54:40.229+0000] {dagbag.py:588} INFO - Filling up the DagBag from /home/airflow/.local/lib/python3.12/site-packages/airflow/example_dags/example_subdag_operator.py
[2024-11-14T07:54:40.257+0000] {processor.py:925} INFO - DAG(s) 'example_subdag_operator.section-1', 'example_subdag_operator.section-2', 'example_subdag_operator' retrieved from /home/airflow/.local/lib/python3.12/site-packages/airflow/example_dags/example_subdag_operator.py
[2024-11-14T07:54:40.275+0000] {logging_mixin.py:190} INFO - [2024-11-14T07:54:40.274+0000] {dag.py:3239} INFO - Sync 3 DAGs
[2024-11-14T07:54:40.299+0000] {logging_mixin.py:190} INFO - [2024-11-14T07:54:40.298+0000] {dag.py:4180} INFO - Setting next_dagrun for example_subdag_operator to 2022-01-01 00:00:00+00:00, run_after=2022-01-01 00:00:00+00:00
[2024-11-14T07:54:40.303+0000] {logging_mixin.py:190} INFO - [2024-11-14T07:54:40.303+0000] {dag.py:4180} INFO - Setting next_dagrun for example_subdag_operator.section-1 to None, run_after=None
[2024-11-14T07:54:40.305+0000] {logging_mixin.py:190} INFO - [2024-11-14T07:54:40.305+0000] {dag.py:4180} INFO - Setting next_dagrun for example_subdag_operator.section-2 to None, run_after=None
[2024-11-14T07:54:40.314+0000] {logging_mixin.py:190} INFO - [2024-11-14T07:54:40.314+0000] {dag.py:3239} INFO - Sync 2 DAGs
[2024-11-14T07:54:40.322+0000] {logging_mixin.py:190} INFO - [2024-11-14T07:54:40.321+0000] {dag.py:4180} INFO - Setting next_dagrun for example_subdag_operator.section-1 to None, run_after=None
[2024-11-14T07:54:40.323+0000] {logging_mixin.py:190} INFO - [2024-11-14T07:54:40.322+0000] {dag.py:4180} INFO - Setting next_dagrun for example_subdag_operator.section-2 to None, run_after=None
[2024-11-14T07:54:40.338+0000] {processor.py:208} INFO - Processing /home/airflow/.local/lib/python3.12/site-packages/airflow/example_dags/example_subdag_operator.py took 0.120 seconds
[2024-11-14T07:55:10.918+0000] {processor.py:186} INFO - Started process (PID=797) to work on /home/airflow/.local/lib/python3.12/site-packages/airflow/example_dags/example_subdag_operator.py
[2024-11-14T07:55:10.920+0000] {processor.py:914} INFO - Processing file /home/airflow/.local/lib/python3.12/site-packages/airflow/example_dags/example_subdag_operator.py for tasks to queue
[2024-11-14T07:55:10.922+0000] {logging_mixin.py:190} INFO - [2024-11-14T07:55:10.921+0000] {dagbag.py:588} INFO - Filling up the DagBag from /home/airflow/.local/lib/python3.12/site-packages/airflow/example_dags/example_subdag_operator.py
[2024-11-14T07:55:10.951+0000] {processor.py:925} INFO - DAG(s) 'example_subdag_operator.section-1', 'example_subdag_operator.section-2', 'example_subdag_operator' retrieved from /home/airflow/.local/lib/python3.12/site-packages/airflow/example_dags/example_subdag_operator.py
[2024-11-14T07:55:10.967+0000] {logging_mixin.py:190} INFO - [2024-11-14T07:55:10.966+0000] {dag.py:3239} INFO - Sync 3 DAGs
[2024-11-14T07:55:10.991+0000] {logging_mixin.py:190} INFO - [2024-11-14T07:55:10.991+0000] {dag.py:4180} INFO - Setting next_dagrun for example_subdag_operator to 2022-01-01 00:00:00+00:00, run_after=2022-01-01 00:00:00+00:00
[2024-11-14T07:55:10.996+0000] {logging_mixin.py:190} INFO - [2024-11-14T07:55:10.996+0000] {dag.py:4180} INFO - Setting next_dagrun for example_subdag_operator.section-1 to None, run_after=None
[2024-11-14T07:55:10.998+0000] {logging_mixin.py:190} INFO - [2024-11-14T07:55:10.997+0000] {dag.py:4180} INFO - Setting next_dagrun for example_subdag_operator.section-2 to None, run_after=None
[2024-11-14T07:55:11.013+0000] {logging_mixin.py:190} INFO - [2024-11-14T07:55:11.012+0000] {dag.py:3239} INFO - Sync 2 DAGs
[2024-11-14T07:55:11.027+0000] {logging_mixin.py:190} INFO - [2024-11-14T07:55:11.026+0000] {dag.py:4180} INFO - Setting next_dagrun for example_subdag_operator.section-1 to None, run_after=None
[2024-11-14T07:55:11.028+0000] {logging_mixin.py:190} INFO - [2024-11-14T07:55:11.028+0000] {dag.py:4180} INFO - Setting next_dagrun for example_subdag_operator.section-2 to None, run_after=None
[2024-11-14T07:55:11.044+0000] {processor.py:208} INFO - Processing /home/airflow/.local/lib/python3.12/site-packages/airflow/example_dags/example_subdag_operator.py took 0.131 seconds
[2024-11-14T07:55:41.390+0000] {processor.py:186} INFO - Started process (PID=859) to work on /home/airflow/.local/lib/python3.12/site-packages/airflow/example_dags/example_subdag_operator.py
[2024-11-14T07:55:41.391+0000] {processor.py:914} INFO - Processing file /home/airflow/.local/lib/python3.12/site-packages/airflow/example_dags/example_subdag_operator.py for tasks to queue
[2024-11-14T07:55:41.394+0000] {logging_mixin.py:190} INFO - [2024-11-14T07:55:41.394+0000] {dagbag.py:588} INFO - Filling up the DagBag from /home/airflow/.local/lib/python3.12/site-packages/airflow/example_dags/example_subdag_operator.py
[2024-11-14T07:55:41.423+0000] {processor.py:925} INFO - DAG(s) 'example_subdag_operator.section-1', 'example_subdag_operator.section-2', 'example_subdag_operator' retrieved from /home/airflow/.local/lib/python3.12/site-packages/airflow/example_dags/example_subdag_operator.py
[2024-11-14T07:55:41.438+0000] {logging_mixin.py:190} INFO - [2024-11-14T07:55:41.438+0000] {dag.py:3239} INFO - Sync 3 DAGs
[2024-11-14T07:55:41.461+0000] {logging_mixin.py:190} INFO - [2024-11-14T07:55:41.460+0000] {dag.py:4180} INFO - Setting next_dagrun for example_subdag_operator to 2022-01-01 00:00:00+00:00, run_after=2022-01-01 00:00:00+00:00
[2024-11-14T07:55:41.465+0000] {logging_mixin.py:190} INFO - [2024-11-14T07:55:41.465+0000] {dag.py:4180} INFO - Setting next_dagrun for example_subdag_operator.section-1 to None, run_after=None
[2024-11-14T07:55:41.467+0000] {logging_mixin.py:190} INFO - [2024-11-14T07:55:41.467+0000] {dag.py:4180} INFO - Setting next_dagrun for example_subdag_operator.section-2 to None, run_after=None
[2024-11-14T07:55:41.475+0000] {logging_mixin.py:190} INFO - [2024-11-14T07:55:41.475+0000] {dag.py:3239} INFO - Sync 2 DAGs
[2024-11-14T07:55:41.481+0000] {logging_mixin.py:190} INFO - [2024-11-14T07:55:41.481+0000] {dag.py:4180} INFO - Setting next_dagrun for example_subdag_operator.section-1 to None, run_after=None
[2024-11-14T07:55:41.482+0000] {logging_mixin.py:190} INFO - [2024-11-14T07:55:41.482+0000] {dag.py:4180} INFO - Setting next_dagrun for example_subdag_operator.section-2 to None, run_after=None
[2024-11-14T07:55:41.507+0000] {processor.py:208} INFO - Processing /home/airflow/.local/lib/python3.12/site-packages/airflow/example_dags/example_subdag_operator.py took 0.123 seconds
[2024-11-14T07:56:12.109+0000] {processor.py:186} INFO - Started process (PID=921) to work on /home/airflow/.local/lib/python3.12/site-packages/airflow/example_dags/example_subdag_operator.py
[2024-11-14T07:56:12.110+0000] {processor.py:914} INFO - Processing file /home/airflow/.local/lib/python3.12/site-packages/airflow/example_dags/example_subdag_operator.py for tasks to queue
[2024-11-14T07:56:12.113+0000] {logging_mixin.py:190} INFO - [2024-11-14T07:56:12.113+0000] {dagbag.py:588} INFO - Filling up the DagBag from /home/airflow/.local/lib/python3.12/site-packages/airflow/example_dags/example_subdag_operator.py
[2024-11-14T07:56:12.143+0000] {processor.py:925} INFO - DAG(s) 'example_subdag_operator.section-1', 'example_subdag_operator.section-2', 'example_subdag_operator' retrieved from /home/airflow/.local/lib/python3.12/site-packages/airflow/example_dags/example_subdag_operator.py
[2024-11-14T07:56:12.160+0000] {logging_mixin.py:190} INFO - [2024-11-14T07:56:12.160+0000] {dag.py:3239} INFO - Sync 3 DAGs
[2024-11-14T07:56:12.184+0000] {logging_mixin.py:190} INFO - [2024-11-14T07:56:12.184+0000] {dag.py:4180} INFO - Setting next_dagrun for example_subdag_operator to 2022-01-01 00:00:00+00:00, run_after=2022-01-01 00:00:00+00:00
[2024-11-14T07:56:12.189+0000] {logging_mixin.py:190} INFO - [2024-11-14T07:56:12.189+0000] {dag.py:4180} INFO - Setting next_dagrun for example_subdag_operator.section-1 to None, run_after=None
[2024-11-14T07:56:12.191+0000] {logging_mixin.py:190} INFO - [2024-11-14T07:56:12.191+0000] {dag.py:4180} INFO - Setting next_dagrun for example_subdag_operator.section-2 to None, run_after=None
[2024-11-14T07:56:12.199+0000] {logging_mixin.py:190} INFO - [2024-11-14T07:56:12.199+0000] {dag.py:3239} INFO - Sync 2 DAGs
[2024-11-14T07:56:12.206+0000] {logging_mixin.py:190} INFO - [2024-11-14T07:56:12.206+0000] {dag.py:4180} INFO - Setting next_dagrun for example_subdag_operator.section-1 to None, run_after=None
[2024-11-14T07:56:12.207+0000] {logging_mixin.py:190} INFO - [2024-11-14T07:56:12.207+0000] {dag.py:4180} INFO - Setting next_dagrun for example_subdag_operator.section-2 to None, run_after=None
[2024-11-14T07:56:12.221+0000] {processor.py:208} INFO - Processing /home/airflow/.local/lib/python3.12/site-packages/airflow/example_dags/example_subdag_operator.py took 0.119 seconds
[2024-11-14T07:56:42.520+0000] {processor.py:186} INFO - Started process (PID=982) to work on /home/airflow/.local/lib/python3.12/site-packages/airflow/example_dags/example_subdag_operator.py
[2024-11-14T07:56:42.522+0000] {processor.py:914} INFO - Processing file /home/airflow/.local/lib/python3.12/site-packages/airflow/example_dags/example_subdag_operator.py for tasks to queue
[2024-11-14T07:56:42.524+0000] {logging_mixin.py:190} INFO - [2024-11-14T07:56:42.524+0000] {dagbag.py:588} INFO - Filling up the DagBag from /home/airflow/.local/lib/python3.12/site-packages/airflow/example_dags/example_subdag_operator.py
[2024-11-14T07:56:42.554+0000] {processor.py:925} INFO - DAG(s) 'example_subdag_operator.section-1', 'example_subdag_operator.section-2', 'example_subdag_operator' retrieved from /home/airflow/.local/lib/python3.12/site-packages/airflow/example_dags/example_subdag_operator.py
[2024-11-14T07:56:42.574+0000] {logging_mixin.py:190} INFO - [2024-11-14T07:56:42.574+0000] {dag.py:3239} INFO - Sync 3 DAGs
[2024-11-14T07:56:42.603+0000] {logging_mixin.py:190} INFO - [2024-11-14T07:56:42.603+0000] {dag.py:4180} INFO - Setting next_dagrun for example_subdag_operator to 2022-01-01 00:00:00+00:00, run_after=2022-01-01 00:00:00+00:00
[2024-11-14T07:56:42.608+0000] {logging_mixin.py:190} INFO - [2024-11-14T07:56:42.608+0000] {dag.py:4180} INFO - Setting next_dagrun for example_subdag_operator.section-1 to None, run_after=None
[2024-11-14T07:56:42.610+0000] {logging_mixin.py:190} INFO - [2024-11-14T07:56:42.610+0000] {dag.py:4180} INFO - Setting next_dagrun for example_subdag_operator.section-2 to None, run_after=None
[2024-11-14T07:56:42.618+0000] {logging_mixin.py:190} INFO - [2024-11-14T07:56:42.618+0000] {dag.py:3239} INFO - Sync 2 DAGs
[2024-11-14T07:56:42.628+0000] {logging_mixin.py:190} INFO - [2024-11-14T07:56:42.628+0000] {dag.py:4180} INFO - Setting next_dagrun for example_subdag_operator.section-1 to None, run_after=None
[2024-11-14T07:56:42.629+0000] {logging_mixin.py:190} INFO - [2024-11-14T07:56:42.629+0000] {dag.py:4180} INFO - Setting next_dagrun for example_subdag_operator.section-2 to None, run_after=None
[2024-11-14T07:56:42.647+0000] {processor.py:208} INFO - Processing /home/airflow/.local/lib/python3.12/site-packages/airflow/example_dags/example_subdag_operator.py took 0.133 seconds
[2024-11-14T07:57:13.393+0000] {processor.py:186} INFO - Started process (PID=1050) to work on /home/airflow/.local/lib/python3.12/site-packages/airflow/example_dags/example_subdag_operator.py
[2024-11-14T07:57:13.395+0000] {processor.py:914} INFO - Processing file /home/airflow/.local/lib/python3.12/site-packages/airflow/example_dags/example_subdag_operator.py for tasks to queue
[2024-11-14T07:57:13.397+0000] {logging_mixin.py:190} INFO - [2024-11-14T07:57:13.397+0000] {dagbag.py:588} INFO - Filling up the DagBag from /home/airflow/.local/lib/python3.12/site-packages/airflow/example_dags/example_subdag_operator.py
[2024-11-14T07:57:13.424+0000] {processor.py:925} INFO - DAG(s) 'example_subdag_operator.section-1', 'example_subdag_operator.section-2', 'example_subdag_operator' retrieved from /home/airflow/.local/lib/python3.12/site-packages/airflow/example_dags/example_subdag_operator.py
[2024-11-14T07:57:13.441+0000] {logging_mixin.py:190} INFO - [2024-11-14T07:57:13.440+0000] {dag.py:3239} INFO - Sync 3 DAGs
[2024-11-14T07:57:13.466+0000] {logging_mixin.py:190} INFO - [2024-11-14T07:57:13.466+0000] {dag.py:4180} INFO - Setting next_dagrun for example_subdag_operator to 2022-01-01 00:00:00+00:00, run_after=2022-01-01 00:00:00+00:00
[2024-11-14T07:57:13.472+0000] {logging_mixin.py:190} INFO - [2024-11-14T07:57:13.472+0000] {dag.py:4180} INFO - Setting next_dagrun for example_subdag_operator.section-1 to None, run_after=None
[2024-11-14T07:57:13.474+0000] {logging_mixin.py:190} INFO - [2024-11-14T07:57:13.474+0000] {dag.py:4180} INFO - Setting next_dagrun for example_subdag_operator.section-2 to None, run_after=None
[2024-11-14T07:57:13.484+0000] {logging_mixin.py:190} INFO - [2024-11-14T07:57:13.483+0000] {dag.py:3239} INFO - Sync 2 DAGs
[2024-11-14T07:57:13.492+0000] {logging_mixin.py:190} INFO - [2024-11-14T07:57:13.492+0000] {dag.py:4180} INFO - Setting next_dagrun for example_subdag_operator.section-1 to None, run_after=None
[2024-11-14T07:57:13.494+0000] {logging_mixin.py:190} INFO - [2024-11-14T07:57:13.493+0000] {dag.py:4180} INFO - Setting next_dagrun for example_subdag_operator.section-2 to None, run_after=None
[2024-11-14T07:57:13.513+0000] {processor.py:208} INFO - Processing /home/airflow/.local/lib/python3.12/site-packages/airflow/example_dags/example_subdag_operator.py took 0.125 seconds
[2024-11-14T08:07:59.961+0000] {processor.py:186} INFO - Started process (PID=76) to work on /home/airflow/.local/lib/python3.12/site-packages/airflow/example_dags/example_subdag_operator.py
[2024-11-14T08:07:59.963+0000] {processor.py:914} INFO - Processing file /home/airflow/.local/lib/python3.12/site-packages/airflow/example_dags/example_subdag_operator.py for tasks to queue
[2024-11-14T08:07:59.967+0000] {logging_mixin.py:190} INFO - [2024-11-14T08:07:59.966+0000] {dagbag.py:588} INFO - Filling up the DagBag from /home/airflow/.local/lib/python3.12/site-packages/airflow/example_dags/example_subdag_operator.py
[2024-11-14T08:08:00.381+0000] {processor.py:925} INFO - DAG(s) 'example_subdag_operator.section-1', 'example_subdag_operator.section-2', 'example_subdag_operator' retrieved from /home/airflow/.local/lib/python3.12/site-packages/airflow/example_dags/example_subdag_operator.py
[2024-11-14T08:08:00.457+0000] {logging_mixin.py:190} INFO - [2024-11-14T08:08:00.456+0000] {dag.py:3239} INFO - Sync 3 DAGs
[2024-11-14T08:08:00.518+0000] {logging_mixin.py:190} INFO - [2024-11-14T08:08:00.517+0000] {dag.py:4180} INFO - Setting next_dagrun for example_subdag_operator to 2022-01-01 00:00:00+00:00, run_after=2022-01-01 00:00:00+00:00
[2024-11-14T08:08:00.529+0000] {logging_mixin.py:190} INFO - [2024-11-14T08:08:00.529+0000] {dag.py:4180} INFO - Setting next_dagrun for example_subdag_operator.section-1 to None, run_after=None
[2024-11-14T08:08:00.532+0000] {logging_mixin.py:190} INFO - [2024-11-14T08:08:00.532+0000] {dag.py:4180} INFO - Setting next_dagrun for example_subdag_operator.section-2 to None, run_after=None
[2024-11-14T08:08:00.553+0000] {logging_mixin.py:190} INFO - [2024-11-14T08:08:00.552+0000] {dag.py:3239} INFO - Sync 2 DAGs
[2024-11-14T08:08:00.566+0000] {logging_mixin.py:190} INFO - [2024-11-14T08:08:00.566+0000] {dag.py:4180} INFO - Setting next_dagrun for example_subdag_operator.section-1 to None, run_after=None
[2024-11-14T08:08:00.568+0000] {logging_mixin.py:190} INFO - [2024-11-14T08:08:00.567+0000] {dag.py:4180} INFO - Setting next_dagrun for example_subdag_operator.section-2 to None, run_after=None
[2024-11-14T08:08:00.592+0000] {processor.py:208} INFO - Processing /home/airflow/.local/lib/python3.12/site-packages/airflow/example_dags/example_subdag_operator.py took 0.642 seconds
[2024-11-14T08:08:30.723+0000] {processor.py:186} INFO - Started process (PID=138) to work on /home/airflow/.local/lib/python3.12/site-packages/airflow/example_dags/example_subdag_operator.py
[2024-11-14T08:08:30.725+0000] {processor.py:914} INFO - Processing file /home/airflow/.local/lib/python3.12/site-packages/airflow/example_dags/example_subdag_operator.py for tasks to queue
[2024-11-14T08:08:30.730+0000] {logging_mixin.py:190} INFO - [2024-11-14T08:08:30.730+0000] {dagbag.py:588} INFO - Filling up the DagBag from /home/airflow/.local/lib/python3.12/site-packages/airflow/example_dags/example_subdag_operator.py
[2024-11-14T08:08:30.760+0000] {processor.py:925} INFO - DAG(s) 'example_subdag_operator.section-1', 'example_subdag_operator.section-2', 'example_subdag_operator' retrieved from /home/airflow/.local/lib/python3.12/site-packages/airflow/example_dags/example_subdag_operator.py
[2024-11-14T08:08:30.786+0000] {logging_mixin.py:190} INFO - [2024-11-14T08:08:30.785+0000] {dag.py:3239} INFO - Sync 3 DAGs
[2024-11-14T08:08:30.838+0000] {logging_mixin.py:190} INFO - [2024-11-14T08:08:30.838+0000] {dag.py:4180} INFO - Setting next_dagrun for example_subdag_operator to 2022-01-01 00:00:00+00:00, run_after=2022-01-01 00:00:00+00:00
[2024-11-14T08:08:30.847+0000] {logging_mixin.py:190} INFO - [2024-11-14T08:08:30.846+0000] {dag.py:4180} INFO - Setting next_dagrun for example_subdag_operator.section-1 to None, run_after=None
[2024-11-14T08:08:30.851+0000] {logging_mixin.py:190} INFO - [2024-11-14T08:08:30.850+0000] {dag.py:4180} INFO - Setting next_dagrun for example_subdag_operator.section-2 to None, run_after=None
[2024-11-14T08:08:30.872+0000] {logging_mixin.py:190} INFO - [2024-11-14T08:08:30.872+0000] {dag.py:3239} INFO - Sync 2 DAGs
[2024-11-14T08:08:30.886+0000] {logging_mixin.py:190} INFO - [2024-11-14T08:08:30.885+0000] {dag.py:4180} INFO - Setting next_dagrun for example_subdag_operator.section-1 to None, run_after=None
[2024-11-14T08:08:30.888+0000] {logging_mixin.py:190} INFO - [2024-11-14T08:08:30.887+0000] {dag.py:4180} INFO - Setting next_dagrun for example_subdag_operator.section-2 to None, run_after=None
[2024-11-14T08:08:30.913+0000] {processor.py:208} INFO - Processing /home/airflow/.local/lib/python3.12/site-packages/airflow/example_dags/example_subdag_operator.py took 0.199 seconds
[2024-11-14T08:09:01.548+0000] {processor.py:186} INFO - Started process (PID=206) to work on /home/airflow/.local/lib/python3.12/site-packages/airflow/example_dags/example_subdag_operator.py
[2024-11-14T08:09:01.550+0000] {processor.py:914} INFO - Processing file /home/airflow/.local/lib/python3.12/site-packages/airflow/example_dags/example_subdag_operator.py for tasks to queue
[2024-11-14T08:09:01.553+0000] {logging_mixin.py:190} INFO - [2024-11-14T08:09:01.553+0000] {dagbag.py:588} INFO - Filling up the DagBag from /home/airflow/.local/lib/python3.12/site-packages/airflow/example_dags/example_subdag_operator.py
[2024-11-14T08:09:01.580+0000] {processor.py:925} INFO - DAG(s) 'example_subdag_operator.section-1', 'example_subdag_operator.section-2', 'example_subdag_operator' retrieved from /home/airflow/.local/lib/python3.12/site-packages/airflow/example_dags/example_subdag_operator.py
[2024-11-14T08:09:01.597+0000] {logging_mixin.py:190} INFO - [2024-11-14T08:09:01.597+0000] {dag.py:3239} INFO - Sync 3 DAGs
[2024-11-14T08:09:01.621+0000] {logging_mixin.py:190} INFO - [2024-11-14T08:09:01.620+0000] {dag.py:4180} INFO - Setting next_dagrun for example_subdag_operator to 2022-01-01 00:00:00+00:00, run_after=2022-01-01 00:00:00+00:00
[2024-11-14T08:09:01.625+0000] {logging_mixin.py:190} INFO - [2024-11-14T08:09:01.625+0000] {dag.py:4180} INFO - Setting next_dagrun for example_subdag_operator.section-1 to None, run_after=None
[2024-11-14T08:09:01.627+0000] {logging_mixin.py:190} INFO - [2024-11-14T08:09:01.627+0000] {dag.py:4180} INFO - Setting next_dagrun for example_subdag_operator.section-2 to None, run_after=None
[2024-11-14T08:09:01.636+0000] {logging_mixin.py:190} INFO - [2024-11-14T08:09:01.636+0000] {dag.py:3239} INFO - Sync 2 DAGs
[2024-11-14T08:09:01.643+0000] {logging_mixin.py:190} INFO - [2024-11-14T08:09:01.642+0000] {dag.py:4180} INFO - Setting next_dagrun for example_subdag_operator.section-1 to None, run_after=None
[2024-11-14T08:09:01.644+0000] {logging_mixin.py:190} INFO - [2024-11-14T08:09:01.643+0000] {dag.py:4180} INFO - Setting next_dagrun for example_subdag_operator.section-2 to None, run_after=None
[2024-11-14T08:09:01.660+0000] {processor.py:208} INFO - Processing /home/airflow/.local/lib/python3.12/site-packages/airflow/example_dags/example_subdag_operator.py took 0.118 seconds
[2024-11-14T08:15:21.094+0000] {processor.py:186} INFO - Started process (PID=83) to work on /home/airflow/.local/lib/python3.12/site-packages/airflow/example_dags/example_subdag_operator.py
[2024-11-14T08:15:21.095+0000] {processor.py:914} INFO - Processing file /home/airflow/.local/lib/python3.12/site-packages/airflow/example_dags/example_subdag_operator.py for tasks to queue
[2024-11-14T08:15:21.103+0000] {logging_mixin.py:190} INFO - [2024-11-14T08:15:21.102+0000] {dagbag.py:588} INFO - Filling up the DagBag from /home/airflow/.local/lib/python3.12/site-packages/airflow/example_dags/example_subdag_operator.py
[2024-11-14T08:15:21.137+0000] {processor.py:925} INFO - DAG(s) 'example_subdag_operator.section-1', 'example_subdag_operator.section-2', 'example_subdag_operator' retrieved from /home/airflow/.local/lib/python3.12/site-packages/airflow/example_dags/example_subdag_operator.py
[2024-11-14T08:15:21.254+0000] {logging_mixin.py:190} INFO - [2024-11-14T08:15:21.253+0000] {override.py:1900} INFO - Created Permission View: can edit on DAG:example_subdag_operator
[2024-11-14T08:15:21.266+0000] {logging_mixin.py:190} INFO - [2024-11-14T08:15:21.266+0000] {override.py:1900} INFO - Created Permission View: can delete on DAG:example_subdag_operator
[2024-11-14T08:15:21.276+0000] {logging_mixin.py:190} INFO - [2024-11-14T08:15:21.276+0000] {override.py:1900} INFO - Created Permission View: can read on DAG:example_subdag_operator
[2024-11-14T08:15:21.288+0000] {logging_mixin.py:190} INFO - [2024-11-14T08:15:21.287+0000] {override.py:1900} INFO - Created Permission View: can delete on DAG Run:example_subdag_operator
[2024-11-14T08:15:21.296+0000] {logging_mixin.py:190} INFO - [2024-11-14T08:15:21.296+0000] {override.py:1900} INFO - Created Permission View: can read on DAG Run:example_subdag_operator
[2024-11-14T08:15:21.306+0000] {logging_mixin.py:190} INFO - [2024-11-14T08:15:21.306+0000] {override.py:1900} INFO - Created Permission View: can create on DAG Run:example_subdag_operator
[2024-11-14T08:15:21.315+0000] {logging_mixin.py:190} INFO - [2024-11-14T08:15:21.315+0000] {override.py:1900} INFO - Created Permission View: menu access on DAG Run:example_subdag_operator
[2024-11-14T08:15:21.316+0000] {logging_mixin.py:190} INFO - [2024-11-14T08:15:21.316+0000] {dag.py:3239} INFO - Sync 3 DAGs
[2024-11-14T08:15:21.329+0000] {logging_mixin.py:190} INFO - [2024-11-14T08:15:21.329+0000] {dag.py:3262} INFO - Creating ORM DAG for example_subdag_operator.section-1
[2024-11-14T08:15:21.330+0000] {logging_mixin.py:190} INFO - [2024-11-14T08:15:21.330+0000] {dag.py:3262} INFO - Creating ORM DAG for example_subdag_operator
[2024-11-14T08:15:21.331+0000] {logging_mixin.py:190} INFO - [2024-11-14T08:15:21.331+0000] {dag.py:3262} INFO - Creating ORM DAG for example_subdag_operator.section-2
[2024-11-14T08:15:21.342+0000] {logging_mixin.py:190} INFO - [2024-11-14T08:15:21.342+0000] {dag.py:4180} INFO - Setting next_dagrun for example_subdag_operator to 2022-01-01 00:00:00+00:00, run_after=2022-01-01 00:00:00+00:00
[2024-11-14T08:15:21.343+0000] {logging_mixin.py:190} INFO - [2024-11-14T08:15:21.343+0000] {dag.py:4180} INFO - Setting next_dagrun for example_subdag_operator.section-1 to None, run_after=None
[2024-11-14T08:15:21.344+0000] {logging_mixin.py:190} INFO - [2024-11-14T08:15:21.344+0000] {dag.py:4180} INFO - Setting next_dagrun for example_subdag_operator.section-2 to None, run_after=None
[2024-11-14T08:15:21.353+0000] {logging_mixin.py:190} INFO - [2024-11-14T08:15:21.353+0000] {dag.py:3239} INFO - Sync 2 DAGs
[2024-11-14T08:15:21.359+0000] {logging_mixin.py:190} INFO - [2024-11-14T08:15:21.358+0000] {dag.py:4180} INFO - Setting next_dagrun for example_subdag_operator.section-1 to None, run_after=None
[2024-11-14T08:15:21.362+0000] {logging_mixin.py:190} INFO - [2024-11-14T08:15:21.362+0000] {dag.py:4180} INFO - Setting next_dagrun for example_subdag_operator.section-2 to None, run_after=None
[2024-11-14T08:15:21.378+0000] {processor.py:208} INFO - Processing /home/airflow/.local/lib/python3.12/site-packages/airflow/example_dags/example_subdag_operator.py took 0.291 seconds
[2024-11-14T08:16:12.567+0000] {processor.py:186} INFO - Started process (PID=73) to work on /home/airflow/.local/lib/python3.12/site-packages/airflow/example_dags/example_subdag_operator.py
[2024-11-14T08:16:12.569+0000] {processor.py:914} INFO - Processing file /home/airflow/.local/lib/python3.12/site-packages/airflow/example_dags/example_subdag_operator.py for tasks to queue
[2024-11-14T08:16:12.572+0000] {logging_mixin.py:190} INFO - [2024-11-14T08:16:12.571+0000] {dagbag.py:588} INFO - Filling up the DagBag from /home/airflow/.local/lib/python3.12/site-packages/airflow/example_dags/example_subdag_operator.py
[2024-11-14T08:16:12.603+0000] {processor.py:925} INFO - DAG(s) 'example_subdag_operator.section-1', 'example_subdag_operator.section-2', 'example_subdag_operator' retrieved from /home/airflow/.local/lib/python3.12/site-packages/airflow/example_dags/example_subdag_operator.py
[2024-11-14T08:16:12.624+0000] {logging_mixin.py:190} INFO - [2024-11-14T08:16:12.624+0000] {dag.py:3239} INFO - Sync 3 DAGs
[2024-11-14T08:16:12.648+0000] {logging_mixin.py:190} INFO - [2024-11-14T08:16:12.648+0000] {dag.py:4180} INFO - Setting next_dagrun for example_subdag_operator to 2022-01-01 00:00:00+00:00, run_after=2022-01-01 00:00:00+00:00
[2024-11-14T08:16:12.652+0000] {logging_mixin.py:190} INFO - [2024-11-14T08:16:12.652+0000] {dag.py:4180} INFO - Setting next_dagrun for example_subdag_operator.section-1 to None, run_after=None
[2024-11-14T08:16:12.654+0000] {logging_mixin.py:190} INFO - [2024-11-14T08:16:12.654+0000] {dag.py:4180} INFO - Setting next_dagrun for example_subdag_operator.section-2 to None, run_after=None
[2024-11-14T08:16:12.662+0000] {logging_mixin.py:190} INFO - [2024-11-14T08:16:12.662+0000] {dag.py:3239} INFO - Sync 2 DAGs
[2024-11-14T08:16:12.668+0000] {logging_mixin.py:190} INFO - [2024-11-14T08:16:12.668+0000] {dag.py:4180} INFO - Setting next_dagrun for example_subdag_operator.section-1 to None, run_after=None
[2024-11-14T08:16:12.669+0000] {logging_mixin.py:190} INFO - [2024-11-14T08:16:12.669+0000] {dag.py:4180} INFO - Setting next_dagrun for example_subdag_operator.section-2 to None, run_after=None
[2024-11-14T08:16:12.683+0000] {processor.py:208} INFO - Processing /home/airflow/.local/lib/python3.12/site-packages/airflow/example_dags/example_subdag_operator.py took 0.122 seconds
[2024-11-14T08:16:48.438+0000] {processor.py:186} INFO - Started process (PID=136) to work on /home/airflow/.local/lib/python3.12/site-packages/airflow/example_dags/example_subdag_operator.py
[2024-11-14T08:16:48.440+0000] {processor.py:914} INFO - Processing file /home/airflow/.local/lib/python3.12/site-packages/airflow/example_dags/example_subdag_operator.py for tasks to queue
[2024-11-14T08:16:48.443+0000] {logging_mixin.py:190} INFO - [2024-11-14T08:16:48.443+0000] {dagbag.py:588} INFO - Filling up the DagBag from /home/airflow/.local/lib/python3.12/site-packages/airflow/example_dags/example_subdag_operator.py
[2024-11-14T08:16:48.472+0000] {processor.py:925} INFO - DAG(s) 'example_subdag_operator.section-1', 'example_subdag_operator.section-2', 'example_subdag_operator' retrieved from /home/airflow/.local/lib/python3.12/site-packages/airflow/example_dags/example_subdag_operator.py
[2024-11-14T08:16:48.489+0000] {logging_mixin.py:190} INFO - [2024-11-14T08:16:48.489+0000] {dag.py:3239} INFO - Sync 3 DAGs
[2024-11-14T08:16:48.514+0000] {logging_mixin.py:190} INFO - [2024-11-14T08:16:48.514+0000] {dag.py:4180} INFO - Setting next_dagrun for example_subdag_operator to 2022-01-01 00:00:00+00:00, run_after=2022-01-01 00:00:00+00:00
[2024-11-14T08:16:48.518+0000] {logging_mixin.py:190} INFO - [2024-11-14T08:16:48.518+0000] {dag.py:4180} INFO - Setting next_dagrun for example_subdag_operator.section-1 to None, run_after=None
[2024-11-14T08:16:48.520+0000] {logging_mixin.py:190} INFO - [2024-11-14T08:16:48.520+0000] {dag.py:4180} INFO - Setting next_dagrun for example_subdag_operator.section-2 to None, run_after=None
[2024-11-14T08:16:48.529+0000] {logging_mixin.py:190} INFO - [2024-11-14T08:16:48.529+0000] {dag.py:3239} INFO - Sync 2 DAGs
[2024-11-14T08:16:48.535+0000] {logging_mixin.py:190} INFO - [2024-11-14T08:16:48.535+0000] {dag.py:4180} INFO - Setting next_dagrun for example_subdag_operator.section-1 to None, run_after=None
[2024-11-14T08:16:48.536+0000] {logging_mixin.py:190} INFO - [2024-11-14T08:16:48.536+0000] {dag.py:4180} INFO - Setting next_dagrun for example_subdag_operator.section-2 to None, run_after=None
[2024-11-14T08:16:48.549+0000] {processor.py:208} INFO - Processing /home/airflow/.local/lib/python3.12/site-packages/airflow/example_dags/example_subdag_operator.py took 0.117 seconds
[2024-11-14T08:17:19.275+0000] {processor.py:186} INFO - Started process (PID=198) to work on /home/airflow/.local/lib/python3.12/site-packages/airflow/example_dags/example_subdag_operator.py
[2024-11-14T08:17:19.277+0000] {processor.py:914} INFO - Processing file /home/airflow/.local/lib/python3.12/site-packages/airflow/example_dags/example_subdag_operator.py for tasks to queue
[2024-11-14T08:17:19.279+0000] {logging_mixin.py:190} INFO - [2024-11-14T08:17:19.279+0000] {dagbag.py:588} INFO - Filling up the DagBag from /home/airflow/.local/lib/python3.12/site-packages/airflow/example_dags/example_subdag_operator.py
[2024-11-14T08:17:19.304+0000] {processor.py:925} INFO - DAG(s) 'example_subdag_operator.section-1', 'example_subdag_operator.section-2', 'example_subdag_operator' retrieved from /home/airflow/.local/lib/python3.12/site-packages/airflow/example_dags/example_subdag_operator.py
[2024-11-14T08:17:19.318+0000] {logging_mixin.py:190} INFO - [2024-11-14T08:17:19.317+0000] {dag.py:3239} INFO - Sync 3 DAGs
[2024-11-14T08:17:19.339+0000] {logging_mixin.py:190} INFO - [2024-11-14T08:17:19.339+0000] {dag.py:4180} INFO - Setting next_dagrun for example_subdag_operator to 2022-01-01 00:00:00+00:00, run_after=2022-01-01 00:00:00+00:00
[2024-11-14T08:17:19.343+0000] {logging_mixin.py:190} INFO - [2024-11-14T08:17:19.343+0000] {dag.py:4180} INFO - Setting next_dagrun for example_subdag_operator.section-1 to None, run_after=None
[2024-11-14T08:17:19.345+0000] {logging_mixin.py:190} INFO - [2024-11-14T08:17:19.345+0000] {dag.py:4180} INFO - Setting next_dagrun for example_subdag_operator.section-2 to None, run_after=None
[2024-11-14T08:17:19.352+0000] {logging_mixin.py:190} INFO - [2024-11-14T08:17:19.352+0000] {dag.py:3239} INFO - Sync 2 DAGs
[2024-11-14T08:17:19.357+0000] {logging_mixin.py:190} INFO - [2024-11-14T08:17:19.357+0000] {dag.py:4180} INFO - Setting next_dagrun for example_subdag_operator.section-1 to None, run_after=None
[2024-11-14T08:17:19.358+0000] {logging_mixin.py:190} INFO - [2024-11-14T08:17:19.358+0000] {dag.py:4180} INFO - Setting next_dagrun for example_subdag_operator.section-2 to None, run_after=None
[2024-11-14T08:17:19.373+0000] {processor.py:208} INFO - Processing /home/airflow/.local/lib/python3.12/site-packages/airflow/example_dags/example_subdag_operator.py took 0.102 seconds
[2024-11-14T08:17:55.167+0000] {processor.py:186} INFO - Started process (PID=260) to work on /home/airflow/.local/lib/python3.12/site-packages/airflow/example_dags/example_subdag_operator.py
[2024-11-14T08:17:55.168+0000] {processor.py:914} INFO - Processing file /home/airflow/.local/lib/python3.12/site-packages/airflow/example_dags/example_subdag_operator.py for tasks to queue
[2024-11-14T08:17:55.172+0000] {logging_mixin.py:190} INFO - [2024-11-14T08:17:55.172+0000] {dagbag.py:588} INFO - Filling up the DagBag from /home/airflow/.local/lib/python3.12/site-packages/airflow/example_dags/example_subdag_operator.py
[2024-11-14T08:17:55.204+0000] {processor.py:925} INFO - DAG(s) 'example_subdag_operator.section-1', 'example_subdag_operator.section-2', 'example_subdag_operator' retrieved from /home/airflow/.local/lib/python3.12/site-packages/airflow/example_dags/example_subdag_operator.py
[2024-11-14T08:17:55.223+0000] {logging_mixin.py:190} INFO - [2024-11-14T08:17:55.223+0000] {dag.py:3239} INFO - Sync 3 DAGs
[2024-11-14T08:17:55.251+0000] {logging_mixin.py:190} INFO - [2024-11-14T08:17:55.251+0000] {dag.py:4180} INFO - Setting next_dagrun for example_subdag_operator to 2022-01-01 00:00:00+00:00, run_after=2022-01-01 00:00:00+00:00
[2024-11-14T08:17:55.255+0000] {logging_mixin.py:190} INFO - [2024-11-14T08:17:55.255+0000] {dag.py:4180} INFO - Setting next_dagrun for example_subdag_operator.section-1 to None, run_after=None
[2024-11-14T08:17:55.257+0000] {logging_mixin.py:190} INFO - [2024-11-14T08:17:55.257+0000] {dag.py:4180} INFO - Setting next_dagrun for example_subdag_operator.section-2 to None, run_after=None
[2024-11-14T08:17:55.266+0000] {logging_mixin.py:190} INFO - [2024-11-14T08:17:55.266+0000] {dag.py:3239} INFO - Sync 2 DAGs
[2024-11-14T08:17:55.273+0000] {logging_mixin.py:190} INFO - [2024-11-14T08:17:55.273+0000] {dag.py:4180} INFO - Setting next_dagrun for example_subdag_operator.section-1 to None, run_after=None
[2024-11-14T08:17:55.274+0000] {logging_mixin.py:190} INFO - [2024-11-14T08:17:55.274+0000] {dag.py:4180} INFO - Setting next_dagrun for example_subdag_operator.section-2 to None, run_after=None
[2024-11-14T08:17:55.290+0000] {processor.py:208} INFO - Processing /home/airflow/.local/lib/python3.12/site-packages/airflow/example_dags/example_subdag_operator.py took 0.129 seconds
[2024-11-14T08:18:25.976+0000] {processor.py:186} INFO - Started process (PID=322) to work on /home/airflow/.local/lib/python3.12/site-packages/airflow/example_dags/example_subdag_operator.py
[2024-11-14T08:18:25.978+0000] {processor.py:914} INFO - Processing file /home/airflow/.local/lib/python3.12/site-packages/airflow/example_dags/example_subdag_operator.py for tasks to queue
[2024-11-14T08:18:25.981+0000] {logging_mixin.py:190} INFO - [2024-11-14T08:18:25.981+0000] {dagbag.py:588} INFO - Filling up the DagBag from /home/airflow/.local/lib/python3.12/site-packages/airflow/example_dags/example_subdag_operator.py
[2024-11-14T08:18:26.018+0000] {processor.py:925} INFO - DAG(s) 'example_subdag_operator.section-1', 'example_subdag_operator.section-2', 'example_subdag_operator' retrieved from /home/airflow/.local/lib/python3.12/site-packages/airflow/example_dags/example_subdag_operator.py
[2024-11-14T08:18:26.039+0000] {logging_mixin.py:190} INFO - [2024-11-14T08:18:26.039+0000] {dag.py:3239} INFO - Sync 3 DAGs
[2024-11-14T08:18:26.070+0000] {logging_mixin.py:190} INFO - [2024-11-14T08:18:26.070+0000] {dag.py:4180} INFO - Setting next_dagrun for example_subdag_operator to 2022-01-01 00:00:00+00:00, run_after=2022-01-01 00:00:00+00:00
[2024-11-14T08:18:26.076+0000] {logging_mixin.py:190} INFO - [2024-11-14T08:18:26.076+0000] {dag.py:4180} INFO - Setting next_dagrun for example_subdag_operator.section-1 to None, run_after=None
[2024-11-14T08:18:26.079+0000] {logging_mixin.py:190} INFO - [2024-11-14T08:18:26.079+0000] {dag.py:4180} INFO - Setting next_dagrun for example_subdag_operator.section-2 to None, run_after=None
[2024-11-14T08:18:26.089+0000] {logging_mixin.py:190} INFO - [2024-11-14T08:18:26.089+0000] {dag.py:3239} INFO - Sync 2 DAGs
[2024-11-14T08:18:26.099+0000] {logging_mixin.py:190} INFO - [2024-11-14T08:18:26.099+0000] {dag.py:4180} INFO - Setting next_dagrun for example_subdag_operator.section-1 to None, run_after=None
[2024-11-14T08:18:26.100+0000] {logging_mixin.py:190} INFO - [2024-11-14T08:18:26.100+0000] {dag.py:4180} INFO - Setting next_dagrun for example_subdag_operator.section-2 to None, run_after=None
[2024-11-14T08:18:26.118+0000] {processor.py:208} INFO - Processing /home/airflow/.local/lib/python3.12/site-packages/airflow/example_dags/example_subdag_operator.py took 0.149 seconds
