[2024-11-14T07:29:52.651+0000] {processor.py:186} INFO - Started process (PID=961) to work on /home/airflow/.local/lib/python3.12/site-packages/airflow/example_dags/example_dataset_alias.py
[2024-11-14T07:29:52.652+0000] {processor.py:914} INFO - Processing file /home/airflow/.local/lib/python3.12/site-packages/airflow/example_dags/example_dataset_alias.py for tasks to queue
[2024-11-14T07:29:52.656+0000] {logging_mixin.py:190} INFO - [2024-11-14T07:29:52.655+0000] {dagbag.py:588} INFO - Filling up the DagBag from /home/airflow/.local/lib/python3.12/site-packages/airflow/example_dags/example_dataset_alias.py
[2024-11-14T07:29:52.830+0000] {processor.py:925} INFO - DAG(s) 'dataset_alias_example_alias_producer', 'dataset_alias_example_alias_consumer', 'dataset_s3_bucket_producer', 'dataset_s3_bucket_consumer' retrieved from /home/airflow/.local/lib/python3.12/site-packages/airflow/example_dags/example_dataset_alias.py
[2024-11-14T07:29:52.857+0000] {logging_mixin.py:190} INFO - [2024-11-14T07:29:52.857+0000] {dag.py:3239} INFO - Sync 4 DAGs
[2024-11-14T07:29:52.880+0000] {logging_mixin.py:190} INFO - [2024-11-14T07:29:52.880+0000] {dag.py:4180} INFO - Setting next_dagrun for dataset_alias_example_alias_consumer to None, run_after=None
[2024-11-14T07:29:52.883+0000] {logging_mixin.py:190} INFO - [2024-11-14T07:29:52.883+0000] {dag.py:4180} INFO - Setting next_dagrun for dataset_alias_example_alias_producer to None, run_after=None
[2024-11-14T07:29:52.886+0000] {logging_mixin.py:190} INFO - [2024-11-14T07:29:52.885+0000] {dag.py:4180} INFO - Setting next_dagrun for dataset_s3_bucket_consumer to None, run_after=None
[2024-11-14T07:29:52.887+0000] {logging_mixin.py:190} INFO - [2024-11-14T07:29:52.887+0000] {dag.py:4180} INFO - Setting next_dagrun for dataset_s3_bucket_producer to None, run_after=None
[2024-11-14T07:29:52.911+0000] {processor.py:208} INFO - Processing /home/airflow/.local/lib/python3.12/site-packages/airflow/example_dags/example_dataset_alias.py took 0.268 seconds
[2024-11-14T07:30:23.555+0000] {processor.py:186} INFO - Started process (PID=1021) to work on /home/airflow/.local/lib/python3.12/site-packages/airflow/example_dags/example_dataset_alias.py
[2024-11-14T07:30:23.557+0000] {processor.py:914} INFO - Processing file /home/airflow/.local/lib/python3.12/site-packages/airflow/example_dags/example_dataset_alias.py for tasks to queue
[2024-11-14T07:30:23.560+0000] {logging_mixin.py:190} INFO - [2024-11-14T07:30:23.560+0000] {dagbag.py:588} INFO - Filling up the DagBag from /home/airflow/.local/lib/python3.12/site-packages/airflow/example_dags/example_dataset_alias.py
[2024-11-14T07:30:23.793+0000] {processor.py:925} INFO - DAG(s) 'dataset_alias_example_alias_producer', 'dataset_s3_bucket_consumer', 'dataset_s3_bucket_producer', 'dataset_alias_example_alias_consumer' retrieved from /home/airflow/.local/lib/python3.12/site-packages/airflow/example_dags/example_dataset_alias.py
[2024-11-14T07:30:23.823+0000] {logging_mixin.py:190} INFO - [2024-11-14T07:30:23.823+0000] {dag.py:3239} INFO - Sync 4 DAGs
[2024-11-14T07:30:23.851+0000] {logging_mixin.py:190} INFO - [2024-11-14T07:30:23.851+0000] {dag.py:4180} INFO - Setting next_dagrun for dataset_alias_example_alias_consumer to None, run_after=None
[2024-11-14T07:30:23.855+0000] {logging_mixin.py:190} INFO - [2024-11-14T07:30:23.855+0000] {dag.py:4180} INFO - Setting next_dagrun for dataset_alias_example_alias_producer to None, run_after=None
[2024-11-14T07:30:23.857+0000] {logging_mixin.py:190} INFO - [2024-11-14T07:30:23.857+0000] {dag.py:4180} INFO - Setting next_dagrun for dataset_s3_bucket_consumer to None, run_after=None
[2024-11-14T07:30:23.859+0000] {logging_mixin.py:190} INFO - [2024-11-14T07:30:23.859+0000] {dag.py:4180} INFO - Setting next_dagrun for dataset_s3_bucket_producer to None, run_after=None
[2024-11-14T07:30:23.890+0000] {processor.py:208} INFO - Processing /home/airflow/.local/lib/python3.12/site-packages/airflow/example_dags/example_dataset_alias.py took 0.345 seconds
[2024-11-14T07:30:54.046+0000] {processor.py:186} INFO - Started process (PID=1084) to work on /home/airflow/.local/lib/python3.12/site-packages/airflow/example_dags/example_dataset_alias.py
[2024-11-14T07:30:54.048+0000] {processor.py:914} INFO - Processing file /home/airflow/.local/lib/python3.12/site-packages/airflow/example_dags/example_dataset_alias.py for tasks to queue
[2024-11-14T07:30:54.052+0000] {logging_mixin.py:190} INFO - [2024-11-14T07:30:54.052+0000] {dagbag.py:588} INFO - Filling up the DagBag from /home/airflow/.local/lib/python3.12/site-packages/airflow/example_dags/example_dataset_alias.py
[2024-11-14T07:30:54.243+0000] {processor.py:925} INFO - DAG(s) 'dataset_s3_bucket_producer', 'dataset_s3_bucket_consumer', 'dataset_alias_example_alias_producer', 'dataset_alias_example_alias_consumer' retrieved from /home/airflow/.local/lib/python3.12/site-packages/airflow/example_dags/example_dataset_alias.py
[2024-11-14T07:30:54.270+0000] {logging_mixin.py:190} INFO - [2024-11-14T07:30:54.270+0000] {dag.py:3239} INFO - Sync 4 DAGs
[2024-11-14T07:30:54.296+0000] {logging_mixin.py:190} INFO - [2024-11-14T07:30:54.296+0000] {dag.py:4180} INFO - Setting next_dagrun for dataset_alias_example_alias_consumer to None, run_after=None
[2024-11-14T07:30:54.300+0000] {logging_mixin.py:190} INFO - [2024-11-14T07:30:54.300+0000] {dag.py:4180} INFO - Setting next_dagrun for dataset_alias_example_alias_producer to None, run_after=None
[2024-11-14T07:30:54.302+0000] {logging_mixin.py:190} INFO - [2024-11-14T07:30:54.301+0000] {dag.py:4180} INFO - Setting next_dagrun for dataset_s3_bucket_consumer to None, run_after=None
[2024-11-14T07:30:54.303+0000] {logging_mixin.py:190} INFO - [2024-11-14T07:30:54.303+0000] {dag.py:4180} INFO - Setting next_dagrun for dataset_s3_bucket_producer to None, run_after=None
[2024-11-14T07:30:54.325+0000] {processor.py:208} INFO - Processing /home/airflow/.local/lib/python3.12/site-packages/airflow/example_dags/example_dataset_alias.py took 0.290 seconds
[2024-11-14T07:42:04.900+0000] {processor.py:186} INFO - Started process (PID=97) to work on /home/airflow/.local/lib/python3.12/site-packages/airflow/example_dags/example_dataset_alias.py
[2024-11-14T07:42:04.902+0000] {processor.py:914} INFO - Processing file /home/airflow/.local/lib/python3.12/site-packages/airflow/example_dags/example_dataset_alias.py for tasks to queue
[2024-11-14T07:42:04.905+0000] {logging_mixin.py:190} INFO - [2024-11-14T07:42:04.904+0000] {dagbag.py:588} INFO - Filling up the DagBag from /home/airflow/.local/lib/python3.12/site-packages/airflow/example_dags/example_dataset_alias.py
[2024-11-14T07:42:05.079+0000] {processor.py:925} INFO - DAG(s) 'dataset_alias_example_alias_consumer', 'dataset_s3_bucket_producer', 'dataset_alias_example_alias_producer', 'dataset_s3_bucket_consumer' retrieved from /home/airflow/.local/lib/python3.12/site-packages/airflow/example_dags/example_dataset_alias.py
[2024-11-14T07:42:05.106+0000] {logging_mixin.py:190} INFO - [2024-11-14T07:42:05.106+0000] {dag.py:3239} INFO - Sync 4 DAGs
[2024-11-14T07:42:05.132+0000] {logging_mixin.py:190} INFO - [2024-11-14T07:42:05.132+0000] {dag.py:4180} INFO - Setting next_dagrun for dataset_alias_example_alias_consumer to None, run_after=None
[2024-11-14T07:42:05.136+0000] {logging_mixin.py:190} INFO - [2024-11-14T07:42:05.135+0000] {dag.py:4180} INFO - Setting next_dagrun for dataset_alias_example_alias_producer to None, run_after=None
[2024-11-14T07:42:05.138+0000] {logging_mixin.py:190} INFO - [2024-11-14T07:42:05.137+0000] {dag.py:4180} INFO - Setting next_dagrun for dataset_s3_bucket_consumer to None, run_after=None
[2024-11-14T07:42:05.140+0000] {logging_mixin.py:190} INFO - [2024-11-14T07:42:05.140+0000] {dag.py:4180} INFO - Setting next_dagrun for dataset_s3_bucket_producer to None, run_after=None
[2024-11-14T07:42:05.170+0000] {processor.py:208} INFO - Processing /home/airflow/.local/lib/python3.12/site-packages/airflow/example_dags/example_dataset_alias.py took 0.276 seconds
[2024-11-14T07:42:35.931+0000] {processor.py:186} INFO - Started process (PID=159) to work on /home/airflow/.local/lib/python3.12/site-packages/airflow/example_dags/example_dataset_alias.py
[2024-11-14T07:42:35.933+0000] {processor.py:914} INFO - Processing file /home/airflow/.local/lib/python3.12/site-packages/airflow/example_dags/example_dataset_alias.py for tasks to queue
[2024-11-14T07:42:35.937+0000] {logging_mixin.py:190} INFO - [2024-11-14T07:42:35.937+0000] {dagbag.py:588} INFO - Filling up the DagBag from /home/airflow/.local/lib/python3.12/site-packages/airflow/example_dags/example_dataset_alias.py
[2024-11-14T07:42:36.133+0000] {processor.py:925} INFO - DAG(s) 'dataset_alias_example_alias_producer', 'dataset_s3_bucket_consumer', 'dataset_s3_bucket_producer', 'dataset_alias_example_alias_consumer' retrieved from /home/airflow/.local/lib/python3.12/site-packages/airflow/example_dags/example_dataset_alias.py
[2024-11-14T07:42:36.165+0000] {logging_mixin.py:190} INFO - [2024-11-14T07:42:36.164+0000] {dag.py:3239} INFO - Sync 4 DAGs
[2024-11-14T07:42:36.198+0000] {logging_mixin.py:190} INFO - [2024-11-14T07:42:36.198+0000] {dag.py:4180} INFO - Setting next_dagrun for dataset_alias_example_alias_consumer to None, run_after=None
[2024-11-14T07:42:36.202+0000] {logging_mixin.py:190} INFO - [2024-11-14T07:42:36.202+0000] {dag.py:4180} INFO - Setting next_dagrun for dataset_alias_example_alias_producer to None, run_after=None
[2024-11-14T07:42:36.204+0000] {logging_mixin.py:190} INFO - [2024-11-14T07:42:36.204+0000] {dag.py:4180} INFO - Setting next_dagrun for dataset_s3_bucket_consumer to None, run_after=None
[2024-11-14T07:42:36.206+0000] {logging_mixin.py:190} INFO - [2024-11-14T07:42:36.206+0000] {dag.py:4180} INFO - Setting next_dagrun for dataset_s3_bucket_producer to None, run_after=None
[2024-11-14T07:42:36.238+0000] {processor.py:208} INFO - Processing /home/airflow/.local/lib/python3.12/site-packages/airflow/example_dags/example_dataset_alias.py took 0.314 seconds
[2024-11-14T07:49:35.315+0000] {processor.py:186} INFO - Started process (PID=130) to work on /home/airflow/.local/lib/python3.12/site-packages/airflow/example_dags/example_dataset_alias.py
[2024-11-14T07:49:35.317+0000] {processor.py:914} INFO - Processing file /home/airflow/.local/lib/python3.12/site-packages/airflow/example_dags/example_dataset_alias.py for tasks to queue
[2024-11-14T07:49:35.321+0000] {logging_mixin.py:190} INFO - [2024-11-14T07:49:35.321+0000] {dagbag.py:588} INFO - Filling up the DagBag from /home/airflow/.local/lib/python3.12/site-packages/airflow/example_dags/example_dataset_alias.py
[2024-11-14T07:49:35.651+0000] {processor.py:925} INFO - DAG(s) 'dataset_s3_bucket_producer', 'dataset_s3_bucket_consumer', 'dataset_alias_example_alias_consumer', 'dataset_alias_example_alias_producer' retrieved from /home/airflow/.local/lib/python3.12/site-packages/airflow/example_dags/example_dataset_alias.py
[2024-11-14T07:49:35.702+0000] {logging_mixin.py:190} INFO - [2024-11-14T07:49:35.701+0000] {dag.py:3239} INFO - Sync 4 DAGs
[2024-11-14T07:49:35.750+0000] {logging_mixin.py:190} INFO - [2024-11-14T07:49:35.750+0000] {dag.py:4180} INFO - Setting next_dagrun for dataset_alias_example_alias_consumer to None, run_after=None
[2024-11-14T07:49:35.758+0000] {logging_mixin.py:190} INFO - [2024-11-14T07:49:35.758+0000] {dag.py:4180} INFO - Setting next_dagrun for dataset_alias_example_alias_producer to None, run_after=None
[2024-11-14T07:49:35.761+0000] {logging_mixin.py:190} INFO - [2024-11-14T07:49:35.760+0000] {dag.py:4180} INFO - Setting next_dagrun for dataset_s3_bucket_consumer to None, run_after=None
[2024-11-14T07:49:35.763+0000] {logging_mixin.py:190} INFO - [2024-11-14T07:49:35.763+0000] {dag.py:4180} INFO - Setting next_dagrun for dataset_s3_bucket_producer to None, run_after=None
[2024-11-14T07:49:35.803+0000] {processor.py:208} INFO - Processing /home/airflow/.local/lib/python3.12/site-packages/airflow/example_dags/example_dataset_alias.py took 0.496 seconds
[2024-11-14T07:50:06.629+0000] {processor.py:186} INFO - Started process (PID=193) to work on /home/airflow/.local/lib/python3.12/site-packages/airflow/example_dags/example_dataset_alias.py
[2024-11-14T07:50:06.631+0000] {processor.py:914} INFO - Processing file /home/airflow/.local/lib/python3.12/site-packages/airflow/example_dags/example_dataset_alias.py for tasks to queue
[2024-11-14T07:50:06.633+0000] {logging_mixin.py:190} INFO - [2024-11-14T07:50:06.633+0000] {dagbag.py:588} INFO - Filling up the DagBag from /home/airflow/.local/lib/python3.12/site-packages/airflow/example_dags/example_dataset_alias.py
[2024-11-14T07:50:06.789+0000] {processor.py:925} INFO - DAG(s) 'dataset_s3_bucket_consumer', 'dataset_s3_bucket_producer', 'dataset_alias_example_alias_producer', 'dataset_alias_example_alias_consumer' retrieved from /home/airflow/.local/lib/python3.12/site-packages/airflow/example_dags/example_dataset_alias.py
[2024-11-14T07:50:06.811+0000] {logging_mixin.py:190} INFO - [2024-11-14T07:50:06.811+0000] {dag.py:3239} INFO - Sync 4 DAGs
[2024-11-14T07:50:06.839+0000] {logging_mixin.py:190} INFO - [2024-11-14T07:50:06.838+0000] {dag.py:4180} INFO - Setting next_dagrun for dataset_alias_example_alias_consumer to None, run_after=None
[2024-11-14T07:50:06.843+0000] {logging_mixin.py:190} INFO - [2024-11-14T07:50:06.843+0000] {dag.py:4180} INFO - Setting next_dagrun for dataset_alias_example_alias_producer to None, run_after=None
[2024-11-14T07:50:06.846+0000] {logging_mixin.py:190} INFO - [2024-11-14T07:50:06.845+0000] {dag.py:4180} INFO - Setting next_dagrun for dataset_s3_bucket_consumer to None, run_after=None
[2024-11-14T07:50:06.847+0000] {logging_mixin.py:190} INFO - [2024-11-14T07:50:06.847+0000] {dag.py:4180} INFO - Setting next_dagrun for dataset_s3_bucket_producer to None, run_after=None
[2024-11-14T07:50:06.873+0000] {processor.py:208} INFO - Processing /home/airflow/.local/lib/python3.12/site-packages/airflow/example_dags/example_dataset_alias.py took 0.250 seconds
[2024-11-14T07:50:37.148+0000] {processor.py:186} INFO - Started process (PID=257) to work on /home/airflow/.local/lib/python3.12/site-packages/airflow/example_dags/example_dataset_alias.py
[2024-11-14T07:50:37.150+0000] {processor.py:914} INFO - Processing file /home/airflow/.local/lib/python3.12/site-packages/airflow/example_dags/example_dataset_alias.py for tasks to queue
[2024-11-14T07:50:37.154+0000] {logging_mixin.py:190} INFO - [2024-11-14T07:50:37.154+0000] {dagbag.py:588} INFO - Filling up the DagBag from /home/airflow/.local/lib/python3.12/site-packages/airflow/example_dags/example_dataset_alias.py
[2024-11-14T07:50:37.378+0000] {processor.py:925} INFO - DAG(s) 'dataset_s3_bucket_consumer', 'dataset_alias_example_alias_consumer', 'dataset_alias_example_alias_producer', 'dataset_s3_bucket_producer' retrieved from /home/airflow/.local/lib/python3.12/site-packages/airflow/example_dags/example_dataset_alias.py
[2024-11-14T07:50:37.410+0000] {logging_mixin.py:190} INFO - [2024-11-14T07:50:37.410+0000] {dag.py:3239} INFO - Sync 4 DAGs
[2024-11-14T07:50:37.445+0000] {logging_mixin.py:190} INFO - [2024-11-14T07:50:37.445+0000] {dag.py:4180} INFO - Setting next_dagrun for dataset_alias_example_alias_consumer to None, run_after=None
[2024-11-14T07:50:37.449+0000] {logging_mixin.py:190} INFO - [2024-11-14T07:50:37.449+0000] {dag.py:4180} INFO - Setting next_dagrun for dataset_alias_example_alias_producer to None, run_after=None
[2024-11-14T07:50:37.452+0000] {logging_mixin.py:190} INFO - [2024-11-14T07:50:37.451+0000] {dag.py:4180} INFO - Setting next_dagrun for dataset_s3_bucket_consumer to None, run_after=None
[2024-11-14T07:50:37.454+0000] {logging_mixin.py:190} INFO - [2024-11-14T07:50:37.453+0000] {dag.py:4180} INFO - Setting next_dagrun for dataset_s3_bucket_producer to None, run_after=None
[2024-11-14T07:50:37.485+0000] {processor.py:208} INFO - Processing /home/airflow/.local/lib/python3.12/site-packages/airflow/example_dags/example_dataset_alias.py took 0.346 seconds
[2024-11-14T07:51:08.200+0000] {processor.py:186} INFO - Started process (PID=319) to work on /home/airflow/.local/lib/python3.12/site-packages/airflow/example_dags/example_dataset_alias.py
[2024-11-14T07:51:08.202+0000] {processor.py:914} INFO - Processing file /home/airflow/.local/lib/python3.12/site-packages/airflow/example_dags/example_dataset_alias.py for tasks to queue
[2024-11-14T07:51:08.205+0000] {logging_mixin.py:190} INFO - [2024-11-14T07:51:08.205+0000] {dagbag.py:588} INFO - Filling up the DagBag from /home/airflow/.local/lib/python3.12/site-packages/airflow/example_dags/example_dataset_alias.py
[2024-11-14T07:51:08.394+0000] {processor.py:925} INFO - DAG(s) 'dataset_alias_example_alias_producer', 'dataset_s3_bucket_consumer', 'dataset_alias_example_alias_consumer', 'dataset_s3_bucket_producer' retrieved from /home/airflow/.local/lib/python3.12/site-packages/airflow/example_dags/example_dataset_alias.py
[2024-11-14T07:51:08.436+0000] {logging_mixin.py:190} INFO - [2024-11-14T07:51:08.435+0000] {dag.py:3239} INFO - Sync 4 DAGs
[2024-11-14T07:51:08.467+0000] {logging_mixin.py:190} INFO - [2024-11-14T07:51:08.467+0000] {dag.py:4180} INFO - Setting next_dagrun for dataset_alias_example_alias_consumer to None, run_after=None
[2024-11-14T07:51:08.470+0000] {logging_mixin.py:190} INFO - [2024-11-14T07:51:08.470+0000] {dag.py:4180} INFO - Setting next_dagrun for dataset_alias_example_alias_producer to None, run_after=None
[2024-11-14T07:51:08.473+0000] {logging_mixin.py:190} INFO - [2024-11-14T07:51:08.473+0000] {dag.py:4180} INFO - Setting next_dagrun for dataset_s3_bucket_consumer to None, run_after=None
[2024-11-14T07:51:08.475+0000] {logging_mixin.py:190} INFO - [2024-11-14T07:51:08.475+0000] {dag.py:4180} INFO - Setting next_dagrun for dataset_s3_bucket_producer to None, run_after=None
[2024-11-14T07:51:08.502+0000] {processor.py:208} INFO - Processing /home/airflow/.local/lib/python3.12/site-packages/airflow/example_dags/example_dataset_alias.py took 0.306 seconds
[2024-11-14T07:51:39.201+0000] {processor.py:186} INFO - Started process (PID=381) to work on /home/airflow/.local/lib/python3.12/site-packages/airflow/example_dags/example_dataset_alias.py
[2024-11-14T07:51:39.202+0000] {processor.py:914} INFO - Processing file /home/airflow/.local/lib/python3.12/site-packages/airflow/example_dags/example_dataset_alias.py for tasks to queue
[2024-11-14T07:51:39.205+0000] {logging_mixin.py:190} INFO - [2024-11-14T07:51:39.205+0000] {dagbag.py:588} INFO - Filling up the DagBag from /home/airflow/.local/lib/python3.12/site-packages/airflow/example_dags/example_dataset_alias.py
[2024-11-14T07:51:39.370+0000] {processor.py:925} INFO - DAG(s) 'dataset_s3_bucket_producer', 'dataset_alias_example_alias_consumer', 'dataset_alias_example_alias_producer', 'dataset_s3_bucket_consumer' retrieved from /home/airflow/.local/lib/python3.12/site-packages/airflow/example_dags/example_dataset_alias.py
[2024-11-14T07:51:39.407+0000] {logging_mixin.py:190} INFO - [2024-11-14T07:51:39.406+0000] {dag.py:3239} INFO - Sync 4 DAGs
[2024-11-14T07:51:39.435+0000] {logging_mixin.py:190} INFO - [2024-11-14T07:51:39.435+0000] {dag.py:4180} INFO - Setting next_dagrun for dataset_alias_example_alias_consumer to None, run_after=None
[2024-11-14T07:51:39.439+0000] {logging_mixin.py:190} INFO - [2024-11-14T07:51:39.439+0000] {dag.py:4180} INFO - Setting next_dagrun for dataset_alias_example_alias_producer to None, run_after=None
[2024-11-14T07:51:39.442+0000] {logging_mixin.py:190} INFO - [2024-11-14T07:51:39.441+0000] {dag.py:4180} INFO - Setting next_dagrun for dataset_s3_bucket_consumer to None, run_after=None
[2024-11-14T07:51:39.445+0000] {logging_mixin.py:190} INFO - [2024-11-14T07:51:39.444+0000] {dag.py:4180} INFO - Setting next_dagrun for dataset_s3_bucket_producer to None, run_after=None
[2024-11-14T07:51:39.474+0000] {processor.py:208} INFO - Processing /home/airflow/.local/lib/python3.12/site-packages/airflow/example_dags/example_dataset_alias.py took 0.280 seconds
[2024-11-14T07:52:09.687+0000] {processor.py:186} INFO - Started process (PID=443) to work on /home/airflow/.local/lib/python3.12/site-packages/airflow/example_dags/example_dataset_alias.py
[2024-11-14T07:52:09.688+0000] {processor.py:914} INFO - Processing file /home/airflow/.local/lib/python3.12/site-packages/airflow/example_dags/example_dataset_alias.py for tasks to queue
[2024-11-14T07:52:09.691+0000] {logging_mixin.py:190} INFO - [2024-11-14T07:52:09.691+0000] {dagbag.py:588} INFO - Filling up the DagBag from /home/airflow/.local/lib/python3.12/site-packages/airflow/example_dags/example_dataset_alias.py
[2024-11-14T07:52:09.839+0000] {processor.py:925} INFO - DAG(s) 'dataset_s3_bucket_producer', 'dataset_alias_example_alias_producer', 'dataset_alias_example_alias_consumer', 'dataset_s3_bucket_consumer' retrieved from /home/airflow/.local/lib/python3.12/site-packages/airflow/example_dags/example_dataset_alias.py
[2024-11-14T07:52:09.861+0000] {logging_mixin.py:190} INFO - [2024-11-14T07:52:09.861+0000] {dag.py:3239} INFO - Sync 4 DAGs
[2024-11-14T07:52:09.900+0000] {logging_mixin.py:190} INFO - [2024-11-14T07:52:09.900+0000] {dag.py:4180} INFO - Setting next_dagrun for dataset_alias_example_alias_consumer to None, run_after=None
[2024-11-14T07:52:09.904+0000] {logging_mixin.py:190} INFO - [2024-11-14T07:52:09.904+0000] {dag.py:4180} INFO - Setting next_dagrun for dataset_alias_example_alias_producer to None, run_after=None
[2024-11-14T07:52:09.906+0000] {logging_mixin.py:190} INFO - [2024-11-14T07:52:09.906+0000] {dag.py:4180} INFO - Setting next_dagrun for dataset_s3_bucket_consumer to None, run_after=None
[2024-11-14T07:52:09.908+0000] {logging_mixin.py:190} INFO - [2024-11-14T07:52:09.908+0000] {dag.py:4180} INFO - Setting next_dagrun for dataset_s3_bucket_producer to None, run_after=None
[2024-11-14T07:52:09.942+0000] {processor.py:208} INFO - Processing /home/airflow/.local/lib/python3.12/site-packages/airflow/example_dags/example_dataset_alias.py took 0.261 seconds
[2024-11-14T07:52:40.834+0000] {processor.py:186} INFO - Started process (PID=505) to work on /home/airflow/.local/lib/python3.12/site-packages/airflow/example_dags/example_dataset_alias.py
[2024-11-14T07:52:40.835+0000] {processor.py:914} INFO - Processing file /home/airflow/.local/lib/python3.12/site-packages/airflow/example_dags/example_dataset_alias.py for tasks to queue
[2024-11-14T07:52:40.839+0000] {logging_mixin.py:190} INFO - [2024-11-14T07:52:40.839+0000] {dagbag.py:588} INFO - Filling up the DagBag from /home/airflow/.local/lib/python3.12/site-packages/airflow/example_dags/example_dataset_alias.py
[2024-11-14T07:52:41.004+0000] {processor.py:925} INFO - DAG(s) 'dataset_alias_example_alias_producer', 'dataset_alias_example_alias_consumer', 'dataset_s3_bucket_producer', 'dataset_s3_bucket_consumer' retrieved from /home/airflow/.local/lib/python3.12/site-packages/airflow/example_dags/example_dataset_alias.py
[2024-11-14T07:52:41.034+0000] {logging_mixin.py:190} INFO - [2024-11-14T07:52:41.033+0000] {dag.py:3239} INFO - Sync 4 DAGs
[2024-11-14T07:52:41.064+0000] {logging_mixin.py:190} INFO - [2024-11-14T07:52:41.064+0000] {dag.py:4180} INFO - Setting next_dagrun for dataset_alias_example_alias_consumer to None, run_after=None
[2024-11-14T07:52:41.068+0000] {logging_mixin.py:190} INFO - [2024-11-14T07:52:41.067+0000] {dag.py:4180} INFO - Setting next_dagrun for dataset_alias_example_alias_producer to None, run_after=None
[2024-11-14T07:52:41.070+0000] {logging_mixin.py:190} INFO - [2024-11-14T07:52:41.069+0000] {dag.py:4180} INFO - Setting next_dagrun for dataset_s3_bucket_consumer to None, run_after=None
[2024-11-14T07:52:41.072+0000] {logging_mixin.py:190} INFO - [2024-11-14T07:52:41.071+0000] {dag.py:4180} INFO - Setting next_dagrun for dataset_s3_bucket_producer to None, run_after=None
[2024-11-14T07:52:41.099+0000] {processor.py:208} INFO - Processing /home/airflow/.local/lib/python3.12/site-packages/airflow/example_dags/example_dataset_alias.py took 0.271 seconds
[2024-11-14T07:53:11.281+0000] {processor.py:186} INFO - Started process (PID=567) to work on /home/airflow/.local/lib/python3.12/site-packages/airflow/example_dags/example_dataset_alias.py
[2024-11-14T07:53:11.283+0000] {processor.py:914} INFO - Processing file /home/airflow/.local/lib/python3.12/site-packages/airflow/example_dags/example_dataset_alias.py for tasks to queue
[2024-11-14T07:53:11.288+0000] {logging_mixin.py:190} INFO - [2024-11-14T07:53:11.287+0000] {dagbag.py:588} INFO - Filling up the DagBag from /home/airflow/.local/lib/python3.12/site-packages/airflow/example_dags/example_dataset_alias.py
[2024-11-14T07:53:11.447+0000] {processor.py:925} INFO - DAG(s) 'dataset_s3_bucket_producer', 'dataset_s3_bucket_consumer', 'dataset_alias_example_alias_producer', 'dataset_alias_example_alias_consumer' retrieved from /home/airflow/.local/lib/python3.12/site-packages/airflow/example_dags/example_dataset_alias.py
[2024-11-14T07:53:11.469+0000] {logging_mixin.py:190} INFO - [2024-11-14T07:53:11.469+0000] {dag.py:3239} INFO - Sync 4 DAGs
[2024-11-14T07:53:11.494+0000] {logging_mixin.py:190} INFO - [2024-11-14T07:53:11.494+0000] {dag.py:4180} INFO - Setting next_dagrun for dataset_alias_example_alias_consumer to None, run_after=None
[2024-11-14T07:53:11.498+0000] {logging_mixin.py:190} INFO - [2024-11-14T07:53:11.498+0000] {dag.py:4180} INFO - Setting next_dagrun for dataset_alias_example_alias_producer to None, run_after=None
[2024-11-14T07:53:11.500+0000] {logging_mixin.py:190} INFO - [2024-11-14T07:53:11.500+0000] {dag.py:4180} INFO - Setting next_dagrun for dataset_s3_bucket_consumer to None, run_after=None
[2024-11-14T07:53:11.502+0000] {logging_mixin.py:190} INFO - [2024-11-14T07:53:11.502+0000] {dag.py:4180} INFO - Setting next_dagrun for dataset_s3_bucket_producer to None, run_after=None
[2024-11-14T07:53:11.528+0000] {processor.py:208} INFO - Processing /home/airflow/.local/lib/python3.12/site-packages/airflow/example_dags/example_dataset_alias.py took 0.256 seconds
[2024-11-14T07:53:42.103+0000] {processor.py:186} INFO - Started process (PID=629) to work on /home/airflow/.local/lib/python3.12/site-packages/airflow/example_dags/example_dataset_alias.py
[2024-11-14T07:53:42.105+0000] {processor.py:914} INFO - Processing file /home/airflow/.local/lib/python3.12/site-packages/airflow/example_dags/example_dataset_alias.py for tasks to queue
[2024-11-14T07:53:42.108+0000] {logging_mixin.py:190} INFO - [2024-11-14T07:53:42.108+0000] {dagbag.py:588} INFO - Filling up the DagBag from /home/airflow/.local/lib/python3.12/site-packages/airflow/example_dags/example_dataset_alias.py
[2024-11-14T07:53:42.284+0000] {processor.py:925} INFO - DAG(s) 'dataset_alias_example_alias_consumer', 'dataset_alias_example_alias_producer', 'dataset_s3_bucket_producer', 'dataset_s3_bucket_consumer' retrieved from /home/airflow/.local/lib/python3.12/site-packages/airflow/example_dags/example_dataset_alias.py
[2024-11-14T07:53:42.311+0000] {logging_mixin.py:190} INFO - [2024-11-14T07:53:42.310+0000] {dag.py:3239} INFO - Sync 4 DAGs
[2024-11-14T07:53:42.336+0000] {logging_mixin.py:190} INFO - [2024-11-14T07:53:42.335+0000] {dag.py:4180} INFO - Setting next_dagrun for dataset_alias_example_alias_consumer to None, run_after=None
[2024-11-14T07:53:42.339+0000] {logging_mixin.py:190} INFO - [2024-11-14T07:53:42.339+0000] {dag.py:4180} INFO - Setting next_dagrun for dataset_alias_example_alias_producer to None, run_after=None
[2024-11-14T07:53:42.340+0000] {logging_mixin.py:190} INFO - [2024-11-14T07:53:42.340+0000] {dag.py:4180} INFO - Setting next_dagrun for dataset_s3_bucket_consumer to None, run_after=None
[2024-11-14T07:53:42.342+0000] {logging_mixin.py:190} INFO - [2024-11-14T07:53:42.342+0000] {dag.py:4180} INFO - Setting next_dagrun for dataset_s3_bucket_producer to None, run_after=None
[2024-11-14T07:53:42.368+0000] {processor.py:208} INFO - Processing /home/airflow/.local/lib/python3.12/site-packages/airflow/example_dags/example_dataset_alias.py took 0.271 seconds
[2024-11-14T07:54:12.797+0000] {processor.py:186} INFO - Started process (PID=691) to work on /home/airflow/.local/lib/python3.12/site-packages/airflow/example_dags/example_dataset_alias.py
[2024-11-14T07:54:12.799+0000] {processor.py:914} INFO - Processing file /home/airflow/.local/lib/python3.12/site-packages/airflow/example_dags/example_dataset_alias.py for tasks to queue
[2024-11-14T07:54:12.802+0000] {logging_mixin.py:190} INFO - [2024-11-14T07:54:12.802+0000] {dagbag.py:588} INFO - Filling up the DagBag from /home/airflow/.local/lib/python3.12/site-packages/airflow/example_dags/example_dataset_alias.py
[2024-11-14T07:54:12.957+0000] {processor.py:925} INFO - DAG(s) 'dataset_s3_bucket_producer', 'dataset_s3_bucket_consumer', 'dataset_alias_example_alias_producer', 'dataset_alias_example_alias_consumer' retrieved from /home/airflow/.local/lib/python3.12/site-packages/airflow/example_dags/example_dataset_alias.py
[2024-11-14T07:54:12.982+0000] {logging_mixin.py:190} INFO - [2024-11-14T07:54:12.982+0000] {dag.py:3239} INFO - Sync 4 DAGs
[2024-11-14T07:54:13.006+0000] {logging_mixin.py:190} INFO - [2024-11-14T07:54:13.006+0000] {dag.py:4180} INFO - Setting next_dagrun for dataset_alias_example_alias_consumer to None, run_after=None
[2024-11-14T07:54:13.010+0000] {logging_mixin.py:190} INFO - [2024-11-14T07:54:13.010+0000] {dag.py:4180} INFO - Setting next_dagrun for dataset_alias_example_alias_producer to None, run_after=None
[2024-11-14T07:54:13.012+0000] {logging_mixin.py:190} INFO - [2024-11-14T07:54:13.012+0000] {dag.py:4180} INFO - Setting next_dagrun for dataset_s3_bucket_consumer to None, run_after=None
[2024-11-14T07:54:13.014+0000] {logging_mixin.py:190} INFO - [2024-11-14T07:54:13.014+0000] {dag.py:4180} INFO - Setting next_dagrun for dataset_s3_bucket_producer to None, run_after=None
[2024-11-14T07:54:13.040+0000] {processor.py:208} INFO - Processing /home/airflow/.local/lib/python3.12/site-packages/airflow/example_dags/example_dataset_alias.py took 0.251 seconds
[2024-11-14T07:54:43.496+0000] {processor.py:186} INFO - Started process (PID=759) to work on /home/airflow/.local/lib/python3.12/site-packages/airflow/example_dags/example_dataset_alias.py
[2024-11-14T07:54:43.497+0000] {processor.py:914} INFO - Processing file /home/airflow/.local/lib/python3.12/site-packages/airflow/example_dags/example_dataset_alias.py for tasks to queue
[2024-11-14T07:54:43.501+0000] {logging_mixin.py:190} INFO - [2024-11-14T07:54:43.501+0000] {dagbag.py:588} INFO - Filling up the DagBag from /home/airflow/.local/lib/python3.12/site-packages/airflow/example_dags/example_dataset_alias.py
[2024-11-14T07:54:43.660+0000] {processor.py:925} INFO - DAG(s) 'dataset_alias_example_alias_consumer', 'dataset_alias_example_alias_producer', 'dataset_s3_bucket_producer', 'dataset_s3_bucket_consumer' retrieved from /home/airflow/.local/lib/python3.12/site-packages/airflow/example_dags/example_dataset_alias.py
[2024-11-14T07:54:43.686+0000] {logging_mixin.py:190} INFO - [2024-11-14T07:54:43.686+0000] {dag.py:3239} INFO - Sync 4 DAGs
[2024-11-14T07:54:43.710+0000] {logging_mixin.py:190} INFO - [2024-11-14T07:54:43.710+0000] {dag.py:4180} INFO - Setting next_dagrun for dataset_alias_example_alias_consumer to None, run_after=None
[2024-11-14T07:54:43.714+0000] {logging_mixin.py:190} INFO - [2024-11-14T07:54:43.713+0000] {dag.py:4180} INFO - Setting next_dagrun for dataset_alias_example_alias_producer to None, run_after=None
[2024-11-14T07:54:43.716+0000] {logging_mixin.py:190} INFO - [2024-11-14T07:54:43.716+0000] {dag.py:4180} INFO - Setting next_dagrun for dataset_s3_bucket_consumer to None, run_after=None
[2024-11-14T07:54:43.718+0000] {logging_mixin.py:190} INFO - [2024-11-14T07:54:43.718+0000] {dag.py:4180} INFO - Setting next_dagrun for dataset_s3_bucket_producer to None, run_after=None
[2024-11-14T07:54:43.747+0000] {processor.py:208} INFO - Processing /home/airflow/.local/lib/python3.12/site-packages/airflow/example_dags/example_dataset_alias.py took 0.258 seconds
[2024-11-14T07:55:14.184+0000] {processor.py:186} INFO - Started process (PID=821) to work on /home/airflow/.local/lib/python3.12/site-packages/airflow/example_dags/example_dataset_alias.py
[2024-11-14T07:55:14.186+0000] {processor.py:914} INFO - Processing file /home/airflow/.local/lib/python3.12/site-packages/airflow/example_dags/example_dataset_alias.py for tasks to queue
[2024-11-14T07:55:14.188+0000] {logging_mixin.py:190} INFO - [2024-11-14T07:55:14.188+0000] {dagbag.py:588} INFO - Filling up the DagBag from /home/airflow/.local/lib/python3.12/site-packages/airflow/example_dags/example_dataset_alias.py
[2024-11-14T07:55:14.329+0000] {processor.py:925} INFO - DAG(s) 'dataset_alias_example_alias_consumer', 'dataset_s3_bucket_producer', 'dataset_alias_example_alias_producer', 'dataset_s3_bucket_consumer' retrieved from /home/airflow/.local/lib/python3.12/site-packages/airflow/example_dags/example_dataset_alias.py
[2024-11-14T07:55:14.352+0000] {logging_mixin.py:190} INFO - [2024-11-14T07:55:14.351+0000] {dag.py:3239} INFO - Sync 4 DAGs
[2024-11-14T07:55:14.375+0000] {logging_mixin.py:190} INFO - [2024-11-14T07:55:14.375+0000] {dag.py:4180} INFO - Setting next_dagrun for dataset_alias_example_alias_consumer to None, run_after=None
[2024-11-14T07:55:14.379+0000] {logging_mixin.py:190} INFO - [2024-11-14T07:55:14.378+0000] {dag.py:4180} INFO - Setting next_dagrun for dataset_alias_example_alias_producer to None, run_after=None
[2024-11-14T07:55:14.380+0000] {logging_mixin.py:190} INFO - [2024-11-14T07:55:14.380+0000] {dag.py:4180} INFO - Setting next_dagrun for dataset_s3_bucket_consumer to None, run_after=None
[2024-11-14T07:55:14.382+0000] {logging_mixin.py:190} INFO - [2024-11-14T07:55:14.382+0000] {dag.py:4180} INFO - Setting next_dagrun for dataset_s3_bucket_producer to None, run_after=None
[2024-11-14T07:55:14.406+0000] {processor.py:208} INFO - Processing /home/airflow/.local/lib/python3.12/site-packages/airflow/example_dags/example_dataset_alias.py took 0.227 seconds
[2024-11-14T07:55:44.718+0000] {processor.py:186} INFO - Started process (PID=883) to work on /home/airflow/.local/lib/python3.12/site-packages/airflow/example_dags/example_dataset_alias.py
[2024-11-14T07:55:44.719+0000] {processor.py:914} INFO - Processing file /home/airflow/.local/lib/python3.12/site-packages/airflow/example_dags/example_dataset_alias.py for tasks to queue
[2024-11-14T07:55:44.722+0000] {logging_mixin.py:190} INFO - [2024-11-14T07:55:44.722+0000] {dagbag.py:588} INFO - Filling up the DagBag from /home/airflow/.local/lib/python3.12/site-packages/airflow/example_dags/example_dataset_alias.py
[2024-11-14T07:55:44.879+0000] {processor.py:925} INFO - DAG(s) 'dataset_s3_bucket_consumer', 'dataset_alias_example_alias_consumer', 'dataset_s3_bucket_producer', 'dataset_alias_example_alias_producer' retrieved from /home/airflow/.local/lib/python3.12/site-packages/airflow/example_dags/example_dataset_alias.py
[2024-11-14T07:55:44.902+0000] {logging_mixin.py:190} INFO - [2024-11-14T07:55:44.902+0000] {dag.py:3239} INFO - Sync 4 DAGs
[2024-11-14T07:55:44.924+0000] {logging_mixin.py:190} INFO - [2024-11-14T07:55:44.924+0000] {dag.py:4180} INFO - Setting next_dagrun for dataset_alias_example_alias_consumer to None, run_after=None
[2024-11-14T07:55:44.927+0000] {logging_mixin.py:190} INFO - [2024-11-14T07:55:44.927+0000] {dag.py:4180} INFO - Setting next_dagrun for dataset_alias_example_alias_producer to None, run_after=None
[2024-11-14T07:55:44.929+0000] {logging_mixin.py:190} INFO - [2024-11-14T07:55:44.928+0000] {dag.py:4180} INFO - Setting next_dagrun for dataset_s3_bucket_consumer to None, run_after=None
[2024-11-14T07:55:44.931+0000] {logging_mixin.py:190} INFO - [2024-11-14T07:55:44.931+0000] {dag.py:4180} INFO - Setting next_dagrun for dataset_s3_bucket_producer to None, run_after=None
[2024-11-14T07:55:44.958+0000] {processor.py:208} INFO - Processing /home/airflow/.local/lib/python3.12/site-packages/airflow/example_dags/example_dataset_alias.py took 0.245 seconds
[2024-11-14T07:56:15.327+0000] {processor.py:186} INFO - Started process (PID=944) to work on /home/airflow/.local/lib/python3.12/site-packages/airflow/example_dags/example_dataset_alias.py
[2024-11-14T07:56:15.328+0000] {processor.py:914} INFO - Processing file /home/airflow/.local/lib/python3.12/site-packages/airflow/example_dags/example_dataset_alias.py for tasks to queue
[2024-11-14T07:56:15.331+0000] {logging_mixin.py:190} INFO - [2024-11-14T07:56:15.331+0000] {dagbag.py:588} INFO - Filling up the DagBag from /home/airflow/.local/lib/python3.12/site-packages/airflow/example_dags/example_dataset_alias.py
[2024-11-14T07:56:15.470+0000] {processor.py:925} INFO - DAG(s) 'dataset_alias_example_alias_consumer', 'dataset_alias_example_alias_producer', 'dataset_s3_bucket_consumer', 'dataset_s3_bucket_producer' retrieved from /home/airflow/.local/lib/python3.12/site-packages/airflow/example_dags/example_dataset_alias.py
[2024-11-14T07:56:15.493+0000] {logging_mixin.py:190} INFO - [2024-11-14T07:56:15.493+0000] {dag.py:3239} INFO - Sync 4 DAGs
[2024-11-14T07:56:15.514+0000] {logging_mixin.py:190} INFO - [2024-11-14T07:56:15.514+0000] {dag.py:4180} INFO - Setting next_dagrun for dataset_alias_example_alias_consumer to None, run_after=None
[2024-11-14T07:56:15.518+0000] {logging_mixin.py:190} INFO - [2024-11-14T07:56:15.517+0000] {dag.py:4180} INFO - Setting next_dagrun for dataset_alias_example_alias_producer to None, run_after=None
[2024-11-14T07:56:15.519+0000] {logging_mixin.py:190} INFO - [2024-11-14T07:56:15.519+0000] {dag.py:4180} INFO - Setting next_dagrun for dataset_s3_bucket_consumer to None, run_after=None
[2024-11-14T07:56:15.520+0000] {logging_mixin.py:190} INFO - [2024-11-14T07:56:15.520+0000] {dag.py:4180} INFO - Setting next_dagrun for dataset_s3_bucket_producer to None, run_after=None
[2024-11-14T07:56:15.551+0000] {processor.py:208} INFO - Processing /home/airflow/.local/lib/python3.12/site-packages/airflow/example_dags/example_dataset_alias.py took 0.229 seconds
[2024-11-14T07:56:45.837+0000] {processor.py:186} INFO - Started process (PID=1006) to work on /home/airflow/.local/lib/python3.12/site-packages/airflow/example_dags/example_dataset_alias.py
[2024-11-14T07:56:45.839+0000] {processor.py:914} INFO - Processing file /home/airflow/.local/lib/python3.12/site-packages/airflow/example_dags/example_dataset_alias.py for tasks to queue
[2024-11-14T07:56:45.843+0000] {logging_mixin.py:190} INFO - [2024-11-14T07:56:45.842+0000] {dagbag.py:588} INFO - Filling up the DagBag from /home/airflow/.local/lib/python3.12/site-packages/airflow/example_dags/example_dataset_alias.py
[2024-11-14T07:56:46.035+0000] {processor.py:925} INFO - DAG(s) 'dataset_alias_example_alias_consumer', 'dataset_alias_example_alias_producer', 'dataset_s3_bucket_consumer', 'dataset_s3_bucket_producer' retrieved from /home/airflow/.local/lib/python3.12/site-packages/airflow/example_dags/example_dataset_alias.py
[2024-11-14T07:56:46.059+0000] {logging_mixin.py:190} INFO - [2024-11-14T07:56:46.059+0000] {dag.py:3239} INFO - Sync 4 DAGs
[2024-11-14T07:56:46.093+0000] {logging_mixin.py:190} INFO - [2024-11-14T07:56:46.093+0000] {dag.py:4180} INFO - Setting next_dagrun for dataset_alias_example_alias_consumer to None, run_after=None
[2024-11-14T07:56:46.100+0000] {logging_mixin.py:190} INFO - [2024-11-14T07:56:46.100+0000] {dag.py:4180} INFO - Setting next_dagrun for dataset_alias_example_alias_producer to None, run_after=None
[2024-11-14T07:56:46.103+0000] {logging_mixin.py:190} INFO - [2024-11-14T07:56:46.102+0000] {dag.py:4180} INFO - Setting next_dagrun for dataset_s3_bucket_consumer to None, run_after=None
[2024-11-14T07:56:46.106+0000] {logging_mixin.py:190} INFO - [2024-11-14T07:56:46.105+0000] {dag.py:4180} INFO - Setting next_dagrun for dataset_s3_bucket_producer to None, run_after=None
[2024-11-14T07:56:46.141+0000] {processor.py:208} INFO - Processing /home/airflow/.local/lib/python3.12/site-packages/airflow/example_dags/example_dataset_alias.py took 0.312 seconds
[2024-11-14T07:57:16.306+0000] {processor.py:186} INFO - Started process (PID=1068) to work on /home/airflow/.local/lib/python3.12/site-packages/airflow/example_dags/example_dataset_alias.py
[2024-11-14T07:57:16.308+0000] {processor.py:914} INFO - Processing file /home/airflow/.local/lib/python3.12/site-packages/airflow/example_dags/example_dataset_alias.py for tasks to queue
[2024-11-14T07:57:16.311+0000] {logging_mixin.py:190} INFO - [2024-11-14T07:57:16.311+0000] {dagbag.py:588} INFO - Filling up the DagBag from /home/airflow/.local/lib/python3.12/site-packages/airflow/example_dags/example_dataset_alias.py
[2024-11-14T07:57:16.518+0000] {processor.py:925} INFO - DAG(s) 'dataset_s3_bucket_producer', 'dataset_alias_example_alias_producer', 'dataset_s3_bucket_consumer', 'dataset_alias_example_alias_consumer' retrieved from /home/airflow/.local/lib/python3.12/site-packages/airflow/example_dags/example_dataset_alias.py
[2024-11-14T07:57:16.543+0000] {logging_mixin.py:190} INFO - [2024-11-14T07:57:16.542+0000] {dag.py:3239} INFO - Sync 4 DAGs
[2024-11-14T07:57:16.568+0000] {logging_mixin.py:190} INFO - [2024-11-14T07:57:16.567+0000] {dag.py:4180} INFO - Setting next_dagrun for dataset_alias_example_alias_consumer to None, run_after=None
[2024-11-14T07:57:16.571+0000] {logging_mixin.py:190} INFO - [2024-11-14T07:57:16.571+0000] {dag.py:4180} INFO - Setting next_dagrun for dataset_alias_example_alias_producer to None, run_after=None
[2024-11-14T07:57:16.573+0000] {logging_mixin.py:190} INFO - [2024-11-14T07:57:16.573+0000] {dag.py:4180} INFO - Setting next_dagrun for dataset_s3_bucket_consumer to None, run_after=None
[2024-11-14T07:57:16.575+0000] {logging_mixin.py:190} INFO - [2024-11-14T07:57:16.575+0000] {dag.py:4180} INFO - Setting next_dagrun for dataset_s3_bucket_producer to None, run_after=None
[2024-11-14T07:57:16.599+0000] {processor.py:208} INFO - Processing /home/airflow/.local/lib/python3.12/site-packages/airflow/example_dags/example_dataset_alias.py took 0.305 seconds
[2024-11-14T08:08:02.822+0000] {processor.py:186} INFO - Started process (PID=97) to work on /home/airflow/.local/lib/python3.12/site-packages/airflow/example_dags/example_dataset_alias.py
[2024-11-14T08:08:02.826+0000] {processor.py:914} INFO - Processing file /home/airflow/.local/lib/python3.12/site-packages/airflow/example_dags/example_dataset_alias.py for tasks to queue
[2024-11-14T08:08:02.830+0000] {logging_mixin.py:190} INFO - [2024-11-14T08:08:02.830+0000] {dagbag.py:588} INFO - Filling up the DagBag from /home/airflow/.local/lib/python3.12/site-packages/airflow/example_dags/example_dataset_alias.py
[2024-11-14T08:08:03.127+0000] {processor.py:925} INFO - DAG(s) 'dataset_alias_example_alias_consumer', 'dataset_s3_bucket_consumer', 'dataset_s3_bucket_producer', 'dataset_alias_example_alias_producer' retrieved from /home/airflow/.local/lib/python3.12/site-packages/airflow/example_dags/example_dataset_alias.py
[2024-11-14T08:08:03.182+0000] {logging_mixin.py:190} INFO - [2024-11-14T08:08:03.181+0000] {dag.py:3239} INFO - Sync 4 DAGs
[2024-11-14T08:08:03.225+0000] {logging_mixin.py:190} INFO - [2024-11-14T08:08:03.224+0000] {dag.py:4180} INFO - Setting next_dagrun for dataset_alias_example_alias_consumer to None, run_after=None
[2024-11-14T08:08:03.230+0000] {logging_mixin.py:190} INFO - [2024-11-14T08:08:03.230+0000] {dag.py:4180} INFO - Setting next_dagrun for dataset_alias_example_alias_producer to None, run_after=None
[2024-11-14T08:08:03.233+0000] {logging_mixin.py:190} INFO - [2024-11-14T08:08:03.232+0000] {dag.py:4180} INFO - Setting next_dagrun for dataset_s3_bucket_consumer to None, run_after=None
[2024-11-14T08:08:03.235+0000] {logging_mixin.py:190} INFO - [2024-11-14T08:08:03.235+0000] {dag.py:4180} INFO - Setting next_dagrun for dataset_s3_bucket_producer to None, run_after=None
[2024-11-14T08:08:03.274+0000] {processor.py:208} INFO - Processing /home/airflow/.local/lib/python3.12/site-packages/airflow/example_dags/example_dataset_alias.py took 0.462 seconds
[2024-11-14T08:08:33.560+0000] {processor.py:186} INFO - Started process (PID=160) to work on /home/airflow/.local/lib/python3.12/site-packages/airflow/example_dags/example_dataset_alias.py
[2024-11-14T08:08:33.561+0000] {processor.py:914} INFO - Processing file /home/airflow/.local/lib/python3.12/site-packages/airflow/example_dags/example_dataset_alias.py for tasks to queue
[2024-11-14T08:08:33.566+0000] {logging_mixin.py:190} INFO - [2024-11-14T08:08:33.565+0000] {dagbag.py:588} INFO - Filling up the DagBag from /home/airflow/.local/lib/python3.12/site-packages/airflow/example_dags/example_dataset_alias.py
[2024-11-14T08:08:33.773+0000] {processor.py:925} INFO - DAG(s) 'dataset_alias_example_alias_consumer', 'dataset_s3_bucket_producer', 'dataset_s3_bucket_consumer', 'dataset_alias_example_alias_producer' retrieved from /home/airflow/.local/lib/python3.12/site-packages/airflow/example_dags/example_dataset_alias.py
[2024-11-14T08:08:33.800+0000] {logging_mixin.py:190} INFO - [2024-11-14T08:08:33.800+0000] {dag.py:3239} INFO - Sync 4 DAGs
[2024-11-14T08:08:33.830+0000] {logging_mixin.py:190} INFO - [2024-11-14T08:08:33.829+0000] {dag.py:4180} INFO - Setting next_dagrun for dataset_alias_example_alias_consumer to None, run_after=None
[2024-11-14T08:08:33.834+0000] {logging_mixin.py:190} INFO - [2024-11-14T08:08:33.833+0000] {dag.py:4180} INFO - Setting next_dagrun for dataset_alias_example_alias_producer to None, run_after=None
[2024-11-14T08:08:33.837+0000] {logging_mixin.py:190} INFO - [2024-11-14T08:08:33.836+0000] {dag.py:4180} INFO - Setting next_dagrun for dataset_s3_bucket_consumer to None, run_after=None
[2024-11-14T08:08:33.839+0000] {logging_mixin.py:190} INFO - [2024-11-14T08:08:33.838+0000] {dag.py:4180} INFO - Setting next_dagrun for dataset_s3_bucket_producer to None, run_after=None
[2024-11-14T08:08:33.867+0000] {processor.py:208} INFO - Processing /home/airflow/.local/lib/python3.12/site-packages/airflow/example_dags/example_dataset_alias.py took 0.317 seconds
[2024-11-14T08:15:24.074+0000] {processor.py:186} INFO - Started process (PID=98) to work on /home/airflow/.local/lib/python3.12/site-packages/airflow/example_dags/example_dataset_alias.py
[2024-11-14T08:15:24.075+0000] {processor.py:914} INFO - Processing file /home/airflow/.local/lib/python3.12/site-packages/airflow/example_dags/example_dataset_alias.py for tasks to queue
[2024-11-14T08:15:24.079+0000] {logging_mixin.py:190} INFO - [2024-11-14T08:15:24.078+0000] {dagbag.py:588} INFO - Filling up the DagBag from /home/airflow/.local/lib/python3.12/site-packages/airflow/example_dags/example_dataset_alias.py
[2024-11-14T08:15:24.267+0000] {processor.py:925} INFO - DAG(s) 'dataset_alias_example_alias_consumer', 'dataset_alias_example_alias_producer', 'dataset_s3_bucket_producer', 'dataset_s3_bucket_consumer' retrieved from /home/airflow/.local/lib/python3.12/site-packages/airflow/example_dags/example_dataset_alias.py
[2024-11-14T08:15:24.377+0000] {logging_mixin.py:190} INFO - [2024-11-14T08:15:24.376+0000] {override.py:1900} INFO - Created Permission View: can edit on DAG:dataset_alias_example_alias_consumer
[2024-11-14T08:15:24.390+0000] {logging_mixin.py:190} INFO - [2024-11-14T08:15:24.390+0000] {override.py:1900} INFO - Created Permission View: can delete on DAG:dataset_alias_example_alias_consumer
[2024-11-14T08:15:24.400+0000] {logging_mixin.py:190} INFO - [2024-11-14T08:15:24.400+0000] {override.py:1900} INFO - Created Permission View: can read on DAG:dataset_alias_example_alias_consumer
[2024-11-14T08:15:24.413+0000] {logging_mixin.py:190} INFO - [2024-11-14T08:15:24.412+0000] {override.py:1900} INFO - Created Permission View: can delete on DAG Run:dataset_alias_example_alias_consumer
[2024-11-14T08:15:24.424+0000] {logging_mixin.py:190} INFO - [2024-11-14T08:15:24.424+0000] {override.py:1900} INFO - Created Permission View: can read on DAG Run:dataset_alias_example_alias_consumer
[2024-11-14T08:15:24.434+0000] {logging_mixin.py:190} INFO - [2024-11-14T08:15:24.434+0000] {override.py:1900} INFO - Created Permission View: can create on DAG Run:dataset_alias_example_alias_consumer
[2024-11-14T08:15:24.446+0000] {logging_mixin.py:190} INFO - [2024-11-14T08:15:24.445+0000] {override.py:1900} INFO - Created Permission View: menu access on DAG Run:dataset_alias_example_alias_consumer
[2024-11-14T08:15:24.466+0000] {logging_mixin.py:190} INFO - [2024-11-14T08:15:24.465+0000] {override.py:1900} INFO - Created Permission View: can edit on DAG:dataset_alias_example_alias_producer
[2024-11-14T08:15:24.476+0000] {logging_mixin.py:190} INFO - [2024-11-14T08:15:24.476+0000] {override.py:1900} INFO - Created Permission View: can delete on DAG:dataset_alias_example_alias_producer
[2024-11-14T08:15:24.487+0000] {logging_mixin.py:190} INFO - [2024-11-14T08:15:24.487+0000] {override.py:1900} INFO - Created Permission View: can read on DAG:dataset_alias_example_alias_producer
[2024-11-14T08:15:24.502+0000] {logging_mixin.py:190} INFO - [2024-11-14T08:15:24.501+0000] {override.py:1900} INFO - Created Permission View: can delete on DAG Run:dataset_alias_example_alias_producer
[2024-11-14T08:15:24.512+0000] {logging_mixin.py:190} INFO - [2024-11-14T08:15:24.511+0000] {override.py:1900} INFO - Created Permission View: can read on DAG Run:dataset_alias_example_alias_producer
[2024-11-14T08:15:24.522+0000] {logging_mixin.py:190} INFO - [2024-11-14T08:15:24.522+0000] {override.py:1900} INFO - Created Permission View: can create on DAG Run:dataset_alias_example_alias_producer
[2024-11-14T08:15:24.534+0000] {logging_mixin.py:190} INFO - [2024-11-14T08:15:24.533+0000] {override.py:1900} INFO - Created Permission View: menu access on DAG Run:dataset_alias_example_alias_producer
[2024-11-14T08:15:24.556+0000] {logging_mixin.py:190} INFO - [2024-11-14T08:15:24.555+0000] {override.py:1900} INFO - Created Permission View: can edit on DAG:dataset_s3_bucket_producer
[2024-11-14T08:15:24.566+0000] {logging_mixin.py:190} INFO - [2024-11-14T08:15:24.566+0000] {override.py:1900} INFO - Created Permission View: can delete on DAG:dataset_s3_bucket_producer
[2024-11-14T08:15:24.576+0000] {logging_mixin.py:190} INFO - [2024-11-14T08:15:24.576+0000] {override.py:1900} INFO - Created Permission View: can read on DAG:dataset_s3_bucket_producer
[2024-11-14T08:15:24.589+0000] {logging_mixin.py:190} INFO - [2024-11-14T08:15:24.588+0000] {override.py:1900} INFO - Created Permission View: can delete on DAG Run:dataset_s3_bucket_producer
[2024-11-14T08:15:24.599+0000] {logging_mixin.py:190} INFO - [2024-11-14T08:15:24.599+0000] {override.py:1900} INFO - Created Permission View: can read on DAG Run:dataset_s3_bucket_producer
[2024-11-14T08:15:24.610+0000] {logging_mixin.py:190} INFO - [2024-11-14T08:15:24.609+0000] {override.py:1900} INFO - Created Permission View: can create on DAG Run:dataset_s3_bucket_producer
[2024-11-14T08:15:24.619+0000] {logging_mixin.py:190} INFO - [2024-11-14T08:15:24.619+0000] {override.py:1900} INFO - Created Permission View: menu access on DAG Run:dataset_s3_bucket_producer
[2024-11-14T08:15:24.636+0000] {logging_mixin.py:190} INFO - [2024-11-14T08:15:24.636+0000] {override.py:1900} INFO - Created Permission View: can edit on DAG:dataset_s3_bucket_consumer
[2024-11-14T08:15:24.648+0000] {logging_mixin.py:190} INFO - [2024-11-14T08:15:24.648+0000] {override.py:1900} INFO - Created Permission View: can delete on DAG:dataset_s3_bucket_consumer
[2024-11-14T08:15:24.656+0000] {logging_mixin.py:190} INFO - [2024-11-14T08:15:24.656+0000] {override.py:1900} INFO - Created Permission View: can read on DAG:dataset_s3_bucket_consumer
[2024-11-14T08:15:24.666+0000] {logging_mixin.py:190} INFO - [2024-11-14T08:15:24.665+0000] {override.py:1900} INFO - Created Permission View: can delete on DAG Run:dataset_s3_bucket_consumer
[2024-11-14T08:15:24.674+0000] {logging_mixin.py:190} INFO - [2024-11-14T08:15:24.673+0000] {override.py:1900} INFO - Created Permission View: can read on DAG Run:dataset_s3_bucket_consumer
[2024-11-14T08:15:24.681+0000] {logging_mixin.py:190} INFO - [2024-11-14T08:15:24.681+0000] {override.py:1900} INFO - Created Permission View: can create on DAG Run:dataset_s3_bucket_consumer
[2024-11-14T08:15:24.689+0000] {logging_mixin.py:190} INFO - [2024-11-14T08:15:24.689+0000] {override.py:1900} INFO - Created Permission View: menu access on DAG Run:dataset_s3_bucket_consumer
[2024-11-14T08:15:24.690+0000] {logging_mixin.py:190} INFO - [2024-11-14T08:15:24.690+0000] {dag.py:3239} INFO - Sync 4 DAGs
[2024-11-14T08:15:24.704+0000] {logging_mixin.py:190} INFO - [2024-11-14T08:15:24.704+0000] {dag.py:3262} INFO - Creating ORM DAG for dataset_s3_bucket_consumer
[2024-11-14T08:15:24.705+0000] {logging_mixin.py:190} INFO - [2024-11-14T08:15:24.705+0000] {dag.py:3262} INFO - Creating ORM DAG for dataset_alias_example_alias_consumer
[2024-11-14T08:15:24.706+0000] {logging_mixin.py:190} INFO - [2024-11-14T08:15:24.706+0000] {dag.py:3262} INFO - Creating ORM DAG for dataset_alias_example_alias_producer
[2024-11-14T08:15:24.707+0000] {logging_mixin.py:190} INFO - [2024-11-14T08:15:24.707+0000] {dag.py:3262} INFO - Creating ORM DAG for dataset_s3_bucket_producer
[2024-11-14T08:15:24.718+0000] {logging_mixin.py:190} INFO - [2024-11-14T08:15:24.717+0000] {dag.py:4180} INFO - Setting next_dagrun for dataset_alias_example_alias_consumer to None, run_after=None
[2024-11-14T08:15:24.719+0000] {logging_mixin.py:190} INFO - [2024-11-14T08:15:24.719+0000] {dag.py:4180} INFO - Setting next_dagrun for dataset_alias_example_alias_producer to None, run_after=None
[2024-11-14T08:15:24.720+0000] {logging_mixin.py:190} INFO - [2024-11-14T08:15:24.720+0000] {dag.py:4180} INFO - Setting next_dagrun for dataset_s3_bucket_consumer to None, run_after=None
[2024-11-14T08:15:24.721+0000] {logging_mixin.py:190} INFO - [2024-11-14T08:15:24.721+0000] {dag.py:4180} INFO - Setting next_dagrun for dataset_s3_bucket_producer to None, run_after=None
[2024-11-14T08:15:24.753+0000] {processor.py:208} INFO - Processing /home/airflow/.local/lib/python3.12/site-packages/airflow/example_dags/example_dataset_alias.py took 0.685 seconds
[2024-11-14T08:16:13.866+0000] {processor.py:186} INFO - Started process (PID=88) to work on /home/airflow/.local/lib/python3.12/site-packages/airflow/example_dags/example_dataset_alias.py
[2024-11-14T08:16:13.867+0000] {processor.py:914} INFO - Processing file /home/airflow/.local/lib/python3.12/site-packages/airflow/example_dags/example_dataset_alias.py for tasks to queue
[2024-11-14T08:16:13.870+0000] {logging_mixin.py:190} INFO - [2024-11-14T08:16:13.870+0000] {dagbag.py:588} INFO - Filling up the DagBag from /home/airflow/.local/lib/python3.12/site-packages/airflow/example_dags/example_dataset_alias.py
[2024-11-14T08:16:14.022+0000] {processor.py:925} INFO - DAG(s) 'dataset_s3_bucket_producer', 'dataset_s3_bucket_consumer', 'dataset_alias_example_alias_consumer', 'dataset_alias_example_alias_producer' retrieved from /home/airflow/.local/lib/python3.12/site-packages/airflow/example_dags/example_dataset_alias.py
[2024-11-14T08:16:14.059+0000] {logging_mixin.py:190} INFO - [2024-11-14T08:16:14.059+0000] {dag.py:3239} INFO - Sync 4 DAGs
[2024-11-14T08:16:14.091+0000] {logging_mixin.py:190} INFO - [2024-11-14T08:16:14.090+0000] {dag.py:4180} INFO - Setting next_dagrun for dataset_alias_example_alias_consumer to None, run_after=None
[2024-11-14T08:16:14.096+0000] {logging_mixin.py:190} INFO - [2024-11-14T08:16:14.096+0000] {dag.py:4180} INFO - Setting next_dagrun for dataset_alias_example_alias_producer to None, run_after=None
[2024-11-14T08:16:14.099+0000] {logging_mixin.py:190} INFO - [2024-11-14T08:16:14.098+0000] {dag.py:4180} INFO - Setting next_dagrun for dataset_s3_bucket_consumer to None, run_after=None
[2024-11-14T08:16:14.101+0000] {logging_mixin.py:190} INFO - [2024-11-14T08:16:14.101+0000] {dag.py:4180} INFO - Setting next_dagrun for dataset_s3_bucket_producer to None, run_after=None
[2024-11-14T08:16:14.133+0000] {processor.py:208} INFO - Processing /home/airflow/.local/lib/python3.12/site-packages/airflow/example_dags/example_dataset_alias.py took 0.272 seconds
[2024-11-14T08:16:49.513+0000] {processor.py:186} INFO - Started process (PID=151) to work on /home/airflow/.local/lib/python3.12/site-packages/airflow/example_dags/example_dataset_alias.py
[2024-11-14T08:16:49.514+0000] {processor.py:914} INFO - Processing file /home/airflow/.local/lib/python3.12/site-packages/airflow/example_dags/example_dataset_alias.py for tasks to queue
[2024-11-14T08:16:49.517+0000] {logging_mixin.py:190} INFO - [2024-11-14T08:16:49.517+0000] {dagbag.py:588} INFO - Filling up the DagBag from /home/airflow/.local/lib/python3.12/site-packages/airflow/example_dags/example_dataset_alias.py
[2024-11-14T08:16:49.691+0000] {processor.py:925} INFO - DAG(s) 'dataset_alias_example_alias_producer', 'dataset_s3_bucket_producer', 'dataset_alias_example_alias_consumer', 'dataset_s3_bucket_consumer' retrieved from /home/airflow/.local/lib/python3.12/site-packages/airflow/example_dags/example_dataset_alias.py
[2024-11-14T08:16:49.722+0000] {logging_mixin.py:190} INFO - [2024-11-14T08:16:49.722+0000] {dag.py:3239} INFO - Sync 4 DAGs
[2024-11-14T08:16:49.746+0000] {logging_mixin.py:190} INFO - [2024-11-14T08:16:49.746+0000] {dag.py:4180} INFO - Setting next_dagrun for dataset_alias_example_alias_consumer to None, run_after=None
[2024-11-14T08:16:49.749+0000] {logging_mixin.py:190} INFO - [2024-11-14T08:16:49.749+0000] {dag.py:4180} INFO - Setting next_dagrun for dataset_alias_example_alias_producer to None, run_after=None
[2024-11-14T08:16:49.751+0000] {logging_mixin.py:190} INFO - [2024-11-14T08:16:49.751+0000] {dag.py:4180} INFO - Setting next_dagrun for dataset_s3_bucket_consumer to None, run_after=None
[2024-11-14T08:16:49.753+0000] {logging_mixin.py:190} INFO - [2024-11-14T08:16:49.753+0000] {dag.py:4180} INFO - Setting next_dagrun for dataset_s3_bucket_producer to None, run_after=None
[2024-11-14T08:16:49.778+0000] {processor.py:208} INFO - Processing /home/airflow/.local/lib/python3.12/site-packages/airflow/example_dags/example_dataset_alias.py took 0.271 seconds
[2024-11-14T08:17:20.777+0000] {processor.py:186} INFO - Started process (PID=213) to work on /home/airflow/.local/lib/python3.12/site-packages/airflow/example_dags/example_dataset_alias.py
[2024-11-14T08:17:20.778+0000] {processor.py:914} INFO - Processing file /home/airflow/.local/lib/python3.12/site-packages/airflow/example_dags/example_dataset_alias.py for tasks to queue
[2024-11-14T08:17:20.781+0000] {logging_mixin.py:190} INFO - [2024-11-14T08:17:20.781+0000] {dagbag.py:588} INFO - Filling up the DagBag from /home/airflow/.local/lib/python3.12/site-packages/airflow/example_dags/example_dataset_alias.py
[2024-11-14T08:17:20.930+0000] {processor.py:925} INFO - DAG(s) 'dataset_s3_bucket_producer', 'dataset_s3_bucket_consumer', 'dataset_alias_example_alias_consumer', 'dataset_alias_example_alias_producer' retrieved from /home/airflow/.local/lib/python3.12/site-packages/airflow/example_dags/example_dataset_alias.py
[2024-11-14T08:17:20.955+0000] {logging_mixin.py:190} INFO - [2024-11-14T08:17:20.954+0000] {dag.py:3239} INFO - Sync 4 DAGs
[2024-11-14T08:17:20.980+0000] {logging_mixin.py:190} INFO - [2024-11-14T08:17:20.979+0000] {dag.py:4180} INFO - Setting next_dagrun for dataset_alias_example_alias_consumer to None, run_after=None
[2024-11-14T08:17:20.983+0000] {logging_mixin.py:190} INFO - [2024-11-14T08:17:20.983+0000] {dag.py:4180} INFO - Setting next_dagrun for dataset_alias_example_alias_producer to None, run_after=None
[2024-11-14T08:17:20.986+0000] {logging_mixin.py:190} INFO - [2024-11-14T08:17:20.985+0000] {dag.py:4180} INFO - Setting next_dagrun for dataset_s3_bucket_consumer to None, run_after=None
[2024-11-14T08:17:20.988+0000] {logging_mixin.py:190} INFO - [2024-11-14T08:17:20.988+0000] {dag.py:4180} INFO - Setting next_dagrun for dataset_s3_bucket_producer to None, run_after=None
[2024-11-14T08:17:21.016+0000] {processor.py:208} INFO - Processing /home/airflow/.local/lib/python3.12/site-packages/airflow/example_dags/example_dataset_alias.py took 0.244 seconds
[2024-11-14T08:17:56.447+0000] {processor.py:186} INFO - Started process (PID=275) to work on /home/airflow/.local/lib/python3.12/site-packages/airflow/example_dags/example_dataset_alias.py
[2024-11-14T08:17:56.449+0000] {processor.py:914} INFO - Processing file /home/airflow/.local/lib/python3.12/site-packages/airflow/example_dags/example_dataset_alias.py for tasks to queue
[2024-11-14T08:17:56.452+0000] {logging_mixin.py:190} INFO - [2024-11-14T08:17:56.452+0000] {dagbag.py:588} INFO - Filling up the DagBag from /home/airflow/.local/lib/python3.12/site-packages/airflow/example_dags/example_dataset_alias.py
[2024-11-14T08:17:56.638+0000] {processor.py:925} INFO - DAG(s) 'dataset_alias_example_alias_consumer', 'dataset_s3_bucket_consumer', 'dataset_alias_example_alias_producer', 'dataset_s3_bucket_producer' retrieved from /home/airflow/.local/lib/python3.12/site-packages/airflow/example_dags/example_dataset_alias.py
[2024-11-14T08:17:56.665+0000] {logging_mixin.py:190} INFO - [2024-11-14T08:17:56.665+0000] {dag.py:3239} INFO - Sync 4 DAGs
[2024-11-14T08:17:56.706+0000] {logging_mixin.py:190} INFO - [2024-11-14T08:17:56.705+0000] {dag.py:4180} INFO - Setting next_dagrun for dataset_alias_example_alias_consumer to None, run_after=None
[2024-11-14T08:17:56.712+0000] {logging_mixin.py:190} INFO - [2024-11-14T08:17:56.711+0000] {dag.py:4180} INFO - Setting next_dagrun for dataset_alias_example_alias_producer to None, run_after=None
[2024-11-14T08:17:56.714+0000] {logging_mixin.py:190} INFO - [2024-11-14T08:17:56.714+0000] {dag.py:4180} INFO - Setting next_dagrun for dataset_s3_bucket_consumer to None, run_after=None
[2024-11-14T08:17:56.717+0000] {logging_mixin.py:190} INFO - [2024-11-14T08:17:56.716+0000] {dag.py:4180} INFO - Setting next_dagrun for dataset_s3_bucket_producer to None, run_after=None
[2024-11-14T08:17:56.745+0000] {processor.py:208} INFO - Processing /home/airflow/.local/lib/python3.12/site-packages/airflow/example_dags/example_dataset_alias.py took 0.306 seconds
[2024-11-14T08:18:27.145+0000] {processor.py:186} INFO - Started process (PID=337) to work on /home/airflow/.local/lib/python3.12/site-packages/airflow/example_dags/example_dataset_alias.py
[2024-11-14T08:18:27.146+0000] {processor.py:914} INFO - Processing file /home/airflow/.local/lib/python3.12/site-packages/airflow/example_dags/example_dataset_alias.py for tasks to queue
[2024-11-14T08:18:27.149+0000] {logging_mixin.py:190} INFO - [2024-11-14T08:18:27.149+0000] {dagbag.py:588} INFO - Filling up the DagBag from /home/airflow/.local/lib/python3.12/site-packages/airflow/example_dags/example_dataset_alias.py
[2024-11-14T08:18:27.343+0000] {processor.py:925} INFO - DAG(s) 'dataset_s3_bucket_producer', 'dataset_alias_example_alias_producer', 'dataset_s3_bucket_consumer', 'dataset_alias_example_alias_consumer' retrieved from /home/airflow/.local/lib/python3.12/site-packages/airflow/example_dags/example_dataset_alias.py
[2024-11-14T08:18:27.371+0000] {logging_mixin.py:190} INFO - [2024-11-14T08:18:27.371+0000] {dag.py:3239} INFO - Sync 4 DAGs
[2024-11-14T08:18:27.399+0000] {logging_mixin.py:190} INFO - [2024-11-14T08:18:27.399+0000] {dag.py:4180} INFO - Setting next_dagrun for dataset_alias_example_alias_consumer to None, run_after=None
[2024-11-14T08:18:27.403+0000] {logging_mixin.py:190} INFO - [2024-11-14T08:18:27.402+0000] {dag.py:4180} INFO - Setting next_dagrun for dataset_alias_example_alias_producer to None, run_after=None
[2024-11-14T08:18:27.405+0000] {logging_mixin.py:190} INFO - [2024-11-14T08:18:27.405+0000] {dag.py:4180} INFO - Setting next_dagrun for dataset_s3_bucket_consumer to None, run_after=None
[2024-11-14T08:18:27.406+0000] {logging_mixin.py:190} INFO - [2024-11-14T08:18:27.406+0000] {dag.py:4180} INFO - Setting next_dagrun for dataset_s3_bucket_producer to None, run_after=None
[2024-11-14T08:18:27.431+0000] {processor.py:208} INFO - Processing /home/airflow/.local/lib/python3.12/site-packages/airflow/example_dags/example_dataset_alias.py took 0.295 seconds
