[2024-11-14T07:29:56.814+0000] {processor.py:186} INFO - Started process (PID=982) to work on /home/airflow/.local/lib/python3.12/site-packages/airflow/example_dags/example_sensors.py
[2024-11-14T07:29:56.816+0000] {processor.py:914} INFO - Processing file /home/airflow/.local/lib/python3.12/site-packages/airflow/example_dags/example_sensors.py for tasks to queue
[2024-11-14T07:29:56.819+0000] {logging_mixin.py:190} INFO - [2024-11-14T07:29:56.818+0000] {dagbag.py:588} INFO - Filling up the DagBag from /home/airflow/.local/lib/python3.12/site-packages/airflow/example_dags/example_sensors.py
[2024-11-14T07:29:56.833+0000] {processor.py:925} INFO - DAG(s) 'example_sensors' retrieved from /home/airflow/.local/lib/python3.12/site-packages/airflow/example_dags/example_sensors.py
[2024-11-14T07:29:56.878+0000] {logging_mixin.py:190} INFO - [2024-11-14T07:29:56.877+0000] {dag.py:3239} INFO - Sync 1 DAGs
[2024-11-14T07:29:56.898+0000] {logging_mixin.py:190} INFO - [2024-11-14T07:29:56.898+0000] {dag.py:4180} INFO - Setting next_dagrun for example_sensors to None, run_after=None
[2024-11-14T07:29:56.926+0000] {processor.py:208} INFO - Processing /home/airflow/.local/lib/python3.12/site-packages/airflow/example_dags/example_sensors.py took 0.118 seconds
[2024-11-14T07:30:27.894+0000] {processor.py:186} INFO - Started process (PID=1044) to work on /home/airflow/.local/lib/python3.12/site-packages/airflow/example_dags/example_sensors.py
[2024-11-14T07:30:27.896+0000] {processor.py:914} INFO - Processing file /home/airflow/.local/lib/python3.12/site-packages/airflow/example_dags/example_sensors.py for tasks to queue
[2024-11-14T07:30:27.899+0000] {logging_mixin.py:190} INFO - [2024-11-14T07:30:27.899+0000] {dagbag.py:588} INFO - Filling up the DagBag from /home/airflow/.local/lib/python3.12/site-packages/airflow/example_dags/example_sensors.py
[2024-11-14T07:30:27.912+0000] {processor.py:925} INFO - DAG(s) 'example_sensors' retrieved from /home/airflow/.local/lib/python3.12/site-packages/airflow/example_dags/example_sensors.py
[2024-11-14T07:30:27.943+0000] {logging_mixin.py:190} INFO - [2024-11-14T07:30:27.942+0000] {dag.py:3239} INFO - Sync 1 DAGs
[2024-11-14T07:30:27.965+0000] {logging_mixin.py:190} INFO - [2024-11-14T07:30:27.965+0000] {dag.py:4180} INFO - Setting next_dagrun for example_sensors to None, run_after=None
[2024-11-14T07:30:27.989+0000] {processor.py:208} INFO - Processing /home/airflow/.local/lib/python3.12/site-packages/airflow/example_dags/example_sensors.py took 0.102 seconds
[2024-11-14T07:30:58.679+0000] {processor.py:186} INFO - Started process (PID=1106) to work on /home/airflow/.local/lib/python3.12/site-packages/airflow/example_dags/example_sensors.py
[2024-11-14T07:30:58.680+0000] {processor.py:914} INFO - Processing file /home/airflow/.local/lib/python3.12/site-packages/airflow/example_dags/example_sensors.py for tasks to queue
[2024-11-14T07:30:58.683+0000] {logging_mixin.py:190} INFO - [2024-11-14T07:30:58.682+0000] {dagbag.py:588} INFO - Filling up the DagBag from /home/airflow/.local/lib/python3.12/site-packages/airflow/example_dags/example_sensors.py
[2024-11-14T07:30:58.695+0000] {processor.py:925} INFO - DAG(s) 'example_sensors' retrieved from /home/airflow/.local/lib/python3.12/site-packages/airflow/example_dags/example_sensors.py
[2024-11-14T07:30:58.729+0000] {logging_mixin.py:190} INFO - [2024-11-14T07:30:58.729+0000] {dag.py:3239} INFO - Sync 1 DAGs
[2024-11-14T07:30:58.746+0000] {logging_mixin.py:190} INFO - [2024-11-14T07:30:58.746+0000] {dag.py:4180} INFO - Setting next_dagrun for example_sensors to None, run_after=None
[2024-11-14T07:30:58.772+0000] {processor.py:208} INFO - Processing /home/airflow/.local/lib/python3.12/site-packages/airflow/example_dags/example_sensors.py took 0.100 seconds
[2024-11-14T07:42:07.228+0000] {processor.py:186} INFO - Started process (PID=121) to work on /home/airflow/.local/lib/python3.12/site-packages/airflow/example_dags/example_sensors.py
[2024-11-14T07:42:07.230+0000] {processor.py:914} INFO - Processing file /home/airflow/.local/lib/python3.12/site-packages/airflow/example_dags/example_sensors.py for tasks to queue
[2024-11-14T07:42:07.233+0000] {logging_mixin.py:190} INFO - [2024-11-14T07:42:07.233+0000] {dagbag.py:588} INFO - Filling up the DagBag from /home/airflow/.local/lib/python3.12/site-packages/airflow/example_dags/example_sensors.py
[2024-11-14T07:42:07.246+0000] {processor.py:925} INFO - DAG(s) 'example_sensors' retrieved from /home/airflow/.local/lib/python3.12/site-packages/airflow/example_dags/example_sensors.py
[2024-11-14T07:42:07.275+0000] {logging_mixin.py:190} INFO - [2024-11-14T07:42:07.275+0000] {dag.py:3239} INFO - Sync 1 DAGs
[2024-11-14T07:42:07.289+0000] {logging_mixin.py:190} INFO - [2024-11-14T07:42:07.289+0000] {dag.py:4180} INFO - Setting next_dagrun for example_sensors to None, run_after=None
[2024-11-14T07:42:07.314+0000] {processor.py:208} INFO - Processing /home/airflow/.local/lib/python3.12/site-packages/airflow/example_dags/example_sensors.py took 0.092 seconds
[2024-11-14T07:42:38.220+0000] {processor.py:186} INFO - Started process (PID=183) to work on /home/airflow/.local/lib/python3.12/site-packages/airflow/example_dags/example_sensors.py
[2024-11-14T07:42:38.222+0000] {processor.py:914} INFO - Processing file /home/airflow/.local/lib/python3.12/site-packages/airflow/example_dags/example_sensors.py for tasks to queue
[2024-11-14T07:42:38.224+0000] {logging_mixin.py:190} INFO - [2024-11-14T07:42:38.224+0000] {dagbag.py:588} INFO - Filling up the DagBag from /home/airflow/.local/lib/python3.12/site-packages/airflow/example_dags/example_sensors.py
[2024-11-14T07:42:38.235+0000] {processor.py:925} INFO - DAG(s) 'example_sensors' retrieved from /home/airflow/.local/lib/python3.12/site-packages/airflow/example_dags/example_sensors.py
[2024-11-14T07:42:38.265+0000] {logging_mixin.py:190} INFO - [2024-11-14T07:42:38.264+0000] {dag.py:3239} INFO - Sync 1 DAGs
[2024-11-14T07:42:38.282+0000] {logging_mixin.py:190} INFO - [2024-11-14T07:42:38.282+0000] {dag.py:4180} INFO - Setting next_dagrun for example_sensors to None, run_after=None
[2024-11-14T07:42:38.308+0000] {processor.py:208} INFO - Processing /home/airflow/.local/lib/python3.12/site-packages/airflow/example_dags/example_sensors.py took 0.094 seconds
[2024-11-14T07:49:37.950+0000] {processor.py:186} INFO - Started process (PID=154) to work on /home/airflow/.local/lib/python3.12/site-packages/airflow/example_dags/example_sensors.py
[2024-11-14T07:49:37.952+0000] {processor.py:914} INFO - Processing file /home/airflow/.local/lib/python3.12/site-packages/airflow/example_dags/example_sensors.py for tasks to queue
[2024-11-14T07:49:37.954+0000] {logging_mixin.py:190} INFO - [2024-11-14T07:49:37.954+0000] {dagbag.py:588} INFO - Filling up the DagBag from /home/airflow/.local/lib/python3.12/site-packages/airflow/example_dags/example_sensors.py
[2024-11-14T07:49:37.969+0000] {processor.py:925} INFO - DAG(s) 'example_sensors' retrieved from /home/airflow/.local/lib/python3.12/site-packages/airflow/example_dags/example_sensors.py
[2024-11-14T07:49:38.001+0000] {logging_mixin.py:190} INFO - [2024-11-14T07:49:38.000+0000] {dag.py:3239} INFO - Sync 1 DAGs
[2024-11-14T07:49:38.017+0000] {logging_mixin.py:190} INFO - [2024-11-14T07:49:38.016+0000] {dag.py:4180} INFO - Setting next_dagrun for example_sensors to None, run_after=None
[2024-11-14T07:49:38.038+0000] {processor.py:208} INFO - Processing /home/airflow/.local/lib/python3.12/site-packages/airflow/example_dags/example_sensors.py took 0.095 seconds
[2024-11-14T07:50:08.536+0000] {processor.py:186} INFO - Started process (PID=216) to work on /home/airflow/.local/lib/python3.12/site-packages/airflow/example_dags/example_sensors.py
[2024-11-14T07:50:08.538+0000] {processor.py:914} INFO - Processing file /home/airflow/.local/lib/python3.12/site-packages/airflow/example_dags/example_sensors.py for tasks to queue
[2024-11-14T07:50:08.540+0000] {logging_mixin.py:190} INFO - [2024-11-14T07:50:08.540+0000] {dagbag.py:588} INFO - Filling up the DagBag from /home/airflow/.local/lib/python3.12/site-packages/airflow/example_dags/example_sensors.py
[2024-11-14T07:50:08.549+0000] {processor.py:925} INFO - DAG(s) 'example_sensors' retrieved from /home/airflow/.local/lib/python3.12/site-packages/airflow/example_dags/example_sensors.py
[2024-11-14T07:50:08.574+0000] {logging_mixin.py:190} INFO - [2024-11-14T07:50:08.574+0000] {dag.py:3239} INFO - Sync 1 DAGs
[2024-11-14T07:50:08.592+0000] {logging_mixin.py:190} INFO - [2024-11-14T07:50:08.591+0000] {dag.py:4180} INFO - Setting next_dagrun for example_sensors to None, run_after=None
[2024-11-14T07:50:08.611+0000] {processor.py:208} INFO - Processing /home/airflow/.local/lib/python3.12/site-packages/airflow/example_dags/example_sensors.py took 0.080 seconds
[2024-11-14T07:50:39.463+0000] {processor.py:186} INFO - Started process (PID=278) to work on /home/airflow/.local/lib/python3.12/site-packages/airflow/example_dags/example_sensors.py
[2024-11-14T07:50:39.465+0000] {processor.py:914} INFO - Processing file /home/airflow/.local/lib/python3.12/site-packages/airflow/example_dags/example_sensors.py for tasks to queue
[2024-11-14T07:50:39.467+0000] {logging_mixin.py:190} INFO - [2024-11-14T07:50:39.467+0000] {dagbag.py:588} INFO - Filling up the DagBag from /home/airflow/.local/lib/python3.12/site-packages/airflow/example_dags/example_sensors.py
[2024-11-14T07:50:39.479+0000] {processor.py:925} INFO - DAG(s) 'example_sensors' retrieved from /home/airflow/.local/lib/python3.12/site-packages/airflow/example_dags/example_sensors.py
[2024-11-14T07:50:39.507+0000] {logging_mixin.py:190} INFO - [2024-11-14T07:50:39.507+0000] {dag.py:3239} INFO - Sync 1 DAGs
[2024-11-14T07:50:39.524+0000] {logging_mixin.py:190} INFO - [2024-11-14T07:50:39.524+0000] {dag.py:4180} INFO - Setting next_dagrun for example_sensors to None, run_after=None
[2024-11-14T07:50:39.548+0000] {processor.py:208} INFO - Processing /home/airflow/.local/lib/python3.12/site-packages/airflow/example_dags/example_sensors.py took 0.091 seconds
[2024-11-14T07:51:10.436+0000] {processor.py:186} INFO - Started process (PID=340) to work on /home/airflow/.local/lib/python3.12/site-packages/airflow/example_dags/example_sensors.py
[2024-11-14T07:51:10.437+0000] {processor.py:914} INFO - Processing file /home/airflow/.local/lib/python3.12/site-packages/airflow/example_dags/example_sensors.py for tasks to queue
[2024-11-14T07:51:10.440+0000] {logging_mixin.py:190} INFO - [2024-11-14T07:51:10.440+0000] {dagbag.py:588} INFO - Filling up the DagBag from /home/airflow/.local/lib/python3.12/site-packages/airflow/example_dags/example_sensors.py
[2024-11-14T07:51:10.452+0000] {processor.py:925} INFO - DAG(s) 'example_sensors' retrieved from /home/airflow/.local/lib/python3.12/site-packages/airflow/example_dags/example_sensors.py
[2024-11-14T07:51:10.483+0000] {logging_mixin.py:190} INFO - [2024-11-14T07:51:10.483+0000] {dag.py:3239} INFO - Sync 1 DAGs
[2024-11-14T07:51:10.502+0000] {logging_mixin.py:190} INFO - [2024-11-14T07:51:10.501+0000] {dag.py:4180} INFO - Setting next_dagrun for example_sensors to None, run_after=None
[2024-11-14T07:51:10.525+0000] {processor.py:208} INFO - Processing /home/airflow/.local/lib/python3.12/site-packages/airflow/example_dags/example_sensors.py took 0.096 seconds
[2024-11-14T07:51:41.473+0000] {processor.py:186} INFO - Started process (PID=402) to work on /home/airflow/.local/lib/python3.12/site-packages/airflow/example_dags/example_sensors.py
[2024-11-14T07:51:41.474+0000] {processor.py:914} INFO - Processing file /home/airflow/.local/lib/python3.12/site-packages/airflow/example_dags/example_sensors.py for tasks to queue
[2024-11-14T07:51:41.477+0000] {logging_mixin.py:190} INFO - [2024-11-14T07:51:41.476+0000] {dagbag.py:588} INFO - Filling up the DagBag from /home/airflow/.local/lib/python3.12/site-packages/airflow/example_dags/example_sensors.py
[2024-11-14T07:51:41.488+0000] {processor.py:925} INFO - DAG(s) 'example_sensors' retrieved from /home/airflow/.local/lib/python3.12/site-packages/airflow/example_dags/example_sensors.py
[2024-11-14T07:51:41.519+0000] {logging_mixin.py:190} INFO - [2024-11-14T07:51:41.518+0000] {dag.py:3239} INFO - Sync 1 DAGs
[2024-11-14T07:51:41.534+0000] {logging_mixin.py:190} INFO - [2024-11-14T07:51:41.534+0000] {dag.py:4180} INFO - Setting next_dagrun for example_sensors to None, run_after=None
[2024-11-14T07:51:41.562+0000] {processor.py:208} INFO - Processing /home/airflow/.local/lib/python3.12/site-packages/airflow/example_dags/example_sensors.py took 0.097 seconds
[2024-11-14T07:52:11.678+0000] {processor.py:186} INFO - Started process (PID=465) to work on /home/airflow/.local/lib/python3.12/site-packages/airflow/example_dags/example_sensors.py
[2024-11-14T07:52:11.680+0000] {processor.py:914} INFO - Processing file /home/airflow/.local/lib/python3.12/site-packages/airflow/example_dags/example_sensors.py for tasks to queue
[2024-11-14T07:52:11.682+0000] {logging_mixin.py:190} INFO - [2024-11-14T07:52:11.682+0000] {dagbag.py:588} INFO - Filling up the DagBag from /home/airflow/.local/lib/python3.12/site-packages/airflow/example_dags/example_sensors.py
[2024-11-14T07:52:11.695+0000] {processor.py:925} INFO - DAG(s) 'example_sensors' retrieved from /home/airflow/.local/lib/python3.12/site-packages/airflow/example_dags/example_sensors.py
[2024-11-14T07:52:11.723+0000] {logging_mixin.py:190} INFO - [2024-11-14T07:52:11.723+0000] {dag.py:3239} INFO - Sync 1 DAGs
[2024-11-14T07:52:11.740+0000] {logging_mixin.py:190} INFO - [2024-11-14T07:52:11.740+0000] {dag.py:4180} INFO - Setting next_dagrun for example_sensors to None, run_after=None
[2024-11-14T07:52:11.770+0000] {processor.py:208} INFO - Processing /home/airflow/.local/lib/python3.12/site-packages/airflow/example_dags/example_sensors.py took 0.097 seconds
[2024-11-14T07:52:42.770+0000] {processor.py:186} INFO - Started process (PID=532) to work on /home/airflow/.local/lib/python3.12/site-packages/airflow/example_dags/example_sensors.py
[2024-11-14T07:52:42.771+0000] {processor.py:914} INFO - Processing file /home/airflow/.local/lib/python3.12/site-packages/airflow/example_dags/example_sensors.py for tasks to queue
[2024-11-14T07:52:42.774+0000] {logging_mixin.py:190} INFO - [2024-11-14T07:52:42.773+0000] {dagbag.py:588} INFO - Filling up the DagBag from /home/airflow/.local/lib/python3.12/site-packages/airflow/example_dags/example_sensors.py
[2024-11-14T07:52:42.785+0000] {processor.py:925} INFO - DAG(s) 'example_sensors' retrieved from /home/airflow/.local/lib/python3.12/site-packages/airflow/example_dags/example_sensors.py
[2024-11-14T07:52:42.814+0000] {logging_mixin.py:190} INFO - [2024-11-14T07:52:42.814+0000] {dag.py:3239} INFO - Sync 1 DAGs
[2024-11-14T07:52:42.833+0000] {logging_mixin.py:190} INFO - [2024-11-14T07:52:42.833+0000] {dag.py:4180} INFO - Setting next_dagrun for example_sensors to None, run_after=None
[2024-11-14T07:52:42.856+0000] {processor.py:208} INFO - Processing /home/airflow/.local/lib/python3.12/site-packages/airflow/example_dags/example_sensors.py took 0.093 seconds
[2024-11-14T07:53:13.341+0000] {processor.py:186} INFO - Started process (PID=594) to work on /home/airflow/.local/lib/python3.12/site-packages/airflow/example_dags/example_sensors.py
[2024-11-14T07:53:13.343+0000] {processor.py:914} INFO - Processing file /home/airflow/.local/lib/python3.12/site-packages/airflow/example_dags/example_sensors.py for tasks to queue
[2024-11-14T07:53:13.347+0000] {logging_mixin.py:190} INFO - [2024-11-14T07:53:13.346+0000] {dagbag.py:588} INFO - Filling up the DagBag from /home/airflow/.local/lib/python3.12/site-packages/airflow/example_dags/example_sensors.py
[2024-11-14T07:53:13.362+0000] {processor.py:925} INFO - DAG(s) 'example_sensors' retrieved from /home/airflow/.local/lib/python3.12/site-packages/airflow/example_dags/example_sensors.py
[2024-11-14T07:53:13.397+0000] {logging_mixin.py:190} INFO - [2024-11-14T07:53:13.397+0000] {dag.py:3239} INFO - Sync 1 DAGs
[2024-11-14T07:53:13.419+0000] {logging_mixin.py:190} INFO - [2024-11-14T07:53:13.418+0000] {dag.py:4180} INFO - Setting next_dagrun for example_sensors to None, run_after=None
[2024-11-14T07:53:13.450+0000] {processor.py:208} INFO - Processing /home/airflow/.local/lib/python3.12/site-packages/airflow/example_dags/example_sensors.py took 0.118 seconds
[2024-11-14T07:53:44.213+0000] {processor.py:186} INFO - Started process (PID=656) to work on /home/airflow/.local/lib/python3.12/site-packages/airflow/example_dags/example_sensors.py
[2024-11-14T07:53:44.214+0000] {processor.py:914} INFO - Processing file /home/airflow/.local/lib/python3.12/site-packages/airflow/example_dags/example_sensors.py for tasks to queue
[2024-11-14T07:53:44.218+0000] {logging_mixin.py:190} INFO - [2024-11-14T07:53:44.218+0000] {dagbag.py:588} INFO - Filling up the DagBag from /home/airflow/.local/lib/python3.12/site-packages/airflow/example_dags/example_sensors.py
[2024-11-14T07:53:44.230+0000] {processor.py:925} INFO - DAG(s) 'example_sensors' retrieved from /home/airflow/.local/lib/python3.12/site-packages/airflow/example_dags/example_sensors.py
[2024-11-14T07:53:44.259+0000] {logging_mixin.py:190} INFO - [2024-11-14T07:53:44.258+0000] {dag.py:3239} INFO - Sync 1 DAGs
[2024-11-14T07:53:44.274+0000] {logging_mixin.py:190} INFO - [2024-11-14T07:53:44.274+0000] {dag.py:4180} INFO - Setting next_dagrun for example_sensors to None, run_after=None
[2024-11-14T07:53:44.297+0000] {processor.py:208} INFO - Processing /home/airflow/.local/lib/python3.12/site-packages/airflow/example_dags/example_sensors.py took 0.092 seconds
[2024-11-14T07:54:14.932+0000] {processor.py:186} INFO - Started process (PID=718) to work on /home/airflow/.local/lib/python3.12/site-packages/airflow/example_dags/example_sensors.py
[2024-11-14T07:54:14.933+0000] {processor.py:914} INFO - Processing file /home/airflow/.local/lib/python3.12/site-packages/airflow/example_dags/example_sensors.py for tasks to queue
[2024-11-14T07:54:14.936+0000] {logging_mixin.py:190} INFO - [2024-11-14T07:54:14.936+0000] {dagbag.py:588} INFO - Filling up the DagBag from /home/airflow/.local/lib/python3.12/site-packages/airflow/example_dags/example_sensors.py
[2024-11-14T07:54:14.947+0000] {processor.py:925} INFO - DAG(s) 'example_sensors' retrieved from /home/airflow/.local/lib/python3.12/site-packages/airflow/example_dags/example_sensors.py
[2024-11-14T07:54:14.978+0000] {logging_mixin.py:190} INFO - [2024-11-14T07:54:14.978+0000] {dag.py:3239} INFO - Sync 1 DAGs
[2024-11-14T07:54:14.995+0000] {logging_mixin.py:190} INFO - [2024-11-14T07:54:14.994+0000] {dag.py:4180} INFO - Setting next_dagrun for example_sensors to None, run_after=None
[2024-11-14T07:54:15.024+0000] {processor.py:208} INFO - Processing /home/airflow/.local/lib/python3.12/site-packages/airflow/example_dags/example_sensors.py took 0.098 seconds
[2024-11-14T07:54:45.490+0000] {processor.py:186} INFO - Started process (PID=780) to work on /home/airflow/.local/lib/python3.12/site-packages/airflow/example_dags/example_sensors.py
[2024-11-14T07:54:45.491+0000] {processor.py:914} INFO - Processing file /home/airflow/.local/lib/python3.12/site-packages/airflow/example_dags/example_sensors.py for tasks to queue
[2024-11-14T07:54:45.494+0000] {logging_mixin.py:190} INFO - [2024-11-14T07:54:45.494+0000] {dagbag.py:588} INFO - Filling up the DagBag from /home/airflow/.local/lib/python3.12/site-packages/airflow/example_dags/example_sensors.py
[2024-11-14T07:54:45.505+0000] {processor.py:925} INFO - DAG(s) 'example_sensors' retrieved from /home/airflow/.local/lib/python3.12/site-packages/airflow/example_dags/example_sensors.py
[2024-11-14T07:54:45.533+0000] {logging_mixin.py:190} INFO - [2024-11-14T07:54:45.533+0000] {dag.py:3239} INFO - Sync 1 DAGs
[2024-11-14T07:54:45.548+0000] {logging_mixin.py:190} INFO - [2024-11-14T07:54:45.547+0000] {dag.py:4180} INFO - Setting next_dagrun for example_sensors to None, run_after=None
[2024-11-14T07:54:45.572+0000] {processor.py:208} INFO - Processing /home/airflow/.local/lib/python3.12/site-packages/airflow/example_dags/example_sensors.py took 0.088 seconds
[2024-11-14T07:55:16.130+0000] {processor.py:186} INFO - Started process (PID=842) to work on /home/airflow/.local/lib/python3.12/site-packages/airflow/example_dags/example_sensors.py
[2024-11-14T07:55:16.132+0000] {processor.py:914} INFO - Processing file /home/airflow/.local/lib/python3.12/site-packages/airflow/example_dags/example_sensors.py for tasks to queue
[2024-11-14T07:55:16.135+0000] {logging_mixin.py:190} INFO - [2024-11-14T07:55:16.134+0000] {dagbag.py:588} INFO - Filling up the DagBag from /home/airflow/.local/lib/python3.12/site-packages/airflow/example_dags/example_sensors.py
[2024-11-14T07:55:16.148+0000] {processor.py:925} INFO - DAG(s) 'example_sensors' retrieved from /home/airflow/.local/lib/python3.12/site-packages/airflow/example_dags/example_sensors.py
[2024-11-14T07:55:16.177+0000] {logging_mixin.py:190} INFO - [2024-11-14T07:55:16.177+0000] {dag.py:3239} INFO - Sync 1 DAGs
[2024-11-14T07:55:16.193+0000] {logging_mixin.py:190} INFO - [2024-11-14T07:55:16.192+0000] {dag.py:4180} INFO - Setting next_dagrun for example_sensors to None, run_after=None
[2024-11-14T07:55:16.217+0000] {processor.py:208} INFO - Processing /home/airflow/.local/lib/python3.12/site-packages/airflow/example_dags/example_sensors.py took 0.093 seconds
[2024-11-14T07:55:46.874+0000] {processor.py:186} INFO - Started process (PID=904) to work on /home/airflow/.local/lib/python3.12/site-packages/airflow/example_dags/example_sensors.py
[2024-11-14T07:55:46.876+0000] {processor.py:914} INFO - Processing file /home/airflow/.local/lib/python3.12/site-packages/airflow/example_dags/example_sensors.py for tasks to queue
[2024-11-14T07:55:46.879+0000] {logging_mixin.py:190} INFO - [2024-11-14T07:55:46.878+0000] {dagbag.py:588} INFO - Filling up the DagBag from /home/airflow/.local/lib/python3.12/site-packages/airflow/example_dags/example_sensors.py
[2024-11-14T07:55:46.892+0000] {processor.py:925} INFO - DAG(s) 'example_sensors' retrieved from /home/airflow/.local/lib/python3.12/site-packages/airflow/example_dags/example_sensors.py
[2024-11-14T07:55:46.920+0000] {logging_mixin.py:190} INFO - [2024-11-14T07:55:46.920+0000] {dag.py:3239} INFO - Sync 1 DAGs
[2024-11-14T07:55:46.941+0000] {logging_mixin.py:190} INFO - [2024-11-14T07:55:46.940+0000] {dag.py:4180} INFO - Setting next_dagrun for example_sensors to None, run_after=None
[2024-11-14T07:55:46.967+0000] {processor.py:208} INFO - Processing /home/airflow/.local/lib/python3.12/site-packages/airflow/example_dags/example_sensors.py took 0.099 seconds
[2024-11-14T07:56:17.276+0000] {processor.py:186} INFO - Started process (PID=965) to work on /home/airflow/.local/lib/python3.12/site-packages/airflow/example_dags/example_sensors.py
[2024-11-14T07:56:17.277+0000] {processor.py:914} INFO - Processing file /home/airflow/.local/lib/python3.12/site-packages/airflow/example_dags/example_sensors.py for tasks to queue
[2024-11-14T07:56:17.280+0000] {logging_mixin.py:190} INFO - [2024-11-14T07:56:17.280+0000] {dagbag.py:588} INFO - Filling up the DagBag from /home/airflow/.local/lib/python3.12/site-packages/airflow/example_dags/example_sensors.py
[2024-11-14T07:56:17.293+0000] {processor.py:925} INFO - DAG(s) 'example_sensors' retrieved from /home/airflow/.local/lib/python3.12/site-packages/airflow/example_dags/example_sensors.py
[2024-11-14T07:56:17.319+0000] {logging_mixin.py:190} INFO - [2024-11-14T07:56:17.319+0000] {dag.py:3239} INFO - Sync 1 DAGs
[2024-11-14T07:56:17.333+0000] {logging_mixin.py:190} INFO - [2024-11-14T07:56:17.333+0000] {dag.py:4180} INFO - Setting next_dagrun for example_sensors to None, run_after=None
[2024-11-14T07:56:17.359+0000] {processor.py:208} INFO - Processing /home/airflow/.local/lib/python3.12/site-packages/airflow/example_dags/example_sensors.py took 0.090 seconds
[2024-11-14T07:56:47.804+0000] {processor.py:186} INFO - Started process (PID=1027) to work on /home/airflow/.local/lib/python3.12/site-packages/airflow/example_dags/example_sensors.py
[2024-11-14T07:56:47.806+0000] {processor.py:914} INFO - Processing file /home/airflow/.local/lib/python3.12/site-packages/airflow/example_dags/example_sensors.py for tasks to queue
[2024-11-14T07:56:47.809+0000] {logging_mixin.py:190} INFO - [2024-11-14T07:56:47.809+0000] {dagbag.py:588} INFO - Filling up the DagBag from /home/airflow/.local/lib/python3.12/site-packages/airflow/example_dags/example_sensors.py
[2024-11-14T07:56:47.823+0000] {processor.py:925} INFO - DAG(s) 'example_sensors' retrieved from /home/airflow/.local/lib/python3.12/site-packages/airflow/example_dags/example_sensors.py
[2024-11-14T07:56:47.854+0000] {logging_mixin.py:190} INFO - [2024-11-14T07:56:47.853+0000] {dag.py:3239} INFO - Sync 1 DAGs
[2024-11-14T07:56:47.870+0000] {logging_mixin.py:190} INFO - [2024-11-14T07:56:47.869+0000] {dag.py:4180} INFO - Setting next_dagrun for example_sensors to None, run_after=None
[2024-11-14T07:56:47.897+0000] {processor.py:208} INFO - Processing /home/airflow/.local/lib/python3.12/site-packages/airflow/example_dags/example_sensors.py took 0.101 seconds
[2024-11-14T07:57:18.351+0000] {processor.py:186} INFO - Started process (PID=1089) to work on /home/airflow/.local/lib/python3.12/site-packages/airflow/example_dags/example_sensors.py
[2024-11-14T07:57:18.352+0000] {processor.py:914} INFO - Processing file /home/airflow/.local/lib/python3.12/site-packages/airflow/example_dags/example_sensors.py for tasks to queue
[2024-11-14T07:57:18.354+0000] {logging_mixin.py:190} INFO - [2024-11-14T07:57:18.354+0000] {dagbag.py:588} INFO - Filling up the DagBag from /home/airflow/.local/lib/python3.12/site-packages/airflow/example_dags/example_sensors.py
[2024-11-14T07:57:18.364+0000] {processor.py:925} INFO - DAG(s) 'example_sensors' retrieved from /home/airflow/.local/lib/python3.12/site-packages/airflow/example_dags/example_sensors.py
[2024-11-14T07:57:18.386+0000] {logging_mixin.py:190} INFO - [2024-11-14T07:57:18.386+0000] {dag.py:3239} INFO - Sync 1 DAGs
[2024-11-14T07:57:18.398+0000] {logging_mixin.py:190} INFO - [2024-11-14T07:57:18.398+0000] {dag.py:4180} INFO - Setting next_dagrun for example_sensors to None, run_after=None
[2024-11-14T07:57:18.416+0000] {processor.py:208} INFO - Processing /home/airflow/.local/lib/python3.12/site-packages/airflow/example_dags/example_sensors.py took 0.070 seconds
[2024-11-14T08:08:06.474+0000] {processor.py:186} INFO - Started process (PID=121) to work on /home/airflow/.local/lib/python3.12/site-packages/airflow/example_dags/example_sensors.py
[2024-11-14T08:08:06.476+0000] {processor.py:914} INFO - Processing file /home/airflow/.local/lib/python3.12/site-packages/airflow/example_dags/example_sensors.py for tasks to queue
[2024-11-14T08:08:06.479+0000] {logging_mixin.py:190} INFO - [2024-11-14T08:08:06.479+0000] {dagbag.py:588} INFO - Filling up the DagBag from /home/airflow/.local/lib/python3.12/site-packages/airflow/example_dags/example_sensors.py
[2024-11-14T08:08:06.497+0000] {processor.py:925} INFO - DAG(s) 'example_sensors' retrieved from /home/airflow/.local/lib/python3.12/site-packages/airflow/example_dags/example_sensors.py
[2024-11-14T08:08:06.533+0000] {logging_mixin.py:190} INFO - [2024-11-14T08:08:06.533+0000] {dag.py:3239} INFO - Sync 1 DAGs
[2024-11-14T08:08:06.554+0000] {logging_mixin.py:190} INFO - [2024-11-14T08:08:06.553+0000] {dag.py:4180} INFO - Setting next_dagrun for example_sensors to None, run_after=None
[2024-11-14T08:08:06.582+0000] {processor.py:208} INFO - Processing /home/airflow/.local/lib/python3.12/site-packages/airflow/example_dags/example_sensors.py took 0.116 seconds
[2024-11-14T08:08:37.368+0000] {processor.py:186} INFO - Started process (PID=183) to work on /home/airflow/.local/lib/python3.12/site-packages/airflow/example_dags/example_sensors.py
[2024-11-14T08:08:37.369+0000] {processor.py:914} INFO - Processing file /home/airflow/.local/lib/python3.12/site-packages/airflow/example_dags/example_sensors.py for tasks to queue
[2024-11-14T08:08:37.372+0000] {logging_mixin.py:190} INFO - [2024-11-14T08:08:37.372+0000] {dagbag.py:588} INFO - Filling up the DagBag from /home/airflow/.local/lib/python3.12/site-packages/airflow/example_dags/example_sensors.py
[2024-11-14T08:08:37.384+0000] {processor.py:925} INFO - DAG(s) 'example_sensors' retrieved from /home/airflow/.local/lib/python3.12/site-packages/airflow/example_dags/example_sensors.py
[2024-11-14T08:08:37.421+0000] {logging_mixin.py:190} INFO - [2024-11-14T08:08:37.420+0000] {dag.py:3239} INFO - Sync 1 DAGs
[2024-11-14T08:08:37.440+0000] {logging_mixin.py:190} INFO - [2024-11-14T08:08:37.440+0000] {dag.py:4180} INFO - Setting next_dagrun for example_sensors to None, run_after=None
[2024-11-14T08:08:37.466+0000] {processor.py:208} INFO - Processing /home/airflow/.local/lib/python3.12/site-packages/airflow/example_dags/example_sensors.py took 0.104 seconds
[2024-11-14T08:15:29.077+0000] {processor.py:186} INFO - Started process (PID=122) to work on /home/airflow/.local/lib/python3.12/site-packages/airflow/example_dags/example_sensors.py
[2024-11-14T08:15:29.078+0000] {processor.py:914} INFO - Processing file /home/airflow/.local/lib/python3.12/site-packages/airflow/example_dags/example_sensors.py for tasks to queue
[2024-11-14T08:15:29.081+0000] {logging_mixin.py:190} INFO - [2024-11-14T08:15:29.081+0000] {dagbag.py:588} INFO - Filling up the DagBag from /home/airflow/.local/lib/python3.12/site-packages/airflow/example_dags/example_sensors.py
[2024-11-14T08:15:29.093+0000] {processor.py:925} INFO - DAG(s) 'example_sensors' retrieved from /home/airflow/.local/lib/python3.12/site-packages/airflow/example_dags/example_sensors.py
[2024-11-14T08:15:29.222+0000] {logging_mixin.py:190} INFO - [2024-11-14T08:15:29.221+0000] {override.py:1900} INFO - Created Permission View: can edit on DAG:example_sensors
[2024-11-14T08:15:29.235+0000] {logging_mixin.py:190} INFO - [2024-11-14T08:15:29.235+0000] {override.py:1900} INFO - Created Permission View: can delete on DAG:example_sensors
[2024-11-14T08:15:29.246+0000] {logging_mixin.py:190} INFO - [2024-11-14T08:15:29.245+0000] {override.py:1900} INFO - Created Permission View: can read on DAG:example_sensors
[2024-11-14T08:15:29.259+0000] {logging_mixin.py:190} INFO - [2024-11-14T08:15:29.259+0000] {override.py:1900} INFO - Created Permission View: can delete on DAG Run:example_sensors
[2024-11-14T08:15:29.269+0000] {logging_mixin.py:190} INFO - [2024-11-14T08:15:29.269+0000] {override.py:1900} INFO - Created Permission View: can read on DAG Run:example_sensors
[2024-11-14T08:15:29.279+0000] {logging_mixin.py:190} INFO - [2024-11-14T08:15:29.279+0000] {override.py:1900} INFO - Created Permission View: can create on DAG Run:example_sensors
[2024-11-14T08:15:29.291+0000] {logging_mixin.py:190} INFO - [2024-11-14T08:15:29.290+0000] {override.py:1900} INFO - Created Permission View: menu access on DAG Run:example_sensors
[2024-11-14T08:15:29.292+0000] {logging_mixin.py:190} INFO - [2024-11-14T08:15:29.291+0000] {dag.py:3239} INFO - Sync 1 DAGs
[2024-11-14T08:15:29.308+0000] {logging_mixin.py:190} INFO - [2024-11-14T08:15:29.307+0000] {dag.py:3262} INFO - Creating ORM DAG for example_sensors
[2024-11-14T08:15:29.309+0000] {logging_mixin.py:190} INFO - [2024-11-14T08:15:29.309+0000] {dag.py:4180} INFO - Setting next_dagrun for example_sensors to None, run_after=None
[2024-11-14T08:15:29.332+0000] {processor.py:208} INFO - Processing /home/airflow/.local/lib/python3.12/site-packages/airflow/example_dags/example_sensors.py took 0.261 seconds
[2024-11-14T08:16:16.251+0000] {processor.py:186} INFO - Started process (PID=112) to work on /home/airflow/.local/lib/python3.12/site-packages/airflow/example_dags/example_sensors.py
[2024-11-14T08:16:16.253+0000] {processor.py:914} INFO - Processing file /home/airflow/.local/lib/python3.12/site-packages/airflow/example_dags/example_sensors.py for tasks to queue
[2024-11-14T08:16:16.258+0000] {logging_mixin.py:190} INFO - [2024-11-14T08:16:16.257+0000] {dagbag.py:588} INFO - Filling up the DagBag from /home/airflow/.local/lib/python3.12/site-packages/airflow/example_dags/example_sensors.py
[2024-11-14T08:16:16.274+0000] {processor.py:925} INFO - DAG(s) 'example_sensors' retrieved from /home/airflow/.local/lib/python3.12/site-packages/airflow/example_dags/example_sensors.py
[2024-11-14T08:16:16.318+0000] {logging_mixin.py:190} INFO - [2024-11-14T08:16:16.317+0000] {dag.py:3239} INFO - Sync 1 DAGs
[2024-11-14T08:16:16.342+0000] {logging_mixin.py:190} INFO - [2024-11-14T08:16:16.341+0000] {dag.py:4180} INFO - Setting next_dagrun for example_sensors to None, run_after=None
[2024-11-14T08:16:16.375+0000] {processor.py:208} INFO - Processing /home/airflow/.local/lib/python3.12/site-packages/airflow/example_dags/example_sensors.py took 0.132 seconds
[2024-11-14T08:16:51.482+0000] {processor.py:186} INFO - Started process (PID=175) to work on /home/airflow/.local/lib/python3.12/site-packages/airflow/example_dags/example_sensors.py
[2024-11-14T08:16:51.483+0000] {processor.py:914} INFO - Processing file /home/airflow/.local/lib/python3.12/site-packages/airflow/example_dags/example_sensors.py for tasks to queue
[2024-11-14T08:16:51.485+0000] {logging_mixin.py:190} INFO - [2024-11-14T08:16:51.485+0000] {dagbag.py:588} INFO - Filling up the DagBag from /home/airflow/.local/lib/python3.12/site-packages/airflow/example_dags/example_sensors.py
[2024-11-14T08:16:51.497+0000] {processor.py:925} INFO - DAG(s) 'example_sensors' retrieved from /home/airflow/.local/lib/python3.12/site-packages/airflow/example_dags/example_sensors.py
[2024-11-14T08:16:51.524+0000] {logging_mixin.py:190} INFO - [2024-11-14T08:16:51.524+0000] {dag.py:3239} INFO - Sync 1 DAGs
[2024-11-14T08:16:51.539+0000] {logging_mixin.py:190} INFO - [2024-11-14T08:16:51.538+0000] {dag.py:4180} INFO - Setting next_dagrun for example_sensors to None, run_after=None
[2024-11-14T08:16:51.561+0000] {processor.py:208} INFO - Processing /home/airflow/.local/lib/python3.12/site-packages/airflow/example_dags/example_sensors.py took 0.085 seconds
[2024-11-14T08:17:22.810+0000] {processor.py:186} INFO - Started process (PID=237) to work on /home/airflow/.local/lib/python3.12/site-packages/airflow/example_dags/example_sensors.py
[2024-11-14T08:17:22.812+0000] {processor.py:914} INFO - Processing file /home/airflow/.local/lib/python3.12/site-packages/airflow/example_dags/example_sensors.py for tasks to queue
[2024-11-14T08:17:22.814+0000] {logging_mixin.py:190} INFO - [2024-11-14T08:17:22.814+0000] {dagbag.py:588} INFO - Filling up the DagBag from /home/airflow/.local/lib/python3.12/site-packages/airflow/example_dags/example_sensors.py
[2024-11-14T08:17:22.825+0000] {processor.py:925} INFO - DAG(s) 'example_sensors' retrieved from /home/airflow/.local/lib/python3.12/site-packages/airflow/example_dags/example_sensors.py
[2024-11-14T08:17:22.855+0000] {logging_mixin.py:190} INFO - [2024-11-14T08:17:22.855+0000] {dag.py:3239} INFO - Sync 1 DAGs
[2024-11-14T08:17:22.871+0000] {logging_mixin.py:190} INFO - [2024-11-14T08:17:22.871+0000] {dag.py:4180} INFO - Setting next_dagrun for example_sensors to None, run_after=None
[2024-11-14T08:17:22.895+0000] {processor.py:208} INFO - Processing /home/airflow/.local/lib/python3.12/site-packages/airflow/example_dags/example_sensors.py took 0.090 seconds
[2024-11-14T08:17:58.596+0000] {processor.py:186} INFO - Started process (PID=299) to work on /home/airflow/.local/lib/python3.12/site-packages/airflow/example_dags/example_sensors.py
[2024-11-14T08:17:58.598+0000] {processor.py:914} INFO - Processing file /home/airflow/.local/lib/python3.12/site-packages/airflow/example_dags/example_sensors.py for tasks to queue
[2024-11-14T08:17:58.601+0000] {logging_mixin.py:190} INFO - [2024-11-14T08:17:58.600+0000] {dagbag.py:588} INFO - Filling up the DagBag from /home/airflow/.local/lib/python3.12/site-packages/airflow/example_dags/example_sensors.py
[2024-11-14T08:17:58.612+0000] {processor.py:925} INFO - DAG(s) 'example_sensors' retrieved from /home/airflow/.local/lib/python3.12/site-packages/airflow/example_dags/example_sensors.py
[2024-11-14T08:17:58.645+0000] {logging_mixin.py:190} INFO - [2024-11-14T08:17:58.644+0000] {dag.py:3239} INFO - Sync 1 DAGs
[2024-11-14T08:17:58.663+0000] {logging_mixin.py:190} INFO - [2024-11-14T08:17:58.663+0000] {dag.py:4180} INFO - Setting next_dagrun for example_sensors to None, run_after=None
[2024-11-14T08:17:58.685+0000] {processor.py:208} INFO - Processing /home/airflow/.local/lib/python3.12/site-packages/airflow/example_dags/example_sensors.py took 0.096 seconds
