[2024-11-14T07:29:52.377+0000] {processor.py:186} INFO - Started process (PID=957) to work on /home/airflow/.local/lib/python3.12/site-packages/airflow/example_dags/example_branch_python_dop_operator_3.py
[2024-11-14T07:29:52.378+0000] {processor.py:914} INFO - Processing file /home/airflow/.local/lib/python3.12/site-packages/airflow/example_dags/example_branch_python_dop_operator_3.py for tasks to queue
[2024-11-14T07:29:52.381+0000] {logging_mixin.py:190} INFO - [2024-11-14T07:29:52.381+0000] {dagbag.py:588} INFO - Filling up the DagBag from /home/airflow/.local/lib/python3.12/site-packages/airflow/example_dags/example_branch_python_dop_operator_3.py
[2024-11-14T07:29:52.395+0000] {processor.py:925} INFO - DAG(s) 'example_branch_dop_operator_v3' retrieved from /home/airflow/.local/lib/python3.12/site-packages/airflow/example_dags/example_branch_python_dop_operator_3.py
[2024-11-14T07:29:52.421+0000] {logging_mixin.py:190} INFO - [2024-11-14T07:29:52.421+0000] {dag.py:3239} INFO - Sync 1 DAGs
[2024-11-14T07:29:52.453+0000] {logging_mixin.py:190} INFO - [2024-11-14T07:29:52.453+0000] {dag.py:4180} INFO - Setting next_dagrun for example_branch_dop_operator_v3 to 2024-11-14 07:28:00+00:00, run_after=2024-11-14 07:29:00+00:00
[2024-11-14T07:29:52.476+0000] {processor.py:208} INFO - Processing /home/airflow/.local/lib/python3.12/site-packages/airflow/example_dags/example_branch_python_dop_operator_3.py took 0.107 seconds
[2024-11-14T07:30:23.348+0000] {processor.py:186} INFO - Started process (PID=1019) to work on /home/airflow/.local/lib/python3.12/site-packages/airflow/example_dags/example_branch_python_dop_operator_3.py
[2024-11-14T07:30:23.350+0000] {processor.py:914} INFO - Processing file /home/airflow/.local/lib/python3.12/site-packages/airflow/example_dags/example_branch_python_dop_operator_3.py for tasks to queue
[2024-11-14T07:30:23.354+0000] {logging_mixin.py:190} INFO - [2024-11-14T07:30:23.353+0000] {dagbag.py:588} INFO - Filling up the DagBag from /home/airflow/.local/lib/python3.12/site-packages/airflow/example_dags/example_branch_python_dop_operator_3.py
[2024-11-14T07:30:23.368+0000] {processor.py:925} INFO - DAG(s) 'example_branch_dop_operator_v3' retrieved from /home/airflow/.local/lib/python3.12/site-packages/airflow/example_dags/example_branch_python_dop_operator_3.py
[2024-11-14T07:30:23.389+0000] {logging_mixin.py:190} INFO - [2024-11-14T07:30:23.389+0000] {dag.py:3239} INFO - Sync 1 DAGs
[2024-11-14T07:30:23.440+0000] {logging_mixin.py:190} INFO - [2024-11-14T07:30:23.439+0000] {dag.py:4180} INFO - Setting next_dagrun for example_branch_dop_operator_v3 to 2024-11-14 07:29:00+00:00, run_after=2024-11-14 07:30:00+00:00
[2024-11-14T07:30:23.497+0000] {processor.py:208} INFO - Processing /home/airflow/.local/lib/python3.12/site-packages/airflow/example_dags/example_branch_python_dop_operator_3.py took 0.156 seconds
[2024-11-14T07:30:53.642+0000] {processor.py:186} INFO - Started process (PID=1081) to work on /home/airflow/.local/lib/python3.12/site-packages/airflow/example_dags/example_branch_python_dop_operator_3.py
[2024-11-14T07:30:53.643+0000] {processor.py:914} INFO - Processing file /home/airflow/.local/lib/python3.12/site-packages/airflow/example_dags/example_branch_python_dop_operator_3.py for tasks to queue
[2024-11-14T07:30:53.645+0000] {logging_mixin.py:190} INFO - [2024-11-14T07:30:53.645+0000] {dagbag.py:588} INFO - Filling up the DagBag from /home/airflow/.local/lib/python3.12/site-packages/airflow/example_dags/example_branch_python_dop_operator_3.py
[2024-11-14T07:30:53.656+0000] {processor.py:925} INFO - DAG(s) 'example_branch_dop_operator_v3' retrieved from /home/airflow/.local/lib/python3.12/site-packages/airflow/example_dags/example_branch_python_dop_operator_3.py
[2024-11-14T07:30:53.680+0000] {logging_mixin.py:190} INFO - [2024-11-14T07:30:53.680+0000] {dag.py:3239} INFO - Sync 1 DAGs
[2024-11-14T07:30:53.704+0000] {logging_mixin.py:190} INFO - [2024-11-14T07:30:53.704+0000] {dag.py:4180} INFO - Setting next_dagrun for example_branch_dop_operator_v3 to 2024-11-14 07:29:00+00:00, run_after=2024-11-14 07:30:00+00:00
[2024-11-14T07:30:53.728+0000] {processor.py:208} INFO - Processing /home/airflow/.local/lib/python3.12/site-packages/airflow/example_dags/example_branch_python_dop_operator_3.py took 0.092 seconds
[2024-11-14T07:42:04.799+0000] {processor.py:186} INFO - Started process (PID=96) to work on /home/airflow/.local/lib/python3.12/site-packages/airflow/example_dags/example_branch_python_dop_operator_3.py
[2024-11-14T07:42:04.802+0000] {processor.py:914} INFO - Processing file /home/airflow/.local/lib/python3.12/site-packages/airflow/example_dags/example_branch_python_dop_operator_3.py for tasks to queue
[2024-11-14T07:42:04.804+0000] {logging_mixin.py:190} INFO - [2024-11-14T07:42:04.804+0000] {dagbag.py:588} INFO - Filling up the DagBag from /home/airflow/.local/lib/python3.12/site-packages/airflow/example_dags/example_branch_python_dop_operator_3.py
[2024-11-14T07:42:04.815+0000] {processor.py:925} INFO - DAG(s) 'example_branch_dop_operator_v3' retrieved from /home/airflow/.local/lib/python3.12/site-packages/airflow/example_dags/example_branch_python_dop_operator_3.py
[2024-11-14T07:42:04.838+0000] {logging_mixin.py:190} INFO - [2024-11-14T07:42:04.838+0000] {dag.py:3239} INFO - Sync 1 DAGs
[2024-11-14T07:42:04.865+0000] {logging_mixin.py:190} INFO - [2024-11-14T07:42:04.864+0000] {dag.py:4180} INFO - Setting next_dagrun for example_branch_dop_operator_v3 to 2024-11-14 07:41:00+00:00, run_after=2024-11-14 07:42:00+00:00
[2024-11-14T07:42:04.889+0000] {processor.py:208} INFO - Processing /home/airflow/.local/lib/python3.12/site-packages/airflow/example_dags/example_branch_python_dop_operator_3.py took 0.095 seconds
[2024-11-14T07:42:35.862+0000] {processor.py:186} INFO - Started process (PID=158) to work on /home/airflow/.local/lib/python3.12/site-packages/airflow/example_dags/example_branch_python_dop_operator_3.py
[2024-11-14T07:42:35.863+0000] {processor.py:914} INFO - Processing file /home/airflow/.local/lib/python3.12/site-packages/airflow/example_dags/example_branch_python_dop_operator_3.py for tasks to queue
[2024-11-14T07:42:35.866+0000] {logging_mixin.py:190} INFO - [2024-11-14T07:42:35.866+0000] {dagbag.py:588} INFO - Filling up the DagBag from /home/airflow/.local/lib/python3.12/site-packages/airflow/example_dags/example_branch_python_dop_operator_3.py
[2024-11-14T07:42:35.877+0000] {processor.py:925} INFO - DAG(s) 'example_branch_dop_operator_v3' retrieved from /home/airflow/.local/lib/python3.12/site-packages/airflow/example_dags/example_branch_python_dop_operator_3.py
[2024-11-14T07:42:35.902+0000] {logging_mixin.py:190} INFO - [2024-11-14T07:42:35.902+0000] {dag.py:3239} INFO - Sync 1 DAGs
[2024-11-14T07:42:35.938+0000] {logging_mixin.py:190} INFO - [2024-11-14T07:42:35.937+0000] {dag.py:4180} INFO - Setting next_dagrun for example_branch_dop_operator_v3 to 2024-11-14 07:41:00+00:00, run_after=2024-11-14 07:42:00+00:00
[2024-11-14T07:42:35.968+0000] {processor.py:208} INFO - Processing /home/airflow/.local/lib/python3.12/site-packages/airflow/example_dags/example_branch_python_dop_operator_3.py took 0.112 seconds
[2024-11-14T07:49:35.160+0000] {processor.py:186} INFO - Started process (PID=129) to work on /home/airflow/.local/lib/python3.12/site-packages/airflow/example_dags/example_branch_python_dop_operator_3.py
[2024-11-14T07:49:35.162+0000] {processor.py:914} INFO - Processing file /home/airflow/.local/lib/python3.12/site-packages/airflow/example_dags/example_branch_python_dop_operator_3.py for tasks to queue
[2024-11-14T07:49:35.165+0000] {logging_mixin.py:190} INFO - [2024-11-14T07:49:35.165+0000] {dagbag.py:588} INFO - Filling up the DagBag from /home/airflow/.local/lib/python3.12/site-packages/airflow/example_dags/example_branch_python_dop_operator_3.py
[2024-11-14T07:49:35.183+0000] {processor.py:925} INFO - DAG(s) 'example_branch_dop_operator_v3' retrieved from /home/airflow/.local/lib/python3.12/site-packages/airflow/example_dags/example_branch_python_dop_operator_3.py
[2024-11-14T07:49:35.220+0000] {logging_mixin.py:190} INFO - [2024-11-14T07:49:35.220+0000] {dag.py:3239} INFO - Sync 1 DAGs
[2024-11-14T07:49:35.268+0000] {logging_mixin.py:190} INFO - [2024-11-14T07:49:35.268+0000] {dag.py:4180} INFO - Setting next_dagrun for example_branch_dop_operator_v3 to 2024-11-14 07:48:00+00:00, run_after=2024-11-14 07:49:00+00:00
[2024-11-14T07:49:35.295+0000] {processor.py:208} INFO - Processing /home/airflow/.local/lib/python3.12/site-packages/airflow/example_dags/example_branch_python_dop_operator_3.py took 0.143 seconds
[2024-11-14T07:50:05.441+0000] {processor.py:186} INFO - Started process (PID=191) to work on /home/airflow/.local/lib/python3.12/site-packages/airflow/example_dags/example_branch_python_dop_operator_3.py
[2024-11-14T07:50:05.443+0000] {processor.py:914} INFO - Processing file /home/airflow/.local/lib/python3.12/site-packages/airflow/example_dags/example_branch_python_dop_operator_3.py for tasks to queue
[2024-11-14T07:50:05.446+0000] {logging_mixin.py:190} INFO - [2024-11-14T07:50:05.446+0000] {dagbag.py:588} INFO - Filling up the DagBag from /home/airflow/.local/lib/python3.12/site-packages/airflow/example_dags/example_branch_python_dop_operator_3.py
[2024-11-14T07:50:05.461+0000] {processor.py:925} INFO - DAG(s) 'example_branch_dop_operator_v3' retrieved from /home/airflow/.local/lib/python3.12/site-packages/airflow/example_dags/example_branch_python_dop_operator_3.py
[2024-11-14T07:50:05.488+0000] {logging_mixin.py:190} INFO - [2024-11-14T07:50:05.488+0000] {dag.py:3239} INFO - Sync 1 DAGs
[2024-11-14T07:50:05.531+0000] {logging_mixin.py:190} INFO - [2024-11-14T07:50:05.531+0000] {dag.py:4180} INFO - Setting next_dagrun for example_branch_dop_operator_v3 to 2024-11-14 07:49:00+00:00, run_after=2024-11-14 07:50:00+00:00
[2024-11-14T07:50:05.561+0000] {processor.py:208} INFO - Processing /home/airflow/.local/lib/python3.12/site-packages/airflow/example_dags/example_branch_python_dop_operator_3.py took 0.127 seconds
[2024-11-14T07:50:36.695+0000] {processor.py:186} INFO - Started process (PID=253) to work on /home/airflow/.local/lib/python3.12/site-packages/airflow/example_dags/example_branch_python_dop_operator_3.py
[2024-11-14T07:50:36.697+0000] {processor.py:914} INFO - Processing file /home/airflow/.local/lib/python3.12/site-packages/airflow/example_dags/example_branch_python_dop_operator_3.py for tasks to queue
[2024-11-14T07:50:36.702+0000] {logging_mixin.py:190} INFO - [2024-11-14T07:50:36.701+0000] {dagbag.py:588} INFO - Filling up the DagBag from /home/airflow/.local/lib/python3.12/site-packages/airflow/example_dags/example_branch_python_dop_operator_3.py
[2024-11-14T07:50:36.718+0000] {processor.py:925} INFO - DAG(s) 'example_branch_dop_operator_v3' retrieved from /home/airflow/.local/lib/python3.12/site-packages/airflow/example_dags/example_branch_python_dop_operator_3.py
[2024-11-14T07:50:36.746+0000] {logging_mixin.py:190} INFO - [2024-11-14T07:50:36.745+0000] {dag.py:3239} INFO - Sync 1 DAGs
[2024-11-14T07:50:36.785+0000] {logging_mixin.py:190} INFO - [2024-11-14T07:50:36.784+0000] {dag.py:4180} INFO - Setting next_dagrun for example_branch_dop_operator_v3 to 2024-11-14 07:49:00+00:00, run_after=2024-11-14 07:50:00+00:00
[2024-11-14T07:50:36.811+0000] {processor.py:208} INFO - Processing /home/airflow/.local/lib/python3.12/site-packages/airflow/example_dags/example_branch_python_dop_operator_3.py took 0.124 seconds
[2024-11-14T07:51:06.934+0000] {processor.py:186} INFO - Started process (PID=315) to work on /home/airflow/.local/lib/python3.12/site-packages/airflow/example_dags/example_branch_python_dop_operator_3.py
[2024-11-14T07:51:06.936+0000] {processor.py:914} INFO - Processing file /home/airflow/.local/lib/python3.12/site-packages/airflow/example_dags/example_branch_python_dop_operator_3.py for tasks to queue
[2024-11-14T07:51:06.939+0000] {logging_mixin.py:190} INFO - [2024-11-14T07:51:06.939+0000] {dagbag.py:588} INFO - Filling up the DagBag from /home/airflow/.local/lib/python3.12/site-packages/airflow/example_dags/example_branch_python_dop_operator_3.py
[2024-11-14T07:51:06.950+0000] {processor.py:925} INFO - DAG(s) 'example_branch_dop_operator_v3' retrieved from /home/airflow/.local/lib/python3.12/site-packages/airflow/example_dags/example_branch_python_dop_operator_3.py
[2024-11-14T07:51:06.972+0000] {logging_mixin.py:190} INFO - [2024-11-14T07:51:06.972+0000] {dag.py:3239} INFO - Sync 1 DAGs
[2024-11-14T07:51:06.998+0000] {logging_mixin.py:190} INFO - [2024-11-14T07:51:06.998+0000] {dag.py:4180} INFO - Setting next_dagrun for example_branch_dop_operator_v3 to 2024-11-14 07:50:00+00:00, run_after=2024-11-14 07:51:00+00:00
[2024-11-14T07:51:07.022+0000] {processor.py:208} INFO - Processing /home/airflow/.local/lib/python3.12/site-packages/airflow/example_dags/example_branch_python_dop_operator_3.py took 0.093 seconds
[2024-11-14T07:51:37.925+0000] {processor.py:186} INFO - Started process (PID=377) to work on /home/airflow/.local/lib/python3.12/site-packages/airflow/example_dags/example_branch_python_dop_operator_3.py
[2024-11-14T07:51:37.926+0000] {processor.py:914} INFO - Processing file /home/airflow/.local/lib/python3.12/site-packages/airflow/example_dags/example_branch_python_dop_operator_3.py for tasks to queue
[2024-11-14T07:51:37.929+0000] {logging_mixin.py:190} INFO - [2024-11-14T07:51:37.929+0000] {dagbag.py:588} INFO - Filling up the DagBag from /home/airflow/.local/lib/python3.12/site-packages/airflow/example_dags/example_branch_python_dop_operator_3.py
[2024-11-14T07:51:37.942+0000] {processor.py:925} INFO - DAG(s) 'example_branch_dop_operator_v3' retrieved from /home/airflow/.local/lib/python3.12/site-packages/airflow/example_dags/example_branch_python_dop_operator_3.py
[2024-11-14T07:51:37.967+0000] {logging_mixin.py:190} INFO - [2024-11-14T07:51:37.967+0000] {dag.py:3239} INFO - Sync 1 DAGs
[2024-11-14T07:51:38.000+0000] {logging_mixin.py:190} INFO - [2024-11-14T07:51:38.000+0000] {dag.py:4180} INFO - Setting next_dagrun for example_branch_dop_operator_v3 to 2024-11-14 07:50:00+00:00, run_after=2024-11-14 07:51:00+00:00
[2024-11-14T07:51:38.029+0000] {processor.py:208} INFO - Processing /home/airflow/.local/lib/python3.12/site-packages/airflow/example_dags/example_branch_python_dop_operator_3.py took 0.110 seconds
[2024-11-14T07:52:08.394+0000] {processor.py:186} INFO - Started process (PID=439) to work on /home/airflow/.local/lib/python3.12/site-packages/airflow/example_dags/example_branch_python_dop_operator_3.py
[2024-11-14T07:52:08.396+0000] {processor.py:914} INFO - Processing file /home/airflow/.local/lib/python3.12/site-packages/airflow/example_dags/example_branch_python_dop_operator_3.py for tasks to queue
[2024-11-14T07:52:08.400+0000] {logging_mixin.py:190} INFO - [2024-11-14T07:52:08.399+0000] {dagbag.py:588} INFO - Filling up the DagBag from /home/airflow/.local/lib/python3.12/site-packages/airflow/example_dags/example_branch_python_dop_operator_3.py
[2024-11-14T07:52:08.419+0000] {processor.py:925} INFO - DAG(s) 'example_branch_dop_operator_v3' retrieved from /home/airflow/.local/lib/python3.12/site-packages/airflow/example_dags/example_branch_python_dop_operator_3.py
[2024-11-14T07:52:08.448+0000] {logging_mixin.py:190} INFO - [2024-11-14T07:52:08.448+0000] {dag.py:3239} INFO - Sync 1 DAGs
[2024-11-14T07:52:08.481+0000] {logging_mixin.py:190} INFO - [2024-11-14T07:52:08.480+0000] {dag.py:4180} INFO - Setting next_dagrun for example_branch_dop_operator_v3 to 2024-11-14 07:51:00+00:00, run_after=2024-11-14 07:52:00+00:00
[2024-11-14T07:52:08.505+0000] {processor.py:208} INFO - Processing /home/airflow/.local/lib/python3.12/site-packages/airflow/example_dags/example_branch_python_dop_operator_3.py took 0.120 seconds
[2024-11-14T07:52:38.579+0000] {processor.py:186} INFO - Started process (PID=501) to work on /home/airflow/.local/lib/python3.12/site-packages/airflow/example_dags/example_branch_python_dop_operator_3.py
[2024-11-14T07:52:38.580+0000] {processor.py:914} INFO - Processing file /home/airflow/.local/lib/python3.12/site-packages/airflow/example_dags/example_branch_python_dop_operator_3.py for tasks to queue
[2024-11-14T07:52:38.583+0000] {logging_mixin.py:190} INFO - [2024-11-14T07:52:38.583+0000] {dagbag.py:588} INFO - Filling up the DagBag from /home/airflow/.local/lib/python3.12/site-packages/airflow/example_dags/example_branch_python_dop_operator_3.py
[2024-11-14T07:52:38.594+0000] {processor.py:925} INFO - DAG(s) 'example_branch_dop_operator_v3' retrieved from /home/airflow/.local/lib/python3.12/site-packages/airflow/example_dags/example_branch_python_dop_operator_3.py
[2024-11-14T07:52:38.614+0000] {logging_mixin.py:190} INFO - [2024-11-14T07:52:38.614+0000] {dag.py:3239} INFO - Sync 1 DAGs
[2024-11-14T07:52:38.639+0000] {logging_mixin.py:190} INFO - [2024-11-14T07:52:38.639+0000] {dag.py:4180} INFO - Setting next_dagrun for example_branch_dop_operator_v3 to 2024-11-14 07:51:00+00:00, run_after=2024-11-14 07:52:00+00:00
[2024-11-14T07:52:38.660+0000] {processor.py:208} INFO - Processing /home/airflow/.local/lib/python3.12/site-packages/airflow/example_dags/example_branch_python_dop_operator_3.py took 0.088 seconds
[2024-11-14T07:53:08.953+0000] {processor.py:186} INFO - Started process (PID=563) to work on /home/airflow/.local/lib/python3.12/site-packages/airflow/example_dags/example_branch_python_dop_operator_3.py
[2024-11-14T07:53:08.954+0000] {processor.py:914} INFO - Processing file /home/airflow/.local/lib/python3.12/site-packages/airflow/example_dags/example_branch_python_dop_operator_3.py for tasks to queue
[2024-11-14T07:53:08.958+0000] {logging_mixin.py:190} INFO - [2024-11-14T07:53:08.958+0000] {dagbag.py:588} INFO - Filling up the DagBag from /home/airflow/.local/lib/python3.12/site-packages/airflow/example_dags/example_branch_python_dop_operator_3.py
[2024-11-14T07:53:08.974+0000] {processor.py:925} INFO - DAG(s) 'example_branch_dop_operator_v3' retrieved from /home/airflow/.local/lib/python3.12/site-packages/airflow/example_dags/example_branch_python_dop_operator_3.py
[2024-11-14T07:53:09.004+0000] {logging_mixin.py:190} INFO - [2024-11-14T07:53:09.004+0000] {dag.py:3239} INFO - Sync 1 DAGs
[2024-11-14T07:53:09.052+0000] {logging_mixin.py:190} INFO - [2024-11-14T07:53:09.052+0000] {dag.py:4180} INFO - Setting next_dagrun for example_branch_dop_operator_v3 to 2024-11-14 07:52:00+00:00, run_after=2024-11-14 07:53:00+00:00
[2024-11-14T07:53:09.073+0000] {processor.py:208} INFO - Processing /home/airflow/.local/lib/python3.12/site-packages/airflow/example_dags/example_branch_python_dop_operator_3.py took 0.129 seconds
[2024-11-14T07:53:39.810+0000] {processor.py:186} INFO - Started process (PID=625) to work on /home/airflow/.local/lib/python3.12/site-packages/airflow/example_dags/example_branch_python_dop_operator_3.py
[2024-11-14T07:53:39.812+0000] {processor.py:914} INFO - Processing file /home/airflow/.local/lib/python3.12/site-packages/airflow/example_dags/example_branch_python_dop_operator_3.py for tasks to queue
[2024-11-14T07:53:39.815+0000] {logging_mixin.py:190} INFO - [2024-11-14T07:53:39.815+0000] {dagbag.py:588} INFO - Filling up the DagBag from /home/airflow/.local/lib/python3.12/site-packages/airflow/example_dags/example_branch_python_dop_operator_3.py
[2024-11-14T07:53:39.827+0000] {processor.py:925} INFO - DAG(s) 'example_branch_dop_operator_v3' retrieved from /home/airflow/.local/lib/python3.12/site-packages/airflow/example_dags/example_branch_python_dop_operator_3.py
[2024-11-14T07:53:39.856+0000] {logging_mixin.py:190} INFO - [2024-11-14T07:53:39.856+0000] {dag.py:3239} INFO - Sync 1 DAGs
[2024-11-14T07:53:39.891+0000] {logging_mixin.py:190} INFO - [2024-11-14T07:53:39.890+0000] {dag.py:4180} INFO - Setting next_dagrun for example_branch_dop_operator_v3 to 2024-11-14 07:52:00+00:00, run_after=2024-11-14 07:53:00+00:00
[2024-11-14T07:53:39.921+0000] {processor.py:208} INFO - Processing /home/airflow/.local/lib/python3.12/site-packages/airflow/example_dags/example_branch_python_dop_operator_3.py took 0.117 seconds
[2024-11-14T07:54:10.493+0000] {processor.py:186} INFO - Started process (PID=687) to work on /home/airflow/.local/lib/python3.12/site-packages/airflow/example_dags/example_branch_python_dop_operator_3.py
[2024-11-14T07:54:10.494+0000] {processor.py:914} INFO - Processing file /home/airflow/.local/lib/python3.12/site-packages/airflow/example_dags/example_branch_python_dop_operator_3.py for tasks to queue
[2024-11-14T07:54:10.497+0000] {logging_mixin.py:190} INFO - [2024-11-14T07:54:10.496+0000] {dagbag.py:588} INFO - Filling up the DagBag from /home/airflow/.local/lib/python3.12/site-packages/airflow/example_dags/example_branch_python_dop_operator_3.py
[2024-11-14T07:54:10.508+0000] {processor.py:925} INFO - DAG(s) 'example_branch_dop_operator_v3' retrieved from /home/airflow/.local/lib/python3.12/site-packages/airflow/example_dags/example_branch_python_dop_operator_3.py
[2024-11-14T07:54:10.529+0000] {logging_mixin.py:190} INFO - [2024-11-14T07:54:10.529+0000] {dag.py:3239} INFO - Sync 1 DAGs
[2024-11-14T07:54:10.558+0000] {logging_mixin.py:190} INFO - [2024-11-14T07:54:10.558+0000] {dag.py:4180} INFO - Setting next_dagrun for example_branch_dop_operator_v3 to 2024-11-14 07:53:00+00:00, run_after=2024-11-14 07:54:00+00:00
[2024-11-14T07:54:10.584+0000] {processor.py:208} INFO - Processing /home/airflow/.local/lib/python3.12/site-packages/airflow/example_dags/example_branch_python_dop_operator_3.py took 0.099 seconds
[2024-11-14T07:54:41.227+0000] {processor.py:186} INFO - Started process (PID=749) to work on /home/airflow/.local/lib/python3.12/site-packages/airflow/example_dags/example_branch_python_dop_operator_3.py
[2024-11-14T07:54:41.228+0000] {processor.py:914} INFO - Processing file /home/airflow/.local/lib/python3.12/site-packages/airflow/example_dags/example_branch_python_dop_operator_3.py for tasks to queue
[2024-11-14T07:54:41.231+0000] {logging_mixin.py:190} INFO - [2024-11-14T07:54:41.230+0000] {dagbag.py:588} INFO - Filling up the DagBag from /home/airflow/.local/lib/python3.12/site-packages/airflow/example_dags/example_branch_python_dop_operator_3.py
[2024-11-14T07:54:41.241+0000] {processor.py:925} INFO - DAG(s) 'example_branch_dop_operator_v3' retrieved from /home/airflow/.local/lib/python3.12/site-packages/airflow/example_dags/example_branch_python_dop_operator_3.py
[2024-11-14T07:54:41.264+0000] {logging_mixin.py:190} INFO - [2024-11-14T07:54:41.264+0000] {dag.py:3239} INFO - Sync 1 DAGs
[2024-11-14T07:54:41.292+0000] {logging_mixin.py:190} INFO - [2024-11-14T07:54:41.292+0000] {dag.py:4180} INFO - Setting next_dagrun for example_branch_dop_operator_v3 to 2024-11-14 07:53:00+00:00, run_after=2024-11-14 07:54:00+00:00
[2024-11-14T07:54:41.314+0000] {processor.py:208} INFO - Processing /home/airflow/.local/lib/python3.12/site-packages/airflow/example_dags/example_branch_python_dop_operator_3.py took 0.094 seconds
[2024-11-14T07:55:11.893+0000] {processor.py:186} INFO - Started process (PID=811) to work on /home/airflow/.local/lib/python3.12/site-packages/airflow/example_dags/example_branch_python_dop_operator_3.py
[2024-11-14T07:55:11.895+0000] {processor.py:914} INFO - Processing file /home/airflow/.local/lib/python3.12/site-packages/airflow/example_dags/example_branch_python_dop_operator_3.py for tasks to queue
[2024-11-14T07:55:11.897+0000] {logging_mixin.py:190} INFO - [2024-11-14T07:55:11.897+0000] {dagbag.py:588} INFO - Filling up the DagBag from /home/airflow/.local/lib/python3.12/site-packages/airflow/example_dags/example_branch_python_dop_operator_3.py
[2024-11-14T07:55:11.909+0000] {processor.py:925} INFO - DAG(s) 'example_branch_dop_operator_v3' retrieved from /home/airflow/.local/lib/python3.12/site-packages/airflow/example_dags/example_branch_python_dop_operator_3.py
[2024-11-14T07:55:11.935+0000] {logging_mixin.py:190} INFO - [2024-11-14T07:55:11.935+0000] {dag.py:3239} INFO - Sync 1 DAGs
[2024-11-14T07:55:11.965+0000] {logging_mixin.py:190} INFO - [2024-11-14T07:55:11.964+0000] {dag.py:4180} INFO - Setting next_dagrun for example_branch_dop_operator_v3 to 2024-11-14 07:54:00+00:00, run_after=2024-11-14 07:55:00+00:00
[2024-11-14T07:55:11.989+0000] {processor.py:208} INFO - Processing /home/airflow/.local/lib/python3.12/site-packages/airflow/example_dags/example_branch_python_dop_operator_3.py took 0.102 seconds
[2024-11-14T07:55:42.425+0000] {processor.py:186} INFO - Started process (PID=873) to work on /home/airflow/.local/lib/python3.12/site-packages/airflow/example_dags/example_branch_python_dop_operator_3.py
[2024-11-14T07:55:42.427+0000] {processor.py:914} INFO - Processing file /home/airflow/.local/lib/python3.12/site-packages/airflow/example_dags/example_branch_python_dop_operator_3.py for tasks to queue
[2024-11-14T07:55:42.430+0000] {logging_mixin.py:190} INFO - [2024-11-14T07:55:42.429+0000] {dagbag.py:588} INFO - Filling up the DagBag from /home/airflow/.local/lib/python3.12/site-packages/airflow/example_dags/example_branch_python_dop_operator_3.py
[2024-11-14T07:55:42.440+0000] {processor.py:925} INFO - DAG(s) 'example_branch_dop_operator_v3' retrieved from /home/airflow/.local/lib/python3.12/site-packages/airflow/example_dags/example_branch_python_dop_operator_3.py
[2024-11-14T07:55:42.461+0000] {logging_mixin.py:190} INFO - [2024-11-14T07:55:42.461+0000] {dag.py:3239} INFO - Sync 1 DAGs
[2024-11-14T07:55:42.484+0000] {logging_mixin.py:190} INFO - [2024-11-14T07:55:42.484+0000] {dag.py:4180} INFO - Setting next_dagrun for example_branch_dop_operator_v3 to 2024-11-14 07:54:00+00:00, run_after=2024-11-14 07:55:00+00:00
[2024-11-14T07:55:42.518+0000] {processor.py:208} INFO - Processing /home/airflow/.local/lib/python3.12/site-packages/airflow/example_dags/example_branch_python_dop_operator_3.py took 0.098 seconds
[2024-11-14T07:56:13.052+0000] {processor.py:186} INFO - Started process (PID=940) to work on /home/airflow/.local/lib/python3.12/site-packages/airflow/example_dags/example_branch_python_dop_operator_3.py
[2024-11-14T07:56:13.053+0000] {processor.py:914} INFO - Processing file /home/airflow/.local/lib/python3.12/site-packages/airflow/example_dags/example_branch_python_dop_operator_3.py for tasks to queue
[2024-11-14T07:56:13.056+0000] {logging_mixin.py:190} INFO - [2024-11-14T07:56:13.056+0000] {dagbag.py:588} INFO - Filling up the DagBag from /home/airflow/.local/lib/python3.12/site-packages/airflow/example_dags/example_branch_python_dop_operator_3.py
[2024-11-14T07:56:13.065+0000] {processor.py:925} INFO - DAG(s) 'example_branch_dop_operator_v3' retrieved from /home/airflow/.local/lib/python3.12/site-packages/airflow/example_dags/example_branch_python_dop_operator_3.py
[2024-11-14T07:56:13.088+0000] {logging_mixin.py:190} INFO - [2024-11-14T07:56:13.088+0000] {dag.py:3239} INFO - Sync 1 DAGs
[2024-11-14T07:56:13.115+0000] {logging_mixin.py:190} INFO - [2024-11-14T07:56:13.115+0000] {dag.py:4180} INFO - Setting next_dagrun for example_branch_dop_operator_v3 to 2024-11-14 07:55:00+00:00, run_after=2024-11-14 07:56:00+00:00
[2024-11-14T07:56:13.138+0000] {processor.py:208} INFO - Processing /home/airflow/.local/lib/python3.12/site-packages/airflow/example_dags/example_branch_python_dop_operator_3.py took 0.091 seconds
[2024-11-14T07:56:43.580+0000] {processor.py:186} INFO - Started process (PID=1002) to work on /home/airflow/.local/lib/python3.12/site-packages/airflow/example_dags/example_branch_python_dop_operator_3.py
[2024-11-14T07:56:43.581+0000] {processor.py:914} INFO - Processing file /home/airflow/.local/lib/python3.12/site-packages/airflow/example_dags/example_branch_python_dop_operator_3.py for tasks to queue
[2024-11-14T07:56:43.584+0000] {logging_mixin.py:190} INFO - [2024-11-14T07:56:43.584+0000] {dagbag.py:588} INFO - Filling up the DagBag from /home/airflow/.local/lib/python3.12/site-packages/airflow/example_dags/example_branch_python_dop_operator_3.py
[2024-11-14T07:56:43.594+0000] {processor.py:925} INFO - DAG(s) 'example_branch_dop_operator_v3' retrieved from /home/airflow/.local/lib/python3.12/site-packages/airflow/example_dags/example_branch_python_dop_operator_3.py
[2024-11-14T07:56:43.614+0000] {logging_mixin.py:190} INFO - [2024-11-14T07:56:43.614+0000] {dag.py:3239} INFO - Sync 1 DAGs
[2024-11-14T07:56:43.641+0000] {logging_mixin.py:190} INFO - [2024-11-14T07:56:43.641+0000] {dag.py:4180} INFO - Setting next_dagrun for example_branch_dop_operator_v3 to 2024-11-14 07:55:00+00:00, run_after=2024-11-14 07:56:00+00:00
[2024-11-14T07:56:43.661+0000] {processor.py:208} INFO - Processing /home/airflow/.local/lib/python3.12/site-packages/airflow/example_dags/example_branch_python_dop_operator_3.py took 0.087 seconds
[2024-11-14T07:57:14.848+0000] {processor.py:186} INFO - Started process (PID=1064) to work on /home/airflow/.local/lib/python3.12/site-packages/airflow/example_dags/example_branch_python_dop_operator_3.py
[2024-11-14T07:57:14.849+0000] {processor.py:914} INFO - Processing file /home/airflow/.local/lib/python3.12/site-packages/airflow/example_dags/example_branch_python_dop_operator_3.py for tasks to queue
[2024-11-14T07:57:14.854+0000] {logging_mixin.py:190} INFO - [2024-11-14T07:57:14.854+0000] {dagbag.py:588} INFO - Filling up the DagBag from /home/airflow/.local/lib/python3.12/site-packages/airflow/example_dags/example_branch_python_dop_operator_3.py
[2024-11-14T07:57:14.869+0000] {processor.py:925} INFO - DAG(s) 'example_branch_dop_operator_v3' retrieved from /home/airflow/.local/lib/python3.12/site-packages/airflow/example_dags/example_branch_python_dop_operator_3.py
[2024-11-14T07:57:14.896+0000] {logging_mixin.py:190} INFO - [2024-11-14T07:57:14.896+0000] {dag.py:3239} INFO - Sync 1 DAGs
[2024-11-14T07:57:14.932+0000] {logging_mixin.py:190} INFO - [2024-11-14T07:57:14.932+0000] {dag.py:4180} INFO - Setting next_dagrun for example_branch_dop_operator_v3 to 2024-11-14 07:56:00+00:00, run_after=2024-11-14 07:57:00+00:00
[2024-11-14T07:57:14.961+0000] {processor.py:208} INFO - Processing /home/airflow/.local/lib/python3.12/site-packages/airflow/example_dags/example_branch_python_dop_operator_3.py took 0.120 seconds
[2024-11-14T08:08:02.775+0000] {processor.py:186} INFO - Started process (PID=96) to work on /home/airflow/.local/lib/python3.12/site-packages/airflow/example_dags/example_branch_python_dop_operator_3.py
[2024-11-14T08:08:02.777+0000] {processor.py:914} INFO - Processing file /home/airflow/.local/lib/python3.12/site-packages/airflow/example_dags/example_branch_python_dop_operator_3.py for tasks to queue
[2024-11-14T08:08:02.781+0000] {logging_mixin.py:190} INFO - [2024-11-14T08:08:02.781+0000] {dagbag.py:588} INFO - Filling up the DagBag from /home/airflow/.local/lib/python3.12/site-packages/airflow/example_dags/example_branch_python_dop_operator_3.py
[2024-11-14T08:08:02.795+0000] {processor.py:925} INFO - DAG(s) 'example_branch_dop_operator_v3' retrieved from /home/airflow/.local/lib/python3.12/site-packages/airflow/example_dags/example_branch_python_dop_operator_3.py
[2024-11-14T08:08:02.827+0000] {logging_mixin.py:190} INFO - [2024-11-14T08:08:02.826+0000] {dag.py:3239} INFO - Sync 1 DAGs
[2024-11-14T08:08:02.868+0000] {logging_mixin.py:190} INFO - [2024-11-14T08:08:02.868+0000] {dag.py:4180} INFO - Setting next_dagrun for example_branch_dop_operator_v3 to 2024-11-14 08:07:00+00:00, run_after=2024-11-14 08:08:00+00:00
[2024-11-14T08:08:02.899+0000] {processor.py:208} INFO - Processing /home/airflow/.local/lib/python3.12/site-packages/airflow/example_dags/example_branch_python_dop_operator_3.py took 0.131 seconds
[2024-11-14T08:08:33.390+0000] {processor.py:186} INFO - Started process (PID=158) to work on /home/airflow/.local/lib/python3.12/site-packages/airflow/example_dags/example_branch_python_dop_operator_3.py
[2024-11-14T08:08:33.392+0000] {processor.py:914} INFO - Processing file /home/airflow/.local/lib/python3.12/site-packages/airflow/example_dags/example_branch_python_dop_operator_3.py for tasks to queue
[2024-11-14T08:08:33.396+0000] {logging_mixin.py:190} INFO - [2024-11-14T08:08:33.395+0000] {dagbag.py:588} INFO - Filling up the DagBag from /home/airflow/.local/lib/python3.12/site-packages/airflow/example_dags/example_branch_python_dop_operator_3.py
[2024-11-14T08:08:33.410+0000] {processor.py:925} INFO - DAG(s) 'example_branch_dop_operator_v3' retrieved from /home/airflow/.local/lib/python3.12/site-packages/airflow/example_dags/example_branch_python_dop_operator_3.py
[2024-11-14T08:08:33.436+0000] {logging_mixin.py:190} INFO - [2024-11-14T08:08:33.435+0000] {dag.py:3239} INFO - Sync 1 DAGs
[2024-11-14T08:08:33.477+0000] {logging_mixin.py:190} INFO - [2024-11-14T08:08:33.477+0000] {dag.py:4180} INFO - Setting next_dagrun for example_branch_dop_operator_v3 to 2024-11-14 08:07:00+00:00, run_after=2024-11-14 08:08:00+00:00
[2024-11-14T08:08:33.505+0000] {processor.py:208} INFO - Processing /home/airflow/.local/lib/python3.12/site-packages/airflow/example_dags/example_branch_python_dop_operator_3.py took 0.123 seconds
[2024-11-14T08:15:24.016+0000] {processor.py:186} INFO - Started process (PID=97) to work on /home/airflow/.local/lib/python3.12/site-packages/airflow/example_dags/example_branch_python_dop_operator_3.py
[2024-11-14T08:15:24.017+0000] {processor.py:914} INFO - Processing file /home/airflow/.local/lib/python3.12/site-packages/airflow/example_dags/example_branch_python_dop_operator_3.py for tasks to queue
[2024-11-14T08:15:24.021+0000] {logging_mixin.py:190} INFO - [2024-11-14T08:15:24.020+0000] {dagbag.py:588} INFO - Filling up the DagBag from /home/airflow/.local/lib/python3.12/site-packages/airflow/example_dags/example_branch_python_dop_operator_3.py
[2024-11-14T08:15:24.035+0000] {processor.py:925} INFO - DAG(s) 'example_branch_dop_operator_v3' retrieved from /home/airflow/.local/lib/python3.12/site-packages/airflow/example_dags/example_branch_python_dop_operator_3.py
[2024-11-14T08:15:24.163+0000] {logging_mixin.py:190} INFO - [2024-11-14T08:15:24.162+0000] {override.py:1900} INFO - Created Permission View: can edit on DAG:example_branch_dop_operator_v3
[2024-11-14T08:15:24.178+0000] {logging_mixin.py:190} INFO - [2024-11-14T08:15:24.178+0000] {override.py:1900} INFO - Created Permission View: can delete on DAG:example_branch_dop_operator_v3
[2024-11-14T08:15:24.190+0000] {logging_mixin.py:190} INFO - [2024-11-14T08:15:24.189+0000] {override.py:1900} INFO - Created Permission View: can read on DAG:example_branch_dop_operator_v3
[2024-11-14T08:15:24.201+0000] {logging_mixin.py:190} INFO - [2024-11-14T08:15:24.201+0000] {override.py:1900} INFO - Created Permission View: can delete on DAG Run:example_branch_dop_operator_v3
[2024-11-14T08:15:24.213+0000] {logging_mixin.py:190} INFO - [2024-11-14T08:15:24.213+0000] {override.py:1900} INFO - Created Permission View: can read on DAG Run:example_branch_dop_operator_v3
[2024-11-14T08:15:24.224+0000] {logging_mixin.py:190} INFO - [2024-11-14T08:15:24.223+0000] {override.py:1900} INFO - Created Permission View: can create on DAG Run:example_branch_dop_operator_v3
[2024-11-14T08:15:24.234+0000] {logging_mixin.py:190} INFO - [2024-11-14T08:15:24.233+0000] {override.py:1900} INFO - Created Permission View: menu access on DAG Run:example_branch_dop_operator_v3
[2024-11-14T08:15:24.235+0000] {logging_mixin.py:190} INFO - [2024-11-14T08:15:24.235+0000] {dag.py:3239} INFO - Sync 1 DAGs
[2024-11-14T08:15:24.252+0000] {logging_mixin.py:190} INFO - [2024-11-14T08:15:24.252+0000] {dag.py:3262} INFO - Creating ORM DAG for example_branch_dop_operator_v3
[2024-11-14T08:15:24.268+0000] {logging_mixin.py:190} INFO - [2024-11-14T08:15:24.268+0000] {dag.py:4180} INFO - Setting next_dagrun for example_branch_dop_operator_v3 to 2024-11-14 08:14:00+00:00, run_after=2024-11-14 08:15:00+00:00
[2024-11-14T08:15:24.295+0000] {processor.py:208} INFO - Processing /home/airflow/.local/lib/python3.12/site-packages/airflow/example_dags/example_branch_python_dop_operator_3.py took 0.286 seconds
[2024-11-14T08:16:13.817+0000] {processor.py:186} INFO - Started process (PID=87) to work on /home/airflow/.local/lib/python3.12/site-packages/airflow/example_dags/example_branch_python_dop_operator_3.py
[2024-11-14T08:16:13.818+0000] {processor.py:914} INFO - Processing file /home/airflow/.local/lib/python3.12/site-packages/airflow/example_dags/example_branch_python_dop_operator_3.py for tasks to queue
[2024-11-14T08:16:13.821+0000] {logging_mixin.py:190} INFO - [2024-11-14T08:16:13.821+0000] {dagbag.py:588} INFO - Filling up the DagBag from /home/airflow/.local/lib/python3.12/site-packages/airflow/example_dags/example_branch_python_dop_operator_3.py
[2024-11-14T08:16:13.832+0000] {processor.py:925} INFO - DAG(s) 'example_branch_dop_operator_v3' retrieved from /home/airflow/.local/lib/python3.12/site-packages/airflow/example_dags/example_branch_python_dop_operator_3.py
[2024-11-14T08:16:13.856+0000] {logging_mixin.py:190} INFO - [2024-11-14T08:16:13.855+0000] {dag.py:3239} INFO - Sync 1 DAGs
[2024-11-14T08:16:13.882+0000] {logging_mixin.py:190} INFO - [2024-11-14T08:16:13.882+0000] {dag.py:4180} INFO - Setting next_dagrun for example_branch_dop_operator_v3 to 2024-11-14 08:15:00+00:00, run_after=2024-11-14 08:16:00+00:00
[2024-11-14T08:16:13.903+0000] {processor.py:208} INFO - Processing /home/airflow/.local/lib/python3.12/site-packages/airflow/example_dags/example_branch_python_dop_operator_3.py took 0.092 seconds
[2024-11-14T08:16:49.450+0000] {processor.py:186} INFO - Started process (PID=150) to work on /home/airflow/.local/lib/python3.12/site-packages/airflow/example_dags/example_branch_python_dop_operator_3.py
[2024-11-14T08:16:49.451+0000] {processor.py:914} INFO - Processing file /home/airflow/.local/lib/python3.12/site-packages/airflow/example_dags/example_branch_python_dop_operator_3.py for tasks to queue
[2024-11-14T08:16:49.453+0000] {logging_mixin.py:190} INFO - [2024-11-14T08:16:49.453+0000] {dagbag.py:588} INFO - Filling up the DagBag from /home/airflow/.local/lib/python3.12/site-packages/airflow/example_dags/example_branch_python_dop_operator_3.py
[2024-11-14T08:16:49.463+0000] {processor.py:925} INFO - DAG(s) 'example_branch_dop_operator_v3' retrieved from /home/airflow/.local/lib/python3.12/site-packages/airflow/example_dags/example_branch_python_dop_operator_3.py
[2024-11-14T08:16:49.487+0000] {logging_mixin.py:190} INFO - [2024-11-14T08:16:49.486+0000] {dag.py:3239} INFO - Sync 1 DAGs
[2024-11-14T08:16:49.514+0000] {logging_mixin.py:190} INFO - [2024-11-14T08:16:49.514+0000] {dag.py:4180} INFO - Setting next_dagrun for example_branch_dop_operator_v3 to 2024-11-14 08:15:00+00:00, run_after=2024-11-14 08:16:00+00:00
[2024-11-14T08:16:49.537+0000] {processor.py:208} INFO - Processing /home/airflow/.local/lib/python3.12/site-packages/airflow/example_dags/example_branch_python_dop_operator_3.py took 0.093 seconds
[2024-11-14T08:17:20.646+0000] {processor.py:186} INFO - Started process (PID=212) to work on /home/airflow/.local/lib/python3.12/site-packages/airflow/example_dags/example_branch_python_dop_operator_3.py
[2024-11-14T08:17:20.647+0000] {processor.py:914} INFO - Processing file /home/airflow/.local/lib/python3.12/site-packages/airflow/example_dags/example_branch_python_dop_operator_3.py for tasks to queue
[2024-11-14T08:17:20.649+0000] {logging_mixin.py:190} INFO - [2024-11-14T08:17:20.649+0000] {dagbag.py:588} INFO - Filling up the DagBag from /home/airflow/.local/lib/python3.12/site-packages/airflow/example_dags/example_branch_python_dop_operator_3.py
[2024-11-14T08:17:20.658+0000] {processor.py:925} INFO - DAG(s) 'example_branch_dop_operator_v3' retrieved from /home/airflow/.local/lib/python3.12/site-packages/airflow/example_dags/example_branch_python_dop_operator_3.py
[2024-11-14T08:17:20.680+0000] {logging_mixin.py:190} INFO - [2024-11-14T08:17:20.680+0000] {dag.py:3239} INFO - Sync 1 DAGs
[2024-11-14T08:17:20.703+0000] {logging_mixin.py:190} INFO - [2024-11-14T08:17:20.703+0000] {dag.py:4180} INFO - Setting next_dagrun for example_branch_dop_operator_v3 to 2024-11-14 08:16:00+00:00, run_after=2024-11-14 08:17:00+00:00
[2024-11-14T08:17:20.724+0000] {processor.py:208} INFO - Processing /home/airflow/.local/lib/python3.12/site-packages/airflow/example_dags/example_branch_python_dop_operator_3.py took 0.083 seconds
[2024-11-14T08:17:56.357+0000] {processor.py:186} INFO - Started process (PID=274) to work on /home/airflow/.local/lib/python3.12/site-packages/airflow/example_dags/example_branch_python_dop_operator_3.py
[2024-11-14T08:17:56.358+0000] {processor.py:914} INFO - Processing file /home/airflow/.local/lib/python3.12/site-packages/airflow/example_dags/example_branch_python_dop_operator_3.py for tasks to queue
[2024-11-14T08:17:56.362+0000] {logging_mixin.py:190} INFO - [2024-11-14T08:17:56.361+0000] {dagbag.py:588} INFO - Filling up the DagBag from /home/airflow/.local/lib/python3.12/site-packages/airflow/example_dags/example_branch_python_dop_operator_3.py
[2024-11-14T08:17:56.374+0000] {processor.py:925} INFO - DAG(s) 'example_branch_dop_operator_v3' retrieved from /home/airflow/.local/lib/python3.12/site-packages/airflow/example_dags/example_branch_python_dop_operator_3.py
[2024-11-14T08:17:56.406+0000] {logging_mixin.py:190} INFO - [2024-11-14T08:17:56.405+0000] {dag.py:3239} INFO - Sync 1 DAGs
[2024-11-14T08:17:56.446+0000] {logging_mixin.py:190} INFO - [2024-11-14T08:17:56.446+0000] {dag.py:4180} INFO - Setting next_dagrun for example_branch_dop_operator_v3 to 2024-11-14 08:16:00+00:00, run_after=2024-11-14 08:17:00+00:00
[2024-11-14T08:17:56.469+0000] {processor.py:208} INFO - Processing /home/airflow/.local/lib/python3.12/site-packages/airflow/example_dags/example_branch_python_dop_operator_3.py took 0.119 seconds
[2024-11-14T08:18:27.070+0000] {processor.py:186} INFO - Started process (PID=336) to work on /home/airflow/.local/lib/python3.12/site-packages/airflow/example_dags/example_branch_python_dop_operator_3.py
[2024-11-14T08:18:27.072+0000] {processor.py:914} INFO - Processing file /home/airflow/.local/lib/python3.12/site-packages/airflow/example_dags/example_branch_python_dop_operator_3.py for tasks to queue
[2024-11-14T08:18:27.075+0000] {logging_mixin.py:190} INFO - [2024-11-14T08:18:27.075+0000] {dagbag.py:588} INFO - Filling up the DagBag from /home/airflow/.local/lib/python3.12/site-packages/airflow/example_dags/example_branch_python_dop_operator_3.py
[2024-11-14T08:18:27.084+0000] {processor.py:925} INFO - DAG(s) 'example_branch_dop_operator_v3' retrieved from /home/airflow/.local/lib/python3.12/site-packages/airflow/example_dags/example_branch_python_dop_operator_3.py
[2024-11-14T08:18:27.110+0000] {logging_mixin.py:190} INFO - [2024-11-14T08:18:27.110+0000] {dag.py:3239} INFO - Sync 1 DAGs
[2024-11-14T08:18:27.148+0000] {logging_mixin.py:190} INFO - [2024-11-14T08:18:27.148+0000] {dag.py:4180} INFO - Setting next_dagrun for example_branch_dop_operator_v3 to 2024-11-14 08:17:00+00:00, run_after=2024-11-14 08:18:00+00:00
[2024-11-14T08:18:27.175+0000] {processor.py:208} INFO - Processing /home/airflow/.local/lib/python3.12/site-packages/airflow/example_dags/example_branch_python_dop_operator_3.py took 0.112 seconds
