[2024-11-14T07:29:51.921+0000] {processor.py:186} INFO - Started process (PID=950) to work on /home/airflow/.local/lib/python3.12/site-packages/airflow/example_dags/example_latest_only_with_trigger.py
[2024-11-14T07:29:51.923+0000] {processor.py:914} INFO - Processing file /home/airflow/.local/lib/python3.12/site-packages/airflow/example_dags/example_latest_only_with_trigger.py for tasks to queue
[2024-11-14T07:29:51.926+0000] {logging_mixin.py:190} INFO - [2024-11-14T07:29:51.925+0000] {dagbag.py:588} INFO - Filling up the DagBag from /home/airflow/.local/lib/python3.12/site-packages/airflow/example_dags/example_latest_only_with_trigger.py
[2024-11-14T07:29:51.935+0000] {processor.py:925} INFO - DAG(s) 'latest_only_with_trigger' retrieved from /home/airflow/.local/lib/python3.12/site-packages/airflow/example_dags/example_latest_only_with_trigger.py
[2024-11-14T07:29:51.962+0000] {logging_mixin.py:190} INFO - [2024-11-14T07:29:51.961+0000] {dag.py:3239} INFO - Sync 1 DAGs
[2024-11-14T07:29:51.987+0000] {logging_mixin.py:190} INFO - [2024-11-14T07:29:51.986+0000] {dag.py:4180} INFO - Setting next_dagrun for latest_only_with_trigger to 2024-11-14 00:00:00+00:00, run_after=2024-11-14 04:00:00+00:00
[2024-11-14T07:29:52.009+0000] {processor.py:208} INFO - Processing /home/airflow/.local/lib/python3.12/site-packages/airflow/example_dags/example_latest_only_with_trigger.py took 0.095 seconds
[2024-11-14T07:30:22.738+0000] {processor.py:186} INFO - Started process (PID=1012) to work on /home/airflow/.local/lib/python3.12/site-packages/airflow/example_dags/example_latest_only_with_trigger.py
[2024-11-14T07:30:22.740+0000] {processor.py:914} INFO - Processing file /home/airflow/.local/lib/python3.12/site-packages/airflow/example_dags/example_latest_only_with_trigger.py for tasks to queue
[2024-11-14T07:30:22.743+0000] {logging_mixin.py:190} INFO - [2024-11-14T07:30:22.743+0000] {dagbag.py:588} INFO - Filling up the DagBag from /home/airflow/.local/lib/python3.12/site-packages/airflow/example_dags/example_latest_only_with_trigger.py
[2024-11-14T07:30:22.751+0000] {processor.py:925} INFO - DAG(s) 'latest_only_with_trigger' retrieved from /home/airflow/.local/lib/python3.12/site-packages/airflow/example_dags/example_latest_only_with_trigger.py
[2024-11-14T07:30:22.776+0000] {logging_mixin.py:190} INFO - [2024-11-14T07:30:22.775+0000] {dag.py:3239} INFO - Sync 1 DAGs
[2024-11-14T07:30:22.802+0000] {logging_mixin.py:190} INFO - [2024-11-14T07:30:22.802+0000] {dag.py:4180} INFO - Setting next_dagrun for latest_only_with_trigger to 2024-11-14 00:00:00+00:00, run_after=2024-11-14 04:00:00+00:00
[2024-11-14T07:30:22.827+0000] {processor.py:208} INFO - Processing /home/airflow/.local/lib/python3.12/site-packages/airflow/example_dags/example_latest_only_with_trigger.py took 0.095 seconds
[2024-11-14T07:30:52.930+0000] {processor.py:186} INFO - Started process (PID=1074) to work on /home/airflow/.local/lib/python3.12/site-packages/airflow/example_dags/example_latest_only_with_trigger.py
[2024-11-14T07:30:52.931+0000] {processor.py:914} INFO - Processing file /home/airflow/.local/lib/python3.12/site-packages/airflow/example_dags/example_latest_only_with_trigger.py for tasks to queue
[2024-11-14T07:30:52.935+0000] {logging_mixin.py:190} INFO - [2024-11-14T07:30:52.934+0000] {dagbag.py:588} INFO - Filling up the DagBag from /home/airflow/.local/lib/python3.12/site-packages/airflow/example_dags/example_latest_only_with_trigger.py
[2024-11-14T07:30:52.943+0000] {processor.py:925} INFO - DAG(s) 'latest_only_with_trigger' retrieved from /home/airflow/.local/lib/python3.12/site-packages/airflow/example_dags/example_latest_only_with_trigger.py
[2024-11-14T07:30:52.972+0000] {logging_mixin.py:190} INFO - [2024-11-14T07:30:52.972+0000] {dag.py:3239} INFO - Sync 1 DAGs
[2024-11-14T07:30:52.996+0000] {logging_mixin.py:190} INFO - [2024-11-14T07:30:52.995+0000] {dag.py:4180} INFO - Setting next_dagrun for latest_only_with_trigger to 2024-11-14 00:00:00+00:00, run_after=2024-11-14 04:00:00+00:00
[2024-11-14T07:30:53.018+0000] {processor.py:208} INFO - Processing /home/airflow/.local/lib/python3.12/site-packages/airflow/example_dags/example_latest_only_with_trigger.py took 0.095 seconds
[2024-11-14T07:42:04.058+0000] {processor.py:186} INFO - Started process (PID=89) to work on /home/airflow/.local/lib/python3.12/site-packages/airflow/example_dags/example_latest_only_with_trigger.py
[2024-11-14T07:42:04.060+0000] {processor.py:914} INFO - Processing file /home/airflow/.local/lib/python3.12/site-packages/airflow/example_dags/example_latest_only_with_trigger.py for tasks to queue
[2024-11-14T07:42:04.066+0000] {logging_mixin.py:190} INFO - [2024-11-14T07:42:04.065+0000] {dagbag.py:588} INFO - Filling up the DagBag from /home/airflow/.local/lib/python3.12/site-packages/airflow/example_dags/example_latest_only_with_trigger.py
[2024-11-14T07:42:04.082+0000] {processor.py:925} INFO - DAG(s) 'latest_only_with_trigger' retrieved from /home/airflow/.local/lib/python3.12/site-packages/airflow/example_dags/example_latest_only_with_trigger.py
[2024-11-14T07:42:04.121+0000] {logging_mixin.py:190} INFO - [2024-11-14T07:42:04.120+0000] {dag.py:3239} INFO - Sync 1 DAGs
[2024-11-14T07:42:04.143+0000] {logging_mixin.py:190} INFO - [2024-11-14T07:42:04.143+0000] {dag.py:4180} INFO - Setting next_dagrun for latest_only_with_trigger to 2024-11-14 00:00:00+00:00, run_after=2024-11-14 04:00:00+00:00
[2024-11-14T07:42:04.166+0000] {processor.py:208} INFO - Processing /home/airflow/.local/lib/python3.12/site-packages/airflow/example_dags/example_latest_only_with_trigger.py took 0.119 seconds
[2024-11-14T07:42:34.366+0000] {processor.py:186} INFO - Started process (PID=150) to work on /home/airflow/.local/lib/python3.12/site-packages/airflow/example_dags/example_latest_only_with_trigger.py
[2024-11-14T07:42:34.368+0000] {processor.py:914} INFO - Processing file /home/airflow/.local/lib/python3.12/site-packages/airflow/example_dags/example_latest_only_with_trigger.py for tasks to queue
[2024-11-14T07:42:34.372+0000] {logging_mixin.py:190} INFO - [2024-11-14T07:42:34.372+0000] {dagbag.py:588} INFO - Filling up the DagBag from /home/airflow/.local/lib/python3.12/site-packages/airflow/example_dags/example_latest_only_with_trigger.py
[2024-11-14T07:42:34.381+0000] {processor.py:925} INFO - DAG(s) 'latest_only_with_trigger' retrieved from /home/airflow/.local/lib/python3.12/site-packages/airflow/example_dags/example_latest_only_with_trigger.py
[2024-11-14T07:42:34.407+0000] {logging_mixin.py:190} INFO - [2024-11-14T07:42:34.406+0000] {dag.py:3239} INFO - Sync 1 DAGs
[2024-11-14T07:42:34.434+0000] {logging_mixin.py:190} INFO - [2024-11-14T07:42:34.434+0000] {dag.py:4180} INFO - Setting next_dagrun for latest_only_with_trigger to 2024-11-14 00:00:00+00:00, run_after=2024-11-14 04:00:00+00:00
[2024-11-14T07:42:34.460+0000] {processor.py:208} INFO - Processing /home/airflow/.local/lib/python3.12/site-packages/airflow/example_dags/example_latest_only_with_trigger.py took 0.101 seconds
[2024-11-14T07:49:34.196+0000] {processor.py:186} INFO - Started process (PID=122) to work on /home/airflow/.local/lib/python3.12/site-packages/airflow/example_dags/example_latest_only_with_trigger.py
[2024-11-14T07:49:34.198+0000] {processor.py:914} INFO - Processing file /home/airflow/.local/lib/python3.12/site-packages/airflow/example_dags/example_latest_only_with_trigger.py for tasks to queue
[2024-11-14T07:49:34.202+0000] {logging_mixin.py:190} INFO - [2024-11-14T07:49:34.201+0000] {dagbag.py:588} INFO - Filling up the DagBag from /home/airflow/.local/lib/python3.12/site-packages/airflow/example_dags/example_latest_only_with_trigger.py
[2024-11-14T07:49:34.214+0000] {processor.py:925} INFO - DAG(s) 'latest_only_with_trigger' retrieved from /home/airflow/.local/lib/python3.12/site-packages/airflow/example_dags/example_latest_only_with_trigger.py
[2024-11-14T07:49:34.247+0000] {logging_mixin.py:190} INFO - [2024-11-14T07:49:34.247+0000] {dag.py:3239} INFO - Sync 1 DAGs
[2024-11-14T07:49:34.273+0000] {logging_mixin.py:190} INFO - [2024-11-14T07:49:34.272+0000] {dag.py:4180} INFO - Setting next_dagrun for latest_only_with_trigger to 2024-11-14 00:00:00+00:00, run_after=2024-11-14 04:00:00+00:00
[2024-11-14T07:49:34.300+0000] {processor.py:208} INFO - Processing /home/airflow/.local/lib/python3.12/site-packages/airflow/example_dags/example_latest_only_with_trigger.py took 0.111 seconds
[2024-11-14T07:50:04.756+0000] {processor.py:186} INFO - Started process (PID=184) to work on /home/airflow/.local/lib/python3.12/site-packages/airflow/example_dags/example_latest_only_with_trigger.py
[2024-11-14T07:50:04.758+0000] {processor.py:914} INFO - Processing file /home/airflow/.local/lib/python3.12/site-packages/airflow/example_dags/example_latest_only_with_trigger.py for tasks to queue
[2024-11-14T07:50:04.760+0000] {logging_mixin.py:190} INFO - [2024-11-14T07:50:04.760+0000] {dagbag.py:588} INFO - Filling up the DagBag from /home/airflow/.local/lib/python3.12/site-packages/airflow/example_dags/example_latest_only_with_trigger.py
[2024-11-14T07:50:04.768+0000] {processor.py:925} INFO - DAG(s) 'latest_only_with_trigger' retrieved from /home/airflow/.local/lib/python3.12/site-packages/airflow/example_dags/example_latest_only_with_trigger.py
[2024-11-14T07:50:04.789+0000] {logging_mixin.py:190} INFO - [2024-11-14T07:50:04.789+0000] {dag.py:3239} INFO - Sync 1 DAGs
[2024-11-14T07:50:04.813+0000] {logging_mixin.py:190} INFO - [2024-11-14T07:50:04.813+0000] {dag.py:4180} INFO - Setting next_dagrun for latest_only_with_trigger to 2024-11-14 00:00:00+00:00, run_after=2024-11-14 04:00:00+00:00
[2024-11-14T07:50:04.832+0000] {processor.py:208} INFO - Processing /home/airflow/.local/lib/python3.12/site-packages/airflow/example_dags/example_latest_only_with_trigger.py took 0.081 seconds
[2024-11-14T07:50:36.127+0000] {processor.py:186} INFO - Started process (PID=246) to work on /home/airflow/.local/lib/python3.12/site-packages/airflow/example_dags/example_latest_only_with_trigger.py
[2024-11-14T07:50:36.128+0000] {processor.py:914} INFO - Processing file /home/airflow/.local/lib/python3.12/site-packages/airflow/example_dags/example_latest_only_with_trigger.py for tasks to queue
[2024-11-14T07:50:36.130+0000] {logging_mixin.py:190} INFO - [2024-11-14T07:50:36.130+0000] {dagbag.py:588} INFO - Filling up the DagBag from /home/airflow/.local/lib/python3.12/site-packages/airflow/example_dags/example_latest_only_with_trigger.py
[2024-11-14T07:50:36.138+0000] {processor.py:925} INFO - DAG(s) 'latest_only_with_trigger' retrieved from /home/airflow/.local/lib/python3.12/site-packages/airflow/example_dags/example_latest_only_with_trigger.py
[2024-11-14T07:50:36.161+0000] {logging_mixin.py:190} INFO - [2024-11-14T07:50:36.161+0000] {dag.py:3239} INFO - Sync 1 DAGs
[2024-11-14T07:50:36.186+0000] {logging_mixin.py:190} INFO - [2024-11-14T07:50:36.186+0000] {dag.py:4180} INFO - Setting next_dagrun for latest_only_with_trigger to 2024-11-14 00:00:00+00:00, run_after=2024-11-14 04:00:00+00:00
[2024-11-14T07:50:36.208+0000] {processor.py:208} INFO - Processing /home/airflow/.local/lib/python3.12/site-packages/airflow/example_dags/example_latest_only_with_trigger.py took 0.088 seconds
[2024-11-14T07:51:06.299+0000] {processor.py:186} INFO - Started process (PID=308) to work on /home/airflow/.local/lib/python3.12/site-packages/airflow/example_dags/example_latest_only_with_trigger.py
[2024-11-14T07:51:06.301+0000] {processor.py:914} INFO - Processing file /home/airflow/.local/lib/python3.12/site-packages/airflow/example_dags/example_latest_only_with_trigger.py for tasks to queue
[2024-11-14T07:51:06.303+0000] {logging_mixin.py:190} INFO - [2024-11-14T07:51:06.303+0000] {dagbag.py:588} INFO - Filling up the DagBag from /home/airflow/.local/lib/python3.12/site-packages/airflow/example_dags/example_latest_only_with_trigger.py
[2024-11-14T07:51:06.313+0000] {processor.py:925} INFO - DAG(s) 'latest_only_with_trigger' retrieved from /home/airflow/.local/lib/python3.12/site-packages/airflow/example_dags/example_latest_only_with_trigger.py
[2024-11-14T07:51:06.342+0000] {logging_mixin.py:190} INFO - [2024-11-14T07:51:06.342+0000] {dag.py:3239} INFO - Sync 1 DAGs
[2024-11-14T07:51:06.370+0000] {logging_mixin.py:190} INFO - [2024-11-14T07:51:06.370+0000] {dag.py:4180} INFO - Setting next_dagrun for latest_only_with_trigger to 2024-11-14 00:00:00+00:00, run_after=2024-11-14 04:00:00+00:00
[2024-11-14T07:51:06.393+0000] {processor.py:208} INFO - Processing /home/airflow/.local/lib/python3.12/site-packages/airflow/example_dags/example_latest_only_with_trigger.py took 0.100 seconds
[2024-11-14T07:51:37.245+0000] {processor.py:186} INFO - Started process (PID=370) to work on /home/airflow/.local/lib/python3.12/site-packages/airflow/example_dags/example_latest_only_with_trigger.py
[2024-11-14T07:51:37.246+0000] {processor.py:914} INFO - Processing file /home/airflow/.local/lib/python3.12/site-packages/airflow/example_dags/example_latest_only_with_trigger.py for tasks to queue
[2024-11-14T07:51:37.249+0000] {logging_mixin.py:190} INFO - [2024-11-14T07:51:37.249+0000] {dagbag.py:588} INFO - Filling up the DagBag from /home/airflow/.local/lib/python3.12/site-packages/airflow/example_dags/example_latest_only_with_trigger.py
[2024-11-14T07:51:37.256+0000] {processor.py:925} INFO - DAG(s) 'latest_only_with_trigger' retrieved from /home/airflow/.local/lib/python3.12/site-packages/airflow/example_dags/example_latest_only_with_trigger.py
[2024-11-14T07:51:37.278+0000] {logging_mixin.py:190} INFO - [2024-11-14T07:51:37.278+0000] {dag.py:3239} INFO - Sync 1 DAGs
[2024-11-14T07:51:37.301+0000] {logging_mixin.py:190} INFO - [2024-11-14T07:51:37.301+0000] {dag.py:4180} INFO - Setting next_dagrun for latest_only_with_trigger to 2024-11-14 00:00:00+00:00, run_after=2024-11-14 04:00:00+00:00
[2024-11-14T07:51:37.328+0000] {processor.py:208} INFO - Processing /home/airflow/.local/lib/python3.12/site-packages/airflow/example_dags/example_latest_only_with_trigger.py took 0.088 seconds
[2024-11-14T07:52:07.740+0000] {processor.py:186} INFO - Started process (PID=432) to work on /home/airflow/.local/lib/python3.12/site-packages/airflow/example_dags/example_latest_only_with_trigger.py
[2024-11-14T07:52:07.742+0000] {processor.py:914} INFO - Processing file /home/airflow/.local/lib/python3.12/site-packages/airflow/example_dags/example_latest_only_with_trigger.py for tasks to queue
[2024-11-14T07:52:07.745+0000] {logging_mixin.py:190} INFO - [2024-11-14T07:52:07.745+0000] {dagbag.py:588} INFO - Filling up the DagBag from /home/airflow/.local/lib/python3.12/site-packages/airflow/example_dags/example_latest_only_with_trigger.py
[2024-11-14T07:52:07.753+0000] {processor.py:925} INFO - DAG(s) 'latest_only_with_trigger' retrieved from /home/airflow/.local/lib/python3.12/site-packages/airflow/example_dags/example_latest_only_with_trigger.py
[2024-11-14T07:52:07.777+0000] {logging_mixin.py:190} INFO - [2024-11-14T07:52:07.777+0000] {dag.py:3239} INFO - Sync 1 DAGs
[2024-11-14T07:52:07.802+0000] {logging_mixin.py:190} INFO - [2024-11-14T07:52:07.802+0000] {dag.py:4180} INFO - Setting next_dagrun for latest_only_with_trigger to 2024-11-14 00:00:00+00:00, run_after=2024-11-14 04:00:00+00:00
[2024-11-14T07:52:07.828+0000] {processor.py:208} INFO - Processing /home/airflow/.local/lib/python3.12/site-packages/airflow/example_dags/example_latest_only_with_trigger.py took 0.096 seconds
[2024-11-14T07:52:37.933+0000] {processor.py:186} INFO - Started process (PID=494) to work on /home/airflow/.local/lib/python3.12/site-packages/airflow/example_dags/example_latest_only_with_trigger.py
[2024-11-14T07:52:37.934+0000] {processor.py:914} INFO - Processing file /home/airflow/.local/lib/python3.12/site-packages/airflow/example_dags/example_latest_only_with_trigger.py for tasks to queue
[2024-11-14T07:52:37.937+0000] {logging_mixin.py:190} INFO - [2024-11-14T07:52:37.936+0000] {dagbag.py:588} INFO - Filling up the DagBag from /home/airflow/.local/lib/python3.12/site-packages/airflow/example_dags/example_latest_only_with_trigger.py
[2024-11-14T07:52:37.944+0000] {processor.py:925} INFO - DAG(s) 'latest_only_with_trigger' retrieved from /home/airflow/.local/lib/python3.12/site-packages/airflow/example_dags/example_latest_only_with_trigger.py
[2024-11-14T07:52:37.967+0000] {logging_mixin.py:190} INFO - [2024-11-14T07:52:37.967+0000] {dag.py:3239} INFO - Sync 1 DAGs
[2024-11-14T07:52:37.994+0000] {logging_mixin.py:190} INFO - [2024-11-14T07:52:37.993+0000] {dag.py:4180} INFO - Setting next_dagrun for latest_only_with_trigger to 2024-11-14 00:00:00+00:00, run_after=2024-11-14 04:00:00+00:00
[2024-11-14T07:52:38.016+0000] {processor.py:208} INFO - Processing /home/airflow/.local/lib/python3.12/site-packages/airflow/example_dags/example_latest_only_with_trigger.py took 0.089 seconds
[2024-11-14T07:53:08.549+0000] {processor.py:186} INFO - Started process (PID=556) to work on /home/airflow/.local/lib/python3.12/site-packages/airflow/example_dags/example_latest_only_with_trigger.py
[2024-11-14T07:53:08.550+0000] {processor.py:914} INFO - Processing file /home/airflow/.local/lib/python3.12/site-packages/airflow/example_dags/example_latest_only_with_trigger.py for tasks to queue
[2024-11-14T07:53:08.553+0000] {logging_mixin.py:190} INFO - [2024-11-14T07:53:08.553+0000] {dagbag.py:588} INFO - Filling up the DagBag from /home/airflow/.local/lib/python3.12/site-packages/airflow/example_dags/example_latest_only_with_trigger.py
[2024-11-14T07:53:08.561+0000] {processor.py:925} INFO - DAG(s) 'latest_only_with_trigger' retrieved from /home/airflow/.local/lib/python3.12/site-packages/airflow/example_dags/example_latest_only_with_trigger.py
[2024-11-14T07:53:08.586+0000] {logging_mixin.py:190} INFO - [2024-11-14T07:53:08.585+0000] {dag.py:3239} INFO - Sync 1 DAGs
[2024-11-14T07:53:08.609+0000] {logging_mixin.py:190} INFO - [2024-11-14T07:53:08.608+0000] {dag.py:4180} INFO - Setting next_dagrun for latest_only_with_trigger to 2024-11-14 00:00:00+00:00, run_after=2024-11-14 04:00:00+00:00
[2024-11-14T07:53:08.628+0000] {processor.py:208} INFO - Processing /home/airflow/.local/lib/python3.12/site-packages/airflow/example_dags/example_latest_only_with_trigger.py took 0.086 seconds
[2024-11-14T07:53:39.375+0000] {processor.py:186} INFO - Started process (PID=618) to work on /home/airflow/.local/lib/python3.12/site-packages/airflow/example_dags/example_latest_only_with_trigger.py
[2024-11-14T07:53:39.376+0000] {processor.py:914} INFO - Processing file /home/airflow/.local/lib/python3.12/site-packages/airflow/example_dags/example_latest_only_with_trigger.py for tasks to queue
[2024-11-14T07:53:39.379+0000] {logging_mixin.py:190} INFO - [2024-11-14T07:53:39.378+0000] {dagbag.py:588} INFO - Filling up the DagBag from /home/airflow/.local/lib/python3.12/site-packages/airflow/example_dags/example_latest_only_with_trigger.py
[2024-11-14T07:53:39.388+0000] {processor.py:925} INFO - DAG(s) 'latest_only_with_trigger' retrieved from /home/airflow/.local/lib/python3.12/site-packages/airflow/example_dags/example_latest_only_with_trigger.py
[2024-11-14T07:53:39.412+0000] {logging_mixin.py:190} INFO - [2024-11-14T07:53:39.412+0000] {dag.py:3239} INFO - Sync 1 DAGs
[2024-11-14T07:53:39.443+0000] {logging_mixin.py:190} INFO - [2024-11-14T07:53:39.442+0000] {dag.py:4180} INFO - Setting next_dagrun for latest_only_with_trigger to 2024-11-14 00:00:00+00:00, run_after=2024-11-14 04:00:00+00:00
[2024-11-14T07:53:39.467+0000] {processor.py:208} INFO - Processing /home/airflow/.local/lib/python3.12/site-packages/airflow/example_dags/example_latest_only_with_trigger.py took 0.099 seconds
[2024-11-14T07:54:10.032+0000] {processor.py:186} INFO - Started process (PID=680) to work on /home/airflow/.local/lib/python3.12/site-packages/airflow/example_dags/example_latest_only_with_trigger.py
[2024-11-14T07:54:10.033+0000] {processor.py:914} INFO - Processing file /home/airflow/.local/lib/python3.12/site-packages/airflow/example_dags/example_latest_only_with_trigger.py for tasks to queue
[2024-11-14T07:54:10.036+0000] {logging_mixin.py:190} INFO - [2024-11-14T07:54:10.036+0000] {dagbag.py:588} INFO - Filling up the DagBag from /home/airflow/.local/lib/python3.12/site-packages/airflow/example_dags/example_latest_only_with_trigger.py
[2024-11-14T07:54:10.045+0000] {processor.py:925} INFO - DAG(s) 'latest_only_with_trigger' retrieved from /home/airflow/.local/lib/python3.12/site-packages/airflow/example_dags/example_latest_only_with_trigger.py
[2024-11-14T07:54:10.072+0000] {logging_mixin.py:190} INFO - [2024-11-14T07:54:10.072+0000] {dag.py:3239} INFO - Sync 1 DAGs
[2024-11-14T07:54:10.098+0000] {logging_mixin.py:190} INFO - [2024-11-14T07:54:10.098+0000] {dag.py:4180} INFO - Setting next_dagrun for latest_only_with_trigger to 2024-11-14 00:00:00+00:00, run_after=2024-11-14 04:00:00+00:00
[2024-11-14T07:54:10.121+0000] {processor.py:208} INFO - Processing /home/airflow/.local/lib/python3.12/site-packages/airflow/example_dags/example_latest_only_with_trigger.py took 0.097 seconds
[2024-11-14T07:54:40.785+0000] {processor.py:186} INFO - Started process (PID=742) to work on /home/airflow/.local/lib/python3.12/site-packages/airflow/example_dags/example_latest_only_with_trigger.py
[2024-11-14T07:54:40.787+0000] {processor.py:914} INFO - Processing file /home/airflow/.local/lib/python3.12/site-packages/airflow/example_dags/example_latest_only_with_trigger.py for tasks to queue
[2024-11-14T07:54:40.789+0000] {logging_mixin.py:190} INFO - [2024-11-14T07:54:40.789+0000] {dagbag.py:588} INFO - Filling up the DagBag from /home/airflow/.local/lib/python3.12/site-packages/airflow/example_dags/example_latest_only_with_trigger.py
[2024-11-14T07:54:40.798+0000] {processor.py:925} INFO - DAG(s) 'latest_only_with_trigger' retrieved from /home/airflow/.local/lib/python3.12/site-packages/airflow/example_dags/example_latest_only_with_trigger.py
[2024-11-14T07:54:40.820+0000] {logging_mixin.py:190} INFO - [2024-11-14T07:54:40.820+0000] {dag.py:3239} INFO - Sync 1 DAGs
[2024-11-14T07:54:40.862+0000] {logging_mixin.py:190} INFO - [2024-11-14T07:54:40.862+0000] {dag.py:4180} INFO - Setting next_dagrun for latest_only_with_trigger to 2024-11-14 00:00:00+00:00, run_after=2024-11-14 04:00:00+00:00
[2024-11-14T07:54:40.885+0000] {processor.py:208} INFO - Processing /home/airflow/.local/lib/python3.12/site-packages/airflow/example_dags/example_latest_only_with_trigger.py took 0.107 seconds
[2024-11-14T07:55:11.439+0000] {processor.py:186} INFO - Started process (PID=804) to work on /home/airflow/.local/lib/python3.12/site-packages/airflow/example_dags/example_latest_only_with_trigger.py
[2024-11-14T07:55:11.440+0000] {processor.py:914} INFO - Processing file /home/airflow/.local/lib/python3.12/site-packages/airflow/example_dags/example_latest_only_with_trigger.py for tasks to queue
[2024-11-14T07:55:11.443+0000] {logging_mixin.py:190} INFO - [2024-11-14T07:55:11.443+0000] {dagbag.py:588} INFO - Filling up the DagBag from /home/airflow/.local/lib/python3.12/site-packages/airflow/example_dags/example_latest_only_with_trigger.py
[2024-11-14T07:55:11.452+0000] {processor.py:925} INFO - DAG(s) 'latest_only_with_trigger' retrieved from /home/airflow/.local/lib/python3.12/site-packages/airflow/example_dags/example_latest_only_with_trigger.py
[2024-11-14T07:55:11.475+0000] {logging_mixin.py:190} INFO - [2024-11-14T07:55:11.474+0000] {dag.py:3239} INFO - Sync 1 DAGs
[2024-11-14T07:55:11.501+0000] {logging_mixin.py:190} INFO - [2024-11-14T07:55:11.501+0000] {dag.py:4180} INFO - Setting next_dagrun for latest_only_with_trigger to 2024-11-14 00:00:00+00:00, run_after=2024-11-14 04:00:00+00:00
[2024-11-14T07:55:11.525+0000] {processor.py:208} INFO - Processing /home/airflow/.local/lib/python3.12/site-packages/airflow/example_dags/example_latest_only_with_trigger.py took 0.092 seconds
[2024-11-14T07:55:41.984+0000] {processor.py:186} INFO - Started process (PID=866) to work on /home/airflow/.local/lib/python3.12/site-packages/airflow/example_dags/example_latest_only_with_trigger.py
[2024-11-14T07:55:41.985+0000] {processor.py:914} INFO - Processing file /home/airflow/.local/lib/python3.12/site-packages/airflow/example_dags/example_latest_only_with_trigger.py for tasks to queue
[2024-11-14T07:55:41.988+0000] {logging_mixin.py:190} INFO - [2024-11-14T07:55:41.988+0000] {dagbag.py:588} INFO - Filling up the DagBag from /home/airflow/.local/lib/python3.12/site-packages/airflow/example_dags/example_latest_only_with_trigger.py
[2024-11-14T07:55:41.998+0000] {processor.py:925} INFO - DAG(s) 'latest_only_with_trigger' retrieved from /home/airflow/.local/lib/python3.12/site-packages/airflow/example_dags/example_latest_only_with_trigger.py
[2024-11-14T07:55:42.025+0000] {logging_mixin.py:190} INFO - [2024-11-14T07:55:42.025+0000] {dag.py:3239} INFO - Sync 1 DAGs
[2024-11-14T07:55:42.052+0000] {logging_mixin.py:190} INFO - [2024-11-14T07:55:42.052+0000] {dag.py:4180} INFO - Setting next_dagrun for latest_only_with_trigger to 2024-11-14 00:00:00+00:00, run_after=2024-11-14 04:00:00+00:00
[2024-11-14T07:55:42.082+0000] {processor.py:208} INFO - Processing /home/airflow/.local/lib/python3.12/site-packages/airflow/example_dags/example_latest_only_with_trigger.py took 0.105 seconds
[2024-11-14T07:56:12.646+0000] {processor.py:186} INFO - Started process (PID=928) to work on /home/airflow/.local/lib/python3.12/site-packages/airflow/example_dags/example_latest_only_with_trigger.py
[2024-11-14T07:56:12.647+0000] {processor.py:914} INFO - Processing file /home/airflow/.local/lib/python3.12/site-packages/airflow/example_dags/example_latest_only_with_trigger.py for tasks to queue
[2024-11-14T07:56:12.650+0000] {logging_mixin.py:190} INFO - [2024-11-14T07:56:12.649+0000] {dagbag.py:588} INFO - Filling up the DagBag from /home/airflow/.local/lib/python3.12/site-packages/airflow/example_dags/example_latest_only_with_trigger.py
[2024-11-14T07:56:12.658+0000] {processor.py:925} INFO - DAG(s) 'latest_only_with_trigger' retrieved from /home/airflow/.local/lib/python3.12/site-packages/airflow/example_dags/example_latest_only_with_trigger.py
[2024-11-14T07:56:12.680+0000] {logging_mixin.py:190} INFO - [2024-11-14T07:56:12.680+0000] {dag.py:3239} INFO - Sync 1 DAGs
[2024-11-14T07:56:12.703+0000] {logging_mixin.py:190} INFO - [2024-11-14T07:56:12.702+0000] {dag.py:4180} INFO - Setting next_dagrun for latest_only_with_trigger to 2024-11-14 00:00:00+00:00, run_after=2024-11-14 04:00:00+00:00
[2024-11-14T07:56:12.722+0000] {processor.py:208} INFO - Processing /home/airflow/.local/lib/python3.12/site-packages/airflow/example_dags/example_latest_only_with_trigger.py took 0.083 seconds
[2024-11-14T07:56:43.130+0000] {processor.py:186} INFO - Started process (PID=995) to work on /home/airflow/.local/lib/python3.12/site-packages/airflow/example_dags/example_latest_only_with_trigger.py
[2024-11-14T07:56:43.131+0000] {processor.py:914} INFO - Processing file /home/airflow/.local/lib/python3.12/site-packages/airflow/example_dags/example_latest_only_with_trigger.py for tasks to queue
[2024-11-14T07:56:43.134+0000] {logging_mixin.py:190} INFO - [2024-11-14T07:56:43.133+0000] {dagbag.py:588} INFO - Filling up the DagBag from /home/airflow/.local/lib/python3.12/site-packages/airflow/example_dags/example_latest_only_with_trigger.py
[2024-11-14T07:56:43.142+0000] {processor.py:925} INFO - DAG(s) 'latest_only_with_trigger' retrieved from /home/airflow/.local/lib/python3.12/site-packages/airflow/example_dags/example_latest_only_with_trigger.py
[2024-11-14T07:56:43.165+0000] {logging_mixin.py:190} INFO - [2024-11-14T07:56:43.165+0000] {dag.py:3239} INFO - Sync 1 DAGs
[2024-11-14T07:56:43.188+0000] {logging_mixin.py:190} INFO - [2024-11-14T07:56:43.188+0000] {dag.py:4180} INFO - Setting next_dagrun for latest_only_with_trigger to 2024-11-14 00:00:00+00:00, run_after=2024-11-14 04:00:00+00:00
[2024-11-14T07:56:43.209+0000] {processor.py:208} INFO - Processing /home/airflow/.local/lib/python3.12/site-packages/airflow/example_dags/example_latest_only_with_trigger.py took 0.086 seconds
[2024-11-14T07:57:14.140+0000] {processor.py:186} INFO - Started process (PID=1057) to work on /home/airflow/.local/lib/python3.12/site-packages/airflow/example_dags/example_latest_only_with_trigger.py
[2024-11-14T07:57:14.142+0000] {processor.py:914} INFO - Processing file /home/airflow/.local/lib/python3.12/site-packages/airflow/example_dags/example_latest_only_with_trigger.py for tasks to queue
[2024-11-14T07:57:14.145+0000] {logging_mixin.py:190} INFO - [2024-11-14T07:57:14.145+0000] {dagbag.py:588} INFO - Filling up the DagBag from /home/airflow/.local/lib/python3.12/site-packages/airflow/example_dags/example_latest_only_with_trigger.py
[2024-11-14T07:57:14.154+0000] {processor.py:925} INFO - DAG(s) 'latest_only_with_trigger' retrieved from /home/airflow/.local/lib/python3.12/site-packages/airflow/example_dags/example_latest_only_with_trigger.py
[2024-11-14T07:57:14.179+0000] {logging_mixin.py:190} INFO - [2024-11-14T07:57:14.178+0000] {dag.py:3239} INFO - Sync 1 DAGs
[2024-11-14T07:57:14.206+0000] {logging_mixin.py:190} INFO - [2024-11-14T07:57:14.205+0000] {dag.py:4180} INFO - Setting next_dagrun for latest_only_with_trigger to 2024-11-14 00:00:00+00:00, run_after=2024-11-14 04:00:00+00:00
[2024-11-14T07:57:14.246+0000] {processor.py:208} INFO - Processing /home/airflow/.local/lib/python3.12/site-packages/airflow/example_dags/example_latest_only_with_trigger.py took 0.111 seconds
[2024-11-14T08:08:01.858+0000] {processor.py:186} INFO - Started process (PID=89) to work on /home/airflow/.local/lib/python3.12/site-packages/airflow/example_dags/example_latest_only_with_trigger.py
[2024-11-14T08:08:01.860+0000] {processor.py:914} INFO - Processing file /home/airflow/.local/lib/python3.12/site-packages/airflow/example_dags/example_latest_only_with_trigger.py for tasks to queue
[2024-11-14T08:08:01.864+0000] {logging_mixin.py:190} INFO - [2024-11-14T08:08:01.864+0000] {dagbag.py:588} INFO - Filling up the DagBag from /home/airflow/.local/lib/python3.12/site-packages/airflow/example_dags/example_latest_only_with_trigger.py
[2024-11-14T08:08:01.879+0000] {processor.py:925} INFO - DAG(s) 'latest_only_with_trigger' retrieved from /home/airflow/.local/lib/python3.12/site-packages/airflow/example_dags/example_latest_only_with_trigger.py
[2024-11-14T08:08:01.938+0000] {logging_mixin.py:190} INFO - [2024-11-14T08:08:01.938+0000] {dag.py:3239} INFO - Sync 1 DAGs
[2024-11-14T08:08:01.990+0000] {logging_mixin.py:190} INFO - [2024-11-14T08:08:01.989+0000] {dag.py:4180} INFO - Setting next_dagrun for latest_only_with_trigger to 2024-11-14 04:00:00+00:00, run_after=2024-11-14 08:00:00+00:00
[2024-11-14T08:08:02.029+0000] {processor.py:208} INFO - Processing /home/airflow/.local/lib/python3.12/site-packages/airflow/example_dags/example_latest_only_with_trigger.py took 0.182 seconds
[2024-11-14T08:08:32.496+0000] {processor.py:186} INFO - Started process (PID=151) to work on /home/airflow/.local/lib/python3.12/site-packages/airflow/example_dags/example_latest_only_with_trigger.py
[2024-11-14T08:08:32.497+0000] {processor.py:914} INFO - Processing file /home/airflow/.local/lib/python3.12/site-packages/airflow/example_dags/example_latest_only_with_trigger.py for tasks to queue
[2024-11-14T08:08:32.500+0000] {logging_mixin.py:190} INFO - [2024-11-14T08:08:32.500+0000] {dagbag.py:588} INFO - Filling up the DagBag from /home/airflow/.local/lib/python3.12/site-packages/airflow/example_dags/example_latest_only_with_trigger.py
[2024-11-14T08:08:32.508+0000] {processor.py:925} INFO - DAG(s) 'latest_only_with_trigger' retrieved from /home/airflow/.local/lib/python3.12/site-packages/airflow/example_dags/example_latest_only_with_trigger.py
[2024-11-14T08:08:32.535+0000] {logging_mixin.py:190} INFO - [2024-11-14T08:08:32.534+0000] {dag.py:3239} INFO - Sync 1 DAGs
[2024-11-14T08:08:32.568+0000] {logging_mixin.py:190} INFO - [2024-11-14T08:08:32.568+0000] {dag.py:4180} INFO - Setting next_dagrun for latest_only_with_trigger to 2024-11-14 04:00:00+00:00, run_after=2024-11-14 08:00:00+00:00
[2024-11-14T08:08:32.597+0000] {processor.py:208} INFO - Processing /home/airflow/.local/lib/python3.12/site-packages/airflow/example_dags/example_latest_only_with_trigger.py took 0.107 seconds
[2024-11-14T08:09:03.040+0000] {processor.py:186} INFO - Started process (PID=213) to work on /home/airflow/.local/lib/python3.12/site-packages/airflow/example_dags/example_latest_only_with_trigger.py
[2024-11-14T08:09:03.042+0000] {processor.py:914} INFO - Processing file /home/airflow/.local/lib/python3.12/site-packages/airflow/example_dags/example_latest_only_with_trigger.py for tasks to queue
[2024-11-14T08:09:03.046+0000] {logging_mixin.py:190} INFO - [2024-11-14T08:09:03.045+0000] {dagbag.py:588} INFO - Filling up the DagBag from /home/airflow/.local/lib/python3.12/site-packages/airflow/example_dags/example_latest_only_with_trigger.py
[2024-11-14T08:09:03.057+0000] {processor.py:925} INFO - DAG(s) 'latest_only_with_trigger' retrieved from /home/airflow/.local/lib/python3.12/site-packages/airflow/example_dags/example_latest_only_with_trigger.py
[2024-11-14T08:09:03.091+0000] {logging_mixin.py:190} INFO - [2024-11-14T08:09:03.091+0000] {dag.py:3239} INFO - Sync 1 DAGs
[2024-11-14T08:09:03.132+0000] {logging_mixin.py:190} INFO - [2024-11-14T08:09:03.131+0000] {dag.py:4180} INFO - Setting next_dagrun for latest_only_with_trigger to 2024-11-14 04:00:00+00:00, run_after=2024-11-14 08:00:00+00:00
[2024-11-14T08:09:03.164+0000] {processor.py:208} INFO - Processing /home/airflow/.local/lib/python3.12/site-packages/airflow/example_dags/example_latest_only_with_trigger.py took 0.133 seconds
[2024-11-14T08:15:22.710+0000] {processor.py:186} INFO - Started process (PID=90) to work on /home/airflow/.local/lib/python3.12/site-packages/airflow/example_dags/example_latest_only_with_trigger.py
[2024-11-14T08:15:22.712+0000] {processor.py:914} INFO - Processing file /home/airflow/.local/lib/python3.12/site-packages/airflow/example_dags/example_latest_only_with_trigger.py for tasks to queue
[2024-11-14T08:15:22.715+0000] {logging_mixin.py:190} INFO - [2024-11-14T08:15:22.715+0000] {dagbag.py:588} INFO - Filling up the DagBag from /home/airflow/.local/lib/python3.12/site-packages/airflow/example_dags/example_latest_only_with_trigger.py
[2024-11-14T08:15:22.728+0000] {processor.py:925} INFO - DAG(s) 'latest_only_with_trigger' retrieved from /home/airflow/.local/lib/python3.12/site-packages/airflow/example_dags/example_latest_only_with_trigger.py
[2024-11-14T08:15:22.848+0000] {logging_mixin.py:190} INFO - [2024-11-14T08:15:22.847+0000] {override.py:1900} INFO - Created Permission View: can edit on DAG:latest_only_with_trigger
[2024-11-14T08:15:22.861+0000] {logging_mixin.py:190} INFO - [2024-11-14T08:15:22.861+0000] {override.py:1900} INFO - Created Permission View: can delete on DAG:latest_only_with_trigger
[2024-11-14T08:15:22.871+0000] {logging_mixin.py:190} INFO - [2024-11-14T08:15:22.871+0000] {override.py:1900} INFO - Created Permission View: can read on DAG:latest_only_with_trigger
[2024-11-14T08:15:22.883+0000] {logging_mixin.py:190} INFO - [2024-11-14T08:15:22.882+0000] {override.py:1900} INFO - Created Permission View: can delete on DAG Run:latest_only_with_trigger
[2024-11-14T08:15:22.894+0000] {logging_mixin.py:190} INFO - [2024-11-14T08:15:22.893+0000] {override.py:1900} INFO - Created Permission View: can read on DAG Run:latest_only_with_trigger
[2024-11-14T08:15:22.904+0000] {logging_mixin.py:190} INFO - [2024-11-14T08:15:22.904+0000] {override.py:1900} INFO - Created Permission View: can create on DAG Run:latest_only_with_trigger
[2024-11-14T08:15:22.914+0000] {logging_mixin.py:190} INFO - [2024-11-14T08:15:22.914+0000] {override.py:1900} INFO - Created Permission View: menu access on DAG Run:latest_only_with_trigger
[2024-11-14T08:15:22.915+0000] {logging_mixin.py:190} INFO - [2024-11-14T08:15:22.915+0000] {dag.py:3239} INFO - Sync 1 DAGs
[2024-11-14T08:15:22.931+0000] {logging_mixin.py:190} INFO - [2024-11-14T08:15:22.931+0000] {dag.py:3262} INFO - Creating ORM DAG for latest_only_with_trigger
[2024-11-14T08:15:22.942+0000] {logging_mixin.py:190} INFO - [2024-11-14T08:15:22.942+0000] {dag.py:4180} INFO - Setting next_dagrun for latest_only_with_trigger to 2024-11-14 04:00:00+00:00, run_after=2024-11-14 08:00:00+00:00
[2024-11-14T08:15:22.965+0000] {processor.py:208} INFO - Processing /home/airflow/.local/lib/python3.12/site-packages/airflow/example_dags/example_latest_only_with_trigger.py took 0.263 seconds
[2024-11-14T08:16:13.211+0000] {processor.py:186} INFO - Started process (PID=80) to work on /home/airflow/.local/lib/python3.12/site-packages/airflow/example_dags/example_latest_only_with_trigger.py
[2024-11-14T08:16:13.212+0000] {processor.py:914} INFO - Processing file /home/airflow/.local/lib/python3.12/site-packages/airflow/example_dags/example_latest_only_with_trigger.py for tasks to queue
[2024-11-14T08:16:13.215+0000] {logging_mixin.py:190} INFO - [2024-11-14T08:16:13.215+0000] {dagbag.py:588} INFO - Filling up the DagBag from /home/airflow/.local/lib/python3.12/site-packages/airflow/example_dags/example_latest_only_with_trigger.py
[2024-11-14T08:16:13.226+0000] {processor.py:925} INFO - DAG(s) 'latest_only_with_trigger' retrieved from /home/airflow/.local/lib/python3.12/site-packages/airflow/example_dags/example_latest_only_with_trigger.py
[2024-11-14T08:16:13.255+0000] {logging_mixin.py:190} INFO - [2024-11-14T08:16:13.255+0000] {dag.py:3239} INFO - Sync 1 DAGs
[2024-11-14T08:16:13.283+0000] {logging_mixin.py:190} INFO - [2024-11-14T08:16:13.283+0000] {dag.py:4180} INFO - Setting next_dagrun for latest_only_with_trigger to 2024-11-14 04:00:00+00:00, run_after=2024-11-14 08:00:00+00:00
[2024-11-14T08:16:13.312+0000] {processor.py:208} INFO - Processing /home/airflow/.local/lib/python3.12/site-packages/airflow/example_dags/example_latest_only_with_trigger.py took 0.107 seconds
[2024-11-14T08:16:49.019+0000] {processor.py:186} INFO - Started process (PID=143) to work on /home/airflow/.local/lib/python3.12/site-packages/airflow/example_dags/example_latest_only_with_trigger.py
[2024-11-14T08:16:49.021+0000] {processor.py:914} INFO - Processing file /home/airflow/.local/lib/python3.12/site-packages/airflow/example_dags/example_latest_only_with_trigger.py for tasks to queue
[2024-11-14T08:16:49.023+0000] {logging_mixin.py:190} INFO - [2024-11-14T08:16:49.023+0000] {dagbag.py:588} INFO - Filling up the DagBag from /home/airflow/.local/lib/python3.12/site-packages/airflow/example_dags/example_latest_only_with_trigger.py
[2024-11-14T08:16:49.033+0000] {processor.py:925} INFO - DAG(s) 'latest_only_with_trigger' retrieved from /home/airflow/.local/lib/python3.12/site-packages/airflow/example_dags/example_latest_only_with_trigger.py
[2024-11-14T08:16:49.057+0000] {logging_mixin.py:190} INFO - [2024-11-14T08:16:49.056+0000] {dag.py:3239} INFO - Sync 1 DAGs
[2024-11-14T08:16:49.083+0000] {logging_mixin.py:190} INFO - [2024-11-14T08:16:49.083+0000] {dag.py:4180} INFO - Setting next_dagrun for latest_only_with_trigger to 2024-11-14 04:00:00+00:00, run_after=2024-11-14 08:00:00+00:00
[2024-11-14T08:16:49.111+0000] {processor.py:208} INFO - Processing /home/airflow/.local/lib/python3.12/site-packages/airflow/example_dags/example_latest_only_with_trigger.py took 0.098 seconds
[2024-11-14T08:17:19.994+0000] {processor.py:186} INFO - Started process (PID=205) to work on /home/airflow/.local/lib/python3.12/site-packages/airflow/example_dags/example_latest_only_with_trigger.py
[2024-11-14T08:17:19.996+0000] {processor.py:914} INFO - Processing file /home/airflow/.local/lib/python3.12/site-packages/airflow/example_dags/example_latest_only_with_trigger.py for tasks to queue
[2024-11-14T08:17:20.000+0000] {logging_mixin.py:190} INFO - [2024-11-14T08:17:19.999+0000] {dagbag.py:588} INFO - Filling up the DagBag from /home/airflow/.local/lib/python3.12/site-packages/airflow/example_dags/example_latest_only_with_trigger.py
[2024-11-14T08:17:20.008+0000] {processor.py:925} INFO - DAG(s) 'latest_only_with_trigger' retrieved from /home/airflow/.local/lib/python3.12/site-packages/airflow/example_dags/example_latest_only_with_trigger.py
[2024-11-14T08:17:20.031+0000] {logging_mixin.py:190} INFO - [2024-11-14T08:17:20.031+0000] {dag.py:3239} INFO - Sync 1 DAGs
[2024-11-14T08:17:20.054+0000] {logging_mixin.py:190} INFO - [2024-11-14T08:17:20.053+0000] {dag.py:4180} INFO - Setting next_dagrun for latest_only_with_trigger to 2024-11-14 04:00:00+00:00, run_after=2024-11-14 08:00:00+00:00
[2024-11-14T08:17:20.077+0000] {processor.py:208} INFO - Processing /home/airflow/.local/lib/python3.12/site-packages/airflow/example_dags/example_latest_only_with_trigger.py took 0.088 seconds
[2024-11-14T08:17:55.914+0000] {processor.py:186} INFO - Started process (PID=267) to work on /home/airflow/.local/lib/python3.12/site-packages/airflow/example_dags/example_latest_only_with_trigger.py
[2024-11-14T08:17:55.916+0000] {processor.py:914} INFO - Processing file /home/airflow/.local/lib/python3.12/site-packages/airflow/example_dags/example_latest_only_with_trigger.py for tasks to queue
[2024-11-14T08:17:55.919+0000] {logging_mixin.py:190} INFO - [2024-11-14T08:17:55.918+0000] {dagbag.py:588} INFO - Filling up the DagBag from /home/airflow/.local/lib/python3.12/site-packages/airflow/example_dags/example_latest_only_with_trigger.py
[2024-11-14T08:17:55.929+0000] {processor.py:925} INFO - DAG(s) 'latest_only_with_trigger' retrieved from /home/airflow/.local/lib/python3.12/site-packages/airflow/example_dags/example_latest_only_with_trigger.py
[2024-11-14T08:17:55.953+0000] {logging_mixin.py:190} INFO - [2024-11-14T08:17:55.953+0000] {dag.py:3239} INFO - Sync 1 DAGs
[2024-11-14T08:17:55.979+0000] {logging_mixin.py:190} INFO - [2024-11-14T08:17:55.978+0000] {dag.py:4180} INFO - Setting next_dagrun for latest_only_with_trigger to 2024-11-14 04:00:00+00:00, run_after=2024-11-14 08:00:00+00:00
[2024-11-14T08:17:56.002+0000] {processor.py:208} INFO - Processing /home/airflow/.local/lib/python3.12/site-packages/airflow/example_dags/example_latest_only_with_trigger.py took 0.099 seconds
[2024-11-14T08:18:26.585+0000] {processor.py:186} INFO - Started process (PID=329) to work on /home/airflow/.local/lib/python3.12/site-packages/airflow/example_dags/example_latest_only_with_trigger.py
[2024-11-14T08:18:26.587+0000] {processor.py:914} INFO - Processing file /home/airflow/.local/lib/python3.12/site-packages/airflow/example_dags/example_latest_only_with_trigger.py for tasks to queue
[2024-11-14T08:18:26.590+0000] {logging_mixin.py:190} INFO - [2024-11-14T08:18:26.589+0000] {dagbag.py:588} INFO - Filling up the DagBag from /home/airflow/.local/lib/python3.12/site-packages/airflow/example_dags/example_latest_only_with_trigger.py
[2024-11-14T08:18:26.601+0000] {processor.py:925} INFO - DAG(s) 'latest_only_with_trigger' retrieved from /home/airflow/.local/lib/python3.12/site-packages/airflow/example_dags/example_latest_only_with_trigger.py
[2024-11-14T08:18:26.632+0000] {logging_mixin.py:190} INFO - [2024-11-14T08:18:26.631+0000] {dag.py:3239} INFO - Sync 1 DAGs
[2024-11-14T08:18:26.659+0000] {logging_mixin.py:190} INFO - [2024-11-14T08:18:26.659+0000] {dag.py:4180} INFO - Setting next_dagrun for latest_only_with_trigger to 2024-11-14 04:00:00+00:00, run_after=2024-11-14 08:00:00+00:00
[2024-11-14T08:18:26.683+0000] {processor.py:208} INFO - Processing /home/airflow/.local/lib/python3.12/site-packages/airflow/example_dags/example_latest_only_with_trigger.py took 0.103 seconds
