[2024-11-14T07:29:50.015+0000] {processor.py:186} INFO - Started process (PID=939) to work on /home/airflow/.local/lib/python3.12/site-packages/airflow/example_dags/tutorial_taskflow_api.py
[2024-11-14T07:29:50.017+0000] {processor.py:914} INFO - Processing file /home/airflow/.local/lib/python3.12/site-packages/airflow/example_dags/tutorial_taskflow_api.py for tasks to queue
[2024-11-14T07:29:50.020+0000] {logging_mixin.py:190} INFO - [2024-11-14T07:29:50.020+0000] {dagbag.py:588} INFO - Filling up the DagBag from /home/airflow/.local/lib/python3.12/site-packages/airflow/example_dags/tutorial_taskflow_api.py
[2024-11-14T07:29:50.031+0000] {processor.py:925} INFO - DAG(s) 'tutorial_taskflow_api' retrieved from /home/airflow/.local/lib/python3.12/site-packages/airflow/example_dags/tutorial_taskflow_api.py
[2024-11-14T07:29:50.055+0000] {logging_mixin.py:190} INFO - [2024-11-14T07:29:50.055+0000] {dag.py:3239} INFO - Sync 1 DAGs
[2024-11-14T07:29:50.070+0000] {logging_mixin.py:190} INFO - [2024-11-14T07:29:50.070+0000] {dag.py:4180} INFO - Setting next_dagrun for tutorial_taskflow_api to None, run_after=None
[2024-11-14T07:29:50.092+0000] {processor.py:208} INFO - Processing /home/airflow/.local/lib/python3.12/site-packages/airflow/example_dags/tutorial_taskflow_api.py took 0.082 seconds
[2024-11-14T07:30:20.679+0000] {processor.py:186} INFO - Started process (PID=1001) to work on /home/airflow/.local/lib/python3.12/site-packages/airflow/example_dags/tutorial_taskflow_api.py
[2024-11-14T07:30:20.681+0000] {processor.py:914} INFO - Processing file /home/airflow/.local/lib/python3.12/site-packages/airflow/example_dags/tutorial_taskflow_api.py for tasks to queue
[2024-11-14T07:30:20.685+0000] {logging_mixin.py:190} INFO - [2024-11-14T07:30:20.684+0000] {dagbag.py:588} INFO - Filling up the DagBag from /home/airflow/.local/lib/python3.12/site-packages/airflow/example_dags/tutorial_taskflow_api.py
[2024-11-14T07:30:20.694+0000] {processor.py:925} INFO - DAG(s) 'tutorial_taskflow_api' retrieved from /home/airflow/.local/lib/python3.12/site-packages/airflow/example_dags/tutorial_taskflow_api.py
[2024-11-14T07:30:20.717+0000] {logging_mixin.py:190} INFO - [2024-11-14T07:30:20.717+0000] {dag.py:3239} INFO - Sync 1 DAGs
[2024-11-14T07:30:20.732+0000] {logging_mixin.py:190} INFO - [2024-11-14T07:30:20.732+0000] {dag.py:4180} INFO - Setting next_dagrun for tutorial_taskflow_api to None, run_after=None
[2024-11-14T07:30:20.755+0000] {processor.py:208} INFO - Processing /home/airflow/.local/lib/python3.12/site-packages/airflow/example_dags/tutorial_taskflow_api.py took 0.082 seconds
[2024-11-14T07:30:50.898+0000] {processor.py:186} INFO - Started process (PID=1063) to work on /home/airflow/.local/lib/python3.12/site-packages/airflow/example_dags/tutorial_taskflow_api.py
[2024-11-14T07:30:50.899+0000] {processor.py:914} INFO - Processing file /home/airflow/.local/lib/python3.12/site-packages/airflow/example_dags/tutorial_taskflow_api.py for tasks to queue
[2024-11-14T07:30:50.903+0000] {logging_mixin.py:190} INFO - [2024-11-14T07:30:50.903+0000] {dagbag.py:588} INFO - Filling up the DagBag from /home/airflow/.local/lib/python3.12/site-packages/airflow/example_dags/tutorial_taskflow_api.py
[2024-11-14T07:30:50.911+0000] {processor.py:925} INFO - DAG(s) 'tutorial_taskflow_api' retrieved from /home/airflow/.local/lib/python3.12/site-packages/airflow/example_dags/tutorial_taskflow_api.py
[2024-11-14T07:30:50.930+0000] {logging_mixin.py:190} INFO - [2024-11-14T07:30:50.929+0000] {dag.py:3239} INFO - Sync 1 DAGs
[2024-11-14T07:30:50.946+0000] {logging_mixin.py:190} INFO - [2024-11-14T07:30:50.945+0000] {dag.py:4180} INFO - Setting next_dagrun for tutorial_taskflow_api to None, run_after=None
[2024-11-14T07:30:50.965+0000] {processor.py:208} INFO - Processing /home/airflow/.local/lib/python3.12/site-packages/airflow/example_dags/tutorial_taskflow_api.py took 0.075 seconds
[2024-11-14T07:42:02.969+0000] {processor.py:186} INFO - Started process (PID=72) to work on /home/airflow/.local/lib/python3.12/site-packages/airflow/example_dags/tutorial_taskflow_api.py
[2024-11-14T07:42:02.971+0000] {processor.py:914} INFO - Processing file /home/airflow/.local/lib/python3.12/site-packages/airflow/example_dags/tutorial_taskflow_api.py for tasks to queue
[2024-11-14T07:42:02.974+0000] {logging_mixin.py:190} INFO - [2024-11-14T07:42:02.973+0000] {dagbag.py:588} INFO - Filling up the DagBag from /home/airflow/.local/lib/python3.12/site-packages/airflow/example_dags/tutorial_taskflow_api.py
[2024-11-14T07:42:02.986+0000] {processor.py:925} INFO - DAG(s) 'tutorial_taskflow_api' retrieved from /home/airflow/.local/lib/python3.12/site-packages/airflow/example_dags/tutorial_taskflow_api.py
[2024-11-14T07:42:03.012+0000] {logging_mixin.py:190} INFO - [2024-11-14T07:42:03.012+0000] {dag.py:3239} INFO - Sync 1 DAGs
[2024-11-14T07:42:03.026+0000] {logging_mixin.py:190} INFO - [2024-11-14T07:42:03.026+0000] {dag.py:4180} INFO - Setting next_dagrun for tutorial_taskflow_api to None, run_after=None
[2024-11-14T07:42:03.047+0000] {processor.py:208} INFO - Processing /home/airflow/.local/lib/python3.12/site-packages/airflow/example_dags/tutorial_taskflow_api.py took 0.084 seconds
[2024-11-14T07:42:33.272+0000] {processor.py:186} INFO - Started process (PID=134) to work on /home/airflow/.local/lib/python3.12/site-packages/airflow/example_dags/tutorial_taskflow_api.py
[2024-11-14T07:42:33.273+0000] {processor.py:914} INFO - Processing file /home/airflow/.local/lib/python3.12/site-packages/airflow/example_dags/tutorial_taskflow_api.py for tasks to queue
[2024-11-14T07:42:33.275+0000] {logging_mixin.py:190} INFO - [2024-11-14T07:42:33.275+0000] {dagbag.py:588} INFO - Filling up the DagBag from /home/airflow/.local/lib/python3.12/site-packages/airflow/example_dags/tutorial_taskflow_api.py
[2024-11-14T07:42:33.285+0000] {processor.py:925} INFO - DAG(s) 'tutorial_taskflow_api' retrieved from /home/airflow/.local/lib/python3.12/site-packages/airflow/example_dags/tutorial_taskflow_api.py
[2024-11-14T07:42:33.311+0000] {logging_mixin.py:190} INFO - [2024-11-14T07:42:33.310+0000] {dag.py:3239} INFO - Sync 1 DAGs
[2024-11-14T07:42:33.326+0000] {logging_mixin.py:190} INFO - [2024-11-14T07:42:33.326+0000] {dag.py:4180} INFO - Setting next_dagrun for tutorial_taskflow_api to None, run_after=None
[2024-11-14T07:42:33.371+0000] {processor.py:208} INFO - Processing /home/airflow/.local/lib/python3.12/site-packages/airflow/example_dags/tutorial_taskflow_api.py took 0.105 seconds
[2024-11-14T07:49:33.113+0000] {processor.py:186} INFO - Started process (PID=111) to work on /home/airflow/.local/lib/python3.12/site-packages/airflow/example_dags/tutorial_taskflow_api.py
[2024-11-14T07:49:33.114+0000] {processor.py:914} INFO - Processing file /home/airflow/.local/lib/python3.12/site-packages/airflow/example_dags/tutorial_taskflow_api.py for tasks to queue
[2024-11-14T07:49:33.118+0000] {logging_mixin.py:190} INFO - [2024-11-14T07:49:33.117+0000] {dagbag.py:588} INFO - Filling up the DagBag from /home/airflow/.local/lib/python3.12/site-packages/airflow/example_dags/tutorial_taskflow_api.py
[2024-11-14T07:49:33.128+0000] {processor.py:925} INFO - DAG(s) 'tutorial_taskflow_api' retrieved from /home/airflow/.local/lib/python3.12/site-packages/airflow/example_dags/tutorial_taskflow_api.py
[2024-11-14T07:49:33.158+0000] {logging_mixin.py:190} INFO - [2024-11-14T07:49:33.158+0000] {dag.py:3239} INFO - Sync 1 DAGs
[2024-11-14T07:49:33.172+0000] {logging_mixin.py:190} INFO - [2024-11-14T07:49:33.172+0000] {dag.py:4180} INFO - Setting next_dagrun for tutorial_taskflow_api to None, run_after=None
[2024-11-14T07:49:33.192+0000] {processor.py:208} INFO - Processing /home/airflow/.local/lib/python3.12/site-packages/airflow/example_dags/tutorial_taskflow_api.py took 0.085 seconds
[2024-11-14T07:50:03.930+0000] {processor.py:186} INFO - Started process (PID=173) to work on /home/airflow/.local/lib/python3.12/site-packages/airflow/example_dags/tutorial_taskflow_api.py
[2024-11-14T07:50:03.932+0000] {processor.py:914} INFO - Processing file /home/airflow/.local/lib/python3.12/site-packages/airflow/example_dags/tutorial_taskflow_api.py for tasks to queue
[2024-11-14T07:50:03.935+0000] {logging_mixin.py:190} INFO - [2024-11-14T07:50:03.935+0000] {dagbag.py:588} INFO - Filling up the DagBag from /home/airflow/.local/lib/python3.12/site-packages/airflow/example_dags/tutorial_taskflow_api.py
[2024-11-14T07:50:03.946+0000] {processor.py:925} INFO - DAG(s) 'tutorial_taskflow_api' retrieved from /home/airflow/.local/lib/python3.12/site-packages/airflow/example_dags/tutorial_taskflow_api.py
[2024-11-14T07:50:03.969+0000] {logging_mixin.py:190} INFO - [2024-11-14T07:50:03.969+0000] {dag.py:3239} INFO - Sync 1 DAGs
[2024-11-14T07:50:03.987+0000] {logging_mixin.py:190} INFO - [2024-11-14T07:50:03.986+0000] {dag.py:4180} INFO - Setting next_dagrun for tutorial_taskflow_api to None, run_after=None
[2024-11-14T07:50:04.011+0000] {processor.py:208} INFO - Processing /home/airflow/.local/lib/python3.12/site-packages/airflow/example_dags/tutorial_taskflow_api.py took 0.087 seconds
[2024-11-14T07:50:34.899+0000] {processor.py:186} INFO - Started process (PID=235) to work on /home/airflow/.local/lib/python3.12/site-packages/airflow/example_dags/tutorial_taskflow_api.py
[2024-11-14T07:50:34.901+0000] {processor.py:914} INFO - Processing file /home/airflow/.local/lib/python3.12/site-packages/airflow/example_dags/tutorial_taskflow_api.py for tasks to queue
[2024-11-14T07:50:34.904+0000] {logging_mixin.py:190} INFO - [2024-11-14T07:50:34.903+0000] {dagbag.py:588} INFO - Filling up the DagBag from /home/airflow/.local/lib/python3.12/site-packages/airflow/example_dags/tutorial_taskflow_api.py
[2024-11-14T07:50:34.914+0000] {processor.py:925} INFO - DAG(s) 'tutorial_taskflow_api' retrieved from /home/airflow/.local/lib/python3.12/site-packages/airflow/example_dags/tutorial_taskflow_api.py
[2024-11-14T07:50:34.938+0000] {logging_mixin.py:190} INFO - [2024-11-14T07:50:34.937+0000] {dag.py:3239} INFO - Sync 1 DAGs
[2024-11-14T07:50:34.958+0000] {logging_mixin.py:190} INFO - [2024-11-14T07:50:34.957+0000] {dag.py:4180} INFO - Setting next_dagrun for tutorial_taskflow_api to None, run_after=None
[2024-11-14T07:50:35.001+0000] {processor.py:208} INFO - Processing /home/airflow/.local/lib/python3.12/site-packages/airflow/example_dags/tutorial_taskflow_api.py took 0.111 seconds
[2024-11-14T07:51:05.415+0000] {processor.py:186} INFO - Started process (PID=297) to work on /home/airflow/.local/lib/python3.12/site-packages/airflow/example_dags/tutorial_taskflow_api.py
[2024-11-14T07:51:05.417+0000] {processor.py:914} INFO - Processing file /home/airflow/.local/lib/python3.12/site-packages/airflow/example_dags/tutorial_taskflow_api.py for tasks to queue
[2024-11-14T07:51:05.420+0000] {logging_mixin.py:190} INFO - [2024-11-14T07:51:05.419+0000] {dagbag.py:588} INFO - Filling up the DagBag from /home/airflow/.local/lib/python3.12/site-packages/airflow/example_dags/tutorial_taskflow_api.py
[2024-11-14T07:51:05.429+0000] {processor.py:925} INFO - DAG(s) 'tutorial_taskflow_api' retrieved from /home/airflow/.local/lib/python3.12/site-packages/airflow/example_dags/tutorial_taskflow_api.py
[2024-11-14T07:51:05.459+0000] {logging_mixin.py:190} INFO - [2024-11-14T07:51:05.458+0000] {dag.py:3239} INFO - Sync 1 DAGs
[2024-11-14T07:51:05.480+0000] {logging_mixin.py:190} INFO - [2024-11-14T07:51:05.480+0000] {dag.py:4180} INFO - Setting next_dagrun for tutorial_taskflow_api to None, run_after=None
[2024-11-14T07:51:05.513+0000] {processor.py:208} INFO - Processing /home/airflow/.local/lib/python3.12/site-packages/airflow/example_dags/tutorial_taskflow_api.py took 0.104 seconds
[2024-11-14T07:51:36.381+0000] {processor.py:186} INFO - Started process (PID=359) to work on /home/airflow/.local/lib/python3.12/site-packages/airflow/example_dags/tutorial_taskflow_api.py
[2024-11-14T07:51:36.383+0000] {processor.py:914} INFO - Processing file /home/airflow/.local/lib/python3.12/site-packages/airflow/example_dags/tutorial_taskflow_api.py for tasks to queue
[2024-11-14T07:51:36.386+0000] {logging_mixin.py:190} INFO - [2024-11-14T07:51:36.385+0000] {dagbag.py:588} INFO - Filling up the DagBag from /home/airflow/.local/lib/python3.12/site-packages/airflow/example_dags/tutorial_taskflow_api.py
[2024-11-14T07:51:36.396+0000] {processor.py:925} INFO - DAG(s) 'tutorial_taskflow_api' retrieved from /home/airflow/.local/lib/python3.12/site-packages/airflow/example_dags/tutorial_taskflow_api.py
[2024-11-14T07:51:36.422+0000] {logging_mixin.py:190} INFO - [2024-11-14T07:51:36.422+0000] {dag.py:3239} INFO - Sync 1 DAGs
[2024-11-14T07:51:36.443+0000] {logging_mixin.py:190} INFO - [2024-11-14T07:51:36.443+0000] {dag.py:4180} INFO - Setting next_dagrun for tutorial_taskflow_api to None, run_after=None
[2024-11-14T07:51:36.472+0000] {processor.py:208} INFO - Processing /home/airflow/.local/lib/python3.12/site-packages/airflow/example_dags/tutorial_taskflow_api.py took 0.098 seconds
[2024-11-14T07:52:06.582+0000] {processor.py:186} INFO - Started process (PID=421) to work on /home/airflow/.local/lib/python3.12/site-packages/airflow/example_dags/tutorial_taskflow_api.py
[2024-11-14T07:52:06.583+0000] {processor.py:914} INFO - Processing file /home/airflow/.local/lib/python3.12/site-packages/airflow/example_dags/tutorial_taskflow_api.py for tasks to queue
[2024-11-14T07:52:06.587+0000] {logging_mixin.py:190} INFO - [2024-11-14T07:52:06.586+0000] {dagbag.py:588} INFO - Filling up the DagBag from /home/airflow/.local/lib/python3.12/site-packages/airflow/example_dags/tutorial_taskflow_api.py
[2024-11-14T07:52:06.597+0000] {processor.py:925} INFO - DAG(s) 'tutorial_taskflow_api' retrieved from /home/airflow/.local/lib/python3.12/site-packages/airflow/example_dags/tutorial_taskflow_api.py
[2024-11-14T07:52:06.622+0000] {logging_mixin.py:190} INFO - [2024-11-14T07:52:06.622+0000] {dag.py:3239} INFO - Sync 1 DAGs
[2024-11-14T07:52:06.638+0000] {logging_mixin.py:190} INFO - [2024-11-14T07:52:06.638+0000] {dag.py:4180} INFO - Setting next_dagrun for tutorial_taskflow_api to None, run_after=None
[2024-11-14T07:52:06.661+0000] {processor.py:208} INFO - Processing /home/airflow/.local/lib/python3.12/site-packages/airflow/example_dags/tutorial_taskflow_api.py took 0.086 seconds
[2024-11-14T07:52:36.814+0000] {processor.py:186} INFO - Started process (PID=483) to work on /home/airflow/.local/lib/python3.12/site-packages/airflow/example_dags/tutorial_taskflow_api.py
[2024-11-14T07:52:36.816+0000] {processor.py:914} INFO - Processing file /home/airflow/.local/lib/python3.12/site-packages/airflow/example_dags/tutorial_taskflow_api.py for tasks to queue
[2024-11-14T07:52:36.819+0000] {logging_mixin.py:190} INFO - [2024-11-14T07:52:36.819+0000] {dagbag.py:588} INFO - Filling up the DagBag from /home/airflow/.local/lib/python3.12/site-packages/airflow/example_dags/tutorial_taskflow_api.py
[2024-11-14T07:52:36.828+0000] {processor.py:925} INFO - DAG(s) 'tutorial_taskflow_api' retrieved from /home/airflow/.local/lib/python3.12/site-packages/airflow/example_dags/tutorial_taskflow_api.py
[2024-11-14T07:52:36.853+0000] {logging_mixin.py:190} INFO - [2024-11-14T07:52:36.853+0000] {dag.py:3239} INFO - Sync 1 DAGs
[2024-11-14T07:52:36.871+0000] {logging_mixin.py:190} INFO - [2024-11-14T07:52:36.871+0000] {dag.py:4180} INFO - Setting next_dagrun for tutorial_taskflow_api to None, run_after=None
[2024-11-14T07:52:36.899+0000] {processor.py:208} INFO - Processing /home/airflow/.local/lib/python3.12/site-packages/airflow/example_dags/tutorial_taskflow_api.py took 0.092 seconds
[2024-11-14T07:53:07.719+0000] {processor.py:186} INFO - Started process (PID=545) to work on /home/airflow/.local/lib/python3.12/site-packages/airflow/example_dags/tutorial_taskflow_api.py
[2024-11-14T07:53:07.720+0000] {processor.py:914} INFO - Processing file /home/airflow/.local/lib/python3.12/site-packages/airflow/example_dags/tutorial_taskflow_api.py for tasks to queue
[2024-11-14T07:53:07.723+0000] {logging_mixin.py:190} INFO - [2024-11-14T07:53:07.723+0000] {dagbag.py:588} INFO - Filling up the DagBag from /home/airflow/.local/lib/python3.12/site-packages/airflow/example_dags/tutorial_taskflow_api.py
[2024-11-14T07:53:07.733+0000] {processor.py:925} INFO - DAG(s) 'tutorial_taskflow_api' retrieved from /home/airflow/.local/lib/python3.12/site-packages/airflow/example_dags/tutorial_taskflow_api.py
[2024-11-14T07:53:07.756+0000] {logging_mixin.py:190} INFO - [2024-11-14T07:53:07.755+0000] {dag.py:3239} INFO - Sync 1 DAGs
[2024-11-14T07:53:07.776+0000] {logging_mixin.py:190} INFO - [2024-11-14T07:53:07.776+0000] {dag.py:4180} INFO - Setting next_dagrun for tutorial_taskflow_api to None, run_after=None
[2024-11-14T07:53:07.802+0000] {processor.py:208} INFO - Processing /home/airflow/.local/lib/python3.12/site-packages/airflow/example_dags/tutorial_taskflow_api.py took 0.090 seconds
[2024-11-14T07:53:38.413+0000] {processor.py:186} INFO - Started process (PID=607) to work on /home/airflow/.local/lib/python3.12/site-packages/airflow/example_dags/tutorial_taskflow_api.py
[2024-11-14T07:53:38.414+0000] {processor.py:914} INFO - Processing file /home/airflow/.local/lib/python3.12/site-packages/airflow/example_dags/tutorial_taskflow_api.py for tasks to queue
[2024-11-14T07:53:38.417+0000] {logging_mixin.py:190} INFO - [2024-11-14T07:53:38.417+0000] {dagbag.py:588} INFO - Filling up the DagBag from /home/airflow/.local/lib/python3.12/site-packages/airflow/example_dags/tutorial_taskflow_api.py
[2024-11-14T07:53:38.426+0000] {processor.py:925} INFO - DAG(s) 'tutorial_taskflow_api' retrieved from /home/airflow/.local/lib/python3.12/site-packages/airflow/example_dags/tutorial_taskflow_api.py
[2024-11-14T07:53:38.450+0000] {logging_mixin.py:190} INFO - [2024-11-14T07:53:38.450+0000] {dag.py:3239} INFO - Sync 1 DAGs
[2024-11-14T07:53:38.470+0000] {logging_mixin.py:190} INFO - [2024-11-14T07:53:38.470+0000] {dag.py:4180} INFO - Setting next_dagrun for tutorial_taskflow_api to None, run_after=None
[2024-11-14T07:53:38.502+0000] {processor.py:208} INFO - Processing /home/airflow/.local/lib/python3.12/site-packages/airflow/example_dags/tutorial_taskflow_api.py took 0.097 seconds
[2024-11-14T07:54:09.187+0000] {processor.py:186} INFO - Started process (PID=669) to work on /home/airflow/.local/lib/python3.12/site-packages/airflow/example_dags/tutorial_taskflow_api.py
[2024-11-14T07:54:09.189+0000] {processor.py:914} INFO - Processing file /home/airflow/.local/lib/python3.12/site-packages/airflow/example_dags/tutorial_taskflow_api.py for tasks to queue
[2024-11-14T07:54:09.192+0000] {logging_mixin.py:190} INFO - [2024-11-14T07:54:09.192+0000] {dagbag.py:588} INFO - Filling up the DagBag from /home/airflow/.local/lib/python3.12/site-packages/airflow/example_dags/tutorial_taskflow_api.py
[2024-11-14T07:54:09.202+0000] {processor.py:925} INFO - DAG(s) 'tutorial_taskflow_api' retrieved from /home/airflow/.local/lib/python3.12/site-packages/airflow/example_dags/tutorial_taskflow_api.py
[2024-11-14T07:54:09.225+0000] {logging_mixin.py:190} INFO - [2024-11-14T07:54:09.225+0000] {dag.py:3239} INFO - Sync 1 DAGs
[2024-11-14T07:54:09.240+0000] {logging_mixin.py:190} INFO - [2024-11-14T07:54:09.240+0000] {dag.py:4180} INFO - Setting next_dagrun for tutorial_taskflow_api to None, run_after=None
[2024-11-14T07:54:09.263+0000] {processor.py:208} INFO - Processing /home/airflow/.local/lib/python3.12/site-packages/airflow/example_dags/tutorial_taskflow_api.py took 0.082 seconds
[2024-11-14T07:54:39.971+0000] {processor.py:186} INFO - Started process (PID=731) to work on /home/airflow/.local/lib/python3.12/site-packages/airflow/example_dags/tutorial_taskflow_api.py
[2024-11-14T07:54:39.973+0000] {processor.py:914} INFO - Processing file /home/airflow/.local/lib/python3.12/site-packages/airflow/example_dags/tutorial_taskflow_api.py for tasks to queue
[2024-11-14T07:54:39.975+0000] {logging_mixin.py:190} INFO - [2024-11-14T07:54:39.975+0000] {dagbag.py:588} INFO - Filling up the DagBag from /home/airflow/.local/lib/python3.12/site-packages/airflow/example_dags/tutorial_taskflow_api.py
[2024-11-14T07:54:39.985+0000] {processor.py:925} INFO - DAG(s) 'tutorial_taskflow_api' retrieved from /home/airflow/.local/lib/python3.12/site-packages/airflow/example_dags/tutorial_taskflow_api.py
[2024-11-14T07:54:40.007+0000] {logging_mixin.py:190} INFO - [2024-11-14T07:54:40.007+0000] {dag.py:3239} INFO - Sync 1 DAGs
[2024-11-14T07:54:40.025+0000] {logging_mixin.py:190} INFO - [2024-11-14T07:54:40.025+0000] {dag.py:4180} INFO - Setting next_dagrun for tutorial_taskflow_api to None, run_after=None
[2024-11-14T07:54:40.049+0000] {processor.py:208} INFO - Processing /home/airflow/.local/lib/python3.12/site-packages/airflow/example_dags/tutorial_taskflow_api.py took 0.084 seconds
[2024-11-14T07:55:10.552+0000] {processor.py:186} INFO - Started process (PID=793) to work on /home/airflow/.local/lib/python3.12/site-packages/airflow/example_dags/tutorial_taskflow_api.py
[2024-11-14T07:55:10.553+0000] {processor.py:914} INFO - Processing file /home/airflow/.local/lib/python3.12/site-packages/airflow/example_dags/tutorial_taskflow_api.py for tasks to queue
[2024-11-14T07:55:10.555+0000] {logging_mixin.py:190} INFO - [2024-11-14T07:55:10.555+0000] {dagbag.py:588} INFO - Filling up the DagBag from /home/airflow/.local/lib/python3.12/site-packages/airflow/example_dags/tutorial_taskflow_api.py
[2024-11-14T07:55:10.562+0000] {processor.py:925} INFO - DAG(s) 'tutorial_taskflow_api' retrieved from /home/airflow/.local/lib/python3.12/site-packages/airflow/example_dags/tutorial_taskflow_api.py
[2024-11-14T07:55:10.582+0000] {logging_mixin.py:190} INFO - [2024-11-14T07:55:10.582+0000] {dag.py:3239} INFO - Sync 1 DAGs
[2024-11-14T07:55:10.595+0000] {logging_mixin.py:190} INFO - [2024-11-14T07:55:10.594+0000] {dag.py:4180} INFO - Setting next_dagrun for tutorial_taskflow_api to None, run_after=None
[2024-11-14T07:55:10.617+0000] {processor.py:208} INFO - Processing /home/airflow/.local/lib/python3.12/site-packages/airflow/example_dags/tutorial_taskflow_api.py took 0.070 seconds
[2024-11-14T07:55:41.030+0000] {processor.py:186} INFO - Started process (PID=855) to work on /home/airflow/.local/lib/python3.12/site-packages/airflow/example_dags/tutorial_taskflow_api.py
[2024-11-14T07:55:41.031+0000] {processor.py:914} INFO - Processing file /home/airflow/.local/lib/python3.12/site-packages/airflow/example_dags/tutorial_taskflow_api.py for tasks to queue
[2024-11-14T07:55:41.035+0000] {logging_mixin.py:190} INFO - [2024-11-14T07:55:41.034+0000] {dagbag.py:588} INFO - Filling up the DagBag from /home/airflow/.local/lib/python3.12/site-packages/airflow/example_dags/tutorial_taskflow_api.py
[2024-11-14T07:55:41.043+0000] {processor.py:925} INFO - DAG(s) 'tutorial_taskflow_api' retrieved from /home/airflow/.local/lib/python3.12/site-packages/airflow/example_dags/tutorial_taskflow_api.py
[2024-11-14T07:55:41.065+0000] {logging_mixin.py:190} INFO - [2024-11-14T07:55:41.065+0000] {dag.py:3239} INFO - Sync 1 DAGs
[2024-11-14T07:55:41.078+0000] {logging_mixin.py:190} INFO - [2024-11-14T07:55:41.078+0000] {dag.py:4180} INFO - Setting next_dagrun for tutorial_taskflow_api to None, run_after=None
[2024-11-14T07:55:41.137+0000] {processor.py:208} INFO - Processing /home/airflow/.local/lib/python3.12/site-packages/airflow/example_dags/tutorial_taskflow_api.py took 0.113 seconds
[2024-11-14T07:56:11.866+0000] {processor.py:186} INFO - Started process (PID=917) to work on /home/airflow/.local/lib/python3.12/site-packages/airflow/example_dags/tutorial_taskflow_api.py
[2024-11-14T07:56:11.868+0000] {processor.py:914} INFO - Processing file /home/airflow/.local/lib/python3.12/site-packages/airflow/example_dags/tutorial_taskflow_api.py for tasks to queue
[2024-11-14T07:56:11.871+0000] {logging_mixin.py:190} INFO - [2024-11-14T07:56:11.871+0000] {dagbag.py:588} INFO - Filling up the DagBag from /home/airflow/.local/lib/python3.12/site-packages/airflow/example_dags/tutorial_taskflow_api.py
[2024-11-14T07:56:11.879+0000] {processor.py:925} INFO - DAG(s) 'tutorial_taskflow_api' retrieved from /home/airflow/.local/lib/python3.12/site-packages/airflow/example_dags/tutorial_taskflow_api.py
[2024-11-14T07:56:11.902+0000] {logging_mixin.py:190} INFO - [2024-11-14T07:56:11.901+0000] {dag.py:3239} INFO - Sync 1 DAGs
[2024-11-14T07:56:11.918+0000] {logging_mixin.py:190} INFO - [2024-11-14T07:56:11.918+0000] {dag.py:4180} INFO - Setting next_dagrun for tutorial_taskflow_api to None, run_after=None
[2024-11-14T07:56:11.942+0000] {processor.py:208} INFO - Processing /home/airflow/.local/lib/python3.12/site-packages/airflow/example_dags/tutorial_taskflow_api.py took 0.081 seconds
[2024-11-14T07:56:42.265+0000] {processor.py:186} INFO - Started process (PID=978) to work on /home/airflow/.local/lib/python3.12/site-packages/airflow/example_dags/tutorial_taskflow_api.py
[2024-11-14T07:56:42.267+0000] {processor.py:914} INFO - Processing file /home/airflow/.local/lib/python3.12/site-packages/airflow/example_dags/tutorial_taskflow_api.py for tasks to queue
[2024-11-14T07:56:42.270+0000] {logging_mixin.py:190} INFO - [2024-11-14T07:56:42.270+0000] {dagbag.py:588} INFO - Filling up the DagBag from /home/airflow/.local/lib/python3.12/site-packages/airflow/example_dags/tutorial_taskflow_api.py
[2024-11-14T07:56:42.281+0000] {processor.py:925} INFO - DAG(s) 'tutorial_taskflow_api' retrieved from /home/airflow/.local/lib/python3.12/site-packages/airflow/example_dags/tutorial_taskflow_api.py
[2024-11-14T07:56:42.309+0000] {logging_mixin.py:190} INFO - [2024-11-14T07:56:42.309+0000] {dag.py:3239} INFO - Sync 1 DAGs
[2024-11-14T07:56:42.327+0000] {logging_mixin.py:190} INFO - [2024-11-14T07:56:42.327+0000] {dag.py:4180} INFO - Setting next_dagrun for tutorial_taskflow_api to None, run_after=None
[2024-11-14T07:56:42.350+0000] {processor.py:208} INFO - Processing /home/airflow/.local/lib/python3.12/site-packages/airflow/example_dags/tutorial_taskflow_api.py took 0.092 seconds
[2024-11-14T07:57:12.964+0000] {processor.py:186} INFO - Started process (PID=1040) to work on /home/airflow/.local/lib/python3.12/site-packages/airflow/example_dags/tutorial_taskflow_api.py
[2024-11-14T07:57:12.965+0000] {processor.py:914} INFO - Processing file /home/airflow/.local/lib/python3.12/site-packages/airflow/example_dags/tutorial_taskflow_api.py for tasks to queue
[2024-11-14T07:57:12.968+0000] {logging_mixin.py:190} INFO - [2024-11-14T07:57:12.967+0000] {dagbag.py:588} INFO - Filling up the DagBag from /home/airflow/.local/lib/python3.12/site-packages/airflow/example_dags/tutorial_taskflow_api.py
[2024-11-14T07:57:12.977+0000] {processor.py:925} INFO - DAG(s) 'tutorial_taskflow_api' retrieved from /home/airflow/.local/lib/python3.12/site-packages/airflow/example_dags/tutorial_taskflow_api.py
[2024-11-14T07:57:13.003+0000] {logging_mixin.py:190} INFO - [2024-11-14T07:57:13.003+0000] {dag.py:3239} INFO - Sync 1 DAGs
[2024-11-14T07:57:13.021+0000] {logging_mixin.py:190} INFO - [2024-11-14T07:57:13.021+0000] {dag.py:4180} INFO - Setting next_dagrun for tutorial_taskflow_api to None, run_after=None
[2024-11-14T07:57:13.061+0000] {processor.py:208} INFO - Processing /home/airflow/.local/lib/python3.12/site-packages/airflow/example_dags/tutorial_taskflow_api.py took 0.103 seconds
[2024-11-14T08:07:59.467+0000] {processor.py:186} INFO - Started process (PID=72) to work on /home/airflow/.local/lib/python3.12/site-packages/airflow/example_dags/tutorial_taskflow_api.py
[2024-11-14T08:07:59.476+0000] {processor.py:914} INFO - Processing file /home/airflow/.local/lib/python3.12/site-packages/airflow/example_dags/tutorial_taskflow_api.py for tasks to queue
[2024-11-14T08:07:59.482+0000] {logging_mixin.py:190} INFO - [2024-11-14T08:07:59.481+0000] {dagbag.py:588} INFO - Filling up the DagBag from /home/airflow/.local/lib/python3.12/site-packages/airflow/example_dags/tutorial_taskflow_api.py
[2024-11-14T08:07:59.499+0000] {processor.py:925} INFO - DAG(s) 'tutorial_taskflow_api' retrieved from /home/airflow/.local/lib/python3.12/site-packages/airflow/example_dags/tutorial_taskflow_api.py
[2024-11-14T08:07:59.559+0000] {logging_mixin.py:190} INFO - [2024-11-14T08:07:59.559+0000] {dag.py:3239} INFO - Sync 1 DAGs
[2024-11-14T08:07:59.598+0000] {logging_mixin.py:190} INFO - [2024-11-14T08:07:59.597+0000] {dag.py:4180} INFO - Setting next_dagrun for tutorial_taskflow_api to None, run_after=None
[2024-11-14T08:07:59.645+0000] {processor.py:208} INFO - Processing /home/airflow/.local/lib/python3.12/site-packages/airflow/example_dags/tutorial_taskflow_api.py took 0.188 seconds
[2024-11-14T08:08:30.448+0000] {processor.py:186} INFO - Started process (PID=134) to work on /home/airflow/.local/lib/python3.12/site-packages/airflow/example_dags/tutorial_taskflow_api.py
[2024-11-14T08:08:30.450+0000] {processor.py:914} INFO - Processing file /home/airflow/.local/lib/python3.12/site-packages/airflow/example_dags/tutorial_taskflow_api.py for tasks to queue
[2024-11-14T08:08:30.454+0000] {logging_mixin.py:190} INFO - [2024-11-14T08:08:30.454+0000] {dagbag.py:588} INFO - Filling up the DagBag from /home/airflow/.local/lib/python3.12/site-packages/airflow/example_dags/tutorial_taskflow_api.py
[2024-11-14T08:08:30.469+0000] {processor.py:925} INFO - DAG(s) 'tutorial_taskflow_api' retrieved from /home/airflow/.local/lib/python3.12/site-packages/airflow/example_dags/tutorial_taskflow_api.py
[2024-11-14T08:08:30.493+0000] {logging_mixin.py:190} INFO - [2024-11-14T08:08:30.493+0000] {dag.py:3239} INFO - Sync 1 DAGs
[2024-11-14T08:08:30.515+0000] {logging_mixin.py:190} INFO - [2024-11-14T08:08:30.514+0000] {dag.py:4180} INFO - Setting next_dagrun for tutorial_taskflow_api to None, run_after=None
[2024-11-14T08:08:30.543+0000] {processor.py:208} INFO - Processing /home/airflow/.local/lib/python3.12/site-packages/airflow/example_dags/tutorial_taskflow_api.py took 0.104 seconds
[2024-11-14T08:09:01.296+0000] {processor.py:186} INFO - Started process (PID=202) to work on /home/airflow/.local/lib/python3.12/site-packages/airflow/example_dags/tutorial_taskflow_api.py
[2024-11-14T08:09:01.298+0000] {processor.py:914} INFO - Processing file /home/airflow/.local/lib/python3.12/site-packages/airflow/example_dags/tutorial_taskflow_api.py for tasks to queue
[2024-11-14T08:09:01.301+0000] {logging_mixin.py:190} INFO - [2024-11-14T08:09:01.300+0000] {dagbag.py:588} INFO - Filling up the DagBag from /home/airflow/.local/lib/python3.12/site-packages/airflow/example_dags/tutorial_taskflow_api.py
[2024-11-14T08:09:01.313+0000] {processor.py:925} INFO - DAG(s) 'tutorial_taskflow_api' retrieved from /home/airflow/.local/lib/python3.12/site-packages/airflow/example_dags/tutorial_taskflow_api.py
[2024-11-14T08:09:01.337+0000] {logging_mixin.py:190} INFO - [2024-11-14T08:09:01.337+0000] {dag.py:3239} INFO - Sync 1 DAGs
[2024-11-14T08:09:01.353+0000] {logging_mixin.py:190} INFO - [2024-11-14T08:09:01.353+0000] {dag.py:4180} INFO - Setting next_dagrun for tutorial_taskflow_api to None, run_after=None
[2024-11-14T08:09:01.375+0000] {processor.py:208} INFO - Processing /home/airflow/.local/lib/python3.12/site-packages/airflow/example_dags/tutorial_taskflow_api.py took 0.085 seconds
[2024-11-14T08:15:20.186+0000] {processor.py:186} INFO - Started process (PID=79) to work on /home/airflow/.local/lib/python3.12/site-packages/airflow/example_dags/tutorial_taskflow_api.py
[2024-11-14T08:15:20.188+0000] {processor.py:914} INFO - Processing file /home/airflow/.local/lib/python3.12/site-packages/airflow/example_dags/tutorial_taskflow_api.py for tasks to queue
[2024-11-14T08:15:20.191+0000] {logging_mixin.py:190} INFO - [2024-11-14T08:15:20.190+0000] {dagbag.py:588} INFO - Filling up the DagBag from /home/airflow/.local/lib/python3.12/site-packages/airflow/example_dags/tutorial_taskflow_api.py
[2024-11-14T08:15:20.204+0000] {processor.py:925} INFO - DAG(s) 'tutorial_taskflow_api' retrieved from /home/airflow/.local/lib/python3.12/site-packages/airflow/example_dags/tutorial_taskflow_api.py
[2024-11-14T08:15:20.320+0000] {logging_mixin.py:190} INFO - [2024-11-14T08:15:20.320+0000] {override.py:1900} INFO - Created Permission View: can edit on DAG:tutorial_taskflow_api
[2024-11-14T08:15:20.333+0000] {logging_mixin.py:190} INFO - [2024-11-14T08:15:20.332+0000] {override.py:1900} INFO - Created Permission View: can delete on DAG:tutorial_taskflow_api
[2024-11-14T08:15:20.342+0000] {logging_mixin.py:190} INFO - [2024-11-14T08:15:20.342+0000] {override.py:1900} INFO - Created Permission View: can read on DAG:tutorial_taskflow_api
[2024-11-14T08:15:20.354+0000] {logging_mixin.py:190} INFO - [2024-11-14T08:15:20.354+0000] {override.py:1900} INFO - Created Permission View: can delete on DAG Run:tutorial_taskflow_api
[2024-11-14T08:15:20.365+0000] {logging_mixin.py:190} INFO - [2024-11-14T08:15:20.364+0000] {override.py:1900} INFO - Created Permission View: can read on DAG Run:tutorial_taskflow_api
[2024-11-14T08:15:20.375+0000] {logging_mixin.py:190} INFO - [2024-11-14T08:15:20.375+0000] {override.py:1900} INFO - Created Permission View: can create on DAG Run:tutorial_taskflow_api
[2024-11-14T08:15:20.386+0000] {logging_mixin.py:190} INFO - [2024-11-14T08:15:20.385+0000] {override.py:1900} INFO - Created Permission View: menu access on DAG Run:tutorial_taskflow_api
[2024-11-14T08:15:20.387+0000] {logging_mixin.py:190} INFO - [2024-11-14T08:15:20.387+0000] {dag.py:3239} INFO - Sync 1 DAGs
[2024-11-14T08:15:20.401+0000] {logging_mixin.py:190} INFO - [2024-11-14T08:15:20.400+0000] {dag.py:3262} INFO - Creating ORM DAG for tutorial_taskflow_api
[2024-11-14T08:15:20.402+0000] {logging_mixin.py:190} INFO - [2024-11-14T08:15:20.402+0000] {dag.py:4180} INFO - Setting next_dagrun for tutorial_taskflow_api to None, run_after=None
[2024-11-14T08:15:20.423+0000] {processor.py:208} INFO - Processing /home/airflow/.local/lib/python3.12/site-packages/airflow/example_dags/tutorial_taskflow_api.py took 0.244 seconds
[2024-11-14T08:16:12.308+0000] {processor.py:186} INFO - Started process (PID=69) to work on /home/airflow/.local/lib/python3.12/site-packages/airflow/example_dags/tutorial_taskflow_api.py
[2024-11-14T08:16:12.309+0000] {processor.py:914} INFO - Processing file /home/airflow/.local/lib/python3.12/site-packages/airflow/example_dags/tutorial_taskflow_api.py for tasks to queue
[2024-11-14T08:16:12.313+0000] {logging_mixin.py:190} INFO - [2024-11-14T08:16:12.312+0000] {dagbag.py:588} INFO - Filling up the DagBag from /home/airflow/.local/lib/python3.12/site-packages/airflow/example_dags/tutorial_taskflow_api.py
[2024-11-14T08:16:12.323+0000] {processor.py:925} INFO - DAG(s) 'tutorial_taskflow_api' retrieved from /home/airflow/.local/lib/python3.12/site-packages/airflow/example_dags/tutorial_taskflow_api.py
[2024-11-14T08:16:12.353+0000] {logging_mixin.py:190} INFO - [2024-11-14T08:16:12.353+0000] {dag.py:3239} INFO - Sync 1 DAGs
[2024-11-14T08:16:12.365+0000] {logging_mixin.py:190} INFO - [2024-11-14T08:16:12.365+0000] {dag.py:4180} INFO - Setting next_dagrun for tutorial_taskflow_api to None, run_after=None
[2024-11-14T08:16:12.385+0000] {processor.py:208} INFO - Processing /home/airflow/.local/lib/python3.12/site-packages/airflow/example_dags/tutorial_taskflow_api.py took 0.085 seconds
[2024-11-14T08:16:48.190+0000] {processor.py:186} INFO - Started process (PID=132) to work on /home/airflow/.local/lib/python3.12/site-packages/airflow/example_dags/tutorial_taskflow_api.py
[2024-11-14T08:16:48.191+0000] {processor.py:914} INFO - Processing file /home/airflow/.local/lib/python3.12/site-packages/airflow/example_dags/tutorial_taskflow_api.py for tasks to queue
[2024-11-14T08:16:48.197+0000] {logging_mixin.py:190} INFO - [2024-11-14T08:16:48.196+0000] {dagbag.py:588} INFO - Filling up the DagBag from /home/airflow/.local/lib/python3.12/site-packages/airflow/example_dags/tutorial_taskflow_api.py
[2024-11-14T08:16:48.208+0000] {processor.py:925} INFO - DAG(s) 'tutorial_taskflow_api' retrieved from /home/airflow/.local/lib/python3.12/site-packages/airflow/example_dags/tutorial_taskflow_api.py
[2024-11-14T08:16:48.234+0000] {logging_mixin.py:190} INFO - [2024-11-14T08:16:48.233+0000] {dag.py:3239} INFO - Sync 1 DAGs
[2024-11-14T08:16:48.253+0000] {logging_mixin.py:190} INFO - [2024-11-14T08:16:48.253+0000] {dag.py:4180} INFO - Setting next_dagrun for tutorial_taskflow_api to None, run_after=None
[2024-11-14T08:16:48.273+0000] {processor.py:208} INFO - Processing /home/airflow/.local/lib/python3.12/site-packages/airflow/example_dags/tutorial_taskflow_api.py took 0.092 seconds
[2024-11-14T08:17:18.879+0000] {processor.py:186} INFO - Started process (PID=194) to work on /home/airflow/.local/lib/python3.12/site-packages/airflow/example_dags/tutorial_taskflow_api.py
[2024-11-14T08:17:18.881+0000] {processor.py:914} INFO - Processing file /home/airflow/.local/lib/python3.12/site-packages/airflow/example_dags/tutorial_taskflow_api.py for tasks to queue
[2024-11-14T08:17:18.883+0000] {logging_mixin.py:190} INFO - [2024-11-14T08:17:18.883+0000] {dagbag.py:588} INFO - Filling up the DagBag from /home/airflow/.local/lib/python3.12/site-packages/airflow/example_dags/tutorial_taskflow_api.py
[2024-11-14T08:17:18.891+0000] {processor.py:925} INFO - DAG(s) 'tutorial_taskflow_api' retrieved from /home/airflow/.local/lib/python3.12/site-packages/airflow/example_dags/tutorial_taskflow_api.py
[2024-11-14T08:17:18.914+0000] {logging_mixin.py:190} INFO - [2024-11-14T08:17:18.914+0000] {dag.py:3239} INFO - Sync 1 DAGs
[2024-11-14T08:17:18.929+0000] {logging_mixin.py:190} INFO - [2024-11-14T08:17:18.928+0000] {dag.py:4180} INFO - Setting next_dagrun for tutorial_taskflow_api to None, run_after=None
[2024-11-14T08:17:18.953+0000] {processor.py:208} INFO - Processing /home/airflow/.local/lib/python3.12/site-packages/airflow/example_dags/tutorial_taskflow_api.py took 0.079 seconds
[2024-11-14T08:17:49.807+0000] {processor.py:186} INFO - Started process (PID=256) to work on /home/airflow/.local/lib/python3.12/site-packages/airflow/example_dags/tutorial_taskflow_api.py
[2024-11-14T08:17:49.808+0000] {processor.py:914} INFO - Processing file /home/airflow/.local/lib/python3.12/site-packages/airflow/example_dags/tutorial_taskflow_api.py for tasks to queue
[2024-11-14T08:17:49.812+0000] {logging_mixin.py:190} INFO - [2024-11-14T08:17:49.811+0000] {dagbag.py:588} INFO - Filling up the DagBag from /home/airflow/.local/lib/python3.12/site-packages/airflow/example_dags/tutorial_taskflow_api.py
[2024-11-14T08:17:49.826+0000] {processor.py:925} INFO - DAG(s) 'tutorial_taskflow_api' retrieved from /home/airflow/.local/lib/python3.12/site-packages/airflow/example_dags/tutorial_taskflow_api.py
[2024-11-14T08:17:49.862+0000] {logging_mixin.py:190} INFO - [2024-11-14T08:17:49.861+0000] {dag.py:3239} INFO - Sync 1 DAGs
[2024-11-14T08:17:49.882+0000] {logging_mixin.py:190} INFO - [2024-11-14T08:17:49.882+0000] {dag.py:4180} INFO - Setting next_dagrun for tutorial_taskflow_api to None, run_after=None
[2024-11-14T08:17:49.908+0000] {processor.py:208} INFO - Processing /home/airflow/.local/lib/python3.12/site-packages/airflow/example_dags/tutorial_taskflow_api.py took 0.111 seconds
[2024-11-14T08:18:20.627+0000] {processor.py:186} INFO - Started process (PID=318) to work on /home/airflow/.local/lib/python3.12/site-packages/airflow/example_dags/tutorial_taskflow_api.py
[2024-11-14T08:18:20.628+0000] {processor.py:914} INFO - Processing file /home/airflow/.local/lib/python3.12/site-packages/airflow/example_dags/tutorial_taskflow_api.py for tasks to queue
[2024-11-14T08:18:20.631+0000] {logging_mixin.py:190} INFO - [2024-11-14T08:18:20.630+0000] {dagbag.py:588} INFO - Filling up the DagBag from /home/airflow/.local/lib/python3.12/site-packages/airflow/example_dags/tutorial_taskflow_api.py
[2024-11-14T08:18:20.638+0000] {processor.py:925} INFO - DAG(s) 'tutorial_taskflow_api' retrieved from /home/airflow/.local/lib/python3.12/site-packages/airflow/example_dags/tutorial_taskflow_api.py
[2024-11-14T08:18:20.660+0000] {logging_mixin.py:190} INFO - [2024-11-14T08:18:20.659+0000] {dag.py:3239} INFO - Sync 1 DAGs
[2024-11-14T08:18:20.673+0000] {logging_mixin.py:190} INFO - [2024-11-14T08:18:20.673+0000] {dag.py:4180} INFO - Setting next_dagrun for tutorial_taskflow_api to None, run_after=None
[2024-11-14T08:18:20.696+0000] {processor.py:208} INFO - Processing /home/airflow/.local/lib/python3.12/site-packages/airflow/example_dags/tutorial_taskflow_api.py took 0.074 seconds
