[2024-11-14T07:29:52.976+0000] {processor.py:186} INFO - Started process (PID=965) to work on /home/airflow/.local/lib/python3.12/site-packages/airflow/example_dags/tutorial.py
[2024-11-14T07:29:52.977+0000] {processor.py:914} INFO - Processing file /home/airflow/.local/lib/python3.12/site-packages/airflow/example_dags/tutorial.py for tasks to queue
[2024-11-14T07:29:52.980+0000] {logging_mixin.py:190} INFO - [2024-11-14T07:29:52.980+0000] {dagbag.py:588} INFO - Filling up the DagBag from /home/airflow/.local/lib/python3.12/site-packages/airflow/example_dags/tutorial.py
[2024-11-14T07:29:52.988+0000] {processor.py:925} INFO - DAG(s) 'tutorial' retrieved from /home/airflow/.local/lib/python3.12/site-packages/airflow/example_dags/tutorial.py
[2024-11-14T07:29:53.011+0000] {logging_mixin.py:190} INFO - [2024-11-14T07:29:53.011+0000] {dag.py:3239} INFO - Sync 1 DAGs
[2024-11-14T07:29:53.034+0000] {logging_mixin.py:190} INFO - [2024-11-14T07:29:53.034+0000] {dag.py:4180} INFO - Setting next_dagrun for tutorial to 2024-11-13 00:00:00+00:00, run_after=2024-11-14 00:00:00+00:00
[2024-11-14T07:29:53.061+0000] {processor.py:208} INFO - Processing /home/airflow/.local/lib/python3.12/site-packages/airflow/example_dags/tutorial.py took 0.091 seconds
[2024-11-14T07:30:24.739+0000] {processor.py:186} INFO - Started process (PID=1028) to work on /home/airflow/.local/lib/python3.12/site-packages/airflow/example_dags/tutorial.py
[2024-11-14T07:30:24.741+0000] {processor.py:914} INFO - Processing file /home/airflow/.local/lib/python3.12/site-packages/airflow/example_dags/tutorial.py for tasks to queue
[2024-11-14T07:30:24.746+0000] {logging_mixin.py:190} INFO - [2024-11-14T07:30:24.745+0000] {dagbag.py:588} INFO - Filling up the DagBag from /home/airflow/.local/lib/python3.12/site-packages/airflow/example_dags/tutorial.py
[2024-11-14T07:30:24.762+0000] {processor.py:925} INFO - DAG(s) 'tutorial' retrieved from /home/airflow/.local/lib/python3.12/site-packages/airflow/example_dags/tutorial.py
[2024-11-14T07:30:24.804+0000] {logging_mixin.py:190} INFO - [2024-11-14T07:30:24.803+0000] {dag.py:3239} INFO - Sync 1 DAGs
[2024-11-14T07:30:24.853+0000] {logging_mixin.py:190} INFO - [2024-11-14T07:30:24.852+0000] {dag.py:4180} INFO - Setting next_dagrun for tutorial to 2024-11-13 00:00:00+00:00, run_after=2024-11-14 00:00:00+00:00
[2024-11-14T07:30:24.895+0000] {processor.py:208} INFO - Processing /home/airflow/.local/lib/python3.12/site-packages/airflow/example_dags/tutorial.py took 0.172 seconds
[2024-11-14T07:30:54.983+0000] {processor.py:186} INFO - Started process (PID=1090) to work on /home/airflow/.local/lib/python3.12/site-packages/airflow/example_dags/tutorial.py
[2024-11-14T07:30:54.984+0000] {processor.py:914} INFO - Processing file /home/airflow/.local/lib/python3.12/site-packages/airflow/example_dags/tutorial.py for tasks to queue
[2024-11-14T07:30:54.989+0000] {logging_mixin.py:190} INFO - [2024-11-14T07:30:54.989+0000] {dagbag.py:588} INFO - Filling up the DagBag from /home/airflow/.local/lib/python3.12/site-packages/airflow/example_dags/tutorial.py
[2024-11-14T07:30:55.014+0000] {processor.py:925} INFO - DAG(s) 'tutorial' retrieved from /home/airflow/.local/lib/python3.12/site-packages/airflow/example_dags/tutorial.py
[2024-11-14T07:30:55.058+0000] {logging_mixin.py:190} INFO - [2024-11-14T07:30:55.057+0000] {dag.py:3239} INFO - Sync 1 DAGs
[2024-11-14T07:30:55.120+0000] {logging_mixin.py:190} INFO - [2024-11-14T07:30:55.120+0000] {dag.py:4180} INFO - Setting next_dagrun for tutorial to 2024-11-13 00:00:00+00:00, run_after=2024-11-14 00:00:00+00:00
[2024-11-14T07:30:55.162+0000] {processor.py:208} INFO - Processing /home/airflow/.local/lib/python3.12/site-packages/airflow/example_dags/tutorial.py took 0.191 seconds
[2024-11-14T07:42:05.626+0000] {processor.py:186} INFO - Started process (PID=105) to work on /home/airflow/.local/lib/python3.12/site-packages/airflow/example_dags/tutorial.py
[2024-11-14T07:42:05.628+0000] {processor.py:914} INFO - Processing file /home/airflow/.local/lib/python3.12/site-packages/airflow/example_dags/tutorial.py for tasks to queue
[2024-11-14T07:42:05.631+0000] {logging_mixin.py:190} INFO - [2024-11-14T07:42:05.631+0000] {dagbag.py:588} INFO - Filling up the DagBag from /home/airflow/.local/lib/python3.12/site-packages/airflow/example_dags/tutorial.py
[2024-11-14T07:42:05.641+0000] {processor.py:925} INFO - DAG(s) 'tutorial' retrieved from /home/airflow/.local/lib/python3.12/site-packages/airflow/example_dags/tutorial.py
[2024-11-14T07:42:05.663+0000] {logging_mixin.py:190} INFO - [2024-11-14T07:42:05.663+0000] {dag.py:3239} INFO - Sync 1 DAGs
[2024-11-14T07:42:05.686+0000] {logging_mixin.py:190} INFO - [2024-11-14T07:42:05.685+0000] {dag.py:4180} INFO - Setting next_dagrun for tutorial to 2024-11-13 00:00:00+00:00, run_after=2024-11-14 00:00:00+00:00
[2024-11-14T07:42:05.706+0000] {processor.py:208} INFO - Processing /home/airflow/.local/lib/python3.12/site-packages/airflow/example_dags/tutorial.py took 0.086 seconds
[2024-11-14T07:42:36.711+0000] {processor.py:186} INFO - Started process (PID=167) to work on /home/airflow/.local/lib/python3.12/site-packages/airflow/example_dags/tutorial.py
[2024-11-14T07:42:36.713+0000] {processor.py:914} INFO - Processing file /home/airflow/.local/lib/python3.12/site-packages/airflow/example_dags/tutorial.py for tasks to queue
[2024-11-14T07:42:36.716+0000] {logging_mixin.py:190} INFO - [2024-11-14T07:42:36.715+0000] {dagbag.py:588} INFO - Filling up the DagBag from /home/airflow/.local/lib/python3.12/site-packages/airflow/example_dags/tutorial.py
[2024-11-14T07:42:36.725+0000] {processor.py:925} INFO - DAG(s) 'tutorial' retrieved from /home/airflow/.local/lib/python3.12/site-packages/airflow/example_dags/tutorial.py
[2024-11-14T07:42:36.752+0000] {logging_mixin.py:190} INFO - [2024-11-14T07:42:36.752+0000] {dag.py:3239} INFO - Sync 1 DAGs
[2024-11-14T07:42:36.786+0000] {logging_mixin.py:190} INFO - [2024-11-14T07:42:36.786+0000] {dag.py:4180} INFO - Setting next_dagrun for tutorial to 2024-11-13 00:00:00+00:00, run_after=2024-11-14 00:00:00+00:00
[2024-11-14T07:42:36.821+0000] {processor.py:208} INFO - Processing /home/airflow/.local/lib/python3.12/site-packages/airflow/example_dags/tutorial.py took 0.123 seconds
[2024-11-14T07:49:36.408+0000] {processor.py:186} INFO - Started process (PID=138) to work on /home/airflow/.local/lib/python3.12/site-packages/airflow/example_dags/tutorial.py
[2024-11-14T07:49:36.410+0000] {processor.py:914} INFO - Processing file /home/airflow/.local/lib/python3.12/site-packages/airflow/example_dags/tutorial.py for tasks to queue
[2024-11-14T07:49:36.413+0000] {logging_mixin.py:190} INFO - [2024-11-14T07:49:36.413+0000] {dagbag.py:588} INFO - Filling up the DagBag from /home/airflow/.local/lib/python3.12/site-packages/airflow/example_dags/tutorial.py
[2024-11-14T07:49:36.424+0000] {processor.py:925} INFO - DAG(s) 'tutorial' retrieved from /home/airflow/.local/lib/python3.12/site-packages/airflow/example_dags/tutorial.py
[2024-11-14T07:49:36.460+0000] {logging_mixin.py:190} INFO - [2024-11-14T07:49:36.459+0000] {dag.py:3239} INFO - Sync 1 DAGs
[2024-11-14T07:49:36.491+0000] {logging_mixin.py:190} INFO - [2024-11-14T07:49:36.490+0000] {dag.py:4180} INFO - Setting next_dagrun for tutorial to 2024-11-13 00:00:00+00:00, run_after=2024-11-14 00:00:00+00:00
[2024-11-14T07:49:36.519+0000] {processor.py:208} INFO - Processing /home/airflow/.local/lib/python3.12/site-packages/airflow/example_dags/tutorial.py took 0.120 seconds
[2024-11-14T07:50:07.194+0000] {processor.py:186} INFO - Started process (PID=200) to work on /home/airflow/.local/lib/python3.12/site-packages/airflow/example_dags/tutorial.py
[2024-11-14T07:50:07.196+0000] {processor.py:914} INFO - Processing file /home/airflow/.local/lib/python3.12/site-packages/airflow/example_dags/tutorial.py for tasks to queue
[2024-11-14T07:50:07.199+0000] {logging_mixin.py:190} INFO - [2024-11-14T07:50:07.198+0000] {dagbag.py:588} INFO - Filling up the DagBag from /home/airflow/.local/lib/python3.12/site-packages/airflow/example_dags/tutorial.py
[2024-11-14T07:50:07.207+0000] {processor.py:925} INFO - DAG(s) 'tutorial' retrieved from /home/airflow/.local/lib/python3.12/site-packages/airflow/example_dags/tutorial.py
[2024-11-14T07:50:07.230+0000] {logging_mixin.py:190} INFO - [2024-11-14T07:50:07.230+0000] {dag.py:3239} INFO - Sync 1 DAGs
[2024-11-14T07:50:07.257+0000] {logging_mixin.py:190} INFO - [2024-11-14T07:50:07.256+0000] {dag.py:4180} INFO - Setting next_dagrun for tutorial to 2024-11-13 00:00:00+00:00, run_after=2024-11-14 00:00:00+00:00
[2024-11-14T07:50:07.278+0000] {processor.py:208} INFO - Processing /home/airflow/.local/lib/python3.12/site-packages/airflow/example_dags/tutorial.py took 0.090 seconds
[2024-11-14T07:50:37.819+0000] {processor.py:186} INFO - Started process (PID=262) to work on /home/airflow/.local/lib/python3.12/site-packages/airflow/example_dags/tutorial.py
[2024-11-14T07:50:37.820+0000] {processor.py:914} INFO - Processing file /home/airflow/.local/lib/python3.12/site-packages/airflow/example_dags/tutorial.py for tasks to queue
[2024-11-14T07:50:37.823+0000] {logging_mixin.py:190} INFO - [2024-11-14T07:50:37.823+0000] {dagbag.py:588} INFO - Filling up the DagBag from /home/airflow/.local/lib/python3.12/site-packages/airflow/example_dags/tutorial.py
[2024-11-14T07:50:37.834+0000] {processor.py:925} INFO - DAG(s) 'tutorial' retrieved from /home/airflow/.local/lib/python3.12/site-packages/airflow/example_dags/tutorial.py
[2024-11-14T07:50:37.863+0000] {logging_mixin.py:190} INFO - [2024-11-14T07:50:37.863+0000] {dag.py:3239} INFO - Sync 1 DAGs
[2024-11-14T07:50:37.892+0000] {logging_mixin.py:190} INFO - [2024-11-14T07:50:37.892+0000] {dag.py:4180} INFO - Setting next_dagrun for tutorial to 2024-11-13 00:00:00+00:00, run_after=2024-11-14 00:00:00+00:00
[2024-11-14T07:50:37.912+0000] {processor.py:208} INFO - Processing /home/airflow/.local/lib/python3.12/site-packages/airflow/example_dags/tutorial.py took 0.100 seconds
[2024-11-14T07:51:08.849+0000] {processor.py:186} INFO - Started process (PID=324) to work on /home/airflow/.local/lib/python3.12/site-packages/airflow/example_dags/tutorial.py
[2024-11-14T07:51:08.850+0000] {processor.py:914} INFO - Processing file /home/airflow/.local/lib/python3.12/site-packages/airflow/example_dags/tutorial.py for tasks to queue
[2024-11-14T07:51:08.852+0000] {logging_mixin.py:190} INFO - [2024-11-14T07:51:08.852+0000] {dagbag.py:588} INFO - Filling up the DagBag from /home/airflow/.local/lib/python3.12/site-packages/airflow/example_dags/tutorial.py
[2024-11-14T07:51:08.859+0000] {processor.py:925} INFO - DAG(s) 'tutorial' retrieved from /home/airflow/.local/lib/python3.12/site-packages/airflow/example_dags/tutorial.py
[2024-11-14T07:51:08.881+0000] {logging_mixin.py:190} INFO - [2024-11-14T07:51:08.880+0000] {dag.py:3239} INFO - Sync 1 DAGs
[2024-11-14T07:51:08.902+0000] {logging_mixin.py:190} INFO - [2024-11-14T07:51:08.902+0000] {dag.py:4180} INFO - Setting next_dagrun for tutorial to 2024-11-13 00:00:00+00:00, run_after=2024-11-14 00:00:00+00:00
[2024-11-14T07:51:08.923+0000] {processor.py:208} INFO - Processing /home/airflow/.local/lib/python3.12/site-packages/airflow/example_dags/tutorial.py took 0.080 seconds
[2024-11-14T07:51:39.809+0000] {processor.py:186} INFO - Started process (PID=386) to work on /home/airflow/.local/lib/python3.12/site-packages/airflow/example_dags/tutorial.py
[2024-11-14T07:51:39.810+0000] {processor.py:914} INFO - Processing file /home/airflow/.local/lib/python3.12/site-packages/airflow/example_dags/tutorial.py for tasks to queue
[2024-11-14T07:51:39.813+0000] {logging_mixin.py:190} INFO - [2024-11-14T07:51:39.812+0000] {dagbag.py:588} INFO - Filling up the DagBag from /home/airflow/.local/lib/python3.12/site-packages/airflow/example_dags/tutorial.py
[2024-11-14T07:51:39.820+0000] {processor.py:925} INFO - DAG(s) 'tutorial' retrieved from /home/airflow/.local/lib/python3.12/site-packages/airflow/example_dags/tutorial.py
[2024-11-14T07:51:39.840+0000] {logging_mixin.py:190} INFO - [2024-11-14T07:51:39.840+0000] {dag.py:3239} INFO - Sync 1 DAGs
[2024-11-14T07:51:39.861+0000] {logging_mixin.py:190} INFO - [2024-11-14T07:51:39.861+0000] {dag.py:4180} INFO - Setting next_dagrun for tutorial to 2024-11-13 00:00:00+00:00, run_after=2024-11-14 00:00:00+00:00
[2024-11-14T07:51:39.882+0000] {processor.py:208} INFO - Processing /home/airflow/.local/lib/python3.12/site-packages/airflow/example_dags/tutorial.py took 0.077 seconds
[2024-11-14T07:52:10.116+0000] {processor.py:186} INFO - Started process (PID=448) to work on /home/airflow/.local/lib/python3.12/site-packages/airflow/example_dags/tutorial.py
[2024-11-14T07:52:10.117+0000] {processor.py:914} INFO - Processing file /home/airflow/.local/lib/python3.12/site-packages/airflow/example_dags/tutorial.py for tasks to queue
[2024-11-14T07:52:10.121+0000] {logging_mixin.py:190} INFO - [2024-11-14T07:52:10.120+0000] {dagbag.py:588} INFO - Filling up the DagBag from /home/airflow/.local/lib/python3.12/site-packages/airflow/example_dags/tutorial.py
[2024-11-14T07:52:10.129+0000] {processor.py:925} INFO - DAG(s) 'tutorial' retrieved from /home/airflow/.local/lib/python3.12/site-packages/airflow/example_dags/tutorial.py
[2024-11-14T07:52:10.152+0000] {logging_mixin.py:190} INFO - [2024-11-14T07:52:10.152+0000] {dag.py:3239} INFO - Sync 1 DAGs
[2024-11-14T07:52:10.176+0000] {logging_mixin.py:190} INFO - [2024-11-14T07:52:10.175+0000] {dag.py:4180} INFO - Setting next_dagrun for tutorial to 2024-11-13 00:00:00+00:00, run_after=2024-11-14 00:00:00+00:00
[2024-11-14T07:52:10.197+0000] {processor.py:208} INFO - Processing /home/airflow/.local/lib/python3.12/site-packages/airflow/example_dags/tutorial.py took 0.088 seconds
[2024-11-14T07:52:41.423+0000] {processor.py:186} INFO - Started process (PID=510) to work on /home/airflow/.local/lib/python3.12/site-packages/airflow/example_dags/tutorial.py
[2024-11-14T07:52:41.424+0000] {processor.py:914} INFO - Processing file /home/airflow/.local/lib/python3.12/site-packages/airflow/example_dags/tutorial.py for tasks to queue
[2024-11-14T07:52:41.427+0000] {logging_mixin.py:190} INFO - [2024-11-14T07:52:41.427+0000] {dagbag.py:588} INFO - Filling up the DagBag from /home/airflow/.local/lib/python3.12/site-packages/airflow/example_dags/tutorial.py
[2024-11-14T07:52:41.436+0000] {processor.py:925} INFO - DAG(s) 'tutorial' retrieved from /home/airflow/.local/lib/python3.12/site-packages/airflow/example_dags/tutorial.py
[2024-11-14T07:52:41.459+0000] {logging_mixin.py:190} INFO - [2024-11-14T07:52:41.458+0000] {dag.py:3239} INFO - Sync 1 DAGs
[2024-11-14T07:52:41.483+0000] {logging_mixin.py:190} INFO - [2024-11-14T07:52:41.482+0000] {dag.py:4180} INFO - Setting next_dagrun for tutorial to 2024-11-13 00:00:00+00:00, run_after=2024-11-14 00:00:00+00:00
[2024-11-14T07:52:41.505+0000] {processor.py:208} INFO - Processing /home/airflow/.local/lib/python3.12/site-packages/airflow/example_dags/tutorial.py took 0.088 seconds
[2024-11-14T07:53:11.848+0000] {processor.py:186} INFO - Started process (PID=572) to work on /home/airflow/.local/lib/python3.12/site-packages/airflow/example_dags/tutorial.py
[2024-11-14T07:53:11.849+0000] {processor.py:914} INFO - Processing file /home/airflow/.local/lib/python3.12/site-packages/airflow/example_dags/tutorial.py for tasks to queue
[2024-11-14T07:53:11.851+0000] {logging_mixin.py:190} INFO - [2024-11-14T07:53:11.851+0000] {dagbag.py:588} INFO - Filling up the DagBag from /home/airflow/.local/lib/python3.12/site-packages/airflow/example_dags/tutorial.py
[2024-11-14T07:53:11.859+0000] {processor.py:925} INFO - DAG(s) 'tutorial' retrieved from /home/airflow/.local/lib/python3.12/site-packages/airflow/example_dags/tutorial.py
[2024-11-14T07:53:11.879+0000] {logging_mixin.py:190} INFO - [2024-11-14T07:53:11.878+0000] {dag.py:3239} INFO - Sync 1 DAGs
[2024-11-14T07:53:11.899+0000] {logging_mixin.py:190} INFO - [2024-11-14T07:53:11.899+0000] {dag.py:4180} INFO - Setting next_dagrun for tutorial to 2024-11-13 00:00:00+00:00, run_after=2024-11-14 00:00:00+00:00
[2024-11-14T07:53:11.921+0000] {processor.py:208} INFO - Processing /home/airflow/.local/lib/python3.12/site-packages/airflow/example_dags/tutorial.py took 0.078 seconds
[2024-11-14T07:53:42.692+0000] {processor.py:186} INFO - Started process (PID=634) to work on /home/airflow/.local/lib/python3.12/site-packages/airflow/example_dags/tutorial.py
[2024-11-14T07:53:42.693+0000] {processor.py:914} INFO - Processing file /home/airflow/.local/lib/python3.12/site-packages/airflow/example_dags/tutorial.py for tasks to queue
[2024-11-14T07:53:42.696+0000] {logging_mixin.py:190} INFO - [2024-11-14T07:53:42.696+0000] {dagbag.py:588} INFO - Filling up the DagBag from /home/airflow/.local/lib/python3.12/site-packages/airflow/example_dags/tutorial.py
[2024-11-14T07:53:42.716+0000] {processor.py:925} INFO - DAG(s) 'tutorial' retrieved from /home/airflow/.local/lib/python3.12/site-packages/airflow/example_dags/tutorial.py
[2024-11-14T07:53:42.750+0000] {logging_mixin.py:190} INFO - [2024-11-14T07:53:42.749+0000] {dag.py:3239} INFO - Sync 1 DAGs
[2024-11-14T07:53:42.786+0000] {logging_mixin.py:190} INFO - [2024-11-14T07:53:42.785+0000] {dag.py:4180} INFO - Setting next_dagrun for tutorial to 2024-11-13 00:00:00+00:00, run_after=2024-11-14 00:00:00+00:00
[2024-11-14T07:53:42.812+0000] {processor.py:208} INFO - Processing /home/airflow/.local/lib/python3.12/site-packages/airflow/example_dags/tutorial.py took 0.127 seconds
[2024-11-14T07:54:13.372+0000] {processor.py:186} INFO - Started process (PID=702) to work on /home/airflow/.local/lib/python3.12/site-packages/airflow/example_dags/tutorial.py
[2024-11-14T07:54:13.373+0000] {processor.py:914} INFO - Processing file /home/airflow/.local/lib/python3.12/site-packages/airflow/example_dags/tutorial.py for tasks to queue
[2024-11-14T07:54:13.376+0000] {logging_mixin.py:190} INFO - [2024-11-14T07:54:13.375+0000] {dagbag.py:588} INFO - Filling up the DagBag from /home/airflow/.local/lib/python3.12/site-packages/airflow/example_dags/tutorial.py
[2024-11-14T07:54:13.384+0000] {processor.py:925} INFO - DAG(s) 'tutorial' retrieved from /home/airflow/.local/lib/python3.12/site-packages/airflow/example_dags/tutorial.py
[2024-11-14T07:54:13.410+0000] {logging_mixin.py:190} INFO - [2024-11-14T07:54:13.410+0000] {dag.py:3239} INFO - Sync 1 DAGs
[2024-11-14T07:54:13.441+0000] {logging_mixin.py:190} INFO - [2024-11-14T07:54:13.441+0000] {dag.py:4180} INFO - Setting next_dagrun for tutorial to 2024-11-13 00:00:00+00:00, run_after=2024-11-14 00:00:00+00:00
[2024-11-14T07:54:13.472+0000] {processor.py:208} INFO - Processing /home/airflow/.local/lib/python3.12/site-packages/airflow/example_dags/tutorial.py took 0.105 seconds
[2024-11-14T07:54:44.089+0000] {processor.py:186} INFO - Started process (PID=764) to work on /home/airflow/.local/lib/python3.12/site-packages/airflow/example_dags/tutorial.py
[2024-11-14T07:54:44.090+0000] {processor.py:914} INFO - Processing file /home/airflow/.local/lib/python3.12/site-packages/airflow/example_dags/tutorial.py for tasks to queue
[2024-11-14T07:54:44.093+0000] {logging_mixin.py:190} INFO - [2024-11-14T07:54:44.093+0000] {dagbag.py:588} INFO - Filling up the DagBag from /home/airflow/.local/lib/python3.12/site-packages/airflow/example_dags/tutorial.py
[2024-11-14T07:54:44.102+0000] {processor.py:925} INFO - DAG(s) 'tutorial' retrieved from /home/airflow/.local/lib/python3.12/site-packages/airflow/example_dags/tutorial.py
[2024-11-14T07:54:44.129+0000] {logging_mixin.py:190} INFO - [2024-11-14T07:54:44.129+0000] {dag.py:3239} INFO - Sync 1 DAGs
[2024-11-14T07:54:44.154+0000] {logging_mixin.py:190} INFO - [2024-11-14T07:54:44.154+0000] {dag.py:4180} INFO - Setting next_dagrun for tutorial to 2024-11-13 00:00:00+00:00, run_after=2024-11-14 00:00:00+00:00
[2024-11-14T07:54:44.176+0000] {processor.py:208} INFO - Processing /home/airflow/.local/lib/python3.12/site-packages/airflow/example_dags/tutorial.py took 0.093 seconds
[2024-11-14T07:55:14.730+0000] {processor.py:186} INFO - Started process (PID=826) to work on /home/airflow/.local/lib/python3.12/site-packages/airflow/example_dags/tutorial.py
[2024-11-14T07:55:14.732+0000] {processor.py:914} INFO - Processing file /home/airflow/.local/lib/python3.12/site-packages/airflow/example_dags/tutorial.py for tasks to queue
[2024-11-14T07:55:14.734+0000] {logging_mixin.py:190} INFO - [2024-11-14T07:55:14.734+0000] {dagbag.py:588} INFO - Filling up the DagBag from /home/airflow/.local/lib/python3.12/site-packages/airflow/example_dags/tutorial.py
[2024-11-14T07:55:14.741+0000] {processor.py:925} INFO - DAG(s) 'tutorial' retrieved from /home/airflow/.local/lib/python3.12/site-packages/airflow/example_dags/tutorial.py
[2024-11-14T07:55:14.762+0000] {logging_mixin.py:190} INFO - [2024-11-14T07:55:14.762+0000] {dag.py:3239} INFO - Sync 1 DAGs
[2024-11-14T07:55:14.784+0000] {logging_mixin.py:190} INFO - [2024-11-14T07:55:14.784+0000] {dag.py:4180} INFO - Setting next_dagrun for tutorial to 2024-11-13 00:00:00+00:00, run_after=2024-11-14 00:00:00+00:00
[2024-11-14T07:55:14.805+0000] {processor.py:208} INFO - Processing /home/airflow/.local/lib/python3.12/site-packages/airflow/example_dags/tutorial.py took 0.080 seconds
[2024-11-14T07:55:45.289+0000] {processor.py:186} INFO - Started process (PID=888) to work on /home/airflow/.local/lib/python3.12/site-packages/airflow/example_dags/tutorial.py
[2024-11-14T07:55:45.291+0000] {processor.py:914} INFO - Processing file /home/airflow/.local/lib/python3.12/site-packages/airflow/example_dags/tutorial.py for tasks to queue
[2024-11-14T07:55:45.295+0000] {logging_mixin.py:190} INFO - [2024-11-14T07:55:45.294+0000] {dagbag.py:588} INFO - Filling up the DagBag from /home/airflow/.local/lib/python3.12/site-packages/airflow/example_dags/tutorial.py
[2024-11-14T07:55:45.303+0000] {processor.py:925} INFO - DAG(s) 'tutorial' retrieved from /home/airflow/.local/lib/python3.12/site-packages/airflow/example_dags/tutorial.py
[2024-11-14T07:55:45.326+0000] {logging_mixin.py:190} INFO - [2024-11-14T07:55:45.326+0000] {dag.py:3239} INFO - Sync 1 DAGs
[2024-11-14T07:55:45.348+0000] {logging_mixin.py:190} INFO - [2024-11-14T07:55:45.348+0000] {dag.py:4180} INFO - Setting next_dagrun for tutorial to 2024-11-13 00:00:00+00:00, run_after=2024-11-14 00:00:00+00:00
[2024-11-14T07:55:45.369+0000] {processor.py:208} INFO - Processing /home/airflow/.local/lib/python3.12/site-packages/airflow/example_dags/tutorial.py took 0.087 seconds
[2024-11-14T07:56:15.890+0000] {processor.py:186} INFO - Started process (PID=949) to work on /home/airflow/.local/lib/python3.12/site-packages/airflow/example_dags/tutorial.py
[2024-11-14T07:56:15.891+0000] {processor.py:914} INFO - Processing file /home/airflow/.local/lib/python3.12/site-packages/airflow/example_dags/tutorial.py for tasks to queue
[2024-11-14T07:56:15.894+0000] {logging_mixin.py:190} INFO - [2024-11-14T07:56:15.894+0000] {dagbag.py:588} INFO - Filling up the DagBag from /home/airflow/.local/lib/python3.12/site-packages/airflow/example_dags/tutorial.py
[2024-11-14T07:56:15.907+0000] {processor.py:925} INFO - DAG(s) 'tutorial' retrieved from /home/airflow/.local/lib/python3.12/site-packages/airflow/example_dags/tutorial.py
[2024-11-14T07:56:15.937+0000] {logging_mixin.py:190} INFO - [2024-11-14T07:56:15.937+0000] {dag.py:3239} INFO - Sync 1 DAGs
[2024-11-14T07:56:15.965+0000] {logging_mixin.py:190} INFO - [2024-11-14T07:56:15.965+0000] {dag.py:4180} INFO - Setting next_dagrun for tutorial to 2024-11-13 00:00:00+00:00, run_after=2024-11-14 00:00:00+00:00
[2024-11-14T07:56:15.983+0000] {processor.py:208} INFO - Processing /home/airflow/.local/lib/python3.12/site-packages/airflow/example_dags/tutorial.py took 0.101 seconds
[2024-11-14T07:56:46.450+0000] {processor.py:186} INFO - Started process (PID=1011) to work on /home/airflow/.local/lib/python3.12/site-packages/airflow/example_dags/tutorial.py
[2024-11-14T07:56:46.452+0000] {processor.py:914} INFO - Processing file /home/airflow/.local/lib/python3.12/site-packages/airflow/example_dags/tutorial.py for tasks to queue
[2024-11-14T07:56:46.454+0000] {logging_mixin.py:190} INFO - [2024-11-14T07:56:46.454+0000] {dagbag.py:588} INFO - Filling up the DagBag from /home/airflow/.local/lib/python3.12/site-packages/airflow/example_dags/tutorial.py
[2024-11-14T07:56:46.461+0000] {processor.py:925} INFO - DAG(s) 'tutorial' retrieved from /home/airflow/.local/lib/python3.12/site-packages/airflow/example_dags/tutorial.py
[2024-11-14T07:56:46.482+0000] {logging_mixin.py:190} INFO - [2024-11-14T07:56:46.481+0000] {dag.py:3239} INFO - Sync 1 DAGs
[2024-11-14T07:56:46.502+0000] {logging_mixin.py:190} INFO - [2024-11-14T07:56:46.502+0000] {dag.py:4180} INFO - Setting next_dagrun for tutorial to 2024-11-13 00:00:00+00:00, run_after=2024-11-14 00:00:00+00:00
[2024-11-14T07:56:46.523+0000] {processor.py:208} INFO - Processing /home/airflow/.local/lib/python3.12/site-packages/airflow/example_dags/tutorial.py took 0.078 seconds
[2024-11-14T07:57:16.944+0000] {processor.py:186} INFO - Started process (PID=1073) to work on /home/airflow/.local/lib/python3.12/site-packages/airflow/example_dags/tutorial.py
[2024-11-14T07:57:16.945+0000] {processor.py:914} INFO - Processing file /home/airflow/.local/lib/python3.12/site-packages/airflow/example_dags/tutorial.py for tasks to queue
[2024-11-14T07:57:16.947+0000] {logging_mixin.py:190} INFO - [2024-11-14T07:57:16.947+0000] {dagbag.py:588} INFO - Filling up the DagBag from /home/airflow/.local/lib/python3.12/site-packages/airflow/example_dags/tutorial.py
[2024-11-14T07:57:16.955+0000] {processor.py:925} INFO - DAG(s) 'tutorial' retrieved from /home/airflow/.local/lib/python3.12/site-packages/airflow/example_dags/tutorial.py
[2024-11-14T07:57:16.982+0000] {logging_mixin.py:190} INFO - [2024-11-14T07:57:16.982+0000] {dag.py:3239} INFO - Sync 1 DAGs
[2024-11-14T07:57:17.006+0000] {logging_mixin.py:190} INFO - [2024-11-14T07:57:17.006+0000] {dag.py:4180} INFO - Setting next_dagrun for tutorial to 2024-11-13 00:00:00+00:00, run_after=2024-11-14 00:00:00+00:00
[2024-11-14T07:57:17.028+0000] {processor.py:208} INFO - Processing /home/airflow/.local/lib/python3.12/site-packages/airflow/example_dags/tutorial.py took 0.090 seconds
[2024-11-14T08:08:03.948+0000] {processor.py:186} INFO - Started process (PID=105) to work on /home/airflow/.local/lib/python3.12/site-packages/airflow/example_dags/tutorial.py
[2024-11-14T08:08:03.950+0000] {processor.py:914} INFO - Processing file /home/airflow/.local/lib/python3.12/site-packages/airflow/example_dags/tutorial.py for tasks to queue
[2024-11-14T08:08:03.955+0000] {logging_mixin.py:190} INFO - [2024-11-14T08:08:03.954+0000] {dagbag.py:588} INFO - Filling up the DagBag from /home/airflow/.local/lib/python3.12/site-packages/airflow/example_dags/tutorial.py
[2024-11-14T08:08:03.966+0000] {processor.py:925} INFO - DAG(s) 'tutorial' retrieved from /home/airflow/.local/lib/python3.12/site-packages/airflow/example_dags/tutorial.py
[2024-11-14T08:08:03.996+0000] {logging_mixin.py:190} INFO - [2024-11-14T08:08:03.996+0000] {dag.py:3239} INFO - Sync 1 DAGs
[2024-11-14T08:08:04.047+0000] {logging_mixin.py:190} INFO - [2024-11-14T08:08:04.046+0000] {dag.py:4180} INFO - Setting next_dagrun for tutorial to 2024-11-13 00:00:00+00:00, run_after=2024-11-14 00:00:00+00:00
[2024-11-14T08:08:04.093+0000] {processor.py:208} INFO - Processing /home/airflow/.local/lib/python3.12/site-packages/airflow/example_dags/tutorial.py took 0.153 seconds
[2024-11-14T08:08:34.682+0000] {processor.py:186} INFO - Started process (PID=167) to work on /home/airflow/.local/lib/python3.12/site-packages/airflow/example_dags/tutorial.py
[2024-11-14T08:08:34.683+0000] {processor.py:914} INFO - Processing file /home/airflow/.local/lib/python3.12/site-packages/airflow/example_dags/tutorial.py for tasks to queue
[2024-11-14T08:08:34.687+0000] {logging_mixin.py:190} INFO - [2024-11-14T08:08:34.686+0000] {dagbag.py:588} INFO - Filling up the DagBag from /home/airflow/.local/lib/python3.12/site-packages/airflow/example_dags/tutorial.py
[2024-11-14T08:08:34.699+0000] {processor.py:925} INFO - DAG(s) 'tutorial' retrieved from /home/airflow/.local/lib/python3.12/site-packages/airflow/example_dags/tutorial.py
[2024-11-14T08:08:34.727+0000] {logging_mixin.py:190} INFO - [2024-11-14T08:08:34.726+0000] {dag.py:3239} INFO - Sync 1 DAGs
[2024-11-14T08:08:34.753+0000] {logging_mixin.py:190} INFO - [2024-11-14T08:08:34.753+0000] {dag.py:4180} INFO - Setting next_dagrun for tutorial to 2024-11-13 00:00:00+00:00, run_after=2024-11-14 00:00:00+00:00
[2024-11-14T08:08:34.784+0000] {processor.py:208} INFO - Processing /home/airflow/.local/lib/python3.12/site-packages/airflow/example_dags/tutorial.py took 0.110 seconds
[2024-11-14T08:15:25.756+0000] {processor.py:186} INFO - Started process (PID=106) to work on /home/airflow/.local/lib/python3.12/site-packages/airflow/example_dags/tutorial.py
[2024-11-14T08:15:25.757+0000] {processor.py:914} INFO - Processing file /home/airflow/.local/lib/python3.12/site-packages/airflow/example_dags/tutorial.py for tasks to queue
[2024-11-14T08:15:25.761+0000] {logging_mixin.py:190} INFO - [2024-11-14T08:15:25.760+0000] {dagbag.py:588} INFO - Filling up the DagBag from /home/airflow/.local/lib/python3.12/site-packages/airflow/example_dags/tutorial.py
[2024-11-14T08:15:25.770+0000] {processor.py:925} INFO - DAG(s) 'tutorial' retrieved from /home/airflow/.local/lib/python3.12/site-packages/airflow/example_dags/tutorial.py
[2024-11-14T08:15:25.885+0000] {logging_mixin.py:190} INFO - [2024-11-14T08:15:25.884+0000] {override.py:1900} INFO - Created Permission View: can edit on DAG:tutorial
[2024-11-14T08:15:25.900+0000] {logging_mixin.py:190} INFO - [2024-11-14T08:15:25.900+0000] {override.py:1900} INFO - Created Permission View: can delete on DAG:tutorial
[2024-11-14T08:15:25.923+0000] {logging_mixin.py:190} INFO - [2024-11-14T08:15:25.922+0000] {override.py:1900} INFO - Created Permission View: can read on DAG:tutorial
[2024-11-14T08:15:25.939+0000] {logging_mixin.py:190} INFO - [2024-11-14T08:15:25.938+0000] {override.py:1900} INFO - Created Permission View: can delete on DAG Run:tutorial
[2024-11-14T08:15:25.952+0000] {logging_mixin.py:190} INFO - [2024-11-14T08:15:25.952+0000] {override.py:1900} INFO - Created Permission View: can read on DAG Run:tutorial
[2024-11-14T08:15:25.968+0000] {logging_mixin.py:190} INFO - [2024-11-14T08:15:25.967+0000] {override.py:1900} INFO - Created Permission View: can create on DAG Run:tutorial
[2024-11-14T08:15:25.984+0000] {logging_mixin.py:190} INFO - [2024-11-14T08:15:25.984+0000] {override.py:1900} INFO - Created Permission View: menu access on DAG Run:tutorial
[2024-11-14T08:15:25.985+0000] {logging_mixin.py:190} INFO - [2024-11-14T08:15:25.985+0000] {dag.py:3239} INFO - Sync 1 DAGs
[2024-11-14T08:15:26.005+0000] {logging_mixin.py:190} INFO - [2024-11-14T08:15:26.004+0000] {dag.py:3262} INFO - Creating ORM DAG for tutorial
[2024-11-14T08:15:26.018+0000] {logging_mixin.py:190} INFO - [2024-11-14T08:15:26.018+0000] {dag.py:4180} INFO - Setting next_dagrun for tutorial to 2024-11-13 00:00:00+00:00, run_after=2024-11-14 00:00:00+00:00
[2024-11-14T08:15:26.039+0000] {processor.py:208} INFO - Processing /home/airflow/.local/lib/python3.12/site-packages/airflow/example_dags/tutorial.py took 0.289 seconds
[2024-11-14T08:16:14.614+0000] {processor.py:186} INFO - Started process (PID=96) to work on /home/airflow/.local/lib/python3.12/site-packages/airflow/example_dags/tutorial.py
[2024-11-14T08:16:14.615+0000] {processor.py:914} INFO - Processing file /home/airflow/.local/lib/python3.12/site-packages/airflow/example_dags/tutorial.py for tasks to queue
[2024-11-14T08:16:14.618+0000] {logging_mixin.py:190} INFO - [2024-11-14T08:16:14.618+0000] {dagbag.py:588} INFO - Filling up the DagBag from /home/airflow/.local/lib/python3.12/site-packages/airflow/example_dags/tutorial.py
[2024-11-14T08:16:14.628+0000] {processor.py:925} INFO - DAG(s) 'tutorial' retrieved from /home/airflow/.local/lib/python3.12/site-packages/airflow/example_dags/tutorial.py
[2024-11-14T08:16:14.652+0000] {logging_mixin.py:190} INFO - [2024-11-14T08:16:14.651+0000] {dag.py:3239} INFO - Sync 1 DAGs
[2024-11-14T08:16:14.677+0000] {logging_mixin.py:190} INFO - [2024-11-14T08:16:14.676+0000] {dag.py:4180} INFO - Setting next_dagrun for tutorial to 2024-11-13 00:00:00+00:00, run_after=2024-11-14 00:00:00+00:00
[2024-11-14T08:16:14.703+0000] {processor.py:208} INFO - Processing /home/airflow/.local/lib/python3.12/site-packages/airflow/example_dags/tutorial.py took 0.094 seconds
[2024-11-14T08:16:50.213+0000] {processor.py:186} INFO - Started process (PID=159) to work on /home/airflow/.local/lib/python3.12/site-packages/airflow/example_dags/tutorial.py
[2024-11-14T08:16:50.215+0000] {processor.py:914} INFO - Processing file /home/airflow/.local/lib/python3.12/site-packages/airflow/example_dags/tutorial.py for tasks to queue
[2024-11-14T08:16:50.218+0000] {logging_mixin.py:190} INFO - [2024-11-14T08:16:50.218+0000] {dagbag.py:588} INFO - Filling up the DagBag from /home/airflow/.local/lib/python3.12/site-packages/airflow/example_dags/tutorial.py
[2024-11-14T08:16:50.227+0000] {processor.py:925} INFO - DAG(s) 'tutorial' retrieved from /home/airflow/.local/lib/python3.12/site-packages/airflow/example_dags/tutorial.py
[2024-11-14T08:16:50.248+0000] {logging_mixin.py:190} INFO - [2024-11-14T08:16:50.248+0000] {dag.py:3239} INFO - Sync 1 DAGs
[2024-11-14T08:16:50.273+0000] {logging_mixin.py:190} INFO - [2024-11-14T08:16:50.273+0000] {dag.py:4180} INFO - Setting next_dagrun for tutorial to 2024-11-13 00:00:00+00:00, run_after=2024-11-14 00:00:00+00:00
[2024-11-14T08:16:50.294+0000] {processor.py:208} INFO - Processing /home/airflow/.local/lib/python3.12/site-packages/airflow/example_dags/tutorial.py took 0.088 seconds
[2024-11-14T08:17:21.389+0000] {processor.py:186} INFO - Started process (PID=221) to work on /home/airflow/.local/lib/python3.12/site-packages/airflow/example_dags/tutorial.py
[2024-11-14T08:17:21.390+0000] {processor.py:914} INFO - Processing file /home/airflow/.local/lib/python3.12/site-packages/airflow/example_dags/tutorial.py for tasks to queue
[2024-11-14T08:17:21.393+0000] {logging_mixin.py:190} INFO - [2024-11-14T08:17:21.392+0000] {dagbag.py:588} INFO - Filling up the DagBag from /home/airflow/.local/lib/python3.12/site-packages/airflow/example_dags/tutorial.py
[2024-11-14T08:17:21.402+0000] {processor.py:925} INFO - DAG(s) 'tutorial' retrieved from /home/airflow/.local/lib/python3.12/site-packages/airflow/example_dags/tutorial.py
[2024-11-14T08:17:21.428+0000] {logging_mixin.py:190} INFO - [2024-11-14T08:17:21.428+0000] {dag.py:3239} INFO - Sync 1 DAGs
[2024-11-14T08:17:21.455+0000] {logging_mixin.py:190} INFO - [2024-11-14T08:17:21.455+0000] {dag.py:4180} INFO - Setting next_dagrun for tutorial to 2024-11-13 00:00:00+00:00, run_after=2024-11-14 00:00:00+00:00
[2024-11-14T08:17:21.476+0000] {processor.py:208} INFO - Processing /home/airflow/.local/lib/python3.12/site-packages/airflow/example_dags/tutorial.py took 0.094 seconds
[2024-11-14T08:17:57.184+0000] {processor.py:186} INFO - Started process (PID=283) to work on /home/airflow/.local/lib/python3.12/site-packages/airflow/example_dags/tutorial.py
[2024-11-14T08:17:57.185+0000] {processor.py:914} INFO - Processing file /home/airflow/.local/lib/python3.12/site-packages/airflow/example_dags/tutorial.py for tasks to queue
[2024-11-14T08:17:57.188+0000] {logging_mixin.py:190} INFO - [2024-11-14T08:17:57.188+0000] {dagbag.py:588} INFO - Filling up the DagBag from /home/airflow/.local/lib/python3.12/site-packages/airflow/example_dags/tutorial.py
[2024-11-14T08:17:57.197+0000] {processor.py:925} INFO - DAG(s) 'tutorial' retrieved from /home/airflow/.local/lib/python3.12/site-packages/airflow/example_dags/tutorial.py
[2024-11-14T08:17:57.221+0000] {logging_mixin.py:190} INFO - [2024-11-14T08:17:57.221+0000] {dag.py:3239} INFO - Sync 1 DAGs
[2024-11-14T08:17:57.247+0000] {logging_mixin.py:190} INFO - [2024-11-14T08:17:57.247+0000] {dag.py:4180} INFO - Setting next_dagrun for tutorial to 2024-11-13 00:00:00+00:00, run_after=2024-11-14 00:00:00+00:00
[2024-11-14T08:17:57.269+0000] {processor.py:208} INFO - Processing /home/airflow/.local/lib/python3.12/site-packages/airflow/example_dags/tutorial.py took 0.092 seconds
[2024-11-14T08:18:28.047+0000] {processor.py:186} INFO - Started process (PID=345) to work on /home/airflow/.local/lib/python3.12/site-packages/airflow/example_dags/tutorial.py
[2024-11-14T08:18:28.049+0000] {processor.py:914} INFO - Processing file /home/airflow/.local/lib/python3.12/site-packages/airflow/example_dags/tutorial.py for tasks to queue
[2024-11-14T08:18:28.052+0000] {logging_mixin.py:190} INFO - [2024-11-14T08:18:28.051+0000] {dagbag.py:588} INFO - Filling up the DagBag from /home/airflow/.local/lib/python3.12/site-packages/airflow/example_dags/tutorial.py
[2024-11-14T08:18:28.064+0000] {processor.py:925} INFO - DAG(s) 'tutorial' retrieved from /home/airflow/.local/lib/python3.12/site-packages/airflow/example_dags/tutorial.py
[2024-11-14T08:18:28.091+0000] {logging_mixin.py:190} INFO - [2024-11-14T08:18:28.091+0000] {dag.py:3239} INFO - Sync 1 DAGs
[2024-11-14T08:18:28.135+0000] {logging_mixin.py:190} INFO - [2024-11-14T08:18:28.135+0000] {dag.py:4180} INFO - Setting next_dagrun for tutorial to 2024-11-13 00:00:00+00:00, run_after=2024-11-14 00:00:00+00:00
[2024-11-14T08:18:28.193+0000] {processor.py:208} INFO - Processing /home/airflow/.local/lib/python3.12/site-packages/airflow/example_dags/tutorial.py took 0.154 seconds
