[2024-11-10T08:53:28.443+0000] {processor.py:186} INFO - Started process (PID=37) to work on /home/airflow/.local/lib/python3.12/site-packages/airflow/example_dags/example_inlet_event_extra.py
[2024-11-10T08:53:28.445+0000] {processor.py:914} INFO - Processing file /home/airflow/.local/lib/python3.12/site-packages/airflow/example_dags/example_inlet_event_extra.py for tasks to queue
[2024-11-10T08:53:28.448+0000] {logging_mixin.py:190} INFO - [2024-11-10T08:53:28.447+0000] {dagbag.py:588} INFO - Filling up the DagBag from /home/airflow/.local/lib/python3.12/site-packages/airflow/example_dags/example_inlet_event_extra.py
[2024-11-10T08:53:28.734+0000] {processor.py:925} INFO - DAG(s) 'read_dataset_event', 'read_dataset_event_from_classic' retrieved from /home/airflow/.local/lib/python3.12/site-packages/airflow/example_dags/example_inlet_event_extra.py
[2024-11-10T08:53:28.843+0000] {logging_mixin.py:190} INFO - [2024-11-10T08:53:28.843+0000] {override.py:1900} INFO - Created Permission View: can delete on DAG:read_dataset_event
[2024-11-10T08:53:28.854+0000] {logging_mixin.py:190} INFO - [2024-11-10T08:53:28.854+0000] {override.py:1900} INFO - Created Permission View: can edit on DAG:read_dataset_event
[2024-11-10T08:53:28.864+0000] {logging_mixin.py:190} INFO - [2024-11-10T08:53:28.864+0000] {override.py:1900} INFO - Created Permission View: can read on DAG:read_dataset_event
[2024-11-10T08:53:28.872+0000] {logging_mixin.py:190} INFO - [2024-11-10T08:53:28.872+0000] {override.py:1900} INFO - Created Permission View: menu access on DAG Run:read_dataset_event
[2024-11-10T08:53:28.879+0000] {logging_mixin.py:190} INFO - [2024-11-10T08:53:28.878+0000] {override.py:1900} INFO - Created Permission View: can delete on DAG Run:read_dataset_event
[2024-11-10T08:53:28.887+0000] {logging_mixin.py:190} INFO - [2024-11-10T08:53:28.887+0000] {override.py:1900} INFO - Created Permission View: can create on DAG Run:read_dataset_event
[2024-11-10T08:53:28.896+0000] {logging_mixin.py:190} INFO - [2024-11-10T08:53:28.896+0000] {override.py:1900} INFO - Created Permission View: can read on DAG Run:read_dataset_event
[2024-11-10T08:53:28.913+0000] {logging_mixin.py:190} INFO - [2024-11-10T08:53:28.912+0000] {override.py:1900} INFO - Created Permission View: can delete on DAG:read_dataset_event_from_classic
[2024-11-10T08:53:28.922+0000] {logging_mixin.py:190} INFO - [2024-11-10T08:53:28.922+0000] {override.py:1900} INFO - Created Permission View: can edit on DAG:read_dataset_event_from_classic
[2024-11-10T08:53:28.929+0000] {logging_mixin.py:190} INFO - [2024-11-10T08:53:28.928+0000] {override.py:1900} INFO - Created Permission View: can read on DAG:read_dataset_event_from_classic
[2024-11-10T08:53:28.939+0000] {logging_mixin.py:190} INFO - [2024-11-10T08:53:28.939+0000] {override.py:1900} INFO - Created Permission View: menu access on DAG Run:read_dataset_event_from_classic
[2024-11-10T08:53:28.945+0000] {logging_mixin.py:190} INFO - [2024-11-10T08:53:28.945+0000] {override.py:1900} INFO - Created Permission View: can delete on DAG Run:read_dataset_event_from_classic
[2024-11-10T08:53:28.953+0000] {logging_mixin.py:190} INFO - [2024-11-10T08:53:28.953+0000] {override.py:1900} INFO - Created Permission View: can create on DAG Run:read_dataset_event_from_classic
[2024-11-10T08:53:28.960+0000] {logging_mixin.py:190} INFO - [2024-11-10T08:53:28.959+0000] {override.py:1900} INFO - Created Permission View: can read on DAG Run:read_dataset_event_from_classic
[2024-11-10T08:53:28.960+0000] {logging_mixin.py:190} INFO - [2024-11-10T08:53:28.960+0000] {dag.py:3239} INFO - Sync 2 DAGs
[2024-11-10T08:53:28.972+0000] {logging_mixin.py:190} INFO - [2024-11-10T08:53:28.972+0000] {dag.py:3262} INFO - Creating ORM DAG for read_dataset_event
[2024-11-10T08:53:28.973+0000] {logging_mixin.py:190} INFO - [2024-11-10T08:53:28.973+0000] {dag.py:3262} INFO - Creating ORM DAG for read_dataset_event_from_classic
[2024-11-10T08:53:28.983+0000] {logging_mixin.py:190} INFO - [2024-11-10T08:53:28.983+0000] {dag.py:4180} INFO - Setting next_dagrun for read_dataset_event to 2024-11-09 00:00:00+00:00, run_after=2024-11-10 00:00:00+00:00
[2024-11-10T08:53:28.985+0000] {logging_mixin.py:190} INFO - [2024-11-10T08:53:28.984+0000] {dag.py:4180} INFO - Setting next_dagrun for read_dataset_event_from_classic to 2024-11-09 00:00:00+00:00, run_after=2024-11-10 00:00:00+00:00
[2024-11-10T08:53:28.999+0000] {processor.py:208} INFO - Processing /home/airflow/.local/lib/python3.12/site-packages/airflow/example_dags/example_inlet_event_extra.py took 0.565 seconds
[2024-11-10T08:53:59.069+0000] {processor.py:186} INFO - Started process (PID=98) to work on /home/airflow/.local/lib/python3.12/site-packages/airflow/example_dags/example_inlet_event_extra.py
[2024-11-10T08:53:59.070+0000] {processor.py:914} INFO - Processing file /home/airflow/.local/lib/python3.12/site-packages/airflow/example_dags/example_inlet_event_extra.py for tasks to queue
[2024-11-10T08:53:59.072+0000] {logging_mixin.py:190} INFO - [2024-11-10T08:53:59.072+0000] {dagbag.py:588} INFO - Filling up the DagBag from /home/airflow/.local/lib/python3.12/site-packages/airflow/example_dags/example_inlet_event_extra.py
[2024-11-10T08:53:59.179+0000] {processor.py:925} INFO - DAG(s) 'read_dataset_event_from_classic', 'read_dataset_event' retrieved from /home/airflow/.local/lib/python3.12/site-packages/airflow/example_dags/example_inlet_event_extra.py
[2024-11-10T08:53:59.197+0000] {logging_mixin.py:190} INFO - [2024-11-10T08:53:59.197+0000] {dag.py:3239} INFO - Sync 2 DAGs
[2024-11-10T08:53:59.216+0000] {logging_mixin.py:190} INFO - [2024-11-10T08:53:59.216+0000] {dag.py:4180} INFO - Setting next_dagrun for read_dataset_event to 2024-11-09 00:00:00+00:00, run_after=2024-11-10 00:00:00+00:00
[2024-11-10T08:53:59.220+0000] {logging_mixin.py:190} INFO - [2024-11-10T08:53:59.220+0000] {dag.py:4180} INFO - Setting next_dagrun for read_dataset_event_from_classic to 2024-11-09 00:00:00+00:00, run_after=2024-11-10 00:00:00+00:00
[2024-11-10T08:53:59.232+0000] {processor.py:208} INFO - Processing /home/airflow/.local/lib/python3.12/site-packages/airflow/example_dags/example_inlet_event_extra.py took 0.168 seconds
[2024-11-10T08:54:29.310+0000] {processor.py:186} INFO - Started process (PID=160) to work on /home/airflow/.local/lib/python3.12/site-packages/airflow/example_dags/example_inlet_event_extra.py
[2024-11-10T08:54:29.311+0000] {processor.py:914} INFO - Processing file /home/airflow/.local/lib/python3.12/site-packages/airflow/example_dags/example_inlet_event_extra.py for tasks to queue
[2024-11-10T08:54:29.313+0000] {logging_mixin.py:190} INFO - [2024-11-10T08:54:29.313+0000] {dagbag.py:588} INFO - Filling up the DagBag from /home/airflow/.local/lib/python3.12/site-packages/airflow/example_dags/example_inlet_event_extra.py
[2024-11-10T08:54:29.434+0000] {processor.py:925} INFO - DAG(s) 'read_dataset_event', 'read_dataset_event_from_classic' retrieved from /home/airflow/.local/lib/python3.12/site-packages/airflow/example_dags/example_inlet_event_extra.py
[2024-11-10T08:54:29.456+0000] {logging_mixin.py:190} INFO - [2024-11-10T08:54:29.456+0000] {dag.py:3239} INFO - Sync 2 DAGs
[2024-11-10T08:54:29.488+0000] {logging_mixin.py:190} INFO - [2024-11-10T08:54:29.488+0000] {dag.py:4180} INFO - Setting next_dagrun for read_dataset_event to 2024-11-09 00:00:00+00:00, run_after=2024-11-10 00:00:00+00:00
[2024-11-10T08:54:29.492+0000] {logging_mixin.py:190} INFO - [2024-11-10T08:54:29.492+0000] {dag.py:4180} INFO - Setting next_dagrun for read_dataset_event_from_classic to 2024-11-09 00:00:00+00:00, run_after=2024-11-10 00:00:00+00:00
[2024-11-10T08:54:29.506+0000] {processor.py:208} INFO - Processing /home/airflow/.local/lib/python3.12/site-packages/airflow/example_dags/example_inlet_event_extra.py took 0.201 seconds
[2024-11-10T08:54:59.566+0000] {processor.py:186} INFO - Started process (PID=222) to work on /home/airflow/.local/lib/python3.12/site-packages/airflow/example_dags/example_inlet_event_extra.py
[2024-11-10T08:54:59.567+0000] {processor.py:914} INFO - Processing file /home/airflow/.local/lib/python3.12/site-packages/airflow/example_dags/example_inlet_event_extra.py for tasks to queue
[2024-11-10T08:54:59.568+0000] {logging_mixin.py:190} INFO - [2024-11-10T08:54:59.568+0000] {dagbag.py:588} INFO - Filling up the DagBag from /home/airflow/.local/lib/python3.12/site-packages/airflow/example_dags/example_inlet_event_extra.py
[2024-11-10T08:54:59.680+0000] {processor.py:925} INFO - DAG(s) 'read_dataset_event_from_classic', 'read_dataset_event' retrieved from /home/airflow/.local/lib/python3.12/site-packages/airflow/example_dags/example_inlet_event_extra.py
[2024-11-10T08:54:59.697+0000] {logging_mixin.py:190} INFO - [2024-11-10T08:54:59.697+0000] {dag.py:3239} INFO - Sync 2 DAGs
[2024-11-10T08:54:59.718+0000] {logging_mixin.py:190} INFO - [2024-11-10T08:54:59.718+0000] {dag.py:4180} INFO - Setting next_dagrun for read_dataset_event to 2024-11-09 00:00:00+00:00, run_after=2024-11-10 00:00:00+00:00
[2024-11-10T08:54:59.722+0000] {logging_mixin.py:190} INFO - [2024-11-10T08:54:59.722+0000] {dag.py:4180} INFO - Setting next_dagrun for read_dataset_event_from_classic to 2024-11-09 00:00:00+00:00, run_after=2024-11-10 00:00:00+00:00
[2024-11-10T08:54:59.735+0000] {processor.py:208} INFO - Processing /home/airflow/.local/lib/python3.12/site-packages/airflow/example_dags/example_inlet_event_extra.py took 0.174 seconds
[2024-11-10T08:55:30.403+0000] {processor.py:186} INFO - Started process (PID=285) to work on /home/airflow/.local/lib/python3.12/site-packages/airflow/example_dags/example_inlet_event_extra.py
[2024-11-10T08:55:30.404+0000] {processor.py:914} INFO - Processing file /home/airflow/.local/lib/python3.12/site-packages/airflow/example_dags/example_inlet_event_extra.py for tasks to queue
[2024-11-10T08:55:30.406+0000] {logging_mixin.py:190} INFO - [2024-11-10T08:55:30.406+0000] {dagbag.py:588} INFO - Filling up the DagBag from /home/airflow/.local/lib/python3.12/site-packages/airflow/example_dags/example_inlet_event_extra.py
[2024-11-10T08:55:30.516+0000] {processor.py:925} INFO - DAG(s) 'read_dataset_event', 'read_dataset_event_from_classic' retrieved from /home/airflow/.local/lib/python3.12/site-packages/airflow/example_dags/example_inlet_event_extra.py
[2024-11-10T08:55:30.533+0000] {logging_mixin.py:190} INFO - [2024-11-10T08:55:30.533+0000] {dag.py:3239} INFO - Sync 2 DAGs
[2024-11-10T08:55:30.553+0000] {logging_mixin.py:190} INFO - [2024-11-10T08:55:30.553+0000] {dag.py:4180} INFO - Setting next_dagrun for read_dataset_event to 2024-11-09 00:00:00+00:00, run_after=2024-11-10 00:00:00+00:00
[2024-11-10T08:55:30.557+0000] {logging_mixin.py:190} INFO - [2024-11-10T08:55:30.557+0000] {dag.py:4180} INFO - Setting next_dagrun for read_dataset_event_from_classic to 2024-11-09 00:00:00+00:00, run_after=2024-11-10 00:00:00+00:00
[2024-11-10T08:55:30.569+0000] {processor.py:208} INFO - Processing /home/airflow/.local/lib/python3.12/site-packages/airflow/example_dags/example_inlet_event_extra.py took 0.171 seconds
[2024-11-10T08:56:01.312+0000] {processor.py:186} INFO - Started process (PID=347) to work on /home/airflow/.local/lib/python3.12/site-packages/airflow/example_dags/example_inlet_event_extra.py
[2024-11-10T08:56:01.313+0000] {processor.py:914} INFO - Processing file /home/airflow/.local/lib/python3.12/site-packages/airflow/example_dags/example_inlet_event_extra.py for tasks to queue
[2024-11-10T08:56:01.315+0000] {logging_mixin.py:190} INFO - [2024-11-10T08:56:01.315+0000] {dagbag.py:588} INFO - Filling up the DagBag from /home/airflow/.local/lib/python3.12/site-packages/airflow/example_dags/example_inlet_event_extra.py
[2024-11-10T08:56:01.431+0000] {processor.py:925} INFO - DAG(s) 'read_dataset_event_from_classic', 'read_dataset_event' retrieved from /home/airflow/.local/lib/python3.12/site-packages/airflow/example_dags/example_inlet_event_extra.py
[2024-11-10T08:56:01.449+0000] {logging_mixin.py:190} INFO - [2024-11-10T08:56:01.449+0000] {dag.py:3239} INFO - Sync 2 DAGs
[2024-11-10T08:56:01.469+0000] {logging_mixin.py:190} INFO - [2024-11-10T08:56:01.469+0000] {dag.py:4180} INFO - Setting next_dagrun for read_dataset_event to 2024-11-09 00:00:00+00:00, run_after=2024-11-10 00:00:00+00:00
[2024-11-10T08:56:01.475+0000] {logging_mixin.py:190} INFO - [2024-11-10T08:56:01.474+0000] {dag.py:4180} INFO - Setting next_dagrun for read_dataset_event_from_classic to 2024-11-09 00:00:00+00:00, run_after=2024-11-10 00:00:00+00:00
[2024-11-10T08:56:01.488+0000] {processor.py:208} INFO - Processing /home/airflow/.local/lib/python3.12/site-packages/airflow/example_dags/example_inlet_event_extra.py took 0.180 seconds
[2024-11-10T08:56:32.340+0000] {processor.py:186} INFO - Started process (PID=409) to work on /home/airflow/.local/lib/python3.12/site-packages/airflow/example_dags/example_inlet_event_extra.py
[2024-11-10T08:56:32.341+0000] {processor.py:914} INFO - Processing file /home/airflow/.local/lib/python3.12/site-packages/airflow/example_dags/example_inlet_event_extra.py for tasks to queue
[2024-11-10T08:56:32.343+0000] {logging_mixin.py:190} INFO - [2024-11-10T08:56:32.343+0000] {dagbag.py:588} INFO - Filling up the DagBag from /home/airflow/.local/lib/python3.12/site-packages/airflow/example_dags/example_inlet_event_extra.py
[2024-11-10T08:56:32.460+0000] {processor.py:925} INFO - DAG(s) 'read_dataset_event', 'read_dataset_event_from_classic' retrieved from /home/airflow/.local/lib/python3.12/site-packages/airflow/example_dags/example_inlet_event_extra.py
[2024-11-10T08:56:32.480+0000] {logging_mixin.py:190} INFO - [2024-11-10T08:56:32.480+0000] {dag.py:3239} INFO - Sync 2 DAGs
[2024-11-10T08:56:32.500+0000] {logging_mixin.py:190} INFO - [2024-11-10T08:56:32.500+0000] {dag.py:4180} INFO - Setting next_dagrun for read_dataset_event to 2024-11-09 00:00:00+00:00, run_after=2024-11-10 00:00:00+00:00
[2024-11-10T08:56:32.505+0000] {logging_mixin.py:190} INFO - [2024-11-10T08:56:32.505+0000] {dag.py:4180} INFO - Setting next_dagrun for read_dataset_event_from_classic to 2024-11-09 00:00:00+00:00, run_after=2024-11-10 00:00:00+00:00
[2024-11-10T08:56:32.521+0000] {processor.py:208} INFO - Processing /home/airflow/.local/lib/python3.12/site-packages/airflow/example_dags/example_inlet_event_extra.py took 0.186 seconds
[2024-11-10T08:57:02.567+0000] {processor.py:186} INFO - Started process (PID=471) to work on /home/airflow/.local/lib/python3.12/site-packages/airflow/example_dags/example_inlet_event_extra.py
[2024-11-10T08:57:02.568+0000] {processor.py:914} INFO - Processing file /home/airflow/.local/lib/python3.12/site-packages/airflow/example_dags/example_inlet_event_extra.py for tasks to queue
[2024-11-10T08:57:02.570+0000] {logging_mixin.py:190} INFO - [2024-11-10T08:57:02.570+0000] {dagbag.py:588} INFO - Filling up the DagBag from /home/airflow/.local/lib/python3.12/site-packages/airflow/example_dags/example_inlet_event_extra.py
[2024-11-10T08:57:02.678+0000] {processor.py:925} INFO - DAG(s) 'read_dataset_event_from_classic', 'read_dataset_event' retrieved from /home/airflow/.local/lib/python3.12/site-packages/airflow/example_dags/example_inlet_event_extra.py
[2024-11-10T08:57:02.695+0000] {logging_mixin.py:190} INFO - [2024-11-10T08:57:02.695+0000] {dag.py:3239} INFO - Sync 2 DAGs
[2024-11-10T08:57:02.714+0000] {logging_mixin.py:190} INFO - [2024-11-10T08:57:02.714+0000] {dag.py:4180} INFO - Setting next_dagrun for read_dataset_event to 2024-11-09 00:00:00+00:00, run_after=2024-11-10 00:00:00+00:00
[2024-11-10T08:57:02.718+0000] {logging_mixin.py:190} INFO - [2024-11-10T08:57:02.717+0000] {dag.py:4180} INFO - Setting next_dagrun for read_dataset_event_from_classic to 2024-11-09 00:00:00+00:00, run_after=2024-11-10 00:00:00+00:00
[2024-11-10T08:57:02.730+0000] {processor.py:208} INFO - Processing /home/airflow/.local/lib/python3.12/site-packages/airflow/example_dags/example_inlet_event_extra.py took 0.167 seconds
[2024-11-10T08:57:33.612+0000] {processor.py:186} INFO - Started process (PID=533) to work on /home/airflow/.local/lib/python3.12/site-packages/airflow/example_dags/example_inlet_event_extra.py
[2024-11-10T08:57:33.613+0000] {processor.py:914} INFO - Processing file /home/airflow/.local/lib/python3.12/site-packages/airflow/example_dags/example_inlet_event_extra.py for tasks to queue
[2024-11-10T08:57:33.615+0000] {logging_mixin.py:190} INFO - [2024-11-10T08:57:33.615+0000] {dagbag.py:588} INFO - Filling up the DagBag from /home/airflow/.local/lib/python3.12/site-packages/airflow/example_dags/example_inlet_event_extra.py
[2024-11-10T08:57:33.725+0000] {processor.py:925} INFO - DAG(s) 'read_dataset_event_from_classic', 'read_dataset_event' retrieved from /home/airflow/.local/lib/python3.12/site-packages/airflow/example_dags/example_inlet_event_extra.py
[2024-11-10T08:57:33.742+0000] {logging_mixin.py:190} INFO - [2024-11-10T08:57:33.742+0000] {dag.py:3239} INFO - Sync 2 DAGs
[2024-11-10T08:57:33.761+0000] {logging_mixin.py:190} INFO - [2024-11-10T08:57:33.761+0000] {dag.py:4180} INFO - Setting next_dagrun for read_dataset_event to 2024-11-09 00:00:00+00:00, run_after=2024-11-10 00:00:00+00:00
[2024-11-10T08:57:33.765+0000] {logging_mixin.py:190} INFO - [2024-11-10T08:57:33.765+0000] {dag.py:4180} INFO - Setting next_dagrun for read_dataset_event_from_classic to 2024-11-09 00:00:00+00:00, run_after=2024-11-10 00:00:00+00:00
[2024-11-10T08:57:33.778+0000] {processor.py:208} INFO - Processing /home/airflow/.local/lib/python3.12/site-packages/airflow/example_dags/example_inlet_event_extra.py took 0.170 seconds
[2024-11-10T08:58:04.590+0000] {processor.py:186} INFO - Started process (PID=595) to work on /home/airflow/.local/lib/python3.12/site-packages/airflow/example_dags/example_inlet_event_extra.py
[2024-11-10T08:58:04.591+0000] {processor.py:914} INFO - Processing file /home/airflow/.local/lib/python3.12/site-packages/airflow/example_dags/example_inlet_event_extra.py for tasks to queue
[2024-11-10T08:58:04.593+0000] {logging_mixin.py:190} INFO - [2024-11-10T08:58:04.593+0000] {dagbag.py:588} INFO - Filling up the DagBag from /home/airflow/.local/lib/python3.12/site-packages/airflow/example_dags/example_inlet_event_extra.py
[2024-11-10T08:58:04.707+0000] {processor.py:925} INFO - DAG(s) 'read_dataset_event_from_classic', 'read_dataset_event' retrieved from /home/airflow/.local/lib/python3.12/site-packages/airflow/example_dags/example_inlet_event_extra.py
[2024-11-10T08:58:04.724+0000] {logging_mixin.py:190} INFO - [2024-11-10T08:58:04.724+0000] {dag.py:3239} INFO - Sync 2 DAGs
[2024-11-10T08:58:04.743+0000] {logging_mixin.py:190} INFO - [2024-11-10T08:58:04.743+0000] {dag.py:4180} INFO - Setting next_dagrun for read_dataset_event to 2024-11-09 00:00:00+00:00, run_after=2024-11-10 00:00:00+00:00
[2024-11-10T08:58:04.747+0000] {logging_mixin.py:190} INFO - [2024-11-10T08:58:04.747+0000] {dag.py:4180} INFO - Setting next_dagrun for read_dataset_event_from_classic to 2024-11-09 00:00:00+00:00, run_after=2024-11-10 00:00:00+00:00
[2024-11-10T08:58:04.759+0000] {processor.py:208} INFO - Processing /home/airflow/.local/lib/python3.12/site-packages/airflow/example_dags/example_inlet_event_extra.py took 0.173 seconds
[2024-11-10T08:58:35.726+0000] {processor.py:186} INFO - Started process (PID=657) to work on /home/airflow/.local/lib/python3.12/site-packages/airflow/example_dags/example_inlet_event_extra.py
[2024-11-10T08:58:35.727+0000] {processor.py:914} INFO - Processing file /home/airflow/.local/lib/python3.12/site-packages/airflow/example_dags/example_inlet_event_extra.py for tasks to queue
[2024-11-10T08:58:35.729+0000] {logging_mixin.py:190} INFO - [2024-11-10T08:58:35.729+0000] {dagbag.py:588} INFO - Filling up the DagBag from /home/airflow/.local/lib/python3.12/site-packages/airflow/example_dags/example_inlet_event_extra.py
[2024-11-10T08:58:35.839+0000] {processor.py:925} INFO - DAG(s) 'read_dataset_event_from_classic', 'read_dataset_event' retrieved from /home/airflow/.local/lib/python3.12/site-packages/airflow/example_dags/example_inlet_event_extra.py
[2024-11-10T08:58:35.856+0000] {logging_mixin.py:190} INFO - [2024-11-10T08:58:35.856+0000] {dag.py:3239} INFO - Sync 2 DAGs
[2024-11-10T08:58:35.876+0000] {logging_mixin.py:190} INFO - [2024-11-10T08:58:35.875+0000] {dag.py:4180} INFO - Setting next_dagrun for read_dataset_event to 2024-11-09 00:00:00+00:00, run_after=2024-11-10 00:00:00+00:00
[2024-11-10T08:58:35.880+0000] {logging_mixin.py:190} INFO - [2024-11-10T08:58:35.880+0000] {dag.py:4180} INFO - Setting next_dagrun for read_dataset_event_from_classic to 2024-11-09 00:00:00+00:00, run_after=2024-11-10 00:00:00+00:00
[2024-11-10T08:58:35.893+0000] {processor.py:208} INFO - Processing /home/airflow/.local/lib/python3.12/site-packages/airflow/example_dags/example_inlet_event_extra.py took 0.171 seconds
[2024-11-10T08:59:05.971+0000] {processor.py:186} INFO - Started process (PID=719) to work on /home/airflow/.local/lib/python3.12/site-packages/airflow/example_dags/example_inlet_event_extra.py
[2024-11-10T08:59:05.972+0000] {processor.py:914} INFO - Processing file /home/airflow/.local/lib/python3.12/site-packages/airflow/example_dags/example_inlet_event_extra.py for tasks to queue
[2024-11-10T08:59:05.974+0000] {logging_mixin.py:190} INFO - [2024-11-10T08:59:05.973+0000] {dagbag.py:588} INFO - Filling up the DagBag from /home/airflow/.local/lib/python3.12/site-packages/airflow/example_dags/example_inlet_event_extra.py
[2024-11-10T08:59:06.084+0000] {processor.py:925} INFO - DAG(s) 'read_dataset_event', 'read_dataset_event_from_classic' retrieved from /home/airflow/.local/lib/python3.12/site-packages/airflow/example_dags/example_inlet_event_extra.py
[2024-11-10T08:59:06.103+0000] {logging_mixin.py:190} INFO - [2024-11-10T08:59:06.103+0000] {dag.py:3239} INFO - Sync 2 DAGs
[2024-11-10T08:59:06.124+0000] {logging_mixin.py:190} INFO - [2024-11-10T08:59:06.123+0000] {dag.py:4180} INFO - Setting next_dagrun for read_dataset_event to 2024-11-09 00:00:00+00:00, run_after=2024-11-10 00:00:00+00:00
[2024-11-10T08:59:06.128+0000] {logging_mixin.py:190} INFO - [2024-11-10T08:59:06.127+0000] {dag.py:4180} INFO - Setting next_dagrun for read_dataset_event_from_classic to 2024-11-09 00:00:00+00:00, run_after=2024-11-10 00:00:00+00:00
[2024-11-10T08:59:06.141+0000] {processor.py:208} INFO - Processing /home/airflow/.local/lib/python3.12/site-packages/airflow/example_dags/example_inlet_event_extra.py took 0.174 seconds
[2024-11-10T08:59:36.228+0000] {processor.py:186} INFO - Started process (PID=781) to work on /home/airflow/.local/lib/python3.12/site-packages/airflow/example_dags/example_inlet_event_extra.py
[2024-11-10T08:59:36.229+0000] {processor.py:914} INFO - Processing file /home/airflow/.local/lib/python3.12/site-packages/airflow/example_dags/example_inlet_event_extra.py for tasks to queue
[2024-11-10T08:59:36.231+0000] {logging_mixin.py:190} INFO - [2024-11-10T08:59:36.231+0000] {dagbag.py:588} INFO - Filling up the DagBag from /home/airflow/.local/lib/python3.12/site-packages/airflow/example_dags/example_inlet_event_extra.py
[2024-11-10T08:59:36.341+0000] {processor.py:925} INFO - DAG(s) 'read_dataset_event_from_classic', 'read_dataset_event' retrieved from /home/airflow/.local/lib/python3.12/site-packages/airflow/example_dags/example_inlet_event_extra.py
[2024-11-10T08:59:36.358+0000] {logging_mixin.py:190} INFO - [2024-11-10T08:59:36.358+0000] {dag.py:3239} INFO - Sync 2 DAGs
[2024-11-10T08:59:36.380+0000] {logging_mixin.py:190} INFO - [2024-11-10T08:59:36.380+0000] {dag.py:4180} INFO - Setting next_dagrun for read_dataset_event to 2024-11-09 00:00:00+00:00, run_after=2024-11-10 00:00:00+00:00
[2024-11-10T08:59:36.384+0000] {logging_mixin.py:190} INFO - [2024-11-10T08:59:36.384+0000] {dag.py:4180} INFO - Setting next_dagrun for read_dataset_event_from_classic to 2024-11-09 00:00:00+00:00, run_after=2024-11-10 00:00:00+00:00
[2024-11-10T08:59:36.397+0000] {processor.py:208} INFO - Processing /home/airflow/.local/lib/python3.12/site-packages/airflow/example_dags/example_inlet_event_extra.py took 0.173 seconds
[2024-11-10T09:00:06.612+0000] {processor.py:186} INFO - Started process (PID=843) to work on /home/airflow/.local/lib/python3.12/site-packages/airflow/example_dags/example_inlet_event_extra.py
[2024-11-10T09:00:06.613+0000] {processor.py:914} INFO - Processing file /home/airflow/.local/lib/python3.12/site-packages/airflow/example_dags/example_inlet_event_extra.py for tasks to queue
[2024-11-10T09:00:06.615+0000] {logging_mixin.py:190} INFO - [2024-11-10T09:00:06.615+0000] {dagbag.py:588} INFO - Filling up the DagBag from /home/airflow/.local/lib/python3.12/site-packages/airflow/example_dags/example_inlet_event_extra.py
[2024-11-10T09:00:06.723+0000] {processor.py:925} INFO - DAG(s) 'read_dataset_event_from_classic', 'read_dataset_event' retrieved from /home/airflow/.local/lib/python3.12/site-packages/airflow/example_dags/example_inlet_event_extra.py
[2024-11-10T09:00:06.740+0000] {logging_mixin.py:190} INFO - [2024-11-10T09:00:06.740+0000] {dag.py:3239} INFO - Sync 2 DAGs
[2024-11-10T09:00:06.761+0000] {logging_mixin.py:190} INFO - [2024-11-10T09:00:06.761+0000] {dag.py:4180} INFO - Setting next_dagrun for read_dataset_event to 2024-11-09 00:00:00+00:00, run_after=2024-11-10 00:00:00+00:00
[2024-11-10T09:00:06.765+0000] {logging_mixin.py:190} INFO - [2024-11-10T09:00:06.765+0000] {dag.py:4180} INFO - Setting next_dagrun for read_dataset_event_from_classic to 2024-11-09 00:00:00+00:00, run_after=2024-11-10 00:00:00+00:00
[2024-11-10T09:00:06.779+0000] {processor.py:208} INFO - Processing /home/airflow/.local/lib/python3.12/site-packages/airflow/example_dags/example_inlet_event_extra.py took 0.171 seconds
[2024-11-10T09:00:36.945+0000] {processor.py:186} INFO - Started process (PID=905) to work on /home/airflow/.local/lib/python3.12/site-packages/airflow/example_dags/example_inlet_event_extra.py
[2024-11-10T09:00:36.945+0000] {processor.py:914} INFO - Processing file /home/airflow/.local/lib/python3.12/site-packages/airflow/example_dags/example_inlet_event_extra.py for tasks to queue
[2024-11-10T09:00:36.947+0000] {logging_mixin.py:190} INFO - [2024-11-10T09:00:36.947+0000] {dagbag.py:588} INFO - Filling up the DagBag from /home/airflow/.local/lib/python3.12/site-packages/airflow/example_dags/example_inlet_event_extra.py
[2024-11-10T09:00:37.056+0000] {processor.py:925} INFO - DAG(s) 'read_dataset_event_from_classic', 'read_dataset_event' retrieved from /home/airflow/.local/lib/python3.12/site-packages/airflow/example_dags/example_inlet_event_extra.py
[2024-11-10T09:00:37.073+0000] {logging_mixin.py:190} INFO - [2024-11-10T09:00:37.073+0000] {dag.py:3239} INFO - Sync 2 DAGs
[2024-11-10T09:00:37.092+0000] {logging_mixin.py:190} INFO - [2024-11-10T09:00:37.092+0000] {dag.py:4180} INFO - Setting next_dagrun for read_dataset_event to 2024-11-09 00:00:00+00:00, run_after=2024-11-10 00:00:00+00:00
[2024-11-10T09:00:37.097+0000] {logging_mixin.py:190} INFO - [2024-11-10T09:00:37.097+0000] {dag.py:4180} INFO - Setting next_dagrun for read_dataset_event_from_classic to 2024-11-09 00:00:00+00:00, run_after=2024-11-10 00:00:00+00:00
[2024-11-10T09:00:37.112+0000] {processor.py:208} INFO - Processing /home/airflow/.local/lib/python3.12/site-packages/airflow/example_dags/example_inlet_event_extra.py took 0.172 seconds
[2024-11-10T09:01:07.347+0000] {processor.py:186} INFO - Started process (PID=967) to work on /home/airflow/.local/lib/python3.12/site-packages/airflow/example_dags/example_inlet_event_extra.py
[2024-11-10T09:01:07.348+0000] {processor.py:914} INFO - Processing file /home/airflow/.local/lib/python3.12/site-packages/airflow/example_dags/example_inlet_event_extra.py for tasks to queue
[2024-11-10T09:01:07.349+0000] {logging_mixin.py:190} INFO - [2024-11-10T09:01:07.349+0000] {dagbag.py:588} INFO - Filling up the DagBag from /home/airflow/.local/lib/python3.12/site-packages/airflow/example_dags/example_inlet_event_extra.py
[2024-11-10T09:01:07.461+0000] {processor.py:925} INFO - DAG(s) 'read_dataset_event_from_classic', 'read_dataset_event' retrieved from /home/airflow/.local/lib/python3.12/site-packages/airflow/example_dags/example_inlet_event_extra.py
[2024-11-10T09:01:07.478+0000] {logging_mixin.py:190} INFO - [2024-11-10T09:01:07.478+0000] {dag.py:3239} INFO - Sync 2 DAGs
[2024-11-10T09:01:07.498+0000] {logging_mixin.py:190} INFO - [2024-11-10T09:01:07.497+0000] {dag.py:4180} INFO - Setting next_dagrun for read_dataset_event to 2024-11-09 00:00:00+00:00, run_after=2024-11-10 00:00:00+00:00
[2024-11-10T09:01:07.502+0000] {logging_mixin.py:190} INFO - [2024-11-10T09:01:07.501+0000] {dag.py:4180} INFO - Setting next_dagrun for read_dataset_event_from_classic to 2024-11-09 00:00:00+00:00, run_after=2024-11-10 00:00:00+00:00
[2024-11-10T09:01:07.514+0000] {processor.py:208} INFO - Processing /home/airflow/.local/lib/python3.12/site-packages/airflow/example_dags/example_inlet_event_extra.py took 0.172 seconds
[2024-11-10T09:01:37.616+0000] {processor.py:186} INFO - Started process (PID=1029) to work on /home/airflow/.local/lib/python3.12/site-packages/airflow/example_dags/example_inlet_event_extra.py
[2024-11-10T09:01:37.617+0000] {processor.py:914} INFO - Processing file /home/airflow/.local/lib/python3.12/site-packages/airflow/example_dags/example_inlet_event_extra.py for tasks to queue
[2024-11-10T09:01:37.619+0000] {logging_mixin.py:190} INFO - [2024-11-10T09:01:37.619+0000] {dagbag.py:588} INFO - Filling up the DagBag from /home/airflow/.local/lib/python3.12/site-packages/airflow/example_dags/example_inlet_event_extra.py
[2024-11-10T09:01:37.729+0000] {processor.py:925} INFO - DAG(s) 'read_dataset_event_from_classic', 'read_dataset_event' retrieved from /home/airflow/.local/lib/python3.12/site-packages/airflow/example_dags/example_inlet_event_extra.py
[2024-11-10T09:01:37.746+0000] {logging_mixin.py:190} INFO - [2024-11-10T09:01:37.746+0000] {dag.py:3239} INFO - Sync 2 DAGs
[2024-11-10T09:01:37.765+0000] {logging_mixin.py:190} INFO - [2024-11-10T09:01:37.765+0000] {dag.py:4180} INFO - Setting next_dagrun for read_dataset_event to 2024-11-09 00:00:00+00:00, run_after=2024-11-10 00:00:00+00:00
[2024-11-10T09:01:37.769+0000] {logging_mixin.py:190} INFO - [2024-11-10T09:01:37.769+0000] {dag.py:4180} INFO - Setting next_dagrun for read_dataset_event_from_classic to 2024-11-09 00:00:00+00:00, run_after=2024-11-10 00:00:00+00:00
[2024-11-10T09:01:37.782+0000] {processor.py:208} INFO - Processing /home/airflow/.local/lib/python3.12/site-packages/airflow/example_dags/example_inlet_event_extra.py took 0.170 seconds
[2024-11-10T09:02:07.834+0000] {processor.py:186} INFO - Started process (PID=1091) to work on /home/airflow/.local/lib/python3.12/site-packages/airflow/example_dags/example_inlet_event_extra.py
[2024-11-10T09:02:07.834+0000] {processor.py:914} INFO - Processing file /home/airflow/.local/lib/python3.12/site-packages/airflow/example_dags/example_inlet_event_extra.py for tasks to queue
[2024-11-10T09:02:07.836+0000] {logging_mixin.py:190} INFO - [2024-11-10T09:02:07.836+0000] {dagbag.py:588} INFO - Filling up the DagBag from /home/airflow/.local/lib/python3.12/site-packages/airflow/example_dags/example_inlet_event_extra.py
[2024-11-10T09:02:07.944+0000] {processor.py:925} INFO - DAG(s) 'read_dataset_event', 'read_dataset_event_from_classic' retrieved from /home/airflow/.local/lib/python3.12/site-packages/airflow/example_dags/example_inlet_event_extra.py
[2024-11-10T09:02:07.963+0000] {logging_mixin.py:190} INFO - [2024-11-10T09:02:07.963+0000] {dag.py:3239} INFO - Sync 2 DAGs
[2024-11-10T09:02:07.982+0000] {logging_mixin.py:190} INFO - [2024-11-10T09:02:07.982+0000] {dag.py:4180} INFO - Setting next_dagrun for read_dataset_event to 2024-11-09 00:00:00+00:00, run_after=2024-11-10 00:00:00+00:00
[2024-11-10T09:02:07.986+0000] {logging_mixin.py:190} INFO - [2024-11-10T09:02:07.986+0000] {dag.py:4180} INFO - Setting next_dagrun for read_dataset_event_from_classic to 2024-11-09 00:00:00+00:00, run_after=2024-11-10 00:00:00+00:00
[2024-11-10T09:02:07.999+0000] {processor.py:208} INFO - Processing /home/airflow/.local/lib/python3.12/site-packages/airflow/example_dags/example_inlet_event_extra.py took 0.170 seconds
[2024-11-10T09:02:38.927+0000] {processor.py:186} INFO - Started process (PID=1153) to work on /home/airflow/.local/lib/python3.12/site-packages/airflow/example_dags/example_inlet_event_extra.py
[2024-11-10T09:02:38.928+0000] {processor.py:914} INFO - Processing file /home/airflow/.local/lib/python3.12/site-packages/airflow/example_dags/example_inlet_event_extra.py for tasks to queue
[2024-11-10T09:02:38.930+0000] {logging_mixin.py:190} INFO - [2024-11-10T09:02:38.930+0000] {dagbag.py:588} INFO - Filling up the DagBag from /home/airflow/.local/lib/python3.12/site-packages/airflow/example_dags/example_inlet_event_extra.py
[2024-11-10T09:02:39.040+0000] {processor.py:925} INFO - DAG(s) 'read_dataset_event', 'read_dataset_event_from_classic' retrieved from /home/airflow/.local/lib/python3.12/site-packages/airflow/example_dags/example_inlet_event_extra.py
[2024-11-10T09:02:39.059+0000] {logging_mixin.py:190} INFO - [2024-11-10T09:02:39.059+0000] {dag.py:3239} INFO - Sync 2 DAGs
[2024-11-10T09:02:39.078+0000] {logging_mixin.py:190} INFO - [2024-11-10T09:02:39.077+0000] {dag.py:4180} INFO - Setting next_dagrun for read_dataset_event to 2024-11-09 00:00:00+00:00, run_after=2024-11-10 00:00:00+00:00
[2024-11-10T09:02:39.082+0000] {logging_mixin.py:190} INFO - [2024-11-10T09:02:39.082+0000] {dag.py:4180} INFO - Setting next_dagrun for read_dataset_event_from_classic to 2024-11-09 00:00:00+00:00, run_after=2024-11-10 00:00:00+00:00
[2024-11-10T09:02:39.094+0000] {processor.py:208} INFO - Processing /home/airflow/.local/lib/python3.12/site-packages/airflow/example_dags/example_inlet_event_extra.py took 0.172 seconds
[2024-11-10T09:03:09.803+0000] {processor.py:186} INFO - Started process (PID=1215) to work on /home/airflow/.local/lib/python3.12/site-packages/airflow/example_dags/example_inlet_event_extra.py
[2024-11-10T09:03:09.804+0000] {processor.py:914} INFO - Processing file /home/airflow/.local/lib/python3.12/site-packages/airflow/example_dags/example_inlet_event_extra.py for tasks to queue
[2024-11-10T09:03:09.806+0000] {logging_mixin.py:190} INFO - [2024-11-10T09:03:09.806+0000] {dagbag.py:588} INFO - Filling up the DagBag from /home/airflow/.local/lib/python3.12/site-packages/airflow/example_dags/example_inlet_event_extra.py
[2024-11-10T09:03:09.911+0000] {processor.py:925} INFO - DAG(s) 'read_dataset_event', 'read_dataset_event_from_classic' retrieved from /home/airflow/.local/lib/python3.12/site-packages/airflow/example_dags/example_inlet_event_extra.py
[2024-11-10T09:03:09.927+0000] {logging_mixin.py:190} INFO - [2024-11-10T09:03:09.927+0000] {dag.py:3239} INFO - Sync 2 DAGs
[2024-11-10T09:03:09.948+0000] {logging_mixin.py:190} INFO - [2024-11-10T09:03:09.947+0000] {dag.py:4180} INFO - Setting next_dagrun for read_dataset_event to 2024-11-09 00:00:00+00:00, run_after=2024-11-10 00:00:00+00:00
[2024-11-10T09:03:09.951+0000] {logging_mixin.py:190} INFO - [2024-11-10T09:03:09.951+0000] {dag.py:4180} INFO - Setting next_dagrun for read_dataset_event_from_classic to 2024-11-09 00:00:00+00:00, run_after=2024-11-10 00:00:00+00:00
[2024-11-10T09:03:09.964+0000] {processor.py:208} INFO - Processing /home/airflow/.local/lib/python3.12/site-packages/airflow/example_dags/example_inlet_event_extra.py took 0.165 seconds
[2024-11-10T09:03:40.856+0000] {processor.py:186} INFO - Started process (PID=1277) to work on /home/airflow/.local/lib/python3.12/site-packages/airflow/example_dags/example_inlet_event_extra.py
[2024-11-10T09:03:40.857+0000] {processor.py:914} INFO - Processing file /home/airflow/.local/lib/python3.12/site-packages/airflow/example_dags/example_inlet_event_extra.py for tasks to queue
[2024-11-10T09:03:40.859+0000] {logging_mixin.py:190} INFO - [2024-11-10T09:03:40.858+0000] {dagbag.py:588} INFO - Filling up the DagBag from /home/airflow/.local/lib/python3.12/site-packages/airflow/example_dags/example_inlet_event_extra.py
[2024-11-10T09:03:40.967+0000] {processor.py:925} INFO - DAG(s) 'read_dataset_event', 'read_dataset_event_from_classic' retrieved from /home/airflow/.local/lib/python3.12/site-packages/airflow/example_dags/example_inlet_event_extra.py
[2024-11-10T09:03:40.984+0000] {logging_mixin.py:190} INFO - [2024-11-10T09:03:40.984+0000] {dag.py:3239} INFO - Sync 2 DAGs
[2024-11-10T09:03:41.005+0000] {logging_mixin.py:190} INFO - [2024-11-10T09:03:41.005+0000] {dag.py:4180} INFO - Setting next_dagrun for read_dataset_event to 2024-11-09 00:00:00+00:00, run_after=2024-11-10 00:00:00+00:00
[2024-11-10T09:03:41.009+0000] {logging_mixin.py:190} INFO - [2024-11-10T09:03:41.009+0000] {dag.py:4180} INFO - Setting next_dagrun for read_dataset_event_from_classic to 2024-11-09 00:00:00+00:00, run_after=2024-11-10 00:00:00+00:00
[2024-11-10T09:03:41.022+0000] {processor.py:208} INFO - Processing /home/airflow/.local/lib/python3.12/site-packages/airflow/example_dags/example_inlet_event_extra.py took 0.170 seconds
[2024-11-10T09:04:11.049+0000] {processor.py:186} INFO - Started process (PID=1338) to work on /home/airflow/.local/lib/python3.12/site-packages/airflow/example_dags/example_inlet_event_extra.py
[2024-11-10T09:04:11.050+0000] {processor.py:914} INFO - Processing file /home/airflow/.local/lib/python3.12/site-packages/airflow/example_dags/example_inlet_event_extra.py for tasks to queue
[2024-11-10T09:04:11.052+0000] {logging_mixin.py:190} INFO - [2024-11-10T09:04:11.051+0000] {dagbag.py:588} INFO - Filling up the DagBag from /home/airflow/.local/lib/python3.12/site-packages/airflow/example_dags/example_inlet_event_extra.py
[2024-11-10T09:04:11.161+0000] {processor.py:925} INFO - DAG(s) 'read_dataset_event', 'read_dataset_event_from_classic' retrieved from /home/airflow/.local/lib/python3.12/site-packages/airflow/example_dags/example_inlet_event_extra.py
[2024-11-10T09:04:11.178+0000] {logging_mixin.py:190} INFO - [2024-11-10T09:04:11.177+0000] {dag.py:3239} INFO - Sync 2 DAGs
[2024-11-10T09:04:11.197+0000] {logging_mixin.py:190} INFO - [2024-11-10T09:04:11.197+0000] {dag.py:4180} INFO - Setting next_dagrun for read_dataset_event to 2024-11-09 00:00:00+00:00, run_after=2024-11-10 00:00:00+00:00
[2024-11-10T09:04:11.202+0000] {logging_mixin.py:190} INFO - [2024-11-10T09:04:11.202+0000] {dag.py:4180} INFO - Setting next_dagrun for read_dataset_event_from_classic to 2024-11-09 00:00:00+00:00, run_after=2024-11-10 00:00:00+00:00
[2024-11-10T09:04:11.375+0000] {processor.py:208} INFO - Processing /home/airflow/.local/lib/python3.12/site-packages/airflow/example_dags/example_inlet_event_extra.py took 0.330 seconds
[2024-11-10T09:04:42.315+0000] {processor.py:186} INFO - Started process (PID=1407) to work on /home/airflow/.local/lib/python3.12/site-packages/airflow/example_dags/example_inlet_event_extra.py
[2024-11-10T09:04:42.316+0000] {processor.py:914} INFO - Processing file /home/airflow/.local/lib/python3.12/site-packages/airflow/example_dags/example_inlet_event_extra.py for tasks to queue
[2024-11-10T09:04:42.318+0000] {logging_mixin.py:190} INFO - [2024-11-10T09:04:42.317+0000] {dagbag.py:588} INFO - Filling up the DagBag from /home/airflow/.local/lib/python3.12/site-packages/airflow/example_dags/example_inlet_event_extra.py
[2024-11-10T09:04:42.435+0000] {processor.py:925} INFO - DAG(s) 'read_dataset_event', 'read_dataset_event_from_classic' retrieved from /home/airflow/.local/lib/python3.12/site-packages/airflow/example_dags/example_inlet_event_extra.py
[2024-11-10T09:04:42.460+0000] {logging_mixin.py:190} INFO - [2024-11-10T09:04:42.459+0000] {dag.py:3239} INFO - Sync 2 DAGs
[2024-11-10T09:04:42.490+0000] {logging_mixin.py:190} INFO - [2024-11-10T09:04:42.490+0000] {dag.py:4180} INFO - Setting next_dagrun for read_dataset_event to 2024-11-09 00:00:00+00:00, run_after=2024-11-10 00:00:00+00:00
[2024-11-10T09:04:42.495+0000] {logging_mixin.py:190} INFO - [2024-11-10T09:04:42.494+0000] {dag.py:4180} INFO - Setting next_dagrun for read_dataset_event_from_classic to 2024-11-09 00:00:00+00:00, run_after=2024-11-10 00:00:00+00:00
[2024-11-10T09:04:42.508+0000] {processor.py:208} INFO - Processing /home/airflow/.local/lib/python3.12/site-packages/airflow/example_dags/example_inlet_event_extra.py took 0.198 seconds
[2024-11-10T09:05:12.576+0000] {processor.py:186} INFO - Started process (PID=1468) to work on /home/airflow/.local/lib/python3.12/site-packages/airflow/example_dags/example_inlet_event_extra.py
[2024-11-10T09:05:12.578+0000] {processor.py:914} INFO - Processing file /home/airflow/.local/lib/python3.12/site-packages/airflow/example_dags/example_inlet_event_extra.py for tasks to queue
[2024-11-10T09:05:12.580+0000] {logging_mixin.py:190} INFO - [2024-11-10T09:05:12.580+0000] {dagbag.py:588} INFO - Filling up the DagBag from /home/airflow/.local/lib/python3.12/site-packages/airflow/example_dags/example_inlet_event_extra.py
[2024-11-10T09:05:12.704+0000] {processor.py:925} INFO - DAG(s) 'read_dataset_event_from_classic', 'read_dataset_event' retrieved from /home/airflow/.local/lib/python3.12/site-packages/airflow/example_dags/example_inlet_event_extra.py
[2024-11-10T09:05:12.721+0000] {logging_mixin.py:190} INFO - [2024-11-10T09:05:12.721+0000] {dag.py:3239} INFO - Sync 2 DAGs
[2024-11-10T09:05:12.741+0000] {logging_mixin.py:190} INFO - [2024-11-10T09:05:12.741+0000] {dag.py:4180} INFO - Setting next_dagrun for read_dataset_event to 2024-11-09 00:00:00+00:00, run_after=2024-11-10 00:00:00+00:00
[2024-11-10T09:05:12.745+0000] {logging_mixin.py:190} INFO - [2024-11-10T09:05:12.745+0000] {dag.py:4180} INFO - Setting next_dagrun for read_dataset_event_from_classic to 2024-11-09 00:00:00+00:00, run_after=2024-11-10 00:00:00+00:00
[2024-11-10T09:05:12.758+0000] {processor.py:208} INFO - Processing /home/airflow/.local/lib/python3.12/site-packages/airflow/example_dags/example_inlet_event_extra.py took 0.190 seconds
