[2024-11-10T08:53:29.464+0000] {processor.py:186} INFO - Started process (PID=42) to work on /home/airflow/.local/lib/python3.12/site-packages/airflow/example_dags/example_branch_operator_decorator.py
[2024-11-10T08:53:29.465+0000] {processor.py:914} INFO - Processing file /home/airflow/.local/lib/python3.12/site-packages/airflow/example_dags/example_branch_operator_decorator.py for tasks to queue
[2024-11-10T08:53:29.468+0000] {logging_mixin.py:190} INFO - [2024-11-10T08:53:29.468+0000] {dagbag.py:588} INFO - Filling up the DagBag from /home/airflow/.local/lib/python3.12/site-packages/airflow/example_dags/example_branch_operator_decorator.py
[2024-11-10T08:53:29.495+0000] {processor.py:925} INFO - DAG(s) 'example_branch_python_operator_decorator' retrieved from /home/airflow/.local/lib/python3.12/site-packages/airflow/example_dags/example_branch_operator_decorator.py
[2024-11-10T08:53:29.617+0000] {logging_mixin.py:190} INFO - [2024-11-10T08:53:29.617+0000] {override.py:1900} INFO - Created Permission View: can delete on DAG:example_branch_python_operator_decorator
[2024-11-10T08:53:29.625+0000] {logging_mixin.py:190} INFO - [2024-11-10T08:53:29.625+0000] {override.py:1900} INFO - Created Permission View: can edit on DAG:example_branch_python_operator_decorator
[2024-11-10T08:53:29.631+0000] {logging_mixin.py:190} INFO - [2024-11-10T08:53:29.631+0000] {override.py:1900} INFO - Created Permission View: can read on DAG:example_branch_python_operator_decorator
[2024-11-10T08:53:29.637+0000] {logging_mixin.py:190} INFO - [2024-11-10T08:53:29.637+0000] {override.py:1900} INFO - Created Permission View: menu access on DAG Run:example_branch_python_operator_decorator
[2024-11-10T08:53:29.644+0000] {logging_mixin.py:190} INFO - [2024-11-10T08:53:29.643+0000] {override.py:1900} INFO - Created Permission View: can delete on DAG Run:example_branch_python_operator_decorator
[2024-11-10T08:53:29.650+0000] {logging_mixin.py:190} INFO - [2024-11-10T08:53:29.649+0000] {override.py:1900} INFO - Created Permission View: can create on DAG Run:example_branch_python_operator_decorator
[2024-11-10T08:53:29.655+0000] {logging_mixin.py:190} INFO - [2024-11-10T08:53:29.655+0000] {override.py:1900} INFO - Created Permission View: can read on DAG Run:example_branch_python_operator_decorator
[2024-11-10T08:53:29.656+0000] {logging_mixin.py:190} INFO - [2024-11-10T08:53:29.656+0000] {dag.py:3239} INFO - Sync 1 DAGs
[2024-11-10T08:53:29.666+0000] {logging_mixin.py:190} INFO - [2024-11-10T08:53:29.666+0000] {dag.py:3262} INFO - Creating ORM DAG for example_branch_python_operator_decorator
[2024-11-10T08:53:29.677+0000] {logging_mixin.py:190} INFO - [2024-11-10T08:53:29.676+0000] {dag.py:4180} INFO - Setting next_dagrun for example_branch_python_operator_decorator to 2024-11-09 00:00:00+00:00, run_after=2024-11-10 00:00:00+00:00
[2024-11-10T08:53:29.691+0000] {processor.py:208} INFO - Processing /home/airflow/.local/lib/python3.12/site-packages/airflow/example_dags/example_branch_operator_decorator.py took 0.235 seconds
[2024-11-10T08:54:00.576+0000] {processor.py:186} INFO - Started process (PID=104) to work on /home/airflow/.local/lib/python3.12/site-packages/airflow/example_dags/example_branch_operator_decorator.py
[2024-11-10T08:54:00.577+0000] {processor.py:914} INFO - Processing file /home/airflow/.local/lib/python3.12/site-packages/airflow/example_dags/example_branch_operator_decorator.py for tasks to queue
[2024-11-10T08:54:00.582+0000] {logging_mixin.py:190} INFO - [2024-11-10T08:54:00.581+0000] {dagbag.py:588} INFO - Filling up the DagBag from /home/airflow/.local/lib/python3.12/site-packages/airflow/example_dags/example_branch_operator_decorator.py
[2024-11-10T08:54:00.602+0000] {processor.py:925} INFO - DAG(s) 'example_branch_python_operator_decorator' retrieved from /home/airflow/.local/lib/python3.12/site-packages/airflow/example_dags/example_branch_operator_decorator.py
[2024-11-10T08:54:00.626+0000] {logging_mixin.py:190} INFO - [2024-11-10T08:54:00.626+0000] {dag.py:3239} INFO - Sync 1 DAGs
[2024-11-10T08:54:00.647+0000] {logging_mixin.py:190} INFO - [2024-11-10T08:54:00.647+0000] {dag.py:4180} INFO - Setting next_dagrun for example_branch_python_operator_decorator to 2024-11-09 00:00:00+00:00, run_after=2024-11-10 00:00:00+00:00
[2024-11-10T08:54:00.665+0000] {processor.py:208} INFO - Processing /home/airflow/.local/lib/python3.12/site-packages/airflow/example_dags/example_branch_operator_decorator.py took 0.094 seconds
[2024-11-10T08:54:30.721+0000] {processor.py:186} INFO - Started process (PID=166) to work on /home/airflow/.local/lib/python3.12/site-packages/airflow/example_dags/example_branch_operator_decorator.py
[2024-11-10T08:54:30.723+0000] {processor.py:914} INFO - Processing file /home/airflow/.local/lib/python3.12/site-packages/airflow/example_dags/example_branch_operator_decorator.py for tasks to queue
[2024-11-10T08:54:30.725+0000] {logging_mixin.py:190} INFO - [2024-11-10T08:54:30.724+0000] {dagbag.py:588} INFO - Filling up the DagBag from /home/airflow/.local/lib/python3.12/site-packages/airflow/example_dags/example_branch_operator_decorator.py
[2024-11-10T08:54:30.743+0000] {processor.py:925} INFO - DAG(s) 'example_branch_python_operator_decorator' retrieved from /home/airflow/.local/lib/python3.12/site-packages/airflow/example_dags/example_branch_operator_decorator.py
[2024-11-10T08:54:30.823+0000] {logging_mixin.py:190} INFO - [2024-11-10T08:54:30.822+0000] {dag.py:3239} INFO - Sync 1 DAGs
[2024-11-10T08:54:30.865+0000] {logging_mixin.py:190} INFO - [2024-11-10T08:54:30.865+0000] {dag.py:4180} INFO - Setting next_dagrun for example_branch_python_operator_decorator to 2024-11-09 00:00:00+00:00, run_after=2024-11-10 00:00:00+00:00
[2024-11-10T08:54:30.892+0000] {processor.py:208} INFO - Processing /home/airflow/.local/lib/python3.12/site-packages/airflow/example_dags/example_branch_operator_decorator.py took 0.178 seconds
[2024-11-10T08:55:00.940+0000] {processor.py:186} INFO - Started process (PID=228) to work on /home/airflow/.local/lib/python3.12/site-packages/airflow/example_dags/example_branch_operator_decorator.py
[2024-11-10T08:55:00.941+0000] {processor.py:914} INFO - Processing file /home/airflow/.local/lib/python3.12/site-packages/airflow/example_dags/example_branch_operator_decorator.py for tasks to queue
[2024-11-10T08:55:00.943+0000] {logging_mixin.py:190} INFO - [2024-11-10T08:55:00.943+0000] {dagbag.py:588} INFO - Filling up the DagBag from /home/airflow/.local/lib/python3.12/site-packages/airflow/example_dags/example_branch_operator_decorator.py
[2024-11-10T08:55:00.960+0000] {processor.py:925} INFO - DAG(s) 'example_branch_python_operator_decorator' retrieved from /home/airflow/.local/lib/python3.12/site-packages/airflow/example_dags/example_branch_operator_decorator.py
[2024-11-10T08:55:00.984+0000] {logging_mixin.py:190} INFO - [2024-11-10T08:55:00.984+0000] {dag.py:3239} INFO - Sync 1 DAGs
[2024-11-10T08:55:01.005+0000] {logging_mixin.py:190} INFO - [2024-11-10T08:55:01.004+0000] {dag.py:4180} INFO - Setting next_dagrun for example_branch_python_operator_decorator to 2024-11-09 00:00:00+00:00, run_after=2024-11-10 00:00:00+00:00
[2024-11-10T08:55:01.020+0000] {processor.py:208} INFO - Processing /home/airflow/.local/lib/python3.12/site-packages/airflow/example_dags/example_branch_operator_decorator.py took 0.084 seconds
[2024-11-10T08:55:31.735+0000] {processor.py:186} INFO - Started process (PID=290) to work on /home/airflow/.local/lib/python3.12/site-packages/airflow/example_dags/example_branch_operator_decorator.py
[2024-11-10T08:55:31.736+0000] {processor.py:914} INFO - Processing file /home/airflow/.local/lib/python3.12/site-packages/airflow/example_dags/example_branch_operator_decorator.py for tasks to queue
[2024-11-10T08:55:31.738+0000] {logging_mixin.py:190} INFO - [2024-11-10T08:55:31.738+0000] {dagbag.py:588} INFO - Filling up the DagBag from /home/airflow/.local/lib/python3.12/site-packages/airflow/example_dags/example_branch_operator_decorator.py
[2024-11-10T08:55:31.756+0000] {processor.py:925} INFO - DAG(s) 'example_branch_python_operator_decorator' retrieved from /home/airflow/.local/lib/python3.12/site-packages/airflow/example_dags/example_branch_operator_decorator.py
[2024-11-10T08:55:31.778+0000] {logging_mixin.py:190} INFO - [2024-11-10T08:55:31.778+0000] {dag.py:3239} INFO - Sync 1 DAGs
[2024-11-10T08:55:31.798+0000] {logging_mixin.py:190} INFO - [2024-11-10T08:55:31.798+0000] {dag.py:4180} INFO - Setting next_dagrun for example_branch_python_operator_decorator to 2024-11-09 00:00:00+00:00, run_after=2024-11-10 00:00:00+00:00
[2024-11-10T08:55:31.813+0000] {processor.py:208} INFO - Processing /home/airflow/.local/lib/python3.12/site-packages/airflow/example_dags/example_branch_operator_decorator.py took 0.083 seconds
[2024-11-10T08:56:02.651+0000] {processor.py:186} INFO - Started process (PID=352) to work on /home/airflow/.local/lib/python3.12/site-packages/airflow/example_dags/example_branch_operator_decorator.py
[2024-11-10T08:56:02.652+0000] {processor.py:914} INFO - Processing file /home/airflow/.local/lib/python3.12/site-packages/airflow/example_dags/example_branch_operator_decorator.py for tasks to queue
[2024-11-10T08:56:02.654+0000] {logging_mixin.py:190} INFO - [2024-11-10T08:56:02.654+0000] {dagbag.py:588} INFO - Filling up the DagBag from /home/airflow/.local/lib/python3.12/site-packages/airflow/example_dags/example_branch_operator_decorator.py
[2024-11-10T08:56:02.672+0000] {processor.py:925} INFO - DAG(s) 'example_branch_python_operator_decorator' retrieved from /home/airflow/.local/lib/python3.12/site-packages/airflow/example_dags/example_branch_operator_decorator.py
[2024-11-10T08:56:02.694+0000] {logging_mixin.py:190} INFO - [2024-11-10T08:56:02.694+0000] {dag.py:3239} INFO - Sync 1 DAGs
[2024-11-10T08:56:02.715+0000] {logging_mixin.py:190} INFO - [2024-11-10T08:56:02.715+0000] {dag.py:4180} INFO - Setting next_dagrun for example_branch_python_operator_decorator to 2024-11-09 00:00:00+00:00, run_after=2024-11-10 00:00:00+00:00
[2024-11-10T08:56:02.730+0000] {processor.py:208} INFO - Processing /home/airflow/.local/lib/python3.12/site-packages/airflow/example_dags/example_branch_operator_decorator.py took 0.084 seconds
[2024-11-10T08:56:33.687+0000] {processor.py:186} INFO - Started process (PID=414) to work on /home/airflow/.local/lib/python3.12/site-packages/airflow/example_dags/example_branch_operator_decorator.py
[2024-11-10T08:56:33.688+0000] {processor.py:914} INFO - Processing file /home/airflow/.local/lib/python3.12/site-packages/airflow/example_dags/example_branch_operator_decorator.py for tasks to queue
[2024-11-10T08:56:33.690+0000] {logging_mixin.py:190} INFO - [2024-11-10T08:56:33.689+0000] {dagbag.py:588} INFO - Filling up the DagBag from /home/airflow/.local/lib/python3.12/site-packages/airflow/example_dags/example_branch_operator_decorator.py
[2024-11-10T08:56:33.707+0000] {processor.py:925} INFO - DAG(s) 'example_branch_python_operator_decorator' retrieved from /home/airflow/.local/lib/python3.12/site-packages/airflow/example_dags/example_branch_operator_decorator.py
[2024-11-10T08:56:33.730+0000] {logging_mixin.py:190} INFO - [2024-11-10T08:56:33.730+0000] {dag.py:3239} INFO - Sync 1 DAGs
[2024-11-10T08:56:33.751+0000] {logging_mixin.py:190} INFO - [2024-11-10T08:56:33.751+0000] {dag.py:4180} INFO - Setting next_dagrun for example_branch_python_operator_decorator to 2024-11-09 00:00:00+00:00, run_after=2024-11-10 00:00:00+00:00
[2024-11-10T08:56:33.768+0000] {processor.py:208} INFO - Processing /home/airflow/.local/lib/python3.12/site-packages/airflow/example_dags/example_branch_operator_decorator.py took 0.086 seconds
[2024-11-10T08:57:03.952+0000] {processor.py:186} INFO - Started process (PID=476) to work on /home/airflow/.local/lib/python3.12/site-packages/airflow/example_dags/example_branch_operator_decorator.py
[2024-11-10T08:57:03.953+0000] {processor.py:914} INFO - Processing file /home/airflow/.local/lib/python3.12/site-packages/airflow/example_dags/example_branch_operator_decorator.py for tasks to queue
[2024-11-10T08:57:03.955+0000] {logging_mixin.py:190} INFO - [2024-11-10T08:57:03.955+0000] {dagbag.py:588} INFO - Filling up the DagBag from /home/airflow/.local/lib/python3.12/site-packages/airflow/example_dags/example_branch_operator_decorator.py
[2024-11-10T08:57:03.972+0000] {processor.py:925} INFO - DAG(s) 'example_branch_python_operator_decorator' retrieved from /home/airflow/.local/lib/python3.12/site-packages/airflow/example_dags/example_branch_operator_decorator.py
[2024-11-10T08:57:03.995+0000] {logging_mixin.py:190} INFO - [2024-11-10T08:57:03.995+0000] {dag.py:3239} INFO - Sync 1 DAGs
[2024-11-10T08:57:04.015+0000] {logging_mixin.py:190} INFO - [2024-11-10T08:57:04.015+0000] {dag.py:4180} INFO - Setting next_dagrun for example_branch_python_operator_decorator to 2024-11-09 00:00:00+00:00, run_after=2024-11-10 00:00:00+00:00
[2024-11-10T08:57:04.030+0000] {processor.py:208} INFO - Processing /home/airflow/.local/lib/python3.12/site-packages/airflow/example_dags/example_branch_operator_decorator.py took 0.082 seconds
[2024-11-10T08:57:34.920+0000] {processor.py:186} INFO - Started process (PID=538) to work on /home/airflow/.local/lib/python3.12/site-packages/airflow/example_dags/example_branch_operator_decorator.py
[2024-11-10T08:57:34.921+0000] {processor.py:914} INFO - Processing file /home/airflow/.local/lib/python3.12/site-packages/airflow/example_dags/example_branch_operator_decorator.py for tasks to queue
[2024-11-10T08:57:34.923+0000] {logging_mixin.py:190} INFO - [2024-11-10T08:57:34.922+0000] {dagbag.py:588} INFO - Filling up the DagBag from /home/airflow/.local/lib/python3.12/site-packages/airflow/example_dags/example_branch_operator_decorator.py
[2024-11-10T08:57:34.940+0000] {processor.py:925} INFO - DAG(s) 'example_branch_python_operator_decorator' retrieved from /home/airflow/.local/lib/python3.12/site-packages/airflow/example_dags/example_branch_operator_decorator.py
[2024-11-10T08:57:34.963+0000] {logging_mixin.py:190} INFO - [2024-11-10T08:57:34.963+0000] {dag.py:3239} INFO - Sync 1 DAGs
[2024-11-10T08:57:34.984+0000] {logging_mixin.py:190} INFO - [2024-11-10T08:57:34.984+0000] {dag.py:4180} INFO - Setting next_dagrun for example_branch_python_operator_decorator to 2024-11-09 00:00:00+00:00, run_after=2024-11-10 00:00:00+00:00
[2024-11-10T08:57:34.999+0000] {processor.py:208} INFO - Processing /home/airflow/.local/lib/python3.12/site-packages/airflow/example_dags/example_branch_operator_decorator.py took 0.084 seconds
[2024-11-10T08:58:05.052+0000] {processor.py:186} INFO - Started process (PID=600) to work on /home/airflow/.local/lib/python3.12/site-packages/airflow/example_dags/example_branch_operator_decorator.py
[2024-11-10T08:58:05.053+0000] {processor.py:914} INFO - Processing file /home/airflow/.local/lib/python3.12/site-packages/airflow/example_dags/example_branch_operator_decorator.py for tasks to queue
[2024-11-10T08:58:05.055+0000] {logging_mixin.py:190} INFO - [2024-11-10T08:58:05.054+0000] {dagbag.py:588} INFO - Filling up the DagBag from /home/airflow/.local/lib/python3.12/site-packages/airflow/example_dags/example_branch_operator_decorator.py
[2024-11-10T08:58:05.072+0000] {processor.py:925} INFO - DAG(s) 'example_branch_python_operator_decorator' retrieved from /home/airflow/.local/lib/python3.12/site-packages/airflow/example_dags/example_branch_operator_decorator.py
[2024-11-10T08:58:05.097+0000] {logging_mixin.py:190} INFO - [2024-11-10T08:58:05.097+0000] {dag.py:3239} INFO - Sync 1 DAGs
[2024-11-10T08:58:05.119+0000] {logging_mixin.py:190} INFO - [2024-11-10T08:58:05.119+0000] {dag.py:4180} INFO - Setting next_dagrun for example_branch_python_operator_decorator to 2024-11-09 00:00:00+00:00, run_after=2024-11-10 00:00:00+00:00
[2024-11-10T08:58:05.136+0000] {processor.py:208} INFO - Processing /home/airflow/.local/lib/python3.12/site-packages/airflow/example_dags/example_branch_operator_decorator.py took 0.089 seconds
[2024-11-10T08:58:36.106+0000] {processor.py:186} INFO - Started process (PID=662) to work on /home/airflow/.local/lib/python3.12/site-packages/airflow/example_dags/example_branch_operator_decorator.py
[2024-11-10T08:58:36.107+0000] {processor.py:914} INFO - Processing file /home/airflow/.local/lib/python3.12/site-packages/airflow/example_dags/example_branch_operator_decorator.py for tasks to queue
[2024-11-10T08:58:36.109+0000] {logging_mixin.py:190} INFO - [2024-11-10T08:58:36.109+0000] {dagbag.py:588} INFO - Filling up the DagBag from /home/airflow/.local/lib/python3.12/site-packages/airflow/example_dags/example_branch_operator_decorator.py
[2024-11-10T08:58:36.128+0000] {processor.py:925} INFO - DAG(s) 'example_branch_python_operator_decorator' retrieved from /home/airflow/.local/lib/python3.12/site-packages/airflow/example_dags/example_branch_operator_decorator.py
[2024-11-10T08:58:36.152+0000] {logging_mixin.py:190} INFO - [2024-11-10T08:58:36.152+0000] {dag.py:3239} INFO - Sync 1 DAGs
[2024-11-10T08:58:36.172+0000] {logging_mixin.py:190} INFO - [2024-11-10T08:58:36.172+0000] {dag.py:4180} INFO - Setting next_dagrun for example_branch_python_operator_decorator to 2024-11-09 00:00:00+00:00, run_after=2024-11-10 00:00:00+00:00
[2024-11-10T08:58:36.187+0000] {processor.py:208} INFO - Processing /home/airflow/.local/lib/python3.12/site-packages/airflow/example_dags/example_branch_operator_decorator.py took 0.085 seconds
[2024-11-10T08:59:06.358+0000] {processor.py:186} INFO - Started process (PID=724) to work on /home/airflow/.local/lib/python3.12/site-packages/airflow/example_dags/example_branch_operator_decorator.py
[2024-11-10T08:59:06.359+0000] {processor.py:914} INFO - Processing file /home/airflow/.local/lib/python3.12/site-packages/airflow/example_dags/example_branch_operator_decorator.py for tasks to queue
[2024-11-10T08:59:06.360+0000] {logging_mixin.py:190} INFO - [2024-11-10T08:59:06.360+0000] {dagbag.py:588} INFO - Filling up the DagBag from /home/airflow/.local/lib/python3.12/site-packages/airflow/example_dags/example_branch_operator_decorator.py
[2024-11-10T08:59:06.379+0000] {processor.py:925} INFO - DAG(s) 'example_branch_python_operator_decorator' retrieved from /home/airflow/.local/lib/python3.12/site-packages/airflow/example_dags/example_branch_operator_decorator.py
[2024-11-10T08:59:06.403+0000] {logging_mixin.py:190} INFO - [2024-11-10T08:59:06.403+0000] {dag.py:3239} INFO - Sync 1 DAGs
[2024-11-10T08:59:06.426+0000] {logging_mixin.py:190} INFO - [2024-11-10T08:59:06.425+0000] {dag.py:4180} INFO - Setting next_dagrun for example_branch_python_operator_decorator to 2024-11-09 00:00:00+00:00, run_after=2024-11-10 00:00:00+00:00
[2024-11-10T08:59:06.442+0000] {processor.py:208} INFO - Processing /home/airflow/.local/lib/python3.12/site-packages/airflow/example_dags/example_branch_operator_decorator.py took 0.089 seconds
[2024-11-10T08:59:36.605+0000] {processor.py:186} INFO - Started process (PID=786) to work on /home/airflow/.local/lib/python3.12/site-packages/airflow/example_dags/example_branch_operator_decorator.py
[2024-11-10T08:59:36.605+0000] {processor.py:914} INFO - Processing file /home/airflow/.local/lib/python3.12/site-packages/airflow/example_dags/example_branch_operator_decorator.py for tasks to queue
[2024-11-10T08:59:36.607+0000] {logging_mixin.py:190} INFO - [2024-11-10T08:59:36.607+0000] {dagbag.py:588} INFO - Filling up the DagBag from /home/airflow/.local/lib/python3.12/site-packages/airflow/example_dags/example_branch_operator_decorator.py
[2024-11-10T08:59:36.624+0000] {processor.py:925} INFO - DAG(s) 'example_branch_python_operator_decorator' retrieved from /home/airflow/.local/lib/python3.12/site-packages/airflow/example_dags/example_branch_operator_decorator.py
[2024-11-10T08:59:36.649+0000] {logging_mixin.py:190} INFO - [2024-11-10T08:59:36.648+0000] {dag.py:3239} INFO - Sync 1 DAGs
[2024-11-10T08:59:36.677+0000] {logging_mixin.py:190} INFO - [2024-11-10T08:59:36.676+0000] {dag.py:4180} INFO - Setting next_dagrun for example_branch_python_operator_decorator to 2024-11-09 00:00:00+00:00, run_after=2024-11-10 00:00:00+00:00
[2024-11-10T08:59:36.696+0000] {processor.py:208} INFO - Processing /home/airflow/.local/lib/python3.12/site-packages/airflow/example_dags/example_branch_operator_decorator.py took 0.096 seconds
[2024-11-10T09:00:06.990+0000] {processor.py:186} INFO - Started process (PID=848) to work on /home/airflow/.local/lib/python3.12/site-packages/airflow/example_dags/example_branch_operator_decorator.py
[2024-11-10T09:00:06.991+0000] {processor.py:914} INFO - Processing file /home/airflow/.local/lib/python3.12/site-packages/airflow/example_dags/example_branch_operator_decorator.py for tasks to queue
[2024-11-10T09:00:06.993+0000] {logging_mixin.py:190} INFO - [2024-11-10T09:00:06.993+0000] {dagbag.py:588} INFO - Filling up the DagBag from /home/airflow/.local/lib/python3.12/site-packages/airflow/example_dags/example_branch_operator_decorator.py
[2024-11-10T09:00:07.011+0000] {processor.py:925} INFO - DAG(s) 'example_branch_python_operator_decorator' retrieved from /home/airflow/.local/lib/python3.12/site-packages/airflow/example_dags/example_branch_operator_decorator.py
[2024-11-10T09:00:07.034+0000] {logging_mixin.py:190} INFO - [2024-11-10T09:00:07.034+0000] {dag.py:3239} INFO - Sync 1 DAGs
[2024-11-10T09:00:07.054+0000] {logging_mixin.py:190} INFO - [2024-11-10T09:00:07.054+0000] {dag.py:4180} INFO - Setting next_dagrun for example_branch_python_operator_decorator to 2024-11-09 00:00:00+00:00, run_after=2024-11-10 00:00:00+00:00
[2024-11-10T09:00:07.070+0000] {processor.py:208} INFO - Processing /home/airflow/.local/lib/python3.12/site-packages/airflow/example_dags/example_branch_operator_decorator.py took 0.084 seconds
[2024-11-10T09:00:37.406+0000] {processor.py:186} INFO - Started process (PID=910) to work on /home/airflow/.local/lib/python3.12/site-packages/airflow/example_dags/example_branch_operator_decorator.py
[2024-11-10T09:00:37.407+0000] {processor.py:914} INFO - Processing file /home/airflow/.local/lib/python3.12/site-packages/airflow/example_dags/example_branch_operator_decorator.py for tasks to queue
[2024-11-10T09:00:37.409+0000] {logging_mixin.py:190} INFO - [2024-11-10T09:00:37.408+0000] {dagbag.py:588} INFO - Filling up the DagBag from /home/airflow/.local/lib/python3.12/site-packages/airflow/example_dags/example_branch_operator_decorator.py
[2024-11-10T09:00:37.426+0000] {processor.py:925} INFO - DAG(s) 'example_branch_python_operator_decorator' retrieved from /home/airflow/.local/lib/python3.12/site-packages/airflow/example_dags/example_branch_operator_decorator.py
[2024-11-10T09:00:37.449+0000] {logging_mixin.py:190} INFO - [2024-11-10T09:00:37.449+0000] {dag.py:3239} INFO - Sync 1 DAGs
[2024-11-10T09:00:37.468+0000] {logging_mixin.py:190} INFO - [2024-11-10T09:00:37.467+0000] {dag.py:4180} INFO - Setting next_dagrun for example_branch_python_operator_decorator to 2024-11-09 00:00:00+00:00, run_after=2024-11-10 00:00:00+00:00
[2024-11-10T09:00:37.483+0000] {processor.py:208} INFO - Processing /home/airflow/.local/lib/python3.12/site-packages/airflow/example_dags/example_branch_operator_decorator.py took 0.082 seconds
[2024-11-10T09:01:07.714+0000] {processor.py:186} INFO - Started process (PID=972) to work on /home/airflow/.local/lib/python3.12/site-packages/airflow/example_dags/example_branch_operator_decorator.py
[2024-11-10T09:01:07.715+0000] {processor.py:914} INFO - Processing file /home/airflow/.local/lib/python3.12/site-packages/airflow/example_dags/example_branch_operator_decorator.py for tasks to queue
[2024-11-10T09:01:07.717+0000] {logging_mixin.py:190} INFO - [2024-11-10T09:01:07.716+0000] {dagbag.py:588} INFO - Filling up the DagBag from /home/airflow/.local/lib/python3.12/site-packages/airflow/example_dags/example_branch_operator_decorator.py
[2024-11-10T09:01:07.734+0000] {processor.py:925} INFO - DAG(s) 'example_branch_python_operator_decorator' retrieved from /home/airflow/.local/lib/python3.12/site-packages/airflow/example_dags/example_branch_operator_decorator.py
[2024-11-10T09:01:07.758+0000] {logging_mixin.py:190} INFO - [2024-11-10T09:01:07.757+0000] {dag.py:3239} INFO - Sync 1 DAGs
[2024-11-10T09:01:07.778+0000] {logging_mixin.py:190} INFO - [2024-11-10T09:01:07.778+0000] {dag.py:4180} INFO - Setting next_dagrun for example_branch_python_operator_decorator to 2024-11-09 00:00:00+00:00, run_after=2024-11-10 00:00:00+00:00
[2024-11-10T09:01:07.793+0000] {processor.py:208} INFO - Processing /home/airflow/.local/lib/python3.12/site-packages/airflow/example_dags/example_branch_operator_decorator.py took 0.084 seconds
[2024-11-10T09:01:38.073+0000] {processor.py:186} INFO - Started process (PID=1034) to work on /home/airflow/.local/lib/python3.12/site-packages/airflow/example_dags/example_branch_operator_decorator.py
[2024-11-10T09:01:38.074+0000] {processor.py:914} INFO - Processing file /home/airflow/.local/lib/python3.12/site-packages/airflow/example_dags/example_branch_operator_decorator.py for tasks to queue
[2024-11-10T09:01:38.076+0000] {logging_mixin.py:190} INFO - [2024-11-10T09:01:38.075+0000] {dagbag.py:588} INFO - Filling up the DagBag from /home/airflow/.local/lib/python3.12/site-packages/airflow/example_dags/example_branch_operator_decorator.py
[2024-11-10T09:01:38.093+0000] {processor.py:925} INFO - DAG(s) 'example_branch_python_operator_decorator' retrieved from /home/airflow/.local/lib/python3.12/site-packages/airflow/example_dags/example_branch_operator_decorator.py
[2024-11-10T09:01:38.115+0000] {logging_mixin.py:190} INFO - [2024-11-10T09:01:38.115+0000] {dag.py:3239} INFO - Sync 1 DAGs
[2024-11-10T09:01:38.135+0000] {logging_mixin.py:190} INFO - [2024-11-10T09:01:38.135+0000] {dag.py:4180} INFO - Setting next_dagrun for example_branch_python_operator_decorator to 2024-11-09 00:00:00+00:00, run_after=2024-11-10 00:00:00+00:00
[2024-11-10T09:01:38.150+0000] {processor.py:208} INFO - Processing /home/airflow/.local/lib/python3.12/site-packages/airflow/example_dags/example_branch_operator_decorator.py took 0.081 seconds
[2024-11-10T09:02:08.294+0000] {processor.py:186} INFO - Started process (PID=1096) to work on /home/airflow/.local/lib/python3.12/site-packages/airflow/example_dags/example_branch_operator_decorator.py
[2024-11-10T09:02:08.295+0000] {processor.py:914} INFO - Processing file /home/airflow/.local/lib/python3.12/site-packages/airflow/example_dags/example_branch_operator_decorator.py for tasks to queue
[2024-11-10T09:02:08.297+0000] {logging_mixin.py:190} INFO - [2024-11-10T09:02:08.297+0000] {dagbag.py:588} INFO - Filling up the DagBag from /home/airflow/.local/lib/python3.12/site-packages/airflow/example_dags/example_branch_operator_decorator.py
[2024-11-10T09:02:08.318+0000] {processor.py:925} INFO - DAG(s) 'example_branch_python_operator_decorator' retrieved from /home/airflow/.local/lib/python3.12/site-packages/airflow/example_dags/example_branch_operator_decorator.py
[2024-11-10T09:02:08.343+0000] {logging_mixin.py:190} INFO - [2024-11-10T09:02:08.343+0000] {dag.py:3239} INFO - Sync 1 DAGs
[2024-11-10T09:02:08.366+0000] {logging_mixin.py:190} INFO - [2024-11-10T09:02:08.366+0000] {dag.py:4180} INFO - Setting next_dagrun for example_branch_python_operator_decorator to 2024-11-09 00:00:00+00:00, run_after=2024-11-10 00:00:00+00:00
[2024-11-10T09:02:08.384+0000] {processor.py:208} INFO - Processing /home/airflow/.local/lib/python3.12/site-packages/airflow/example_dags/example_branch_operator_decorator.py took 0.095 seconds
[2024-11-10T09:02:39.298+0000] {processor.py:186} INFO - Started process (PID=1158) to work on /home/airflow/.local/lib/python3.12/site-packages/airflow/example_dags/example_branch_operator_decorator.py
[2024-11-10T09:02:39.299+0000] {processor.py:914} INFO - Processing file /home/airflow/.local/lib/python3.12/site-packages/airflow/example_dags/example_branch_operator_decorator.py for tasks to queue
[2024-11-10T09:02:39.300+0000] {logging_mixin.py:190} INFO - [2024-11-10T09:02:39.300+0000] {dagbag.py:588} INFO - Filling up the DagBag from /home/airflow/.local/lib/python3.12/site-packages/airflow/example_dags/example_branch_operator_decorator.py
[2024-11-10T09:02:39.317+0000] {processor.py:925} INFO - DAG(s) 'example_branch_python_operator_decorator' retrieved from /home/airflow/.local/lib/python3.12/site-packages/airflow/example_dags/example_branch_operator_decorator.py
[2024-11-10T09:02:39.341+0000] {logging_mixin.py:190} INFO - [2024-11-10T09:02:39.341+0000] {dag.py:3239} INFO - Sync 1 DAGs
[2024-11-10T09:02:39.362+0000] {logging_mixin.py:190} INFO - [2024-11-10T09:02:39.361+0000] {dag.py:4180} INFO - Setting next_dagrun for example_branch_python_operator_decorator to 2024-11-09 00:00:00+00:00, run_after=2024-11-10 00:00:00+00:00
[2024-11-10T09:02:39.381+0000] {processor.py:208} INFO - Processing /home/airflow/.local/lib/python3.12/site-packages/airflow/example_dags/example_branch_operator_decorator.py took 0.087 seconds
[2024-11-10T09:03:10.251+0000] {processor.py:186} INFO - Started process (PID=1220) to work on /home/airflow/.local/lib/python3.12/site-packages/airflow/example_dags/example_branch_operator_decorator.py
[2024-11-10T09:03:10.252+0000] {processor.py:914} INFO - Processing file /home/airflow/.local/lib/python3.12/site-packages/airflow/example_dags/example_branch_operator_decorator.py for tasks to queue
[2024-11-10T09:03:10.254+0000] {logging_mixin.py:190} INFO - [2024-11-10T09:03:10.253+0000] {dagbag.py:588} INFO - Filling up the DagBag from /home/airflow/.local/lib/python3.12/site-packages/airflow/example_dags/example_branch_operator_decorator.py
[2024-11-10T09:03:10.271+0000] {processor.py:925} INFO - DAG(s) 'example_branch_python_operator_decorator' retrieved from /home/airflow/.local/lib/python3.12/site-packages/airflow/example_dags/example_branch_operator_decorator.py
[2024-11-10T09:03:10.294+0000] {logging_mixin.py:190} INFO - [2024-11-10T09:03:10.294+0000] {dag.py:3239} INFO - Sync 1 DAGs
[2024-11-10T09:03:10.314+0000] {logging_mixin.py:190} INFO - [2024-11-10T09:03:10.313+0000] {dag.py:4180} INFO - Setting next_dagrun for example_branch_python_operator_decorator to 2024-11-09 00:00:00+00:00, run_after=2024-11-10 00:00:00+00:00
[2024-11-10T09:03:10.329+0000] {processor.py:208} INFO - Processing /home/airflow/.local/lib/python3.12/site-packages/airflow/example_dags/example_branch_operator_decorator.py took 0.082 seconds
[2024-11-10T09:03:41.224+0000] {processor.py:186} INFO - Started process (PID=1282) to work on /home/airflow/.local/lib/python3.12/site-packages/airflow/example_dags/example_branch_operator_decorator.py
[2024-11-10T09:03:41.225+0000] {processor.py:914} INFO - Processing file /home/airflow/.local/lib/python3.12/site-packages/airflow/example_dags/example_branch_operator_decorator.py for tasks to queue
[2024-11-10T09:03:41.227+0000] {logging_mixin.py:190} INFO - [2024-11-10T09:03:41.227+0000] {dagbag.py:588} INFO - Filling up the DagBag from /home/airflow/.local/lib/python3.12/site-packages/airflow/example_dags/example_branch_operator_decorator.py
[2024-11-10T09:03:41.244+0000] {processor.py:925} INFO - DAG(s) 'example_branch_python_operator_decorator' retrieved from /home/airflow/.local/lib/python3.12/site-packages/airflow/example_dags/example_branch_operator_decorator.py
[2024-11-10T09:03:41.268+0000] {logging_mixin.py:190} INFO - [2024-11-10T09:03:41.267+0000] {dag.py:3239} INFO - Sync 1 DAGs
[2024-11-10T09:03:41.286+0000] {logging_mixin.py:190} INFO - [2024-11-10T09:03:41.286+0000] {dag.py:4180} INFO - Setting next_dagrun for example_branch_python_operator_decorator to 2024-11-09 00:00:00+00:00, run_after=2024-11-10 00:00:00+00:00
[2024-11-10T09:03:41.301+0000] {processor.py:208} INFO - Processing /home/airflow/.local/lib/python3.12/site-packages/airflow/example_dags/example_branch_operator_decorator.py took 0.081 seconds
[2024-11-10T09:04:11.591+0000] {processor.py:186} INFO - Started process (PID=1344) to work on /home/airflow/.local/lib/python3.12/site-packages/airflow/example_dags/example_branch_operator_decorator.py
[2024-11-10T09:04:11.591+0000] {processor.py:914} INFO - Processing file /home/airflow/.local/lib/python3.12/site-packages/airflow/example_dags/example_branch_operator_decorator.py for tasks to queue
[2024-11-10T09:04:11.594+0000] {logging_mixin.py:190} INFO - [2024-11-10T09:04:11.593+0000] {dagbag.py:588} INFO - Filling up the DagBag from /home/airflow/.local/lib/python3.12/site-packages/airflow/example_dags/example_branch_operator_decorator.py
[2024-11-10T09:04:11.612+0000] {processor.py:925} INFO - DAG(s) 'example_branch_python_operator_decorator' retrieved from /home/airflow/.local/lib/python3.12/site-packages/airflow/example_dags/example_branch_operator_decorator.py
[2024-11-10T09:04:11.634+0000] {logging_mixin.py:190} INFO - [2024-11-10T09:04:11.634+0000] {dag.py:3239} INFO - Sync 1 DAGs
[2024-11-10T09:04:11.653+0000] {logging_mixin.py:190} INFO - [2024-11-10T09:04:11.653+0000] {dag.py:4180} INFO - Setting next_dagrun for example_branch_python_operator_decorator to 2024-11-09 00:00:00+00:00, run_after=2024-11-10 00:00:00+00:00
[2024-11-10T09:04:11.668+0000] {processor.py:208} INFO - Processing /home/airflow/.local/lib/python3.12/site-packages/airflow/example_dags/example_branch_operator_decorator.py took 0.082 seconds
[2024-11-10T09:04:42.722+0000] {processor.py:186} INFO - Started process (PID=1412) to work on /home/airflow/.local/lib/python3.12/site-packages/airflow/example_dags/example_branch_operator_decorator.py
[2024-11-10T09:04:42.723+0000] {processor.py:914} INFO - Processing file /home/airflow/.local/lib/python3.12/site-packages/airflow/example_dags/example_branch_operator_decorator.py for tasks to queue
[2024-11-10T09:04:42.725+0000] {logging_mixin.py:190} INFO - [2024-11-10T09:04:42.725+0000] {dagbag.py:588} INFO - Filling up the DagBag from /home/airflow/.local/lib/python3.12/site-packages/airflow/example_dags/example_branch_operator_decorator.py
[2024-11-10T09:04:42.742+0000] {processor.py:925} INFO - DAG(s) 'example_branch_python_operator_decorator' retrieved from /home/airflow/.local/lib/python3.12/site-packages/airflow/example_dags/example_branch_operator_decorator.py
[2024-11-10T09:04:42.766+0000] {logging_mixin.py:190} INFO - [2024-11-10T09:04:42.766+0000] {dag.py:3239} INFO - Sync 1 DAGs
[2024-11-10T09:04:42.785+0000] {logging_mixin.py:190} INFO - [2024-11-10T09:04:42.785+0000] {dag.py:4180} INFO - Setting next_dagrun for example_branch_python_operator_decorator to 2024-11-09 00:00:00+00:00, run_after=2024-11-10 00:00:00+00:00
[2024-11-10T09:04:42.801+0000] {processor.py:208} INFO - Processing /home/airflow/.local/lib/python3.12/site-packages/airflow/example_dags/example_branch_operator_decorator.py took 0.083 seconds
[2024-11-10T09:05:12.973+0000] {processor.py:186} INFO - Started process (PID=1474) to work on /home/airflow/.local/lib/python3.12/site-packages/airflow/example_dags/example_branch_operator_decorator.py
[2024-11-10T09:05:12.974+0000] {processor.py:914} INFO - Processing file /home/airflow/.local/lib/python3.12/site-packages/airflow/example_dags/example_branch_operator_decorator.py for tasks to queue
[2024-11-10T09:05:12.976+0000] {logging_mixin.py:190} INFO - [2024-11-10T09:05:12.975+0000] {dagbag.py:588} INFO - Filling up the DagBag from /home/airflow/.local/lib/python3.12/site-packages/airflow/example_dags/example_branch_operator_decorator.py
[2024-11-10T09:05:12.993+0000] {processor.py:925} INFO - DAG(s) 'example_branch_python_operator_decorator' retrieved from /home/airflow/.local/lib/python3.12/site-packages/airflow/example_dags/example_branch_operator_decorator.py
[2024-11-10T09:05:13.017+0000] {logging_mixin.py:190} INFO - [2024-11-10T09:05:13.016+0000] {dag.py:3239} INFO - Sync 1 DAGs
[2024-11-10T09:05:13.036+0000] {logging_mixin.py:190} INFO - [2024-11-10T09:05:13.036+0000] {dag.py:4180} INFO - Setting next_dagrun for example_branch_python_operator_decorator to 2024-11-09 00:00:00+00:00, run_after=2024-11-10 00:00:00+00:00
[2024-11-10T09:05:13.050+0000] {processor.py:208} INFO - Processing /home/airflow/.local/lib/python3.12/site-packages/airflow/example_dags/example_branch_operator_decorator.py took 0.082 seconds
