[2024-11-10T08:53:30.167+0000] {processor.py:186} INFO - Started process (PID=47) to work on /home/airflow/.local/lib/python3.12/site-packages/airflow/example_dags/example_task_group.py
[2024-11-10T08:53:30.168+0000] {processor.py:914} INFO - Processing file /home/airflow/.local/lib/python3.12/site-packages/airflow/example_dags/example_task_group.py for tasks to queue
[2024-11-10T08:53:30.169+0000] {logging_mixin.py:190} INFO - [2024-11-10T08:53:30.169+0000] {dagbag.py:588} INFO - Filling up the DagBag from /home/airflow/.local/lib/python3.12/site-packages/airflow/example_dags/example_task_group.py
[2024-11-10T08:53:30.178+0000] {processor.py:925} INFO - DAG(s) 'example_task_group' retrieved from /home/airflow/.local/lib/python3.12/site-packages/airflow/example_dags/example_task_group.py
[2024-11-10T08:53:30.270+0000] {logging_mixin.py:190} INFO - [2024-11-10T08:53:30.269+0000] {override.py:1900} INFO - Created Permission View: can delete on DAG:example_task_group
[2024-11-10T08:53:30.278+0000] {logging_mixin.py:190} INFO - [2024-11-10T08:53:30.278+0000] {override.py:1900} INFO - Created Permission View: can edit on DAG:example_task_group
[2024-11-10T08:53:30.285+0000] {logging_mixin.py:190} INFO - [2024-11-10T08:53:30.285+0000] {override.py:1900} INFO - Created Permission View: can read on DAG:example_task_group
[2024-11-10T08:53:30.292+0000] {logging_mixin.py:190} INFO - [2024-11-10T08:53:30.292+0000] {override.py:1900} INFO - Created Permission View: menu access on DAG Run:example_task_group
[2024-11-10T08:53:30.298+0000] {logging_mixin.py:190} INFO - [2024-11-10T08:53:30.297+0000] {override.py:1900} INFO - Created Permission View: can delete on DAG Run:example_task_group
[2024-11-10T08:53:30.304+0000] {logging_mixin.py:190} INFO - [2024-11-10T08:53:30.304+0000] {override.py:1900} INFO - Created Permission View: can create on DAG Run:example_task_group
[2024-11-10T08:53:30.310+0000] {logging_mixin.py:190} INFO - [2024-11-10T08:53:30.310+0000] {override.py:1900} INFO - Created Permission View: can read on DAG Run:example_task_group
[2024-11-10T08:53:30.311+0000] {logging_mixin.py:190} INFO - [2024-11-10T08:53:30.311+0000] {dag.py:3239} INFO - Sync 1 DAGs
[2024-11-10T08:53:30.321+0000] {logging_mixin.py:190} INFO - [2024-11-10T08:53:30.321+0000] {dag.py:3262} INFO - Creating ORM DAG for example_task_group
[2024-11-10T08:53:30.322+0000] {logging_mixin.py:190} INFO - [2024-11-10T08:53:30.322+0000] {dag.py:4180} INFO - Setting next_dagrun for example_task_group to None, run_after=None
[2024-11-10T08:53:30.336+0000] {processor.py:208} INFO - Processing /home/airflow/.local/lib/python3.12/site-packages/airflow/example_dags/example_task_group.py took 0.174 seconds
[2024-11-10T08:54:00.827+0000] {processor.py:186} INFO - Started process (PID=109) to work on /home/airflow/.local/lib/python3.12/site-packages/airflow/example_dags/example_task_group.py
[2024-11-10T08:54:00.827+0000] {processor.py:914} INFO - Processing file /home/airflow/.local/lib/python3.12/site-packages/airflow/example_dags/example_task_group.py for tasks to queue
[2024-11-10T08:54:00.830+0000] {logging_mixin.py:190} INFO - [2024-11-10T08:54:00.829+0000] {dagbag.py:588} INFO - Filling up the DagBag from /home/airflow/.local/lib/python3.12/site-packages/airflow/example_dags/example_task_group.py
[2024-11-10T08:54:00.836+0000] {processor.py:925} INFO - DAG(s) 'example_task_group' retrieved from /home/airflow/.local/lib/python3.12/site-packages/airflow/example_dags/example_task_group.py
[2024-11-10T08:54:00.853+0000] {logging_mixin.py:190} INFO - [2024-11-10T08:54:00.853+0000] {dag.py:3239} INFO - Sync 1 DAGs
[2024-11-10T08:54:00.865+0000] {logging_mixin.py:190} INFO - [2024-11-10T08:54:00.865+0000] {dag.py:4180} INFO - Setting next_dagrun for example_task_group to None, run_after=None
[2024-11-10T08:54:00.880+0000] {processor.py:208} INFO - Processing /home/airflow/.local/lib/python3.12/site-packages/airflow/example_dags/example_task_group.py took 0.058 seconds
[2024-11-10T08:54:31.116+0000] {processor.py:186} INFO - Started process (PID=171) to work on /home/airflow/.local/lib/python3.12/site-packages/airflow/example_dags/example_task_group.py
[2024-11-10T08:54:31.116+0000] {processor.py:914} INFO - Processing file /home/airflow/.local/lib/python3.12/site-packages/airflow/example_dags/example_task_group.py for tasks to queue
[2024-11-10T08:54:31.118+0000] {logging_mixin.py:190} INFO - [2024-11-10T08:54:31.118+0000] {dagbag.py:588} INFO - Filling up the DagBag from /home/airflow/.local/lib/python3.12/site-packages/airflow/example_dags/example_task_group.py
[2024-11-10T08:54:31.125+0000] {processor.py:925} INFO - DAG(s) 'example_task_group' retrieved from /home/airflow/.local/lib/python3.12/site-packages/airflow/example_dags/example_task_group.py
[2024-11-10T08:54:31.145+0000] {logging_mixin.py:190} INFO - [2024-11-10T08:54:31.144+0000] {dag.py:3239} INFO - Sync 1 DAGs
[2024-11-10T08:54:31.158+0000] {logging_mixin.py:190} INFO - [2024-11-10T08:54:31.158+0000] {dag.py:4180} INFO - Setting next_dagrun for example_task_group to None, run_after=None
[2024-11-10T08:54:31.174+0000] {processor.py:208} INFO - Processing /home/airflow/.local/lib/python3.12/site-packages/airflow/example_dags/example_task_group.py took 0.064 seconds
[2024-11-10T08:55:02.137+0000] {processor.py:186} INFO - Started process (PID=233) to work on /home/airflow/.local/lib/python3.12/site-packages/airflow/example_dags/example_task_group.py
[2024-11-10T08:55:02.138+0000] {processor.py:914} INFO - Processing file /home/airflow/.local/lib/python3.12/site-packages/airflow/example_dags/example_task_group.py for tasks to queue
[2024-11-10T08:55:02.140+0000] {logging_mixin.py:190} INFO - [2024-11-10T08:55:02.140+0000] {dagbag.py:588} INFO - Filling up the DagBag from /home/airflow/.local/lib/python3.12/site-packages/airflow/example_dags/example_task_group.py
[2024-11-10T08:55:02.147+0000] {processor.py:925} INFO - DAG(s) 'example_task_group' retrieved from /home/airflow/.local/lib/python3.12/site-packages/airflow/example_dags/example_task_group.py
[2024-11-10T08:55:02.164+0000] {logging_mixin.py:190} INFO - [2024-11-10T08:55:02.163+0000] {dag.py:3239} INFO - Sync 1 DAGs
[2024-11-10T08:55:02.175+0000] {logging_mixin.py:190} INFO - [2024-11-10T08:55:02.175+0000] {dag.py:4180} INFO - Setting next_dagrun for example_task_group to None, run_after=None
[2024-11-10T08:55:02.190+0000] {processor.py:208} INFO - Processing /home/airflow/.local/lib/python3.12/site-packages/airflow/example_dags/example_task_group.py took 0.057 seconds
[2024-11-10T08:55:32.933+0000] {processor.py:186} INFO - Started process (PID=295) to work on /home/airflow/.local/lib/python3.12/site-packages/airflow/example_dags/example_task_group.py
[2024-11-10T08:55:32.934+0000] {processor.py:914} INFO - Processing file /home/airflow/.local/lib/python3.12/site-packages/airflow/example_dags/example_task_group.py for tasks to queue
[2024-11-10T08:55:32.936+0000] {logging_mixin.py:190} INFO - [2024-11-10T08:55:32.935+0000] {dagbag.py:588} INFO - Filling up the DagBag from /home/airflow/.local/lib/python3.12/site-packages/airflow/example_dags/example_task_group.py
[2024-11-10T08:55:32.942+0000] {processor.py:925} INFO - DAG(s) 'example_task_group' retrieved from /home/airflow/.local/lib/python3.12/site-packages/airflow/example_dags/example_task_group.py
[2024-11-10T08:55:32.959+0000] {logging_mixin.py:190} INFO - [2024-11-10T08:55:32.959+0000] {dag.py:3239} INFO - Sync 1 DAGs
[2024-11-10T08:55:32.971+0000] {logging_mixin.py:190} INFO - [2024-11-10T08:55:32.970+0000] {dag.py:4180} INFO - Setting next_dagrun for example_task_group to None, run_after=None
[2024-11-10T08:55:32.986+0000] {processor.py:208} INFO - Processing /home/airflow/.local/lib/python3.12/site-packages/airflow/example_dags/example_task_group.py took 0.057 seconds
[2024-11-10T08:56:03.850+0000] {processor.py:186} INFO - Started process (PID=357) to work on /home/airflow/.local/lib/python3.12/site-packages/airflow/example_dags/example_task_group.py
[2024-11-10T08:56:03.850+0000] {processor.py:914} INFO - Processing file /home/airflow/.local/lib/python3.12/site-packages/airflow/example_dags/example_task_group.py for tasks to queue
[2024-11-10T08:56:03.852+0000] {logging_mixin.py:190} INFO - [2024-11-10T08:56:03.852+0000] {dagbag.py:588} INFO - Filling up the DagBag from /home/airflow/.local/lib/python3.12/site-packages/airflow/example_dags/example_task_group.py
[2024-11-10T08:56:03.859+0000] {processor.py:925} INFO - DAG(s) 'example_task_group' retrieved from /home/airflow/.local/lib/python3.12/site-packages/airflow/example_dags/example_task_group.py
[2024-11-10T08:56:03.877+0000] {logging_mixin.py:190} INFO - [2024-11-10T08:56:03.876+0000] {dag.py:3239} INFO - Sync 1 DAGs
[2024-11-10T08:56:03.889+0000] {logging_mixin.py:190} INFO - [2024-11-10T08:56:03.888+0000] {dag.py:4180} INFO - Setting next_dagrun for example_task_group to None, run_after=None
[2024-11-10T08:56:03.904+0000] {processor.py:208} INFO - Processing /home/airflow/.local/lib/python3.12/site-packages/airflow/example_dags/example_task_group.py took 0.059 seconds
[2024-11-10T08:56:34.894+0000] {processor.py:186} INFO - Started process (PID=419) to work on /home/airflow/.local/lib/python3.12/site-packages/airflow/example_dags/example_task_group.py
[2024-11-10T08:56:34.895+0000] {processor.py:914} INFO - Processing file /home/airflow/.local/lib/python3.12/site-packages/airflow/example_dags/example_task_group.py for tasks to queue
[2024-11-10T08:56:34.897+0000] {logging_mixin.py:190} INFO - [2024-11-10T08:56:34.897+0000] {dagbag.py:588} INFO - Filling up the DagBag from /home/airflow/.local/lib/python3.12/site-packages/airflow/example_dags/example_task_group.py
[2024-11-10T08:56:34.905+0000] {processor.py:925} INFO - DAG(s) 'example_task_group' retrieved from /home/airflow/.local/lib/python3.12/site-packages/airflow/example_dags/example_task_group.py
[2024-11-10T08:56:34.924+0000] {logging_mixin.py:190} INFO - [2024-11-10T08:56:34.924+0000] {dag.py:3239} INFO - Sync 1 DAGs
[2024-11-10T08:56:34.937+0000] {logging_mixin.py:190} INFO - [2024-11-10T08:56:34.937+0000] {dag.py:4180} INFO - Setting next_dagrun for example_task_group to None, run_after=None
[2024-11-10T08:56:34.958+0000] {processor.py:208} INFO - Processing /home/airflow/.local/lib/python3.12/site-packages/airflow/example_dags/example_task_group.py took 0.068 seconds
[2024-11-10T08:57:05.154+0000] {processor.py:186} INFO - Started process (PID=481) to work on /home/airflow/.local/lib/python3.12/site-packages/airflow/example_dags/example_task_group.py
[2024-11-10T08:57:05.155+0000] {processor.py:914} INFO - Processing file /home/airflow/.local/lib/python3.12/site-packages/airflow/example_dags/example_task_group.py for tasks to queue
[2024-11-10T08:57:05.157+0000] {logging_mixin.py:190} INFO - [2024-11-10T08:57:05.157+0000] {dagbag.py:588} INFO - Filling up the DagBag from /home/airflow/.local/lib/python3.12/site-packages/airflow/example_dags/example_task_group.py
[2024-11-10T08:57:05.164+0000] {processor.py:925} INFO - DAG(s) 'example_task_group' retrieved from /home/airflow/.local/lib/python3.12/site-packages/airflow/example_dags/example_task_group.py
[2024-11-10T08:57:05.182+0000] {logging_mixin.py:190} INFO - [2024-11-10T08:57:05.182+0000] {dag.py:3239} INFO - Sync 1 DAGs
[2024-11-10T08:57:05.194+0000] {logging_mixin.py:190} INFO - [2024-11-10T08:57:05.194+0000] {dag.py:4180} INFO - Setting next_dagrun for example_task_group to None, run_after=None
[2024-11-10T08:57:05.210+0000] {processor.py:208} INFO - Processing /home/airflow/.local/lib/python3.12/site-packages/airflow/example_dags/example_task_group.py took 0.060 seconds
[2024-11-10T08:57:36.118+0000] {processor.py:186} INFO - Started process (PID=543) to work on /home/airflow/.local/lib/python3.12/site-packages/airflow/example_dags/example_task_group.py
[2024-11-10T08:57:36.119+0000] {processor.py:914} INFO - Processing file /home/airflow/.local/lib/python3.12/site-packages/airflow/example_dags/example_task_group.py for tasks to queue
[2024-11-10T08:57:36.121+0000] {logging_mixin.py:190} INFO - [2024-11-10T08:57:36.121+0000] {dagbag.py:588} INFO - Filling up the DagBag from /home/airflow/.local/lib/python3.12/site-packages/airflow/example_dags/example_task_group.py
[2024-11-10T08:57:36.128+0000] {processor.py:925} INFO - DAG(s) 'example_task_group' retrieved from /home/airflow/.local/lib/python3.12/site-packages/airflow/example_dags/example_task_group.py
[2024-11-10T08:57:36.145+0000] {logging_mixin.py:190} INFO - [2024-11-10T08:57:36.145+0000] {dag.py:3239} INFO - Sync 1 DAGs
[2024-11-10T08:57:36.157+0000] {logging_mixin.py:190} INFO - [2024-11-10T08:57:36.156+0000] {dag.py:4180} INFO - Setting next_dagrun for example_task_group to None, run_after=None
[2024-11-10T08:57:36.173+0000] {processor.py:208} INFO - Processing /home/airflow/.local/lib/python3.12/site-packages/airflow/example_dags/example_task_group.py took 0.059 seconds
[2024-11-10T08:58:06.257+0000] {processor.py:186} INFO - Started process (PID=605) to work on /home/airflow/.local/lib/python3.12/site-packages/airflow/example_dags/example_task_group.py
[2024-11-10T08:58:06.258+0000] {processor.py:914} INFO - Processing file /home/airflow/.local/lib/python3.12/site-packages/airflow/example_dags/example_task_group.py for tasks to queue
[2024-11-10T08:58:06.259+0000] {logging_mixin.py:190} INFO - [2024-11-10T08:58:06.259+0000] {dagbag.py:588} INFO - Filling up the DagBag from /home/airflow/.local/lib/python3.12/site-packages/airflow/example_dags/example_task_group.py
[2024-11-10T08:58:06.266+0000] {processor.py:925} INFO - DAG(s) 'example_task_group' retrieved from /home/airflow/.local/lib/python3.12/site-packages/airflow/example_dags/example_task_group.py
[2024-11-10T08:58:06.284+0000] {logging_mixin.py:190} INFO - [2024-11-10T08:58:06.283+0000] {dag.py:3239} INFO - Sync 1 DAGs
[2024-11-10T08:58:06.296+0000] {logging_mixin.py:190} INFO - [2024-11-10T08:58:06.295+0000] {dag.py:4180} INFO - Setting next_dagrun for example_task_group to None, run_after=None
[2024-11-10T08:58:06.311+0000] {processor.py:208} INFO - Processing /home/airflow/.local/lib/python3.12/site-packages/airflow/example_dags/example_task_group.py took 0.059 seconds
[2024-11-10T08:58:36.351+0000] {processor.py:186} INFO - Started process (PID=666) to work on /home/airflow/.local/lib/python3.12/site-packages/airflow/example_dags/example_task_group.py
[2024-11-10T08:58:36.351+0000] {processor.py:914} INFO - Processing file /home/airflow/.local/lib/python3.12/site-packages/airflow/example_dags/example_task_group.py for tasks to queue
[2024-11-10T08:58:36.353+0000] {logging_mixin.py:190} INFO - [2024-11-10T08:58:36.353+0000] {dagbag.py:588} INFO - Filling up the DagBag from /home/airflow/.local/lib/python3.12/site-packages/airflow/example_dags/example_task_group.py
[2024-11-10T08:58:36.360+0000] {processor.py:925} INFO - DAG(s) 'example_task_group' retrieved from /home/airflow/.local/lib/python3.12/site-packages/airflow/example_dags/example_task_group.py
[2024-11-10T08:58:36.376+0000] {logging_mixin.py:190} INFO - [2024-11-10T08:58:36.376+0000] {dag.py:3239} INFO - Sync 1 DAGs
[2024-11-10T08:58:36.388+0000] {logging_mixin.py:190} INFO - [2024-11-10T08:58:36.388+0000] {dag.py:4180} INFO - Setting next_dagrun for example_task_group to None, run_after=None
[2024-11-10T08:58:36.404+0000] {processor.py:208} INFO - Processing /home/airflow/.local/lib/python3.12/site-packages/airflow/example_dags/example_task_group.py took 0.058 seconds
[2024-11-10T08:59:06.553+0000] {processor.py:186} INFO - Started process (PID=728) to work on /home/airflow/.local/lib/python3.12/site-packages/airflow/example_dags/example_task_group.py
[2024-11-10T08:59:06.554+0000] {processor.py:914} INFO - Processing file /home/airflow/.local/lib/python3.12/site-packages/airflow/example_dags/example_task_group.py for tasks to queue
[2024-11-10T08:59:06.556+0000] {logging_mixin.py:190} INFO - [2024-11-10T08:59:06.556+0000] {dagbag.py:588} INFO - Filling up the DagBag from /home/airflow/.local/lib/python3.12/site-packages/airflow/example_dags/example_task_group.py
[2024-11-10T08:59:06.563+0000] {processor.py:925} INFO - DAG(s) 'example_task_group' retrieved from /home/airflow/.local/lib/python3.12/site-packages/airflow/example_dags/example_task_group.py
[2024-11-10T08:59:06.582+0000] {logging_mixin.py:190} INFO - [2024-11-10T08:59:06.582+0000] {dag.py:3239} INFO - Sync 1 DAGs
[2024-11-10T08:59:06.595+0000] {logging_mixin.py:190} INFO - [2024-11-10T08:59:06.595+0000] {dag.py:4180} INFO - Setting next_dagrun for example_task_group to None, run_after=None
[2024-11-10T08:59:06.613+0000] {processor.py:208} INFO - Processing /home/airflow/.local/lib/python3.12/site-packages/airflow/example_dags/example_task_group.py took 0.065 seconds
[2024-11-10T08:59:36.872+0000] {processor.py:186} INFO - Started process (PID=790) to work on /home/airflow/.local/lib/python3.12/site-packages/airflow/example_dags/example_task_group.py
[2024-11-10T08:59:36.873+0000] {processor.py:914} INFO - Processing file /home/airflow/.local/lib/python3.12/site-packages/airflow/example_dags/example_task_group.py for tasks to queue
[2024-11-10T08:59:36.875+0000] {logging_mixin.py:190} INFO - [2024-11-10T08:59:36.875+0000] {dagbag.py:588} INFO - Filling up the DagBag from /home/airflow/.local/lib/python3.12/site-packages/airflow/example_dags/example_task_group.py
[2024-11-10T08:59:36.883+0000] {processor.py:925} INFO - DAG(s) 'example_task_group' retrieved from /home/airflow/.local/lib/python3.12/site-packages/airflow/example_dags/example_task_group.py
[2024-11-10T08:59:36.902+0000] {logging_mixin.py:190} INFO - [2024-11-10T08:59:36.901+0000] {dag.py:3239} INFO - Sync 1 DAGs
[2024-11-10T08:59:36.914+0000] {logging_mixin.py:190} INFO - [2024-11-10T08:59:36.914+0000] {dag.py:4180} INFO - Setting next_dagrun for example_task_group to None, run_after=None
[2024-11-10T08:59:36.930+0000] {processor.py:208} INFO - Processing /home/airflow/.local/lib/python3.12/site-packages/airflow/example_dags/example_task_group.py took 0.063 seconds
[2024-11-10T09:00:07.175+0000] {processor.py:186} INFO - Started process (PID=852) to work on /home/airflow/.local/lib/python3.12/site-packages/airflow/example_dags/example_task_group.py
[2024-11-10T09:00:07.176+0000] {processor.py:914} INFO - Processing file /home/airflow/.local/lib/python3.12/site-packages/airflow/example_dags/example_task_group.py for tasks to queue
[2024-11-10T09:00:07.178+0000] {logging_mixin.py:190} INFO - [2024-11-10T09:00:07.177+0000] {dagbag.py:588} INFO - Filling up the DagBag from /home/airflow/.local/lib/python3.12/site-packages/airflow/example_dags/example_task_group.py
[2024-11-10T09:00:07.185+0000] {processor.py:925} INFO - DAG(s) 'example_task_group' retrieved from /home/airflow/.local/lib/python3.12/site-packages/airflow/example_dags/example_task_group.py
[2024-11-10T09:00:07.201+0000] {logging_mixin.py:190} INFO - [2024-11-10T09:00:07.201+0000] {dag.py:3239} INFO - Sync 1 DAGs
[2024-11-10T09:00:07.213+0000] {logging_mixin.py:190} INFO - [2024-11-10T09:00:07.213+0000] {dag.py:4180} INFO - Setting next_dagrun for example_task_group to None, run_after=None
[2024-11-10T09:00:07.228+0000] {processor.py:208} INFO - Processing /home/airflow/.local/lib/python3.12/site-packages/airflow/example_dags/example_task_group.py took 0.057 seconds
[2024-11-10T09:00:37.682+0000] {processor.py:186} INFO - Started process (PID=914) to work on /home/airflow/.local/lib/python3.12/site-packages/airflow/example_dags/example_task_group.py
[2024-11-10T09:00:37.683+0000] {processor.py:914} INFO - Processing file /home/airflow/.local/lib/python3.12/site-packages/airflow/example_dags/example_task_group.py for tasks to queue
[2024-11-10T09:00:37.685+0000] {logging_mixin.py:190} INFO - [2024-11-10T09:00:37.685+0000] {dagbag.py:588} INFO - Filling up the DagBag from /home/airflow/.local/lib/python3.12/site-packages/airflow/example_dags/example_task_group.py
[2024-11-10T09:00:37.691+0000] {processor.py:925} INFO - DAG(s) 'example_task_group' retrieved from /home/airflow/.local/lib/python3.12/site-packages/airflow/example_dags/example_task_group.py
[2024-11-10T09:00:37.709+0000] {logging_mixin.py:190} INFO - [2024-11-10T09:00:37.709+0000] {dag.py:3239} INFO - Sync 1 DAGs
[2024-11-10T09:00:37.722+0000] {logging_mixin.py:190} INFO - [2024-11-10T09:00:37.721+0000] {dag.py:4180} INFO - Setting next_dagrun for example_task_group to None, run_after=None
[2024-11-10T09:00:37.741+0000] {processor.py:208} INFO - Processing /home/airflow/.local/lib/python3.12/site-packages/airflow/example_dags/example_task_group.py took 0.064 seconds
[2024-11-10T09:01:07.991+0000] {processor.py:186} INFO - Started process (PID=976) to work on /home/airflow/.local/lib/python3.12/site-packages/airflow/example_dags/example_task_group.py
[2024-11-10T09:01:07.992+0000] {processor.py:914} INFO - Processing file /home/airflow/.local/lib/python3.12/site-packages/airflow/example_dags/example_task_group.py for tasks to queue
[2024-11-10T09:01:07.994+0000] {logging_mixin.py:190} INFO - [2024-11-10T09:01:07.993+0000] {dagbag.py:588} INFO - Filling up the DagBag from /home/airflow/.local/lib/python3.12/site-packages/airflow/example_dags/example_task_group.py
[2024-11-10T09:01:08.001+0000] {processor.py:925} INFO - DAG(s) 'example_task_group' retrieved from /home/airflow/.local/lib/python3.12/site-packages/airflow/example_dags/example_task_group.py
[2024-11-10T09:01:08.017+0000] {logging_mixin.py:190} INFO - [2024-11-10T09:01:08.017+0000] {dag.py:3239} INFO - Sync 1 DAGs
[2024-11-10T09:01:08.029+0000] {logging_mixin.py:190} INFO - [2024-11-10T09:01:08.029+0000] {dag.py:4180} INFO - Setting next_dagrun for example_task_group to None, run_after=None
[2024-11-10T09:01:08.045+0000] {processor.py:208} INFO - Processing /home/airflow/.local/lib/python3.12/site-packages/airflow/example_dags/example_task_group.py took 0.059 seconds
[2024-11-10T09:01:38.265+0000] {processor.py:186} INFO - Started process (PID=1039) to work on /home/airflow/.local/lib/python3.12/site-packages/airflow/example_dags/example_task_group.py
[2024-11-10T09:01:38.266+0000] {processor.py:914} INFO - Processing file /home/airflow/.local/lib/python3.12/site-packages/airflow/example_dags/example_task_group.py for tasks to queue
[2024-11-10T09:01:38.268+0000] {logging_mixin.py:190} INFO - [2024-11-10T09:01:38.267+0000] {dagbag.py:588} INFO - Filling up the DagBag from /home/airflow/.local/lib/python3.12/site-packages/airflow/example_dags/example_task_group.py
[2024-11-10T09:01:38.276+0000] {processor.py:925} INFO - DAG(s) 'example_task_group' retrieved from /home/airflow/.local/lib/python3.12/site-packages/airflow/example_dags/example_task_group.py
[2024-11-10T09:01:38.295+0000] {logging_mixin.py:190} INFO - [2024-11-10T09:01:38.295+0000] {dag.py:3239} INFO - Sync 1 DAGs
[2024-11-10T09:01:38.308+0000] {logging_mixin.py:190} INFO - [2024-11-10T09:01:38.307+0000] {dag.py:4180} INFO - Setting next_dagrun for example_task_group to None, run_after=None
[2024-11-10T09:01:38.327+0000] {processor.py:208} INFO - Processing /home/airflow/.local/lib/python3.12/site-packages/airflow/example_dags/example_task_group.py took 0.067 seconds
[2024-11-10T09:02:08.462+0000] {processor.py:186} INFO - Started process (PID=1100) to work on /home/airflow/.local/lib/python3.12/site-packages/airflow/example_dags/example_task_group.py
[2024-11-10T09:02:08.463+0000] {processor.py:914} INFO - Processing file /home/airflow/.local/lib/python3.12/site-packages/airflow/example_dags/example_task_group.py for tasks to queue
[2024-11-10T09:02:08.464+0000] {logging_mixin.py:190} INFO - [2024-11-10T09:02:08.464+0000] {dagbag.py:588} INFO - Filling up the DagBag from /home/airflow/.local/lib/python3.12/site-packages/airflow/example_dags/example_task_group.py
[2024-11-10T09:02:08.471+0000] {processor.py:925} INFO - DAG(s) 'example_task_group' retrieved from /home/airflow/.local/lib/python3.12/site-packages/airflow/example_dags/example_task_group.py
[2024-11-10T09:02:08.489+0000] {logging_mixin.py:190} INFO - [2024-11-10T09:02:08.489+0000] {dag.py:3239} INFO - Sync 1 DAGs
[2024-11-10T09:02:08.501+0000] {logging_mixin.py:190} INFO - [2024-11-10T09:02:08.500+0000] {dag.py:4180} INFO - Setting next_dagrun for example_task_group to None, run_after=None
[2024-11-10T09:02:08.516+0000] {processor.py:208} INFO - Processing /home/airflow/.local/lib/python3.12/site-packages/airflow/example_dags/example_task_group.py took 0.059 seconds
[2024-11-10T09:02:39.554+0000] {processor.py:186} INFO - Started process (PID=1163) to work on /home/airflow/.local/lib/python3.12/site-packages/airflow/example_dags/example_task_group.py
[2024-11-10T09:02:39.555+0000] {processor.py:914} INFO - Processing file /home/airflow/.local/lib/python3.12/site-packages/airflow/example_dags/example_task_group.py for tasks to queue
[2024-11-10T09:02:39.557+0000] {logging_mixin.py:190} INFO - [2024-11-10T09:02:39.556+0000] {dagbag.py:588} INFO - Filling up the DagBag from /home/airflow/.local/lib/python3.12/site-packages/airflow/example_dags/example_task_group.py
[2024-11-10T09:02:39.564+0000] {processor.py:925} INFO - DAG(s) 'example_task_group' retrieved from /home/airflow/.local/lib/python3.12/site-packages/airflow/example_dags/example_task_group.py
[2024-11-10T09:02:39.581+0000] {logging_mixin.py:190} INFO - [2024-11-10T09:02:39.580+0000] {dag.py:3239} INFO - Sync 1 DAGs
[2024-11-10T09:02:39.592+0000] {logging_mixin.py:190} INFO - [2024-11-10T09:02:39.592+0000] {dag.py:4180} INFO - Setting next_dagrun for example_task_group to None, run_after=None
[2024-11-10T09:02:39.607+0000] {processor.py:208} INFO - Processing /home/airflow/.local/lib/python3.12/site-packages/airflow/example_dags/example_task_group.py took 0.058 seconds
[2024-11-10T09:03:10.432+0000] {processor.py:186} INFO - Started process (PID=1225) to work on /home/airflow/.local/lib/python3.12/site-packages/airflow/example_dags/example_task_group.py
[2024-11-10T09:03:10.433+0000] {processor.py:914} INFO - Processing file /home/airflow/.local/lib/python3.12/site-packages/airflow/example_dags/example_task_group.py for tasks to queue
[2024-11-10T09:03:10.435+0000] {logging_mixin.py:190} INFO - [2024-11-10T09:03:10.434+0000] {dagbag.py:588} INFO - Filling up the DagBag from /home/airflow/.local/lib/python3.12/site-packages/airflow/example_dags/example_task_group.py
[2024-11-10T09:03:10.441+0000] {processor.py:925} INFO - DAG(s) 'example_task_group' retrieved from /home/airflow/.local/lib/python3.12/site-packages/airflow/example_dags/example_task_group.py
[2024-11-10T09:03:10.458+0000] {logging_mixin.py:190} INFO - [2024-11-10T09:03:10.458+0000] {dag.py:3239} INFO - Sync 1 DAGs
[2024-11-10T09:03:10.470+0000] {logging_mixin.py:190} INFO - [2024-11-10T09:03:10.470+0000] {dag.py:4180} INFO - Setting next_dagrun for example_task_group to None, run_after=None
[2024-11-10T09:03:10.486+0000] {processor.py:208} INFO - Processing /home/airflow/.local/lib/python3.12/site-packages/airflow/example_dags/example_task_group.py took 0.059 seconds
[2024-11-10T09:03:41.490+0000] {processor.py:186} INFO - Started process (PID=1287) to work on /home/airflow/.local/lib/python3.12/site-packages/airflow/example_dags/example_task_group.py
[2024-11-10T09:03:41.491+0000] {processor.py:914} INFO - Processing file /home/airflow/.local/lib/python3.12/site-packages/airflow/example_dags/example_task_group.py for tasks to queue
[2024-11-10T09:03:41.493+0000] {logging_mixin.py:190} INFO - [2024-11-10T09:03:41.493+0000] {dagbag.py:588} INFO - Filling up the DagBag from /home/airflow/.local/lib/python3.12/site-packages/airflow/example_dags/example_task_group.py
[2024-11-10T09:03:41.500+0000] {processor.py:925} INFO - DAG(s) 'example_task_group' retrieved from /home/airflow/.local/lib/python3.12/site-packages/airflow/example_dags/example_task_group.py
[2024-11-10T09:03:41.517+0000] {logging_mixin.py:190} INFO - [2024-11-10T09:03:41.517+0000] {dag.py:3239} INFO - Sync 1 DAGs
[2024-11-10T09:03:41.529+0000] {logging_mixin.py:190} INFO - [2024-11-10T09:03:41.529+0000] {dag.py:4180} INFO - Setting next_dagrun for example_task_group to None, run_after=None
[2024-11-10T09:03:41.545+0000] {processor.py:208} INFO - Processing /home/airflow/.local/lib/python3.12/site-packages/airflow/example_dags/example_task_group.py took 0.060 seconds
[2024-11-10T09:04:11.840+0000] {processor.py:186} INFO - Started process (PID=1349) to work on /home/airflow/.local/lib/python3.12/site-packages/airflow/example_dags/example_task_group.py
[2024-11-10T09:04:11.841+0000] {processor.py:914} INFO - Processing file /home/airflow/.local/lib/python3.12/site-packages/airflow/example_dags/example_task_group.py for tasks to queue
[2024-11-10T09:04:11.843+0000] {logging_mixin.py:190} INFO - [2024-11-10T09:04:11.843+0000] {dagbag.py:588} INFO - Filling up the DagBag from /home/airflow/.local/lib/python3.12/site-packages/airflow/example_dags/example_task_group.py
[2024-11-10T09:04:11.852+0000] {processor.py:925} INFO - DAG(s) 'example_task_group' retrieved from /home/airflow/.local/lib/python3.12/site-packages/airflow/example_dags/example_task_group.py
[2024-11-10T09:04:11.871+0000] {logging_mixin.py:190} INFO - [2024-11-10T09:04:11.871+0000] {dag.py:3239} INFO - Sync 1 DAGs
[2024-11-10T09:04:11.883+0000] {logging_mixin.py:190} INFO - [2024-11-10T09:04:11.882+0000] {dag.py:4180} INFO - Setting next_dagrun for example_task_group to None, run_after=None
[2024-11-10T09:04:11.898+0000] {processor.py:208} INFO - Processing /home/airflow/.local/lib/python3.12/site-packages/airflow/example_dags/example_task_group.py took 0.062 seconds
[2024-11-10T09:04:42.981+0000] {processor.py:186} INFO - Started process (PID=1417) to work on /home/airflow/.local/lib/python3.12/site-packages/airflow/example_dags/example_task_group.py
[2024-11-10T09:04:42.982+0000] {processor.py:914} INFO - Processing file /home/airflow/.local/lib/python3.12/site-packages/airflow/example_dags/example_task_group.py for tasks to queue
[2024-11-10T09:04:42.984+0000] {logging_mixin.py:190} INFO - [2024-11-10T09:04:42.984+0000] {dagbag.py:588} INFO - Filling up the DagBag from /home/airflow/.local/lib/python3.12/site-packages/airflow/example_dags/example_task_group.py
[2024-11-10T09:04:42.991+0000] {processor.py:925} INFO - DAG(s) 'example_task_group' retrieved from /home/airflow/.local/lib/python3.12/site-packages/airflow/example_dags/example_task_group.py
[2024-11-10T09:04:43.008+0000] {logging_mixin.py:190} INFO - [2024-11-10T09:04:43.008+0000] {dag.py:3239} INFO - Sync 1 DAGs
[2024-11-10T09:04:43.020+0000] {logging_mixin.py:190} INFO - [2024-11-10T09:04:43.020+0000] {dag.py:4180} INFO - Setting next_dagrun for example_task_group to None, run_after=None
[2024-11-10T09:04:43.036+0000] {processor.py:208} INFO - Processing /home/airflow/.local/lib/python3.12/site-packages/airflow/example_dags/example_task_group.py took 0.059 seconds
[2024-11-10T09:05:13.328+0000] {processor.py:186} INFO - Started process (PID=1479) to work on /home/airflow/.local/lib/python3.12/site-packages/airflow/example_dags/example_task_group.py
[2024-11-10T09:05:13.329+0000] {processor.py:914} INFO - Processing file /home/airflow/.local/lib/python3.12/site-packages/airflow/example_dags/example_task_group.py for tasks to queue
[2024-11-10T09:05:13.331+0000] {logging_mixin.py:190} INFO - [2024-11-10T09:05:13.331+0000] {dagbag.py:588} INFO - Filling up the DagBag from /home/airflow/.local/lib/python3.12/site-packages/airflow/example_dags/example_task_group.py
[2024-11-10T09:05:13.338+0000] {processor.py:925} INFO - DAG(s) 'example_task_group' retrieved from /home/airflow/.local/lib/python3.12/site-packages/airflow/example_dags/example_task_group.py
[2024-11-10T09:05:13.356+0000] {logging_mixin.py:190} INFO - [2024-11-10T09:05:13.355+0000] {dag.py:3239} INFO - Sync 1 DAGs
[2024-11-10T09:05:13.370+0000] {logging_mixin.py:190} INFO - [2024-11-10T09:05:13.370+0000] {dag.py:4180} INFO - Setting next_dagrun for example_task_group to None, run_after=None
[2024-11-10T09:05:13.385+0000] {processor.py:208} INFO - Processing /home/airflow/.local/lib/python3.12/site-packages/airflow/example_dags/example_task_group.py took 0.062 seconds
