[2024-11-10T08:53:29.922+0000] {processor.py:186} INFO - Started process (PID=46) to work on /home/airflow/.local/lib/python3.12/site-packages/airflow/example_dags/example_bash_decorator.py
[2024-11-10T08:53:29.924+0000] {processor.py:914} INFO - Processing file /home/airflow/.local/lib/python3.12/site-packages/airflow/example_dags/example_bash_decorator.py for tasks to queue
[2024-11-10T08:53:29.926+0000] {logging_mixin.py:190} INFO - [2024-11-10T08:53:29.926+0000] {dagbag.py:588} INFO - Filling up the DagBag from /home/airflow/.local/lib/python3.12/site-packages/airflow/example_dags/example_bash_decorator.py
[2024-11-10T08:53:29.944+0000] {processor.py:925} INFO - DAG(s) 'example_bash_decorator' retrieved from /home/airflow/.local/lib/python3.12/site-packages/airflow/example_dags/example_bash_decorator.py
[2024-11-10T08:53:30.048+0000] {logging_mixin.py:190} INFO - [2024-11-10T08:53:30.048+0000] {override.py:1900} INFO - Created Permission View: can delete on DAG:example_bash_decorator
[2024-11-10T08:53:30.057+0000] {logging_mixin.py:190} INFO - [2024-11-10T08:53:30.057+0000] {override.py:1900} INFO - Created Permission View: can edit on DAG:example_bash_decorator
[2024-11-10T08:53:30.063+0000] {logging_mixin.py:190} INFO - [2024-11-10T08:53:30.063+0000] {override.py:1900} INFO - Created Permission View: can read on DAG:example_bash_decorator
[2024-11-10T08:53:30.075+0000] {logging_mixin.py:190} INFO - [2024-11-10T08:53:30.075+0000] {override.py:1900} INFO - Created Permission View: menu access on DAG Run:example_bash_decorator
[2024-11-10T08:53:30.084+0000] {logging_mixin.py:190} INFO - [2024-11-10T08:53:30.083+0000] {override.py:1900} INFO - Created Permission View: can delete on DAG Run:example_bash_decorator
[2024-11-10T08:53:30.096+0000] {logging_mixin.py:190} INFO - [2024-11-10T08:53:30.096+0000] {override.py:1900} INFO - Created Permission View: can create on DAG Run:example_bash_decorator
[2024-11-10T08:53:30.105+0000] {logging_mixin.py:190} INFO - [2024-11-10T08:53:30.104+0000] {override.py:1900} INFO - Created Permission View: can read on DAG Run:example_bash_decorator
[2024-11-10T08:53:30.106+0000] {logging_mixin.py:190} INFO - [2024-11-10T08:53:30.105+0000] {dag.py:3239} INFO - Sync 1 DAGs
[2024-11-10T08:53:30.120+0000] {logging_mixin.py:190} INFO - [2024-11-10T08:53:30.120+0000] {dag.py:3262} INFO - Creating ORM DAG for example_bash_decorator
[2024-11-10T08:53:30.121+0000] {logging_mixin.py:190} INFO - [2024-11-10T08:53:30.121+0000] {dag.py:4180} INFO - Setting next_dagrun for example_bash_decorator to None, run_after=None
[2024-11-10T08:53:30.144+0000] {processor.py:208} INFO - Processing /home/airflow/.local/lib/python3.12/site-packages/airflow/example_dags/example_bash_decorator.py took 0.227 seconds
[2024-11-10T08:54:00.777+0000] {processor.py:186} INFO - Started process (PID=108) to work on /home/airflow/.local/lib/python3.12/site-packages/airflow/example_dags/example_bash_decorator.py
[2024-11-10T08:54:00.778+0000] {processor.py:914} INFO - Processing file /home/airflow/.local/lib/python3.12/site-packages/airflow/example_dags/example_bash_decorator.py for tasks to queue
[2024-11-10T08:54:00.780+0000] {logging_mixin.py:190} INFO - [2024-11-10T08:54:00.780+0000] {dagbag.py:588} INFO - Filling up the DagBag from /home/airflow/.local/lib/python3.12/site-packages/airflow/example_dags/example_bash_decorator.py
[2024-11-10T08:54:00.792+0000] {processor.py:925} INFO - DAG(s) 'example_bash_decorator' retrieved from /home/airflow/.local/lib/python3.12/site-packages/airflow/example_dags/example_bash_decorator.py
[2024-11-10T08:54:00.812+0000] {logging_mixin.py:190} INFO - [2024-11-10T08:54:00.812+0000] {dag.py:3239} INFO - Sync 1 DAGs
[2024-11-10T08:54:00.824+0000] {logging_mixin.py:190} INFO - [2024-11-10T08:54:00.824+0000] {dag.py:4180} INFO - Setting next_dagrun for example_bash_decorator to None, run_after=None
[2024-11-10T08:54:00.840+0000] {processor.py:208} INFO - Processing /home/airflow/.local/lib/python3.12/site-packages/airflow/example_dags/example_bash_decorator.py took 0.067 seconds
[2024-11-10T08:54:31.015+0000] {processor.py:186} INFO - Started process (PID=170) to work on /home/airflow/.local/lib/python3.12/site-packages/airflow/example_dags/example_bash_decorator.py
[2024-11-10T08:54:31.016+0000] {processor.py:914} INFO - Processing file /home/airflow/.local/lib/python3.12/site-packages/airflow/example_dags/example_bash_decorator.py for tasks to queue
[2024-11-10T08:54:31.019+0000] {logging_mixin.py:190} INFO - [2024-11-10T08:54:31.018+0000] {dagbag.py:588} INFO - Filling up the DagBag from /home/airflow/.local/lib/python3.12/site-packages/airflow/example_dags/example_bash_decorator.py
[2024-11-10T08:54:31.034+0000] {processor.py:925} INFO - DAG(s) 'example_bash_decorator' retrieved from /home/airflow/.local/lib/python3.12/site-packages/airflow/example_dags/example_bash_decorator.py
[2024-11-10T08:54:31.053+0000] {logging_mixin.py:190} INFO - [2024-11-10T08:54:31.053+0000] {dag.py:3239} INFO - Sync 1 DAGs
[2024-11-10T08:54:31.067+0000] {logging_mixin.py:190} INFO - [2024-11-10T08:54:31.066+0000] {dag.py:4180} INFO - Setting next_dagrun for example_bash_decorator to None, run_after=None
[2024-11-10T08:54:31.083+0000] {processor.py:208} INFO - Processing /home/airflow/.local/lib/python3.12/site-packages/airflow/example_dags/example_bash_decorator.py took 0.073 seconds
[2024-11-10T08:55:02.055+0000] {processor.py:186} INFO - Started process (PID=232) to work on /home/airflow/.local/lib/python3.12/site-packages/airflow/example_dags/example_bash_decorator.py
[2024-11-10T08:55:02.056+0000] {processor.py:914} INFO - Processing file /home/airflow/.local/lib/python3.12/site-packages/airflow/example_dags/example_bash_decorator.py for tasks to queue
[2024-11-10T08:55:02.058+0000] {logging_mixin.py:190} INFO - [2024-11-10T08:55:02.057+0000] {dagbag.py:588} INFO - Filling up the DagBag from /home/airflow/.local/lib/python3.12/site-packages/airflow/example_dags/example_bash_decorator.py
[2024-11-10T08:55:02.069+0000] {processor.py:925} INFO - DAG(s) 'example_bash_decorator' retrieved from /home/airflow/.local/lib/python3.12/site-packages/airflow/example_dags/example_bash_decorator.py
[2024-11-10T08:55:02.087+0000] {logging_mixin.py:190} INFO - [2024-11-10T08:55:02.087+0000] {dag.py:3239} INFO - Sync 1 DAGs
[2024-11-10T08:55:02.099+0000] {logging_mixin.py:190} INFO - [2024-11-10T08:55:02.099+0000] {dag.py:4180} INFO - Setting next_dagrun for example_bash_decorator to None, run_after=None
[2024-11-10T08:55:02.114+0000] {processor.py:208} INFO - Processing /home/airflow/.local/lib/python3.12/site-packages/airflow/example_dags/example_bash_decorator.py took 0.063 seconds
[2024-11-10T08:55:32.850+0000] {processor.py:186} INFO - Started process (PID=294) to work on /home/airflow/.local/lib/python3.12/site-packages/airflow/example_dags/example_bash_decorator.py
[2024-11-10T08:55:32.851+0000] {processor.py:914} INFO - Processing file /home/airflow/.local/lib/python3.12/site-packages/airflow/example_dags/example_bash_decorator.py for tasks to queue
[2024-11-10T08:55:32.853+0000] {logging_mixin.py:190} INFO - [2024-11-10T08:55:32.853+0000] {dagbag.py:588} INFO - Filling up the DagBag from /home/airflow/.local/lib/python3.12/site-packages/airflow/example_dags/example_bash_decorator.py
[2024-11-10T08:55:32.865+0000] {processor.py:925} INFO - DAG(s) 'example_bash_decorator' retrieved from /home/airflow/.local/lib/python3.12/site-packages/airflow/example_dags/example_bash_decorator.py
[2024-11-10T08:55:32.884+0000] {logging_mixin.py:190} INFO - [2024-11-10T08:55:32.883+0000] {dag.py:3239} INFO - Sync 1 DAGs
[2024-11-10T08:55:32.895+0000] {logging_mixin.py:190} INFO - [2024-11-10T08:55:32.895+0000] {dag.py:4180} INFO - Setting next_dagrun for example_bash_decorator to None, run_after=None
[2024-11-10T08:55:32.910+0000] {processor.py:208} INFO - Processing /home/airflow/.local/lib/python3.12/site-packages/airflow/example_dags/example_bash_decorator.py took 0.064 seconds
[2024-11-10T08:56:03.766+0000] {processor.py:186} INFO - Started process (PID=356) to work on /home/airflow/.local/lib/python3.12/site-packages/airflow/example_dags/example_bash_decorator.py
[2024-11-10T08:56:03.767+0000] {processor.py:914} INFO - Processing file /home/airflow/.local/lib/python3.12/site-packages/airflow/example_dags/example_bash_decorator.py for tasks to queue
[2024-11-10T08:56:03.769+0000] {logging_mixin.py:190} INFO - [2024-11-10T08:56:03.769+0000] {dagbag.py:588} INFO - Filling up the DagBag from /home/airflow/.local/lib/python3.12/site-packages/airflow/example_dags/example_bash_decorator.py
[2024-11-10T08:56:03.781+0000] {processor.py:925} INFO - DAG(s) 'example_bash_decorator' retrieved from /home/airflow/.local/lib/python3.12/site-packages/airflow/example_dags/example_bash_decorator.py
[2024-11-10T08:56:03.799+0000] {logging_mixin.py:190} INFO - [2024-11-10T08:56:03.799+0000] {dag.py:3239} INFO - Sync 1 DAGs
[2024-11-10T08:56:03.811+0000] {logging_mixin.py:190} INFO - [2024-11-10T08:56:03.810+0000] {dag.py:4180} INFO - Setting next_dagrun for example_bash_decorator to None, run_after=None
[2024-11-10T08:56:03.825+0000] {processor.py:208} INFO - Processing /home/airflow/.local/lib/python3.12/site-packages/airflow/example_dags/example_bash_decorator.py took 0.063 seconds
[2024-11-10T08:56:34.805+0000] {processor.py:186} INFO - Started process (PID=418) to work on /home/airflow/.local/lib/python3.12/site-packages/airflow/example_dags/example_bash_decorator.py
[2024-11-10T08:56:34.806+0000] {processor.py:914} INFO - Processing file /home/airflow/.local/lib/python3.12/site-packages/airflow/example_dags/example_bash_decorator.py for tasks to queue
[2024-11-10T08:56:34.808+0000] {logging_mixin.py:190} INFO - [2024-11-10T08:56:34.807+0000] {dagbag.py:588} INFO - Filling up the DagBag from /home/airflow/.local/lib/python3.12/site-packages/airflow/example_dags/example_bash_decorator.py
[2024-11-10T08:56:34.820+0000] {processor.py:925} INFO - DAG(s) 'example_bash_decorator' retrieved from /home/airflow/.local/lib/python3.12/site-packages/airflow/example_dags/example_bash_decorator.py
[2024-11-10T08:56:34.840+0000] {logging_mixin.py:190} INFO - [2024-11-10T08:56:34.839+0000] {dag.py:3239} INFO - Sync 1 DAGs
[2024-11-10T08:56:34.852+0000] {logging_mixin.py:190} INFO - [2024-11-10T08:56:34.852+0000] {dag.py:4180} INFO - Setting next_dagrun for example_bash_decorator to None, run_after=None
[2024-11-10T08:56:34.868+0000] {processor.py:208} INFO - Processing /home/airflow/.local/lib/python3.12/site-packages/airflow/example_dags/example_bash_decorator.py took 0.068 seconds
[2024-11-10T08:57:05.068+0000] {processor.py:186} INFO - Started process (PID=480) to work on /home/airflow/.local/lib/python3.12/site-packages/airflow/example_dags/example_bash_decorator.py
[2024-11-10T08:57:05.069+0000] {processor.py:914} INFO - Processing file /home/airflow/.local/lib/python3.12/site-packages/airflow/example_dags/example_bash_decorator.py for tasks to queue
[2024-11-10T08:57:05.071+0000] {logging_mixin.py:190} INFO - [2024-11-10T08:57:05.071+0000] {dagbag.py:588} INFO - Filling up the DagBag from /home/airflow/.local/lib/python3.12/site-packages/airflow/example_dags/example_bash_decorator.py
[2024-11-10T08:57:05.083+0000] {processor.py:925} INFO - DAG(s) 'example_bash_decorator' retrieved from /home/airflow/.local/lib/python3.12/site-packages/airflow/example_dags/example_bash_decorator.py
[2024-11-10T08:57:05.101+0000] {logging_mixin.py:190} INFO - [2024-11-10T08:57:05.101+0000] {dag.py:3239} INFO - Sync 1 DAGs
[2024-11-10T08:57:05.113+0000] {logging_mixin.py:190} INFO - [2024-11-10T08:57:05.113+0000] {dag.py:4180} INFO - Setting next_dagrun for example_bash_decorator to None, run_after=None
[2024-11-10T08:57:05.129+0000] {processor.py:208} INFO - Processing /home/airflow/.local/lib/python3.12/site-packages/airflow/example_dags/example_bash_decorator.py took 0.065 seconds
[2024-11-10T08:57:36.034+0000] {processor.py:186} INFO - Started process (PID=542) to work on /home/airflow/.local/lib/python3.12/site-packages/airflow/example_dags/example_bash_decorator.py
[2024-11-10T08:57:36.035+0000] {processor.py:914} INFO - Processing file /home/airflow/.local/lib/python3.12/site-packages/airflow/example_dags/example_bash_decorator.py for tasks to queue
[2024-11-10T08:57:36.036+0000] {logging_mixin.py:190} INFO - [2024-11-10T08:57:36.036+0000] {dagbag.py:588} INFO - Filling up the DagBag from /home/airflow/.local/lib/python3.12/site-packages/airflow/example_dags/example_bash_decorator.py
[2024-11-10T08:57:36.048+0000] {processor.py:925} INFO - DAG(s) 'example_bash_decorator' retrieved from /home/airflow/.local/lib/python3.12/site-packages/airflow/example_dags/example_bash_decorator.py
[2024-11-10T08:57:36.066+0000] {logging_mixin.py:190} INFO - [2024-11-10T08:57:36.066+0000] {dag.py:3239} INFO - Sync 1 DAGs
[2024-11-10T08:57:36.078+0000] {logging_mixin.py:190} INFO - [2024-11-10T08:57:36.078+0000] {dag.py:4180} INFO - Setting next_dagrun for example_bash_decorator to None, run_after=None
[2024-11-10T08:57:36.093+0000] {processor.py:208} INFO - Processing /home/airflow/.local/lib/python3.12/site-packages/airflow/example_dags/example_bash_decorator.py took 0.064 seconds
[2024-11-10T08:58:06.170+0000] {processor.py:186} INFO - Started process (PID=603) to work on /home/airflow/.local/lib/python3.12/site-packages/airflow/example_dags/example_bash_decorator.py
[2024-11-10T08:58:06.171+0000] {processor.py:914} INFO - Processing file /home/airflow/.local/lib/python3.12/site-packages/airflow/example_dags/example_bash_decorator.py for tasks to queue
[2024-11-10T08:58:06.173+0000] {logging_mixin.py:190} INFO - [2024-11-10T08:58:06.173+0000] {dagbag.py:588} INFO - Filling up the DagBag from /home/airflow/.local/lib/python3.12/site-packages/airflow/example_dags/example_bash_decorator.py
[2024-11-10T08:58:06.185+0000] {processor.py:925} INFO - DAG(s) 'example_bash_decorator' retrieved from /home/airflow/.local/lib/python3.12/site-packages/airflow/example_dags/example_bash_decorator.py
[2024-11-10T08:58:06.203+0000] {logging_mixin.py:190} INFO - [2024-11-10T08:58:06.203+0000] {dag.py:3239} INFO - Sync 1 DAGs
[2024-11-10T08:58:06.217+0000] {logging_mixin.py:190} INFO - [2024-11-10T08:58:06.216+0000] {dag.py:4180} INFO - Setting next_dagrun for example_bash_decorator to None, run_after=None
[2024-11-10T08:58:06.232+0000] {processor.py:208} INFO - Processing /home/airflow/.local/lib/python3.12/site-packages/airflow/example_dags/example_bash_decorator.py took 0.066 seconds
[2024-11-10T08:58:36.262+0000] {processor.py:186} INFO - Started process (PID=665) to work on /home/airflow/.local/lib/python3.12/site-packages/airflow/example_dags/example_bash_decorator.py
[2024-11-10T08:58:36.263+0000] {processor.py:914} INFO - Processing file /home/airflow/.local/lib/python3.12/site-packages/airflow/example_dags/example_bash_decorator.py for tasks to queue
[2024-11-10T08:58:36.265+0000] {logging_mixin.py:190} INFO - [2024-11-10T08:58:36.265+0000] {dagbag.py:588} INFO - Filling up the DagBag from /home/airflow/.local/lib/python3.12/site-packages/airflow/example_dags/example_bash_decorator.py
[2024-11-10T08:58:36.277+0000] {processor.py:925} INFO - DAG(s) 'example_bash_decorator' retrieved from /home/airflow/.local/lib/python3.12/site-packages/airflow/example_dags/example_bash_decorator.py
[2024-11-10T08:58:36.295+0000] {logging_mixin.py:190} INFO - [2024-11-10T08:58:36.295+0000] {dag.py:3239} INFO - Sync 1 DAGs
[2024-11-10T08:58:36.307+0000] {logging_mixin.py:190} INFO - [2024-11-10T08:58:36.306+0000] {dag.py:4180} INFO - Setting next_dagrun for example_bash_decorator to None, run_after=None
[2024-11-10T08:58:36.321+0000] {processor.py:208} INFO - Processing /home/airflow/.local/lib/python3.12/site-packages/airflow/example_dags/example_bash_decorator.py took 0.064 seconds
[2024-11-10T08:59:06.525+0000] {processor.py:186} INFO - Started process (PID=727) to work on /home/airflow/.local/lib/python3.12/site-packages/airflow/example_dags/example_bash_decorator.py
[2024-11-10T08:59:06.526+0000] {processor.py:914} INFO - Processing file /home/airflow/.local/lib/python3.12/site-packages/airflow/example_dags/example_bash_decorator.py for tasks to queue
[2024-11-10T08:59:06.528+0000] {logging_mixin.py:190} INFO - [2024-11-10T08:59:06.528+0000] {dagbag.py:588} INFO - Filling up the DagBag from /home/airflow/.local/lib/python3.12/site-packages/airflow/example_dags/example_bash_decorator.py
[2024-11-10T08:59:06.541+0000] {processor.py:925} INFO - DAG(s) 'example_bash_decorator' retrieved from /home/airflow/.local/lib/python3.12/site-packages/airflow/example_dags/example_bash_decorator.py
[2024-11-10T08:59:06.561+0000] {logging_mixin.py:190} INFO - [2024-11-10T08:59:06.560+0000] {dag.py:3239} INFO - Sync 1 DAGs
[2024-11-10T08:59:06.573+0000] {logging_mixin.py:190} INFO - [2024-11-10T08:59:06.573+0000] {dag.py:4180} INFO - Setting next_dagrun for example_bash_decorator to None, run_after=None
[2024-11-10T08:59:06.589+0000] {processor.py:208} INFO - Processing /home/airflow/.local/lib/python3.12/site-packages/airflow/example_dags/example_bash_decorator.py took 0.069 seconds
[2024-11-10T08:59:36.828+0000] {processor.py:186} INFO - Started process (PID=789) to work on /home/airflow/.local/lib/python3.12/site-packages/airflow/example_dags/example_bash_decorator.py
[2024-11-10T08:59:36.829+0000] {processor.py:914} INFO - Processing file /home/airflow/.local/lib/python3.12/site-packages/airflow/example_dags/example_bash_decorator.py for tasks to queue
[2024-11-10T08:59:36.831+0000] {logging_mixin.py:190} INFO - [2024-11-10T08:59:36.831+0000] {dagbag.py:588} INFO - Filling up the DagBag from /home/airflow/.local/lib/python3.12/site-packages/airflow/example_dags/example_bash_decorator.py
[2024-11-10T08:59:36.844+0000] {processor.py:925} INFO - DAG(s) 'example_bash_decorator' retrieved from /home/airflow/.local/lib/python3.12/site-packages/airflow/example_dags/example_bash_decorator.py
[2024-11-10T08:59:36.865+0000] {logging_mixin.py:190} INFO - [2024-11-10T08:59:36.865+0000] {dag.py:3239} INFO - Sync 1 DAGs
[2024-11-10T08:59:36.878+0000] {logging_mixin.py:190} INFO - [2024-11-10T08:59:36.878+0000] {dag.py:4180} INFO - Setting next_dagrun for example_bash_decorator to None, run_after=None
[2024-11-10T08:59:36.896+0000] {processor.py:208} INFO - Processing /home/airflow/.local/lib/python3.12/site-packages/airflow/example_dags/example_bash_decorator.py took 0.073 seconds
[2024-11-10T09:00:07.149+0000] {processor.py:186} INFO - Started process (PID=851) to work on /home/airflow/.local/lib/python3.12/site-packages/airflow/example_dags/example_bash_decorator.py
[2024-11-10T09:00:07.150+0000] {processor.py:914} INFO - Processing file /home/airflow/.local/lib/python3.12/site-packages/airflow/example_dags/example_bash_decorator.py for tasks to queue
[2024-11-10T09:00:07.152+0000] {logging_mixin.py:190} INFO - [2024-11-10T09:00:07.152+0000] {dagbag.py:588} INFO - Filling up the DagBag from /home/airflow/.local/lib/python3.12/site-packages/airflow/example_dags/example_bash_decorator.py
[2024-11-10T09:00:07.164+0000] {processor.py:925} INFO - DAG(s) 'example_bash_decorator' retrieved from /home/airflow/.local/lib/python3.12/site-packages/airflow/example_dags/example_bash_decorator.py
[2024-11-10T09:00:07.183+0000] {logging_mixin.py:190} INFO - [2024-11-10T09:00:07.183+0000] {dag.py:3239} INFO - Sync 1 DAGs
[2024-11-10T09:00:07.194+0000] {logging_mixin.py:190} INFO - [2024-11-10T09:00:07.194+0000] {dag.py:4180} INFO - Setting next_dagrun for example_bash_decorator to None, run_after=None
[2024-11-10T09:00:07.209+0000] {processor.py:208} INFO - Processing /home/airflow/.local/lib/python3.12/site-packages/airflow/example_dags/example_bash_decorator.py took 0.065 seconds
[2024-11-10T09:00:37.592+0000] {processor.py:186} INFO - Started process (PID=913) to work on /home/airflow/.local/lib/python3.12/site-packages/airflow/example_dags/example_bash_decorator.py
[2024-11-10T09:00:37.593+0000] {processor.py:914} INFO - Processing file /home/airflow/.local/lib/python3.12/site-packages/airflow/example_dags/example_bash_decorator.py for tasks to queue
[2024-11-10T09:00:37.594+0000] {logging_mixin.py:190} INFO - [2024-11-10T09:00:37.594+0000] {dagbag.py:588} INFO - Filling up the DagBag from /home/airflow/.local/lib/python3.12/site-packages/airflow/example_dags/example_bash_decorator.py
[2024-11-10T09:00:37.606+0000] {processor.py:925} INFO - DAG(s) 'example_bash_decorator' retrieved from /home/airflow/.local/lib/python3.12/site-packages/airflow/example_dags/example_bash_decorator.py
[2024-11-10T09:00:37.625+0000] {logging_mixin.py:190} INFO - [2024-11-10T09:00:37.625+0000] {dag.py:3239} INFO - Sync 1 DAGs
[2024-11-10T09:00:37.636+0000] {logging_mixin.py:190} INFO - [2024-11-10T09:00:37.636+0000] {dag.py:4180} INFO - Setting next_dagrun for example_bash_decorator to None, run_after=None
[2024-11-10T09:00:37.652+0000] {processor.py:208} INFO - Processing /home/airflow/.local/lib/python3.12/site-packages/airflow/example_dags/example_bash_decorator.py took 0.065 seconds
[2024-11-10T09:01:07.904+0000] {processor.py:186} INFO - Started process (PID=975) to work on /home/airflow/.local/lib/python3.12/site-packages/airflow/example_dags/example_bash_decorator.py
[2024-11-10T09:01:07.905+0000] {processor.py:914} INFO - Processing file /home/airflow/.local/lib/python3.12/site-packages/airflow/example_dags/example_bash_decorator.py for tasks to queue
[2024-11-10T09:01:07.906+0000] {logging_mixin.py:190} INFO - [2024-11-10T09:01:07.906+0000] {dagbag.py:588} INFO - Filling up the DagBag from /home/airflow/.local/lib/python3.12/site-packages/airflow/example_dags/example_bash_decorator.py
[2024-11-10T09:01:07.918+0000] {processor.py:925} INFO - DAG(s) 'example_bash_decorator' retrieved from /home/airflow/.local/lib/python3.12/site-packages/airflow/example_dags/example_bash_decorator.py
[2024-11-10T09:01:07.937+0000] {logging_mixin.py:190} INFO - [2024-11-10T09:01:07.937+0000] {dag.py:3239} INFO - Sync 1 DAGs
[2024-11-10T09:01:07.949+0000] {logging_mixin.py:190} INFO - [2024-11-10T09:01:07.948+0000] {dag.py:4180} INFO - Setting next_dagrun for example_bash_decorator to None, run_after=None
[2024-11-10T09:01:07.963+0000] {processor.py:208} INFO - Processing /home/airflow/.local/lib/python3.12/site-packages/airflow/example_dags/example_bash_decorator.py took 0.064 seconds
[2024-11-10T09:01:38.177+0000] {processor.py:186} INFO - Started process (PID=1037) to work on /home/airflow/.local/lib/python3.12/site-packages/airflow/example_dags/example_bash_decorator.py
[2024-11-10T09:01:38.178+0000] {processor.py:914} INFO - Processing file /home/airflow/.local/lib/python3.12/site-packages/airflow/example_dags/example_bash_decorator.py for tasks to queue
[2024-11-10T09:01:38.180+0000] {logging_mixin.py:190} INFO - [2024-11-10T09:01:38.179+0000] {dagbag.py:588} INFO - Filling up the DagBag from /home/airflow/.local/lib/python3.12/site-packages/airflow/example_dags/example_bash_decorator.py
[2024-11-10T09:01:38.192+0000] {processor.py:925} INFO - DAG(s) 'example_bash_decorator' retrieved from /home/airflow/.local/lib/python3.12/site-packages/airflow/example_dags/example_bash_decorator.py
[2024-11-10T09:01:38.211+0000] {logging_mixin.py:190} INFO - [2024-11-10T09:01:38.211+0000] {dag.py:3239} INFO - Sync 1 DAGs
[2024-11-10T09:01:38.224+0000] {logging_mixin.py:190} INFO - [2024-11-10T09:01:38.224+0000] {dag.py:4180} INFO - Setting next_dagrun for example_bash_decorator to None, run_after=None
[2024-11-10T09:01:38.239+0000] {processor.py:208} INFO - Processing /home/airflow/.local/lib/python3.12/site-packages/airflow/example_dags/example_bash_decorator.py took 0.066 seconds
[2024-11-10T09:02:08.410+0000] {processor.py:186} INFO - Started process (PID=1099) to work on /home/airflow/.local/lib/python3.12/site-packages/airflow/example_dags/example_bash_decorator.py
[2024-11-10T09:02:08.411+0000] {processor.py:914} INFO - Processing file /home/airflow/.local/lib/python3.12/site-packages/airflow/example_dags/example_bash_decorator.py for tasks to queue
[2024-11-10T09:02:08.414+0000] {logging_mixin.py:190} INFO - [2024-11-10T09:02:08.413+0000] {dagbag.py:588} INFO - Filling up the DagBag from /home/airflow/.local/lib/python3.12/site-packages/airflow/example_dags/example_bash_decorator.py
[2024-11-10T09:02:08.426+0000] {processor.py:925} INFO - DAG(s) 'example_bash_decorator' retrieved from /home/airflow/.local/lib/python3.12/site-packages/airflow/example_dags/example_bash_decorator.py
[2024-11-10T09:02:08.445+0000] {logging_mixin.py:190} INFO - [2024-11-10T09:02:08.444+0000] {dag.py:3239} INFO - Sync 1 DAGs
[2024-11-10T09:02:08.456+0000] {logging_mixin.py:190} INFO - [2024-11-10T09:02:08.456+0000] {dag.py:4180} INFO - Setting next_dagrun for example_bash_decorator to None, run_after=None
[2024-11-10T09:02:08.471+0000] {processor.py:208} INFO - Processing /home/airflow/.local/lib/python3.12/site-packages/airflow/example_dags/example_bash_decorator.py took 0.065 seconds
[2024-11-10T09:02:39.509+0000] {processor.py:186} INFO - Started process (PID=1162) to work on /home/airflow/.local/lib/python3.12/site-packages/airflow/example_dags/example_bash_decorator.py
[2024-11-10T09:02:39.510+0000] {processor.py:914} INFO - Processing file /home/airflow/.local/lib/python3.12/site-packages/airflow/example_dags/example_bash_decorator.py for tasks to queue
[2024-11-10T09:02:39.512+0000] {logging_mixin.py:190} INFO - [2024-11-10T09:02:39.512+0000] {dagbag.py:588} INFO - Filling up the DagBag from /home/airflow/.local/lib/python3.12/site-packages/airflow/example_dags/example_bash_decorator.py
[2024-11-10T09:02:39.531+0000] {processor.py:925} INFO - DAG(s) 'example_bash_decorator' retrieved from /home/airflow/.local/lib/python3.12/site-packages/airflow/example_dags/example_bash_decorator.py
[2024-11-10T09:02:39.550+0000] {logging_mixin.py:190} INFO - [2024-11-10T09:02:39.550+0000] {dag.py:3239} INFO - Sync 1 DAGs
[2024-11-10T09:02:39.562+0000] {logging_mixin.py:190} INFO - [2024-11-10T09:02:39.561+0000] {dag.py:4180} INFO - Setting next_dagrun for example_bash_decorator to None, run_after=None
[2024-11-10T09:02:39.576+0000] {processor.py:208} INFO - Processing /home/airflow/.local/lib/python3.12/site-packages/airflow/example_dags/example_bash_decorator.py took 0.072 seconds
[2024-11-10T09:03:10.407+0000] {processor.py:186} INFO - Started process (PID=1224) to work on /home/airflow/.local/lib/python3.12/site-packages/airflow/example_dags/example_bash_decorator.py
[2024-11-10T09:03:10.408+0000] {processor.py:914} INFO - Processing file /home/airflow/.local/lib/python3.12/site-packages/airflow/example_dags/example_bash_decorator.py for tasks to queue
[2024-11-10T09:03:10.410+0000] {logging_mixin.py:190} INFO - [2024-11-10T09:03:10.410+0000] {dagbag.py:588} INFO - Filling up the DagBag from /home/airflow/.local/lib/python3.12/site-packages/airflow/example_dags/example_bash_decorator.py
[2024-11-10T09:03:10.423+0000] {processor.py:925} INFO - DAG(s) 'example_bash_decorator' retrieved from /home/airflow/.local/lib/python3.12/site-packages/airflow/example_dags/example_bash_decorator.py
[2024-11-10T09:03:10.441+0000] {logging_mixin.py:190} INFO - [2024-11-10T09:03:10.441+0000] {dag.py:3239} INFO - Sync 1 DAGs
[2024-11-10T09:03:10.453+0000] {logging_mixin.py:190} INFO - [2024-11-10T09:03:10.452+0000] {dag.py:4180} INFO - Setting next_dagrun for example_bash_decorator to None, run_after=None
[2024-11-10T09:03:10.468+0000] {processor.py:208} INFO - Processing /home/airflow/.local/lib/python3.12/site-packages/airflow/example_dags/example_bash_decorator.py took 0.065 seconds
[2024-11-10T09:03:41.490+0000] {processor.py:186} INFO - Started process (PID=1286) to work on /home/airflow/.local/lib/python3.12/site-packages/airflow/example_dags/example_bash_decorator.py
[2024-11-10T09:03:41.491+0000] {processor.py:914} INFO - Processing file /home/airflow/.local/lib/python3.12/site-packages/airflow/example_dags/example_bash_decorator.py for tasks to queue
[2024-11-10T09:03:41.493+0000] {logging_mixin.py:190} INFO - [2024-11-10T09:03:41.493+0000] {dagbag.py:588} INFO - Filling up the DagBag from /home/airflow/.local/lib/python3.12/site-packages/airflow/example_dags/example_bash_decorator.py
[2024-11-10T09:03:41.505+0000] {processor.py:925} INFO - DAG(s) 'example_bash_decorator' retrieved from /home/airflow/.local/lib/python3.12/site-packages/airflow/example_dags/example_bash_decorator.py
[2024-11-10T09:03:41.524+0000] {logging_mixin.py:190} INFO - [2024-11-10T09:03:41.523+0000] {dag.py:3239} INFO - Sync 1 DAGs
[2024-11-10T09:03:41.536+0000] {logging_mixin.py:190} INFO - [2024-11-10T09:03:41.535+0000] {dag.py:4180} INFO - Setting next_dagrun for example_bash_decorator to None, run_after=None
[2024-11-10T09:03:41.551+0000] {processor.py:208} INFO - Processing /home/airflow/.local/lib/python3.12/site-packages/airflow/example_dags/example_bash_decorator.py took 0.065 seconds
[2024-11-10T09:04:11.766+0000] {processor.py:186} INFO - Started process (PID=1348) to work on /home/airflow/.local/lib/python3.12/site-packages/airflow/example_dags/example_bash_decorator.py
[2024-11-10T09:04:11.767+0000] {processor.py:914} INFO - Processing file /home/airflow/.local/lib/python3.12/site-packages/airflow/example_dags/example_bash_decorator.py for tasks to queue
[2024-11-10T09:04:11.768+0000] {logging_mixin.py:190} INFO - [2024-11-10T09:04:11.768+0000] {dagbag.py:588} INFO - Filling up the DagBag from /home/airflow/.local/lib/python3.12/site-packages/airflow/example_dags/example_bash_decorator.py
[2024-11-10T09:04:11.780+0000] {processor.py:925} INFO - DAG(s) 'example_bash_decorator' retrieved from /home/airflow/.local/lib/python3.12/site-packages/airflow/example_dags/example_bash_decorator.py
[2024-11-10T09:04:11.799+0000] {logging_mixin.py:190} INFO - [2024-11-10T09:04:11.799+0000] {dag.py:3239} INFO - Sync 1 DAGs
[2024-11-10T09:04:11.811+0000] {logging_mixin.py:190} INFO - [2024-11-10T09:04:11.810+0000] {dag.py:4180} INFO - Setting next_dagrun for example_bash_decorator to None, run_after=None
[2024-11-10T09:04:11.826+0000] {processor.py:208} INFO - Processing /home/airflow/.local/lib/python3.12/site-packages/airflow/example_dags/example_bash_decorator.py took 0.065 seconds
[2024-11-10T09:04:42.950+0000] {processor.py:186} INFO - Started process (PID=1416) to work on /home/airflow/.local/lib/python3.12/site-packages/airflow/example_dags/example_bash_decorator.py
[2024-11-10T09:04:42.951+0000] {processor.py:914} INFO - Processing file /home/airflow/.local/lib/python3.12/site-packages/airflow/example_dags/example_bash_decorator.py for tasks to queue
[2024-11-10T09:04:42.953+0000] {logging_mixin.py:190} INFO - [2024-11-10T09:04:42.953+0000] {dagbag.py:588} INFO - Filling up the DagBag from /home/airflow/.local/lib/python3.12/site-packages/airflow/example_dags/example_bash_decorator.py
[2024-11-10T09:04:42.965+0000] {processor.py:925} INFO - DAG(s) 'example_bash_decorator' retrieved from /home/airflow/.local/lib/python3.12/site-packages/airflow/example_dags/example_bash_decorator.py
[2024-11-10T09:04:42.984+0000] {logging_mixin.py:190} INFO - [2024-11-10T09:04:42.984+0000] {dag.py:3239} INFO - Sync 1 DAGs
[2024-11-10T09:04:42.995+0000] {logging_mixin.py:190} INFO - [2024-11-10T09:04:42.995+0000] {dag.py:4180} INFO - Setting next_dagrun for example_bash_decorator to None, run_after=None
[2024-11-10T09:04:43.010+0000] {processor.py:208} INFO - Processing /home/airflow/.local/lib/python3.12/site-packages/airflow/example_dags/example_bash_decorator.py took 0.064 seconds
[2024-11-10T09:05:13.236+0000] {processor.py:186} INFO - Started process (PID=1478) to work on /home/airflow/.local/lib/python3.12/site-packages/airflow/example_dags/example_bash_decorator.py
[2024-11-10T09:05:13.237+0000] {processor.py:914} INFO - Processing file /home/airflow/.local/lib/python3.12/site-packages/airflow/example_dags/example_bash_decorator.py for tasks to queue
[2024-11-10T09:05:13.239+0000] {logging_mixin.py:190} INFO - [2024-11-10T09:05:13.239+0000] {dagbag.py:588} INFO - Filling up the DagBag from /home/airflow/.local/lib/python3.12/site-packages/airflow/example_dags/example_bash_decorator.py
[2024-11-10T09:05:13.251+0000] {processor.py:925} INFO - DAG(s) 'example_bash_decorator' retrieved from /home/airflow/.local/lib/python3.12/site-packages/airflow/example_dags/example_bash_decorator.py
[2024-11-10T09:05:13.270+0000] {logging_mixin.py:190} INFO - [2024-11-10T09:05:13.270+0000] {dag.py:3239} INFO - Sync 1 DAGs
[2024-11-10T09:05:13.284+0000] {logging_mixin.py:190} INFO - [2024-11-10T09:05:13.284+0000] {dag.py:4180} INFO - Setting next_dagrun for example_bash_decorator to None, run_after=None
[2024-11-10T09:05:13.301+0000] {processor.py:208} INFO - Processing /home/airflow/.local/lib/python3.12/site-packages/airflow/example_dags/example_bash_decorator.py took 0.070 seconds
