[2024-11-10T08:53:29.922+0000] {processor.py:186} INFO - Started process (PID=45) to work on /home/airflow/.local/lib/python3.12/site-packages/airflow/example_dags/example_display_name.py
[2024-11-10T08:53:29.924+0000] {processor.py:914} INFO - Processing file /home/airflow/.local/lib/python3.12/site-packages/airflow/example_dags/example_display_name.py for tasks to queue
[2024-11-10T08:53:29.926+0000] {logging_mixin.py:190} INFO - [2024-11-10T08:53:29.926+0000] {dagbag.py:588} INFO - Filling up the DagBag from /home/airflow/.local/lib/python3.12/site-packages/airflow/example_dags/example_display_name.py
[2024-11-10T08:53:29.937+0000] {processor.py:925} INFO - DAG(s) 'example_display_name' retrieved from /home/airflow/.local/lib/python3.12/site-packages/airflow/example_dags/example_display_name.py
[2024-11-10T08:53:30.039+0000] {logging_mixin.py:190} INFO - [2024-11-10T08:53:30.039+0000] {override.py:1900} INFO - Created Permission View: can delete on DAG:example_display_name
[2024-11-10T08:53:30.049+0000] {logging_mixin.py:190} INFO - [2024-11-10T08:53:30.049+0000] {override.py:1900} INFO - Created Permission View: can edit on DAG:example_display_name
[2024-11-10T08:53:30.055+0000] {logging_mixin.py:190} INFO - [2024-11-10T08:53:30.055+0000] {override.py:1900} INFO - Created Permission View: can read on DAG:example_display_name
[2024-11-10T08:53:30.062+0000] {logging_mixin.py:190} INFO - [2024-11-10T08:53:30.062+0000] {override.py:1900} INFO - Created Permission View: menu access on DAG Run:example_display_name
[2024-11-10T08:53:30.070+0000] {logging_mixin.py:190} INFO - [2024-11-10T08:53:30.070+0000] {override.py:1900} INFO - Created Permission View: can delete on DAG Run:example_display_name
[2024-11-10T08:53:30.079+0000] {logging_mixin.py:190} INFO - [2024-11-10T08:53:30.078+0000] {override.py:1900} INFO - Created Permission View: can create on DAG Run:example_display_name
[2024-11-10T08:53:30.091+0000] {logging_mixin.py:190} INFO - [2024-11-10T08:53:30.090+0000] {override.py:1900} INFO - Created Permission View: can read on DAG Run:example_display_name
[2024-11-10T08:53:30.092+0000] {logging_mixin.py:190} INFO - [2024-11-10T08:53:30.091+0000] {dag.py:3239} INFO - Sync 1 DAGs
[2024-11-10T08:53:30.107+0000] {logging_mixin.py:190} INFO - [2024-11-10T08:53:30.107+0000] {dag.py:3262} INFO - Creating ORM DAG for example_display_name
[2024-11-10T08:53:30.108+0000] {logging_mixin.py:190} INFO - [2024-11-10T08:53:30.108+0000] {dag.py:4180} INFO - Setting next_dagrun for example_display_name to None, run_after=None
[2024-11-10T08:53:30.126+0000] {processor.py:208} INFO - Processing /home/airflow/.local/lib/python3.12/site-packages/airflow/example_dags/example_display_name.py took 0.209 seconds
[2024-11-10T08:54:00.694+0000] {processor.py:186} INFO - Started process (PID=107) to work on /home/airflow/.local/lib/python3.12/site-packages/airflow/example_dags/example_display_name.py
[2024-11-10T08:54:00.695+0000] {processor.py:914} INFO - Processing file /home/airflow/.local/lib/python3.12/site-packages/airflow/example_dags/example_display_name.py for tasks to queue
[2024-11-10T08:54:00.699+0000] {logging_mixin.py:190} INFO - [2024-11-10T08:54:00.698+0000] {dagbag.py:588} INFO - Filling up the DagBag from /home/airflow/.local/lib/python3.12/site-packages/airflow/example_dags/example_display_name.py
[2024-11-10T08:54:00.705+0000] {processor.py:925} INFO - DAG(s) 'example_display_name' retrieved from /home/airflow/.local/lib/python3.12/site-packages/airflow/example_dags/example_display_name.py
[2024-11-10T08:54:00.722+0000] {logging_mixin.py:190} INFO - [2024-11-10T08:54:00.722+0000] {dag.py:3239} INFO - Sync 1 DAGs
[2024-11-10T08:54:00.734+0000] {logging_mixin.py:190} INFO - [2024-11-10T08:54:00.734+0000] {dag.py:4180} INFO - Setting next_dagrun for example_display_name to None, run_after=None
[2024-11-10T08:54:00.750+0000] {processor.py:208} INFO - Processing /home/airflow/.local/lib/python3.12/site-packages/airflow/example_dags/example_display_name.py took 0.061 seconds
[2024-11-10T08:54:30.928+0000] {processor.py:186} INFO - Started process (PID=168) to work on /home/airflow/.local/lib/python3.12/site-packages/airflow/example_dags/example_display_name.py
[2024-11-10T08:54:30.930+0000] {processor.py:914} INFO - Processing file /home/airflow/.local/lib/python3.12/site-packages/airflow/example_dags/example_display_name.py for tasks to queue
[2024-11-10T08:54:30.933+0000] {logging_mixin.py:190} INFO - [2024-11-10T08:54:30.932+0000] {dagbag.py:588} INFO - Filling up the DagBag from /home/airflow/.local/lib/python3.12/site-packages/airflow/example_dags/example_display_name.py
[2024-11-10T08:54:30.940+0000] {processor.py:925} INFO - DAG(s) 'example_display_name' retrieved from /home/airflow/.local/lib/python3.12/site-packages/airflow/example_dags/example_display_name.py
[2024-11-10T08:54:30.957+0000] {logging_mixin.py:190} INFO - [2024-11-10T08:54:30.957+0000] {dag.py:3239} INFO - Sync 1 DAGs
[2024-11-10T08:54:30.970+0000] {logging_mixin.py:190} INFO - [2024-11-10T08:54:30.970+0000] {dag.py:4180} INFO - Setting next_dagrun for example_display_name to None, run_after=None
[2024-11-10T08:54:30.988+0000] {processor.py:208} INFO - Processing /home/airflow/.local/lib/python3.12/site-packages/airflow/example_dags/example_display_name.py took 0.066 seconds
[2024-11-10T08:55:01.015+0000] {processor.py:186} INFO - Started process (PID=230) to work on /home/airflow/.local/lib/python3.12/site-packages/airflow/example_dags/example_display_name.py
[2024-11-10T08:55:01.016+0000] {processor.py:914} INFO - Processing file /home/airflow/.local/lib/python3.12/site-packages/airflow/example_dags/example_display_name.py for tasks to queue
[2024-11-10T08:55:01.018+0000] {logging_mixin.py:190} INFO - [2024-11-10T08:55:01.018+0000] {dagbag.py:588} INFO - Filling up the DagBag from /home/airflow/.local/lib/python3.12/site-packages/airflow/example_dags/example_display_name.py
[2024-11-10T08:55:01.024+0000] {processor.py:925} INFO - DAG(s) 'example_display_name' retrieved from /home/airflow/.local/lib/python3.12/site-packages/airflow/example_dags/example_display_name.py
[2024-11-10T08:55:01.039+0000] {logging_mixin.py:190} INFO - [2024-11-10T08:55:01.038+0000] {dag.py:3239} INFO - Sync 1 DAGs
[2024-11-10T08:55:01.050+0000] {logging_mixin.py:190} INFO - [2024-11-10T08:55:01.050+0000] {dag.py:4180} INFO - Setting next_dagrun for example_display_name to None, run_after=None
[2024-11-10T08:55:01.064+0000] {processor.py:208} INFO - Processing /home/airflow/.local/lib/python3.12/site-packages/airflow/example_dags/example_display_name.py took 0.054 seconds
[2024-11-10T08:55:31.811+0000] {processor.py:186} INFO - Started process (PID=292) to work on /home/airflow/.local/lib/python3.12/site-packages/airflow/example_dags/example_display_name.py
[2024-11-10T08:55:31.812+0000] {processor.py:914} INFO - Processing file /home/airflow/.local/lib/python3.12/site-packages/airflow/example_dags/example_display_name.py for tasks to queue
[2024-11-10T08:55:31.814+0000] {logging_mixin.py:190} INFO - [2024-11-10T08:55:31.814+0000] {dagbag.py:588} INFO - Filling up the DagBag from /home/airflow/.local/lib/python3.12/site-packages/airflow/example_dags/example_display_name.py
[2024-11-10T08:55:31.820+0000] {processor.py:925} INFO - DAG(s) 'example_display_name' retrieved from /home/airflow/.local/lib/python3.12/site-packages/airflow/example_dags/example_display_name.py
[2024-11-10T08:55:31.835+0000] {logging_mixin.py:190} INFO - [2024-11-10T08:55:31.834+0000] {dag.py:3239} INFO - Sync 1 DAGs
[2024-11-10T08:55:31.846+0000] {logging_mixin.py:190} INFO - [2024-11-10T08:55:31.846+0000] {dag.py:4180} INFO - Setting next_dagrun for example_display_name to None, run_after=None
[2024-11-10T08:55:31.861+0000] {processor.py:208} INFO - Processing /home/airflow/.local/lib/python3.12/site-packages/airflow/example_dags/example_display_name.py took 0.054 seconds
[2024-11-10T08:56:02.729+0000] {processor.py:186} INFO - Started process (PID=354) to work on /home/airflow/.local/lib/python3.12/site-packages/airflow/example_dags/example_display_name.py
[2024-11-10T08:56:02.730+0000] {processor.py:914} INFO - Processing file /home/airflow/.local/lib/python3.12/site-packages/airflow/example_dags/example_display_name.py for tasks to queue
[2024-11-10T08:56:02.732+0000] {logging_mixin.py:190} INFO - [2024-11-10T08:56:02.732+0000] {dagbag.py:588} INFO - Filling up the DagBag from /home/airflow/.local/lib/python3.12/site-packages/airflow/example_dags/example_display_name.py
[2024-11-10T08:56:02.738+0000] {processor.py:925} INFO - DAG(s) 'example_display_name' retrieved from /home/airflow/.local/lib/python3.12/site-packages/airflow/example_dags/example_display_name.py
[2024-11-10T08:56:02.753+0000] {logging_mixin.py:190} INFO - [2024-11-10T08:56:02.753+0000] {dag.py:3239} INFO - Sync 1 DAGs
[2024-11-10T08:56:02.765+0000] {logging_mixin.py:190} INFO - [2024-11-10T08:56:02.764+0000] {dag.py:4180} INFO - Setting next_dagrun for example_display_name to None, run_after=None
[2024-11-10T08:56:02.779+0000] {processor.py:208} INFO - Processing /home/airflow/.local/lib/python3.12/site-packages/airflow/example_dags/example_display_name.py took 0.054 seconds
[2024-11-10T08:56:33.766+0000] {processor.py:186} INFO - Started process (PID=416) to work on /home/airflow/.local/lib/python3.12/site-packages/airflow/example_dags/example_display_name.py
[2024-11-10T08:56:33.767+0000] {processor.py:914} INFO - Processing file /home/airflow/.local/lib/python3.12/site-packages/airflow/example_dags/example_display_name.py for tasks to queue
[2024-11-10T08:56:33.769+0000] {logging_mixin.py:190} INFO - [2024-11-10T08:56:33.769+0000] {dagbag.py:588} INFO - Filling up the DagBag from /home/airflow/.local/lib/python3.12/site-packages/airflow/example_dags/example_display_name.py
[2024-11-10T08:56:33.776+0000] {processor.py:925} INFO - DAG(s) 'example_display_name' retrieved from /home/airflow/.local/lib/python3.12/site-packages/airflow/example_dags/example_display_name.py
[2024-11-10T08:56:33.791+0000] {logging_mixin.py:190} INFO - [2024-11-10T08:56:33.791+0000] {dag.py:3239} INFO - Sync 1 DAGs
[2024-11-10T08:56:33.803+0000] {logging_mixin.py:190} INFO - [2024-11-10T08:56:33.803+0000] {dag.py:4180} INFO - Setting next_dagrun for example_display_name to None, run_after=None
[2024-11-10T08:56:33.817+0000] {processor.py:208} INFO - Processing /home/airflow/.local/lib/python3.12/site-packages/airflow/example_dags/example_display_name.py took 0.055 seconds
[2024-11-10T08:57:04.061+0000] {processor.py:186} INFO - Started process (PID=478) to work on /home/airflow/.local/lib/python3.12/site-packages/airflow/example_dags/example_display_name.py
[2024-11-10T08:57:04.062+0000] {processor.py:914} INFO - Processing file /home/airflow/.local/lib/python3.12/site-packages/airflow/example_dags/example_display_name.py for tasks to queue
[2024-11-10T08:57:04.064+0000] {logging_mixin.py:190} INFO - [2024-11-10T08:57:04.063+0000] {dagbag.py:588} INFO - Filling up the DagBag from /home/airflow/.local/lib/python3.12/site-packages/airflow/example_dags/example_display_name.py
[2024-11-10T08:57:04.070+0000] {processor.py:925} INFO - DAG(s) 'example_display_name' retrieved from /home/airflow/.local/lib/python3.12/site-packages/airflow/example_dags/example_display_name.py
[2024-11-10T08:57:04.086+0000] {logging_mixin.py:190} INFO - [2024-11-10T08:57:04.086+0000] {dag.py:3239} INFO - Sync 1 DAGs
[2024-11-10T08:57:04.100+0000] {logging_mixin.py:190} INFO - [2024-11-10T08:57:04.100+0000] {dag.py:4180} INFO - Setting next_dagrun for example_display_name to None, run_after=None
[2024-11-10T08:57:04.118+0000] {processor.py:208} INFO - Processing /home/airflow/.local/lib/python3.12/site-packages/airflow/example_dags/example_display_name.py took 0.062 seconds
[2024-11-10T08:57:34.997+0000] {processor.py:186} INFO - Started process (PID=540) to work on /home/airflow/.local/lib/python3.12/site-packages/airflow/example_dags/example_display_name.py
[2024-11-10T08:57:34.998+0000] {processor.py:914} INFO - Processing file /home/airflow/.local/lib/python3.12/site-packages/airflow/example_dags/example_display_name.py for tasks to queue
[2024-11-10T08:57:34.999+0000] {logging_mixin.py:190} INFO - [2024-11-10T08:57:34.999+0000] {dagbag.py:588} INFO - Filling up the DagBag from /home/airflow/.local/lib/python3.12/site-packages/airflow/example_dags/example_display_name.py
[2024-11-10T08:57:35.006+0000] {processor.py:925} INFO - DAG(s) 'example_display_name' retrieved from /home/airflow/.local/lib/python3.12/site-packages/airflow/example_dags/example_display_name.py
[2024-11-10T08:57:35.020+0000] {logging_mixin.py:190} INFO - [2024-11-10T08:57:35.020+0000] {dag.py:3239} INFO - Sync 1 DAGs
[2024-11-10T08:57:35.031+0000] {logging_mixin.py:190} INFO - [2024-11-10T08:57:35.031+0000] {dag.py:4180} INFO - Setting next_dagrun for example_display_name to None, run_after=None
[2024-11-10T08:57:35.045+0000] {processor.py:208} INFO - Processing /home/airflow/.local/lib/python3.12/site-packages/airflow/example_dags/example_display_name.py took 0.053 seconds
[2024-11-10T08:58:05.135+0000] {processor.py:186} INFO - Started process (PID=602) to work on /home/airflow/.local/lib/python3.12/site-packages/airflow/example_dags/example_display_name.py
[2024-11-10T08:58:05.136+0000] {processor.py:914} INFO - Processing file /home/airflow/.local/lib/python3.12/site-packages/airflow/example_dags/example_display_name.py for tasks to queue
[2024-11-10T08:58:05.139+0000] {logging_mixin.py:190} INFO - [2024-11-10T08:58:05.138+0000] {dagbag.py:588} INFO - Filling up the DagBag from /home/airflow/.local/lib/python3.12/site-packages/airflow/example_dags/example_display_name.py
[2024-11-10T08:58:05.145+0000] {processor.py:925} INFO - DAG(s) 'example_display_name' retrieved from /home/airflow/.local/lib/python3.12/site-packages/airflow/example_dags/example_display_name.py
[2024-11-10T08:58:05.160+0000] {logging_mixin.py:190} INFO - [2024-11-10T08:58:05.159+0000] {dag.py:3239} INFO - Sync 1 DAGs
[2024-11-10T08:58:05.171+0000] {logging_mixin.py:190} INFO - [2024-11-10T08:58:05.171+0000] {dag.py:4180} INFO - Setting next_dagrun for example_display_name to None, run_after=None
[2024-11-10T08:58:05.189+0000] {processor.py:208} INFO - Processing /home/airflow/.local/lib/python3.12/site-packages/airflow/example_dags/example_display_name.py took 0.058 seconds
[2024-11-10T08:58:36.212+0000] {processor.py:186} INFO - Started process (PID=664) to work on /home/airflow/.local/lib/python3.12/site-packages/airflow/example_dags/example_display_name.py
[2024-11-10T08:58:36.213+0000] {processor.py:914} INFO - Processing file /home/airflow/.local/lib/python3.12/site-packages/airflow/example_dags/example_display_name.py for tasks to queue
[2024-11-10T08:58:36.215+0000] {logging_mixin.py:190} INFO - [2024-11-10T08:58:36.214+0000] {dagbag.py:588} INFO - Filling up the DagBag from /home/airflow/.local/lib/python3.12/site-packages/airflow/example_dags/example_display_name.py
[2024-11-10T08:58:36.220+0000] {processor.py:925} INFO - DAG(s) 'example_display_name' retrieved from /home/airflow/.local/lib/python3.12/site-packages/airflow/example_dags/example_display_name.py
[2024-11-10T08:58:36.235+0000] {logging_mixin.py:190} INFO - [2024-11-10T08:58:36.235+0000] {dag.py:3239} INFO - Sync 1 DAGs
[2024-11-10T08:58:36.247+0000] {logging_mixin.py:190} INFO - [2024-11-10T08:58:36.247+0000] {dag.py:4180} INFO - Setting next_dagrun for example_display_name to None, run_after=None
[2024-11-10T08:58:36.262+0000] {processor.py:208} INFO - Processing /home/airflow/.local/lib/python3.12/site-packages/airflow/example_dags/example_display_name.py took 0.055 seconds
[2024-11-10T08:59:06.468+0000] {processor.py:186} INFO - Started process (PID=726) to work on /home/airflow/.local/lib/python3.12/site-packages/airflow/example_dags/example_display_name.py
[2024-11-10T08:59:06.469+0000] {processor.py:914} INFO - Processing file /home/airflow/.local/lib/python3.12/site-packages/airflow/example_dags/example_display_name.py for tasks to queue
[2024-11-10T08:59:06.471+0000] {logging_mixin.py:190} INFO - [2024-11-10T08:59:06.471+0000] {dagbag.py:588} INFO - Filling up the DagBag from /home/airflow/.local/lib/python3.12/site-packages/airflow/example_dags/example_display_name.py
[2024-11-10T08:59:06.477+0000] {processor.py:925} INFO - DAG(s) 'example_display_name' retrieved from /home/airflow/.local/lib/python3.12/site-packages/airflow/example_dags/example_display_name.py
[2024-11-10T08:59:06.494+0000] {logging_mixin.py:190} INFO - [2024-11-10T08:59:06.493+0000] {dag.py:3239} INFO - Sync 1 DAGs
[2024-11-10T08:59:06.507+0000] {logging_mixin.py:190} INFO - [2024-11-10T08:59:06.507+0000] {dag.py:4180} INFO - Setting next_dagrun for example_display_name to None, run_after=None
[2024-11-10T08:59:06.524+0000] {processor.py:208} INFO - Processing /home/airflow/.local/lib/python3.12/site-packages/airflow/example_dags/example_display_name.py took 0.062 seconds
[2024-11-10T08:59:36.785+0000] {processor.py:186} INFO - Started process (PID=788) to work on /home/airflow/.local/lib/python3.12/site-packages/airflow/example_dags/example_display_name.py
[2024-11-10T08:59:36.787+0000] {processor.py:914} INFO - Processing file /home/airflow/.local/lib/python3.12/site-packages/airflow/example_dags/example_display_name.py for tasks to queue
[2024-11-10T08:59:36.790+0000] {logging_mixin.py:190} INFO - [2024-11-10T08:59:36.789+0000] {dagbag.py:588} INFO - Filling up the DagBag from /home/airflow/.local/lib/python3.12/site-packages/airflow/example_dags/example_display_name.py
[2024-11-10T08:59:36.797+0000] {processor.py:925} INFO - DAG(s) 'example_display_name' retrieved from /home/airflow/.local/lib/python3.12/site-packages/airflow/example_dags/example_display_name.py
[2024-11-10T08:59:36.816+0000] {logging_mixin.py:190} INFO - [2024-11-10T08:59:36.815+0000] {dag.py:3239} INFO - Sync 1 DAGs
[2024-11-10T08:59:36.829+0000] {logging_mixin.py:190} INFO - [2024-11-10T08:59:36.829+0000] {dag.py:4180} INFO - Setting next_dagrun for example_display_name to None, run_after=None
[2024-11-10T08:59:36.846+0000] {processor.py:208} INFO - Processing /home/airflow/.local/lib/python3.12/site-packages/airflow/example_dags/example_display_name.py took 0.066 seconds
[2024-11-10T09:00:07.097+0000] {processor.py:186} INFO - Started process (PID=850) to work on /home/airflow/.local/lib/python3.12/site-packages/airflow/example_dags/example_display_name.py
[2024-11-10T09:00:07.098+0000] {processor.py:914} INFO - Processing file /home/airflow/.local/lib/python3.12/site-packages/airflow/example_dags/example_display_name.py for tasks to queue
[2024-11-10T09:00:07.100+0000] {logging_mixin.py:190} INFO - [2024-11-10T09:00:07.100+0000] {dagbag.py:588} INFO - Filling up the DagBag from /home/airflow/.local/lib/python3.12/site-packages/airflow/example_dags/example_display_name.py
[2024-11-10T09:00:07.106+0000] {processor.py:925} INFO - DAG(s) 'example_display_name' retrieved from /home/airflow/.local/lib/python3.12/site-packages/airflow/example_dags/example_display_name.py
[2024-11-10T09:00:07.121+0000] {logging_mixin.py:190} INFO - [2024-11-10T09:00:07.121+0000] {dag.py:3239} INFO - Sync 1 DAGs
[2024-11-10T09:00:07.135+0000] {logging_mixin.py:190} INFO - [2024-11-10T09:00:07.134+0000] {dag.py:4180} INFO - Setting next_dagrun for example_display_name to None, run_after=None
[2024-11-10T09:00:07.149+0000] {processor.py:208} INFO - Processing /home/airflow/.local/lib/python3.12/site-packages/airflow/example_dags/example_display_name.py took 0.057 seconds
[2024-11-10T09:00:37.510+0000] {processor.py:186} INFO - Started process (PID=912) to work on /home/airflow/.local/lib/python3.12/site-packages/airflow/example_dags/example_display_name.py
[2024-11-10T09:00:37.511+0000] {processor.py:914} INFO - Processing file /home/airflow/.local/lib/python3.12/site-packages/airflow/example_dags/example_display_name.py for tasks to queue
[2024-11-10T09:00:37.513+0000] {logging_mixin.py:190} INFO - [2024-11-10T09:00:37.513+0000] {dagbag.py:588} INFO - Filling up the DagBag from /home/airflow/.local/lib/python3.12/site-packages/airflow/example_dags/example_display_name.py
[2024-11-10T09:00:37.519+0000] {processor.py:925} INFO - DAG(s) 'example_display_name' retrieved from /home/airflow/.local/lib/python3.12/site-packages/airflow/example_dags/example_display_name.py
[2024-11-10T09:00:37.535+0000] {logging_mixin.py:190} INFO - [2024-11-10T09:00:37.534+0000] {dag.py:3239} INFO - Sync 1 DAGs
[2024-11-10T09:00:37.547+0000] {logging_mixin.py:190} INFO - [2024-11-10T09:00:37.546+0000] {dag.py:4180} INFO - Setting next_dagrun for example_display_name to None, run_after=None
[2024-11-10T09:00:37.563+0000] {processor.py:208} INFO - Processing /home/airflow/.local/lib/python3.12/site-packages/airflow/example_dags/example_display_name.py took 0.058 seconds
[2024-11-10T09:01:07.821+0000] {processor.py:186} INFO - Started process (PID=974) to work on /home/airflow/.local/lib/python3.12/site-packages/airflow/example_dags/example_display_name.py
[2024-11-10T09:01:07.822+0000] {processor.py:914} INFO - Processing file /home/airflow/.local/lib/python3.12/site-packages/airflow/example_dags/example_display_name.py for tasks to queue
[2024-11-10T09:01:07.824+0000] {logging_mixin.py:190} INFO - [2024-11-10T09:01:07.824+0000] {dagbag.py:588} INFO - Filling up the DagBag from /home/airflow/.local/lib/python3.12/site-packages/airflow/example_dags/example_display_name.py
[2024-11-10T09:01:07.830+0000] {processor.py:925} INFO - DAG(s) 'example_display_name' retrieved from /home/airflow/.local/lib/python3.12/site-packages/airflow/example_dags/example_display_name.py
[2024-11-10T09:01:07.845+0000] {logging_mixin.py:190} INFO - [2024-11-10T09:01:07.845+0000] {dag.py:3239} INFO - Sync 1 DAGs
[2024-11-10T09:01:07.857+0000] {logging_mixin.py:190} INFO - [2024-11-10T09:01:07.857+0000] {dag.py:4180} INFO - Setting next_dagrun for example_display_name to None, run_after=None
[2024-11-10T09:01:07.874+0000] {processor.py:208} INFO - Processing /home/airflow/.local/lib/python3.12/site-packages/airflow/example_dags/example_display_name.py took 0.057 seconds
[2024-11-10T09:01:38.155+0000] {processor.py:186} INFO - Started process (PID=1036) to work on /home/airflow/.local/lib/python3.12/site-packages/airflow/example_dags/example_display_name.py
[2024-11-10T09:01:38.156+0000] {processor.py:914} INFO - Processing file /home/airflow/.local/lib/python3.12/site-packages/airflow/example_dags/example_display_name.py for tasks to queue
[2024-11-10T09:01:38.158+0000] {logging_mixin.py:190} INFO - [2024-11-10T09:01:38.157+0000] {dagbag.py:588} INFO - Filling up the DagBag from /home/airflow/.local/lib/python3.12/site-packages/airflow/example_dags/example_display_name.py
[2024-11-10T09:01:38.164+0000] {processor.py:925} INFO - DAG(s) 'example_display_name' retrieved from /home/airflow/.local/lib/python3.12/site-packages/airflow/example_dags/example_display_name.py
[2024-11-10T09:01:38.178+0000] {logging_mixin.py:190} INFO - [2024-11-10T09:01:38.178+0000] {dag.py:3239} INFO - Sync 1 DAGs
[2024-11-10T09:01:38.190+0000] {logging_mixin.py:190} INFO - [2024-11-10T09:01:38.190+0000] {dag.py:4180} INFO - Setting next_dagrun for example_display_name to None, run_after=None
[2024-11-10T09:01:38.206+0000] {processor.py:208} INFO - Processing /home/airflow/.local/lib/python3.12/site-packages/airflow/example_dags/example_display_name.py took 0.056 seconds
[2024-11-10T09:02:08.383+0000] {processor.py:186} INFO - Started process (PID=1098) to work on /home/airflow/.local/lib/python3.12/site-packages/airflow/example_dags/example_display_name.py
[2024-11-10T09:02:08.384+0000] {processor.py:914} INFO - Processing file /home/airflow/.local/lib/python3.12/site-packages/airflow/example_dags/example_display_name.py for tasks to queue
[2024-11-10T09:02:08.386+0000] {logging_mixin.py:190} INFO - [2024-11-10T09:02:08.386+0000] {dagbag.py:588} INFO - Filling up the DagBag from /home/airflow/.local/lib/python3.12/site-packages/airflow/example_dags/example_display_name.py
[2024-11-10T09:02:08.393+0000] {processor.py:925} INFO - DAG(s) 'example_display_name' retrieved from /home/airflow/.local/lib/python3.12/site-packages/airflow/example_dags/example_display_name.py
[2024-11-10T09:02:08.408+0000] {logging_mixin.py:190} INFO - [2024-11-10T09:02:08.408+0000] {dag.py:3239} INFO - Sync 1 DAGs
[2024-11-10T09:02:08.420+0000] {logging_mixin.py:190} INFO - [2024-11-10T09:02:08.420+0000] {dag.py:4180} INFO - Setting next_dagrun for example_display_name to None, run_after=None
[2024-11-10T09:02:08.436+0000] {processor.py:208} INFO - Processing /home/airflow/.local/lib/python3.12/site-packages/airflow/example_dags/example_display_name.py took 0.057 seconds
[2024-11-10T09:02:39.464+0000] {processor.py:186} INFO - Started process (PID=1161) to work on /home/airflow/.local/lib/python3.12/site-packages/airflow/example_dags/example_display_name.py
[2024-11-10T09:02:39.465+0000] {processor.py:914} INFO - Processing file /home/airflow/.local/lib/python3.12/site-packages/airflow/example_dags/example_display_name.py for tasks to queue
[2024-11-10T09:02:39.467+0000] {logging_mixin.py:190} INFO - [2024-11-10T09:02:39.467+0000] {dagbag.py:588} INFO - Filling up the DagBag from /home/airflow/.local/lib/python3.12/site-packages/airflow/example_dags/example_display_name.py
[2024-11-10T09:02:39.476+0000] {processor.py:925} INFO - DAG(s) 'example_display_name' retrieved from /home/airflow/.local/lib/python3.12/site-packages/airflow/example_dags/example_display_name.py
[2024-11-10T09:02:39.495+0000] {logging_mixin.py:190} INFO - [2024-11-10T09:02:39.495+0000] {dag.py:3239} INFO - Sync 1 DAGs
[2024-11-10T09:02:39.508+0000] {logging_mixin.py:190} INFO - [2024-11-10T09:02:39.507+0000] {dag.py:4180} INFO - Setting next_dagrun for example_display_name to None, run_after=None
[2024-11-10T09:02:39.525+0000] {processor.py:208} INFO - Processing /home/airflow/.local/lib/python3.12/site-packages/airflow/example_dags/example_display_name.py took 0.066 seconds
[2024-11-10T09:03:10.355+0000] {processor.py:186} INFO - Started process (PID=1223) to work on /home/airflow/.local/lib/python3.12/site-packages/airflow/example_dags/example_display_name.py
[2024-11-10T09:03:10.356+0000] {processor.py:914} INFO - Processing file /home/airflow/.local/lib/python3.12/site-packages/airflow/example_dags/example_display_name.py for tasks to queue
[2024-11-10T09:03:10.357+0000] {logging_mixin.py:190} INFO - [2024-11-10T09:03:10.357+0000] {dagbag.py:588} INFO - Filling up the DagBag from /home/airflow/.local/lib/python3.12/site-packages/airflow/example_dags/example_display_name.py
[2024-11-10T09:03:10.363+0000] {processor.py:925} INFO - DAG(s) 'example_display_name' retrieved from /home/airflow/.local/lib/python3.12/site-packages/airflow/example_dags/example_display_name.py
[2024-11-10T09:03:10.379+0000] {logging_mixin.py:190} INFO - [2024-11-10T09:03:10.378+0000] {dag.py:3239} INFO - Sync 1 DAGs
[2024-11-10T09:03:10.391+0000] {logging_mixin.py:190} INFO - [2024-11-10T09:03:10.391+0000] {dag.py:4180} INFO - Setting next_dagrun for example_display_name to None, run_after=None
[2024-11-10T09:03:10.406+0000] {processor.py:208} INFO - Processing /home/airflow/.local/lib/python3.12/site-packages/airflow/example_dags/example_display_name.py took 0.056 seconds
[2024-11-10T09:03:41.411+0000] {processor.py:186} INFO - Started process (PID=1285) to work on /home/airflow/.local/lib/python3.12/site-packages/airflow/example_dags/example_display_name.py
[2024-11-10T09:03:41.412+0000] {processor.py:914} INFO - Processing file /home/airflow/.local/lib/python3.12/site-packages/airflow/example_dags/example_display_name.py for tasks to queue
[2024-11-10T09:03:41.414+0000] {logging_mixin.py:190} INFO - [2024-11-10T09:03:41.414+0000] {dagbag.py:588} INFO - Filling up the DagBag from /home/airflow/.local/lib/python3.12/site-packages/airflow/example_dags/example_display_name.py
[2024-11-10T09:03:41.420+0000] {processor.py:925} INFO - DAG(s) 'example_display_name' retrieved from /home/airflow/.local/lib/python3.12/site-packages/airflow/example_dags/example_display_name.py
[2024-11-10T09:03:41.435+0000] {logging_mixin.py:190} INFO - [2024-11-10T09:03:41.434+0000] {dag.py:3239} INFO - Sync 1 DAGs
[2024-11-10T09:03:41.446+0000] {logging_mixin.py:190} INFO - [2024-11-10T09:03:41.446+0000] {dag.py:4180} INFO - Setting next_dagrun for example_display_name to None, run_after=None
[2024-11-10T09:03:41.461+0000] {processor.py:208} INFO - Processing /home/airflow/.local/lib/python3.12/site-packages/airflow/example_dags/example_display_name.py took 0.055 seconds
[2024-11-10T09:04:11.691+0000] {processor.py:186} INFO - Started process (PID=1347) to work on /home/airflow/.local/lib/python3.12/site-packages/airflow/example_dags/example_display_name.py
[2024-11-10T09:04:11.691+0000] {processor.py:914} INFO - Processing file /home/airflow/.local/lib/python3.12/site-packages/airflow/example_dags/example_display_name.py for tasks to queue
[2024-11-10T09:04:11.693+0000] {logging_mixin.py:190} INFO - [2024-11-10T09:04:11.693+0000] {dagbag.py:588} INFO - Filling up the DagBag from /home/airflow/.local/lib/python3.12/site-packages/airflow/example_dags/example_display_name.py
[2024-11-10T09:04:11.699+0000] {processor.py:925} INFO - DAG(s) 'example_display_name' retrieved from /home/airflow/.local/lib/python3.12/site-packages/airflow/example_dags/example_display_name.py
[2024-11-10T09:04:11.714+0000] {logging_mixin.py:190} INFO - [2024-11-10T09:04:11.713+0000] {dag.py:3239} INFO - Sync 1 DAGs
[2024-11-10T09:04:11.725+0000] {logging_mixin.py:190} INFO - [2024-11-10T09:04:11.725+0000] {dag.py:4180} INFO - Setting next_dagrun for example_display_name to None, run_after=None
[2024-11-10T09:04:11.741+0000] {processor.py:208} INFO - Processing /home/airflow/.local/lib/python3.12/site-packages/airflow/example_dags/example_display_name.py took 0.055 seconds
[2024-11-10T09:04:42.875+0000] {processor.py:186} INFO - Started process (PID=1415) to work on /home/airflow/.local/lib/python3.12/site-packages/airflow/example_dags/example_display_name.py
[2024-11-10T09:04:42.876+0000] {processor.py:914} INFO - Processing file /home/airflow/.local/lib/python3.12/site-packages/airflow/example_dags/example_display_name.py for tasks to queue
[2024-11-10T09:04:42.878+0000] {logging_mixin.py:190} INFO - [2024-11-10T09:04:42.878+0000] {dagbag.py:588} INFO - Filling up the DagBag from /home/airflow/.local/lib/python3.12/site-packages/airflow/example_dags/example_display_name.py
[2024-11-10T09:04:42.884+0000] {processor.py:925} INFO - DAG(s) 'example_display_name' retrieved from /home/airflow/.local/lib/python3.12/site-packages/airflow/example_dags/example_display_name.py
[2024-11-10T09:04:42.899+0000] {logging_mixin.py:190} INFO - [2024-11-10T09:04:42.899+0000] {dag.py:3239} INFO - Sync 1 DAGs
[2024-11-10T09:04:42.910+0000] {logging_mixin.py:190} INFO - [2024-11-10T09:04:42.910+0000] {dag.py:4180} INFO - Setting next_dagrun for example_display_name to None, run_after=None
[2024-11-10T09:04:42.926+0000] {processor.py:208} INFO - Processing /home/airflow/.local/lib/python3.12/site-packages/airflow/example_dags/example_display_name.py took 0.055 seconds
[2024-11-10T09:05:13.159+0000] {processor.py:186} INFO - Started process (PID=1477) to work on /home/airflow/.local/lib/python3.12/site-packages/airflow/example_dags/example_display_name.py
[2024-11-10T09:05:13.160+0000] {processor.py:914} INFO - Processing file /home/airflow/.local/lib/python3.12/site-packages/airflow/example_dags/example_display_name.py for tasks to queue
[2024-11-10T09:05:13.162+0000] {logging_mixin.py:190} INFO - [2024-11-10T09:05:13.161+0000] {dagbag.py:588} INFO - Filling up the DagBag from /home/airflow/.local/lib/python3.12/site-packages/airflow/example_dags/example_display_name.py
[2024-11-10T09:05:13.168+0000] {processor.py:925} INFO - DAG(s) 'example_display_name' retrieved from /home/airflow/.local/lib/python3.12/site-packages/airflow/example_dags/example_display_name.py
[2024-11-10T09:05:13.183+0000] {logging_mixin.py:190} INFO - [2024-11-10T09:05:13.183+0000] {dag.py:3239} INFO - Sync 1 DAGs
[2024-11-10T09:05:13.195+0000] {logging_mixin.py:190} INFO - [2024-11-10T09:05:13.195+0000] {dag.py:4180} INFO - Setting next_dagrun for example_display_name to None, run_after=None
[2024-11-10T09:05:13.211+0000] {processor.py:208} INFO - Processing /home/airflow/.local/lib/python3.12/site-packages/airflow/example_dags/example_display_name.py took 0.057 seconds
