[2024-11-10T08:53:29.718+0000] {processor.py:186} INFO - Started process (PID=44) to work on /home/airflow/.local/lib/python3.12/site-packages/airflow/example_dags/example_dag_decorator.py
[2024-11-10T08:53:29.719+0000] {processor.py:914} INFO - Processing file /home/airflow/.local/lib/python3.12/site-packages/airflow/example_dags/example_dag_decorator.py for tasks to queue
[2024-11-10T08:53:29.721+0000] {logging_mixin.py:190} INFO - [2024-11-10T08:53:29.721+0000] {dagbag.py:588} INFO - Filling up the DagBag from /home/airflow/.local/lib/python3.12/site-packages/airflow/example_dags/example_dag_decorator.py
[2024-11-10T08:53:29.732+0000] {processor.py:925} INFO - DAG(s) 'example_dag_decorator' retrieved from /home/airflow/.local/lib/python3.12/site-packages/airflow/example_dags/example_dag_decorator.py
[2024-11-10T08:53:29.825+0000] {logging_mixin.py:190} INFO - [2024-11-10T08:53:29.824+0000] {override.py:1900} INFO - Created Permission View: can delete on DAG:example_dag_decorator
[2024-11-10T08:53:29.833+0000] {logging_mixin.py:190} INFO - [2024-11-10T08:53:29.833+0000] {override.py:1900} INFO - Created Permission View: can edit on DAG:example_dag_decorator
[2024-11-10T08:53:29.839+0000] {logging_mixin.py:190} INFO - [2024-11-10T08:53:29.838+0000] {override.py:1900} INFO - Created Permission View: can read on DAG:example_dag_decorator
[2024-11-10T08:53:29.845+0000] {logging_mixin.py:190} INFO - [2024-11-10T08:53:29.845+0000] {override.py:1900} INFO - Created Permission View: menu access on DAG Run:example_dag_decorator
[2024-11-10T08:53:29.851+0000] {logging_mixin.py:190} INFO - [2024-11-10T08:53:29.851+0000] {override.py:1900} INFO - Created Permission View: can delete on DAG Run:example_dag_decorator
[2024-11-10T08:53:29.857+0000] {logging_mixin.py:190} INFO - [2024-11-10T08:53:29.857+0000] {override.py:1900} INFO - Created Permission View: can create on DAG Run:example_dag_decorator
[2024-11-10T08:53:29.863+0000] {logging_mixin.py:190} INFO - [2024-11-10T08:53:29.862+0000] {override.py:1900} INFO - Created Permission View: can read on DAG Run:example_dag_decorator
[2024-11-10T08:53:29.863+0000] {logging_mixin.py:190} INFO - [2024-11-10T08:53:29.863+0000] {dag.py:3239} INFO - Sync 1 DAGs
[2024-11-10T08:53:29.873+0000] {logging_mixin.py:190} INFO - [2024-11-10T08:53:29.873+0000] {dag.py:3262} INFO - Creating ORM DAG for example_dag_decorator
[2024-11-10T08:53:29.874+0000] {logging_mixin.py:190} INFO - [2024-11-10T08:53:29.874+0000] {dag.py:4180} INFO - Setting next_dagrun for example_dag_decorator to None, run_after=None
[2024-11-10T08:53:29.886+0000] {processor.py:208} INFO - Processing /home/airflow/.local/lib/python3.12/site-packages/airflow/example_dags/example_dag_decorator.py took 0.173 seconds
[2024-11-10T08:54:00.660+0000] {processor.py:186} INFO - Started process (PID=106) to work on /home/airflow/.local/lib/python3.12/site-packages/airflow/example_dags/example_dag_decorator.py
[2024-11-10T08:54:00.661+0000] {processor.py:914} INFO - Processing file /home/airflow/.local/lib/python3.12/site-packages/airflow/example_dags/example_dag_decorator.py for tasks to queue
[2024-11-10T08:54:00.664+0000] {logging_mixin.py:190} INFO - [2024-11-10T08:54:00.663+0000] {dagbag.py:588} INFO - Filling up the DagBag from /home/airflow/.local/lib/python3.12/site-packages/airflow/example_dags/example_dag_decorator.py
[2024-11-10T08:54:00.675+0000] {processor.py:925} INFO - DAG(s) 'example_dag_decorator' retrieved from /home/airflow/.local/lib/python3.12/site-packages/airflow/example_dags/example_dag_decorator.py
[2024-11-10T08:54:00.773+0000] {logging_mixin.py:190} INFO - [2024-11-10T08:54:00.773+0000] {dag.py:3239} INFO - Sync 1 DAGs
[2024-11-10T08:54:00.784+0000] {logging_mixin.py:190} INFO - [2024-11-10T08:54:00.784+0000] {dag.py:4180} INFO - Setting next_dagrun for example_dag_decorator to None, run_after=None
[2024-11-10T08:54:00.800+0000] {processor.py:208} INFO - Processing /home/airflow/.local/lib/python3.12/site-packages/airflow/example_dags/example_dag_decorator.py took 0.144 seconds
[2024-11-10T08:54:30.938+0000] {processor.py:186} INFO - Started process (PID=169) to work on /home/airflow/.local/lib/python3.12/site-packages/airflow/example_dags/example_dag_decorator.py
[2024-11-10T08:54:30.939+0000] {processor.py:914} INFO - Processing file /home/airflow/.local/lib/python3.12/site-packages/airflow/example_dags/example_dag_decorator.py for tasks to queue
[2024-11-10T08:54:30.941+0000] {logging_mixin.py:190} INFO - [2024-11-10T08:54:30.941+0000] {dagbag.py:588} INFO - Filling up the DagBag from /home/airflow/.local/lib/python3.12/site-packages/airflow/example_dags/example_dag_decorator.py
[2024-11-10T08:54:30.953+0000] {processor.py:925} INFO - DAG(s) 'example_dag_decorator' retrieved from /home/airflow/.local/lib/python3.12/site-packages/airflow/example_dags/example_dag_decorator.py
[2024-11-10T08:54:31.056+0000] {logging_mixin.py:190} INFO - [2024-11-10T08:54:31.056+0000] {dag.py:3239} INFO - Sync 1 DAGs
[2024-11-10T08:54:31.067+0000] {logging_mixin.py:190} INFO - [2024-11-10T08:54:31.067+0000] {dag.py:4180} INFO - Setting next_dagrun for example_dag_decorator to None, run_after=None
[2024-11-10T08:54:31.084+0000] {processor.py:208} INFO - Processing /home/airflow/.local/lib/python3.12/site-packages/airflow/example_dags/example_dag_decorator.py took 0.152 seconds
[2024-11-10T08:55:02.055+0000] {processor.py:186} INFO - Started process (PID=231) to work on /home/airflow/.local/lib/python3.12/site-packages/airflow/example_dags/example_dag_decorator.py
[2024-11-10T08:55:02.056+0000] {processor.py:914} INFO - Processing file /home/airflow/.local/lib/python3.12/site-packages/airflow/example_dags/example_dag_decorator.py for tasks to queue
[2024-11-10T08:55:02.058+0000] {logging_mixin.py:190} INFO - [2024-11-10T08:55:02.057+0000] {dagbag.py:588} INFO - Filling up the DagBag from /home/airflow/.local/lib/python3.12/site-packages/airflow/example_dags/example_dag_decorator.py
[2024-11-10T08:55:02.067+0000] {processor.py:925} INFO - DAG(s) 'example_dag_decorator' retrieved from /home/airflow/.local/lib/python3.12/site-packages/airflow/example_dags/example_dag_decorator.py
[2024-11-10T08:55:02.155+0000] {logging_mixin.py:190} INFO - [2024-11-10T08:55:02.155+0000] {dag.py:3239} INFO - Sync 1 DAGs
[2024-11-10T08:55:02.165+0000] {logging_mixin.py:190} INFO - [2024-11-10T08:55:02.165+0000] {dag.py:4180} INFO - Setting next_dagrun for example_dag_decorator to None, run_after=None
[2024-11-10T08:55:02.180+0000] {processor.py:208} INFO - Processing /home/airflow/.local/lib/python3.12/site-packages/airflow/example_dags/example_dag_decorator.py took 0.129 seconds
[2024-11-10T08:55:32.850+0000] {processor.py:186} INFO - Started process (PID=293) to work on /home/airflow/.local/lib/python3.12/site-packages/airflow/example_dags/example_dag_decorator.py
[2024-11-10T08:55:32.851+0000] {processor.py:914} INFO - Processing file /home/airflow/.local/lib/python3.12/site-packages/airflow/example_dags/example_dag_decorator.py for tasks to queue
[2024-11-10T08:55:32.853+0000] {logging_mixin.py:190} INFO - [2024-11-10T08:55:32.853+0000] {dagbag.py:588} INFO - Filling up the DagBag from /home/airflow/.local/lib/python3.12/site-packages/airflow/example_dags/example_dag_decorator.py
[2024-11-10T08:55:32.862+0000] {processor.py:925} INFO - DAG(s) 'example_dag_decorator' retrieved from /home/airflow/.local/lib/python3.12/site-packages/airflow/example_dags/example_dag_decorator.py
[2024-11-10T08:55:32.951+0000] {logging_mixin.py:190} INFO - [2024-11-10T08:55:32.951+0000] {dag.py:3239} INFO - Sync 1 DAGs
[2024-11-10T08:55:32.961+0000] {logging_mixin.py:190} INFO - [2024-11-10T08:55:32.961+0000] {dag.py:4180} INFO - Setting next_dagrun for example_dag_decorator to None, run_after=None
[2024-11-10T08:55:32.976+0000] {processor.py:208} INFO - Processing /home/airflow/.local/lib/python3.12/site-packages/airflow/example_dags/example_dag_decorator.py took 0.130 seconds
[2024-11-10T08:56:03.766+0000] {processor.py:186} INFO - Started process (PID=355) to work on /home/airflow/.local/lib/python3.12/site-packages/airflow/example_dags/example_dag_decorator.py
[2024-11-10T08:56:03.767+0000] {processor.py:914} INFO - Processing file /home/airflow/.local/lib/python3.12/site-packages/airflow/example_dags/example_dag_decorator.py for tasks to queue
[2024-11-10T08:56:03.769+0000] {logging_mixin.py:190} INFO - [2024-11-10T08:56:03.769+0000] {dagbag.py:588} INFO - Filling up the DagBag from /home/airflow/.local/lib/python3.12/site-packages/airflow/example_dags/example_dag_decorator.py
[2024-11-10T08:56:03.778+0000] {processor.py:925} INFO - DAG(s) 'example_dag_decorator' retrieved from /home/airflow/.local/lib/python3.12/site-packages/airflow/example_dags/example_dag_decorator.py
[2024-11-10T08:56:03.867+0000] {logging_mixin.py:190} INFO - [2024-11-10T08:56:03.867+0000] {dag.py:3239} INFO - Sync 1 DAGs
[2024-11-10T08:56:03.877+0000] {logging_mixin.py:190} INFO - [2024-11-10T08:56:03.877+0000] {dag.py:4180} INFO - Setting next_dagrun for example_dag_decorator to None, run_after=None
[2024-11-10T08:56:03.893+0000] {processor.py:208} INFO - Processing /home/airflow/.local/lib/python3.12/site-packages/airflow/example_dags/example_dag_decorator.py took 0.131 seconds
[2024-11-10T08:56:34.805+0000] {processor.py:186} INFO - Started process (PID=417) to work on /home/airflow/.local/lib/python3.12/site-packages/airflow/example_dags/example_dag_decorator.py
[2024-11-10T08:56:34.806+0000] {processor.py:914} INFO - Processing file /home/airflow/.local/lib/python3.12/site-packages/airflow/example_dags/example_dag_decorator.py for tasks to queue
[2024-11-10T08:56:34.808+0000] {logging_mixin.py:190} INFO - [2024-11-10T08:56:34.807+0000] {dagbag.py:588} INFO - Filling up the DagBag from /home/airflow/.local/lib/python3.12/site-packages/airflow/example_dags/example_dag_decorator.py
[2024-11-10T08:56:34.817+0000] {processor.py:925} INFO - DAG(s) 'example_dag_decorator' retrieved from /home/airflow/.local/lib/python3.12/site-packages/airflow/example_dags/example_dag_decorator.py
[2024-11-10T08:56:34.913+0000] {logging_mixin.py:190} INFO - [2024-11-10T08:56:34.912+0000] {dag.py:3239} INFO - Sync 1 DAGs
[2024-11-10T08:56:34.924+0000] {logging_mixin.py:190} INFO - [2024-11-10T08:56:34.924+0000] {dag.py:4180} INFO - Setting next_dagrun for example_dag_decorator to None, run_after=None
[2024-11-10T08:56:34.943+0000] {processor.py:208} INFO - Processing /home/airflow/.local/lib/python3.12/site-packages/airflow/example_dags/example_dag_decorator.py took 0.143 seconds
[2024-11-10T08:57:05.068+0000] {processor.py:186} INFO - Started process (PID=479) to work on /home/airflow/.local/lib/python3.12/site-packages/airflow/example_dags/example_dag_decorator.py
[2024-11-10T08:57:05.069+0000] {processor.py:914} INFO - Processing file /home/airflow/.local/lib/python3.12/site-packages/airflow/example_dags/example_dag_decorator.py for tasks to queue
[2024-11-10T08:57:05.071+0000] {logging_mixin.py:190} INFO - [2024-11-10T08:57:05.071+0000] {dagbag.py:588} INFO - Filling up the DagBag from /home/airflow/.local/lib/python3.12/site-packages/airflow/example_dags/example_dag_decorator.py
[2024-11-10T08:57:05.080+0000] {processor.py:925} INFO - DAG(s) 'example_dag_decorator' retrieved from /home/airflow/.local/lib/python3.12/site-packages/airflow/example_dags/example_dag_decorator.py
[2024-11-10T08:57:05.171+0000] {logging_mixin.py:190} INFO - [2024-11-10T08:57:05.171+0000] {dag.py:3239} INFO - Sync 1 DAGs
[2024-11-10T08:57:05.181+0000] {logging_mixin.py:190} INFO - [2024-11-10T08:57:05.181+0000] {dag.py:4180} INFO - Setting next_dagrun for example_dag_decorator to None, run_after=None
[2024-11-10T08:57:05.197+0000] {processor.py:208} INFO - Processing /home/airflow/.local/lib/python3.12/site-packages/airflow/example_dags/example_dag_decorator.py took 0.134 seconds
[2024-11-10T08:57:36.033+0000] {processor.py:186} INFO - Started process (PID=541) to work on /home/airflow/.local/lib/python3.12/site-packages/airflow/example_dags/example_dag_decorator.py
[2024-11-10T08:57:36.034+0000] {processor.py:914} INFO - Processing file /home/airflow/.local/lib/python3.12/site-packages/airflow/example_dags/example_dag_decorator.py for tasks to queue
[2024-11-10T08:57:36.036+0000] {logging_mixin.py:190} INFO - [2024-11-10T08:57:36.036+0000] {dagbag.py:588} INFO - Filling up the DagBag from /home/airflow/.local/lib/python3.12/site-packages/airflow/example_dags/example_dag_decorator.py
[2024-11-10T08:57:36.045+0000] {processor.py:925} INFO - DAG(s) 'example_dag_decorator' retrieved from /home/airflow/.local/lib/python3.12/site-packages/airflow/example_dags/example_dag_decorator.py
[2024-11-10T08:57:36.135+0000] {logging_mixin.py:190} INFO - [2024-11-10T08:57:36.135+0000] {dag.py:3239} INFO - Sync 1 DAGs
[2024-11-10T08:57:36.146+0000] {logging_mixin.py:190} INFO - [2024-11-10T08:57:36.146+0000] {dag.py:4180} INFO - Setting next_dagrun for example_dag_decorator to None, run_after=None
[2024-11-10T08:57:36.161+0000] {processor.py:208} INFO - Processing /home/airflow/.local/lib/python3.12/site-packages/airflow/example_dags/example_dag_decorator.py took 0.133 seconds
[2024-11-10T08:58:06.220+0000] {processor.py:186} INFO - Started process (PID=604) to work on /home/airflow/.local/lib/python3.12/site-packages/airflow/example_dags/example_dag_decorator.py
[2024-11-10T08:58:06.221+0000] {processor.py:914} INFO - Processing file /home/airflow/.local/lib/python3.12/site-packages/airflow/example_dags/example_dag_decorator.py for tasks to queue
[2024-11-10T08:58:06.223+0000] {logging_mixin.py:190} INFO - [2024-11-10T08:58:06.223+0000] {dagbag.py:588} INFO - Filling up the DagBag from /home/airflow/.local/lib/python3.12/site-packages/airflow/example_dags/example_dag_decorator.py
[2024-11-10T08:58:06.232+0000] {processor.py:925} INFO - DAG(s) 'example_dag_decorator' retrieved from /home/airflow/.local/lib/python3.12/site-packages/airflow/example_dags/example_dag_decorator.py
[2024-11-10T08:58:06.321+0000] {logging_mixin.py:190} INFO - [2024-11-10T08:58:06.321+0000] {dag.py:3239} INFO - Sync 1 DAGs
[2024-11-10T08:58:06.332+0000] {logging_mixin.py:190} INFO - [2024-11-10T08:58:06.332+0000] {dag.py:4180} INFO - Setting next_dagrun for example_dag_decorator to None, run_after=None
[2024-11-10T08:58:06.348+0000] {processor.py:208} INFO - Processing /home/airflow/.local/lib/python3.12/site-packages/airflow/example_dags/example_dag_decorator.py took 0.132 seconds
[2024-11-10T08:58:36.433+0000] {processor.py:186} INFO - Started process (PID=667) to work on /home/airflow/.local/lib/python3.12/site-packages/airflow/example_dags/example_dag_decorator.py
[2024-11-10T08:58:36.434+0000] {processor.py:914} INFO - Processing file /home/airflow/.local/lib/python3.12/site-packages/airflow/example_dags/example_dag_decorator.py for tasks to queue
[2024-11-10T08:58:36.436+0000] {logging_mixin.py:190} INFO - [2024-11-10T08:58:36.435+0000] {dagbag.py:588} INFO - Filling up the DagBag from /home/airflow/.local/lib/python3.12/site-packages/airflow/example_dags/example_dag_decorator.py
[2024-11-10T08:58:36.445+0000] {processor.py:925} INFO - DAG(s) 'example_dag_decorator' retrieved from /home/airflow/.local/lib/python3.12/site-packages/airflow/example_dags/example_dag_decorator.py
[2024-11-10T08:58:36.532+0000] {logging_mixin.py:190} INFO - [2024-11-10T08:58:36.532+0000] {dag.py:3239} INFO - Sync 1 DAGs
[2024-11-10T08:58:36.541+0000] {logging_mixin.py:190} INFO - [2024-11-10T08:58:36.541+0000] {dag.py:4180} INFO - Setting next_dagrun for example_dag_decorator to None, run_after=None
[2024-11-10T08:58:36.558+0000] {processor.py:208} INFO - Processing /home/airflow/.local/lib/python3.12/site-packages/airflow/example_dags/example_dag_decorator.py took 0.130 seconds
[2024-11-10T08:59:06.618+0000] {processor.py:186} INFO - Started process (PID=729) to work on /home/airflow/.local/lib/python3.12/site-packages/airflow/example_dags/example_dag_decorator.py
[2024-11-10T08:59:06.619+0000] {processor.py:914} INFO - Processing file /home/airflow/.local/lib/python3.12/site-packages/airflow/example_dags/example_dag_decorator.py for tasks to queue
[2024-11-10T08:59:06.621+0000] {logging_mixin.py:190} INFO - [2024-11-10T08:59:06.621+0000] {dagbag.py:588} INFO - Filling up the DagBag from /home/airflow/.local/lib/python3.12/site-packages/airflow/example_dags/example_dag_decorator.py
[2024-11-10T08:59:06.631+0000] {processor.py:925} INFO - DAG(s) 'example_dag_decorator' retrieved from /home/airflow/.local/lib/python3.12/site-packages/airflow/example_dags/example_dag_decorator.py
[2024-11-10T08:59:06.727+0000] {logging_mixin.py:190} INFO - [2024-11-10T08:59:06.727+0000] {dag.py:3239} INFO - Sync 1 DAGs
[2024-11-10T08:59:06.737+0000] {logging_mixin.py:190} INFO - [2024-11-10T08:59:06.736+0000] {dag.py:4180} INFO - Setting next_dagrun for example_dag_decorator to None, run_after=None
[2024-11-10T08:59:06.752+0000] {processor.py:208} INFO - Processing /home/airflow/.local/lib/python3.12/site-packages/airflow/example_dags/example_dag_decorator.py took 0.139 seconds
[2024-11-10T08:59:36.921+0000] {processor.py:186} INFO - Started process (PID=791) to work on /home/airflow/.local/lib/python3.12/site-packages/airflow/example_dags/example_dag_decorator.py
[2024-11-10T08:59:36.922+0000] {processor.py:914} INFO - Processing file /home/airflow/.local/lib/python3.12/site-packages/airflow/example_dags/example_dag_decorator.py for tasks to queue
[2024-11-10T08:59:36.924+0000] {logging_mixin.py:190} INFO - [2024-11-10T08:59:36.924+0000] {dagbag.py:588} INFO - Filling up the DagBag from /home/airflow/.local/lib/python3.12/site-packages/airflow/example_dags/example_dag_decorator.py
[2024-11-10T08:59:36.934+0000] {processor.py:925} INFO - DAG(s) 'example_dag_decorator' retrieved from /home/airflow/.local/lib/python3.12/site-packages/airflow/example_dags/example_dag_decorator.py
[2024-11-10T08:59:36.953+0000] {logging_mixin.py:190} INFO - [2024-11-10T08:59:36.953+0000] {dag.py:3239} INFO - Sync 1 DAGs
[2024-11-10T08:59:36.965+0000] {logging_mixin.py:190} INFO - [2024-11-10T08:59:36.965+0000] {dag.py:4180} INFO - Setting next_dagrun for example_dag_decorator to None, run_after=None
[2024-11-10T08:59:36.983+0000] {processor.py:208} INFO - Processing /home/airflow/.local/lib/python3.12/site-packages/airflow/example_dags/example_dag_decorator.py took 0.067 seconds
[2024-11-10T09:00:07.234+0000] {processor.py:186} INFO - Started process (PID=853) to work on /home/airflow/.local/lib/python3.12/site-packages/airflow/example_dags/example_dag_decorator.py
[2024-11-10T09:00:07.235+0000] {processor.py:914} INFO - Processing file /home/airflow/.local/lib/python3.12/site-packages/airflow/example_dags/example_dag_decorator.py for tasks to queue
[2024-11-10T09:00:07.237+0000] {logging_mixin.py:190} INFO - [2024-11-10T09:00:07.237+0000] {dagbag.py:588} INFO - Filling up the DagBag from /home/airflow/.local/lib/python3.12/site-packages/airflow/example_dags/example_dag_decorator.py
[2024-11-10T09:00:07.246+0000] {processor.py:925} INFO - DAG(s) 'example_dag_decorator' retrieved from /home/airflow/.local/lib/python3.12/site-packages/airflow/example_dags/example_dag_decorator.py
[2024-11-10T09:00:07.331+0000] {logging_mixin.py:190} INFO - [2024-11-10T09:00:07.331+0000] {dag.py:3239} INFO - Sync 1 DAGs
[2024-11-10T09:00:07.340+0000] {logging_mixin.py:190} INFO - [2024-11-10T09:00:07.340+0000] {dag.py:4180} INFO - Setting next_dagrun for example_dag_decorator to None, run_after=None
[2024-11-10T09:00:07.355+0000] {processor.py:208} INFO - Processing /home/airflow/.local/lib/python3.12/site-packages/airflow/example_dags/example_dag_decorator.py took 0.126 seconds
[2024-11-10T09:00:37.776+0000] {processor.py:186} INFO - Started process (PID=915) to work on /home/airflow/.local/lib/python3.12/site-packages/airflow/example_dags/example_dag_decorator.py
[2024-11-10T09:00:37.777+0000] {processor.py:914} INFO - Processing file /home/airflow/.local/lib/python3.12/site-packages/airflow/example_dags/example_dag_decorator.py for tasks to queue
[2024-11-10T09:00:37.779+0000] {logging_mixin.py:190} INFO - [2024-11-10T09:00:37.779+0000] {dagbag.py:588} INFO - Filling up the DagBag from /home/airflow/.local/lib/python3.12/site-packages/airflow/example_dags/example_dag_decorator.py
[2024-11-10T09:00:37.789+0000] {processor.py:925} INFO - DAG(s) 'example_dag_decorator' retrieved from /home/airflow/.local/lib/python3.12/site-packages/airflow/example_dags/example_dag_decorator.py
[2024-11-10T09:00:37.904+0000] {logging_mixin.py:190} INFO - [2024-11-10T09:00:37.904+0000] {dag.py:3239} INFO - Sync 1 DAGs
[2024-11-10T09:00:37.915+0000] {logging_mixin.py:190} INFO - [2024-11-10T09:00:37.915+0000] {dag.py:4180} INFO - Setting next_dagrun for example_dag_decorator to None, run_after=None
[2024-11-10T09:00:37.932+0000] {processor.py:208} INFO - Processing /home/airflow/.local/lib/python3.12/site-packages/airflow/example_dags/example_dag_decorator.py took 0.160 seconds
[2024-11-10T09:01:08.072+0000] {processor.py:186} INFO - Started process (PID=977) to work on /home/airflow/.local/lib/python3.12/site-packages/airflow/example_dags/example_dag_decorator.py
[2024-11-10T09:01:08.073+0000] {processor.py:914} INFO - Processing file /home/airflow/.local/lib/python3.12/site-packages/airflow/example_dags/example_dag_decorator.py for tasks to queue
[2024-11-10T09:01:08.075+0000] {logging_mixin.py:190} INFO - [2024-11-10T09:01:08.075+0000] {dagbag.py:588} INFO - Filling up the DagBag from /home/airflow/.local/lib/python3.12/site-packages/airflow/example_dags/example_dag_decorator.py
[2024-11-10T09:01:08.084+0000] {processor.py:925} INFO - DAG(s) 'example_dag_decorator' retrieved from /home/airflow/.local/lib/python3.12/site-packages/airflow/example_dags/example_dag_decorator.py
[2024-11-10T09:01:08.171+0000] {logging_mixin.py:190} INFO - [2024-11-10T09:01:08.171+0000] {dag.py:3239} INFO - Sync 1 DAGs
[2024-11-10T09:01:08.180+0000] {logging_mixin.py:190} INFO - [2024-11-10T09:01:08.180+0000] {dag.py:4180} INFO - Setting next_dagrun for example_dag_decorator to None, run_after=None
[2024-11-10T09:01:08.196+0000] {processor.py:208} INFO - Processing /home/airflow/.local/lib/python3.12/site-packages/airflow/example_dags/example_dag_decorator.py took 0.129 seconds
[2024-11-10T09:01:38.233+0000] {processor.py:186} INFO - Started process (PID=1038) to work on /home/airflow/.local/lib/python3.12/site-packages/airflow/example_dags/example_dag_decorator.py
[2024-11-10T09:01:38.234+0000] {processor.py:914} INFO - Processing file /home/airflow/.local/lib/python3.12/site-packages/airflow/example_dags/example_dag_decorator.py for tasks to queue
[2024-11-10T09:01:38.236+0000] {logging_mixin.py:190} INFO - [2024-11-10T09:01:38.236+0000] {dagbag.py:588} INFO - Filling up the DagBag from /home/airflow/.local/lib/python3.12/site-packages/airflow/example_dags/example_dag_decorator.py
[2024-11-10T09:01:38.246+0000] {processor.py:925} INFO - DAG(s) 'example_dag_decorator' retrieved from /home/airflow/.local/lib/python3.12/site-packages/airflow/example_dags/example_dag_decorator.py
[2024-11-10T09:01:38.344+0000] {logging_mixin.py:190} INFO - [2024-11-10T09:01:38.343+0000] {dag.py:3239} INFO - Sync 1 DAGs
[2024-11-10T09:01:38.355+0000] {logging_mixin.py:190} INFO - [2024-11-10T09:01:38.355+0000] {dag.py:4180} INFO - Setting next_dagrun for example_dag_decorator to None, run_after=None
[2024-11-10T09:01:38.372+0000] {processor.py:208} INFO - Processing /home/airflow/.local/lib/python3.12/site-packages/airflow/example_dags/example_dag_decorator.py took 0.143 seconds
[2024-11-10T09:02:08.498+0000] {processor.py:186} INFO - Started process (PID=1101) to work on /home/airflow/.local/lib/python3.12/site-packages/airflow/example_dags/example_dag_decorator.py
[2024-11-10T09:02:08.499+0000] {processor.py:914} INFO - Processing file /home/airflow/.local/lib/python3.12/site-packages/airflow/example_dags/example_dag_decorator.py for tasks to queue
[2024-11-10T09:02:08.501+0000] {logging_mixin.py:190} INFO - [2024-11-10T09:02:08.501+0000] {dagbag.py:588} INFO - Filling up the DagBag from /home/airflow/.local/lib/python3.12/site-packages/airflow/example_dags/example_dag_decorator.py
[2024-11-10T09:02:08.511+0000] {processor.py:925} INFO - DAG(s) 'example_dag_decorator' retrieved from /home/airflow/.local/lib/python3.12/site-packages/airflow/example_dags/example_dag_decorator.py
[2024-11-10T09:02:08.598+0000] {logging_mixin.py:190} INFO - [2024-11-10T09:02:08.598+0000] {dag.py:3239} INFO - Sync 1 DAGs
[2024-11-10T09:02:08.608+0000] {logging_mixin.py:190} INFO - [2024-11-10T09:02:08.608+0000] {dag.py:4180} INFO - Setting next_dagrun for example_dag_decorator to None, run_after=None
[2024-11-10T09:02:08.625+0000] {processor.py:208} INFO - Processing /home/airflow/.local/lib/python3.12/site-packages/airflow/example_dags/example_dag_decorator.py took 0.132 seconds
[2024-11-10T09:02:39.414+0000] {processor.py:186} INFO - Started process (PID=1160) to work on /home/airflow/.local/lib/python3.12/site-packages/airflow/example_dags/example_dag_decorator.py
[2024-11-10T09:02:39.415+0000] {processor.py:914} INFO - Processing file /home/airflow/.local/lib/python3.12/site-packages/airflow/example_dags/example_dag_decorator.py for tasks to queue
[2024-11-10T09:02:39.417+0000] {logging_mixin.py:190} INFO - [2024-11-10T09:02:39.417+0000] {dagbag.py:588} INFO - Filling up the DagBag from /home/airflow/.local/lib/python3.12/site-packages/airflow/example_dags/example_dag_decorator.py
[2024-11-10T09:02:39.428+0000] {processor.py:925} INFO - DAG(s) 'example_dag_decorator' retrieved from /home/airflow/.local/lib/python3.12/site-packages/airflow/example_dags/example_dag_decorator.py
[2024-11-10T09:02:39.448+0000] {logging_mixin.py:190} INFO - [2024-11-10T09:02:39.448+0000] {dag.py:3239} INFO - Sync 1 DAGs
[2024-11-10T09:02:39.461+0000] {logging_mixin.py:190} INFO - [2024-11-10T09:02:39.461+0000] {dag.py:4180} INFO - Setting next_dagrun for example_dag_decorator to None, run_after=None
[2024-11-10T09:02:39.482+0000] {processor.py:208} INFO - Processing /home/airflow/.local/lib/python3.12/site-packages/airflow/example_dags/example_dag_decorator.py took 0.076 seconds
[2024-11-10T09:03:10.326+0000] {processor.py:186} INFO - Started process (PID=1222) to work on /home/airflow/.local/lib/python3.12/site-packages/airflow/example_dags/example_dag_decorator.py
[2024-11-10T09:03:10.327+0000] {processor.py:914} INFO - Processing file /home/airflow/.local/lib/python3.12/site-packages/airflow/example_dags/example_dag_decorator.py for tasks to queue
[2024-11-10T09:03:10.329+0000] {logging_mixin.py:190} INFO - [2024-11-10T09:03:10.328+0000] {dagbag.py:588} INFO - Filling up the DagBag from /home/airflow/.local/lib/python3.12/site-packages/airflow/example_dags/example_dag_decorator.py
[2024-11-10T09:03:10.338+0000] {processor.py:925} INFO - DAG(s) 'example_dag_decorator' retrieved from /home/airflow/.local/lib/python3.12/site-packages/airflow/example_dags/example_dag_decorator.py
[2024-11-10T09:03:10.356+0000] {logging_mixin.py:190} INFO - [2024-11-10T09:03:10.356+0000] {dag.py:3239} INFO - Sync 1 DAGs
[2024-11-10T09:03:10.368+0000] {logging_mixin.py:190} INFO - [2024-11-10T09:03:10.368+0000] {dag.py:4180} INFO - Setting next_dagrun for example_dag_decorator to None, run_after=None
[2024-11-10T09:03:10.383+0000] {processor.py:208} INFO - Processing /home/airflow/.local/lib/python3.12/site-packages/airflow/example_dags/example_dag_decorator.py took 0.062 seconds
[2024-11-10T09:03:41.330+0000] {processor.py:186} INFO - Started process (PID=1284) to work on /home/airflow/.local/lib/python3.12/site-packages/airflow/example_dags/example_dag_decorator.py
[2024-11-10T09:03:41.331+0000] {processor.py:914} INFO - Processing file /home/airflow/.local/lib/python3.12/site-packages/airflow/example_dags/example_dag_decorator.py for tasks to queue
[2024-11-10T09:03:41.333+0000] {logging_mixin.py:190} INFO - [2024-11-10T09:03:41.333+0000] {dagbag.py:588} INFO - Filling up the DagBag from /home/airflow/.local/lib/python3.12/site-packages/airflow/example_dags/example_dag_decorator.py
[2024-11-10T09:03:41.342+0000] {processor.py:925} INFO - DAG(s) 'example_dag_decorator' retrieved from /home/airflow/.local/lib/python3.12/site-packages/airflow/example_dags/example_dag_decorator.py
[2024-11-10T09:03:41.361+0000] {logging_mixin.py:190} INFO - [2024-11-10T09:03:41.361+0000] {dag.py:3239} INFO - Sync 1 DAGs
[2024-11-10T09:03:41.373+0000] {logging_mixin.py:190} INFO - [2024-11-10T09:03:41.373+0000] {dag.py:4180} INFO - Setting next_dagrun for example_dag_decorator to None, run_after=None
[2024-11-10T09:03:41.389+0000] {processor.py:208} INFO - Processing /home/airflow/.local/lib/python3.12/site-packages/airflow/example_dags/example_dag_decorator.py took 0.063 seconds
[2024-11-10T09:04:11.687+0000] {processor.py:186} INFO - Started process (PID=1346) to work on /home/airflow/.local/lib/python3.12/site-packages/airflow/example_dags/example_dag_decorator.py
[2024-11-10T09:04:11.687+0000] {processor.py:914} INFO - Processing file /home/airflow/.local/lib/python3.12/site-packages/airflow/example_dags/example_dag_decorator.py for tasks to queue
[2024-11-10T09:04:11.689+0000] {logging_mixin.py:190} INFO - [2024-11-10T09:04:11.689+0000] {dagbag.py:588} INFO - Filling up the DagBag from /home/airflow/.local/lib/python3.12/site-packages/airflow/example_dags/example_dag_decorator.py
[2024-11-10T09:04:11.698+0000] {processor.py:925} INFO - DAG(s) 'example_dag_decorator' retrieved from /home/airflow/.local/lib/python3.12/site-packages/airflow/example_dags/example_dag_decorator.py
[2024-11-10T09:04:11.788+0000] {logging_mixin.py:190} INFO - [2024-11-10T09:04:11.787+0000] {dag.py:3239} INFO - Sync 1 DAGs
[2024-11-10T09:04:11.798+0000] {logging_mixin.py:190} INFO - [2024-11-10T09:04:11.798+0000] {dag.py:4180} INFO - Setting next_dagrun for example_dag_decorator to None, run_after=None
[2024-11-10T09:04:11.814+0000] {processor.py:208} INFO - Processing /home/airflow/.local/lib/python3.12/site-packages/airflow/example_dags/example_dag_decorator.py took 0.132 seconds
[2024-11-10T09:04:42.827+0000] {processor.py:186} INFO - Started process (PID=1414) to work on /home/airflow/.local/lib/python3.12/site-packages/airflow/example_dags/example_dag_decorator.py
[2024-11-10T09:04:42.828+0000] {processor.py:914} INFO - Processing file /home/airflow/.local/lib/python3.12/site-packages/airflow/example_dags/example_dag_decorator.py for tasks to queue
[2024-11-10T09:04:42.830+0000] {logging_mixin.py:190} INFO - [2024-11-10T09:04:42.830+0000] {dagbag.py:588} INFO - Filling up the DagBag from /home/airflow/.local/lib/python3.12/site-packages/airflow/example_dags/example_dag_decorator.py
[2024-11-10T09:04:42.839+0000] {processor.py:925} INFO - DAG(s) 'example_dag_decorator' retrieved from /home/airflow/.local/lib/python3.12/site-packages/airflow/example_dags/example_dag_decorator.py
[2024-11-10T09:04:42.929+0000] {logging_mixin.py:190} INFO - [2024-11-10T09:04:42.929+0000] {dag.py:3239} INFO - Sync 1 DAGs
[2024-11-10T09:04:42.940+0000] {logging_mixin.py:190} INFO - [2024-11-10T09:04:42.940+0000] {dag.py:4180} INFO - Setting next_dagrun for example_dag_decorator to None, run_after=None
[2024-11-10T09:04:42.956+0000] {processor.py:208} INFO - Processing /home/airflow/.local/lib/python3.12/site-packages/airflow/example_dags/example_dag_decorator.py took 0.133 seconds
[2024-11-10T09:05:13.159+0000] {processor.py:186} INFO - Started process (PID=1476) to work on /home/airflow/.local/lib/python3.12/site-packages/airflow/example_dags/example_dag_decorator.py
[2024-11-10T09:05:13.160+0000] {processor.py:914} INFO - Processing file /home/airflow/.local/lib/python3.12/site-packages/airflow/example_dags/example_dag_decorator.py for tasks to queue
[2024-11-10T09:05:13.162+0000] {logging_mixin.py:190} INFO - [2024-11-10T09:05:13.161+0000] {dagbag.py:588} INFO - Filling up the DagBag from /home/airflow/.local/lib/python3.12/site-packages/airflow/example_dags/example_dag_decorator.py
[2024-11-10T09:05:13.171+0000] {processor.py:925} INFO - DAG(s) 'example_dag_decorator' retrieved from /home/airflow/.local/lib/python3.12/site-packages/airflow/example_dags/example_dag_decorator.py
[2024-11-10T09:05:13.261+0000] {logging_mixin.py:190} INFO - [2024-11-10T09:05:13.261+0000] {dag.py:3239} INFO - Sync 1 DAGs
[2024-11-10T09:05:13.273+0000] {logging_mixin.py:190} INFO - [2024-11-10T09:05:13.273+0000] {dag.py:4180} INFO - Setting next_dagrun for example_dag_decorator to None, run_after=None
[2024-11-10T09:05:13.292+0000] {processor.py:208} INFO - Processing /home/airflow/.local/lib/python3.12/site-packages/airflow/example_dags/example_dag_decorator.py took 0.138 seconds
