[2024-11-10T08:53:30.956+0000] {processor.py:186} INFO - Started process (PID=51) to work on /home/airflow/.local/lib/python3.12/site-packages/airflow/example_dags/example_dataset_alias.py
[2024-11-10T08:53:30.957+0000] {processor.py:914} INFO - Processing file /home/airflow/.local/lib/python3.12/site-packages/airflow/example_dags/example_dataset_alias.py for tasks to queue
[2024-11-10T08:53:30.959+0000] {logging_mixin.py:190} INFO - [2024-11-10T08:53:30.959+0000] {dagbag.py:588} INFO - Filling up the DagBag from /home/airflow/.local/lib/python3.12/site-packages/airflow/example_dags/example_dataset_alias.py
[2024-11-10T08:53:31.085+0000] {processor.py:925} INFO - DAG(s) 'dataset_s3_bucket_consumer', 'dataset_alias_example_alias_producer', 'dataset_s3_bucket_producer', 'dataset_alias_example_alias_consumer' retrieved from /home/airflow/.local/lib/python3.12/site-packages/airflow/example_dags/example_dataset_alias.py
[2024-11-10T08:53:31.158+0000] {logging_mixin.py:190} INFO - [2024-11-10T08:53:31.157+0000] {override.py:1900} INFO - Created Permission View: can delete on DAG:dataset_s3_bucket_consumer
[2024-11-10T08:53:31.166+0000] {logging_mixin.py:190} INFO - [2024-11-10T08:53:31.166+0000] {override.py:1900} INFO - Created Permission View: can edit on DAG:dataset_s3_bucket_consumer
[2024-11-10T08:53:31.173+0000] {logging_mixin.py:190} INFO - [2024-11-10T08:53:31.172+0000] {override.py:1900} INFO - Created Permission View: can read on DAG:dataset_s3_bucket_consumer
[2024-11-10T08:53:31.180+0000] {logging_mixin.py:190} INFO - [2024-11-10T08:53:31.180+0000] {override.py:1900} INFO - Created Permission View: menu access on DAG Run:dataset_s3_bucket_consumer
[2024-11-10T08:53:31.186+0000] {logging_mixin.py:190} INFO - [2024-11-10T08:53:31.185+0000] {override.py:1900} INFO - Created Permission View: can delete on DAG Run:dataset_s3_bucket_consumer
[2024-11-10T08:53:31.191+0000] {logging_mixin.py:190} INFO - [2024-11-10T08:53:31.191+0000] {override.py:1900} INFO - Created Permission View: can create on DAG Run:dataset_s3_bucket_consumer
[2024-11-10T08:53:31.197+0000] {logging_mixin.py:190} INFO - [2024-11-10T08:53:31.197+0000] {override.py:1900} INFO - Created Permission View: can read on DAG Run:dataset_s3_bucket_consumer
[2024-11-10T08:53:31.209+0000] {logging_mixin.py:190} INFO - [2024-11-10T08:53:31.208+0000] {override.py:1900} INFO - Created Permission View: can delete on DAG:dataset_alias_example_alias_producer
[2024-11-10T08:53:31.214+0000] {logging_mixin.py:190} INFO - [2024-11-10T08:53:31.214+0000] {override.py:1900} INFO - Created Permission View: can edit on DAG:dataset_alias_example_alias_producer
[2024-11-10T08:53:31.220+0000] {logging_mixin.py:190} INFO - [2024-11-10T08:53:31.220+0000] {override.py:1900} INFO - Created Permission View: can read on DAG:dataset_alias_example_alias_producer
[2024-11-10T08:53:31.227+0000] {logging_mixin.py:190} INFO - [2024-11-10T08:53:31.227+0000] {override.py:1900} INFO - Created Permission View: menu access on DAG Run:dataset_alias_example_alias_producer
[2024-11-10T08:53:31.234+0000] {logging_mixin.py:190} INFO - [2024-11-10T08:53:31.233+0000] {override.py:1900} INFO - Created Permission View: can delete on DAG Run:dataset_alias_example_alias_producer
[2024-11-10T08:53:31.240+0000] {logging_mixin.py:190} INFO - [2024-11-10T08:53:31.239+0000] {override.py:1900} INFO - Created Permission View: can create on DAG Run:dataset_alias_example_alias_producer
[2024-11-10T08:53:31.246+0000] {logging_mixin.py:190} INFO - [2024-11-10T08:53:31.245+0000] {override.py:1900} INFO - Created Permission View: can read on DAG Run:dataset_alias_example_alias_producer
[2024-11-10T08:53:31.257+0000] {logging_mixin.py:190} INFO - [2024-11-10T08:53:31.257+0000] {override.py:1900} INFO - Created Permission View: can delete on DAG:dataset_s3_bucket_producer
[2024-11-10T08:53:31.263+0000] {logging_mixin.py:190} INFO - [2024-11-10T08:53:31.263+0000] {override.py:1900} INFO - Created Permission View: can edit on DAG:dataset_s3_bucket_producer
[2024-11-10T08:53:31.269+0000] {logging_mixin.py:190} INFO - [2024-11-10T08:53:31.269+0000] {override.py:1900} INFO - Created Permission View: can read on DAG:dataset_s3_bucket_producer
[2024-11-10T08:53:31.277+0000] {logging_mixin.py:190} INFO - [2024-11-10T08:53:31.277+0000] {override.py:1900} INFO - Created Permission View: menu access on DAG Run:dataset_s3_bucket_producer
[2024-11-10T08:53:31.283+0000] {logging_mixin.py:190} INFO - [2024-11-10T08:53:31.283+0000] {override.py:1900} INFO - Created Permission View: can delete on DAG Run:dataset_s3_bucket_producer
[2024-11-10T08:53:31.289+0000] {logging_mixin.py:190} INFO - [2024-11-10T08:53:31.289+0000] {override.py:1900} INFO - Created Permission View: can create on DAG Run:dataset_s3_bucket_producer
[2024-11-10T08:53:31.295+0000] {logging_mixin.py:190} INFO - [2024-11-10T08:53:31.295+0000] {override.py:1900} INFO - Created Permission View: can read on DAG Run:dataset_s3_bucket_producer
[2024-11-10T08:53:31.307+0000] {logging_mixin.py:190} INFO - [2024-11-10T08:53:31.307+0000] {override.py:1900} INFO - Created Permission View: can delete on DAG:dataset_alias_example_alias_consumer
[2024-11-10T08:53:31.314+0000] {logging_mixin.py:190} INFO - [2024-11-10T08:53:31.314+0000] {override.py:1900} INFO - Created Permission View: can edit on DAG:dataset_alias_example_alias_consumer
[2024-11-10T08:53:31.321+0000] {logging_mixin.py:190} INFO - [2024-11-10T08:53:31.320+0000] {override.py:1900} INFO - Created Permission View: can read on DAG:dataset_alias_example_alias_consumer
[2024-11-10T08:53:31.328+0000] {logging_mixin.py:190} INFO - [2024-11-10T08:53:31.328+0000] {override.py:1900} INFO - Created Permission View: menu access on DAG Run:dataset_alias_example_alias_consumer
[2024-11-10T08:53:31.334+0000] {logging_mixin.py:190} INFO - [2024-11-10T08:53:31.334+0000] {override.py:1900} INFO - Created Permission View: can delete on DAG Run:dataset_alias_example_alias_consumer
[2024-11-10T08:53:31.340+0000] {logging_mixin.py:190} INFO - [2024-11-10T08:53:31.340+0000] {override.py:1900} INFO - Created Permission View: can create on DAG Run:dataset_alias_example_alias_consumer
[2024-11-10T08:53:31.347+0000] {logging_mixin.py:190} INFO - [2024-11-10T08:53:31.347+0000] {override.py:1900} INFO - Created Permission View: can read on DAG Run:dataset_alias_example_alias_consumer
[2024-11-10T08:53:31.347+0000] {logging_mixin.py:190} INFO - [2024-11-10T08:53:31.347+0000] {dag.py:3239} INFO - Sync 4 DAGs
[2024-11-10T08:53:31.358+0000] {logging_mixin.py:190} INFO - [2024-11-10T08:53:31.358+0000] {dag.py:3262} INFO - Creating ORM DAG for dataset_alias_example_alias_consumer
[2024-11-10T08:53:31.359+0000] {logging_mixin.py:190} INFO - [2024-11-10T08:53:31.359+0000] {dag.py:3262} INFO - Creating ORM DAG for dataset_s3_bucket_producer
[2024-11-10T08:53:31.360+0000] {logging_mixin.py:190} INFO - [2024-11-10T08:53:31.360+0000] {dag.py:3262} INFO - Creating ORM DAG for dataset_s3_bucket_consumer
[2024-11-10T08:53:31.361+0000] {logging_mixin.py:190} INFO - [2024-11-10T08:53:31.360+0000] {dag.py:3262} INFO - Creating ORM DAG for dataset_alias_example_alias_producer
[2024-11-10T08:53:31.369+0000] {logging_mixin.py:190} INFO - [2024-11-10T08:53:31.369+0000] {dag.py:4180} INFO - Setting next_dagrun for dataset_alias_example_alias_consumer to None, run_after=None
[2024-11-10T08:53:31.370+0000] {logging_mixin.py:190} INFO - [2024-11-10T08:53:31.370+0000] {dag.py:4180} INFO - Setting next_dagrun for dataset_alias_example_alias_producer to None, run_after=None
[2024-11-10T08:53:31.371+0000] {logging_mixin.py:190} INFO - [2024-11-10T08:53:31.371+0000] {dag.py:4180} INFO - Setting next_dagrun for dataset_s3_bucket_consumer to None, run_after=None
[2024-11-10T08:53:31.372+0000] {logging_mixin.py:190} INFO - [2024-11-10T08:53:31.372+0000] {dag.py:4180} INFO - Setting next_dagrun for dataset_s3_bucket_producer to None, run_after=None
[2024-11-10T08:53:31.395+0000] {processor.py:208} INFO - Processing /home/airflow/.local/lib/python3.12/site-packages/airflow/example_dags/example_dataset_alias.py took 0.443 seconds
[2024-11-10T08:54:02.322+0000] {processor.py:186} INFO - Started process (PID=114) to work on /home/airflow/.local/lib/python3.12/site-packages/airflow/example_dags/example_dataset_alias.py
[2024-11-10T08:54:02.323+0000] {processor.py:914} INFO - Processing file /home/airflow/.local/lib/python3.12/site-packages/airflow/example_dags/example_dataset_alias.py for tasks to queue
[2024-11-10T08:54:02.325+0000] {logging_mixin.py:190} INFO - [2024-11-10T08:54:02.325+0000] {dagbag.py:588} INFO - Filling up the DagBag from /home/airflow/.local/lib/python3.12/site-packages/airflow/example_dags/example_dataset_alias.py
[2024-11-10T08:54:02.457+0000] {processor.py:925} INFO - DAG(s) 'dataset_s3_bucket_consumer', 'dataset_alias_example_alias_producer', 'dataset_s3_bucket_producer', 'dataset_alias_example_alias_consumer' retrieved from /home/airflow/.local/lib/python3.12/site-packages/airflow/example_dags/example_dataset_alias.py
[2024-11-10T08:54:02.473+0000] {logging_mixin.py:190} INFO - [2024-11-10T08:54:02.473+0000] {dag.py:3239} INFO - Sync 4 DAGs
[2024-11-10T08:54:02.491+0000] {logging_mixin.py:190} INFO - [2024-11-10T08:54:02.491+0000] {dag.py:4180} INFO - Setting next_dagrun for dataset_alias_example_alias_consumer to None, run_after=None
[2024-11-10T08:54:02.493+0000] {logging_mixin.py:190} INFO - [2024-11-10T08:54:02.493+0000] {dag.py:4180} INFO - Setting next_dagrun for dataset_alias_example_alias_producer to None, run_after=None
[2024-11-10T08:54:02.495+0000] {logging_mixin.py:190} INFO - [2024-11-10T08:54:02.494+0000] {dag.py:4180} INFO - Setting next_dagrun for dataset_s3_bucket_consumer to None, run_after=None
[2024-11-10T08:54:02.496+0000] {logging_mixin.py:190} INFO - [2024-11-10T08:54:02.496+0000] {dag.py:4180} INFO - Setting next_dagrun for dataset_s3_bucket_producer to None, run_after=None
[2024-11-10T08:54:02.513+0000] {processor.py:208} INFO - Processing /home/airflow/.local/lib/python3.12/site-packages/airflow/example_dags/example_dataset_alias.py took 0.195 seconds
[2024-11-10T08:54:32.545+0000] {processor.py:186} INFO - Started process (PID=176) to work on /home/airflow/.local/lib/python3.12/site-packages/airflow/example_dags/example_dataset_alias.py
[2024-11-10T08:54:32.546+0000] {processor.py:914} INFO - Processing file /home/airflow/.local/lib/python3.12/site-packages/airflow/example_dags/example_dataset_alias.py for tasks to queue
[2024-11-10T08:54:32.548+0000] {logging_mixin.py:190} INFO - [2024-11-10T08:54:32.548+0000] {dagbag.py:588} INFO - Filling up the DagBag from /home/airflow/.local/lib/python3.12/site-packages/airflow/example_dags/example_dataset_alias.py
[2024-11-10T08:54:32.675+0000] {processor.py:925} INFO - DAG(s) 'dataset_alias_example_alias_producer', 'dataset_s3_bucket_consumer', 'dataset_alias_example_alias_consumer', 'dataset_s3_bucket_producer' retrieved from /home/airflow/.local/lib/python3.12/site-packages/airflow/example_dags/example_dataset_alias.py
[2024-11-10T08:54:32.691+0000] {logging_mixin.py:190} INFO - [2024-11-10T08:54:32.690+0000] {dag.py:3239} INFO - Sync 4 DAGs
[2024-11-10T08:54:32.708+0000] {logging_mixin.py:190} INFO - [2024-11-10T08:54:32.708+0000] {dag.py:4180} INFO - Setting next_dagrun for dataset_alias_example_alias_consumer to None, run_after=None
[2024-11-10T08:54:32.711+0000] {logging_mixin.py:190} INFO - [2024-11-10T08:54:32.711+0000] {dag.py:4180} INFO - Setting next_dagrun for dataset_alias_example_alias_producer to None, run_after=None
[2024-11-10T08:54:32.712+0000] {logging_mixin.py:190} INFO - [2024-11-10T08:54:32.712+0000] {dag.py:4180} INFO - Setting next_dagrun for dataset_s3_bucket_consumer to None, run_after=None
[2024-11-10T08:54:32.713+0000] {logging_mixin.py:190} INFO - [2024-11-10T08:54:32.713+0000] {dag.py:4180} INFO - Setting next_dagrun for dataset_s3_bucket_producer to None, run_after=None
[2024-11-10T08:54:32.731+0000] {processor.py:208} INFO - Processing /home/airflow/.local/lib/python3.12/site-packages/airflow/example_dags/example_dataset_alias.py took 0.190 seconds
[2024-11-10T08:55:03.515+0000] {processor.py:186} INFO - Started process (PID=238) to work on /home/airflow/.local/lib/python3.12/site-packages/airflow/example_dags/example_dataset_alias.py
[2024-11-10T08:55:03.516+0000] {processor.py:914} INFO - Processing file /home/airflow/.local/lib/python3.12/site-packages/airflow/example_dags/example_dataset_alias.py for tasks to queue
[2024-11-10T08:55:03.518+0000] {logging_mixin.py:190} INFO - [2024-11-10T08:55:03.518+0000] {dagbag.py:588} INFO - Filling up the DagBag from /home/airflow/.local/lib/python3.12/site-packages/airflow/example_dags/example_dataset_alias.py
[2024-11-10T08:55:03.641+0000] {processor.py:925} INFO - DAG(s) 'dataset_s3_bucket_consumer', 'dataset_alias_example_alias_consumer', 'dataset_alias_example_alias_producer', 'dataset_s3_bucket_producer' retrieved from /home/airflow/.local/lib/python3.12/site-packages/airflow/example_dags/example_dataset_alias.py
[2024-11-10T08:55:03.658+0000] {logging_mixin.py:190} INFO - [2024-11-10T08:55:03.658+0000] {dag.py:3239} INFO - Sync 4 DAGs
[2024-11-10T08:55:03.676+0000] {logging_mixin.py:190} INFO - [2024-11-10T08:55:03.676+0000] {dag.py:4180} INFO - Setting next_dagrun for dataset_alias_example_alias_consumer to None, run_after=None
[2024-11-10T08:55:03.679+0000] {logging_mixin.py:190} INFO - [2024-11-10T08:55:03.678+0000] {dag.py:4180} INFO - Setting next_dagrun for dataset_alias_example_alias_producer to None, run_after=None
[2024-11-10T08:55:03.680+0000] {logging_mixin.py:190} INFO - [2024-11-10T08:55:03.680+0000] {dag.py:4180} INFO - Setting next_dagrun for dataset_s3_bucket_consumer to None, run_after=None
[2024-11-10T08:55:03.681+0000] {logging_mixin.py:190} INFO - [2024-11-10T08:55:03.681+0000] {dag.py:4180} INFO - Setting next_dagrun for dataset_s3_bucket_producer to None, run_after=None
[2024-11-10T08:55:03.699+0000] {processor.py:208} INFO - Processing /home/airflow/.local/lib/python3.12/site-packages/airflow/example_dags/example_dataset_alias.py took 0.188 seconds
[2024-11-10T08:55:34.322+0000] {processor.py:186} INFO - Started process (PID=300) to work on /home/airflow/.local/lib/python3.12/site-packages/airflow/example_dags/example_dataset_alias.py
[2024-11-10T08:55:34.323+0000] {processor.py:914} INFO - Processing file /home/airflow/.local/lib/python3.12/site-packages/airflow/example_dags/example_dataset_alias.py for tasks to queue
[2024-11-10T08:55:34.325+0000] {logging_mixin.py:190} INFO - [2024-11-10T08:55:34.324+0000] {dagbag.py:588} INFO - Filling up the DagBag from /home/airflow/.local/lib/python3.12/site-packages/airflow/example_dags/example_dataset_alias.py
[2024-11-10T08:55:34.459+0000] {processor.py:925} INFO - DAG(s) 'dataset_alias_example_alias_producer', 'dataset_s3_bucket_consumer', 'dataset_alias_example_alias_consumer', 'dataset_s3_bucket_producer' retrieved from /home/airflow/.local/lib/python3.12/site-packages/airflow/example_dags/example_dataset_alias.py
[2024-11-10T08:55:34.480+0000] {logging_mixin.py:190} INFO - [2024-11-10T08:55:34.480+0000] {dag.py:3239} INFO - Sync 4 DAGs
[2024-11-10T08:55:34.500+0000] {logging_mixin.py:190} INFO - [2024-11-10T08:55:34.500+0000] {dag.py:4180} INFO - Setting next_dagrun for dataset_alias_example_alias_consumer to None, run_after=None
[2024-11-10T08:55:34.503+0000] {logging_mixin.py:190} INFO - [2024-11-10T08:55:34.503+0000] {dag.py:4180} INFO - Setting next_dagrun for dataset_alias_example_alias_producer to None, run_after=None
[2024-11-10T08:55:34.504+0000] {logging_mixin.py:190} INFO - [2024-11-10T08:55:34.504+0000] {dag.py:4180} INFO - Setting next_dagrun for dataset_s3_bucket_consumer to None, run_after=None
[2024-11-10T08:55:34.505+0000] {logging_mixin.py:190} INFO - [2024-11-10T08:55:34.505+0000] {dag.py:4180} INFO - Setting next_dagrun for dataset_s3_bucket_producer to None, run_after=None
[2024-11-10T08:55:34.524+0000] {processor.py:208} INFO - Processing /home/airflow/.local/lib/python3.12/site-packages/airflow/example_dags/example_dataset_alias.py took 0.207 seconds
[2024-11-10T08:56:05.237+0000] {processor.py:186} INFO - Started process (PID=362) to work on /home/airflow/.local/lib/python3.12/site-packages/airflow/example_dags/example_dataset_alias.py
[2024-11-10T08:56:05.238+0000] {processor.py:914} INFO - Processing file /home/airflow/.local/lib/python3.12/site-packages/airflow/example_dags/example_dataset_alias.py for tasks to queue
[2024-11-10T08:56:05.240+0000] {logging_mixin.py:190} INFO - [2024-11-10T08:56:05.240+0000] {dagbag.py:588} INFO - Filling up the DagBag from /home/airflow/.local/lib/python3.12/site-packages/airflow/example_dags/example_dataset_alias.py
[2024-11-10T08:56:05.363+0000] {processor.py:925} INFO - DAG(s) 'dataset_alias_example_alias_consumer', 'dataset_alias_example_alias_producer', 'dataset_s3_bucket_consumer', 'dataset_s3_bucket_producer' retrieved from /home/airflow/.local/lib/python3.12/site-packages/airflow/example_dags/example_dataset_alias.py
[2024-11-10T08:56:05.381+0000] {logging_mixin.py:190} INFO - [2024-11-10T08:56:05.381+0000] {dag.py:3239} INFO - Sync 4 DAGs
[2024-11-10T08:56:05.400+0000] {logging_mixin.py:190} INFO - [2024-11-10T08:56:05.399+0000] {dag.py:4180} INFO - Setting next_dagrun for dataset_alias_example_alias_consumer to None, run_after=None
[2024-11-10T08:56:05.402+0000] {logging_mixin.py:190} INFO - [2024-11-10T08:56:05.402+0000] {dag.py:4180} INFO - Setting next_dagrun for dataset_alias_example_alias_producer to None, run_after=None
[2024-11-10T08:56:05.403+0000] {logging_mixin.py:190} INFO - [2024-11-10T08:56:05.403+0000] {dag.py:4180} INFO - Setting next_dagrun for dataset_s3_bucket_consumer to None, run_after=None
[2024-11-10T08:56:05.404+0000] {logging_mixin.py:190} INFO - [2024-11-10T08:56:05.404+0000] {dag.py:4180} INFO - Setting next_dagrun for dataset_s3_bucket_producer to None, run_after=None
[2024-11-10T08:56:05.421+0000] {processor.py:208} INFO - Processing /home/airflow/.local/lib/python3.12/site-packages/airflow/example_dags/example_dataset_alias.py took 0.188 seconds
[2024-11-10T08:56:35.551+0000] {processor.py:186} INFO - Started process (PID=426) to work on /home/airflow/.local/lib/python3.12/site-packages/airflow/example_dags/example_dataset_alias.py
[2024-11-10T08:56:35.552+0000] {processor.py:914} INFO - Processing file /home/airflow/.local/lib/python3.12/site-packages/airflow/example_dags/example_dataset_alias.py for tasks to queue
[2024-11-10T08:56:35.554+0000] {logging_mixin.py:190} INFO - [2024-11-10T08:56:35.554+0000] {dagbag.py:588} INFO - Filling up the DagBag from /home/airflow/.local/lib/python3.12/site-packages/airflow/example_dags/example_dataset_alias.py
[2024-11-10T08:56:35.691+0000] {processor.py:925} INFO - DAG(s) 'dataset_s3_bucket_consumer', 'dataset_alias_example_alias_consumer', 'dataset_s3_bucket_producer', 'dataset_alias_example_alias_producer' retrieved from /home/airflow/.local/lib/python3.12/site-packages/airflow/example_dags/example_dataset_alias.py
[2024-11-10T08:56:35.712+0000] {logging_mixin.py:190} INFO - [2024-11-10T08:56:35.711+0000] {dag.py:3239} INFO - Sync 4 DAGs
[2024-11-10T08:56:35.731+0000] {logging_mixin.py:190} INFO - [2024-11-10T08:56:35.731+0000] {dag.py:4180} INFO - Setting next_dagrun for dataset_alias_example_alias_consumer to None, run_after=None
[2024-11-10T08:56:35.734+0000] {logging_mixin.py:190} INFO - [2024-11-10T08:56:35.733+0000] {dag.py:4180} INFO - Setting next_dagrun for dataset_alias_example_alias_producer to None, run_after=None
[2024-11-10T08:56:35.735+0000] {logging_mixin.py:190} INFO - [2024-11-10T08:56:35.735+0000] {dag.py:4180} INFO - Setting next_dagrun for dataset_s3_bucket_consumer to None, run_after=None
[2024-11-10T08:56:35.736+0000] {logging_mixin.py:190} INFO - [2024-11-10T08:56:35.736+0000] {dag.py:4180} INFO - Setting next_dagrun for dataset_s3_bucket_producer to None, run_after=None
[2024-11-10T08:56:35.753+0000] {processor.py:208} INFO - Processing /home/airflow/.local/lib/python3.12/site-packages/airflow/example_dags/example_dataset_alias.py took 0.208 seconds
[2024-11-10T08:57:06.472+0000] {processor.py:186} INFO - Started process (PID=485) to work on /home/airflow/.local/lib/python3.12/site-packages/airflow/example_dags/example_dataset_alias.py
[2024-11-10T08:57:06.473+0000] {processor.py:914} INFO - Processing file /home/airflow/.local/lib/python3.12/site-packages/airflow/example_dags/example_dataset_alias.py for tasks to queue
[2024-11-10T08:57:06.475+0000] {logging_mixin.py:190} INFO - [2024-11-10T08:57:06.474+0000] {dagbag.py:588} INFO - Filling up the DagBag from /home/airflow/.local/lib/python3.12/site-packages/airflow/example_dags/example_dataset_alias.py
[2024-11-10T08:57:06.600+0000] {processor.py:925} INFO - DAG(s) 'dataset_s3_bucket_producer', 'dataset_alias_example_alias_producer', 'dataset_alias_example_alias_consumer', 'dataset_s3_bucket_consumer' retrieved from /home/airflow/.local/lib/python3.12/site-packages/airflow/example_dags/example_dataset_alias.py
[2024-11-10T08:57:06.618+0000] {logging_mixin.py:190} INFO - [2024-11-10T08:57:06.618+0000] {dag.py:3239} INFO - Sync 4 DAGs
[2024-11-10T08:57:06.639+0000] {logging_mixin.py:190} INFO - [2024-11-10T08:57:06.638+0000] {dag.py:4180} INFO - Setting next_dagrun for dataset_alias_example_alias_consumer to None, run_after=None
[2024-11-10T08:57:06.641+0000] {logging_mixin.py:190} INFO - [2024-11-10T08:57:06.641+0000] {dag.py:4180} INFO - Setting next_dagrun for dataset_alias_example_alias_producer to None, run_after=None
[2024-11-10T08:57:06.643+0000] {logging_mixin.py:190} INFO - [2024-11-10T08:57:06.642+0000] {dag.py:4180} INFO - Setting next_dagrun for dataset_s3_bucket_consumer to None, run_after=None
[2024-11-10T08:57:06.644+0000] {logging_mixin.py:190} INFO - [2024-11-10T08:57:06.644+0000] {dag.py:4180} INFO - Setting next_dagrun for dataset_s3_bucket_producer to None, run_after=None
[2024-11-10T08:57:06.662+0000] {processor.py:208} INFO - Processing /home/airflow/.local/lib/python3.12/site-packages/airflow/example_dags/example_dataset_alias.py took 0.195 seconds
[2024-11-10T08:57:37.441+0000] {processor.py:186} INFO - Started process (PID=547) to work on /home/airflow/.local/lib/python3.12/site-packages/airflow/example_dags/example_dataset_alias.py
[2024-11-10T08:57:37.442+0000] {processor.py:914} INFO - Processing file /home/airflow/.local/lib/python3.12/site-packages/airflow/example_dags/example_dataset_alias.py for tasks to queue
[2024-11-10T08:57:37.444+0000] {logging_mixin.py:190} INFO - [2024-11-10T08:57:37.443+0000] {dagbag.py:588} INFO - Filling up the DagBag from /home/airflow/.local/lib/python3.12/site-packages/airflow/example_dags/example_dataset_alias.py
[2024-11-10T08:57:37.569+0000] {processor.py:925} INFO - DAG(s) 'dataset_alias_example_alias_consumer', 'dataset_s3_bucket_producer', 'dataset_alias_example_alias_producer', 'dataset_s3_bucket_consumer' retrieved from /home/airflow/.local/lib/python3.12/site-packages/airflow/example_dags/example_dataset_alias.py
[2024-11-10T08:57:37.586+0000] {logging_mixin.py:190} INFO - [2024-11-10T08:57:37.586+0000] {dag.py:3239} INFO - Sync 4 DAGs
[2024-11-10T08:57:37.605+0000] {logging_mixin.py:190} INFO - [2024-11-10T08:57:37.604+0000] {dag.py:4180} INFO - Setting next_dagrun for dataset_alias_example_alias_consumer to None, run_after=None
[2024-11-10T08:57:37.607+0000] {logging_mixin.py:190} INFO - [2024-11-10T08:57:37.607+0000] {dag.py:4180} INFO - Setting next_dagrun for dataset_alias_example_alias_producer to None, run_after=None
[2024-11-10T08:57:37.608+0000] {logging_mixin.py:190} INFO - [2024-11-10T08:57:37.608+0000] {dag.py:4180} INFO - Setting next_dagrun for dataset_s3_bucket_consumer to None, run_after=None
[2024-11-10T08:57:37.609+0000] {logging_mixin.py:190} INFO - [2024-11-10T08:57:37.609+0000] {dag.py:4180} INFO - Setting next_dagrun for dataset_s3_bucket_producer to None, run_after=None
[2024-11-10T08:57:37.625+0000] {processor.py:208} INFO - Processing /home/airflow/.local/lib/python3.12/site-packages/airflow/example_dags/example_dataset_alias.py took 0.189 seconds
[2024-11-10T08:58:08.590+0000] {processor.py:186} INFO - Started process (PID=609) to work on /home/airflow/.local/lib/python3.12/site-packages/airflow/example_dags/example_dataset_alias.py
[2024-11-10T08:58:08.591+0000] {processor.py:914} INFO - Processing file /home/airflow/.local/lib/python3.12/site-packages/airflow/example_dags/example_dataset_alias.py for tasks to queue
[2024-11-10T08:58:08.593+0000] {logging_mixin.py:190} INFO - [2024-11-10T08:58:08.593+0000] {dagbag.py:588} INFO - Filling up the DagBag from /home/airflow/.local/lib/python3.12/site-packages/airflow/example_dags/example_dataset_alias.py
[2024-11-10T08:58:08.717+0000] {processor.py:925} INFO - DAG(s) 'dataset_s3_bucket_producer', 'dataset_alias_example_alias_producer', 'dataset_alias_example_alias_consumer', 'dataset_s3_bucket_consumer' retrieved from /home/airflow/.local/lib/python3.12/site-packages/airflow/example_dags/example_dataset_alias.py
[2024-11-10T08:58:08.734+0000] {logging_mixin.py:190} INFO - [2024-11-10T08:58:08.734+0000] {dag.py:3239} INFO - Sync 4 DAGs
[2024-11-10T08:58:08.753+0000] {logging_mixin.py:190} INFO - [2024-11-10T08:58:08.753+0000] {dag.py:4180} INFO - Setting next_dagrun for dataset_alias_example_alias_consumer to None, run_after=None
[2024-11-10T08:58:08.755+0000] {logging_mixin.py:190} INFO - [2024-11-10T08:58:08.755+0000] {dag.py:4180} INFO - Setting next_dagrun for dataset_alias_example_alias_producer to None, run_after=None
[2024-11-10T08:58:08.756+0000] {logging_mixin.py:190} INFO - [2024-11-10T08:58:08.756+0000] {dag.py:4180} INFO - Setting next_dagrun for dataset_s3_bucket_consumer to None, run_after=None
[2024-11-10T08:58:08.757+0000] {logging_mixin.py:190} INFO - [2024-11-10T08:58:08.757+0000] {dag.py:4180} INFO - Setting next_dagrun for dataset_s3_bucket_producer to None, run_after=None
[2024-11-10T08:58:08.775+0000] {processor.py:208} INFO - Processing /home/airflow/.local/lib/python3.12/site-packages/airflow/example_dags/example_dataset_alias.py took 0.189 seconds
[2024-11-10T08:58:38.837+0000] {processor.py:186} INFO - Started process (PID=671) to work on /home/airflow/.local/lib/python3.12/site-packages/airflow/example_dags/example_dataset_alias.py
[2024-11-10T08:58:38.837+0000] {processor.py:914} INFO - Processing file /home/airflow/.local/lib/python3.12/site-packages/airflow/example_dags/example_dataset_alias.py for tasks to queue
[2024-11-10T08:58:38.839+0000] {logging_mixin.py:190} INFO - [2024-11-10T08:58:38.839+0000] {dagbag.py:588} INFO - Filling up the DagBag from /home/airflow/.local/lib/python3.12/site-packages/airflow/example_dags/example_dataset_alias.py
[2024-11-10T08:58:38.962+0000] {processor.py:925} INFO - DAG(s) 'dataset_alias_example_alias_producer', 'dataset_alias_example_alias_consumer', 'dataset_s3_bucket_producer', 'dataset_s3_bucket_consumer' retrieved from /home/airflow/.local/lib/python3.12/site-packages/airflow/example_dags/example_dataset_alias.py
[2024-11-10T08:58:38.978+0000] {logging_mixin.py:190} INFO - [2024-11-10T08:58:38.978+0000] {dag.py:3239} INFO - Sync 4 DAGs
[2024-11-10T08:58:38.996+0000] {logging_mixin.py:190} INFO - [2024-11-10T08:58:38.996+0000] {dag.py:4180} INFO - Setting next_dagrun for dataset_alias_example_alias_consumer to None, run_after=None
[2024-11-10T08:58:39.000+0000] {logging_mixin.py:190} INFO - [2024-11-10T08:58:39.000+0000] {dag.py:4180} INFO - Setting next_dagrun for dataset_alias_example_alias_producer to None, run_after=None
[2024-11-10T08:58:39.001+0000] {logging_mixin.py:190} INFO - [2024-11-10T08:58:39.001+0000] {dag.py:4180} INFO - Setting next_dagrun for dataset_s3_bucket_consumer to None, run_after=None
[2024-11-10T08:58:39.002+0000] {logging_mixin.py:190} INFO - [2024-11-10T08:58:39.002+0000] {dag.py:4180} INFO - Setting next_dagrun for dataset_s3_bucket_producer to None, run_after=None
[2024-11-10T08:58:39.019+0000] {processor.py:208} INFO - Processing /home/airflow/.local/lib/python3.12/site-packages/airflow/example_dags/example_dataset_alias.py took 0.187 seconds
[2024-11-10T08:59:09.904+0000] {processor.py:186} INFO - Started process (PID=733) to work on /home/airflow/.local/lib/python3.12/site-packages/airflow/example_dags/example_dataset_alias.py
[2024-11-10T08:59:09.905+0000] {processor.py:914} INFO - Processing file /home/airflow/.local/lib/python3.12/site-packages/airflow/example_dags/example_dataset_alias.py for tasks to queue
[2024-11-10T08:59:09.906+0000] {logging_mixin.py:190} INFO - [2024-11-10T08:59:09.906+0000] {dagbag.py:588} INFO - Filling up the DagBag from /home/airflow/.local/lib/python3.12/site-packages/airflow/example_dags/example_dataset_alias.py
[2024-11-10T08:59:10.032+0000] {processor.py:925} INFO - DAG(s) 'dataset_s3_bucket_consumer', 'dataset_alias_example_alias_consumer', 'dataset_s3_bucket_producer', 'dataset_alias_example_alias_producer' retrieved from /home/airflow/.local/lib/python3.12/site-packages/airflow/example_dags/example_dataset_alias.py
[2024-11-10T08:59:10.048+0000] {logging_mixin.py:190} INFO - [2024-11-10T08:59:10.048+0000] {dag.py:3239} INFO - Sync 4 DAGs
[2024-11-10T08:59:10.066+0000] {logging_mixin.py:190} INFO - [2024-11-10T08:59:10.066+0000] {dag.py:4180} INFO - Setting next_dagrun for dataset_alias_example_alias_consumer to None, run_after=None
[2024-11-10T08:59:10.069+0000] {logging_mixin.py:190} INFO - [2024-11-10T08:59:10.068+0000] {dag.py:4180} INFO - Setting next_dagrun for dataset_alias_example_alias_producer to None, run_after=None
[2024-11-10T08:59:10.070+0000] {logging_mixin.py:190} INFO - [2024-11-10T08:59:10.070+0000] {dag.py:4180} INFO - Setting next_dagrun for dataset_s3_bucket_consumer to None, run_after=None
[2024-11-10T08:59:10.071+0000] {logging_mixin.py:190} INFO - [2024-11-10T08:59:10.071+0000] {dag.py:4180} INFO - Setting next_dagrun for dataset_s3_bucket_producer to None, run_after=None
[2024-11-10T08:59:10.088+0000] {processor.py:208} INFO - Processing /home/airflow/.local/lib/python3.12/site-packages/airflow/example_dags/example_dataset_alias.py took 0.189 seconds
[2024-11-10T08:59:40.216+0000] {processor.py:186} INFO - Started process (PID=795) to work on /home/airflow/.local/lib/python3.12/site-packages/airflow/example_dags/example_dataset_alias.py
[2024-11-10T08:59:40.217+0000] {processor.py:914} INFO - Processing file /home/airflow/.local/lib/python3.12/site-packages/airflow/example_dags/example_dataset_alias.py for tasks to queue
[2024-11-10T08:59:40.219+0000] {logging_mixin.py:190} INFO - [2024-11-10T08:59:40.218+0000] {dagbag.py:588} INFO - Filling up the DagBag from /home/airflow/.local/lib/python3.12/site-packages/airflow/example_dags/example_dataset_alias.py
[2024-11-10T08:59:40.343+0000] {processor.py:925} INFO - DAG(s) 'dataset_alias_example_alias_consumer', 'dataset_alias_example_alias_producer', 'dataset_s3_bucket_producer', 'dataset_s3_bucket_consumer' retrieved from /home/airflow/.local/lib/python3.12/site-packages/airflow/example_dags/example_dataset_alias.py
[2024-11-10T08:59:40.360+0000] {logging_mixin.py:190} INFO - [2024-11-10T08:59:40.359+0000] {dag.py:3239} INFO - Sync 4 DAGs
[2024-11-10T08:59:40.378+0000] {logging_mixin.py:190} INFO - [2024-11-10T08:59:40.378+0000] {dag.py:4180} INFO - Setting next_dagrun for dataset_alias_example_alias_consumer to None, run_after=None
[2024-11-10T08:59:40.380+0000] {logging_mixin.py:190} INFO - [2024-11-10T08:59:40.380+0000] {dag.py:4180} INFO - Setting next_dagrun for dataset_alias_example_alias_producer to None, run_after=None
[2024-11-10T08:59:40.382+0000] {logging_mixin.py:190} INFO - [2024-11-10T08:59:40.381+0000] {dag.py:4180} INFO - Setting next_dagrun for dataset_s3_bucket_consumer to None, run_after=None
[2024-11-10T08:59:40.383+0000] {logging_mixin.py:190} INFO - [2024-11-10T08:59:40.383+0000] {dag.py:4180} INFO - Setting next_dagrun for dataset_s3_bucket_producer to None, run_after=None
[2024-11-10T08:59:40.400+0000] {processor.py:208} INFO - Processing /home/airflow/.local/lib/python3.12/site-packages/airflow/example_dags/example_dataset_alias.py took 0.189 seconds
[2024-11-10T09:00:10.581+0000] {processor.py:186} INFO - Started process (PID=858) to work on /home/airflow/.local/lib/python3.12/site-packages/airflow/example_dags/example_dataset_alias.py
[2024-11-10T09:00:10.582+0000] {processor.py:914} INFO - Processing file /home/airflow/.local/lib/python3.12/site-packages/airflow/example_dags/example_dataset_alias.py for tasks to queue
[2024-11-10T09:00:10.584+0000] {logging_mixin.py:190} INFO - [2024-11-10T09:00:10.584+0000] {dagbag.py:588} INFO - Filling up the DagBag from /home/airflow/.local/lib/python3.12/site-packages/airflow/example_dags/example_dataset_alias.py
[2024-11-10T09:00:10.710+0000] {processor.py:925} INFO - DAG(s) 'dataset_alias_example_alias_producer', 'dataset_s3_bucket_consumer', 'dataset_alias_example_alias_consumer', 'dataset_s3_bucket_producer' retrieved from /home/airflow/.local/lib/python3.12/site-packages/airflow/example_dags/example_dataset_alias.py
[2024-11-10T09:00:10.729+0000] {logging_mixin.py:190} INFO - [2024-11-10T09:00:10.729+0000] {dag.py:3239} INFO - Sync 4 DAGs
[2024-11-10T09:00:10.747+0000] {logging_mixin.py:190} INFO - [2024-11-10T09:00:10.747+0000] {dag.py:4180} INFO - Setting next_dagrun for dataset_alias_example_alias_consumer to None, run_after=None
[2024-11-10T09:00:10.749+0000] {logging_mixin.py:190} INFO - [2024-11-10T09:00:10.749+0000] {dag.py:4180} INFO - Setting next_dagrun for dataset_alias_example_alias_producer to None, run_after=None
[2024-11-10T09:00:10.750+0000] {logging_mixin.py:190} INFO - [2024-11-10T09:00:10.750+0000] {dag.py:4180} INFO - Setting next_dagrun for dataset_s3_bucket_consumer to None, run_after=None
[2024-11-10T09:00:10.751+0000] {logging_mixin.py:190} INFO - [2024-11-10T09:00:10.751+0000] {dag.py:4180} INFO - Setting next_dagrun for dataset_s3_bucket_producer to None, run_after=None
[2024-11-10T09:00:10.768+0000] {processor.py:208} INFO - Processing /home/airflow/.local/lib/python3.12/site-packages/airflow/example_dags/example_dataset_alias.py took 0.192 seconds
[2024-11-10T09:00:41.209+0000] {processor.py:186} INFO - Started process (PID=927) to work on /home/airflow/.local/lib/python3.12/site-packages/airflow/example_dags/example_dataset_alias.py
[2024-11-10T09:00:41.210+0000] {processor.py:914} INFO - Processing file /home/airflow/.local/lib/python3.12/site-packages/airflow/example_dags/example_dataset_alias.py for tasks to queue
[2024-11-10T09:00:41.213+0000] {logging_mixin.py:190} INFO - [2024-11-10T09:00:41.213+0000] {dagbag.py:588} INFO - Filling up the DagBag from /home/airflow/.local/lib/python3.12/site-packages/airflow/example_dags/example_dataset_alias.py
[2024-11-10T09:00:41.338+0000] {processor.py:925} INFO - DAG(s) 'dataset_alias_example_alias_consumer', 'dataset_alias_example_alias_producer', 'dataset_s3_bucket_producer', 'dataset_s3_bucket_consumer' retrieved from /home/airflow/.local/lib/python3.12/site-packages/airflow/example_dags/example_dataset_alias.py
[2024-11-10T09:00:41.356+0000] {logging_mixin.py:190} INFO - [2024-11-10T09:00:41.356+0000] {dag.py:3239} INFO - Sync 4 DAGs
[2024-11-10T09:00:41.375+0000] {logging_mixin.py:190} INFO - [2024-11-10T09:00:41.374+0000] {dag.py:4180} INFO - Setting next_dagrun for dataset_alias_example_alias_consumer to None, run_after=None
[2024-11-10T09:00:41.377+0000] {logging_mixin.py:190} INFO - [2024-11-10T09:00:41.377+0000] {dag.py:4180} INFO - Setting next_dagrun for dataset_alias_example_alias_producer to None, run_after=None
[2024-11-10T09:00:41.379+0000] {logging_mixin.py:190} INFO - [2024-11-10T09:00:41.378+0000] {dag.py:4180} INFO - Setting next_dagrun for dataset_s3_bucket_consumer to None, run_after=None
[2024-11-10T09:00:41.380+0000] {logging_mixin.py:190} INFO - [2024-11-10T09:00:41.380+0000] {dag.py:4180} INFO - Setting next_dagrun for dataset_s3_bucket_producer to None, run_after=None
[2024-11-10T09:00:41.397+0000] {processor.py:208} INFO - Processing /home/airflow/.local/lib/python3.12/site-packages/airflow/example_dags/example_dataset_alias.py took 0.192 seconds
[2024-11-10T09:01:11.430+0000] {processor.py:186} INFO - Started process (PID=988) to work on /home/airflow/.local/lib/python3.12/site-packages/airflow/example_dags/example_dataset_alias.py
[2024-11-10T09:01:11.431+0000] {processor.py:914} INFO - Processing file /home/airflow/.local/lib/python3.12/site-packages/airflow/example_dags/example_dataset_alias.py for tasks to queue
[2024-11-10T09:01:11.433+0000] {logging_mixin.py:190} INFO - [2024-11-10T09:01:11.433+0000] {dagbag.py:588} INFO - Filling up the DagBag from /home/airflow/.local/lib/python3.12/site-packages/airflow/example_dags/example_dataset_alias.py
[2024-11-10T09:01:11.556+0000] {processor.py:925} INFO - DAG(s) 'dataset_alias_example_alias_consumer', 'dataset_s3_bucket_producer', 'dataset_s3_bucket_consumer', 'dataset_alias_example_alias_producer' retrieved from /home/airflow/.local/lib/python3.12/site-packages/airflow/example_dags/example_dataset_alias.py
[2024-11-10T09:01:11.579+0000] {logging_mixin.py:190} INFO - [2024-11-10T09:01:11.579+0000] {dag.py:3239} INFO - Sync 4 DAGs
[2024-11-10T09:01:11.600+0000] {logging_mixin.py:190} INFO - [2024-11-10T09:01:11.600+0000] {dag.py:4180} INFO - Setting next_dagrun for dataset_alias_example_alias_consumer to None, run_after=None
[2024-11-10T09:01:11.602+0000] {logging_mixin.py:190} INFO - [2024-11-10T09:01:11.602+0000] {dag.py:4180} INFO - Setting next_dagrun for dataset_alias_example_alias_producer to None, run_after=None
[2024-11-10T09:01:11.603+0000] {logging_mixin.py:190} INFO - [2024-11-10T09:01:11.603+0000] {dag.py:4180} INFO - Setting next_dagrun for dataset_s3_bucket_consumer to None, run_after=None
[2024-11-10T09:01:11.605+0000] {logging_mixin.py:190} INFO - [2024-11-10T09:01:11.604+0000] {dag.py:4180} INFO - Setting next_dagrun for dataset_s3_bucket_producer to None, run_after=None
[2024-11-10T09:01:11.625+0000] {processor.py:208} INFO - Processing /home/airflow/.local/lib/python3.12/site-packages/airflow/example_dags/example_dataset_alias.py took 0.199 seconds
[2024-11-10T09:01:41.765+0000] {processor.py:186} INFO - Started process (PID=1051) to work on /home/airflow/.local/lib/python3.12/site-packages/airflow/example_dags/example_dataset_alias.py
[2024-11-10T09:01:41.766+0000] {processor.py:914} INFO - Processing file /home/airflow/.local/lib/python3.12/site-packages/airflow/example_dags/example_dataset_alias.py for tasks to queue
[2024-11-10T09:01:41.768+0000] {logging_mixin.py:190} INFO - [2024-11-10T09:01:41.768+0000] {dagbag.py:588} INFO - Filling up the DagBag from /home/airflow/.local/lib/python3.12/site-packages/airflow/example_dags/example_dataset_alias.py
[2024-11-10T09:01:41.902+0000] {processor.py:925} INFO - DAG(s) 'dataset_s3_bucket_consumer', 'dataset_s3_bucket_producer', 'dataset_alias_example_alias_producer', 'dataset_alias_example_alias_consumer' retrieved from /home/airflow/.local/lib/python3.12/site-packages/airflow/example_dags/example_dataset_alias.py
[2024-11-10T09:01:41.923+0000] {logging_mixin.py:190} INFO - [2024-11-10T09:01:41.923+0000] {dag.py:3239} INFO - Sync 4 DAGs
[2024-11-10T09:01:41.943+0000] {logging_mixin.py:190} INFO - [2024-11-10T09:01:41.943+0000] {dag.py:4180} INFO - Setting next_dagrun for dataset_alias_example_alias_consumer to None, run_after=None
[2024-11-10T09:01:41.947+0000] {logging_mixin.py:190} INFO - [2024-11-10T09:01:41.947+0000] {dag.py:4180} INFO - Setting next_dagrun for dataset_alias_example_alias_producer to None, run_after=None
[2024-11-10T09:01:41.948+0000] {logging_mixin.py:190} INFO - [2024-11-10T09:01:41.948+0000] {dag.py:4180} INFO - Setting next_dagrun for dataset_s3_bucket_consumer to None, run_after=None
[2024-11-10T09:01:41.950+0000] {logging_mixin.py:190} INFO - [2024-11-10T09:01:41.949+0000] {dag.py:4180} INFO - Setting next_dagrun for dataset_s3_bucket_producer to None, run_after=None
[2024-11-10T09:01:41.971+0000] {processor.py:208} INFO - Processing /home/airflow/.local/lib/python3.12/site-packages/airflow/example_dags/example_dataset_alias.py took 0.214 seconds
[2024-11-10T09:02:12.030+0000] {processor.py:186} INFO - Started process (PID=1113) to work on /home/airflow/.local/lib/python3.12/site-packages/airflow/example_dags/example_dataset_alias.py
[2024-11-10T09:02:12.030+0000] {processor.py:914} INFO - Processing file /home/airflow/.local/lib/python3.12/site-packages/airflow/example_dags/example_dataset_alias.py for tasks to queue
[2024-11-10T09:02:12.032+0000] {logging_mixin.py:190} INFO - [2024-11-10T09:02:12.032+0000] {dagbag.py:588} INFO - Filling up the DagBag from /home/airflow/.local/lib/python3.12/site-packages/airflow/example_dags/example_dataset_alias.py
[2024-11-10T09:02:12.161+0000] {processor.py:925} INFO - DAG(s) 'dataset_s3_bucket_consumer', 'dataset_alias_example_alias_producer', 'dataset_s3_bucket_producer', 'dataset_alias_example_alias_consumer' retrieved from /home/airflow/.local/lib/python3.12/site-packages/airflow/example_dags/example_dataset_alias.py
[2024-11-10T09:02:12.182+0000] {logging_mixin.py:190} INFO - [2024-11-10T09:02:12.182+0000] {dag.py:3239} INFO - Sync 4 DAGs
[2024-11-10T09:02:12.202+0000] {logging_mixin.py:190} INFO - [2024-11-10T09:02:12.202+0000] {dag.py:4180} INFO - Setting next_dagrun for dataset_alias_example_alias_consumer to None, run_after=None
[2024-11-10T09:02:12.204+0000] {logging_mixin.py:190} INFO - [2024-11-10T09:02:12.204+0000] {dag.py:4180} INFO - Setting next_dagrun for dataset_alias_example_alias_producer to None, run_after=None
[2024-11-10T09:02:12.205+0000] {logging_mixin.py:190} INFO - [2024-11-10T09:02:12.205+0000] {dag.py:4180} INFO - Setting next_dagrun for dataset_s3_bucket_consumer to None, run_after=None
[2024-11-10T09:02:12.207+0000] {logging_mixin.py:190} INFO - [2024-11-10T09:02:12.206+0000] {dag.py:4180} INFO - Setting next_dagrun for dataset_s3_bucket_producer to None, run_after=None
[2024-11-10T09:02:12.223+0000] {processor.py:208} INFO - Processing /home/airflow/.local/lib/python3.12/site-packages/airflow/example_dags/example_dataset_alias.py took 0.198 seconds
[2024-11-10T09:02:42.858+0000] {processor.py:186} INFO - Started process (PID=1173) to work on /home/airflow/.local/lib/python3.12/site-packages/airflow/example_dags/example_dataset_alias.py
[2024-11-10T09:02:42.859+0000] {processor.py:914} INFO - Processing file /home/airflow/.local/lib/python3.12/site-packages/airflow/example_dags/example_dataset_alias.py for tasks to queue
[2024-11-10T09:02:42.861+0000] {logging_mixin.py:190} INFO - [2024-11-10T09:02:42.860+0000] {dagbag.py:588} INFO - Filling up the DagBag from /home/airflow/.local/lib/python3.12/site-packages/airflow/example_dags/example_dataset_alias.py
[2024-11-10T09:02:42.982+0000] {processor.py:925} INFO - DAG(s) 'dataset_s3_bucket_consumer', 'dataset_s3_bucket_producer', 'dataset_alias_example_alias_producer', 'dataset_alias_example_alias_consumer' retrieved from /home/airflow/.local/lib/python3.12/site-packages/airflow/example_dags/example_dataset_alias.py
[2024-11-10T09:02:42.999+0000] {logging_mixin.py:190} INFO - [2024-11-10T09:02:42.999+0000] {dag.py:3239} INFO - Sync 4 DAGs
[2024-11-10T09:02:43.017+0000] {logging_mixin.py:190} INFO - [2024-11-10T09:02:43.017+0000] {dag.py:4180} INFO - Setting next_dagrun for dataset_alias_example_alias_consumer to None, run_after=None
[2024-11-10T09:02:43.019+0000] {logging_mixin.py:190} INFO - [2024-11-10T09:02:43.019+0000] {dag.py:4180} INFO - Setting next_dagrun for dataset_alias_example_alias_producer to None, run_after=None
[2024-11-10T09:02:43.021+0000] {logging_mixin.py:190} INFO - [2024-11-10T09:02:43.021+0000] {dag.py:4180} INFO - Setting next_dagrun for dataset_s3_bucket_consumer to None, run_after=None
[2024-11-10T09:02:43.022+0000] {logging_mixin.py:190} INFO - [2024-11-10T09:02:43.022+0000] {dag.py:4180} INFO - Setting next_dagrun for dataset_s3_bucket_producer to None, run_after=None
[2024-11-10T09:02:43.039+0000] {processor.py:208} INFO - Processing /home/airflow/.local/lib/python3.12/site-packages/airflow/example_dags/example_dataset_alias.py took 0.185 seconds
[2024-11-10T09:03:13.754+0000] {processor.py:186} INFO - Started process (PID=1235) to work on /home/airflow/.local/lib/python3.12/site-packages/airflow/example_dags/example_dataset_alias.py
[2024-11-10T09:03:13.755+0000] {processor.py:914} INFO - Processing file /home/airflow/.local/lib/python3.12/site-packages/airflow/example_dags/example_dataset_alias.py for tasks to queue
[2024-11-10T09:03:13.757+0000] {logging_mixin.py:190} INFO - [2024-11-10T09:03:13.756+0000] {dagbag.py:588} INFO - Filling up the DagBag from /home/airflow/.local/lib/python3.12/site-packages/airflow/example_dags/example_dataset_alias.py
[2024-11-10T09:03:13.880+0000] {processor.py:925} INFO - DAG(s) 'dataset_alias_example_alias_producer', 'dataset_alias_example_alias_consumer', 'dataset_s3_bucket_producer', 'dataset_s3_bucket_consumer' retrieved from /home/airflow/.local/lib/python3.12/site-packages/airflow/example_dags/example_dataset_alias.py
[2024-11-10T09:03:13.897+0000] {logging_mixin.py:190} INFO - [2024-11-10T09:03:13.896+0000] {dag.py:3239} INFO - Sync 4 DAGs
[2024-11-10T09:03:13.915+0000] {logging_mixin.py:190} INFO - [2024-11-10T09:03:13.915+0000] {dag.py:4180} INFO - Setting next_dagrun for dataset_alias_example_alias_consumer to None, run_after=None
[2024-11-10T09:03:13.917+0000] {logging_mixin.py:190} INFO - [2024-11-10T09:03:13.917+0000] {dag.py:4180} INFO - Setting next_dagrun for dataset_alias_example_alias_producer to None, run_after=None
[2024-11-10T09:03:13.918+0000] {logging_mixin.py:190} INFO - [2024-11-10T09:03:13.918+0000] {dag.py:4180} INFO - Setting next_dagrun for dataset_s3_bucket_consumer to None, run_after=None
[2024-11-10T09:03:13.919+0000] {logging_mixin.py:190} INFO - [2024-11-10T09:03:13.919+0000] {dag.py:4180} INFO - Setting next_dagrun for dataset_s3_bucket_producer to None, run_after=None
[2024-11-10T09:03:13.936+0000] {processor.py:208} INFO - Processing /home/airflow/.local/lib/python3.12/site-packages/airflow/example_dags/example_dataset_alias.py took 0.187 seconds
[2024-11-10T09:03:44.830+0000] {processor.py:186} INFO - Started process (PID=1297) to work on /home/airflow/.local/lib/python3.12/site-packages/airflow/example_dags/example_dataset_alias.py
[2024-11-10T09:03:44.831+0000] {processor.py:914} INFO - Processing file /home/airflow/.local/lib/python3.12/site-packages/airflow/example_dags/example_dataset_alias.py for tasks to queue
[2024-11-10T09:03:44.833+0000] {logging_mixin.py:190} INFO - [2024-11-10T09:03:44.833+0000] {dagbag.py:588} INFO - Filling up the DagBag from /home/airflow/.local/lib/python3.12/site-packages/airflow/example_dags/example_dataset_alias.py
[2024-11-10T09:03:44.957+0000] {processor.py:925} INFO - DAG(s) 'dataset_alias_example_alias_consumer', 'dataset_s3_bucket_consumer', 'dataset_s3_bucket_producer', 'dataset_alias_example_alias_producer' retrieved from /home/airflow/.local/lib/python3.12/site-packages/airflow/example_dags/example_dataset_alias.py
[2024-11-10T09:03:44.973+0000] {logging_mixin.py:190} INFO - [2024-11-10T09:03:44.973+0000] {dag.py:3239} INFO - Sync 4 DAGs
[2024-11-10T09:03:44.991+0000] {logging_mixin.py:190} INFO - [2024-11-10T09:03:44.991+0000] {dag.py:4180} INFO - Setting next_dagrun for dataset_alias_example_alias_consumer to None, run_after=None
[2024-11-10T09:03:44.993+0000] {logging_mixin.py:190} INFO - [2024-11-10T09:03:44.993+0000] {dag.py:4180} INFO - Setting next_dagrun for dataset_alias_example_alias_producer to None, run_after=None
[2024-11-10T09:03:44.994+0000] {logging_mixin.py:190} INFO - [2024-11-10T09:03:44.994+0000] {dag.py:4180} INFO - Setting next_dagrun for dataset_s3_bucket_consumer to None, run_after=None
[2024-11-10T09:03:44.995+0000] {logging_mixin.py:190} INFO - [2024-11-10T09:03:44.995+0000] {dag.py:4180} INFO - Setting next_dagrun for dataset_s3_bucket_producer to None, run_after=None
[2024-11-10T09:03:45.012+0000] {processor.py:208} INFO - Processing /home/airflow/.local/lib/python3.12/site-packages/airflow/example_dags/example_dataset_alias.py took 0.186 seconds
[2024-11-10T09:04:15.112+0000] {processor.py:186} INFO - Started process (PID=1359) to work on /home/airflow/.local/lib/python3.12/site-packages/airflow/example_dags/example_dataset_alias.py
[2024-11-10T09:04:15.113+0000] {processor.py:914} INFO - Processing file /home/airflow/.local/lib/python3.12/site-packages/airflow/example_dags/example_dataset_alias.py for tasks to queue
[2024-11-10T09:04:15.115+0000] {logging_mixin.py:190} INFO - [2024-11-10T09:04:15.114+0000] {dagbag.py:588} INFO - Filling up the DagBag from /home/airflow/.local/lib/python3.12/site-packages/airflow/example_dags/example_dataset_alias.py
[2024-11-10T09:04:15.237+0000] {processor.py:925} INFO - DAG(s) 'dataset_s3_bucket_consumer', 'dataset_s3_bucket_producer', 'dataset_alias_example_alias_producer', 'dataset_alias_example_alias_consumer' retrieved from /home/airflow/.local/lib/python3.12/site-packages/airflow/example_dags/example_dataset_alias.py
[2024-11-10T09:04:15.255+0000] {logging_mixin.py:190} INFO - [2024-11-10T09:04:15.255+0000] {dag.py:3239} INFO - Sync 4 DAGs
[2024-11-10T09:04:15.273+0000] {logging_mixin.py:190} INFO - [2024-11-10T09:04:15.273+0000] {dag.py:4180} INFO - Setting next_dagrun for dataset_alias_example_alias_consumer to None, run_after=None
[2024-11-10T09:04:15.276+0000] {logging_mixin.py:190} INFO - [2024-11-10T09:04:15.276+0000] {dag.py:4180} INFO - Setting next_dagrun for dataset_alias_example_alias_producer to None, run_after=None
[2024-11-10T09:04:15.277+0000] {logging_mixin.py:190} INFO - [2024-11-10T09:04:15.277+0000] {dag.py:4180} INFO - Setting next_dagrun for dataset_s3_bucket_consumer to None, run_after=None
[2024-11-10T09:04:15.278+0000] {logging_mixin.py:190} INFO - [2024-11-10T09:04:15.278+0000] {dag.py:4180} INFO - Setting next_dagrun for dataset_s3_bucket_producer to None, run_after=None
[2024-11-10T09:04:15.297+0000] {processor.py:208} INFO - Processing /home/airflow/.local/lib/python3.12/site-packages/airflow/example_dags/example_dataset_alias.py took 0.190 seconds
[2024-11-10T09:04:46.296+0000] {processor.py:186} INFO - Started process (PID=1421) to work on /home/airflow/.local/lib/python3.12/site-packages/airflow/example_dags/example_dataset_alias.py
[2024-11-10T09:04:46.296+0000] {processor.py:914} INFO - Processing file /home/airflow/.local/lib/python3.12/site-packages/airflow/example_dags/example_dataset_alias.py for tasks to queue
[2024-11-10T09:04:46.298+0000] {logging_mixin.py:190} INFO - [2024-11-10T09:04:46.298+0000] {dagbag.py:588} INFO - Filling up the DagBag from /home/airflow/.local/lib/python3.12/site-packages/airflow/example_dags/example_dataset_alias.py
[2024-11-10T09:04:46.419+0000] {processor.py:925} INFO - DAG(s) 'dataset_alias_example_alias_producer', 'dataset_alias_example_alias_consumer', 'dataset_s3_bucket_producer', 'dataset_s3_bucket_consumer' retrieved from /home/airflow/.local/lib/python3.12/site-packages/airflow/example_dags/example_dataset_alias.py
[2024-11-10T09:04:46.435+0000] {logging_mixin.py:190} INFO - [2024-11-10T09:04:46.435+0000] {dag.py:3239} INFO - Sync 4 DAGs
[2024-11-10T09:04:46.455+0000] {logging_mixin.py:190} INFO - [2024-11-10T09:04:46.455+0000] {dag.py:4180} INFO - Setting next_dagrun for dataset_alias_example_alias_consumer to None, run_after=None
[2024-11-10T09:04:46.457+0000] {logging_mixin.py:190} INFO - [2024-11-10T09:04:46.457+0000] {dag.py:4180} INFO - Setting next_dagrun for dataset_alias_example_alias_producer to None, run_after=None
[2024-11-10T09:04:46.458+0000] {logging_mixin.py:190} INFO - [2024-11-10T09:04:46.458+0000] {dag.py:4180} INFO - Setting next_dagrun for dataset_s3_bucket_consumer to None, run_after=None
[2024-11-10T09:04:46.459+0000] {logging_mixin.py:190} INFO - [2024-11-10T09:04:46.459+0000] {dag.py:4180} INFO - Setting next_dagrun for dataset_s3_bucket_producer to None, run_after=None
[2024-11-10T09:04:46.476+0000] {processor.py:208} INFO - Processing /home/airflow/.local/lib/python3.12/site-packages/airflow/example_dags/example_dataset_alias.py took 0.185 seconds
                                                                                                                                                                                                                                                                                                                                                                                                                                                                                                                                                                                                                                                                                                                                                                                                                                                                                                                                                                                                                                                                                                                                                                                                                                                                                                                                                                                                                                                                                                                                                                                                                                                                                                                                                                                                                                                                                                                                                                                                                                                                                           