[2024-11-10T08:53:34.228+0000] {processor.py:186} INFO - Started process (PID=80) to work on /home/airflow/.local/lib/python3.12/site-packages/airflow/example_dags/example_external_task_marker_dag.py
[2024-11-10T08:53:34.229+0000] {processor.py:914} INFO - Processing file /home/airflow/.local/lib/python3.12/site-packages/airflow/example_dags/example_external_task_marker_dag.py for tasks to queue
[2024-11-10T08:53:34.231+0000] {logging_mixin.py:190} INFO - [2024-11-10T08:53:34.231+0000] {dagbag.py:588} INFO - Filling up the DagBag from /home/airflow/.local/lib/python3.12/site-packages/airflow/example_dags/example_external_task_marker_dag.py
[2024-11-10T08:53:34.238+0000] {processor.py:925} INFO - DAG(s) 'example_external_task_marker_parent', 'example_external_task_marker_child' retrieved from /home/airflow/.local/lib/python3.12/site-packages/airflow/example_dags/example_external_task_marker_dag.py
[2024-11-10T08:53:34.322+0000] {logging_mixin.py:190} INFO - [2024-11-10T08:53:34.321+0000] {override.py:1900} INFO - Created Permission View: can delete on DAG:example_external_task_marker_parent
[2024-11-10T08:53:34.333+0000] {logging_mixin.py:190} INFO - [2024-11-10T08:53:34.332+0000] {override.py:1900} INFO - Created Permission View: can edit on DAG:example_external_task_marker_parent
[2024-11-10T08:53:34.340+0000] {logging_mixin.py:190} INFO - [2024-11-10T08:53:34.339+0000] {override.py:1900} INFO - Created Permission View: can read on DAG:example_external_task_marker_parent
[2024-11-10T08:53:34.347+0000] {logging_mixin.py:190} INFO - [2024-11-10T08:53:34.347+0000] {override.py:1900} INFO - Created Permission View: menu access on DAG Run:example_external_task_marker_parent
[2024-11-10T08:53:34.353+0000] {logging_mixin.py:190} INFO - [2024-11-10T08:53:34.353+0000] {override.py:1900} INFO - Created Permission View: can delete on DAG Run:example_external_task_marker_parent
[2024-11-10T08:53:34.359+0000] {logging_mixin.py:190} INFO - [2024-11-10T08:53:34.359+0000] {override.py:1900} INFO - Created Permission View: can create on DAG Run:example_external_task_marker_parent
[2024-11-10T08:53:34.366+0000] {logging_mixin.py:190} INFO - [2024-11-10T08:53:34.366+0000] {override.py:1900} INFO - Created Permission View: can read on DAG Run:example_external_task_marker_parent
[2024-11-10T08:53:34.380+0000] {logging_mixin.py:190} INFO - [2024-11-10T08:53:34.379+0000] {override.py:1900} INFO - Created Permission View: can delete on DAG:example_external_task_marker_child
[2024-11-10T08:53:34.386+0000] {logging_mixin.py:190} INFO - [2024-11-10T08:53:34.386+0000] {override.py:1900} INFO - Created Permission View: can edit on DAG:example_external_task_marker_child
[2024-11-10T08:53:34.393+0000] {logging_mixin.py:190} INFO - [2024-11-10T08:53:34.393+0000] {override.py:1900} INFO - Created Permission View: can read on DAG:example_external_task_marker_child
[2024-11-10T08:53:34.401+0000] {logging_mixin.py:190} INFO - [2024-11-10T08:53:34.401+0000] {override.py:1900} INFO - Created Permission View: menu access on DAG Run:example_external_task_marker_child
[2024-11-10T08:53:34.408+0000] {logging_mixin.py:190} INFO - [2024-11-10T08:53:34.408+0000] {override.py:1900} INFO - Created Permission View: can delete on DAG Run:example_external_task_marker_child
[2024-11-10T08:53:34.417+0000] {logging_mixin.py:190} INFO - [2024-11-10T08:53:34.417+0000] {override.py:1900} INFO - Created Permission View: can create on DAG Run:example_external_task_marker_child
[2024-11-10T08:53:34.425+0000] {logging_mixin.py:190} INFO - [2024-11-10T08:53:34.424+0000] {override.py:1900} INFO - Created Permission View: can read on DAG Run:example_external_task_marker_child
[2024-11-10T08:53:34.425+0000] {logging_mixin.py:190} INFO - [2024-11-10T08:53:34.425+0000] {dag.py:3239} INFO - Sync 2 DAGs
[2024-11-10T08:53:34.437+0000] {logging_mixin.py:190} INFO - [2024-11-10T08:53:34.437+0000] {dag.py:3262} INFO - Creating ORM DAG for example_external_task_marker_child
[2024-11-10T08:53:34.438+0000] {logging_mixin.py:190} INFO - [2024-11-10T08:53:34.438+0000] {dag.py:3262} INFO - Creating ORM DAG for example_external_task_marker_parent
[2024-11-10T08:53:34.439+0000] {logging_mixin.py:190} INFO - [2024-11-10T08:53:34.439+0000] {dag.py:4180} INFO - Setting next_dagrun for example_external_task_marker_child to None, run_after=None
[2024-11-10T08:53:34.440+0000] {logging_mixin.py:190} INFO - [2024-11-10T08:53:34.440+0000] {dag.py:4180} INFO - Setting next_dagrun for example_external_task_marker_parent to None, run_after=None
[2024-11-10T08:53:34.463+0000] {processor.py:208} INFO - Processing /home/airflow/.local/lib/python3.12/site-packages/airflow/example_dags/example_external_task_marker_dag.py took 0.240 seconds
[2024-11-10T08:54:04.779+0000] {processor.py:186} INFO - Started process (PID=142) to work on /home/airflow/.local/lib/python3.12/site-packages/airflow/example_dags/example_external_task_marker_dag.py
[2024-11-10T08:54:04.780+0000] {processor.py:914} INFO - Processing file /home/airflow/.local/lib/python3.12/site-packages/airflow/example_dags/example_external_task_marker_dag.py for tasks to queue
[2024-11-10T08:54:04.782+0000] {logging_mixin.py:190} INFO - [2024-11-10T08:54:04.782+0000] {dagbag.py:588} INFO - Filling up the DagBag from /home/airflow/.local/lib/python3.12/site-packages/airflow/example_dags/example_external_task_marker_dag.py
[2024-11-10T08:54:04.788+0000] {processor.py:925} INFO - DAG(s) 'example_external_task_marker_child', 'example_external_task_marker_parent' retrieved from /home/airflow/.local/lib/python3.12/site-packages/airflow/example_dags/example_external_task_marker_dag.py
[2024-11-10T08:54:04.806+0000] {logging_mixin.py:190} INFO - [2024-11-10T08:54:04.806+0000] {dag.py:3239} INFO - Sync 2 DAGs
[2024-11-10T08:54:04.819+0000] {logging_mixin.py:190} INFO - [2024-11-10T08:54:04.819+0000] {dag.py:4180} INFO - Setting next_dagrun for example_external_task_marker_child to None, run_after=None
[2024-11-10T08:54:04.822+0000] {logging_mixin.py:190} INFO - [2024-11-10T08:54:04.822+0000] {dag.py:4180} INFO - Setting next_dagrun for example_external_task_marker_parent to None, run_after=None
[2024-11-10T08:54:04.835+0000] {processor.py:208} INFO - Processing /home/airflow/.local/lib/python3.12/site-packages/airflow/example_dags/example_external_task_marker_dag.py took 0.061 seconds
[2024-11-10T08:54:34.916+0000] {processor.py:186} INFO - Started process (PID=204) to work on /home/airflow/.local/lib/python3.12/site-packages/airflow/example_dags/example_external_task_marker_dag.py
[2024-11-10T08:54:34.917+0000] {processor.py:914} INFO - Processing file /home/airflow/.local/lib/python3.12/site-packages/airflow/example_dags/example_external_task_marker_dag.py for tasks to queue
[2024-11-10T08:54:34.919+0000] {logging_mixin.py:190} INFO - [2024-11-10T08:54:34.918+0000] {dagbag.py:588} INFO - Filling up the DagBag from /home/airflow/.local/lib/python3.12/site-packages/airflow/example_dags/example_external_task_marker_dag.py
[2024-11-10T08:54:34.925+0000] {processor.py:925} INFO - DAG(s) 'example_external_task_marker_child', 'example_external_task_marker_parent' retrieved from /home/airflow/.local/lib/python3.12/site-packages/airflow/example_dags/example_external_task_marker_dag.py
[2024-11-10T08:54:34.945+0000] {logging_mixin.py:190} INFO - [2024-11-10T08:54:34.945+0000] {dag.py:3239} INFO - Sync 2 DAGs
[2024-11-10T08:54:34.958+0000] {logging_mixin.py:190} INFO - [2024-11-10T08:54:34.958+0000] {dag.py:4180} INFO - Setting next_dagrun for example_external_task_marker_child to None, run_after=None
[2024-11-10T08:54:34.961+0000] {logging_mixin.py:190} INFO - [2024-11-10T08:54:34.961+0000] {dag.py:4180} INFO - Setting next_dagrun for example_external_task_marker_parent to None, run_after=None
[2024-11-10T08:54:34.975+0000] {processor.py:208} INFO - Processing /home/airflow/.local/lib/python3.12/site-packages/airflow/example_dags/example_external_task_marker_dag.py took 0.066 seconds
[2024-11-10T08:55:05.824+0000] {processor.py:186} INFO - Started process (PID=266) to work on /home/airflow/.local/lib/python3.12/site-packages/airflow/example_dags/example_external_task_marker_dag.py
[2024-11-10T08:55:05.825+0000] {processor.py:914} INFO - Processing file /home/airflow/.local/lib/python3.12/site-packages/airflow/example_dags/example_external_task_marker_dag.py for tasks to queue
[2024-11-10T08:55:05.827+0000] {logging_mixin.py:190} INFO - [2024-11-10T08:55:05.827+0000] {dagbag.py:588} INFO - Filling up the DagBag from /home/airflow/.local/lib/python3.12/site-packages/airflow/example_dags/example_external_task_marker_dag.py
[2024-11-10T08:55:05.833+0000] {processor.py:925} INFO - DAG(s) 'example_external_task_marker_child', 'example_external_task_marker_parent' retrieved from /home/airflow/.local/lib/python3.12/site-packages/airflow/example_dags/example_external_task_marker_dag.py
[2024-11-10T08:55:05.852+0000] {logging_mixin.py:190} INFO - [2024-11-10T08:55:05.852+0000] {dag.py:3239} INFO - Sync 2 DAGs
[2024-11-10T08:55:05.864+0000] {logging_mixin.py:190} INFO - [2024-11-10T08:55:05.864+0000] {dag.py:4180} INFO - Setting next_dagrun for example_external_task_marker_child to None, run_after=None
[2024-11-10T08:55:05.867+0000] {logging_mixin.py:190} INFO - [2024-11-10T08:55:05.867+0000] {dag.py:4180} INFO - Setting next_dagrun for example_external_task_marker_parent to None, run_after=None
[2024-11-10T08:55:05.881+0000] {processor.py:208} INFO - Processing /home/airflow/.local/lib/python3.12/site-packages/airflow/example_dags/example_external_task_marker_dag.py took 0.062 seconds
[2024-11-10T08:55:36.724+0000] {processor.py:186} INFO - Started process (PID=328) to work on /home/airflow/.local/lib/python3.12/site-packages/airflow/example_dags/example_external_task_marker_dag.py
[2024-11-10T08:55:36.725+0000] {processor.py:914} INFO - Processing file /home/airflow/.local/lib/python3.12/site-packages/airflow/example_dags/example_external_task_marker_dag.py for tasks to queue
[2024-11-10T08:55:36.727+0000] {logging_mixin.py:190} INFO - [2024-11-10T08:55:36.727+0000] {dagbag.py:588} INFO - Filling up the DagBag from /home/airflow/.local/lib/python3.12/site-packages/airflow/example_dags/example_external_task_marker_dag.py
[2024-11-10T08:55:36.733+0000] {processor.py:925} INFO - DAG(s) 'example_external_task_marker_parent', 'example_external_task_marker_child' retrieved from /home/airflow/.local/lib/python3.12/site-packages/airflow/example_dags/example_external_task_marker_dag.py
[2024-11-10T08:55:36.753+0000] {logging_mixin.py:190} INFO - [2024-11-10T08:55:36.753+0000] {dag.py:3239} INFO - Sync 2 DAGs
[2024-11-10T08:55:36.765+0000] {logging_mixin.py:190} INFO - [2024-11-10T08:55:36.765+0000] {dag.py:4180} INFO - Setting next_dagrun for example_external_task_marker_child to None, run_after=None
[2024-11-10T08:55:36.769+0000] {logging_mixin.py:190} INFO - [2024-11-10T08:55:36.769+0000] {dag.py:4180} INFO - Setting next_dagrun for example_external_task_marker_parent to None, run_after=None
[2024-11-10T08:55:36.781+0000] {processor.py:208} INFO - Processing /home/airflow/.local/lib/python3.12/site-packages/airflow/example_dags/example_external_task_marker_dag.py took 0.062 seconds
[2024-11-10T08:56:07.647+0000] {processor.py:186} INFO - Started process (PID=390) to work on /home/airflow/.local/lib/python3.12/site-packages/airflow/example_dags/example_external_task_marker_dag.py
[2024-11-10T08:56:07.648+0000] {processor.py:914} INFO - Processing file /home/airflow/.local/lib/python3.12/site-packages/airflow/example_dags/example_external_task_marker_dag.py for tasks to queue
[2024-11-10T08:56:07.650+0000] {logging_mixin.py:190} INFO - [2024-11-10T08:56:07.650+0000] {dagbag.py:588} INFO - Filling up the DagBag from /home/airflow/.local/lib/python3.12/site-packages/airflow/example_dags/example_external_task_marker_dag.py
[2024-11-10T08:56:07.656+0000] {processor.py:925} INFO - DAG(s) 'example_external_task_marker_child', 'example_external_task_marker_parent' retrieved from /home/airflow/.local/lib/python3.12/site-packages/airflow/example_dags/example_external_task_marker_dag.py
[2024-11-10T08:56:07.675+0000] {logging_mixin.py:190} INFO - [2024-11-10T08:56:07.675+0000] {dag.py:3239} INFO - Sync 2 DAGs
[2024-11-10T08:56:07.688+0000] {logging_mixin.py:190} INFO - [2024-11-10T08:56:07.687+0000] {dag.py:4180} INFO - Setting next_dagrun for example_external_task_marker_child to None, run_after=None
[2024-11-10T08:56:07.691+0000] {logging_mixin.py:190} INFO - [2024-11-10T08:56:07.691+0000] {dag.py:4180} INFO - Setting next_dagrun for example_external_task_marker_parent to None, run_after=None
[2024-11-10T08:56:07.705+0000] {processor.py:208} INFO - Processing /home/airflow/.local/lib/python3.12/site-packages/airflow/example_dags/example_external_task_marker_dag.py took 0.064 seconds
[2024-11-10T08:56:37.871+0000] {processor.py:186} INFO - Started process (PID=452) to work on /home/airflow/.local/lib/python3.12/site-packages/airflow/example_dags/example_external_task_marker_dag.py
[2024-11-10T08:56:37.872+0000] {processor.py:914} INFO - Processing file /home/airflow/.local/lib/python3.12/site-packages/airflow/example_dags/example_external_task_marker_dag.py for tasks to queue
[2024-11-10T08:56:37.874+0000] {logging_mixin.py:190} INFO - [2024-11-10T08:56:37.874+0000] {dagbag.py:588} INFO - Filling up the DagBag from /home/airflow/.local/lib/python3.12/site-packages/airflow/example_dags/example_external_task_marker_dag.py
[2024-11-10T08:56:37.880+0000] {processor.py:925} INFO - DAG(s) 'example_external_task_marker_parent', 'example_external_task_marker_child' retrieved from /home/airflow/.local/lib/python3.12/site-packages/airflow/example_dags/example_external_task_marker_dag.py
[2024-11-10T08:56:37.898+0000] {logging_mixin.py:190} INFO - [2024-11-10T08:56:37.898+0000] {dag.py:3239} INFO - Sync 2 DAGs
[2024-11-10T08:56:37.910+0000] {logging_mixin.py:190} INFO - [2024-11-10T08:56:37.910+0000] {dag.py:4180} INFO - Setting next_dagrun for example_external_task_marker_child to None, run_after=None
[2024-11-10T08:56:37.913+0000] {logging_mixin.py:190} INFO - [2024-11-10T08:56:37.913+0000] {dag.py:4180} INFO - Setting next_dagrun for example_external_task_marker_parent to None, run_after=None
[2024-11-10T08:56:37.926+0000] {processor.py:208} INFO - Processing /home/airflow/.local/lib/python3.12/site-packages/airflow/example_dags/example_external_task_marker_dag.py took 0.060 seconds
[2024-11-10T08:57:08.031+0000] {processor.py:186} INFO - Started process (PID=514) to work on /home/airflow/.local/lib/python3.12/site-packages/airflow/example_dags/example_external_task_marker_dag.py
[2024-11-10T08:57:08.032+0000] {processor.py:914} INFO - Processing file /home/airflow/.local/lib/python3.12/site-packages/airflow/example_dags/example_external_task_marker_dag.py for tasks to queue
[2024-11-10T08:57:08.034+0000] {logging_mixin.py:190} INFO - [2024-11-10T08:57:08.034+0000] {dagbag.py:588} INFO - Filling up the DagBag from /home/airflow/.local/lib/python3.12/site-packages/airflow/example_dags/example_external_task_marker_dag.py
[2024-11-10T08:57:08.040+0000] {processor.py:925} INFO - DAG(s) 'example_external_task_marker_child', 'example_external_task_marker_parent' retrieved from /home/airflow/.local/lib/python3.12/site-packages/airflow/example_dags/example_external_task_marker_dag.py
[2024-11-10T08:57:08.058+0000] {logging_mixin.py:190} INFO - [2024-11-10T08:57:08.058+0000] {dag.py:3239} INFO - Sync 2 DAGs
[2024-11-10T08:57:08.070+0000] {logging_mixin.py:190} INFO - [2024-11-10T08:57:08.070+0000] {dag.py:4180} INFO - Setting next_dagrun for example_external_task_marker_child to None, run_after=None
[2024-11-10T08:57:08.074+0000] {logging_mixin.py:190} INFO - [2024-11-10T08:57:08.074+0000] {dag.py:4180} INFO - Setting next_dagrun for example_external_task_marker_parent to None, run_after=None
[2024-11-10T08:57:08.088+0000] {processor.py:208} INFO - Processing /home/airflow/.local/lib/python3.12/site-packages/airflow/example_dags/example_external_task_marker_dag.py took 0.062 seconds
[2024-11-10T08:57:38.988+0000] {processor.py:186} INFO - Started process (PID=576) to work on /home/airflow/.local/lib/python3.12/site-packages/airflow/example_dags/example_external_task_marker_dag.py
[2024-11-10T08:57:38.989+0000] {processor.py:914} INFO - Processing file /home/airflow/.local/lib/python3.12/site-packages/airflow/example_dags/example_external_task_marker_dag.py for tasks to queue
[2024-11-10T08:57:38.991+0000] {logging_mixin.py:190} INFO - [2024-11-10T08:57:38.991+0000] {dagbag.py:588} INFO - Filling up the DagBag from /home/airflow/.local/lib/python3.12/site-packages/airflow/example_dags/example_external_task_marker_dag.py
[2024-11-10T08:57:38.997+0000] {processor.py:925} INFO - DAG(s) 'example_external_task_marker_child', 'example_external_task_marker_parent' retrieved from /home/airflow/.local/lib/python3.12/site-packages/airflow/example_dags/example_external_task_marker_dag.py
[2024-11-10T08:57:39.016+0000] {logging_mixin.py:190} INFO - [2024-11-10T08:57:39.016+0000] {dag.py:3239} INFO - Sync 2 DAGs
[2024-11-10T08:57:39.029+0000] {logging_mixin.py:190} INFO - [2024-11-10T08:57:39.028+0000] {dag.py:4180} INFO - Setting next_dagrun for example_external_task_marker_child to None, run_after=None
[2024-11-10T08:57:39.033+0000] {logging_mixin.py:190} INFO - [2024-11-10T08:57:39.033+0000] {dag.py:4180} INFO - Setting next_dagrun for example_external_task_marker_parent to None, run_after=None
[2024-11-10T08:57:39.049+0000] {processor.py:208} INFO - Processing /home/airflow/.local/lib/python3.12/site-packages/airflow/example_dags/example_external_task_marker_dag.py took 0.065 seconds
[2024-11-10T08:58:10.104+0000] {processor.py:186} INFO - Started process (PID=638) to work on /home/airflow/.local/lib/python3.12/site-packages/airflow/example_dags/example_external_task_marker_dag.py
[2024-11-10T08:58:10.105+0000] {processor.py:914} INFO - Processing file /home/airflow/.local/lib/python3.12/site-packages/airflow/example_dags/example_external_task_marker_dag.py for tasks to queue
[2024-11-10T08:58:10.106+0000] {logging_mixin.py:190} INFO - [2024-11-10T08:58:10.106+0000] {dagbag.py:588} INFO - Filling up the DagBag from /home/airflow/.local/lib/python3.12/site-packages/airflow/example_dags/example_external_task_marker_dag.py
[2024-11-10T08:58:10.113+0000] {processor.py:925} INFO - DAG(s) 'example_external_task_marker_child', 'example_external_task_marker_parent' retrieved from /home/airflow/.local/lib/python3.12/site-packages/airflow/example_dags/example_external_task_marker_dag.py
[2024-11-10T08:58:10.131+0000] {logging_mixin.py:190} INFO - [2024-11-10T08:58:10.131+0000] {dag.py:3239} INFO - Sync 2 DAGs
[2024-11-10T08:58:10.143+0000] {logging_mixin.py:190} INFO - [2024-11-10T08:58:10.143+0000] {dag.py:4180} INFO - Setting next_dagrun for example_external_task_marker_child to None, run_after=None
[2024-11-10T08:58:10.146+0000] {logging_mixin.py:190} INFO - [2024-11-10T08:58:10.146+0000] {dag.py:4180} INFO - Setting next_dagrun for example_external_task_marker_parent to None, run_after=None
[2024-11-10T08:58:10.160+0000] {processor.py:208} INFO - Processing /home/airflow/.local/lib/python3.12/site-packages/airflow/example_dags/example_external_task_marker_dag.py took 0.061 seconds
[2024-11-10T08:58:40.363+0000] {processor.py:186} INFO - Started process (PID=700) to work on /home/airflow/.local/lib/python3.12/site-packages/airflow/example_dags/example_external_task_marker_dag.py
[2024-11-10T08:58:40.364+0000] {processor.py:914} INFO - Processing file /home/airflow/.local/lib/python3.12/site-packages/airflow/example_dags/example_external_task_marker_dag.py for tasks to queue
[2024-11-10T08:58:40.366+0000] {logging_mixin.py:190} INFO - [2024-11-10T08:58:40.366+0000] {dagbag.py:588} INFO - Filling up the DagBag from /home/airflow/.local/lib/python3.12/site-packages/airflow/example_dags/example_external_task_marker_dag.py
[2024-11-10T08:58:40.372+0000] {processor.py:925} INFO - DAG(s) 'example_external_task_marker_parent', 'example_external_task_marker_child' retrieved from /home/airflow/.local/lib/python3.12/site-packages/airflow/example_dags/example_external_task_marker_dag.py
[2024-11-10T08:58:40.391+0000] {logging_mixin.py:190} INFO - [2024-11-10T08:58:40.391+0000] {dag.py:3239} INFO - Sync 2 DAGs
[2024-11-10T08:58:40.403+0000] {logging_mixin.py:190} INFO - [2024-11-10T08:58:40.403+0000] {dag.py:4180} INFO - Setting next_dagrun for example_external_task_marker_child to None, run_after=None
[2024-11-10T08:58:40.407+0000] {logging_mixin.py:190} INFO - [2024-11-10T08:58:40.406+0000] {dag.py:4180} INFO - Setting next_dagrun for example_external_task_marker_parent to None, run_after=None
[2024-11-10T08:58:40.420+0000] {processor.py:208} INFO - Processing /home/airflow/.local/lib/python3.12/site-packages/airflow/example_dags/example_external_task_marker_dag.py took 0.061 seconds
[2024-11-10T08:59:11.591+0000] {processor.py:186} INFO - Started process (PID=768) to work on /home/airflow/.local/lib/python3.12/site-packages/airflow/example_dags/example_external_task_marker_dag.py
[2024-11-10T08:59:11.592+0000] {processor.py:914} INFO - Processing file /home/airflow/.local/lib/python3.12/site-packages/airflow/example_dags/example_external_task_marker_dag.py for tasks to queue
[2024-11-10T08:59:11.594+0000] {logging_mixin.py:190} INFO - [2024-11-10T08:59:11.594+0000] {dagbag.py:588} INFO - Filling up the DagBag from /home/airflow/.local/lib/python3.12/site-packages/airflow/example_dags/example_external_task_marker_dag.py
[2024-11-10T08:59:11.600+0000] {processor.py:925} INFO - DAG(s) 'example_external_task_marker_parent', 'example_external_task_marker_child' retrieved from /home/airflow/.local/lib/python3.12/site-packages/airflow/example_dags/example_external_task_marker_dag.py
[2024-11-10T08:59:11.618+0000] {logging_mixin.py:190} INFO - [2024-11-10T08:59:11.618+0000] {dag.py:3239} INFO - Sync 2 DAGs
[2024-11-10T08:59:11.631+0000] {logging_mixin.py:190} INFO - [2024-11-10T08:59:11.631+0000] {dag.py:4180} INFO - Setting next_dagrun for example_external_task_marker_child to None, run_after=None
[2024-11-10T08:59:11.634+0000] {logging_mixin.py:190} INFO - [2024-11-10T08:59:11.634+0000] {dag.py:4180} INFO - Setting next_dagrun for example_external_task_marker_parent to None, run_after=None
[2024-11-10T08:59:11.648+0000] {processor.py:208} INFO - Processing /home/airflow/.local/lib/python3.12/site-packages/airflow/example_dags/example_external_task_marker_dag.py took 0.062 seconds
[2024-11-10T08:59:41.993+0000] {processor.py:186} INFO - Started process (PID=830) to work on /home/airflow/.local/lib/python3.12/site-packages/airflow/example_dags/example_external_task_marker_dag.py
[2024-11-10T08:59:41.994+0000] {processor.py:914} INFO - Processing file /home/airflow/.local/lib/python3.12/site-packages/airflow/example_dags/example_external_task_marker_dag.py for tasks to queue
[2024-11-10T08:59:41.996+0000] {logging_mixin.py:190} INFO - [2024-11-10T08:59:41.995+0000] {dagbag.py:588} INFO - Filling up the DagBag from /home/airflow/.local/lib/python3.12/site-packages/airflow/example_dags/example_external_task_marker_dag.py
[2024-11-10T08:59:42.002+0000] {processor.py:925} INFO - DAG(s) 'example_external_task_marker_child', 'example_external_task_marker_parent' retrieved from /home/airflow/.local/lib/python3.12/site-packages/airflow/example_dags/example_external_task_marker_dag.py
[2024-11-10T08:59:42.021+0000] {logging_mixin.py:190} INFO - [2024-11-10T08:59:42.021+0000] {dag.py:3239} INFO - Sync 2 DAGs
[2024-11-10T08:59:42.033+0000] {logging_mixin.py:190} INFO - [2024-11-10T08:59:42.033+0000] {dag.py:4180} INFO - Setting next_dagrun for example_external_task_marker_child to None, run_after=None
[2024-11-10T08:59:42.037+0000] {logging_mixin.py:190} INFO - [2024-11-10T08:59:42.037+0000] {dag.py:4180} INFO - Setting next_dagrun for example_external_task_marker_parent to None, run_after=None
[2024-11-10T08:59:42.052+0000] {processor.py:208} INFO - Processing /home/airflow/.local/lib/python3.12/site-packages/airflow/example_dags/example_external_task_marker_dag.py took 0.063 seconds
[2024-11-10T09:00:12.234+0000] {processor.py:186} INFO - Started process (PID=892) to work on /home/airflow/.local/lib/python3.12/site-packages/airflow/example_dags/example_external_task_marker_dag.py
[2024-11-10T09:00:12.235+0000] {processor.py:914} INFO - Processing file /home/airflow/.local/lib/python3.12/site-packages/airflow/example_dags/example_external_task_marker_dag.py for tasks to queue
[2024-11-10T09:00:12.237+0000] {logging_mixin.py:190} INFO - [2024-11-10T09:00:12.237+0000] {dagbag.py:588} INFO - Filling up the DagBag from /home/airflow/.local/lib/python3.12/site-packages/airflow/example_dags/example_external_task_marker_dag.py
[2024-11-10T09:00:12.243+0000] {processor.py:925} INFO - DAG(s) 'example_external_task_marker_child', 'example_external_task_marker_parent' retrieved from /home/airflow/.local/lib/python3.12/site-packages/airflow/example_dags/example_external_task_marker_dag.py
[2024-11-10T09:00:12.262+0000] {logging_mixin.py:190} INFO - [2024-11-10T09:00:12.262+0000] {dag.py:3239} INFO - Sync 2 DAGs
[2024-11-10T09:00:12.275+0000] {logging_mixin.py:190} INFO - [2024-11-10T09:00:12.275+0000] {dag.py:4180} INFO - Setting next_dagrun for example_external_task_marker_child to None, run_after=None
[2024-11-10T09:00:12.278+0000] {logging_mixin.py:190} INFO - [2024-11-10T09:00:12.278+0000] {dag.py:4180} INFO - Setting next_dagrun for example_external_task_marker_parent to None, run_after=None
[2024-11-10T09:00:12.294+0000] {processor.py:208} INFO - Processing /home/airflow/.local/lib/python3.12/site-packages/airflow/example_dags/example_external_task_marker_dag.py took 0.065 seconds
[2024-11-10T09:00:42.792+0000] {processor.py:186} INFO - Started process (PID=954) to work on /home/airflow/.local/lib/python3.12/site-packages/airflow/example_dags/example_external_task_marker_dag.py
[2024-11-10T09:00:42.793+0000] {processor.py:914} INFO - Processing file /home/airflow/.local/lib/python3.12/site-packages/airflow/example_dags/example_external_task_marker_dag.py for tasks to queue
[2024-11-10T09:00:42.795+0000] {logging_mixin.py:190} INFO - [2024-11-10T09:00:42.795+0000] {dagbag.py:588} INFO - Filling up the DagBag from /home/airflow/.local/lib/python3.12/site-packages/airflow/example_dags/example_external_task_marker_dag.py
[2024-11-10T09:00:42.801+0000] {processor.py:925} INFO - DAG(s) 'example_external_task_marker_child', 'example_external_task_marker_parent' retrieved from /home/airflow/.local/lib/python3.12/site-packages/airflow/example_dags/example_external_task_marker_dag.py
[2024-11-10T09:00:42.820+0000] {logging_mixin.py:190} INFO - [2024-11-10T09:00:42.820+0000] {dag.py:3239} INFO - Sync 2 DAGs
[2024-11-10T09:00:42.833+0000] {logging_mixin.py:190} INFO - [2024-11-10T09:00:42.833+0000] {dag.py:4180} INFO - Setting next_dagrun for example_external_task_marker_child to None, run_after=None
[2024-11-10T09:00:42.837+0000] {logging_mixin.py:190} INFO - [2024-11-10T09:00:42.836+0000] {dag.py:4180} INFO - Setting next_dagrun for example_external_task_marker_parent to None, run_after=None
[2024-11-10T09:00:42.851+0000] {processor.py:208} INFO - Processing /home/airflow/.local/lib/python3.12/site-packages/airflow/example_dags/example_external_task_marker_dag.py took 0.063 seconds
[2024-11-10T09:01:13.064+0000] {processor.py:186} INFO - Started process (PID=1016) to work on /home/airflow/.local/lib/python3.12/site-packages/airflow/example_dags/example_external_task_marker_dag.py
[2024-11-10T09:01:13.065+0000] {processor.py:914} INFO - Processing file /home/airflow/.local/lib/python3.12/site-packages/airflow/example_dags/example_external_task_marker_dag.py for tasks to queue
[2024-11-10T09:01:13.066+0000] {logging_mixin.py:190} INFO - [2024-11-10T09:01:13.066+0000] {dagbag.py:588} INFO - Filling up the DagBag from /home/airflow/.local/lib/python3.12/site-packages/airflow/example_dags/example_external_task_marker_dag.py
[2024-11-10T09:01:13.073+0000] {processor.py:925} INFO - DAG(s) 'example_external_task_marker_child', 'example_external_task_marker_parent' retrieved from /home/airflow/.local/lib/python3.12/site-packages/airflow/example_dags/example_external_task_marker_dag.py
[2024-11-10T09:01:13.090+0000] {logging_mixin.py:190} INFO - [2024-11-10T09:01:13.090+0000] {dag.py:3239} INFO - Sync 2 DAGs
[2024-11-10T09:01:13.102+0000] {logging_mixin.py:190} INFO - [2024-11-10T09:01:13.102+0000] {dag.py:4180} INFO - Setting next_dagrun for example_external_task_marker_child to None, run_after=None
[2024-11-10T09:01:13.106+0000] {logging_mixin.py:190} INFO - [2024-11-10T09:01:13.106+0000] {dag.py:4180} INFO - Setting next_dagrun for example_external_task_marker_parent to None, run_after=None
[2024-11-10T09:01:13.121+0000] {processor.py:208} INFO - Processing /home/airflow/.local/lib/python3.12/site-packages/airflow/example_dags/example_external_task_marker_dag.py took 0.062 seconds
[2024-11-10T09:01:43.213+0000] {processor.py:186} INFO - Started process (PID=1078) to work on /home/airflow/.local/lib/python3.12/site-packages/airflow/example_dags/example_external_task_marker_dag.py
[2024-11-10T09:01:43.214+0000] {processor.py:914} INFO - Processing file /home/airflow/.local/lib/python3.12/site-packages/airflow/example_dags/example_external_task_marker_dag.py for tasks to queue
[2024-11-10T09:01:43.215+0000] {logging_mixin.py:190} INFO - [2024-11-10T09:01:43.215+0000] {dagbag.py:588} INFO - Filling up the DagBag from /home/airflow/.local/lib/python3.12/site-packages/airflow/example_dags/example_external_task_marker_dag.py
[2024-11-10T09:01:43.222+0000] {processor.py:925} INFO - DAG(s) 'example_external_task_marker_child', 'example_external_task_marker_parent' retrieved from /home/airflow/.local/lib/python3.12/site-packages/airflow/example_dags/example_external_task_marker_dag.py
[2024-11-10T09:01:43.240+0000] {logging_mixin.py:190} INFO - [2024-11-10T09:01:43.239+0000] {dag.py:3239} INFO - Sync 2 DAGs
[2024-11-10T09:01:43.252+0000] {logging_mixin.py:190} INFO - [2024-11-10T09:01:43.252+0000] {dag.py:4180} INFO - Setting next_dagrun for example_external_task_marker_child to None, run_after=None
[2024-11-10T09:01:43.255+0000] {logging_mixin.py:190} INFO - [2024-11-10T09:01:43.255+0000] {dag.py:4180} INFO - Setting next_dagrun for example_external_task_marker_parent to None, run_after=None
[2024-11-10T09:01:43.270+0000] {processor.py:208} INFO - Processing /home/airflow/.local/lib/python3.12/site-packages/airflow/example_dags/example_external_task_marker_dag.py took 0.062 seconds
[2024-11-10T09:02:13.341+0000] {processor.py:186} INFO - Started process (PID=1140) to work on /home/airflow/.local/lib/python3.12/site-packages/airflow/example_dags/example_external_task_marker_dag.py
[2024-11-10T09:02:13.342+0000] {processor.py:914} INFO - Processing file /home/airflow/.local/lib/python3.12/site-packages/airflow/example_dags/example_external_task_marker_dag.py for tasks to queue
[2024-11-10T09:02:13.345+0000] {logging_mixin.py:190} INFO - [2024-11-10T09:02:13.344+0000] {dagbag.py:588} INFO - Filling up the DagBag from /home/airflow/.local/lib/python3.12/site-packages/airflow/example_dags/example_external_task_marker_dag.py
[2024-11-10T09:02:13.352+0000] {processor.py:925} INFO - DAG(s) 'example_external_task_marker_parent', 'example_external_task_marker_child' retrieved from /home/airflow/.local/lib/python3.12/site-packages/airflow/example_dags/example_external_task_marker_dag.py
[2024-11-10T09:02:13.372+0000] {logging_mixin.py:190} INFO - [2024-11-10T09:02:13.372+0000] {dag.py:3239} INFO - Sync 2 DAGs
[2024-11-10T09:02:13.384+0000] {logging_mixin.py:190} INFO - [2024-11-10T09:02:13.384+0000] {dag.py:4180} INFO - Setting next_dagrun for example_external_task_marker_child to None, run_after=None
[2024-11-10T09:02:13.388+0000] {logging_mixin.py:190} INFO - [2024-11-10T09:02:13.387+0000] {dag.py:4180} INFO - Setting next_dagrun for example_external_task_marker_parent to None, run_after=None
[2024-11-10T09:02:13.402+0000] {processor.py:208} INFO - Processing /home/airflow/.local/lib/python3.12/site-packages/airflow/example_dags/example_external_task_marker_dag.py took 0.066 seconds
[2024-11-10T09:02:44.231+0000] {processor.py:186} INFO - Started process (PID=1202) to work on /home/airflow/.local/lib/python3.12/site-packages/airflow/example_dags/example_external_task_marker_dag.py
[2024-11-10T09:02:44.232+0000] {processor.py:914} INFO - Processing file /home/airflow/.local/lib/python3.12/site-packages/airflow/example_dags/example_external_task_marker_dag.py for tasks to queue
[2024-11-10T09:02:44.234+0000] {logging_mixin.py:190} INFO - [2024-11-10T09:02:44.234+0000] {dagbag.py:588} INFO - Filling up the DagBag from /home/airflow/.local/lib/python3.12/site-packages/airflow/example_dags/example_external_task_marker_dag.py
[2024-11-10T09:02:44.241+0000] {processor.py:925} INFO - DAG(s) 'example_external_task_marker_parent', 'example_external_task_marker_child' retrieved from /home/airflow/.local/lib/python3.12/site-packages/airflow/example_dags/example_external_task_marker_dag.py
[2024-11-10T09:02:44.259+0000] {logging_mixin.py:190} INFO - [2024-11-10T09:02:44.259+0000] {dag.py:3239} INFO - Sync 2 DAGs
[2024-11-10T09:02:44.272+0000] {logging_mixin.py:190} INFO - [2024-11-10T09:02:44.272+0000] {dag.py:4180} INFO - Setting next_dagrun for example_external_task_marker_child to None, run_after=None
[2024-11-10T09:02:44.276+0000] {logging_mixin.py:190} INFO - [2024-11-10T09:02:44.275+0000] {dag.py:4180} INFO - Setting next_dagrun for example_external_task_marker_parent to None, run_after=None
[2024-11-10T09:02:44.289+0000] {processor.py:208} INFO - Processing /home/airflow/.local/lib/python3.12/site-packages/airflow/example_dags/example_external_task_marker_dag.py took 0.063 seconds
[2024-11-10T09:03:15.283+0000] {processor.py:186} INFO - Started process (PID=1264) to work on /home/airflow/.local/lib/python3.12/site-packages/airflow/example_dags/example_external_task_marker_dag.py
[2024-11-10T09:03:15.284+0000] {processor.py:914} INFO - Processing file /home/airflow/.local/lib/python3.12/site-packages/airflow/example_dags/example_external_task_marker_dag.py for tasks to queue
[2024-11-10T09:03:15.286+0000] {logging_mixin.py:190} INFO - [2024-11-10T09:03:15.286+0000] {dagbag.py:588} INFO - Filling up the DagBag from /home/airflow/.local/lib/python3.12/site-packages/airflow/example_dags/example_external_task_marker_dag.py
[2024-11-10T09:03:15.293+0000] {processor.py:925} INFO - DAG(s) 'example_external_task_marker_child', 'example_external_task_marker_parent' retrieved from /home/airflow/.local/lib/python3.12/site-packages/airflow/example_dags/example_external_task_marker_dag.py
[2024-11-10T09:03:15.311+0000] {logging_mixin.py:190} INFO - [2024-11-10T09:03:15.311+0000] {dag.py:3239} INFO - Sync 2 DAGs
[2024-11-10T09:03:15.323+0000] {logging_mixin.py:190} INFO - [2024-11-10T09:03:15.323+0000] {dag.py:4180} INFO - Setting next_dagrun for example_external_task_marker_child to None, run_after=None
[2024-11-10T09:03:15.327+0000] {logging_mixin.py:190} INFO - [2024-11-10T09:03:15.327+0000] {dag.py:4180} INFO - Setting next_dagrun for example_external_task_marker_parent to None, run_after=None
[2024-11-10T09:03:15.340+0000] {processor.py:208} INFO - Processing /home/airflow/.local/lib/python3.12/site-packages/airflow/example_dags/example_external_task_marker_dag.py took 0.062 seconds
[2024-11-10T09:03:46.419+0000] {processor.py:186} INFO - Started process (PID=1326) to work on /home/airflow/.local/lib/python3.12/site-packages/airflow/example_dags/example_external_task_marker_dag.py
[2024-11-10T09:03:46.420+0000] {processor.py:914} INFO - Processing file /home/airflow/.local/lib/python3.12/site-packages/airflow/example_dags/example_external_task_marker_dag.py for tasks to queue
[2024-11-10T09:03:46.422+0000] {logging_mixin.py:190} INFO - [2024-11-10T09:03:46.422+0000] {dagbag.py:588} INFO - Filling up the DagBag from /home/airflow/.local/lib/python3.12/site-packages/airflow/example_dags/example_external_task_marker_dag.py
[2024-11-10T09:03:46.428+0000] {processor.py:925} INFO - DAG(s) 'example_external_task_marker_child', 'example_external_task_marker_parent' retrieved from /home/airflow/.local/lib/python3.12/site-packages/airflow/example_dags/example_external_task_marker_dag.py
[2024-11-10T09:03:46.447+0000] {logging_mixin.py:190} INFO - [2024-11-10T09:03:46.447+0000] {dag.py:3239} INFO - Sync 2 DAGs
[2024-11-10T09:03:46.459+0000] {logging_mixin.py:190} INFO - [2024-11-10T09:03:46.459+0000] {dag.py:4180} INFO - Setting next_dagrun for example_external_task_marker_child to None, run_after=None
[2024-11-10T09:03:46.463+0000] {logging_mixin.py:190} INFO - [2024-11-10T09:03:46.463+0000] {dag.py:4180} INFO - Setting next_dagrun for example_external_task_marker_parent to None, run_after=None
[2024-11-10T09:03:46.485+0000] {processor.py:208} INFO - Processing /home/airflow/.local/lib/python3.12/site-packages/airflow/example_dags/example_external_task_marker_dag.py took 0.070 seconds
[2024-11-10T09:04:16.658+0000] {processor.py:186} INFO - Started process (PID=1388) to work on /home/airflow/.local/lib/python3.12/site-packages/airflow/example_dags/example_external_task_marker_dag.py
[2024-11-10T09:04:16.658+0000] {processor.py:914} INFO - Processing file /home/airflow/.local/lib/python3.12/site-packages/airflow/example_dags/example_external_task_marker_dag.py for tasks to queue
[2024-11-10T09:04:16.660+0000] {logging_mixin.py:190} INFO - [2024-11-10T09:04:16.660+0000] {dagbag.py:588} INFO - Filling up the DagBag from /home/airflow/.local/lib/python3.12/site-packages/airflow/example_dags/example_external_task_marker_dag.py
[2024-11-10T09:04:16.667+0000] {processor.py:925} INFO - DAG(s) 'example_external_task_marker_child', 'example_external_task_marker_parent' retrieved from /home/airflow/.local/lib/python3.12/site-packages/airflow/example_dags/example_external_task_marker_dag.py
[2024-11-10T09:04:16.685+0000] {logging_mixin.py:190} INFO - [2024-11-10T09:04:16.685+0000] {dag.py:3239} INFO - Sync 2 DAGs
[2024-11-10T09:04:16.698+0000] {logging_mixin.py:190} INFO - [2024-11-10T09:04:16.698+0000] {dag.py:4180} INFO - Setting next_dagrun for example_external_task_marker_child to None, run_after=None
[2024-11-10T09:04:16.701+0000] {logging_mixin.py:190} INFO - [2024-11-10T09:04:16.701+0000] {dag.py:4180} INFO - Setting next_dagrun for example_external_task_marker_parent to None, run_after=None
[2024-11-10T09:04:16.715+0000] {processor.py:208} INFO - Processing /home/airflow/.local/lib/python3.12/site-packages/airflow/example_dags/example_external_task_marker_dag.py took 0.062 seconds
[2024-11-10T09:04:47.885+0000] {processor.py:186} INFO - Started process (PID=1450) to work on /home/airflow/.local/lib/python3.12/site-packages/airflow/example_dags/example_external_task_marker_dag.py
[2024-11-10T09:04:47.886+0000] {processor.py:914} INFO - Processing file /home/airflow/.local/lib/python3.12/site-packages/airflow/example_dags/example_external_task_marker_dag.py for tasks to queue
[2024-11-10T09:04:47.888+0000] {logging_mixin.py:190} INFO - [2024-11-10T09:04:47.887+0000] {dagbag.py:588} INFO - Filling up the DagBag from /home/airflow/.local/lib/python3.12/site-packages/airflow/example_dags/example_external_task_marker_dag.py
[2024-11-10T09:04:47.894+0000] {processor.py:925} INFO - DAG(s) 'example_external_task_marker_child', 'example_external_task_marker_parent' retrieved from /home/airflow/.local/lib/python3.12/site-packages/airflow/example_dags/example_external_task_marker_dag.py
[2024-11-10T09:04:47.912+0000] {logging_mixin.py:190} INFO - [2024-11-10T09:04:47.912+0000] {dag.py:3239} INFO - Sync 2 DAGs
[2024-11-10T09:04:47.924+0000] {logging_mixin.py:190} INFO - [2024-11-10T09:04:47.924+0000] {dag.py:4180} INFO - Setting next_dagrun for example_external_task_marker_child to None, run_after=None
[2024-11-10T09:04:47.927+0000] {logging_mixin.py:190} INFO - [2024-11-10T09:04:47.927+0000] {dag.py:4180} INFO - Setting next_dagrun for example_external_task_marker_parent to None, run_after=None
[2024-11-10T09:04:47.941+0000] {processor.py:208} INFO - Processing /home/airflow/.local/lib/python3.12/site-packages/airflow/example_dags/example_external_task_marker_dag.py took 0.061 seconds
                                                                                                                                                                                                                                                                                                                                                                                                                                                                                                                                                                                                                                                                                                                                                                                                                                                                                                                                                                                                                                                                                                                                                                                                                                                                                                                                                                                                                                                                                                                                                                                                                                                                                        