[2024-11-10T08:53:27.913+0000] {processor.py:186} INFO - Started process (PID=33) to work on /home/airflow/.local/lib/python3.12/site-packages/airflow/example_dags/example_workday_timetable.py
[2024-11-10T08:53:27.915+0000] {processor.py:914} INFO - Processing file /home/airflow/.local/lib/python3.12/site-packages/airflow/example_dags/example_workday_timetable.py for tasks to queue
[2024-11-10T08:53:27.917+0000] {logging_mixin.py:190} INFO - [2024-11-10T08:53:27.917+0000] {dagbag.py:588} INFO - Filling up the DagBag from /home/airflow/.local/lib/python3.12/site-packages/airflow/example_dags/example_workday_timetable.py
[2024-11-10T08:53:27.924+0000] {processor.py:925} INFO - DAG(s) 'example_workday_timetable' retrieved from /home/airflow/.local/lib/python3.12/site-packages/airflow/example_dags/example_workday_timetable.py
[2024-11-10T08:53:28.032+0000] {logging_mixin.py:190} INFO - [2024-11-10T08:53:28.031+0000] {override.py:1900} INFO - Created Permission View: can delete on DAG:example_workday_timetable
[2024-11-10T08:53:28.043+0000] {logging_mixin.py:190} INFO - [2024-11-10T08:53:28.042+0000] {override.py:1900} INFO - Created Permission View: can edit on DAG:example_workday_timetable
[2024-11-10T08:53:28.052+0000] {logging_mixin.py:190} INFO - [2024-11-10T08:53:28.052+0000] {override.py:1900} INFO - Created Permission View: can read on DAG:example_workday_timetable
[2024-11-10T08:53:28.063+0000] {logging_mixin.py:190} INFO - [2024-11-10T08:53:28.063+0000] {override.py:1900} INFO - Created Permission View: menu access on DAG Run:example_workday_timetable
[2024-11-10T08:53:28.071+0000] {logging_mixin.py:190} INFO - [2024-11-10T08:53:28.071+0000] {override.py:1900} INFO - Created Permission View: can delete on DAG Run:example_workday_timetable
[2024-11-10T08:53:28.079+0000] {logging_mixin.py:190} INFO - [2024-11-10T08:53:28.078+0000] {override.py:1900} INFO - Created Permission View: can create on DAG Run:example_workday_timetable
[2024-11-10T08:53:28.085+0000] {logging_mixin.py:190} INFO - [2024-11-10T08:53:28.085+0000] {override.py:1900} INFO - Created Permission View: can read on DAG Run:example_workday_timetable
[2024-11-10T08:53:28.086+0000] {logging_mixin.py:190} INFO - [2024-11-10T08:53:28.086+0000] {dag.py:3239} INFO - Sync 1 DAGs
[2024-11-10T08:53:28.100+0000] {logging_mixin.py:190} INFO - [2024-11-10T08:53:28.100+0000] {dag.py:3262} INFO - Creating ORM DAG for example_workday_timetable
[2024-11-10T08:53:28.149+0000] {logging_mixin.py:190} INFO - [2024-11-10T08:53:28.149+0000] {dag.py:4180} INFO - Setting next_dagrun for example_workday_timetable to 2021-01-04 00:00:00+00:00, run_after=2021-01-05 00:00:00+00:00
[2024-11-10T08:53:28.166+0000] {processor.py:208} INFO - Processing /home/airflow/.local/lib/python3.12/site-packages/airflow/example_dags/example_workday_timetable.py took 0.259 seconds
[2024-11-10T08:53:58.892+0000] {processor.py:186} INFO - Started process (PID=95) to work on /home/airflow/.local/lib/python3.12/site-packages/airflow/example_dags/example_workday_timetable.py
[2024-11-10T08:53:58.893+0000] {processor.py:914} INFO - Processing file /home/airflow/.local/lib/python3.12/site-packages/airflow/example_dags/example_workday_timetable.py for tasks to queue
[2024-11-10T08:53:58.895+0000] {logging_mixin.py:190} INFO - [2024-11-10T08:53:58.895+0000] {dagbag.py:588} INFO - Filling up the DagBag from /home/airflow/.local/lib/python3.12/site-packages/airflow/example_dags/example_workday_timetable.py
[2024-11-10T08:53:58.900+0000] {processor.py:925} INFO - DAG(s) 'example_workday_timetable' retrieved from /home/airflow/.local/lib/python3.12/site-packages/airflow/example_dags/example_workday_timetable.py
[2024-11-10T08:53:58.914+0000] {logging_mixin.py:190} INFO - [2024-11-10T08:53:58.914+0000] {dag.py:3239} INFO - Sync 1 DAGs
[2024-11-10T08:53:58.965+0000] {logging_mixin.py:190} INFO - [2024-11-10T08:53:58.965+0000] {dag.py:4180} INFO - Setting next_dagrun for example_workday_timetable to 2021-01-04 00:00:00+00:00, run_after=2021-01-05 00:00:00+00:00
[2024-11-10T08:53:58.981+0000] {processor.py:208} INFO - Processing /home/airflow/.local/lib/python3.12/site-packages/airflow/example_dags/example_workday_timetable.py took 0.093 seconds
[2024-11-10T08:54:29.197+0000] {processor.py:186} INFO - Started process (PID=157) to work on /home/airflow/.local/lib/python3.12/site-packages/airflow/example_dags/example_workday_timetable.py
[2024-11-10T08:54:29.198+0000] {processor.py:914} INFO - Processing file /home/airflow/.local/lib/python3.12/site-packages/airflow/example_dags/example_workday_timetable.py for tasks to queue
[2024-11-10T08:54:29.200+0000] {logging_mixin.py:190} INFO - [2024-11-10T08:54:29.199+0000] {dagbag.py:588} INFO - Filling up the DagBag from /home/airflow/.local/lib/python3.12/site-packages/airflow/example_dags/example_workday_timetable.py
[2024-11-10T08:54:29.204+0000] {processor.py:925} INFO - DAG(s) 'example_workday_timetable' retrieved from /home/airflow/.local/lib/python3.12/site-packages/airflow/example_dags/example_workday_timetable.py
[2024-11-10T08:54:29.218+0000] {logging_mixin.py:190} INFO - [2024-11-10T08:54:29.218+0000] {dag.py:3239} INFO - Sync 1 DAGs
[2024-11-10T08:54:29.268+0000] {logging_mixin.py:190} INFO - [2024-11-10T08:54:29.268+0000] {dag.py:4180} INFO - Setting next_dagrun for example_workday_timetable to 2021-01-04 00:00:00+00:00, run_after=2021-01-05 00:00:00+00:00
[2024-11-10T08:54:29.284+0000] {processor.py:208} INFO - Processing /home/airflow/.local/lib/python3.12/site-packages/airflow/example_dags/example_workday_timetable.py took 0.092 seconds
[2024-11-10T08:54:59.431+0000] {processor.py:186} INFO - Started process (PID=219) to work on /home/airflow/.local/lib/python3.12/site-packages/airflow/example_dags/example_workday_timetable.py
[2024-11-10T08:54:59.432+0000] {processor.py:914} INFO - Processing file /home/airflow/.local/lib/python3.12/site-packages/airflow/example_dags/example_workday_timetable.py for tasks to queue
[2024-11-10T08:54:59.434+0000] {logging_mixin.py:190} INFO - [2024-11-10T08:54:59.434+0000] {dagbag.py:588} INFO - Filling up the DagBag from /home/airflow/.local/lib/python3.12/site-packages/airflow/example_dags/example_workday_timetable.py
[2024-11-10T08:54:59.446+0000] {processor.py:925} INFO - DAG(s) 'example_workday_timetable' retrieved from /home/airflow/.local/lib/python3.12/site-packages/airflow/example_dags/example_workday_timetable.py
[2024-11-10T08:54:59.463+0000] {logging_mixin.py:190} INFO - [2024-11-10T08:54:59.463+0000] {dag.py:3239} INFO - Sync 1 DAGs
[2024-11-10T08:54:59.521+0000] {logging_mixin.py:190} INFO - [2024-11-10T08:54:59.521+0000] {dag.py:4180} INFO - Setting next_dagrun for example_workday_timetable to 2021-01-04 00:00:00+00:00, run_after=2021-01-05 00:00:00+00:00
[2024-11-10T08:54:59.543+0000] {processor.py:208} INFO - Processing /home/airflow/.local/lib/python3.12/site-packages/airflow/example_dags/example_workday_timetable.py took 0.118 seconds
[2024-11-10T08:55:30.229+0000] {processor.py:186} INFO - Started process (PID=281) to work on /home/airflow/.local/lib/python3.12/site-packages/airflow/example_dags/example_workday_timetable.py
[2024-11-10T08:55:30.230+0000] {processor.py:914} INFO - Processing file /home/airflow/.local/lib/python3.12/site-packages/airflow/example_dags/example_workday_timetable.py for tasks to queue
[2024-11-10T08:55:30.232+0000] {logging_mixin.py:190} INFO - [2024-11-10T08:55:30.232+0000] {dagbag.py:588} INFO - Filling up the DagBag from /home/airflow/.local/lib/python3.12/site-packages/airflow/example_dags/example_workday_timetable.py
[2024-11-10T08:55:30.236+0000] {processor.py:925} INFO - DAG(s) 'example_workday_timetable' retrieved from /home/airflow/.local/lib/python3.12/site-packages/airflow/example_dags/example_workday_timetable.py
[2024-11-10T08:55:30.251+0000] {logging_mixin.py:190} INFO - [2024-11-10T08:55:30.251+0000] {dag.py:3239} INFO - Sync 1 DAGs
[2024-11-10T08:55:30.302+0000] {logging_mixin.py:190} INFO - [2024-11-10T08:55:30.302+0000] {dag.py:4180} INFO - Setting next_dagrun for example_workday_timetable to 2021-01-04 00:00:00+00:00, run_after=2021-01-05 00:00:00+00:00
[2024-11-10T08:55:30.318+0000] {processor.py:208} INFO - Processing /home/airflow/.local/lib/python3.12/site-packages/airflow/example_dags/example_workday_timetable.py took 0.093 seconds
[2024-11-10T08:56:01.132+0000] {processor.py:186} INFO - Started process (PID=343) to work on /home/airflow/.local/lib/python3.12/site-packages/airflow/example_dags/example_workday_timetable.py
[2024-11-10T08:56:01.133+0000] {processor.py:914} INFO - Processing file /home/airflow/.local/lib/python3.12/site-packages/airflow/example_dags/example_workday_timetable.py for tasks to queue
[2024-11-10T08:56:01.135+0000] {logging_mixin.py:190} INFO - [2024-11-10T08:56:01.135+0000] {dagbag.py:588} INFO - Filling up the DagBag from /home/airflow/.local/lib/python3.12/site-packages/airflow/example_dags/example_workday_timetable.py
[2024-11-10T08:56:01.139+0000] {processor.py:925} INFO - DAG(s) 'example_workday_timetable' retrieved from /home/airflow/.local/lib/python3.12/site-packages/airflow/example_dags/example_workday_timetable.py
[2024-11-10T08:56:01.154+0000] {logging_mixin.py:190} INFO - [2024-11-10T08:56:01.153+0000] {dag.py:3239} INFO - Sync 1 DAGs
[2024-11-10T08:56:01.206+0000] {logging_mixin.py:190} INFO - [2024-11-10T08:56:01.205+0000] {dag.py:4180} INFO - Setting next_dagrun for example_workday_timetable to 2021-01-04 00:00:00+00:00, run_after=2021-01-05 00:00:00+00:00
[2024-11-10T08:56:01.221+0000] {processor.py:208} INFO - Processing /home/airflow/.local/lib/python3.12/site-packages/airflow/example_dags/example_workday_timetable.py took 0.093 seconds
[2024-11-10T08:56:32.092+0000] {processor.py:186} INFO - Started process (PID=405) to work on /home/airflow/.local/lib/python3.12/site-packages/airflow/example_dags/example_workday_timetable.py
[2024-11-10T08:56:32.093+0000] {processor.py:914} INFO - Processing file /home/airflow/.local/lib/python3.12/site-packages/airflow/example_dags/example_workday_timetable.py for tasks to queue
[2024-11-10T08:56:32.095+0000] {logging_mixin.py:190} INFO - [2024-11-10T08:56:32.095+0000] {dagbag.py:588} INFO - Filling up the DagBag from /home/airflow/.local/lib/python3.12/site-packages/airflow/example_dags/example_workday_timetable.py
[2024-11-10T08:56:32.099+0000] {processor.py:925} INFO - DAG(s) 'example_workday_timetable' retrieved from /home/airflow/.local/lib/python3.12/site-packages/airflow/example_dags/example_workday_timetable.py
[2024-11-10T08:56:32.152+0000] {logging_mixin.py:190} INFO - [2024-11-10T08:56:32.151+0000] {dag.py:3239} INFO - Sync 1 DAGs
[2024-11-10T08:56:32.233+0000] {logging_mixin.py:190} INFO - [2024-11-10T08:56:32.232+0000] {dag.py:4180} INFO - Setting next_dagrun for example_workday_timetable to 2021-01-04 00:00:00+00:00, run_after=2021-01-05 00:00:00+00:00
[2024-11-10T08:56:32.248+0000] {processor.py:208} INFO - Processing /home/airflow/.local/lib/python3.12/site-packages/airflow/example_dags/example_workday_timetable.py took 0.161 seconds
[2024-11-10T08:57:02.288+0000] {processor.py:186} INFO - Started process (PID=467) to work on /home/airflow/.local/lib/python3.12/site-packages/airflow/example_dags/example_workday_timetable.py
[2024-11-10T08:57:02.289+0000] {processor.py:914} INFO - Processing file /home/airflow/.local/lib/python3.12/site-packages/airflow/example_dags/example_workday_timetable.py for tasks to queue
[2024-11-10T08:57:02.291+0000] {logging_mixin.py:190} INFO - [2024-11-10T08:57:02.291+0000] {dagbag.py:588} INFO - Filling up the DagBag from /home/airflow/.local/lib/python3.12/site-packages/airflow/example_dags/example_workday_timetable.py
[2024-11-10T08:57:02.296+0000] {processor.py:925} INFO - DAG(s) 'example_workday_timetable' retrieved from /home/airflow/.local/lib/python3.12/site-packages/airflow/example_dags/example_workday_timetable.py
[2024-11-10T08:57:02.310+0000] {logging_mixin.py:190} INFO - [2024-11-10T08:57:02.309+0000] {dag.py:3239} INFO - Sync 1 DAGs
[2024-11-10T08:57:02.360+0000] {logging_mixin.py:190} INFO - [2024-11-10T08:57:02.359+0000] {dag.py:4180} INFO - Setting next_dagrun for example_workday_timetable to 2021-01-04 00:00:00+00:00, run_after=2021-01-05 00:00:00+00:00
[2024-11-10T08:57:02.378+0000] {processor.py:208} INFO - Processing /home/airflow/.local/lib/python3.12/site-packages/airflow/example_dags/example_workday_timetable.py took 0.094 seconds
[2024-11-10T08:57:32.484+0000] {processor.py:186} INFO - Started process (PID=530) to work on /home/airflow/.local/lib/python3.12/site-packages/airflow/example_dags/example_workday_timetable.py
[2024-11-10T08:57:32.485+0000] {processor.py:914} INFO - Processing file /home/airflow/.local/lib/python3.12/site-packages/airflow/example_dags/example_workday_timetable.py for tasks to queue
[2024-11-10T08:57:32.487+0000] {logging_mixin.py:190} INFO - [2024-11-10T08:57:32.487+0000] {dagbag.py:588} INFO - Filling up the DagBag from /home/airflow/.local/lib/python3.12/site-packages/airflow/example_dags/example_workday_timetable.py
[2024-11-10T08:57:32.491+0000] {processor.py:925} INFO - DAG(s) 'example_workday_timetable' retrieved from /home/airflow/.local/lib/python3.12/site-packages/airflow/example_dags/example_workday_timetable.py
[2024-11-10T08:57:32.506+0000] {logging_mixin.py:190} INFO - [2024-11-10T08:57:32.506+0000] {dag.py:3239} INFO - Sync 1 DAGs
[2024-11-10T08:57:32.557+0000] {logging_mixin.py:190} INFO - [2024-11-10T08:57:32.557+0000] {dag.py:4180} INFO - Setting next_dagrun for example_workday_timetable to 2021-01-04 00:00:00+00:00, run_after=2021-01-05 00:00:00+00:00
[2024-11-10T08:57:32.573+0000] {processor.py:208} INFO - Processing /home/airflow/.local/lib/python3.12/site-packages/airflow/example_dags/example_workday_timetable.py took 0.094 seconds
[2024-11-10T08:58:03.466+0000] {processor.py:186} INFO - Started process (PID=591) to work on /home/airflow/.local/lib/python3.12/site-packages/airflow/example_dags/example_workday_timetable.py
[2024-11-10T08:58:03.467+0000] {processor.py:914} INFO - Processing file /home/airflow/.local/lib/python3.12/site-packages/airflow/example_dags/example_workday_timetable.py for tasks to queue
[2024-11-10T08:58:03.469+0000] {logging_mixin.py:190} INFO - [2024-11-10T08:58:03.468+0000] {dagbag.py:588} INFO - Filling up the DagBag from /home/airflow/.local/lib/python3.12/site-packages/airflow/example_dags/example_workday_timetable.py
[2024-11-10T08:58:03.473+0000] {processor.py:925} INFO - DAG(s) 'example_workday_timetable' retrieved from /home/airflow/.local/lib/python3.12/site-packages/airflow/example_dags/example_workday_timetable.py
[2024-11-10T08:58:03.488+0000] {logging_mixin.py:190} INFO - [2024-11-10T08:58:03.488+0000] {dag.py:3239} INFO - Sync 1 DAGs
[2024-11-10T08:58:03.538+0000] {logging_mixin.py:190} INFO - [2024-11-10T08:58:03.538+0000] {dag.py:4180} INFO - Setting next_dagrun for example_workday_timetable to 2021-01-04 00:00:00+00:00, run_after=2021-01-05 00:00:00+00:00
[2024-11-10T08:58:03.555+0000] {processor.py:208} INFO - Processing /home/airflow/.local/lib/python3.12/site-packages/airflow/example_dags/example_workday_timetable.py took 0.094 seconds
[2024-11-10T08:58:33.595+0000] {processor.py:186} INFO - Started process (PID=654) to work on /home/airflow/.local/lib/python3.12/site-packages/airflow/example_dags/example_workday_timetable.py
[2024-11-10T08:58:33.596+0000] {processor.py:914} INFO - Processing file /home/airflow/.local/lib/python3.12/site-packages/airflow/example_dags/example_workday_timetable.py for tasks to queue
[2024-11-10T08:58:33.598+0000] {logging_mixin.py:190} INFO - [2024-11-10T08:58:33.597+0000] {dagbag.py:588} INFO - Filling up the DagBag from /home/airflow/.local/lib/python3.12/site-packages/airflow/example_dags/example_workday_timetable.py
[2024-11-10T08:58:33.602+0000] {processor.py:925} INFO - DAG(s) 'example_workday_timetable' retrieved from /home/airflow/.local/lib/python3.12/site-packages/airflow/example_dags/example_workday_timetable.py
[2024-11-10T08:58:33.619+0000] {logging_mixin.py:190} INFO - [2024-11-10T08:58:33.618+0000] {dag.py:3239} INFO - Sync 1 DAGs
[2024-11-10T08:58:33.672+0000] {logging_mixin.py:190} INFO - [2024-11-10T08:58:33.672+0000] {dag.py:4180} INFO - Setting next_dagrun for example_workday_timetable to 2021-01-04 00:00:00+00:00, run_after=2021-01-05 00:00:00+00:00
[2024-11-10T08:58:33.687+0000] {processor.py:208} INFO - Processing /home/airflow/.local/lib/python3.12/site-packages/airflow/example_dags/example_workday_timetable.py took 0.097 seconds
[2024-11-10T08:59:03.840+0000] {processor.py:186} INFO - Started process (PID=715) to work on /home/airflow/.local/lib/python3.12/site-packages/airflow/example_dags/example_workday_timetable.py
[2024-11-10T08:59:03.840+0000] {processor.py:914} INFO - Processing file /home/airflow/.local/lib/python3.12/site-packages/airflow/example_dags/example_workday_timetable.py for tasks to queue
[2024-11-10T08:59:03.842+0000] {logging_mixin.py:190} INFO - [2024-11-10T08:59:03.842+0000] {dagbag.py:588} INFO - Filling up the DagBag from /home/airflow/.local/lib/python3.12/site-packages/airflow/example_dags/example_workday_timetable.py
[2024-11-10T08:59:03.847+0000] {processor.py:925} INFO - DAG(s) 'example_workday_timetable' retrieved from /home/airflow/.local/lib/python3.12/site-packages/airflow/example_dags/example_workday_timetable.py
[2024-11-10T08:59:03.862+0000] {logging_mixin.py:190} INFO - [2024-11-10T08:59:03.861+0000] {dag.py:3239} INFO - Sync 1 DAGs
[2024-11-10T08:59:03.915+0000] {logging_mixin.py:190} INFO - [2024-11-10T08:59:03.914+0000] {dag.py:4180} INFO - Setting next_dagrun for example_workday_timetable to 2021-01-04 00:00:00+00:00, run_after=2021-01-05 00:00:00+00:00
[2024-11-10T08:59:03.930+0000] {processor.py:208} INFO - Processing /home/airflow/.local/lib/python3.12/site-packages/airflow/example_dags/example_workday_timetable.py took 0.095 seconds
[2024-11-10T08:59:34.100+0000] {processor.py:186} INFO - Started process (PID=777) to work on /home/airflow/.local/lib/python3.12/site-packages/airflow/example_dags/example_workday_timetable.py
[2024-11-10T08:59:34.101+0000] {processor.py:914} INFO - Processing file /home/airflow/.local/lib/python3.12/site-packages/airflow/example_dags/example_workday_timetable.py for tasks to queue
[2024-11-10T08:59:34.103+0000] {logging_mixin.py:190} INFO - [2024-11-10T08:59:34.102+0000] {dagbag.py:588} INFO - Filling up the DagBag from /home/airflow/.local/lib/python3.12/site-packages/airflow/example_dags/example_workday_timetable.py
[2024-11-10T08:59:34.107+0000] {processor.py:925} INFO - DAG(s) 'example_workday_timetable' retrieved from /home/airflow/.local/lib/python3.12/site-packages/airflow/example_dags/example_workday_timetable.py
[2024-11-10T08:59:34.122+0000] {logging_mixin.py:190} INFO - [2024-11-10T08:59:34.122+0000] {dag.py:3239} INFO - Sync 1 DAGs
[2024-11-10T08:59:34.173+0000] {logging_mixin.py:190} INFO - [2024-11-10T08:59:34.173+0000] {dag.py:4180} INFO - Setting next_dagrun for example_workday_timetable to 2021-01-04 00:00:00+00:00, run_after=2021-01-05 00:00:00+00:00
[2024-11-10T08:59:34.187+0000] {processor.py:208} INFO - Processing /home/airflow/.local/lib/python3.12/site-packages/airflow/example_dags/example_workday_timetable.py took 0.091 seconds
[2024-11-10T09:00:04.477+0000] {processor.py:186} INFO - Started process (PID=839) to work on /home/airflow/.local/lib/python3.12/site-packages/airflow/example_dags/example_workday_timetable.py
[2024-11-10T09:00:04.477+0000] {processor.py:914} INFO - Processing file /home/airflow/.local/lib/python3.12/site-packages/airflow/example_dags/example_workday_timetable.py for tasks to queue
[2024-11-10T09:00:04.479+0000] {logging_mixin.py:190} INFO - [2024-11-10T09:00:04.479+0000] {dagbag.py:588} INFO - Filling up the DagBag from /home/airflow/.local/lib/python3.12/site-packages/airflow/example_dags/example_workday_timetable.py
[2024-11-10T09:00:04.484+0000] {processor.py:925} INFO - DAG(s) 'example_workday_timetable' retrieved from /home/airflow/.local/lib/python3.12/site-packages/airflow/example_dags/example_workday_timetable.py
[2024-11-10T09:00:04.502+0000] {logging_mixin.py:190} INFO - [2024-11-10T09:00:04.502+0000] {dag.py:3239} INFO - Sync 1 DAGs
[2024-11-10T09:00:04.557+0000] {logging_mixin.py:190} INFO - [2024-11-10T09:00:04.557+0000] {dag.py:4180} INFO - Setting next_dagrun for example_workday_timetable to 2021-01-04 00:00:00+00:00, run_after=2021-01-05 00:00:00+00:00
[2024-11-10T09:00:04.573+0000] {processor.py:208} INFO - Processing /home/airflow/.local/lib/python3.12/site-packages/airflow/example_dags/example_workday_timetable.py took 0.101 seconds
[2024-11-10T09:00:34.812+0000] {processor.py:186} INFO - Started process (PID=902) to work on /home/airflow/.local/lib/python3.12/site-packages/airflow/example_dags/example_workday_timetable.py
[2024-11-10T09:00:34.813+0000] {processor.py:914} INFO - Processing file /home/airflow/.local/lib/python3.12/site-packages/airflow/example_dags/example_workday_timetable.py for tasks to queue
[2024-11-10T09:00:34.816+0000] {logging_mixin.py:190} INFO - [2024-11-10T09:00:34.815+0000] {dagbag.py:588} INFO - Filling up the DagBag from /home/airflow/.local/lib/python3.12/site-packages/airflow/example_dags/example_workday_timetable.py
[2024-11-10T09:00:34.820+0000] {processor.py:925} INFO - DAG(s) 'example_workday_timetable' retrieved from /home/airflow/.local/lib/python3.12/site-packages/airflow/example_dags/example_workday_timetable.py
[2024-11-10T09:00:34.837+0000] {logging_mixin.py:190} INFO - [2024-11-10T09:00:34.837+0000] {dag.py:3239} INFO - Sync 1 DAGs
[2024-11-10T09:00:34.892+0000] {logging_mixin.py:190} INFO - [2024-11-10T09:00:34.892+0000] {dag.py:4180} INFO - Setting next_dagrun for example_workday_timetable to 2021-01-04 00:00:00+00:00, run_after=2021-01-05 00:00:00+00:00
[2024-11-10T09:00:34.907+0000] {processor.py:208} INFO - Processing /home/airflow/.local/lib/python3.12/site-packages/airflow/example_dags/example_workday_timetable.py took 0.101 seconds
[2024-11-10T09:01:05.221+0000] {processor.py:186} INFO - Started process (PID=963) to work on /home/airflow/.local/lib/python3.12/site-packages/airflow/example_dags/example_workday_timetable.py
[2024-11-10T09:01:05.222+0000] {processor.py:914} INFO - Processing file /home/airflow/.local/lib/python3.12/site-packages/airflow/example_dags/example_workday_timetable.py for tasks to queue
[2024-11-10T09:01:05.224+0000] {logging_mixin.py:190} INFO - [2024-11-10T09:01:05.224+0000] {dagbag.py:588} INFO - Filling up the DagBag from /home/airflow/.local/lib/python3.12/site-packages/airflow/example_dags/example_workday_timetable.py
[2024-11-10T09:01:05.228+0000] {processor.py:925} INFO - DAG(s) 'example_workday_timetable' retrieved from /home/airflow/.local/lib/python3.12/site-packages/airflow/example_dags/example_workday_timetable.py
[2024-11-10T09:01:05.242+0000] {logging_mixin.py:190} INFO - [2024-11-10T09:01:05.242+0000] {dag.py:3239} INFO - Sync 1 DAGs
[2024-11-10T09:01:05.293+0000] {logging_mixin.py:190} INFO - [2024-11-10T09:01:05.293+0000] {dag.py:4180} INFO - Setting next_dagrun for example_workday_timetable to 2021-01-04 00:00:00+00:00, run_after=2021-01-05 00:00:00+00:00
[2024-11-10T09:01:05.308+0000] {processor.py:208} INFO - Processing /home/airflow/.local/lib/python3.12/site-packages/airflow/example_dags/example_workday_timetable.py took 0.092 seconds
[2024-11-10T09:01:35.487+0000] {processor.py:186} INFO - Started process (PID=1025) to work on /home/airflow/.local/lib/python3.12/site-packages/airflow/example_dags/example_workday_timetable.py
[2024-11-10T09:01:35.488+0000] {processor.py:914} INFO - Processing file /home/airflow/.local/lib/python3.12/site-packages/airflow/example_dags/example_workday_timetable.py for tasks to queue
[2024-11-10T09:01:35.490+0000] {logging_mixin.py:190} INFO - [2024-11-10T09:01:35.490+0000] {dagbag.py:588} INFO - Filling up the DagBag from /home/airflow/.local/lib/python3.12/site-packages/airflow/example_dags/example_workday_timetable.py
[2024-11-10T09:01:35.494+0000] {processor.py:925} INFO - DAG(s) 'example_workday_timetable' retrieved from /home/airflow/.local/lib/python3.12/site-packages/airflow/example_dags/example_workday_timetable.py
[2024-11-10T09:01:35.509+0000] {logging_mixin.py:190} INFO - [2024-11-10T09:01:35.509+0000] {dag.py:3239} INFO - Sync 1 DAGs
[2024-11-10T09:01:35.561+0000] {logging_mixin.py:190} INFO - [2024-11-10T09:01:35.561+0000] {dag.py:4180} INFO - Setting next_dagrun for example_workday_timetable to 2021-01-04 00:00:00+00:00, run_after=2021-01-05 00:00:00+00:00
[2024-11-10T09:01:35.577+0000] {processor.py:208} INFO - Processing /home/airflow/.local/lib/python3.12/site-packages/airflow/example_dags/example_workday_timetable.py took 0.094 seconds
[2024-11-10T09:02:05.704+0000] {processor.py:186} INFO - Started process (PID=1087) to work on /home/airflow/.local/lib/python3.12/site-packages/airflow/example_dags/example_workday_timetable.py
[2024-11-10T09:02:05.705+0000] {processor.py:914} INFO - Processing file /home/airflow/.local/lib/python3.12/site-packages/airflow/example_dags/example_workday_timetable.py for tasks to queue
[2024-11-10T09:02:05.707+0000] {logging_mixin.py:190} INFO - [2024-11-10T09:02:05.707+0000] {dagbag.py:588} INFO - Filling up the DagBag from /home/airflow/.local/lib/python3.12/site-packages/airflow/example_dags/example_workday_timetable.py
[2024-11-10T09:02:05.712+0000] {processor.py:925} INFO - DAG(s) 'example_workday_timetable' retrieved from /home/airflow/.local/lib/python3.12/site-packages/airflow/example_dags/example_workday_timetable.py
[2024-11-10T09:02:05.726+0000] {logging_mixin.py:190} INFO - [2024-11-10T09:02:05.726+0000] {dag.py:3239} INFO - Sync 1 DAGs
[2024-11-10T09:02:05.777+0000] {logging_mixin.py:190} INFO - [2024-11-10T09:02:05.777+0000] {dag.py:4180} INFO - Setting next_dagrun for example_workday_timetable to 2021-01-04 00:00:00+00:00, run_after=2021-01-05 00:00:00+00:00
[2024-11-10T09:02:05.793+0000] {processor.py:208} INFO - Processing /home/airflow/.local/lib/python3.12/site-packages/airflow/example_dags/example_workday_timetable.py took 0.093 seconds
[2024-11-10T09:02:36.799+0000] {processor.py:186} INFO - Started process (PID=1149) to work on /home/airflow/.local/lib/python3.12/site-packages/airflow/example_dags/example_workday_timetable.py
[2024-11-10T09:02:36.800+0000] {processor.py:914} INFO - Processing file /home/airflow/.local/lib/python3.12/site-packages/airflow/example_dags/example_workday_timetable.py for tasks to queue
[2024-11-10T09:02:36.801+0000] {logging_mixin.py:190} INFO - [2024-11-10T09:02:36.801+0000] {dagbag.py:588} INFO - Filling up the DagBag from /home/airflow/.local/lib/python3.12/site-packages/airflow/example_dags/example_workday_timetable.py
[2024-11-10T09:02:36.806+0000] {processor.py:925} INFO - DAG(s) 'example_workday_timetable' retrieved from /home/airflow/.local/lib/python3.12/site-packages/airflow/example_dags/example_workday_timetable.py
[2024-11-10T09:02:36.820+0000] {logging_mixin.py:190} INFO - [2024-11-10T09:02:36.820+0000] {dag.py:3239} INFO - Sync 1 DAGs
[2024-11-10T09:02:36.870+0000] {logging_mixin.py:190} INFO - [2024-11-10T09:02:36.870+0000] {dag.py:4180} INFO - Setting next_dagrun for example_workday_timetable to 2021-01-04 00:00:00+00:00, run_after=2021-01-05 00:00:00+00:00
[2024-11-10T09:02:36.886+0000] {processor.py:208} INFO - Processing /home/airflow/.local/lib/python3.12/site-packages/airflow/example_dags/example_workday_timetable.py took 0.093 seconds
[2024-11-10T09:03:07.663+0000] {processor.py:186} INFO - Started process (PID=1211) to work on /home/airflow/.local/lib/python3.12/site-packages/airflow/example_dags/example_workday_timetable.py
[2024-11-10T09:03:07.664+0000] {processor.py:914} INFO - Processing file /home/airflow/.local/lib/python3.12/site-packages/airflow/example_dags/example_workday_timetable.py for tasks to queue
[2024-11-10T09:03:07.666+0000] {logging_mixin.py:190} INFO - [2024-11-10T09:03:07.666+0000] {dagbag.py:588} INFO - Filling up the DagBag from /home/airflow/.local/lib/python3.12/site-packages/airflow/example_dags/example_workday_timetable.py
[2024-11-10T09:03:07.670+0000] {processor.py:925} INFO - DAG(s) 'example_workday_timetable' retrieved from /home/airflow/.local/lib/python3.12/site-packages/airflow/example_dags/example_workday_timetable.py
[2024-11-10T09:03:07.685+0000] {logging_mixin.py:190} INFO - [2024-11-10T09:03:07.685+0000] {dag.py:3239} INFO - Sync 1 DAGs
[2024-11-10T09:03:07.736+0000] {logging_mixin.py:190} INFO - [2024-11-10T09:03:07.736+0000] {dag.py:4180} INFO - Setting next_dagrun for example_workday_timetable to 2021-01-04 00:00:00+00:00, run_after=2021-01-05 00:00:00+00:00
[2024-11-10T09:03:07.752+0000] {processor.py:208} INFO - Processing /home/airflow/.local/lib/python3.12/site-packages/airflow/example_dags/example_workday_timetable.py took 0.093 seconds
[2024-11-10T09:03:38.729+0000] {processor.py:186} INFO - Started process (PID=1273) to work on /home/airflow/.local/lib/python3.12/site-packages/airflow/example_dags/example_workday_timetable.py
[2024-11-10T09:03:38.730+0000] {processor.py:914} INFO - Processing file /home/airflow/.local/lib/python3.12/site-packages/airflow/example_dags/example_workday_timetable.py for tasks to queue
[2024-11-10T09:03:38.732+0000] {logging_mixin.py:190} INFO - [2024-11-10T09:03:38.731+0000] {dagbag.py:588} INFO - Filling up the DagBag from /home/airflow/.local/lib/python3.12/site-packages/airflow/example_dags/example_workday_timetable.py
[2024-11-10T09:03:38.736+0000] {processor.py:925} INFO - DAG(s) 'example_workday_timetable' retrieved from /home/airflow/.local/lib/python3.12/site-packages/airflow/example_dags/example_workday_timetable.py
[2024-11-10T09:03:38.751+0000] {logging_mixin.py:190} INFO - [2024-11-10T09:03:38.750+0000] {dag.py:3239} INFO - Sync 1 DAGs
[2024-11-10T09:03:38.801+0000] {logging_mixin.py:190} INFO - [2024-11-10T09:03:38.801+0000] {dag.py:4180} INFO - Setting next_dagrun for example_workday_timetable to 2021-01-04 00:00:00+00:00, run_after=2021-01-05 00:00:00+00:00
[2024-11-10T09:03:38.817+0000] {processor.py:208} INFO - Processing /home/airflow/.local/lib/python3.12/site-packages/airflow/example_dags/example_workday_timetable.py took 0.092 seconds
[2024-11-10T09:04:08.921+0000] {processor.py:186} INFO - Started process (PID=1336) to work on /home/airflow/.local/lib/python3.12/site-packages/airflow/example_dags/example_workday_timetable.py
[2024-11-10T09:04:08.922+0000] {processor.py:914} INFO - Processing file /home/airflow/.local/lib/python3.12/site-packages/airflow/example_dags/example_workday_timetable.py for tasks to queue
[2024-11-10T09:04:08.924+0000] {logging_mixin.py:190} INFO - [2024-11-10T09:04:08.923+0000] {dagbag.py:588} INFO - Filling up the DagBag from /home/airflow/.local/lib/python3.12/site-packages/airflow/example_dags/example_workday_timetable.py
[2024-11-10T09:04:08.928+0000] {processor.py:925} INFO - DAG(s) 'example_workday_timetable' retrieved from /home/airflow/.local/lib/python3.12/site-packages/airflow/example_dags/example_workday_timetable.py
[2024-11-10T09:04:08.943+0000] {logging_mixin.py:190} INFO - [2024-11-10T09:04:08.943+0000] {dag.py:3239} INFO - Sync 1 DAGs
[2024-11-10T09:04:08.994+0000] {logging_mixin.py:190} INFO - [2024-11-10T09:04:08.994+0000] {dag.py:4180} INFO - Setting next_dagrun for example_workday_timetable to 2021-01-04 00:00:00+00:00, run_after=2021-01-05 00:00:00+00:00
[2024-11-10T09:04:09.009+0000] {processor.py:208} INFO - Processing /home/airflow/.local/lib/python3.12/site-packages/airflow/example_dags/example_workday_timetable.py took 0.093 seconds
[2024-11-10T09:04:39.181+0000] {processor.py:186} INFO - Started process (PID=1397) to work on /home/airflow/.local/lib/python3.12/site-packages/airflow/example_dags/example_workday_timetable.py
[2024-11-10T09:04:39.182+0000] {processor.py:914} INFO - Processing file /home/airflow/.local/lib/python3.12/site-packages/airflow/example_dags/example_workday_timetable.py for tasks to queue
[2024-11-10T09:04:39.184+0000] {logging_mixin.py:190} INFO - [2024-11-10T09:04:39.183+0000] {dagbag.py:588} INFO - Filling up the DagBag from /home/airflow/.local/lib/python3.12/site-packages/airflow/example_dags/example_workday_timetable.py
[2024-11-10T09:04:39.188+0000] {processor.py:925} INFO - DAG(s) 'example_workday_timetable' retrieved from /home/airflow/.local/lib/python3.12/site-packages/airflow/example_dags/example_workday_timetable.py
[2024-11-10T09:04:39.203+0000] {logging_mixin.py:190} INFO - [2024-11-10T09:04:39.202+0000] {dag.py:3239} INFO - Sync 1 DAGs
[2024-11-10T09:04:39.255+0000] {logging_mixin.py:190} INFO - [2024-11-10T09:04:39.255+0000] {dag.py:4180} INFO - Setting next_dagrun for example_workday_timetable to 2021-01-04 00:00:00+00:00, run_after=2021-01-05 00:00:00+00:00
[2024-11-10T09:04:39.270+0000] {processor.py:208} INFO - Processing /home/airflow/.local/lib/python3.12/site-packages/airflow/example_dags/example_workday_timetable.py took 0.093 seconds
[2024-11-10T09:05:09.367+0000] {processor.py:186} INFO - Started process (PID=1459) to work on /home/airflow/.local/lib/python3.12/site-packages/airflow/example_dags/example_workday_timetable.py
[2024-11-10T09:05:09.368+0000] {processor.py:914} INFO - Processing file /home/airflow/.local/lib/python3.12/site-packages/airflow/example_dags/example_workday_timetable.py for tasks to queue
[2024-11-10T09:05:09.370+0000] {logging_mixin.py:190} INFO - [2024-11-10T09:05:09.369+0000] {dagbag.py:588} INFO - Filling up the DagBag from /home/airflow/.local/lib/python3.12/site-packages/airflow/example_dags/example_workday_timetable.py
[2024-11-10T09:05:09.375+0000] {processor.py:925} INFO - DAG(s) 'example_workday_timetable' retrieved from /home/airflow/.local/lib/python3.12/site-packages/airflow/example_dags/example_workday_timetable.py
[2024-11-10T09:05:09.400+0000] {logging_mixin.py:190} INFO - [2024-11-10T09:05:09.400+0000] {dag.py:3239} INFO - Sync 1 DAGs
[2024-11-10T09:05:09.473+0000] {logging_mixin.py:190} INFO - [2024-11-10T09:05:09.472+0000] {dag.py:4180} INFO - Setting next_dagrun for example_workday_timetable to 2021-01-04 00:00:00+00:00, run_after=2021-01-05 00:00:00+00:00
[2024-11-10T09:05:09.490+0000] {processor.py:208} INFO - Processing /home/airflow/.local/lib/python3.12/site-packages/airflow/example_dags/example_workday_timetable.py took 0.132 seconds
