[2024-11-10T08:53:29.246+0000] {processor.py:186} INFO - Started process (PID=40) to work on /home/airflow/.local/lib/python3.12/site-packages/airflow/example_dags/example_branch_labels.py
[2024-11-10T08:53:29.247+0000] {processor.py:914} INFO - Processing file /home/airflow/.local/lib/python3.12/site-packages/airflow/example_dags/example_branch_labels.py for tasks to queue
[2024-11-10T08:53:29.249+0000] {logging_mixin.py:190} INFO - [2024-11-10T08:53:29.249+0000] {dagbag.py:588} INFO - Filling up the DagBag from /home/airflow/.local/lib/python3.12/site-packages/airflow/example_dags/example_branch_labels.py
[2024-11-10T08:53:29.259+0000] {processor.py:925} INFO - DAG(s) 'example_branch_labels' retrieved from /home/airflow/.local/lib/python3.12/site-packages/airflow/example_dags/example_branch_labels.py
[2024-11-10T08:53:29.346+0000] {logging_mixin.py:190} INFO - [2024-11-10T08:53:29.346+0000] {override.py:1900} INFO - Created Permission View: can delete on DAG:example_branch_labels
[2024-11-10T08:53:29.355+0000] {logging_mixin.py:190} INFO - [2024-11-10T08:53:29.355+0000] {override.py:1900} INFO - Created Permission View: can edit on DAG:example_branch_labels
[2024-11-10T08:53:29.361+0000] {logging_mixin.py:190} INFO - [2024-11-10T08:53:29.361+0000] {override.py:1900} INFO - Created Permission View: can read on DAG:example_branch_labels
[2024-11-10T08:53:29.368+0000] {logging_mixin.py:190} INFO - [2024-11-10T08:53:29.368+0000] {override.py:1900} INFO - Created Permission View: menu access on DAG Run:example_branch_labels
[2024-11-10T08:53:29.374+0000] {logging_mixin.py:190} INFO - [2024-11-10T08:53:29.374+0000] {override.py:1900} INFO - Created Permission View: can delete on DAG Run:example_branch_labels
[2024-11-10T08:53:29.381+0000] {logging_mixin.py:190} INFO - [2024-11-10T08:53:29.380+0000] {override.py:1900} INFO - Created Permission View: can create on DAG Run:example_branch_labels
[2024-11-10T08:53:29.386+0000] {logging_mixin.py:190} INFO - [2024-11-10T08:53:29.386+0000] {override.py:1900} INFO - Created Permission View: can read on DAG Run:example_branch_labels
[2024-11-10T08:53:29.387+0000] {logging_mixin.py:190} INFO - [2024-11-10T08:53:29.387+0000] {dag.py:3239} INFO - Sync 1 DAGs
[2024-11-10T08:53:29.398+0000] {logging_mixin.py:190} INFO - [2024-11-10T08:53:29.398+0000] {dag.py:3262} INFO - Creating ORM DAG for example_branch_labels
[2024-11-10T08:53:29.409+0000] {logging_mixin.py:190} INFO - [2024-11-10T08:53:29.408+0000] {dag.py:4180} INFO - Setting next_dagrun for example_branch_labels to 2024-11-09 00:00:00+00:00, run_after=2024-11-10 00:00:00+00:00
[2024-11-10T08:53:29.425+0000] {processor.py:208} INFO - Processing /home/airflow/.local/lib/python3.12/site-packages/airflow/example_dags/example_branch_labels.py took 0.184 seconds
[2024-11-10T08:53:59.476+0000] {processor.py:186} INFO - Started process (PID=102) to work on /home/airflow/.local/lib/python3.12/site-packages/airflow/example_dags/example_branch_labels.py
[2024-11-10T08:53:59.477+0000] {processor.py:914} INFO - Processing file /home/airflow/.local/lib/python3.12/site-packages/airflow/example_dags/example_branch_labels.py for tasks to queue
[2024-11-10T08:53:59.479+0000] {logging_mixin.py:190} INFO - [2024-11-10T08:53:59.479+0000] {dagbag.py:588} INFO - Filling up the DagBag from /home/airflow/.local/lib/python3.12/site-packages/airflow/example_dags/example_branch_labels.py
[2024-11-10T08:53:59.487+0000] {processor.py:925} INFO - DAG(s) 'example_branch_labels' retrieved from /home/airflow/.local/lib/python3.12/site-packages/airflow/example_dags/example_branch_labels.py
[2024-11-10T08:53:59.503+0000] {logging_mixin.py:190} INFO - [2024-11-10T08:53:59.503+0000] {dag.py:3239} INFO - Sync 1 DAGs
[2024-11-10T08:53:59.521+0000] {logging_mixin.py:190} INFO - [2024-11-10T08:53:59.521+0000] {dag.py:4180} INFO - Setting next_dagrun for example_branch_labels to 2024-11-09 00:00:00+00:00, run_after=2024-11-10 00:00:00+00:00
[2024-11-10T08:53:59.536+0000] {processor.py:208} INFO - Processing /home/airflow/.local/lib/python3.12/site-packages/airflow/example_dags/example_branch_labels.py took 0.065 seconds
[2024-11-10T08:54:29.615+0000] {processor.py:186} INFO - Started process (PID=164) to work on /home/airflow/.local/lib/python3.12/site-packages/airflow/example_dags/example_branch_labels.py
[2024-11-10T08:54:29.616+0000] {processor.py:914} INFO - Processing file /home/airflow/.local/lib/python3.12/site-packages/airflow/example_dags/example_branch_labels.py for tasks to queue
[2024-11-10T08:54:29.618+0000] {logging_mixin.py:190} INFO - [2024-11-10T08:54:29.617+0000] {dagbag.py:588} INFO - Filling up the DagBag from /home/airflow/.local/lib/python3.12/site-packages/airflow/example_dags/example_branch_labels.py
[2024-11-10T08:54:29.626+0000] {processor.py:925} INFO - DAG(s) 'example_branch_labels' retrieved from /home/airflow/.local/lib/python3.12/site-packages/airflow/example_dags/example_branch_labels.py
[2024-11-10T08:54:29.642+0000] {logging_mixin.py:190} INFO - [2024-11-10T08:54:29.642+0000] {dag.py:3239} INFO - Sync 1 DAGs
[2024-11-10T08:54:29.661+0000] {logging_mixin.py:190} INFO - [2024-11-10T08:54:29.661+0000] {dag.py:4180} INFO - Setting next_dagrun for example_branch_labels to 2024-11-09 00:00:00+00:00, run_after=2024-11-10 00:00:00+00:00
[2024-11-10T08:54:29.676+0000] {processor.py:208} INFO - Processing /home/airflow/.local/lib/python3.12/site-packages/airflow/example_dags/example_branch_labels.py took 0.066 seconds
[2024-11-10T08:54:59.841+0000] {processor.py:186} INFO - Started process (PID=226) to work on /home/airflow/.local/lib/python3.12/site-packages/airflow/example_dags/example_branch_labels.py
[2024-11-10T08:54:59.842+0000] {processor.py:914} INFO - Processing file /home/airflow/.local/lib/python3.12/site-packages/airflow/example_dags/example_branch_labels.py for tasks to queue
[2024-11-10T08:54:59.844+0000] {logging_mixin.py:190} INFO - [2024-11-10T08:54:59.843+0000] {dagbag.py:588} INFO - Filling up the DagBag from /home/airflow/.local/lib/python3.12/site-packages/airflow/example_dags/example_branch_labels.py
[2024-11-10T08:54:59.851+0000] {processor.py:925} INFO - DAG(s) 'example_branch_labels' retrieved from /home/airflow/.local/lib/python3.12/site-packages/airflow/example_dags/example_branch_labels.py
[2024-11-10T08:54:59.868+0000] {logging_mixin.py:190} INFO - [2024-11-10T08:54:59.868+0000] {dag.py:3239} INFO - Sync 1 DAGs
[2024-11-10T08:54:59.887+0000] {logging_mixin.py:190} INFO - [2024-11-10T08:54:59.887+0000] {dag.py:4180} INFO - Setting next_dagrun for example_branch_labels to 2024-11-09 00:00:00+00:00, run_after=2024-11-10 00:00:00+00:00
[2024-11-10T08:54:59.903+0000] {processor.py:208} INFO - Processing /home/airflow/.local/lib/python3.12/site-packages/airflow/example_dags/example_branch_labels.py took 0.067 seconds
[2024-11-10T08:55:30.642+0000] {processor.py:186} INFO - Started process (PID=288) to work on /home/airflow/.local/lib/python3.12/site-packages/airflow/example_dags/example_branch_labels.py
[2024-11-10T08:55:30.643+0000] {processor.py:914} INFO - Processing file /home/airflow/.local/lib/python3.12/site-packages/airflow/example_dags/example_branch_labels.py for tasks to queue
[2024-11-10T08:55:30.645+0000] {logging_mixin.py:190} INFO - [2024-11-10T08:55:30.645+0000] {dagbag.py:588} INFO - Filling up the DagBag from /home/airflow/.local/lib/python3.12/site-packages/airflow/example_dags/example_branch_labels.py
[2024-11-10T08:55:30.653+0000] {processor.py:925} INFO - DAG(s) 'example_branch_labels' retrieved from /home/airflow/.local/lib/python3.12/site-packages/airflow/example_dags/example_branch_labels.py
[2024-11-10T08:55:30.669+0000] {logging_mixin.py:190} INFO - [2024-11-10T08:55:30.669+0000] {dag.py:3239} INFO - Sync 1 DAGs
[2024-11-10T08:55:30.688+0000] {logging_mixin.py:190} INFO - [2024-11-10T08:55:30.688+0000] {dag.py:4180} INFO - Setting next_dagrun for example_branch_labels to 2024-11-09 00:00:00+00:00, run_after=2024-11-10 00:00:00+00:00
[2024-11-10T08:55:30.702+0000] {processor.py:208} INFO - Processing /home/airflow/.local/lib/python3.12/site-packages/airflow/example_dags/example_branch_labels.py took 0.064 seconds
[2024-11-10T08:56:01.556+0000] {processor.py:186} INFO - Started process (PID=350) to work on /home/airflow/.local/lib/python3.12/site-packages/airflow/example_dags/example_branch_labels.py
[2024-11-10T08:56:01.557+0000] {processor.py:914} INFO - Processing file /home/airflow/.local/lib/python3.12/site-packages/airflow/example_dags/example_branch_labels.py for tasks to queue
[2024-11-10T08:56:01.559+0000] {logging_mixin.py:190} INFO - [2024-11-10T08:56:01.559+0000] {dagbag.py:588} INFO - Filling up the DagBag from /home/airflow/.local/lib/python3.12/site-packages/airflow/example_dags/example_branch_labels.py
[2024-11-10T08:56:01.567+0000] {processor.py:925} INFO - DAG(s) 'example_branch_labels' retrieved from /home/airflow/.local/lib/python3.12/site-packages/airflow/example_dags/example_branch_labels.py
[2024-11-10T08:56:01.584+0000] {logging_mixin.py:190} INFO - [2024-11-10T08:56:01.584+0000] {dag.py:3239} INFO - Sync 1 DAGs
[2024-11-10T08:56:01.603+0000] {logging_mixin.py:190} INFO - [2024-11-10T08:56:01.603+0000] {dag.py:4180} INFO - Setting next_dagrun for example_branch_labels to 2024-11-09 00:00:00+00:00, run_after=2024-11-10 00:00:00+00:00
[2024-11-10T08:56:01.618+0000] {processor.py:208} INFO - Processing /home/airflow/.local/lib/python3.12/site-packages/airflow/example_dags/example_branch_labels.py took 0.067 seconds
[2024-11-10T08:56:32.590+0000] {processor.py:186} INFO - Started process (PID=412) to work on /home/airflow/.local/lib/python3.12/site-packages/airflow/example_dags/example_branch_labels.py
[2024-11-10T08:56:32.591+0000] {processor.py:914} INFO - Processing file /home/airflow/.local/lib/python3.12/site-packages/airflow/example_dags/example_branch_labels.py for tasks to queue
[2024-11-10T08:56:32.593+0000] {logging_mixin.py:190} INFO - [2024-11-10T08:56:32.593+0000] {dagbag.py:588} INFO - Filling up the DagBag from /home/airflow/.local/lib/python3.12/site-packages/airflow/example_dags/example_branch_labels.py
[2024-11-10T08:56:32.601+0000] {processor.py:925} INFO - DAG(s) 'example_branch_labels' retrieved from /home/airflow/.local/lib/python3.12/site-packages/airflow/example_dags/example_branch_labels.py
[2024-11-10T08:56:32.619+0000] {logging_mixin.py:190} INFO - [2024-11-10T08:56:32.619+0000] {dag.py:3239} INFO - Sync 1 DAGs
[2024-11-10T08:56:32.639+0000] {logging_mixin.py:190} INFO - [2024-11-10T08:56:32.639+0000] {dag.py:4180} INFO - Setting next_dagrun for example_branch_labels to 2024-11-09 00:00:00+00:00, run_after=2024-11-10 00:00:00+00:00
[2024-11-10T08:56:32.654+0000] {processor.py:208} INFO - Processing /home/airflow/.local/lib/python3.12/site-packages/airflow/example_dags/example_branch_labels.py took 0.068 seconds
[2024-11-10T08:57:02.854+0000] {processor.py:186} INFO - Started process (PID=474) to work on /home/airflow/.local/lib/python3.12/site-packages/airflow/example_dags/example_branch_labels.py
[2024-11-10T08:57:02.855+0000] {processor.py:914} INFO - Processing file /home/airflow/.local/lib/python3.12/site-packages/airflow/example_dags/example_branch_labels.py for tasks to queue
[2024-11-10T08:57:02.857+0000] {logging_mixin.py:190} INFO - [2024-11-10T08:57:02.857+0000] {dagbag.py:588} INFO - Filling up the DagBag from /home/airflow/.local/lib/python3.12/site-packages/airflow/example_dags/example_branch_labels.py
[2024-11-10T08:57:02.865+0000] {processor.py:925} INFO - DAG(s) 'example_branch_labels' retrieved from /home/airflow/.local/lib/python3.12/site-packages/airflow/example_dags/example_branch_labels.py
[2024-11-10T08:57:02.880+0000] {logging_mixin.py:190} INFO - [2024-11-10T08:57:02.880+0000] {dag.py:3239} INFO - Sync 1 DAGs
[2024-11-10T08:57:02.900+0000] {logging_mixin.py:190} INFO - [2024-11-10T08:57:02.900+0000] {dag.py:4180} INFO - Setting next_dagrun for example_branch_labels to 2024-11-09 00:00:00+00:00, run_after=2024-11-10 00:00:00+00:00
[2024-11-10T08:57:02.915+0000] {processor.py:208} INFO - Processing /home/airflow/.local/lib/python3.12/site-packages/airflow/example_dags/example_branch_labels.py took 0.065 seconds
[2024-11-10T08:57:33.893+0000] {processor.py:186} INFO - Started process (PID=536) to work on /home/airflow/.local/lib/python3.12/site-packages/airflow/example_dags/example_branch_labels.py
[2024-11-10T08:57:33.894+0000] {processor.py:914} INFO - Processing file /home/airflow/.local/lib/python3.12/site-packages/airflow/example_dags/example_branch_labels.py for tasks to queue
[2024-11-10T08:57:33.897+0000] {logging_mixin.py:190} INFO - [2024-11-10T08:57:33.896+0000] {dagbag.py:588} INFO - Filling up the DagBag from /home/airflow/.local/lib/python3.12/site-packages/airflow/example_dags/example_branch_labels.py
[2024-11-10T08:57:33.906+0000] {processor.py:925} INFO - DAG(s) 'example_branch_labels' retrieved from /home/airflow/.local/lib/python3.12/site-packages/airflow/example_dags/example_branch_labels.py
[2024-11-10T08:57:33.923+0000] {logging_mixin.py:190} INFO - [2024-11-10T08:57:33.922+0000] {dag.py:3239} INFO - Sync 1 DAGs
[2024-11-10T08:57:33.947+0000] {logging_mixin.py:190} INFO - [2024-11-10T08:57:33.947+0000] {dag.py:4180} INFO - Setting next_dagrun for example_branch_labels to 2024-11-09 00:00:00+00:00, run_after=2024-11-10 00:00:00+00:00
[2024-11-10T08:57:33.965+0000] {processor.py:208} INFO - Processing /home/airflow/.local/lib/python3.12/site-packages/airflow/example_dags/example_branch_labels.py took 0.077 seconds
[2024-11-10T08:58:04.879+0000] {processor.py:186} INFO - Started process (PID=598) to work on /home/airflow/.local/lib/python3.12/site-packages/airflow/example_dags/example_branch_labels.py
[2024-11-10T08:58:04.880+0000] {processor.py:914} INFO - Processing file /home/airflow/.local/lib/python3.12/site-packages/airflow/example_dags/example_branch_labels.py for tasks to queue
[2024-11-10T08:58:04.882+0000] {logging_mixin.py:190} INFO - [2024-11-10T08:58:04.882+0000] {dagbag.py:588} INFO - Filling up the DagBag from /home/airflow/.local/lib/python3.12/site-packages/airflow/example_dags/example_branch_labels.py
[2024-11-10T08:58:04.889+0000] {processor.py:925} INFO - DAG(s) 'example_branch_labels' retrieved from /home/airflow/.local/lib/python3.12/site-packages/airflow/example_dags/example_branch_labels.py
[2024-11-10T08:58:04.906+0000] {logging_mixin.py:190} INFO - [2024-11-10T08:58:04.905+0000] {dag.py:3239} INFO - Sync 1 DAGs
[2024-11-10T08:58:04.925+0000] {logging_mixin.py:190} INFO - [2024-11-10T08:58:04.925+0000] {dag.py:4180} INFO - Setting next_dagrun for example_branch_labels to 2024-11-09 00:00:00+00:00, run_after=2024-11-10 00:00:00+00:00
[2024-11-10T08:58:04.940+0000] {processor.py:208} INFO - Processing /home/airflow/.local/lib/python3.12/site-packages/airflow/example_dags/example_branch_labels.py took 0.066 seconds
[2024-11-10T08:58:36.019+0000] {processor.py:186} INFO - Started process (PID=660) to work on /home/airflow/.local/lib/python3.12/site-packages/airflow/example_dags/example_branch_labels.py
[2024-11-10T08:58:36.020+0000] {processor.py:914} INFO - Processing file /home/airflow/.local/lib/python3.12/site-packages/airflow/example_dags/example_branch_labels.py for tasks to queue
[2024-11-10T08:58:36.022+0000] {logging_mixin.py:190} INFO - [2024-11-10T08:58:36.021+0000] {dagbag.py:588} INFO - Filling up the DagBag from /home/airflow/.local/lib/python3.12/site-packages/airflow/example_dags/example_branch_labels.py
[2024-11-10T08:58:36.029+0000] {processor.py:925} INFO - DAG(s) 'example_branch_labels' retrieved from /home/airflow/.local/lib/python3.12/site-packages/airflow/example_dags/example_branch_labels.py
[2024-11-10T08:58:36.045+0000] {logging_mixin.py:190} INFO - [2024-11-10T08:58:36.045+0000] {dag.py:3239} INFO - Sync 1 DAGs
[2024-11-10T08:58:36.064+0000] {logging_mixin.py:190} INFO - [2024-11-10T08:58:36.064+0000] {dag.py:4180} INFO - Setting next_dagrun for example_branch_labels to 2024-11-09 00:00:00+00:00, run_after=2024-11-10 00:00:00+00:00
[2024-11-10T08:58:36.080+0000] {processor.py:208} INFO - Processing /home/airflow/.local/lib/python3.12/site-packages/airflow/example_dags/example_branch_labels.py took 0.065 seconds
[2024-11-10T08:59:06.265+0000] {processor.py:186} INFO - Started process (PID=722) to work on /home/airflow/.local/lib/python3.12/site-packages/airflow/example_dags/example_branch_labels.py
[2024-11-10T08:59:06.265+0000] {processor.py:914} INFO - Processing file /home/airflow/.local/lib/python3.12/site-packages/airflow/example_dags/example_branch_labels.py for tasks to queue
[2024-11-10T08:59:06.267+0000] {logging_mixin.py:190} INFO - [2024-11-10T08:59:06.267+0000] {dagbag.py:588} INFO - Filling up the DagBag from /home/airflow/.local/lib/python3.12/site-packages/airflow/example_dags/example_branch_labels.py
[2024-11-10T08:59:06.275+0000] {processor.py:925} INFO - DAG(s) 'example_branch_labels' retrieved from /home/airflow/.local/lib/python3.12/site-packages/airflow/example_dags/example_branch_labels.py
[2024-11-10T08:59:06.291+0000] {logging_mixin.py:190} INFO - [2024-11-10T08:59:06.291+0000] {dag.py:3239} INFO - Sync 1 DAGs
[2024-11-10T08:59:06.310+0000] {logging_mixin.py:190} INFO - [2024-11-10T08:59:06.310+0000] {dag.py:4180} INFO - Setting next_dagrun for example_branch_labels to 2024-11-09 00:00:00+00:00, run_after=2024-11-10 00:00:00+00:00
[2024-11-10T08:59:06.327+0000] {processor.py:208} INFO - Processing /home/airflow/.local/lib/python3.12/site-packages/airflow/example_dags/example_branch_labels.py took 0.067 seconds
[2024-11-10T08:59:36.515+0000] {processor.py:186} INFO - Started process (PID=784) to work on /home/airflow/.local/lib/python3.12/site-packages/airflow/example_dags/example_branch_labels.py
[2024-11-10T08:59:36.516+0000] {processor.py:914} INFO - Processing file /home/airflow/.local/lib/python3.12/site-packages/airflow/example_dags/example_branch_labels.py for tasks to queue
[2024-11-10T08:59:36.518+0000] {logging_mixin.py:190} INFO - [2024-11-10T08:59:36.518+0000] {dagbag.py:588} INFO - Filling up the DagBag from /home/airflow/.local/lib/python3.12/site-packages/airflow/example_dags/example_branch_labels.py
[2024-11-10T08:59:36.526+0000] {processor.py:925} INFO - DAG(s) 'example_branch_labels' retrieved from /home/airflow/.local/lib/python3.12/site-packages/airflow/example_dags/example_branch_labels.py
[2024-11-10T08:59:36.541+0000] {logging_mixin.py:190} INFO - [2024-11-10T08:59:36.541+0000] {dag.py:3239} INFO - Sync 1 DAGs
[2024-11-10T08:59:36.561+0000] {logging_mixin.py:190} INFO - [2024-11-10T08:59:36.561+0000] {dag.py:4180} INFO - Setting next_dagrun for example_branch_labels to 2024-11-09 00:00:00+00:00, run_after=2024-11-10 00:00:00+00:00
[2024-11-10T08:59:36.575+0000] {processor.py:208} INFO - Processing /home/airflow/.local/lib/python3.12/site-packages/airflow/example_dags/example_branch_labels.py took 0.065 seconds
[2024-11-10T09:00:06.902+0000] {processor.py:186} INFO - Started process (PID=846) to work on /home/airflow/.local/lib/python3.12/site-packages/airflow/example_dags/example_branch_labels.py
[2024-11-10T09:00:06.902+0000] {processor.py:914} INFO - Processing file /home/airflow/.local/lib/python3.12/site-packages/airflow/example_dags/example_branch_labels.py for tasks to queue
[2024-11-10T09:00:06.904+0000] {logging_mixin.py:190} INFO - [2024-11-10T09:00:06.904+0000] {dagbag.py:588} INFO - Filling up the DagBag from /home/airflow/.local/lib/python3.12/site-packages/airflow/example_dags/example_branch_labels.py
[2024-11-10T09:00:06.912+0000] {processor.py:925} INFO - DAG(s) 'example_branch_labels' retrieved from /home/airflow/.local/lib/python3.12/site-packages/airflow/example_dags/example_branch_labels.py
[2024-11-10T09:00:06.928+0000] {logging_mixin.py:190} INFO - [2024-11-10T09:00:06.928+0000] {dag.py:3239} INFO - Sync 1 DAGs
[2024-11-10T09:00:06.946+0000] {logging_mixin.py:190} INFO - [2024-11-10T09:00:06.946+0000] {dag.py:4180} INFO - Setting next_dagrun for example_branch_labels to 2024-11-09 00:00:00+00:00, run_after=2024-11-10 00:00:00+00:00
[2024-11-10T09:00:06.960+0000] {processor.py:208} INFO - Processing /home/airflow/.local/lib/python3.12/site-packages/airflow/example_dags/example_branch_labels.py took 0.063 seconds
[2024-11-10T09:00:37.325+0000] {processor.py:186} INFO - Started process (PID=908) to work on /home/airflow/.local/lib/python3.12/site-packages/airflow/example_dags/example_branch_labels.py
[2024-11-10T09:00:37.326+0000] {processor.py:914} INFO - Processing file /home/airflow/.local/lib/python3.12/site-packages/airflow/example_dags/example_branch_labels.py for tasks to queue
[2024-11-10T09:00:37.328+0000] {logging_mixin.py:190} INFO - [2024-11-10T09:00:37.328+0000] {dagbag.py:588} INFO - Filling up the DagBag from /home/airflow/.local/lib/python3.12/site-packages/airflow/example_dags/example_branch_labels.py
[2024-11-10T09:00:37.335+0000] {processor.py:925} INFO - DAG(s) 'example_branch_labels' retrieved from /home/airflow/.local/lib/python3.12/site-packages/airflow/example_dags/example_branch_labels.py
[2024-11-10T09:00:37.351+0000] {logging_mixin.py:190} INFO - [2024-11-10T09:00:37.351+0000] {dag.py:3239} INFO - Sync 1 DAGs
[2024-11-10T09:00:37.370+0000] {logging_mixin.py:190} INFO - [2024-11-10T09:00:37.370+0000] {dag.py:4180} INFO - Setting next_dagrun for example_branch_labels to 2024-11-09 00:00:00+00:00, run_after=2024-11-10 00:00:00+00:00
[2024-11-10T09:00:37.385+0000] {processor.py:208} INFO - Processing /home/airflow/.local/lib/python3.12/site-packages/airflow/example_dags/example_branch_labels.py took 0.064 seconds
[2024-11-10T09:01:07.626+0000] {processor.py:186} INFO - Started process (PID=970) to work on /home/airflow/.local/lib/python3.12/site-packages/airflow/example_dags/example_branch_labels.py
[2024-11-10T09:01:07.627+0000] {processor.py:914} INFO - Processing file /home/airflow/.local/lib/python3.12/site-packages/airflow/example_dags/example_branch_labels.py for tasks to queue
[2024-11-10T09:01:07.629+0000] {logging_mixin.py:190} INFO - [2024-11-10T09:01:07.628+0000] {dagbag.py:588} INFO - Filling up the DagBag from /home/airflow/.local/lib/python3.12/site-packages/airflow/example_dags/example_branch_labels.py
[2024-11-10T09:01:07.636+0000] {processor.py:925} INFO - DAG(s) 'example_branch_labels' retrieved from /home/airflow/.local/lib/python3.12/site-packages/airflow/example_dags/example_branch_labels.py
[2024-11-10T09:01:07.652+0000] {logging_mixin.py:190} INFO - [2024-11-10T09:01:07.652+0000] {dag.py:3239} INFO - Sync 1 DAGs
[2024-11-10T09:01:07.672+0000] {logging_mixin.py:190} INFO - [2024-11-10T09:01:07.672+0000] {dag.py:4180} INFO - Setting next_dagrun for example_branch_labels to 2024-11-09 00:00:00+00:00, run_after=2024-11-10 00:00:00+00:00
[2024-11-10T09:01:07.687+0000] {processor.py:208} INFO - Processing /home/airflow/.local/lib/python3.12/site-packages/airflow/example_dags/example_branch_labels.py took 0.065 seconds
[2024-11-10T09:01:37.991+0000] {processor.py:186} INFO - Started process (PID=1032) to work on /home/airflow/.local/lib/python3.12/site-packages/airflow/example_dags/example_branch_labels.py
[2024-11-10T09:01:37.992+0000] {processor.py:914} INFO - Processing file /home/airflow/.local/lib/python3.12/site-packages/airflow/example_dags/example_branch_labels.py for tasks to queue
[2024-11-10T09:01:37.994+0000] {logging_mixin.py:190} INFO - [2024-11-10T09:01:37.993+0000] {dagbag.py:588} INFO - Filling up the DagBag from /home/airflow/.local/lib/python3.12/site-packages/airflow/example_dags/example_branch_labels.py
[2024-11-10T09:01:38.001+0000] {processor.py:925} INFO - DAG(s) 'example_branch_labels' retrieved from /home/airflow/.local/lib/python3.12/site-packages/airflow/example_dags/example_branch_labels.py
[2024-11-10T09:01:38.017+0000] {logging_mixin.py:190} INFO - [2024-11-10T09:01:38.017+0000] {dag.py:3239} INFO - Sync 1 DAGs
[2024-11-10T09:01:38.037+0000] {logging_mixin.py:190} INFO - [2024-11-10T09:01:38.036+0000] {dag.py:4180} INFO - Setting next_dagrun for example_branch_labels to 2024-11-09 00:00:00+00:00, run_after=2024-11-10 00:00:00+00:00
[2024-11-10T09:01:38.053+0000] {processor.py:208} INFO - Processing /home/airflow/.local/lib/python3.12/site-packages/airflow/example_dags/example_branch_labels.py took 0.066 seconds
[2024-11-10T09:02:08.209+0000] {processor.py:186} INFO - Started process (PID=1094) to work on /home/airflow/.local/lib/python3.12/site-packages/airflow/example_dags/example_branch_labels.py
[2024-11-10T09:02:08.210+0000] {processor.py:914} INFO - Processing file /home/airflow/.local/lib/python3.12/site-packages/airflow/example_dags/example_branch_labels.py for tasks to queue
[2024-11-10T09:02:08.212+0000] {logging_mixin.py:190} INFO - [2024-11-10T09:02:08.212+0000] {dagbag.py:588} INFO - Filling up the DagBag from /home/airflow/.local/lib/python3.12/site-packages/airflow/example_dags/example_branch_labels.py
[2024-11-10T09:02:08.220+0000] {processor.py:925} INFO - DAG(s) 'example_branch_labels' retrieved from /home/airflow/.local/lib/python3.12/site-packages/airflow/example_dags/example_branch_labels.py
[2024-11-10T09:02:08.236+0000] {logging_mixin.py:190} INFO - [2024-11-10T09:02:08.235+0000] {dag.py:3239} INFO - Sync 1 DAGs
[2024-11-10T09:02:08.255+0000] {logging_mixin.py:190} INFO - [2024-11-10T09:02:08.254+0000] {dag.py:4180} INFO - Setting next_dagrun for example_branch_labels to 2024-11-09 00:00:00+00:00, run_after=2024-11-10 00:00:00+00:00
[2024-11-10T09:02:08.272+0000] {processor.py:208} INFO - Processing /home/airflow/.local/lib/python3.12/site-packages/airflow/example_dags/example_branch_labels.py took 0.067 seconds
[2024-11-10T09:02:39.211+0000] {processor.py:186} INFO - Started process (PID=1156) to work on /home/airflow/.local/lib/python3.12/site-packages/airflow/example_dags/example_branch_labels.py
[2024-11-10T09:02:39.212+0000] {processor.py:914} INFO - Processing file /home/airflow/.local/lib/python3.12/site-packages/airflow/example_dags/example_branch_labels.py for tasks to queue
[2024-11-10T09:02:39.214+0000] {logging_mixin.py:190} INFO - [2024-11-10T09:02:39.214+0000] {dagbag.py:588} INFO - Filling up the DagBag from /home/airflow/.local/lib/python3.12/site-packages/airflow/example_dags/example_branch_labels.py
[2024-11-10T09:02:39.221+0000] {processor.py:925} INFO - DAG(s) 'example_branch_labels' retrieved from /home/airflow/.local/lib/python3.12/site-packages/airflow/example_dags/example_branch_labels.py
[2024-11-10T09:02:39.237+0000] {logging_mixin.py:190} INFO - [2024-11-10T09:02:39.237+0000] {dag.py:3239} INFO - Sync 1 DAGs
[2024-11-10T09:02:39.256+0000] {logging_mixin.py:190} INFO - [2024-11-10T09:02:39.255+0000] {dag.py:4180} INFO - Setting next_dagrun for example_branch_labels to 2024-11-09 00:00:00+00:00, run_after=2024-11-10 00:00:00+00:00
[2024-11-10T09:02:39.269+0000] {processor.py:208} INFO - Processing /home/airflow/.local/lib/python3.12/site-packages/airflow/example_dags/example_branch_labels.py took 0.062 seconds
[2024-11-10T09:03:10.088+0000] {processor.py:186} INFO - Started process (PID=1218) to work on /home/airflow/.local/lib/python3.12/site-packages/airflow/example_dags/example_branch_labels.py
[2024-11-10T09:03:10.089+0000] {processor.py:914} INFO - Processing file /home/airflow/.local/lib/python3.12/site-packages/airflow/example_dags/example_branch_labels.py for tasks to queue
[2024-11-10T09:03:10.090+0000] {logging_mixin.py:190} INFO - [2024-11-10T09:03:10.090+0000] {dagbag.py:588} INFO - Filling up the DagBag from /home/airflow/.local/lib/python3.12/site-packages/airflow/example_dags/example_branch_labels.py
[2024-11-10T09:03:10.098+0000] {processor.py:925} INFO - DAG(s) 'example_branch_labels' retrieved from /home/airflow/.local/lib/python3.12/site-packages/airflow/example_dags/example_branch_labels.py
[2024-11-10T09:03:10.115+0000] {logging_mixin.py:190} INFO - [2024-11-10T09:03:10.114+0000] {dag.py:3239} INFO - Sync 1 DAGs
[2024-11-10T09:03:10.134+0000] {logging_mixin.py:190} INFO - [2024-11-10T09:03:10.134+0000] {dag.py:4180} INFO - Setting next_dagrun for example_branch_labels to 2024-11-09 00:00:00+00:00, run_after=2024-11-10 00:00:00+00:00
[2024-11-10T09:03:10.149+0000] {processor.py:208} INFO - Processing /home/airflow/.local/lib/python3.12/site-packages/airflow/example_dags/example_branch_labels.py took 0.066 seconds
[2024-11-10T09:03:41.132+0000] {processor.py:186} INFO - Started process (PID=1280) to work on /home/airflow/.local/lib/python3.12/site-packages/airflow/example_dags/example_branch_labels.py
[2024-11-10T09:03:41.133+0000] {processor.py:914} INFO - Processing file /home/airflow/.local/lib/python3.12/site-packages/airflow/example_dags/example_branch_labels.py for tasks to queue
[2024-11-10T09:03:41.135+0000] {logging_mixin.py:190} INFO - [2024-11-10T09:03:41.134+0000] {dagbag.py:588} INFO - Filling up the DagBag from /home/airflow/.local/lib/python3.12/site-packages/airflow/example_dags/example_branch_labels.py
[2024-11-10T09:03:41.143+0000] {processor.py:925} INFO - DAG(s) 'example_branch_labels' retrieved from /home/airflow/.local/lib/python3.12/site-packages/airflow/example_dags/example_branch_labels.py
[2024-11-10T09:03:41.159+0000] {logging_mixin.py:190} INFO - [2024-11-10T09:03:41.159+0000] {dag.py:3239} INFO - Sync 1 DAGs
[2024-11-10T09:03:41.178+0000] {logging_mixin.py:190} INFO - [2024-11-10T09:03:41.178+0000] {dag.py:4180} INFO - Setting next_dagrun for example_branch_labels to 2024-11-09 00:00:00+00:00, run_after=2024-11-10 00:00:00+00:00
[2024-11-10T09:03:41.193+0000] {processor.py:208} INFO - Processing /home/airflow/.local/lib/python3.12/site-packages/airflow/example_dags/example_branch_labels.py took 0.065 seconds
[2024-11-10T09:04:11.503+0000] {processor.py:186} INFO - Started process (PID=1342) to work on /home/airflow/.local/lib/python3.12/site-packages/airflow/example_dags/example_branch_labels.py
[2024-11-10T09:04:11.504+0000] {processor.py:914} INFO - Processing file /home/airflow/.local/lib/python3.12/site-packages/airflow/example_dags/example_branch_labels.py for tasks to queue
[2024-11-10T09:04:11.506+0000] {logging_mixin.py:190} INFO - [2024-11-10T09:04:11.506+0000] {dagbag.py:588} INFO - Filling up the DagBag from /home/airflow/.local/lib/python3.12/site-packages/airflow/example_dags/example_branch_labels.py
[2024-11-10T09:04:11.514+0000] {processor.py:925} INFO - DAG(s) 'example_branch_labels' retrieved from /home/airflow/.local/lib/python3.12/site-packages/airflow/example_dags/example_branch_labels.py
[2024-11-10T09:04:11.530+0000] {logging_mixin.py:190} INFO - [2024-11-10T09:04:11.530+0000] {dag.py:3239} INFO - Sync 1 DAGs
[2024-11-10T09:04:11.550+0000] {logging_mixin.py:190} INFO - [2024-11-10T09:04:11.550+0000] {dag.py:4180} INFO - Setting next_dagrun for example_branch_labels to 2024-11-09 00:00:00+00:00, run_after=2024-11-10 00:00:00+00:00
[2024-11-10T09:04:11.565+0000] {processor.py:208} INFO - Processing /home/airflow/.local/lib/python3.12/site-packages/airflow/example_dags/example_branch_labels.py took 0.066 seconds
[2024-11-10T09:04:42.635+0000] {processor.py:186} INFO - Started process (PID=1410) to work on /home/airflow/.local/lib/python3.12/site-packages/airflow/example_dags/example_branch_labels.py
[2024-11-10T09:04:42.636+0000] {processor.py:914} INFO - Processing file /home/airflow/.local/lib/python3.12/site-packages/airflow/example_dags/example_branch_labels.py for tasks to queue
[2024-11-10T09:04:42.638+0000] {logging_mixin.py:190} INFO - [2024-11-10T09:04:42.638+0000] {dagbag.py:588} INFO - Filling up the DagBag from /home/airflow/.local/lib/python3.12/site-packages/airflow/example_dags/example_branch_labels.py
[2024-11-10T09:04:42.645+0000] {processor.py:925} INFO - DAG(s) 'example_branch_labels' retrieved from /home/airflow/.local/lib/python3.12/site-packages/airflow/example_dags/example_branch_labels.py
[2024-11-10T09:04:42.661+0000] {logging_mixin.py:190} INFO - [2024-11-10T09:04:42.661+0000] {dag.py:3239} INFO - Sync 1 DAGs
[2024-11-10T09:04:42.680+0000] {logging_mixin.py:190} INFO - [2024-11-10T09:04:42.680+0000] {dag.py:4180} INFO - Setting next_dagrun for example_branch_labels to 2024-11-09 00:00:00+00:00, run_after=2024-11-10 00:00:00+00:00
[2024-11-10T09:04:42.695+0000] {processor.py:208} INFO - Processing /home/airflow/.local/lib/python3.12/site-packages/airflow/example_dags/example_branch_labels.py took 0.064 seconds
[2024-11-10T09:05:12.888+0000] {processor.py:186} INFO - Started process (PID=1472) to work on /home/airflow/.local/lib/python3.12/site-packages/airflow/example_dags/example_branch_labels.py
[2024-11-10T09:05:12.889+0000] {processor.py:914} INFO - Processing file /home/airflow/.local/lib/python3.12/site-packages/airflow/example_dags/example_branch_labels.py for tasks to queue
[2024-11-10T09:05:12.891+0000] {logging_mixin.py:190} INFO - [2024-11-10T09:05:12.891+0000] {dagbag.py:588} INFO - Filling up the DagBag from /home/airflow/.local/lib/python3.12/site-packages/airflow/example_dags/example_branch_labels.py
[2024-11-10T09:05:12.899+0000] {processor.py:925} INFO - DAG(s) 'example_branch_labels' retrieved from /home/airflow/.local/lib/python3.12/site-packages/airflow/example_dags/example_branch_labels.py
[2024-11-10T09:05:12.915+0000] {logging_mixin.py:190} INFO - [2024-11-10T09:05:12.915+0000] {dag.py:3239} INFO - Sync 1 DAGs
[2024-11-10T09:05:12.935+0000] {logging_mixin.py:190} INFO - [2024-11-10T09:05:12.935+0000] {dag.py:4180} INFO - Setting next_dagrun for example_branch_labels to 2024-11-09 00:00:00+00:00, run_after=2024-11-10 00:00:00+00:00
[2024-11-10T09:05:12.950+0000] {processor.py:208} INFO - Processing /home/airflow/.local/lib/python3.12/site-packages/airflow/example_dags/example_branch_labels.py took 0.066 seconds
