[2024-11-10T08:53:34.121+0000] {processor.py:186} INFO - Started process (PID=79) to work on /home/airflow/.local/lib/python3.12/site-packages/airflow/example_dags/example_subdag_operator.py
[2024-11-10T08:53:34.122+0000] {processor.py:914} INFO - Processing file /home/airflow/.local/lib/python3.12/site-packages/airflow/example_dags/example_subdag_operator.py for tasks to queue
[2024-11-10T08:53:34.124+0000] {logging_mixin.py:190} INFO - [2024-11-10T08:53:34.124+0000] {dagbag.py:588} INFO - Filling up the DagBag from /home/airflow/.local/lib/python3.12/site-packages/airflow/example_dags/example_subdag_operator.py
[2024-11-10T08:53:34.146+0000] {processor.py:925} INFO - DAG(s) 'example_subdag_operator.section-1', 'example_subdag_operator.section-2', 'example_subdag_operator' retrieved from /home/airflow/.local/lib/python3.12/site-packages/airflow/example_dags/example_subdag_operator.py
[2024-11-10T08:53:34.230+0000] {logging_mixin.py:190} INFO - [2024-11-10T08:53:34.229+0000] {override.py:1900} INFO - Created Permission View: can delete on DAG:example_subdag_operator
[2024-11-10T08:53:34.239+0000] {logging_mixin.py:190} INFO - [2024-11-10T08:53:34.238+0000] {override.py:1900} INFO - Created Permission View: can edit on DAG:example_subdag_operator
[2024-11-10T08:53:34.245+0000] {logging_mixin.py:190} INFO - [2024-11-10T08:53:34.245+0000] {override.py:1900} INFO - Created Permission View: can read on DAG:example_subdag_operator
[2024-11-10T08:53:34.254+0000] {logging_mixin.py:190} INFO - [2024-11-10T08:53:34.253+0000] {override.py:1900} INFO - Created Permission View: menu access on DAG Run:example_subdag_operator
[2024-11-10T08:53:34.260+0000] {logging_mixin.py:190} INFO - [2024-11-10T08:53:34.260+0000] {override.py:1900} INFO - Created Permission View: can delete on DAG Run:example_subdag_operator
[2024-11-10T08:53:34.266+0000] {logging_mixin.py:190} INFO - [2024-11-10T08:53:34.266+0000] {override.py:1900} INFO - Created Permission View: can create on DAG Run:example_subdag_operator
[2024-11-10T08:53:34.273+0000] {logging_mixin.py:190} INFO - [2024-11-10T08:53:34.273+0000] {override.py:1900} INFO - Created Permission View: can read on DAG Run:example_subdag_operator
[2024-11-10T08:53:34.273+0000] {logging_mixin.py:190} INFO - [2024-11-10T08:53:34.273+0000] {dag.py:3239} INFO - Sync 3 DAGs
[2024-11-10T08:53:34.284+0000] {logging_mixin.py:190} INFO - [2024-11-10T08:53:34.284+0000] {dag.py:3262} INFO - Creating ORM DAG for example_subdag_operator
[2024-11-10T08:53:34.285+0000] {logging_mixin.py:190} INFO - [2024-11-10T08:53:34.285+0000] {dag.py:3262} INFO - Creating ORM DAG for example_subdag_operator.section-1
[2024-11-10T08:53:34.286+0000] {logging_mixin.py:190} INFO - [2024-11-10T08:53:34.286+0000] {dag.py:3262} INFO - Creating ORM DAG for example_subdag_operator.section-2
[2024-11-10T08:53:34.293+0000] {logging_mixin.py:190} INFO - [2024-11-10T08:53:34.293+0000] {dag.py:4180} INFO - Setting next_dagrun for example_subdag_operator to 2022-01-01 00:00:00+00:00, run_after=2022-01-01 00:00:00+00:00
[2024-11-10T08:53:34.294+0000] {logging_mixin.py:190} INFO - [2024-11-10T08:53:34.294+0000] {dag.py:4180} INFO - Setting next_dagrun for example_subdag_operator.section-1 to None, run_after=None
[2024-11-10T08:53:34.294+0000] {logging_mixin.py:190} INFO - [2024-11-10T08:53:34.294+0000] {dag.py:4180} INFO - Setting next_dagrun for example_subdag_operator.section-2 to None, run_after=None
[2024-11-10T08:53:34.302+0000] {logging_mixin.py:190} INFO - [2024-11-10T08:53:34.301+0000] {dag.py:3239} INFO - Sync 2 DAGs
[2024-11-10T08:53:34.306+0000] {logging_mixin.py:190} INFO - [2024-11-10T08:53:34.306+0000] {dag.py:4180} INFO - Setting next_dagrun for example_subdag_operator.section-1 to None, run_after=None
[2024-11-10T08:53:34.309+0000] {logging_mixin.py:190} INFO - [2024-11-10T08:53:34.309+0000] {dag.py:4180} INFO - Setting next_dagrun for example_subdag_operator.section-2 to None, run_after=None
[2024-11-10T08:53:34.319+0000] {processor.py:208} INFO - Processing /home/airflow/.local/lib/python3.12/site-packages/airflow/example_dags/example_subdag_operator.py took 0.203 seconds
[2024-11-10T08:54:04.693+0000] {processor.py:186} INFO - Started process (PID=141) to work on /home/airflow/.local/lib/python3.12/site-packages/airflow/example_dags/example_subdag_operator.py
[2024-11-10T08:54:04.694+0000] {processor.py:914} INFO - Processing file /home/airflow/.local/lib/python3.12/site-packages/airflow/example_dags/example_subdag_operator.py for tasks to queue
[2024-11-10T08:54:04.696+0000] {logging_mixin.py:190} INFO - [2024-11-10T08:54:04.696+0000] {dagbag.py:588} INFO - Filling up the DagBag from /home/airflow/.local/lib/python3.12/site-packages/airflow/example_dags/example_subdag_operator.py
[2024-11-10T08:54:04.716+0000] {processor.py:925} INFO - DAG(s) 'example_subdag_operator.section-1', 'example_subdag_operator.section-2', 'example_subdag_operator' retrieved from /home/airflow/.local/lib/python3.12/site-packages/airflow/example_dags/example_subdag_operator.py
[2024-11-10T08:54:04.729+0000] {logging_mixin.py:190} INFO - [2024-11-10T08:54:04.729+0000] {dag.py:3239} INFO - Sync 3 DAGs
[2024-11-10T08:54:04.749+0000] {logging_mixin.py:190} INFO - [2024-11-10T08:54:04.748+0000] {dag.py:4180} INFO - Setting next_dagrun for example_subdag_operator to 2022-01-01 00:00:00+00:00, run_after=2022-01-01 00:00:00+00:00
[2024-11-10T08:54:04.752+0000] {logging_mixin.py:190} INFO - [2024-11-10T08:54:04.752+0000] {dag.py:4180} INFO - Setting next_dagrun for example_subdag_operator.section-1 to None, run_after=None
[2024-11-10T08:54:04.753+0000] {logging_mixin.py:190} INFO - [2024-11-10T08:54:04.753+0000] {dag.py:4180} INFO - Setting next_dagrun for example_subdag_operator.section-2 to None, run_after=None
[2024-11-10T08:54:04.759+0000] {logging_mixin.py:190} INFO - [2024-11-10T08:54:04.759+0000] {dag.py:3239} INFO - Sync 2 DAGs
[2024-11-10T08:54:04.764+0000] {logging_mixin.py:190} INFO - [2024-11-10T08:54:04.763+0000] {dag.py:4180} INFO - Setting next_dagrun for example_subdag_operator.section-1 to None, run_after=None
[2024-11-10T08:54:04.764+0000] {logging_mixin.py:190} INFO - [2024-11-10T08:54:04.764+0000] {dag.py:4180} INFO - Setting next_dagrun for example_subdag_operator.section-2 to None, run_after=None
[2024-11-10T08:54:04.777+0000] {processor.py:208} INFO - Processing /home/airflow/.local/lib/python3.12/site-packages/airflow/example_dags/example_subdag_operator.py took 0.088 seconds
[2024-11-10T08:54:34.892+0000] {processor.py:186} INFO - Started process (PID=203) to work on /home/airflow/.local/lib/python3.12/site-packages/airflow/example_dags/example_subdag_operator.py
[2024-11-10T08:54:34.893+0000] {processor.py:914} INFO - Processing file /home/airflow/.local/lib/python3.12/site-packages/airflow/example_dags/example_subdag_operator.py for tasks to queue
[2024-11-10T08:54:34.896+0000] {logging_mixin.py:190} INFO - [2024-11-10T08:54:34.895+0000] {dagbag.py:588} INFO - Filling up the DagBag from /home/airflow/.local/lib/python3.12/site-packages/airflow/example_dags/example_subdag_operator.py
[2024-11-10T08:54:34.922+0000] {processor.py:925} INFO - DAG(s) 'example_subdag_operator.section-1', 'example_subdag_operator.section-2', 'example_subdag_operator' retrieved from /home/airflow/.local/lib/python3.12/site-packages/airflow/example_dags/example_subdag_operator.py
[2024-11-10T08:54:34.936+0000] {logging_mixin.py:190} INFO - [2024-11-10T08:54:34.936+0000] {dag.py:3239} INFO - Sync 3 DAGs
[2024-11-10T08:54:34.957+0000] {logging_mixin.py:190} INFO - [2024-11-10T08:54:34.956+0000] {dag.py:4180} INFO - Setting next_dagrun for example_subdag_operator to 2022-01-01 00:00:00+00:00, run_after=2022-01-01 00:00:00+00:00
[2024-11-10T08:54:34.960+0000] {logging_mixin.py:190} INFO - [2024-11-10T08:54:34.960+0000] {dag.py:4180} INFO - Setting next_dagrun for example_subdag_operator.section-1 to None, run_after=None
[2024-11-10T08:54:34.961+0000] {logging_mixin.py:190} INFO - [2024-11-10T08:54:34.961+0000] {dag.py:4180} INFO - Setting next_dagrun for example_subdag_operator.section-2 to None, run_after=None
[2024-11-10T08:54:34.968+0000] {logging_mixin.py:190} INFO - [2024-11-10T08:54:34.967+0000] {dag.py:3239} INFO - Sync 2 DAGs
[2024-11-10T08:54:34.972+0000] {logging_mixin.py:190} INFO - [2024-11-10T08:54:34.972+0000] {dag.py:4180} INFO - Setting next_dagrun for example_subdag_operator.section-1 to None, run_after=None
[2024-11-10T08:54:34.973+0000] {logging_mixin.py:190} INFO - [2024-11-10T08:54:34.973+0000] {dag.py:4180} INFO - Setting next_dagrun for example_subdag_operator.section-2 to None, run_after=None
[2024-11-10T08:54:34.983+0000] {processor.py:208} INFO - Processing /home/airflow/.local/lib/python3.12/site-packages/airflow/example_dags/example_subdag_operator.py took 0.095 seconds
[2024-11-10T08:55:05.740+0000] {processor.py:186} INFO - Started process (PID=265) to work on /home/airflow/.local/lib/python3.12/site-packages/airflow/example_dags/example_subdag_operator.py
[2024-11-10T08:55:05.741+0000] {processor.py:914} INFO - Processing file /home/airflow/.local/lib/python3.12/site-packages/airflow/example_dags/example_subdag_operator.py for tasks to queue
[2024-11-10T08:55:05.743+0000] {logging_mixin.py:190} INFO - [2024-11-10T08:55:05.743+0000] {dagbag.py:588} INFO - Filling up the DagBag from /home/airflow/.local/lib/python3.12/site-packages/airflow/example_dags/example_subdag_operator.py
[2024-11-10T08:55:05.764+0000] {processor.py:925} INFO - DAG(s) 'example_subdag_operator.section-1', 'example_subdag_operator.section-2', 'example_subdag_operator' retrieved from /home/airflow/.local/lib/python3.12/site-packages/airflow/example_dags/example_subdag_operator.py
[2024-11-10T08:55:05.776+0000] {logging_mixin.py:190} INFO - [2024-11-10T08:55:05.776+0000] {dag.py:3239} INFO - Sync 3 DAGs
[2024-11-10T08:55:05.795+0000] {logging_mixin.py:190} INFO - [2024-11-10T08:55:05.795+0000] {dag.py:4180} INFO - Setting next_dagrun for example_subdag_operator to 2022-01-01 00:00:00+00:00, run_after=2022-01-01 00:00:00+00:00
[2024-11-10T08:55:05.798+0000] {logging_mixin.py:190} INFO - [2024-11-10T08:55:05.798+0000] {dag.py:4180} INFO - Setting next_dagrun for example_subdag_operator.section-1 to None, run_after=None
[2024-11-10T08:55:05.800+0000] {logging_mixin.py:190} INFO - [2024-11-10T08:55:05.800+0000] {dag.py:4180} INFO - Setting next_dagrun for example_subdag_operator.section-2 to None, run_after=None
[2024-11-10T08:55:05.806+0000] {logging_mixin.py:190} INFO - [2024-11-10T08:55:05.806+0000] {dag.py:3239} INFO - Sync 2 DAGs
[2024-11-10T08:55:05.811+0000] {logging_mixin.py:190} INFO - [2024-11-10T08:55:05.810+0000] {dag.py:4180} INFO - Setting next_dagrun for example_subdag_operator.section-1 to None, run_after=None
[2024-11-10T08:55:05.811+0000] {logging_mixin.py:190} INFO - [2024-11-10T08:55:05.811+0000] {dag.py:4180} INFO - Setting next_dagrun for example_subdag_operator.section-2 to None, run_after=None
[2024-11-10T08:55:05.820+0000] {processor.py:208} INFO - Processing /home/airflow/.local/lib/python3.12/site-packages/airflow/example_dags/example_subdag_operator.py took 0.084 seconds
[2024-11-10T08:55:36.642+0000] {processor.py:186} INFO - Started process (PID=327) to work on /home/airflow/.local/lib/python3.12/site-packages/airflow/example_dags/example_subdag_operator.py
[2024-11-10T08:55:36.643+0000] {processor.py:914} INFO - Processing file /home/airflow/.local/lib/python3.12/site-packages/airflow/example_dags/example_subdag_operator.py for tasks to queue
[2024-11-10T08:55:36.644+0000] {logging_mixin.py:190} INFO - [2024-11-10T08:55:36.644+0000] {dagbag.py:588} INFO - Filling up the DagBag from /home/airflow/.local/lib/python3.12/site-packages/airflow/example_dags/example_subdag_operator.py
[2024-11-10T08:55:36.665+0000] {processor.py:925} INFO - DAG(s) 'example_subdag_operator.section-1', 'example_subdag_operator.section-2', 'example_subdag_operator' retrieved from /home/airflow/.local/lib/python3.12/site-packages/airflow/example_dags/example_subdag_operator.py
[2024-11-10T08:55:36.678+0000] {logging_mixin.py:190} INFO - [2024-11-10T08:55:36.678+0000] {dag.py:3239} INFO - Sync 3 DAGs
[2024-11-10T08:55:36.696+0000] {logging_mixin.py:190} INFO - [2024-11-10T08:55:36.696+0000] {dag.py:4180} INFO - Setting next_dagrun for example_subdag_operator to 2022-01-01 00:00:00+00:00, run_after=2022-01-01 00:00:00+00:00
[2024-11-10T08:55:36.699+0000] {logging_mixin.py:190} INFO - [2024-11-10T08:55:36.699+0000] {dag.py:4180} INFO - Setting next_dagrun for example_subdag_operator.section-1 to None, run_after=None
[2024-11-10T08:55:36.701+0000] {logging_mixin.py:190} INFO - [2024-11-10T08:55:36.701+0000] {dag.py:4180} INFO - Setting next_dagrun for example_subdag_operator.section-2 to None, run_after=None
[2024-11-10T08:55:36.707+0000] {logging_mixin.py:190} INFO - [2024-11-10T08:55:36.707+0000] {dag.py:3239} INFO - Sync 2 DAGs
[2024-11-10T08:55:36.712+0000] {logging_mixin.py:190} INFO - [2024-11-10T08:55:36.711+0000] {dag.py:4180} INFO - Setting next_dagrun for example_subdag_operator.section-1 to None, run_after=None
[2024-11-10T08:55:36.712+0000] {logging_mixin.py:190} INFO - [2024-11-10T08:55:36.712+0000] {dag.py:4180} INFO - Setting next_dagrun for example_subdag_operator.section-2 to None, run_after=None
[2024-11-10T08:55:36.722+0000] {processor.py:208} INFO - Processing /home/airflow/.local/lib/python3.12/site-packages/airflow/example_dags/example_subdag_operator.py took 0.085 seconds
[2024-11-10T08:56:07.555+0000] {processor.py:186} INFO - Started process (PID=389) to work on /home/airflow/.local/lib/python3.12/site-packages/airflow/example_dags/example_subdag_operator.py
[2024-11-10T08:56:07.556+0000] {processor.py:914} INFO - Processing file /home/airflow/.local/lib/python3.12/site-packages/airflow/example_dags/example_subdag_operator.py for tasks to queue
[2024-11-10T08:56:07.558+0000] {logging_mixin.py:190} INFO - [2024-11-10T08:56:07.558+0000] {dagbag.py:588} INFO - Filling up the DagBag from /home/airflow/.local/lib/python3.12/site-packages/airflow/example_dags/example_subdag_operator.py
[2024-11-10T08:56:07.581+0000] {processor.py:925} INFO - DAG(s) 'example_subdag_operator.section-1', 'example_subdag_operator.section-2', 'example_subdag_operator' retrieved from /home/airflow/.local/lib/python3.12/site-packages/airflow/example_dags/example_subdag_operator.py
[2024-11-10T08:56:07.594+0000] {logging_mixin.py:190} INFO - [2024-11-10T08:56:07.594+0000] {dag.py:3239} INFO - Sync 3 DAGs
[2024-11-10T08:56:07.613+0000] {logging_mixin.py:190} INFO - [2024-11-10T08:56:07.613+0000] {dag.py:4180} INFO - Setting next_dagrun for example_subdag_operator to 2022-01-01 00:00:00+00:00, run_after=2022-01-01 00:00:00+00:00
[2024-11-10T08:56:07.616+0000] {logging_mixin.py:190} INFO - [2024-11-10T08:56:07.616+0000] {dag.py:4180} INFO - Setting next_dagrun for example_subdag_operator.section-1 to None, run_after=None
[2024-11-10T08:56:07.618+0000] {logging_mixin.py:190} INFO - [2024-11-10T08:56:07.618+0000] {dag.py:4180} INFO - Setting next_dagrun for example_subdag_operator.section-2 to None, run_after=None
[2024-11-10T08:56:07.624+0000] {logging_mixin.py:190} INFO - [2024-11-10T08:56:07.623+0000] {dag.py:3239} INFO - Sync 2 DAGs
[2024-11-10T08:56:07.629+0000] {logging_mixin.py:190} INFO - [2024-11-10T08:56:07.629+0000] {dag.py:4180} INFO - Setting next_dagrun for example_subdag_operator.section-1 to None, run_after=None
[2024-11-10T08:56:07.630+0000] {logging_mixin.py:190} INFO - [2024-11-10T08:56:07.630+0000] {dag.py:4180} INFO - Setting next_dagrun for example_subdag_operator.section-2 to None, run_after=None
[2024-11-10T08:56:07.641+0000] {processor.py:208} INFO - Processing /home/airflow/.local/lib/python3.12/site-packages/airflow/example_dags/example_subdag_operator.py took 0.090 seconds
[2024-11-10T08:56:37.786+0000] {processor.py:186} INFO - Started process (PID=451) to work on /home/airflow/.local/lib/python3.12/site-packages/airflow/example_dags/example_subdag_operator.py
[2024-11-10T08:56:37.787+0000] {processor.py:914} INFO - Processing file /home/airflow/.local/lib/python3.12/site-packages/airflow/example_dags/example_subdag_operator.py for tasks to queue
[2024-11-10T08:56:37.789+0000] {logging_mixin.py:190} INFO - [2024-11-10T08:56:37.788+0000] {dagbag.py:588} INFO - Filling up the DagBag from /home/airflow/.local/lib/python3.12/site-packages/airflow/example_dags/example_subdag_operator.py
[2024-11-10T08:56:37.809+0000] {processor.py:925} INFO - DAG(s) 'example_subdag_operator.section-1', 'example_subdag_operator.section-2', 'example_subdag_operator' retrieved from /home/airflow/.local/lib/python3.12/site-packages/airflow/example_dags/example_subdag_operator.py
[2024-11-10T08:56:37.821+0000] {logging_mixin.py:190} INFO - [2024-11-10T08:56:37.821+0000] {dag.py:3239} INFO - Sync 3 DAGs
[2024-11-10T08:56:37.840+0000] {logging_mixin.py:190} INFO - [2024-11-10T08:56:37.839+0000] {dag.py:4180} INFO - Setting next_dagrun for example_subdag_operator to 2022-01-01 00:00:00+00:00, run_after=2022-01-01 00:00:00+00:00
[2024-11-10T08:56:37.843+0000] {logging_mixin.py:190} INFO - [2024-11-10T08:56:37.843+0000] {dag.py:4180} INFO - Setting next_dagrun for example_subdag_operator.section-1 to None, run_after=None
[2024-11-10T08:56:37.844+0000] {logging_mixin.py:190} INFO - [2024-11-10T08:56:37.844+0000] {dag.py:4180} INFO - Setting next_dagrun for example_subdag_operator.section-2 to None, run_after=None
[2024-11-10T08:56:37.850+0000] {logging_mixin.py:190} INFO - [2024-11-10T08:56:37.850+0000] {dag.py:3239} INFO - Sync 2 DAGs
[2024-11-10T08:56:37.855+0000] {logging_mixin.py:190} INFO - [2024-11-10T08:56:37.855+0000] {dag.py:4180} INFO - Setting next_dagrun for example_subdag_operator.section-1 to None, run_after=None
[2024-11-10T08:56:37.855+0000] {logging_mixin.py:190} INFO - [2024-11-10T08:56:37.855+0000] {dag.py:4180} INFO - Setting next_dagrun for example_subdag_operator.section-2 to None, run_after=None
[2024-11-10T08:56:37.866+0000] {processor.py:208} INFO - Processing /home/airflow/.local/lib/python3.12/site-packages/airflow/example_dags/example_subdag_operator.py took 0.084 seconds
[2024-11-10T08:57:07.991+0000] {processor.py:186} INFO - Started process (PID=513) to work on /home/airflow/.local/lib/python3.12/site-packages/airflow/example_dags/example_subdag_operator.py
[2024-11-10T08:57:07.992+0000] {processor.py:914} INFO - Processing file /home/airflow/.local/lib/python3.12/site-packages/airflow/example_dags/example_subdag_operator.py for tasks to queue
[2024-11-10T08:57:07.994+0000] {logging_mixin.py:190} INFO - [2024-11-10T08:57:07.993+0000] {dagbag.py:588} INFO - Filling up the DagBag from /home/airflow/.local/lib/python3.12/site-packages/airflow/example_dags/example_subdag_operator.py
[2024-11-10T08:57:08.013+0000] {processor.py:925} INFO - DAG(s) 'example_subdag_operator.section-1', 'example_subdag_operator.section-2', 'example_subdag_operator' retrieved from /home/airflow/.local/lib/python3.12/site-packages/airflow/example_dags/example_subdag_operator.py
[2024-11-10T08:57:08.026+0000] {logging_mixin.py:190} INFO - [2024-11-10T08:57:08.026+0000] {dag.py:3239} INFO - Sync 3 DAGs
[2024-11-10T08:57:08.046+0000] {logging_mixin.py:190} INFO - [2024-11-10T08:57:08.045+0000] {dag.py:4180} INFO - Setting next_dagrun for example_subdag_operator to 2022-01-01 00:00:00+00:00, run_after=2022-01-01 00:00:00+00:00
[2024-11-10T08:57:08.049+0000] {logging_mixin.py:190} INFO - [2024-11-10T08:57:08.049+0000] {dag.py:4180} INFO - Setting next_dagrun for example_subdag_operator.section-1 to None, run_after=None
[2024-11-10T08:57:08.050+0000] {logging_mixin.py:190} INFO - [2024-11-10T08:57:08.050+0000] {dag.py:4180} INFO - Setting next_dagrun for example_subdag_operator.section-2 to None, run_after=None
[2024-11-10T08:57:08.055+0000] {logging_mixin.py:190} INFO - [2024-11-10T08:57:08.055+0000] {dag.py:3239} INFO - Sync 2 DAGs
[2024-11-10T08:57:08.060+0000] {logging_mixin.py:190} INFO - [2024-11-10T08:57:08.059+0000] {dag.py:4180} INFO - Setting next_dagrun for example_subdag_operator.section-1 to None, run_after=None
[2024-11-10T08:57:08.060+0000] {logging_mixin.py:190} INFO - [2024-11-10T08:57:08.060+0000] {dag.py:4180} INFO - Setting next_dagrun for example_subdag_operator.section-2 to None, run_after=None
[2024-11-10T08:57:08.069+0000] {processor.py:208} INFO - Processing /home/airflow/.local/lib/python3.12/site-packages/airflow/example_dags/example_subdag_operator.py took 0.082 seconds
[2024-11-10T08:57:38.988+0000] {processor.py:186} INFO - Started process (PID=575) to work on /home/airflow/.local/lib/python3.12/site-packages/airflow/example_dags/example_subdag_operator.py
[2024-11-10T08:57:38.989+0000] {processor.py:914} INFO - Processing file /home/airflow/.local/lib/python3.12/site-packages/airflow/example_dags/example_subdag_operator.py for tasks to queue
[2024-11-10T08:57:38.991+0000] {logging_mixin.py:190} INFO - [2024-11-10T08:57:38.991+0000] {dagbag.py:588} INFO - Filling up the DagBag from /home/airflow/.local/lib/python3.12/site-packages/airflow/example_dags/example_subdag_operator.py
[2024-11-10T08:57:39.011+0000] {processor.py:925} INFO - DAG(s) 'example_subdag_operator.section-1', 'example_subdag_operator.section-2', 'example_subdag_operator' retrieved from /home/airflow/.local/lib/python3.12/site-packages/airflow/example_dags/example_subdag_operator.py
[2024-11-10T08:57:39.024+0000] {logging_mixin.py:190} INFO - [2024-11-10T08:57:39.023+0000] {dag.py:3239} INFO - Sync 3 DAGs
[2024-11-10T08:57:39.044+0000] {logging_mixin.py:190} INFO - [2024-11-10T08:57:39.044+0000] {dag.py:4180} INFO - Setting next_dagrun for example_subdag_operator to 2022-01-01 00:00:00+00:00, run_after=2022-01-01 00:00:00+00:00
[2024-11-10T08:57:39.049+0000] {logging_mixin.py:190} INFO - [2024-11-10T08:57:39.049+0000] {dag.py:4180} INFO - Setting next_dagrun for example_subdag_operator.section-1 to None, run_after=None
[2024-11-10T08:57:39.051+0000] {logging_mixin.py:190} INFO - [2024-11-10T08:57:39.051+0000] {dag.py:4180} INFO - Setting next_dagrun for example_subdag_operator.section-2 to None, run_after=None
[2024-11-10T08:57:39.058+0000] {logging_mixin.py:190} INFO - [2024-11-10T08:57:39.058+0000] {dag.py:3239} INFO - Sync 2 DAGs
[2024-11-10T08:57:39.066+0000] {logging_mixin.py:190} INFO - [2024-11-10T08:57:39.065+0000] {dag.py:4180} INFO - Setting next_dagrun for example_subdag_operator.section-1 to None, run_after=None
[2024-11-10T08:57:39.066+0000] {logging_mixin.py:190} INFO - [2024-11-10T08:57:39.066+0000] {dag.py:4180} INFO - Setting next_dagrun for example_subdag_operator.section-2 to None, run_after=None
[2024-11-10T08:57:39.079+0000] {processor.py:208} INFO - Processing /home/airflow/.local/lib/python3.12/site-packages/airflow/example_dags/example_subdag_operator.py took 0.096 seconds
[2024-11-10T08:58:10.041+0000] {processor.py:186} INFO - Started process (PID=637) to work on /home/airflow/.local/lib/python3.12/site-packages/airflow/example_dags/example_subdag_operator.py
[2024-11-10T08:58:10.042+0000] {processor.py:914} INFO - Processing file /home/airflow/.local/lib/python3.12/site-packages/airflow/example_dags/example_subdag_operator.py for tasks to queue
[2024-11-10T08:58:10.044+0000] {logging_mixin.py:190} INFO - [2024-11-10T08:58:10.044+0000] {dagbag.py:588} INFO - Filling up the DagBag from /home/airflow/.local/lib/python3.12/site-packages/airflow/example_dags/example_subdag_operator.py
[2024-11-10T08:58:10.064+0000] {processor.py:925} INFO - DAG(s) 'example_subdag_operator.section-1', 'example_subdag_operator.section-2', 'example_subdag_operator' retrieved from /home/airflow/.local/lib/python3.12/site-packages/airflow/example_dags/example_subdag_operator.py
[2024-11-10T08:58:10.077+0000] {logging_mixin.py:190} INFO - [2024-11-10T08:58:10.076+0000] {dag.py:3239} INFO - Sync 3 DAGs
[2024-11-10T08:58:10.096+0000] {logging_mixin.py:190} INFO - [2024-11-10T08:58:10.096+0000] {dag.py:4180} INFO - Setting next_dagrun for example_subdag_operator to 2022-01-01 00:00:00+00:00, run_after=2022-01-01 00:00:00+00:00
[2024-11-10T08:58:10.099+0000] {logging_mixin.py:190} INFO - [2024-11-10T08:58:10.099+0000] {dag.py:4180} INFO - Setting next_dagrun for example_subdag_operator.section-1 to None, run_after=None
[2024-11-10T08:58:10.100+0000] {logging_mixin.py:190} INFO - [2024-11-10T08:58:10.100+0000] {dag.py:4180} INFO - Setting next_dagrun for example_subdag_operator.section-2 to None, run_after=None
[2024-11-10T08:58:10.106+0000] {logging_mixin.py:190} INFO - [2024-11-10T08:58:10.106+0000] {dag.py:3239} INFO - Sync 2 DAGs
[2024-11-10T08:58:10.110+0000] {logging_mixin.py:190} INFO - [2024-11-10T08:58:10.110+0000] {dag.py:4180} INFO - Setting next_dagrun for example_subdag_operator.section-1 to None, run_after=None
[2024-11-10T08:58:10.111+0000] {logging_mixin.py:190} INFO - [2024-11-10T08:58:10.111+0000] {dag.py:4180} INFO - Setting next_dagrun for example_subdag_operator.section-2 to None, run_after=None
[2024-11-10T08:58:10.120+0000] {processor.py:208} INFO - Processing /home/airflow/.local/lib/python3.12/site-packages/airflow/example_dags/example_subdag_operator.py took 0.084 seconds
[2024-11-10T08:58:40.363+0000] {processor.py:186} INFO - Started process (PID=699) to work on /home/airflow/.local/lib/python3.12/site-packages/airflow/example_dags/example_subdag_operator.py
[2024-11-10T08:58:40.364+0000] {processor.py:914} INFO - Processing file /home/airflow/.local/lib/python3.12/site-packages/airflow/example_dags/example_subdag_operator.py for tasks to queue
[2024-11-10T08:58:40.366+0000] {logging_mixin.py:190} INFO - [2024-11-10T08:58:40.366+0000] {dagbag.py:588} INFO - Filling up the DagBag from /home/airflow/.local/lib/python3.12/site-packages/airflow/example_dags/example_subdag_operator.py
[2024-11-10T08:58:40.386+0000] {processor.py:925} INFO - DAG(s) 'example_subdag_operator.section-1', 'example_subdag_operator.section-2', 'example_subdag_operator' retrieved from /home/airflow/.local/lib/python3.12/site-packages/airflow/example_dags/example_subdag_operator.py
[2024-11-10T08:58:40.399+0000] {logging_mixin.py:190} INFO - [2024-11-10T08:58:40.399+0000] {dag.py:3239} INFO - Sync 3 DAGs
[2024-11-10T08:58:40.418+0000] {logging_mixin.py:190} INFO - [2024-11-10T08:58:40.418+0000] {dag.py:4180} INFO - Setting next_dagrun for example_subdag_operator to 2022-01-01 00:00:00+00:00, run_after=2022-01-01 00:00:00+00:00
[2024-11-10T08:58:40.421+0000] {logging_mixin.py:190} INFO - [2024-11-10T08:58:40.421+0000] {dag.py:4180} INFO - Setting next_dagrun for example_subdag_operator.section-1 to None, run_after=None
[2024-11-10T08:58:40.423+0000] {logging_mixin.py:190} INFO - [2024-11-10T08:58:40.423+0000] {dag.py:4180} INFO - Setting next_dagrun for example_subdag_operator.section-2 to None, run_after=None
[2024-11-10T08:58:40.429+0000] {logging_mixin.py:190} INFO - [2024-11-10T08:58:40.428+0000] {dag.py:3239} INFO - Sync 2 DAGs
[2024-11-10T08:58:40.433+0000] {logging_mixin.py:190} INFO - [2024-11-10T08:58:40.433+0000] {dag.py:4180} INFO - Setting next_dagrun for example_subdag_operator.section-1 to None, run_after=None
[2024-11-10T08:58:40.434+0000] {logging_mixin.py:190} INFO - [2024-11-10T08:58:40.433+0000] {dag.py:4180} INFO - Setting next_dagrun for example_subdag_operator.section-2 to None, run_after=None
[2024-11-10T08:58:40.443+0000] {processor.py:208} INFO - Processing /home/airflow/.local/lib/python3.12/site-packages/airflow/example_dags/example_subdag_operator.py took 0.084 seconds
[2024-11-10T08:59:11.520+0000] {processor.py:186} INFO - Started process (PID=767) to work on /home/airflow/.local/lib/python3.12/site-packages/airflow/example_dags/example_subdag_operator.py
[2024-11-10T08:59:11.521+0000] {processor.py:914} INFO - Processing file /home/airflow/.local/lib/python3.12/site-packages/airflow/example_dags/example_subdag_operator.py for tasks to queue
[2024-11-10T08:59:11.522+0000] {logging_mixin.py:190} INFO - [2024-11-10T08:59:11.522+0000] {dagbag.py:588} INFO - Filling up the DagBag from /home/airflow/.local/lib/python3.12/site-packages/airflow/example_dags/example_subdag_operator.py
[2024-11-10T08:59:11.542+0000] {processor.py:925} INFO - DAG(s) 'example_subdag_operator.section-1', 'example_subdag_operator.section-2', 'example_subdag_operator' retrieved from /home/airflow/.local/lib/python3.12/site-packages/airflow/example_dags/example_subdag_operator.py
[2024-11-10T08:59:11.555+0000] {logging_mixin.py:190} INFO - [2024-11-10T08:59:11.555+0000] {dag.py:3239} INFO - Sync 3 DAGs
[2024-11-10T08:59:11.573+0000] {logging_mixin.py:190} INFO - [2024-11-10T08:59:11.573+0000] {dag.py:4180} INFO - Setting next_dagrun for example_subdag_operator to 2022-01-01 00:00:00+00:00, run_after=2022-01-01 00:00:00+00:00
[2024-11-10T08:59:11.576+0000] {logging_mixin.py:190} INFO - [2024-11-10T08:59:11.576+0000] {dag.py:4180} INFO - Setting next_dagrun for example_subdag_operator.section-1 to None, run_after=None
[2024-11-10T08:59:11.577+0000] {logging_mixin.py:190} INFO - [2024-11-10T08:59:11.577+0000] {dag.py:4180} INFO - Setting next_dagrun for example_subdag_operator.section-2 to None, run_after=None
[2024-11-10T08:59:11.583+0000] {logging_mixin.py:190} INFO - [2024-11-10T08:59:11.583+0000] {dag.py:3239} INFO - Sync 2 DAGs
[2024-11-10T08:59:11.588+0000] {logging_mixin.py:190} INFO - [2024-11-10T08:59:11.587+0000] {dag.py:4180} INFO - Setting next_dagrun for example_subdag_operator.section-1 to None, run_after=None
[2024-11-10T08:59:11.588+0000] {logging_mixin.py:190} INFO - [2024-11-10T08:59:11.588+0000] {dag.py:4180} INFO - Setting next_dagrun for example_subdag_operator.section-2 to None, run_after=None
[2024-11-10T08:59:11.597+0000] {processor.py:208} INFO - Processing /home/airflow/.local/lib/python3.12/site-packages/airflow/example_dags/example_subdag_operator.py took 0.082 seconds
[2024-11-10T08:59:41.993+0000] {processor.py:186} INFO - Started process (PID=829) to work on /home/airflow/.local/lib/python3.12/site-packages/airflow/example_dags/example_subdag_operator.py
[2024-11-10T08:59:41.994+0000] {processor.py:914} INFO - Processing file /home/airflow/.local/lib/python3.12/site-packages/airflow/example_dags/example_subdag_operator.py for tasks to queue
[2024-11-10T08:59:41.996+0000] {logging_mixin.py:190} INFO - [2024-11-10T08:59:41.995+0000] {dagbag.py:588} INFO - Filling up the DagBag from /home/airflow/.local/lib/python3.12/site-packages/airflow/example_dags/example_subdag_operator.py
[2024-11-10T08:59:42.017+0000] {processor.py:925} INFO - DAG(s) 'example_subdag_operator.section-1', 'example_subdag_operator.section-2', 'example_subdag_operator' retrieved from /home/airflow/.local/lib/python3.12/site-packages/airflow/example_dags/example_subdag_operator.py
[2024-11-10T08:59:42.029+0000] {logging_mixin.py:190} INFO - [2024-11-10T08:59:42.029+0000] {dag.py:3239} INFO - Sync 3 DAGs
[2024-11-10T08:59:42.048+0000] {logging_mixin.py:190} INFO - [2024-11-10T08:59:42.048+0000] {dag.py:4180} INFO - Setting next_dagrun for example_subdag_operator to 2022-01-01 00:00:00+00:00, run_after=2022-01-01 00:00:00+00:00
[2024-11-10T08:59:42.051+0000] {logging_mixin.py:190} INFO - [2024-11-10T08:59:42.051+0000] {dag.py:4180} INFO - Setting next_dagrun for example_subdag_operator.section-1 to None, run_after=None
[2024-11-10T08:59:42.053+0000] {logging_mixin.py:190} INFO - [2024-11-10T08:59:42.052+0000] {dag.py:4180} INFO - Setting next_dagrun for example_subdag_operator.section-2 to None, run_after=None
[2024-11-10T08:59:42.059+0000] {logging_mixin.py:190} INFO - [2024-11-10T08:59:42.058+0000] {dag.py:3239} INFO - Sync 2 DAGs
[2024-11-10T08:59:42.063+0000] {logging_mixin.py:190} INFO - [2024-11-10T08:59:42.063+0000] {dag.py:4180} INFO - Setting next_dagrun for example_subdag_operator.section-1 to None, run_after=None
[2024-11-10T08:59:42.064+0000] {logging_mixin.py:190} INFO - [2024-11-10T08:59:42.064+0000] {dag.py:4180} INFO - Setting next_dagrun for example_subdag_operator.section-2 to None, run_after=None
[2024-11-10T08:59:42.073+0000] {processor.py:208} INFO - Processing /home/airflow/.local/lib/python3.12/site-packages/airflow/example_dags/example_subdag_operator.py took 0.085 seconds
[2024-11-10T09:00:12.162+0000] {processor.py:186} INFO - Started process (PID=891) to work on /home/airflow/.local/lib/python3.12/site-packages/airflow/example_dags/example_subdag_operator.py
[2024-11-10T09:00:12.163+0000] {processor.py:914} INFO - Processing file /home/airflow/.local/lib/python3.12/site-packages/airflow/example_dags/example_subdag_operator.py for tasks to queue
[2024-11-10T09:00:12.165+0000] {logging_mixin.py:190} INFO - [2024-11-10T09:00:12.165+0000] {dagbag.py:588} INFO - Filling up the DagBag from /home/airflow/.local/lib/python3.12/site-packages/airflow/example_dags/example_subdag_operator.py
[2024-11-10T09:00:12.185+0000] {processor.py:925} INFO - DAG(s) 'example_subdag_operator.section-1', 'example_subdag_operator.section-2', 'example_subdag_operator' retrieved from /home/airflow/.local/lib/python3.12/site-packages/airflow/example_dags/example_subdag_operator.py
[2024-11-10T09:00:12.198+0000] {logging_mixin.py:190} INFO - [2024-11-10T09:00:12.197+0000] {dag.py:3239} INFO - Sync 3 DAGs
[2024-11-10T09:00:12.217+0000] {logging_mixin.py:190} INFO - [2024-11-10T09:00:12.217+0000] {dag.py:4180} INFO - Setting next_dagrun for example_subdag_operator to 2022-01-01 00:00:00+00:00, run_after=2022-01-01 00:00:00+00:00
[2024-11-10T09:00:12.220+0000] {logging_mixin.py:190} INFO - [2024-11-10T09:00:12.220+0000] {dag.py:4180} INFO - Setting next_dagrun for example_subdag_operator.section-1 to None, run_after=None
[2024-11-10T09:00:12.222+0000] {logging_mixin.py:190} INFO - [2024-11-10T09:00:12.221+0000] {dag.py:4180} INFO - Setting next_dagrun for example_subdag_operator.section-2 to None, run_after=None
[2024-11-10T09:00:12.227+0000] {logging_mixin.py:190} INFO - [2024-11-10T09:00:12.227+0000] {dag.py:3239} INFO - Sync 2 DAGs
[2024-11-10T09:00:12.232+0000] {logging_mixin.py:190} INFO - [2024-11-10T09:00:12.232+0000] {dag.py:4180} INFO - Setting next_dagrun for example_subdag_operator.section-1 to None, run_after=None
[2024-11-10T09:00:12.233+0000] {logging_mixin.py:190} INFO - [2024-11-10T09:00:12.233+0000] {dag.py:4180} INFO - Setting next_dagrun for example_subdag_operator.section-2 to None, run_after=None
[2024-11-10T09:00:12.243+0000] {processor.py:208} INFO - Processing /home/airflow/.local/lib/python3.12/site-packages/airflow/example_dags/example_subdag_operator.py took 0.085 seconds
[2024-11-10T09:00:42.744+0000] {processor.py:186} INFO - Started process (PID=953) to work on /home/airflow/.local/lib/python3.12/site-packages/airflow/example_dags/example_subdag_operator.py
[2024-11-10T09:00:42.745+0000] {processor.py:914} INFO - Processing file /home/airflow/.local/lib/python3.12/site-packages/airflow/example_dags/example_subdag_operator.py for tasks to queue
[2024-11-10T09:00:42.747+0000] {logging_mixin.py:190} INFO - [2024-11-10T09:00:42.747+0000] {dagbag.py:588} INFO - Filling up the DagBag from /home/airflow/.local/lib/python3.12/site-packages/airflow/example_dags/example_subdag_operator.py
[2024-11-10T09:00:42.767+0000] {processor.py:925} INFO - DAG(s) 'example_subdag_operator.section-1', 'example_subdag_operator.section-2', 'example_subdag_operator' retrieved from /home/airflow/.local/lib/python3.12/site-packages/airflow/example_dags/example_subdag_operator.py
[2024-11-10T09:00:42.780+0000] {logging_mixin.py:190} INFO - [2024-11-10T09:00:42.780+0000] {dag.py:3239} INFO - Sync 3 DAGs
[2024-11-10T09:00:42.799+0000] {logging_mixin.py:190} INFO - [2024-11-10T09:00:42.799+0000] {dag.py:4180} INFO - Setting next_dagrun for example_subdag_operator to 2022-01-01 00:00:00+00:00, run_after=2022-01-01 00:00:00+00:00
[2024-11-10T09:00:42.803+0000] {logging_mixin.py:190} INFO - [2024-11-10T09:00:42.803+0000] {dag.py:4180} INFO - Setting next_dagrun for example_subdag_operator.section-1 to None, run_after=None
[2024-11-10T09:00:42.804+0000] {logging_mixin.py:190} INFO - [2024-11-10T09:00:42.804+0000] {dag.py:4180} INFO - Setting next_dagrun for example_subdag_operator.section-2 to None, run_after=None
[2024-11-10T09:00:42.810+0000] {logging_mixin.py:190} INFO - [2024-11-10T09:00:42.810+0000] {dag.py:3239} INFO - Sync 2 DAGs
[2024-11-10T09:00:42.816+0000] {logging_mixin.py:190} INFO - [2024-11-10T09:00:42.815+0000] {dag.py:4180} INFO - Setting next_dagrun for example_subdag_operator.section-1 to None, run_after=None
[2024-11-10T09:00:42.816+0000] {logging_mixin.py:190} INFO - [2024-11-10T09:00:42.816+0000] {dag.py:4180} INFO - Setting next_dagrun for example_subdag_operator.section-2 to None, run_after=None
[2024-11-10T09:00:42.825+0000] {processor.py:208} INFO - Processing /home/airflow/.local/lib/python3.12/site-packages/airflow/example_dags/example_subdag_operator.py took 0.086 seconds
[2024-11-10T09:01:13.027+0000] {processor.py:186} INFO - Started process (PID=1015) to work on /home/airflow/.local/lib/python3.12/site-packages/airflow/example_dags/example_subdag_operator.py
[2024-11-10T09:01:13.027+0000] {processor.py:914} INFO - Processing file /home/airflow/.local/lib/python3.12/site-packages/airflow/example_dags/example_subdag_operator.py for tasks to queue
[2024-11-10T09:01:13.030+0000] {logging_mixin.py:190} INFO - [2024-11-10T09:01:13.029+0000] {dagbag.py:588} INFO - Filling up the DagBag from /home/airflow/.local/lib/python3.12/site-packages/airflow/example_dags/example_subdag_operator.py
[2024-11-10T09:01:13.051+0000] {processor.py:925} INFO - DAG(s) 'example_subdag_operator.section-1', 'example_subdag_operator.section-2', 'example_subdag_operator' retrieved from /home/airflow/.local/lib/python3.12/site-packages/airflow/example_dags/example_subdag_operator.py
[2024-11-10T09:01:13.065+0000] {logging_mixin.py:190} INFO - [2024-11-10T09:01:13.065+0000] {dag.py:3239} INFO - Sync 3 DAGs
[2024-11-10T09:01:13.084+0000] {logging_mixin.py:190} INFO - [2024-11-10T09:01:13.084+0000] {dag.py:4180} INFO - Setting next_dagrun for example_subdag_operator to 2022-01-01 00:00:00+00:00, run_after=2022-01-01 00:00:00+00:00
[2024-11-10T09:01:13.087+0000] {logging_mixin.py:190} INFO - [2024-11-10T09:01:13.087+0000] {dag.py:4180} INFO - Setting next_dagrun for example_subdag_operator.section-1 to None, run_after=None
[2024-11-10T09:01:13.089+0000] {logging_mixin.py:190} INFO - [2024-11-10T09:01:13.089+0000] {dag.py:4180} INFO - Setting next_dagrun for example_subdag_operator.section-2 to None, run_after=None
[2024-11-10T09:01:13.095+0000] {logging_mixin.py:190} INFO - [2024-11-10T09:01:13.094+0000] {dag.py:3239} INFO - Sync 2 DAGs
[2024-11-10T09:01:13.099+0000] {logging_mixin.py:190} INFO - [2024-11-10T09:01:13.099+0000] {dag.py:4180} INFO - Setting next_dagrun for example_subdag_operator.section-1 to None, run_after=None
[2024-11-10T09:01:13.100+0000] {logging_mixin.py:190} INFO - [2024-11-10T09:01:13.100+0000] {dag.py:4180} INFO - Setting next_dagrun for example_subdag_operator.section-2 to None, run_after=None
[2024-11-10T09:01:13.110+0000] {processor.py:208} INFO - Processing /home/airflow/.local/lib/python3.12/site-packages/airflow/example_dags/example_subdag_operator.py took 0.088 seconds
[2024-11-10T09:01:43.212+0000] {processor.py:186} INFO - Started process (PID=1077) to work on /home/airflow/.local/lib/python3.12/site-packages/airflow/example_dags/example_subdag_operator.py
[2024-11-10T09:01:43.213+0000] {processor.py:914} INFO - Processing file /home/airflow/.local/lib/python3.12/site-packages/airflow/example_dags/example_subdag_operator.py for tasks to queue
[2024-11-10T09:01:43.215+0000] {logging_mixin.py:190} INFO - [2024-11-10T09:01:43.214+0000] {dagbag.py:588} INFO - Filling up the DagBag from /home/airflow/.local/lib/python3.12/site-packages/airflow/example_dags/example_subdag_operator.py
[2024-11-10T09:01:43.235+0000] {processor.py:925} INFO - DAG(s) 'example_subdag_operator.section-1', 'example_subdag_operator.section-2', 'example_subdag_operator' retrieved from /home/airflow/.local/lib/python3.12/site-packages/airflow/example_dags/example_subdag_operator.py
[2024-11-10T09:01:43.247+0000] {logging_mixin.py:190} INFO - [2024-11-10T09:01:43.247+0000] {dag.py:3239} INFO - Sync 3 DAGs
[2024-11-10T09:01:43.266+0000] {logging_mixin.py:190} INFO - [2024-11-10T09:01:43.266+0000] {dag.py:4180} INFO - Setting next_dagrun for example_subdag_operator to 2022-01-01 00:00:00+00:00, run_after=2022-01-01 00:00:00+00:00
[2024-11-10T09:01:43.270+0000] {logging_mixin.py:190} INFO - [2024-11-10T09:01:43.270+0000] {dag.py:4180} INFO - Setting next_dagrun for example_subdag_operator.section-1 to None, run_after=None
[2024-11-10T09:01:43.272+0000] {logging_mixin.py:190} INFO - [2024-11-10T09:01:43.271+0000] {dag.py:4180} INFO - Setting next_dagrun for example_subdag_operator.section-2 to None, run_after=None
[2024-11-10T09:01:43.279+0000] {logging_mixin.py:190} INFO - [2024-11-10T09:01:43.279+0000] {dag.py:3239} INFO - Sync 2 DAGs
[2024-11-10T09:01:43.285+0000] {logging_mixin.py:190} INFO - [2024-11-10T09:01:43.285+0000] {dag.py:4180} INFO - Setting next_dagrun for example_subdag_operator.section-1 to None, run_after=None
[2024-11-10T09:01:43.285+0000] {logging_mixin.py:190} INFO - [2024-11-10T09:01:43.285+0000] {dag.py:4180} INFO - Setting next_dagrun for example_subdag_operator.section-2 to None, run_after=None
[2024-11-10T09:01:43.296+0000] {processor.py:208} INFO - Processing /home/airflow/.local/lib/python3.12/site-packages/airflow/example_dags/example_subdag_operator.py took 0.089 seconds
[2024-11-10T09:02:13.341+0000] {processor.py:186} INFO - Started process (PID=1139) to work on /home/airflow/.local/lib/python3.12/site-packages/airflow/example_dags/example_subdag_operator.py
[2024-11-10T09:02:13.342+0000] {processor.py:914} INFO - Processing file /home/airflow/.local/lib/python3.12/site-packages/airflow/example_dags/example_subdag_operator.py for tasks to queue
[2024-11-10T09:02:13.344+0000] {logging_mixin.py:190} INFO - [2024-11-10T09:02:13.343+0000] {dagbag.py:588} INFO - Filling up the DagBag from /home/airflow/.local/lib/python3.12/site-packages/airflow/example_dags/example_subdag_operator.py
[2024-11-10T09:02:13.367+0000] {processor.py:925} INFO - DAG(s) 'example_subdag_operator.section-1', 'example_subdag_operator.section-2', 'example_subdag_operator' retrieved from /home/airflow/.local/lib/python3.12/site-packages/airflow/example_dags/example_subdag_operator.py
[2024-11-10T09:02:13.380+0000] {logging_mixin.py:190} INFO - [2024-11-10T09:02:13.379+0000] {dag.py:3239} INFO - Sync 3 DAGs
[2024-11-10T09:02:13.398+0000] {logging_mixin.py:190} INFO - [2024-11-10T09:02:13.398+0000] {dag.py:4180} INFO - Setting next_dagrun for example_subdag_operator to 2022-01-01 00:00:00+00:00, run_after=2022-01-01 00:00:00+00:00
[2024-11-10T09:02:13.401+0000] {logging_mixin.py:190} INFO - [2024-11-10T09:02:13.401+0000] {dag.py:4180} INFO - Setting next_dagrun for example_subdag_operator.section-1 to None, run_after=None
[2024-11-10T09:02:13.403+0000] {logging_mixin.py:190} INFO - [2024-11-10T09:02:13.403+0000] {dag.py:4180} INFO - Setting next_dagrun for example_subdag_operator.section-2 to None, run_after=None
[2024-11-10T09:02:13.409+0000] {logging_mixin.py:190} INFO - [2024-11-10T09:02:13.408+0000] {dag.py:3239} INFO - Sync 2 DAGs
[2024-11-10T09:02:13.413+0000] {logging_mixin.py:190} INFO - [2024-11-10T09:02:13.413+0000] {dag.py:4180} INFO - Setting next_dagrun for example_subdag_operator.section-1 to None, run_after=None
[2024-11-10T09:02:13.414+0000] {logging_mixin.py:190} INFO - [2024-11-10T09:02:13.413+0000] {dag.py:4180} INFO - Setting next_dagrun for example_subdag_operator.section-2 to None, run_after=None
[2024-11-10T09:02:13.423+0000] {processor.py:208} INFO - Processing /home/airflow/.local/lib/python3.12/site-packages/airflow/example_dags/example_subdag_operator.py took 0.087 seconds
[2024-11-10T09:02:44.173+0000] {processor.py:186} INFO - Started process (PID=1201) to work on /home/airflow/.local/lib/python3.12/site-packages/airflow/example_dags/example_subdag_operator.py
[2024-11-10T09:02:44.174+0000] {processor.py:914} INFO - Processing file /home/airflow/.local/lib/python3.12/site-packages/airflow/example_dags/example_subdag_operator.py for tasks to queue
[2024-11-10T09:02:44.176+0000] {logging_mixin.py:190} INFO - [2024-11-10T09:02:44.175+0000] {dagbag.py:588} INFO - Filling up the DagBag from /home/airflow/.local/lib/python3.12/site-packages/airflow/example_dags/example_subdag_operator.py
[2024-11-10T09:02:44.196+0000] {processor.py:925} INFO - DAG(s) 'example_subdag_operator.section-1', 'example_subdag_operator.section-2', 'example_subdag_operator' retrieved from /home/airflow/.local/lib/python3.12/site-packages/airflow/example_dags/example_subdag_operator.py
[2024-11-10T09:02:44.209+0000] {logging_mixin.py:190} INFO - [2024-11-10T09:02:44.209+0000] {dag.py:3239} INFO - Sync 3 DAGs
[2024-11-10T09:02:44.228+0000] {logging_mixin.py:190} INFO - [2024-11-10T09:02:44.228+0000] {dag.py:4180} INFO - Setting next_dagrun for example_subdag_operator to 2022-01-01 00:00:00+00:00, run_after=2022-01-01 00:00:00+00:00
[2024-11-10T09:02:44.232+0000] {logging_mixin.py:190} INFO - [2024-11-10T09:02:44.231+0000] {dag.py:4180} INFO - Setting next_dagrun for example_subdag_operator.section-1 to None, run_after=None
[2024-11-10T09:02:44.233+0000] {logging_mixin.py:190} INFO - [2024-11-10T09:02:44.233+0000] {dag.py:4180} INFO - Setting next_dagrun for example_subdag_operator.section-2 to None, run_after=None
[2024-11-10T09:02:44.239+0000] {logging_mixin.py:190} INFO - [2024-11-10T09:02:44.239+0000] {dag.py:3239} INFO - Sync 2 DAGs
[2024-11-10T09:02:44.243+0000] {logging_mixin.py:190} INFO - [2024-11-10T09:02:44.243+0000] {dag.py:4180} INFO - Setting next_dagrun for example_subdag_operator.section-1 to None, run_after=None
[2024-11-10T09:02:44.244+0000] {logging_mixin.py:190} INFO - [2024-11-10T09:02:44.244+0000] {dag.py:4180} INFO - Setting next_dagrun for example_subdag_operator.section-2 to None, run_after=None
[2024-11-10T09:02:44.253+0000] {processor.py:208} INFO - Processing /home/airflow/.local/lib/python3.12/site-packages/airflow/example_dags/example_subdag_operator.py took 0.085 seconds
[2024-11-10T09:03:15.212+0000] {processor.py:186} INFO - Started process (PID=1263) to work on /home/airflow/.local/lib/python3.12/site-packages/airflow/example_dags/example_subdag_operator.py
[2024-11-10T09:03:15.213+0000] {processor.py:914} INFO - Processing file /home/airflow/.local/lib/python3.12/site-packages/airflow/example_dags/example_subdag_operator.py for tasks to queue
[2024-11-10T09:03:15.214+0000] {logging_mixin.py:190} INFO - [2024-11-10T09:03:15.214+0000] {dagbag.py:588} INFO - Filling up the DagBag from /home/airflow/.local/lib/python3.12/site-packages/airflow/example_dags/example_subdag_operator.py
[2024-11-10T09:03:15.234+0000] {processor.py:925} INFO - DAG(s) 'example_subdag_operator.section-1', 'example_subdag_operator.section-2', 'example_subdag_operator' retrieved from /home/airflow/.local/lib/python3.12/site-packages/airflow/example_dags/example_subdag_operator.py
[2024-11-10T09:03:15.246+0000] {logging_mixin.py:190} INFO - [2024-11-10T09:03:15.246+0000] {dag.py:3239} INFO - Sync 3 DAGs
[2024-11-10T09:03:15.266+0000] {logging_mixin.py:190} INFO - [2024-11-10T09:03:15.266+0000] {dag.py:4180} INFO - Setting next_dagrun for example_subdag_operator to 2022-01-01 00:00:00+00:00, run_after=2022-01-01 00:00:00+00:00
[2024-11-10T09:03:15.269+0000] {logging_mixin.py:190} INFO - [2024-11-10T09:03:15.269+0000] {dag.py:4180} INFO - Setting next_dagrun for example_subdag_operator.section-1 to None, run_after=None
[2024-11-10T09:03:15.270+0000] {logging_mixin.py:190} INFO - [2024-11-10T09:03:15.270+0000] {dag.py:4180} INFO - Setting next_dagrun for example_subdag_operator.section-2 to None, run_after=None
[2024-11-10T09:03:15.276+0000] {logging_mixin.py:190} INFO - [2024-11-10T09:03:15.276+0000] {dag.py:3239} INFO - Sync 2 DAGs
[2024-11-10T09:03:15.280+0000] {logging_mixin.py:190} INFO - [2024-11-10T09:03:15.280+0000] {dag.py:4180} INFO - Setting next_dagrun for example_subdag_operator.section-1 to None, run_after=None
[2024-11-10T09:03:15.280+0000] {logging_mixin.py:190} INFO - [2024-11-10T09:03:15.280+0000] {dag.py:4180} INFO - Setting next_dagrun for example_subdag_operator.section-2 to None, run_after=None
[2024-11-10T09:03:15.289+0000] {processor.py:208} INFO - Processing /home/airflow/.local/lib/python3.12/site-packages/airflow/example_dags/example_subdag_operator.py took 0.082 seconds
[2024-11-10T09:03:46.381+0000] {processor.py:186} INFO - Started process (PID=1325) to work on /home/airflow/.local/lib/python3.12/site-packages/airflow/example_dags/example_subdag_operator.py
[2024-11-10T09:03:46.382+0000] {processor.py:914} INFO - Processing file /home/airflow/.local/lib/python3.12/site-packages/airflow/example_dags/example_subdag_operator.py for tasks to queue
[2024-11-10T09:03:46.384+0000] {logging_mixin.py:190} INFO - [2024-11-10T09:03:46.384+0000] {dagbag.py:588} INFO - Filling up the DagBag from /home/airflow/.local/lib/python3.12/site-packages/airflow/example_dags/example_subdag_operator.py
[2024-11-10T09:03:46.404+0000] {processor.py:925} INFO - DAG(s) 'example_subdag_operator.section-1', 'example_subdag_operator.section-2', 'example_subdag_operator' retrieved from /home/airflow/.local/lib/python3.12/site-packages/airflow/example_dags/example_subdag_operator.py
[2024-11-10T09:03:46.417+0000] {logging_mixin.py:190} INFO - [2024-11-10T09:03:46.417+0000] {dag.py:3239} INFO - Sync 3 DAGs
[2024-11-10T09:03:46.436+0000] {logging_mixin.py:190} INFO - [2024-11-10T09:03:46.436+0000] {dag.py:4180} INFO - Setting next_dagrun for example_subdag_operator to 2022-01-01 00:00:00+00:00, run_after=2022-01-01 00:00:00+00:00
[2024-11-10T09:03:46.439+0000] {logging_mixin.py:190} INFO - [2024-11-10T09:03:46.439+0000] {dag.py:4180} INFO - Setting next_dagrun for example_subdag_operator.section-1 to None, run_after=None
[2024-11-10T09:03:46.440+0000] {logging_mixin.py:190} INFO - [2024-11-10T09:03:46.440+0000] {dag.py:4180} INFO - Setting next_dagrun for example_subdag_operator.section-2 to None, run_after=None
[2024-11-10T09:03:46.446+0000] {logging_mixin.py:190} INFO - [2024-11-10T09:03:46.446+0000] {dag.py:3239} INFO - Sync 2 DAGs
[2024-11-10T09:03:46.450+0000] {logging_mixin.py:190} INFO - [2024-11-10T09:03:46.450+0000] {dag.py:4180} INFO - Setting next_dagrun for example_subdag_operator.section-1 to None, run_after=None
[2024-11-10T09:03:46.451+0000] {logging_mixin.py:190} INFO - [2024-11-10T09:03:46.451+0000] {dag.py:4180} INFO - Setting next_dagrun for example_subdag_operator.section-2 to None, run_after=None
[2024-11-10T09:03:46.460+0000] {processor.py:208} INFO - Processing /home/airflow/.local/lib/python3.12/site-packages/airflow/example_dags/example_subdag_operator.py took 0.083 seconds
[2024-11-10T09:04:16.596+0000] {processor.py:186} INFO - Started process (PID=1387) to work on /home/airflow/.local/lib/python3.12/site-packages/airflow/example_dags/example_subdag_operator.py
[2024-11-10T09:04:16.597+0000] {processor.py:914} INFO - Processing file /home/airflow/.local/lib/python3.12/site-packages/airflow/example_dags/example_subdag_operator.py for tasks to queue
[2024-11-10T09:04:16.599+0000] {logging_mixin.py:190} INFO - [2024-11-10T09:04:16.598+0000] {dagbag.py:588} INFO - Filling up the DagBag from /home/airflow/.local/lib/python3.12/site-packages/airflow/example_dags/example_subdag_operator.py
[2024-11-10T09:04:16.619+0000] {processor.py:925} INFO - DAG(s) 'example_subdag_operator.section-1', 'example_subdag_operator.section-2', 'example_subdag_operator' retrieved from /home/airflow/.local/lib/python3.12/site-packages/airflow/example_dags/example_subdag_operator.py
[2024-11-10T09:04:16.632+0000] {logging_mixin.py:190} INFO - [2024-11-10T09:04:16.632+0000] {dag.py:3239} INFO - Sync 3 DAGs
[2024-11-10T09:04:16.651+0000] {logging_mixin.py:190} INFO - [2024-11-10T09:04:16.651+0000] {dag.py:4180} INFO - Setting next_dagrun for example_subdag_operator to 2022-01-01 00:00:00+00:00, run_after=2022-01-01 00:00:00+00:00
[2024-11-10T09:04:16.655+0000] {logging_mixin.py:190} INFO - [2024-11-10T09:04:16.655+0000] {dag.py:4180} INFO - Setting next_dagrun for example_subdag_operator.section-1 to None, run_after=None
[2024-11-10T09:04:16.657+0000] {logging_mixin.py:190} INFO - [2024-11-10T09:04:16.657+0000] {dag.py:4180} INFO - Setting next_dagrun for example_subdag_operator.section-2 to None, run_after=None
[2024-11-10T09:04:16.663+0000] {logging_mixin.py:190} INFO - [2024-11-10T09:04:16.663+0000] {dag.py:3239} INFO - Sync 2 DAGs
[2024-11-10T09:04:16.667+0000] {logging_mixin.py:190} INFO - [2024-11-10T09:04:16.667+0000] {dag.py:4180} INFO - Setting next_dagrun for example_subdag_operator.section-1 to None, run_after=None
[2024-11-10T09:04:16.668+0000] {logging_mixin.py:190} INFO - [2024-11-10T09:04:16.668+0000] {dag.py:4180} INFO - Setting next_dagrun for example_subdag_operator.section-2 to None, run_after=None
[2024-11-10T09:04:16.677+0000] {processor.py:208} INFO - Processing /home/airflow/.local/lib/python3.12/site-packages/airflow/example_dags/example_subdag_operator.py took 0.086 seconds
[2024-11-10T09:04:47.885+0000] {processor.py:186} INFO - Started process (PID=1449) to work on /home/airflow/.local/lib/python3.12/site-packages/airflow/example_dags/example_subdag_operator.py
[2024-11-10T09:04:47.886+0000] {processor.py:914} INFO - Processing file /home/airflow/.local/lib/python3.12/site-packages/airflow/example_dags/example_subdag_operator.py for tasks to queue
[2024-11-10T09:04:47.888+0000] {logging_mixin.py:190} INFO - [2024-11-10T09:04:47.887+0000] {dagbag.py:588} INFO - Filling up the DagBag from /home/airflow/.local/lib/python3.12/site-packages/airflow/example_dags/example_subdag_operator.py
[2024-11-10T09:04:47.908+0000] {processor.py:925} INFO - DAG(s) 'example_subdag_operator.section-1', 'example_subdag_operator.section-2', 'example_subdag_operator' retrieved from /home/airflow/.local/lib/python3.12/site-packages/airflow/example_dags/example_subdag_operator.py
[2024-11-10T09:04:47.920+0000] {logging_mixin.py:190} INFO - [2024-11-10T09:04:47.920+0000] {dag.py:3239} INFO - Sync 3 DAGs
[2024-11-10T09:04:47.938+0000] {logging_mixin.py:190} INFO - [2024-11-10T09:04:47.938+0000] {dag.py:4180} INFO - Setting next_dagrun for example_subdag_operator to 2022-01-01 00:00:00+00:00, run_after=2022-01-01 00:00:00+00:00
[2024-11-10T09:04:47.941+0000] {logging_mixin.py:190} INFO - [2024-11-10T09:04:47.941+0000] {dag.py:4180} INFO - Setting next_dagrun for example_subdag_operator.section-1 to None, run_after=None
[2024-11-10T09:04:47.943+0000] {logging_mixin.py:190} INFO - [2024-11-10T09:04:47.943+0000] {dag.py:4180} INFO - Setting next_dagrun for example_subdag_operator.section-2 to None, run_after=None
[2024-11-10T09:04:47.949+0000] {logging_mixin.py:190} INFO - [2024-11-10T09:04:47.949+0000] {dag.py:3239} INFO - Sync 2 DAGs
[2024-11-10T09:04:47.954+0000] {logging_mixin.py:190} INFO - [2024-11-10T09:04:47.954+0000] {dag.py:4180} INFO - Setting next_dagrun for example_subdag_operator.section-1 to None, run_after=None
[2024-11-10T09:04:47.954+0000] {logging_mixin.py:190} INFO - [2024-11-10T09:04:47.954+0000] {dag.py:4180} INFO - Setting next_dagrun for example_subdag_operator.section-2 to None, run_after=None
[2024-11-10T09:04:47.964+0000] {processor.py:208} INFO - Processing /home/airflow/.local/lib/python3.12/site-packages/airflow/example_dags/example_subdag_operator.py took 0.084 seconds
                                                                                                                                                                                                                                                                                                                                                                                                                                                                                                                                                                                                                                                                                                                                                                                                                                                                                                                                                                                                                                                                                                                                                                                                                                                                                                                                                                                                                                                                                                                                                                                                                                                                                                                                                                                                                                                                                                                                                                                                                                                                                                                                                                                                                                                                                                                                                                                                                                      