[2024-11-10T08:53:30.174+0000] {processor.py:186} INFO - Started process (PID=48) to work on /home/airflow/.local/lib/python3.12/site-packages/airflow/example_dags/example_datasets.py
[2024-11-10T08:53:30.175+0000] {processor.py:914} INFO - Processing file /home/airflow/.local/lib/python3.12/site-packages/airflow/example_dags/example_datasets.py for tasks to queue
[2024-11-10T08:53:30.176+0000] {logging_mixin.py:190} INFO - [2024-11-10T08:53:30.176+0000] {dagbag.py:588} INFO - Filling up the DagBag from /home/airflow/.local/lib/python3.12/site-packages/airflow/example_dags/example_datasets.py
[2024-11-10T08:53:30.303+0000] {processor.py:925} INFO - DAG(s) 'dataset_consumes_1', 'dataset_consumes_1_never_scheduled', 'dataset_consumes_unknown_never_scheduled', 'dataset_produces_2', 'consume_1_or_both_2_and_3_with_dataset_expressions', 'conditional_dataset_and_time_based_timetable', 'consume_1_or_2_with_dataset_expressions', 'dataset_consumes_1_and_2', 'consume_1_and_2_with_dataset_expressions', 'dataset_produces_1' retrieved from /home/airflow/.local/lib/python3.12/site-packages/airflow/example_dags/example_datasets.py
[2024-11-10T08:53:30.386+0000] {logging_mixin.py:190} INFO - [2024-11-10T08:53:30.385+0000] {override.py:1900} INFO - Created Permission View: can delete on DAG:dataset_consumes_1
[2024-11-10T08:53:30.395+0000] {logging_mixin.py:190} INFO - [2024-11-10T08:53:30.395+0000] {override.py:1900} INFO - Created Permission View: can edit on DAG:dataset_consumes_1
[2024-11-10T08:53:30.402+0000] {logging_mixin.py:190} INFO - [2024-11-10T08:53:30.402+0000] {override.py:1900} INFO - Created Permission View: can read on DAG:dataset_consumes_1
[2024-11-10T08:53:30.410+0000] {logging_mixin.py:190} INFO - [2024-11-10T08:53:30.410+0000] {override.py:1900} INFO - Created Permission View: menu access on DAG Run:dataset_consumes_1
[2024-11-10T08:53:30.417+0000] {logging_mixin.py:190} INFO - [2024-11-10T08:53:30.416+0000] {override.py:1900} INFO - Created Permission View: can delete on DAG Run:dataset_consumes_1
[2024-11-10T08:53:30.423+0000] {logging_mixin.py:190} INFO - [2024-11-10T08:53:30.423+0000] {override.py:1900} INFO - Created Permission View: can create on DAG Run:dataset_consumes_1
[2024-11-10T08:53:30.429+0000] {logging_mixin.py:190} INFO - [2024-11-10T08:53:30.429+0000] {override.py:1900} INFO - Created Permission View: can read on DAG Run:dataset_consumes_1
[2024-11-10T08:53:30.442+0000] {logging_mixin.py:190} INFO - [2024-11-10T08:53:30.441+0000] {override.py:1900} INFO - Created Permission View: can delete on DAG:dataset_consumes_1_never_scheduled
[2024-11-10T08:53:30.450+0000] {logging_mixin.py:190} INFO - [2024-11-10T08:53:30.449+0000] {override.py:1900} INFO - Created Permission View: can edit on DAG:dataset_consumes_1_never_scheduled
[2024-11-10T08:53:30.456+0000] {logging_mixin.py:190} INFO - [2024-11-10T08:53:30.455+0000] {override.py:1900} INFO - Created Permission View: can read on DAG:dataset_consumes_1_never_scheduled
[2024-11-10T08:53:30.463+0000] {logging_mixin.py:190} INFO - [2024-11-10T08:53:30.462+0000] {override.py:1900} INFO - Created Permission View: menu access on DAG Run:dataset_consumes_1_never_scheduled
[2024-11-10T08:53:30.468+0000] {logging_mixin.py:190} INFO - [2024-11-10T08:53:30.468+0000] {override.py:1900} INFO - Created Permission View: can delete on DAG Run:dataset_consumes_1_never_scheduled
[2024-11-10T08:53:30.475+0000] {logging_mixin.py:190} INFO - [2024-11-10T08:53:30.475+0000] {override.py:1900} INFO - Created Permission View: can create on DAG Run:dataset_consumes_1_never_scheduled
[2024-11-10T08:53:30.481+0000] {logging_mixin.py:190} INFO - [2024-11-10T08:53:30.480+0000] {override.py:1900} INFO - Created Permission View: can read on DAG Run:dataset_consumes_1_never_scheduled
[2024-11-10T08:53:30.492+0000] {logging_mixin.py:190} INFO - [2024-11-10T08:53:30.491+0000] {override.py:1900} INFO - Created Permission View: can delete on DAG:dataset_consumes_unknown_never_scheduled
[2024-11-10T08:53:30.497+0000] {logging_mixin.py:190} INFO - [2024-11-10T08:53:30.497+0000] {override.py:1900} INFO - Created Permission View: can edit on DAG:dataset_consumes_unknown_never_scheduled
[2024-11-10T08:53:30.502+0000] {logging_mixin.py:190} INFO - [2024-11-10T08:53:30.502+0000] {override.py:1900} INFO - Created Permission View: can read on DAG:dataset_consumes_unknown_never_scheduled
[2024-11-10T08:53:30.508+0000] {logging_mixin.py:190} INFO - [2024-11-10T08:53:30.508+0000] {override.py:1900} INFO - Created Permission View: menu access on DAG Run:dataset_consumes_unknown_never_scheduled
[2024-11-10T08:53:30.514+0000] {logging_mixin.py:190} INFO - [2024-11-10T08:53:30.513+0000] {override.py:1900} INFO - Created Permission View: can delete on DAG Run:dataset_consumes_unknown_never_scheduled
[2024-11-10T08:53:30.518+0000] {logging_mixin.py:190} INFO - [2024-11-10T08:53:30.518+0000] {override.py:1900} INFO - Created Permission View: can create on DAG Run:dataset_consumes_unknown_never_scheduled
[2024-11-10T08:53:30.523+0000] {logging_mixin.py:190} INFO - [2024-11-10T08:53:30.523+0000] {override.py:1900} INFO - Created Permission View: can read on DAG Run:dataset_consumes_unknown_never_scheduled
[2024-11-10T08:53:30.532+0000] {logging_mixin.py:190} INFO - [2024-11-10T08:53:30.532+0000] {override.py:1900} INFO - Created Permission View: can delete on DAG:dataset_produces_2
[2024-11-10T08:53:30.538+0000] {logging_mixin.py:190} INFO - [2024-11-10T08:53:30.537+0000] {override.py:1900} INFO - Created Permission View: can edit on DAG:dataset_produces_2
[2024-11-10T08:53:30.543+0000] {logging_mixin.py:190} INFO - [2024-11-10T08:53:30.543+0000] {override.py:1900} INFO - Created Permission View: can read on DAG:dataset_produces_2
[2024-11-10T08:53:30.552+0000] {logging_mixin.py:190} INFO - [2024-11-10T08:53:30.551+0000] {override.py:1900} INFO - Created Permission View: menu access on DAG Run:dataset_produces_2
[2024-11-10T08:53:30.558+0000] {logging_mixin.py:190} INFO - [2024-11-10T08:53:30.558+0000] {override.py:1900} INFO - Created Permission View: can delete on DAG Run:dataset_produces_2
[2024-11-10T08:53:30.564+0000] {logging_mixin.py:190} INFO - [2024-11-10T08:53:30.564+0000] {override.py:1900} INFO - Created Permission View: can create on DAG Run:dataset_produces_2
[2024-11-10T08:53:30.570+0000] {logging_mixin.py:190} INFO - [2024-11-10T08:53:30.570+0000] {override.py:1900} INFO - Created Permission View: can read on DAG Run:dataset_produces_2
[2024-11-10T08:53:30.581+0000] {logging_mixin.py:190} INFO - [2024-11-10T08:53:30.581+0000] {override.py:1900} INFO - Created Permission View: can delete on DAG:consume_1_or_both_2_and_3_with_dataset_expressions
[2024-11-10T08:53:30.587+0000] {logging_mixin.py:190} INFO - [2024-11-10T08:53:30.587+0000] {override.py:1900} INFO - Created Permission View: can edit on DAG:consume_1_or_both_2_and_3_with_dataset_expressions
[2024-11-10T08:53:30.592+0000] {logging_mixin.py:190} INFO - [2024-11-10T08:53:30.592+0000] {override.py:1900} INFO - Created Permission View: can read on DAG:consume_1_or_both_2_and_3_with_dataset_expressions
[2024-11-10T08:53:30.599+0000] {logging_mixin.py:190} INFO - [2024-11-10T08:53:30.598+0000] {override.py:1900} INFO - Created Permission View: menu access on DAG Run:consume_1_or_both_2_and_3_with_dataset_expressions
[2024-11-10T08:53:30.605+0000] {logging_mixin.py:190} INFO - [2024-11-10T08:53:30.604+0000] {override.py:1900} INFO - Created Permission View: can delete on DAG Run:consume_1_or_both_2_and_3_with_dataset_expressions
[2024-11-10T08:53:30.611+0000] {logging_mixin.py:190} INFO - [2024-11-10T08:53:30.611+0000] {override.py:1900} INFO - Created Permission View: can create on DAG Run:consume_1_or_both_2_and_3_with_dataset_expressions
[2024-11-10T08:53:30.617+0000] {logging_mixin.py:190} INFO - [2024-11-10T08:53:30.617+0000] {override.py:1900} INFO - Created Permission View: can read on DAG Run:consume_1_or_both_2_and_3_with_dataset_expressions
[2024-11-10T08:53:30.627+0000] {logging_mixin.py:190} INFO - [2024-11-10T08:53:30.626+0000] {override.py:1900} INFO - Created Permission View: can delete on DAG:conditional_dataset_and_time_based_timetable
[2024-11-10T08:53:30.632+0000] {logging_mixin.py:190} INFO - [2024-11-10T08:53:30.632+0000] {override.py:1900} INFO - Created Permission View: can edit on DAG:conditional_dataset_and_time_based_timetable
[2024-11-10T08:53:30.638+0000] {logging_mixin.py:190} INFO - [2024-11-10T08:53:30.638+0000] {override.py:1900} INFO - Created Permission View: can read on DAG:conditional_dataset_and_time_based_timetable
[2024-11-10T08:53:30.644+0000] {logging_mixin.py:190} INFO - [2024-11-10T08:53:30.644+0000] {override.py:1900} INFO - Created Permission View: menu access on DAG Run:conditional_dataset_and_time_based_timetable
[2024-11-10T08:53:30.650+0000] {logging_mixin.py:190} INFO - [2024-11-10T08:53:30.650+0000] {override.py:1900} INFO - Created Permission View: can delete on DAG Run:conditional_dataset_and_time_based_timetable
[2024-11-10T08:53:30.655+0000] {logging_mixin.py:190} INFO - [2024-11-10T08:53:30.655+0000] {override.py:1900} INFO - Created Permission View: can create on DAG Run:conditional_dataset_and_time_based_timetable
[2024-11-10T08:53:30.661+0000] {logging_mixin.py:190} INFO - [2024-11-10T08:53:30.661+0000] {override.py:1900} INFO - Created Permission View: can read on DAG Run:conditional_dataset_and_time_based_timetable
[2024-11-10T08:53:30.671+0000] {logging_mixin.py:190} INFO - [2024-11-10T08:53:30.670+0000] {override.py:1900} INFO - Created Permission View: can delete on DAG:consume_1_or_2_with_dataset_expressions
[2024-11-10T08:53:30.676+0000] {logging_mixin.py:190} INFO - [2024-11-10T08:53:30.676+0000] {override.py:1900} INFO - Created Permission View: can edit on DAG:consume_1_or_2_with_dataset_expressions
[2024-11-10T08:53:30.682+0000] {logging_mixin.py:190} INFO - [2024-11-10T08:53:30.682+0000] {override.py:1900} INFO - Created Permission View: can read on DAG:consume_1_or_2_with_dataset_expressions
[2024-11-10T08:53:30.689+0000] {logging_mixin.py:190} INFO - [2024-11-10T08:53:30.688+0000] {override.py:1900} INFO - Created Permission View: menu access on DAG Run:consume_1_or_2_with_dataset_expressions
[2024-11-10T08:53:30.696+0000] {logging_mixin.py:190} INFO - [2024-11-10T08:53:30.695+0000] {override.py:1900} INFO - Created Permission View: can delete on DAG Run:consume_1_or_2_with_dataset_expressions
[2024-11-10T08:53:30.701+0000] {logging_mixin.py:190} INFO - [2024-11-10T08:53:30.701+0000] {override.py:1900} INFO - Created Permission View: can create on DAG Run:consume_1_or_2_with_dataset_expressions
[2024-11-10T08:53:30.706+0000] {logging_mixin.py:190} INFO - [2024-11-10T08:53:30.706+0000] {override.py:1900} INFO - Created Permission View: can read on DAG Run:consume_1_or_2_with_dataset_expressions
[2024-11-10T08:53:30.718+0000] {logging_mixin.py:190} INFO - [2024-11-10T08:53:30.718+0000] {override.py:1900} INFO - Created Permission View: can delete on DAG:dataset_consumes_1_and_2
[2024-11-10T08:53:30.723+0000] {logging_mixin.py:190} INFO - [2024-11-10T08:53:30.723+0000] {override.py:1900} INFO - Created Permission View: can edit on DAG:dataset_consumes_1_and_2
[2024-11-10T08:53:30.729+0000] {logging_mixin.py:190} INFO - [2024-11-10T08:53:30.729+0000] {override.py:1900} INFO - Created Permission View: can read on DAG:dataset_consumes_1_and_2
[2024-11-10T08:53:30.736+0000] {logging_mixin.py:190} INFO - [2024-11-10T08:53:30.735+0000] {override.py:1900} INFO - Created Permission View: menu access on DAG Run:dataset_consumes_1_and_2
[2024-11-10T08:53:30.742+0000] {logging_mixin.py:190} INFO - [2024-11-10T08:53:30.742+0000] {override.py:1900} INFO - Created Permission View: can delete on DAG Run:dataset_consumes_1_and_2
[2024-11-10T08:53:30.748+0000] {logging_mixin.py:190} INFO - [2024-11-10T08:53:30.748+0000] {override.py:1900} INFO - Created Permission View: can create on DAG Run:dataset_consumes_1_and_2
[2024-11-10T08:53:30.754+0000] {logging_mixin.py:190} INFO - [2024-11-10T08:53:30.754+0000] {override.py:1900} INFO - Created Permission View: can read on DAG Run:dataset_consumes_1_and_2
[2024-11-10T08:53:30.765+0000] {logging_mixin.py:190} INFO - [2024-11-10T08:53:30.764+0000] {override.py:1900} INFO - Created Permission View: can delete on DAG:consume_1_and_2_with_dataset_expressions
[2024-11-10T08:53:30.770+0000] {logging_mixin.py:190} INFO - [2024-11-10T08:53:30.770+0000] {override.py:1900} INFO - Created Permission View: can edit on DAG:consume_1_and_2_with_dataset_expressions
[2024-11-10T08:53:30.776+0000] {logging_mixin.py:190} INFO - [2024-11-10T08:53:30.776+0000] {override.py:1900} INFO - Created Permission View: can read on DAG:consume_1_and_2_with_dataset_expressions
[2024-11-10T08:53:30.783+0000] {logging_mixin.py:190} INFO - [2024-11-10T08:53:30.783+0000] {override.py:1900} INFO - Created Permission View: menu access on DAG Run:consume_1_and_2_with_dataset_expressions
[2024-11-10T08:53:30.789+0000] {logging_mixin.py:190} INFO - [2024-11-10T08:53:30.789+0000] {override.py:1900} INFO - Created Permission View: can delete on DAG Run:consume_1_and_2_with_dataset_expressions
[2024-11-10T08:53:30.795+0000] {logging_mixin.py:190} INFO - [2024-11-10T08:53:30.795+0000] {override.py:1900} INFO - Created Permission View: can create on DAG Run:consume_1_and_2_with_dataset_expressions
[2024-11-10T08:53:30.801+0000] {logging_mixin.py:190} INFO - [2024-11-10T08:53:30.801+0000] {override.py:1900} INFO - Created Permission View: can read on DAG Run:consume_1_and_2_with_dataset_expressions
[2024-11-10T08:53:30.816+0000] {logging_mixin.py:190} INFO - [2024-11-10T08:53:30.816+0000] {override.py:1900} INFO - Created Permission View: can delete on DAG:dataset_produces_1
[2024-11-10T08:53:30.822+0000] {logging_mixin.py:190} INFO - [2024-11-10T08:53:30.822+0000] {override.py:1900} INFO - Created Permission View: can edit on DAG:dataset_produces_1
[2024-11-10T08:53:30.829+0000] {logging_mixin.py:190} INFO - [2024-11-10T08:53:30.828+0000] {override.py:1900} INFO - Created Permission View: can read on DAG:dataset_produces_1
[2024-11-10T08:53:30.836+0000] {logging_mixin.py:190} INFO - [2024-11-10T08:53:30.836+0000] {override.py:1900} INFO - Created Permission View: menu access on DAG Run:dataset_produces_1
[2024-11-10T08:53:30.843+0000] {logging_mixin.py:190} INFO - [2024-11-10T08:53:30.842+0000] {override.py:1900} INFO - Created Permission View: can delete on DAG Run:dataset_produces_1
[2024-11-10T08:53:30.849+0000] {logging_mixin.py:190} INFO - [2024-11-10T08:53:30.849+0000] {override.py:1900} INFO - Created Permission View: can create on DAG Run:dataset_produces_1
[2024-11-10T08:53:30.856+0000] {logging_mixin.py:190} INFO - [2024-11-10T08:53:30.856+0000] {override.py:1900} INFO - Created Permission View: can read on DAG Run:dataset_produces_1
[2024-11-10T08:53:30.857+0000] {logging_mixin.py:190} INFO - [2024-11-10T08:53:30.857+0000] {dag.py:3239} INFO - Sync 10 DAGs
[2024-11-10T08:53:30.869+0000] {logging_mixin.py:190} INFO - [2024-11-10T08:53:30.869+0000] {dag.py:3262} INFO - Creating ORM DAG for consume_1_or_2_with_dataset_expressions
[2024-11-10T08:53:30.870+0000] {logging_mixin.py:190} INFO - [2024-11-10T08:53:30.870+0000] {dag.py:3262} INFO - Creating ORM DAG for consume_1_or_both_2_and_3_with_dataset_expressions
[2024-11-10T08:53:30.871+0000] {logging_mixin.py:190} INFO - [2024-11-10T08:53:30.871+0000] {dag.py:3262} INFO - Creating ORM DAG for dataset_produces_2
[2024-11-10T08:53:30.871+0000] {logging_mixin.py:190} INFO - [2024-11-10T08:53:30.871+0000] {dag.py:3262} INFO - Creating ORM DAG for dataset_consumes_1_and_2
[2024-11-10T08:53:30.872+0000] {logging_mixin.py:190} INFO - [2024-11-10T08:53:30.872+0000] {dag.py:3262} INFO - Creating ORM DAG for dataset_consumes_1
[2024-11-10T08:53:30.873+0000] {logging_mixin.py:190} INFO - [2024-11-10T08:53:30.873+0000] {dag.py:3262} INFO - Creating ORM DAG for dataset_produces_1
[2024-11-10T08:53:30.874+0000] {logging_mixin.py:190} INFO - [2024-11-10T08:53:30.873+0000] {dag.py:3262} INFO - Creating ORM DAG for conditional_dataset_and_time_based_timetable
[2024-11-10T08:53:30.874+0000] {logging_mixin.py:190} INFO - [2024-11-10T08:53:30.874+0000] {dag.py:3262} INFO - Creating ORM DAG for dataset_consumes_unknown_never_scheduled
[2024-11-10T08:53:30.875+0000] {logging_mixin.py:190} INFO - [2024-11-10T08:53:30.875+0000] {dag.py:3262} INFO - Creating ORM DAG for consume_1_and_2_with_dataset_expressions
[2024-11-10T08:53:30.876+0000] {logging_mixin.py:190} INFO - [2024-11-10T08:53:30.875+0000] {dag.py:3262} INFO - Creating ORM DAG for dataset_consumes_1_never_scheduled
[2024-11-10T08:53:30.885+0000] {logging_mixin.py:190} INFO - [2024-11-10T08:53:30.884+0000] {dag.py:4180} INFO - Setting next_dagrun for conditional_dataset_and_time_based_timetable to 2024-11-06 01:00:00+00:00, run_after=2024-11-06 01:00:00+00:00
[2024-11-10T08:53:30.886+0000] {logging_mixin.py:190} INFO - [2024-11-10T08:53:30.886+0000] {dag.py:4180} INFO - Setting next_dagrun for consume_1_and_2_with_dataset_expressions to None, run_after=None
[2024-11-10T08:53:30.887+0000] {logging_mixin.py:190} INFO - [2024-11-10T08:53:30.886+0000] {dag.py:4180} INFO - Setting next_dagrun for consume_1_or_2_with_dataset_expressions to None, run_after=None
[2024-11-10T08:53:30.887+0000] {logging_mixin.py:190} INFO - [2024-11-10T08:53:30.887+0000] {dag.py:4180} INFO - Setting next_dagrun for consume_1_or_both_2_and_3_with_dataset_expressions to None, run_after=None
[2024-11-10T08:53:30.888+0000] {logging_mixin.py:190} INFO - [2024-11-10T08:53:30.888+0000] {dag.py:4180} INFO - Setting next_dagrun for dataset_consumes_1 to None, run_after=None
[2024-11-10T08:53:30.889+0000] {logging_mixin.py:190} INFO - [2024-11-10T08:53:30.888+0000] {dag.py:4180} INFO - Setting next_dagrun for dataset_consumes_1_and_2 to None, run_after=None
[2024-11-10T08:53:30.889+0000] {logging_mixin.py:190} INFO - [2024-11-10T08:53:30.889+0000] {dag.py:4180} INFO - Setting next_dagrun for dataset_consumes_1_never_scheduled to None, run_after=None
[2024-11-10T08:53:30.890+0000] {logging_mixin.py:190} INFO - [2024-11-10T08:53:30.890+0000] {dag.py:4180} INFO - Setting next_dagrun for dataset_consumes_unknown_never_scheduled to None, run_after=None
[2024-11-10T08:53:30.891+0000] {logging_mixin.py:190} INFO - [2024-11-10T08:53:30.891+0000] {dag.py:4180} INFO - Setting next_dagrun for dataset_produces_1 to 2024-11-09 00:00:00+00:00, run_after=2024-11-10 00:00:00+00:00
[2024-11-10T08:53:30.892+0000] {logging_mixin.py:190} INFO - [2024-11-10T08:53:30.892+0000] {dag.py:4180} INFO - Setting next_dagrun for dataset_produces_2 to None, run_after=None
[2024-11-10T08:53:30.930+0000] {processor.py:208} INFO - Processing /home/airflow/.local/lib/python3.12/site-packages/airflow/example_dags/example_datasets.py took 0.761 seconds
[2024-11-10T08:54:01.068+0000] {processor.py:186} INFO - Started process (PID=111) to work on /home/airflow/.local/lib/python3.12/site-packages/airflow/example_dags/example_datasets.py
[2024-11-10T08:54:01.068+0000] {processor.py:914} INFO - Processing file /home/airflow/.local/lib/python3.12/site-packages/airflow/example_dags/example_datasets.py for tasks to queue
[2024-11-10T08:54:01.070+0000] {logging_mixin.py:190} INFO - [2024-11-10T08:54:01.070+0000] {dagbag.py:588} INFO - Filling up the DagBag from /home/airflow/.local/lib/python3.12/site-packages/airflow/example_dags/example_datasets.py
[2024-11-10T08:54:01.187+0000] {processor.py:925} INFO - DAG(s) 'dataset_consumes_1_never_scheduled', 'conditional_dataset_and_time_based_timetable', 'dataset_produces_1', 'consume_1_and_2_with_dataset_expressions', 'dataset_consumes_1', 'dataset_consumes_unknown_never_scheduled', 'dataset_consumes_1_and_2', 'consume_1_or_2_with_dataset_expressions', 'consume_1_or_both_2_and_3_with_dataset_expressions', 'dataset_produces_2' retrieved from /home/airflow/.local/lib/python3.12/site-packages/airflow/example_dags/example_datasets.py
[2024-11-10T08:54:01.220+0000] {logging_mixin.py:190} INFO - [2024-11-10T08:54:01.219+0000] {dag.py:3239} INFO - Sync 10 DAGs
[2024-11-10T08:54:01.241+0000] {logging_mixin.py:190} INFO - [2024-11-10T08:54:01.241+0000] {dag.py:4180} INFO - Setting next_dagrun for conditional_dataset_and_time_based_timetable to 2024-11-06 01:00:00+00:00, run_after=2024-11-06 01:00:00+00:00
[2024-11-10T08:54:01.244+0000] {logging_mixin.py:190} INFO - [2024-11-10T08:54:01.244+0000] {dag.py:4180} INFO - Setting next_dagrun for consume_1_and_2_with_dataset_expressions to None, run_after=None
[2024-11-10T08:54:01.245+0000] {logging_mixin.py:190} INFO - [2024-11-10T08:54:01.245+0000] {dag.py:4180} INFO - Setting next_dagrun for consume_1_or_2_with_dataset_expressions to None, run_after=None
[2024-11-10T08:54:01.247+0000] {logging_mixin.py:190} INFO - [2024-11-10T08:54:01.247+0000] {dag.py:4180} INFO - Setting next_dagrun for consume_1_or_both_2_and_3_with_dataset_expressions to None, run_after=None
[2024-11-10T08:54:01.249+0000] {logging_mixin.py:190} INFO - [2024-11-10T08:54:01.248+0000] {dag.py:4180} INFO - Setting next_dagrun for dataset_consumes_1 to None, run_after=None
[2024-11-10T08:54:01.250+0000] {logging_mixin.py:190} INFO - [2024-11-10T08:54:01.250+0000] {dag.py:4180} INFO - Setting next_dagrun for dataset_consumes_1_and_2 to None, run_after=None
[2024-11-10T08:54:01.251+0000] {logging_mixin.py:190} INFO - [2024-11-10T08:54:01.251+0000] {dag.py:4180} INFO - Setting next_dagrun for dataset_consumes_1_never_scheduled to None, run_after=None
[2024-11-10T08:54:01.252+0000] {logging_mixin.py:190} INFO - [2024-11-10T08:54:01.252+0000] {dag.py:4180} INFO - Setting next_dagrun for dataset_consumes_unknown_never_scheduled to None, run_after=None
[2024-11-10T08:54:01.254+0000] {logging_mixin.py:190} INFO - [2024-11-10T08:54:01.254+0000] {dag.py:4180} INFO - Setting next_dagrun for dataset_produces_1 to 2024-11-09 00:00:00+00:00, run_after=2024-11-10 00:00:00+00:00
[2024-11-10T08:54:01.255+0000] {logging_mixin.py:190} INFO - [2024-11-10T08:54:01.255+0000] {dag.py:4180} INFO - Setting next_dagrun for dataset_produces_2 to None, run_after=None
[2024-11-10T08:54:01.282+0000] {processor.py:208} INFO - Processing /home/airflow/.local/lib/python3.12/site-packages/airflow/example_dags/example_datasets.py took 0.219 seconds
[2024-11-10T08:54:31.310+0000] {processor.py:186} INFO - Started process (PID=174) to work on /home/airflow/.local/lib/python3.12/site-packages/airflow/example_dags/example_datasets.py
[2024-11-10T08:54:31.311+0000] {processor.py:914} INFO - Processing file /home/airflow/.local/lib/python3.12/site-packages/airflow/example_dags/example_datasets.py for tasks to queue
[2024-11-10T08:54:31.314+0000] {logging_mixin.py:190} INFO - [2024-11-10T08:54:31.314+0000] {dagbag.py:588} INFO - Filling up the DagBag from /home/airflow/.local/lib/python3.12/site-packages/airflow/example_dags/example_datasets.py
[2024-11-10T08:54:31.444+0000] {processor.py:925} INFO - DAG(s) 'consume_1_or_both_2_and_3_with_dataset_expressions', 'dataset_produces_2', 'consume_1_and_2_with_dataset_expressions', 'dataset_consumes_unknown_never_scheduled', 'dataset_consumes_1', 'dataset_produces_1', 'dataset_consumes_1_and_2', 'conditional_dataset_and_time_based_timetable', 'dataset_consumes_1_never_scheduled', 'consume_1_or_2_with_dataset_expressions' retrieved from /home/airflow/.local/lib/python3.12/site-packages/airflow/example_dags/example_datasets.py
[2024-11-10T08:54:31.486+0000] {logging_mixin.py:190} INFO - [2024-11-10T08:54:31.486+0000] {dag.py:3239} INFO - Sync 10 DAGs
[2024-11-10T08:54:31.511+0000] {logging_mixin.py:190} INFO - [2024-11-10T08:54:31.511+0000] {dag.py:4180} INFO - Setting next_dagrun for conditional_dataset_and_time_based_timetable to 2024-11-06 01:00:00+00:00, run_after=2024-11-06 01:00:00+00:00
[2024-11-10T08:54:31.516+0000] {logging_mixin.py:190} INFO - [2024-11-10T08:54:31.516+0000] {dag.py:4180} INFO - Setting next_dagrun for consume_1_and_2_with_dataset_expressions to None, run_after=None
[2024-11-10T08:54:31.517+0000] {logging_mixin.py:190} INFO - [2024-11-10T08:54:31.517+0000] {dag.py:4180} INFO - Setting next_dagrun for consume_1_or_2_with_dataset_expressions to None, run_after=None
[2024-11-10T08:54:31.518+0000] {logging_mixin.py:190} INFO - [2024-11-10T08:54:31.518+0000] {dag.py:4180} INFO - Setting next_dagrun for consume_1_or_both_2_and_3_with_dataset_expressions to None, run_after=None
[2024-11-10T08:54:31.519+0000] {logging_mixin.py:190} INFO - [2024-11-10T08:54:31.519+0000] {dag.py:4180} INFO - Setting next_dagrun for dataset_consumes_1 to None, run_after=None
[2024-11-10T08:54:31.521+0000] {logging_mixin.py:190} INFO - [2024-11-10T08:54:31.520+0000] {dag.py:4180} INFO - Setting next_dagrun for dataset_consumes_1_and_2 to None, run_after=None
[2024-11-10T08:54:31.522+0000] {logging_mixin.py:190} INFO - [2024-11-10T08:54:31.522+0000] {dag.py:4180} INFO - Setting next_dagrun for dataset_consumes_1_never_scheduled to None, run_after=None
[2024-11-10T08:54:31.523+0000] {logging_mixin.py:190} INFO - [2024-11-10T08:54:31.523+0000] {dag.py:4180} INFO - Setting next_dagrun for dataset_consumes_unknown_never_scheduled to None, run_after=None
[2024-11-10T08:54:31.525+0000] {logging_mixin.py:190} INFO - [2024-11-10T08:54:31.525+0000] {dag.py:4180} INFO - Setting next_dagrun for dataset_produces_1 to 2024-11-09 00:00:00+00:00, run_after=2024-11-10 00:00:00+00:00
[2024-11-10T08:54:31.526+0000] {logging_mixin.py:190} INFO - [2024-11-10T08:54:31.526+0000] {dag.py:4180} INFO - Setting next_dagrun for dataset_produces_2 to None, run_after=None
[2024-11-10T08:54:31.555+0000] {processor.py:208} INFO - Processing /home/airflow/.local/lib/python3.12/site-packages/airflow/example_dags/example_datasets.py took 0.249 seconds
[2024-11-10T08:55:02.205+0000] {processor.py:186} INFO - Started process (PID=234) to work on /home/airflow/.local/lib/python3.12/site-packages/airflow/example_dags/example_datasets.py
[2024-11-10T08:55:02.206+0000] {processor.py:914} INFO - Processing file /home/airflow/.local/lib/python3.12/site-packages/airflow/example_dags/example_datasets.py for tasks to queue
[2024-11-10T08:55:02.208+0000] {logging_mixin.py:190} INFO - [2024-11-10T08:55:02.208+0000] {dagbag.py:588} INFO - Filling up the DagBag from /home/airflow/.local/lib/python3.12/site-packages/airflow/example_dags/example_datasets.py
[2024-11-10T08:55:02.323+0000] {processor.py:925} INFO - DAG(s) 'consume_1_or_2_with_dataset_expressions', 'dataset_produces_1', 'dataset_consumes_1', 'consume_1_and_2_with_dataset_expressions', 'dataset_consumes_1_and_2', 'dataset_consumes_1_never_scheduled', 'consume_1_or_both_2_and_3_with_dataset_expressions', 'dataset_consumes_unknown_never_scheduled', 'dataset_produces_2', 'conditional_dataset_and_time_based_timetable' retrieved from /home/airflow/.local/lib/python3.12/site-packages/airflow/example_dags/example_datasets.py
[2024-11-10T08:55:02.357+0000] {logging_mixin.py:190} INFO - [2024-11-10T08:55:02.357+0000] {dag.py:3239} INFO - Sync 10 DAGs
[2024-11-10T08:55:02.377+0000] {logging_mixin.py:190} INFO - [2024-11-10T08:55:02.377+0000] {dag.py:4180} INFO - Setting next_dagrun for conditional_dataset_and_time_based_timetable to 2024-11-06 01:00:00+00:00, run_after=2024-11-06 01:00:00+00:00
[2024-11-10T08:55:02.380+0000] {logging_mixin.py:190} INFO - [2024-11-10T08:55:02.380+0000] {dag.py:4180} INFO - Setting next_dagrun for consume_1_and_2_with_dataset_expressions to None, run_after=None
[2024-11-10T08:55:02.382+0000] {logging_mixin.py:190} INFO - [2024-11-10T08:55:02.381+0000] {dag.py:4180} INFO - Setting next_dagrun for consume_1_or_2_with_dataset_expressions to None, run_after=None
[2024-11-10T08:55:02.383+0000] {logging_mixin.py:190} INFO - [2024-11-10T08:55:02.383+0000] {dag.py:4180} INFO - Setting next_dagrun for consume_1_or_both_2_and_3_with_dataset_expressions to None, run_after=None
[2024-11-10T08:55:02.384+0000] {logging_mixin.py:190} INFO - [2024-11-10T08:55:02.384+0000] {dag.py:4180} INFO - Setting next_dagrun for dataset_consumes_1 to None, run_after=None
[2024-11-10T08:55:02.385+0000] {logging_mixin.py:190} INFO - [2024-11-10T08:55:02.385+0000] {dag.py:4180} INFO - Setting next_dagrun for dataset_consumes_1_and_2 to None, run_after=None
[2024-11-10T08:55:02.386+0000] {logging_mixin.py:190} INFO - [2024-11-10T08:55:02.386+0000] {dag.py:4180} INFO - Setting next_dagrun for dataset_consumes_1_never_scheduled to None, run_after=None
[2024-11-10T08:55:02.387+0000] {logging_mixin.py:190} INFO - [2024-11-10T08:55:02.387+0000] {dag.py:4180} INFO - Setting next_dagrun for dataset_consumes_unknown_never_scheduled to None, run_after=None
[2024-11-10T08:55:02.389+0000] {logging_mixin.py:190} INFO - [2024-11-10T08:55:02.389+0000] {dag.py:4180} INFO - Setting next_dagrun for dataset_produces_1 to 2024-11-09 00:00:00+00:00, run_after=2024-11-10 00:00:00+00:00
[2024-11-10T08:55:02.391+0000] {logging_mixin.py:190} INFO - [2024-11-10T08:55:02.391+0000] {dag.py:4180} INFO - Setting next_dagrun for dataset_produces_2 to None, run_after=None
[2024-11-10T08:55:02.418+0000] {processor.py:208} INFO - Processing /home/airflow/.local/lib/python3.12/site-packages/airflow/example_dags/example_datasets.py took 0.217 seconds
[2024-11-10T08:55:33.006+0000] {processor.py:186} INFO - Started process (PID=296) to work on /home/airflow/.local/lib/python3.12/site-packages/airflow/example_dags/example_datasets.py
[2024-11-10T08:55:33.007+0000] {processor.py:914} INFO - Processing file /home/airflow/.local/lib/python3.12/site-packages/airflow/example_dags/example_datasets.py for tasks to queue
[2024-11-10T08:55:33.009+0000] {logging_mixin.py:190} INFO - [2024-11-10T08:55:33.008+0000] {dagbag.py:588} INFO - Filling up the DagBag from /home/airflow/.local/lib/python3.12/site-packages/airflow/example_dags/example_datasets.py
[2024-11-10T08:55:33.124+0000] {processor.py:925} INFO - DAG(s) 'consume_1_and_2_with_dataset_expressions', 'dataset_produces_1', 'consume_1_or_both_2_and_3_with_dataset_expressions', 'dataset_consumes_unknown_never_scheduled', 'consume_1_or_2_with_dataset_expressions', 'dataset_consumes_1_and_2', 'dataset_produces_2', 'conditional_dataset_and_time_based_timetable', 'dataset_consumes_1_never_scheduled', 'dataset_consumes_1' retrieved from /home/airflow/.local/lib/python3.12/site-packages/airflow/example_dags/example_datasets.py
[2024-11-10T08:55:33.158+0000] {logging_mixin.py:190} INFO - [2024-11-10T08:55:33.158+0000] {dag.py:3239} INFO - Sync 10 DAGs
[2024-11-10T08:55:33.180+0000] {logging_mixin.py:190} INFO - [2024-11-10T08:55:33.180+0000] {dag.py:4180} INFO - Setting next_dagrun for conditional_dataset_and_time_based_timetable to 2024-11-06 01:00:00+00:00, run_after=2024-11-06 01:00:00+00:00
[2024-11-10T08:55:33.183+0000] {logging_mixin.py:190} INFO - [2024-11-10T08:55:33.183+0000] {dag.py:4180} INFO - Setting next_dagrun for consume_1_and_2_with_dataset_expressions to None, run_after=None
[2024-11-10T08:55:33.184+0000] {logging_mixin.py:190} INFO - [2024-11-10T08:55:33.184+0000] {dag.py:4180} INFO - Setting next_dagrun for consume_1_or_2_with_dataset_expressions to None, run_after=None
[2024-11-10T08:55:33.185+0000] {logging_mixin.py:190} INFO - [2024-11-10T08:55:33.185+0000] {dag.py:4180} INFO - Setting next_dagrun for consume_1_or_both_2_and_3_with_dataset_expressions to None, run_after=None
[2024-11-10T08:55:33.186+0000] {logging_mixin.py:190} INFO - [2024-11-10T08:55:33.186+0000] {dag.py:4180} INFO - Setting next_dagrun for dataset_consumes_1 to None, run_after=None
[2024-11-10T08:55:33.187+0000] {logging_mixin.py:190} INFO - [2024-11-10T08:55:33.187+0000] {dag.py:4180} INFO - Setting next_dagrun for dataset_consumes_1_and_2 to None, run_after=None
[2024-11-10T08:55:33.188+0000] {logging_mixin.py:190} INFO - [2024-11-10T08:55:33.188+0000] {dag.py:4180} INFO - Setting next_dagrun for dataset_consumes_1_never_scheduled to None, run_after=None
[2024-11-10T08:55:33.189+0000] {logging_mixin.py:190} INFO - [2024-11-10T08:55:33.189+0000] {dag.py:4180} INFO - Setting next_dagrun for dataset_consumes_unknown_never_scheduled to None, run_after=None
[2024-11-10T08:55:33.191+0000] {logging_mixin.py:190} INFO - [2024-11-10T08:55:33.191+0000] {dag.py:4180} INFO - Setting next_dagrun for dataset_produces_1 to 2024-11-09 00:00:00+00:00, run_after=2024-11-10 00:00:00+00:00
[2024-11-10T08:55:33.192+0000] {logging_mixin.py:190} INFO - [2024-11-10T08:55:33.192+0000] {dag.py:4180} INFO - Setting next_dagrun for dataset_produces_2 to None, run_after=None
[2024-11-10T08:55:33.219+0000] {processor.py:208} INFO - Processing /home/airflow/.local/lib/python3.12/site-packages/airflow/example_dags/example_datasets.py took 0.217 seconds
[2024-11-10T08:56:03.919+0000] {processor.py:186} INFO - Started process (PID=358) to work on /home/airflow/.local/lib/python3.12/site-packages/airflow/example_dags/example_datasets.py
[2024-11-10T08:56:03.920+0000] {processor.py:914} INFO - Processing file /home/airflow/.local/lib/python3.12/site-packages/airflow/example_dags/example_datasets.py for tasks to queue
[2024-11-10T08:56:03.922+0000] {logging_mixin.py:190} INFO - [2024-11-10T08:56:03.922+0000] {dagbag.py:588} INFO - Filling up the DagBag from /home/airflow/.local/lib/python3.12/site-packages/airflow/example_dags/example_datasets.py
[2024-11-10T08:56:04.042+0000] {processor.py:925} INFO - DAG(s) 'dataset_consumes_unknown_never_scheduled', 'dataset_consumes_1_and_2', 'consume_1_and_2_with_dataset_expressions', 'dataset_produces_1', 'dataset_consumes_1_never_scheduled', 'consume_1_or_2_with_dataset_expressions', 'conditional_dataset_and_time_based_timetable', 'dataset_consumes_1', 'consume_1_or_both_2_and_3_with_dataset_expressions', 'dataset_produces_2' retrieved from /home/airflow/.local/lib/python3.12/site-packages/airflow/example_dags/example_datasets.py
[2024-11-10T08:56:04.076+0000] {logging_mixin.py:190} INFO - [2024-11-10T08:56:04.075+0000] {dag.py:3239} INFO - Sync 10 DAGs
[2024-11-10T08:56:04.099+0000] {logging_mixin.py:190} INFO - [2024-11-10T08:56:04.099+0000] {dag.py:4180} INFO - Setting next_dagrun for conditional_dataset_and_time_based_timetable to 2024-11-06 01:00:00+00:00, run_after=2024-11-06 01:00:00+00:00
[2024-11-10T08:56:04.102+0000] {logging_mixin.py:190} INFO - [2024-11-10T08:56:04.102+0000] {dag.py:4180} INFO - Setting next_dagrun for consume_1_and_2_with_dataset_expressions to None, run_after=None
[2024-11-10T08:56:04.103+0000] {logging_mixin.py:190} INFO - [2024-11-10T08:56:04.103+0000] {dag.py:4180} INFO - Setting next_dagrun for consume_1_or_2_with_dataset_expressions to None, run_after=None
[2024-11-10T08:56:04.105+0000] {logging_mixin.py:190} INFO - [2024-11-10T08:56:04.104+0000] {dag.py:4180} INFO - Setting next_dagrun for consume_1_or_both_2_and_3_with_dataset_expressions to None, run_after=None
[2024-11-10T08:56:04.106+0000] {logging_mixin.py:190} INFO - [2024-11-10T08:56:04.106+0000] {dag.py:4180} INFO - Setting next_dagrun for dataset_consumes_1 to None, run_after=None
[2024-11-10T08:56:04.107+0000] {logging_mixin.py:190} INFO - [2024-11-10T08:56:04.107+0000] {dag.py:4180} INFO - Setting next_dagrun for dataset_consumes_1_and_2 to None, run_after=None
[2024-11-10T08:56:04.108+0000] {logging_mixin.py:190} INFO - [2024-11-10T08:56:04.108+0000] {dag.py:4180} INFO - Setting next_dagrun for dataset_consumes_1_never_scheduled to None, run_after=None
[2024-11-10T08:56:04.110+0000] {logging_mixin.py:190} INFO - [2024-11-10T08:56:04.109+0000] {dag.py:4180} INFO - Setting next_dagrun for dataset_consumes_unknown_never_scheduled to None, run_after=None
[2024-11-10T08:56:04.112+0000] {logging_mixin.py:190} INFO - [2024-11-10T08:56:04.112+0000] {dag.py:4180} INFO - Setting next_dagrun for dataset_produces_1 to 2024-11-09 00:00:00+00:00, run_after=2024-11-10 00:00:00+00:00
[2024-11-10T08:56:04.113+0000] {logging_mixin.py:190} INFO - [2024-11-10T08:56:04.113+0000] {dag.py:4180} INFO - Setting next_dagrun for dataset_produces_2 to None, run_after=None
[2024-11-10T08:56:04.140+0000] {processor.py:208} INFO - Processing /home/airflow/.local/lib/python3.12/site-packages/airflow/example_dags/example_datasets.py took 0.225 seconds
[2024-11-10T08:56:34.982+0000] {processor.py:186} INFO - Started process (PID=420) to work on /home/airflow/.local/lib/python3.12/site-packages/airflow/example_dags/example_datasets.py
[2024-11-10T08:56:34.984+0000] {processor.py:914} INFO - Processing file /home/airflow/.local/lib/python3.12/site-packages/airflow/example_dags/example_datasets.py for tasks to queue
[2024-11-10T08:56:34.989+0000] {logging_mixin.py:190} INFO - [2024-11-10T08:56:34.988+0000] {dagbag.py:588} INFO - Filling up the DagBag from /home/airflow/.local/lib/python3.12/site-packages/airflow/example_dags/example_datasets.py
[2024-11-10T08:56:35.176+0000] {processor.py:925} INFO - DAG(s) 'consume_1_and_2_with_dataset_expressions', 'dataset_consumes_1_and_2', 'dataset_produces_1', 'consume_1_or_2_with_dataset_expressions', 'consume_1_or_both_2_and_3_with_dataset_expressions', 'dataset_consumes_1', 'conditional_dataset_and_time_based_timetable', 'dataset_produces_2', 'dataset_consumes_unknown_never_scheduled', 'dataset_consumes_1_never_scheduled' retrieved from /home/airflow/.local/lib/python3.12/site-packages/airflow/example_dags/example_datasets.py
[2024-11-10T08:56:35.215+0000] {logging_mixin.py:190} INFO - [2024-11-10T08:56:35.215+0000] {dag.py:3239} INFO - Sync 10 DAGs
[2024-11-10T08:56:35.237+0000] {logging_mixin.py:190} INFO - [2024-11-10T08:56:35.237+0000] {dag.py:4180} INFO - Setting next_dagrun for conditional_dataset_and_time_based_timetable to 2024-11-06 01:00:00+00:00, run_after=2024-11-06 01:00:00+00:00
[2024-11-10T08:56:35.240+0000] {logging_mixin.py:190} INFO - [2024-11-10T08:56:35.240+0000] {dag.py:4180} INFO - Setting next_dagrun for consume_1_and_2_with_dataset_expressions to None, run_after=None
[2024-11-10T08:56:35.241+0000] {logging_mixin.py:190} INFO - [2024-11-10T08:56:35.241+0000] {dag.py:4180} INFO - Setting next_dagrun for consume_1_or_2_with_dataset_expressions to None, run_after=None
[2024-11-10T08:56:35.242+0000] {logging_mixin.py:190} INFO - [2024-11-10T08:56:35.242+0000] {dag.py:4180} INFO - Setting next_dagrun for consume_1_or_both_2_and_3_with_dataset_expressions to None, run_after=None
[2024-11-10T08:56:35.243+0000] {logging_mixin.py:190} INFO - [2024-11-10T08:56:35.243+0000] {dag.py:4180} INFO - Setting next_dagrun for dataset_consumes_1 to None, run_after=None
[2024-11-10T08:56:35.244+0000] {logging_mixin.py:190} INFO - [2024-11-10T08:56:35.244+0000] {dag.py:4180} INFO - Setting next_dagrun for dataset_consumes_1_and_2 to None, run_after=None
[2024-11-10T08:56:35.245+0000] {logging_mixin.py:190} INFO - [2024-11-10T08:56:35.245+0000] {dag.py:4180} INFO - Setting next_dagrun for dataset_consumes_1_never_scheduled to None, run_after=None
[2024-11-10T08:56:35.246+0000] {logging_mixin.py:190} INFO - [2024-11-10T08:56:35.246+0000] {dag.py:4180} INFO - Setting next_dagrun for dataset_consumes_unknown_never_scheduled to None, run_after=None
[2024-11-10T08:56:35.248+0000] {logging_mixin.py:190} INFO - [2024-11-10T08:56:35.248+0000] {dag.py:4180} INFO - Setting next_dagrun for dataset_produces_1 to 2024-11-09 00:00:00+00:00, run_after=2024-11-10 00:00:00+00:00
[2024-11-10T08:56:35.249+0000] {logging_mixin.py:190} INFO - [2024-11-10T08:56:35.249+0000] {dag.py:4180} INFO - Setting next_dagrun for dataset_produces_2 to None, run_after=None
[2024-11-10T08:56:35.276+0000] {processor.py:208} INFO - Processing /home/airflow/.local/lib/python3.12/site-packages/airflow/example_dags/example_datasets.py took 0.301 seconds
[2024-11-10T08:57:06.234+0000] {processor.py:186} INFO - Started process (PID=482) to work on /home/airflow/.local/lib/python3.12/site-packages/airflow/example_dags/example_datasets.py
[2024-11-10T08:57:06.235+0000] {processor.py:914} INFO - Processing file /home/airflow/.local/lib/python3.12/site-packages/airflow/example_dags/example_datasets.py for tasks to queue
[2024-11-10T08:57:06.237+0000] {logging_mixin.py:190} INFO - [2024-11-10T08:57:06.237+0000] {dagbag.py:588} INFO - Filling up the DagBag from /home/airflow/.local/lib/python3.12/site-packages/airflow/example_dags/example_datasets.py
[2024-11-10T08:57:06.353+0000] {processor.py:925} INFO - DAG(s) 'consume_1_and_2_with_dataset_expressions', 'dataset_produces_1', 'conditional_dataset_and_time_based_timetable', 'consume_1_or_2_with_dataset_expressions', 'dataset_produces_2', 'consume_1_or_both_2_and_3_with_dataset_expressions', 'dataset_consumes_1_never_scheduled', 'dataset_consumes_1_and_2', 'dataset_consumes_unknown_never_scheduled', 'dataset_consumes_1' retrieved from /home/airflow/.local/lib/python3.12/site-packages/airflow/example_dags/example_datasets.py
[2024-11-10T08:57:06.386+0000] {logging_mixin.py:190} INFO - [2024-11-10T08:57:06.386+0000] {dag.py:3239} INFO - Sync 10 DAGs
[2024-11-10T08:57:06.407+0000] {logging_mixin.py:190} INFO - [2024-11-10T08:57:06.407+0000] {dag.py:4180} INFO - Setting next_dagrun for conditional_dataset_and_time_based_timetable to 2024-11-06 01:00:00+00:00, run_after=2024-11-06 01:00:00+00:00
[2024-11-10T08:57:06.410+0000] {logging_mixin.py:190} INFO - [2024-11-10T08:57:06.410+0000] {dag.py:4180} INFO - Setting next_dagrun for consume_1_and_2_with_dataset_expressions to None, run_after=None
[2024-11-10T08:57:06.412+0000] {logging_mixin.py:190} INFO - [2024-11-10T08:57:06.411+0000] {dag.py:4180} INFO - Setting next_dagrun for consume_1_or_2_with_dataset_expressions to None, run_after=None
[2024-11-10T08:57:06.413+0000] {logging_mixin.py:190} INFO - [2024-11-10T08:57:06.413+0000] {dag.py:4180} INFO - Setting next_dagrun for consume_1_or_both_2_and_3_with_dataset_expressions to None, run_after=None
[2024-11-10T08:57:06.414+0000] {logging_mixin.py:190} INFO - [2024-11-10T08:57:06.414+0000] {dag.py:4180} INFO - Setting next_dagrun for dataset_consumes_1 to None, run_after=None
[2024-11-10T08:57:06.415+0000] {logging_mixin.py:190} INFO - [2024-11-10T08:57:06.415+0000] {dag.py:4180} INFO - Setting next_dagrun for dataset_consumes_1_and_2 to None, run_after=None
[2024-11-10T08:57:06.417+0000] {logging_mixin.py:190} INFO - [2024-11-10T08:57:06.416+0000] {dag.py:4180} INFO - Setting next_dagrun for dataset_consumes_1_never_scheduled to None, run_after=None
[2024-11-10T08:57:06.418+0000] {logging_mixin.py:190} INFO - [2024-11-10T08:57:06.418+0000] {dag.py:4180} INFO - Setting next_dagrun for dataset_consumes_unknown_never_scheduled to None, run_after=None
[2024-11-10T08:57:06.420+0000] {logging_mixin.py:190} INFO - [2024-11-10T08:57:06.420+0000] {dag.py:4180} INFO - Setting next_dagrun for dataset_produces_1 to 2024-11-09 00:00:00+00:00, run_after=2024-11-10 00:00:00+00:00
[2024-11-10T08:57:06.421+0000] {logging_mixin.py:190} INFO - [2024-11-10T08:57:06.421+0000] {dag.py:4180} INFO - Setting next_dagrun for dataset_produces_2 to None, run_after=None
[2024-11-10T08:57:06.446+0000] {processor.py:208} INFO - Processing /home/airflow/.local/lib/python3.12/site-packages/airflow/example_dags/example_datasets.py took 0.217 seconds
[2024-11-10T08:57:37.200+0000] {processor.py:186} INFO - Started process (PID=544) to work on /home/airflow/.local/lib/python3.12/site-packages/airflow/example_dags/example_datasets.py
[2024-11-10T08:57:37.201+0000] {processor.py:914} INFO - Processing file /home/airflow/.local/lib/python3.12/site-packages/airflow/example_dags/example_datasets.py for tasks to queue
[2024-11-10T08:57:37.204+0000] {logging_mixin.py:190} INFO - [2024-11-10T08:57:37.203+0000] {dagbag.py:588} INFO - Filling up the DagBag from /home/airflow/.local/lib/python3.12/site-packages/airflow/example_dags/example_datasets.py
[2024-11-10T08:57:37.323+0000] {processor.py:925} INFO - DAG(s) 'dataset_consumes_1_and_2', 'dataset_consumes_unknown_never_scheduled', 'consume_1_or_both_2_and_3_with_dataset_expressions', 'dataset_produces_2', 'dataset_consumes_1', 'dataset_consumes_1_never_scheduled', 'consume_1_or_2_with_dataset_expressions', 'conditional_dataset_and_time_based_timetable', 'dataset_produces_1', 'consume_1_and_2_with_dataset_expressions' retrieved from /home/airflow/.local/lib/python3.12/site-packages/airflow/example_dags/example_datasets.py
[2024-11-10T08:57:37.354+0000] {logging_mixin.py:190} INFO - [2024-11-10T08:57:37.354+0000] {dag.py:3239} INFO - Sync 10 DAGs
[2024-11-10T08:57:37.376+0000] {logging_mixin.py:190} INFO - [2024-11-10T08:57:37.376+0000] {dag.py:4180} INFO - Setting next_dagrun for conditional_dataset_and_time_based_timetable to 2024-11-06 01:00:00+00:00, run_after=2024-11-06 01:00:00+00:00
[2024-11-10T08:57:37.379+0000] {logging_mixin.py:190} INFO - [2024-11-10T08:57:37.379+0000] {dag.py:4180} INFO - Setting next_dagrun for consume_1_and_2_with_dataset_expressions to None, run_after=None
[2024-11-10T08:57:37.380+0000] {logging_mixin.py:190} INFO - [2024-11-10T08:57:37.380+0000] {dag.py:4180} INFO - Setting next_dagrun for consume_1_or_2_with_dataset_expressions to None, run_after=None
[2024-11-10T08:57:37.381+0000] {logging_mixin.py:190} INFO - [2024-11-10T08:57:37.381+0000] {dag.py:4180} INFO - Setting next_dagrun for consume_1_or_both_2_and_3_with_dataset_expressions to None, run_after=None
[2024-11-10T08:57:37.382+0000] {logging_mixin.py:190} INFO - [2024-11-10T08:57:37.382+0000] {dag.py:4180} INFO - Setting next_dagrun for dataset_consumes_1 to None, run_after=None
[2024-11-10T08:57:37.384+0000] {logging_mixin.py:190} INFO - [2024-11-10T08:57:37.383+0000] {dag.py:4180} INFO - Setting next_dagrun for dataset_consumes_1_and_2 to None, run_after=None
[2024-11-10T08:57:37.385+0000] {logging_mixin.py:190} INFO - [2024-11-10T08:57:37.384+0000] {dag.py:4180} INFO - Setting next_dagrun for dataset_consumes_1_never_scheduled to None, run_after=None
[2024-11-10T08:57:37.386+0000] {logging_mixin.py:190} INFO - [2024-11-10T08:57:37.386+0000] {dag.py:4180} INFO - Setting next_dagrun for dataset_consumes_unknown_never_scheduled to None, run_after=None
[2024-11-10T08:57:37.388+0000] {logging_mixin.py:190} INFO - [2024-11-10T08:57:37.388+0000] {dag.py:4180} INFO - Setting next_dagrun for dataset_produces_1 to 2024-11-09 00:00:00+00:00, run_after=2024-11-10 00:00:00+00:00
[2024-11-10T08:57:37.389+0000] {logging_mixin.py:190} INFO - [2024-11-10T08:57:37.389+0000] {dag.py:4180} INFO - Setting next_dagrun for dataset_produces_2 to None, run_after=None
[2024-11-10T08:57:37.415+0000] {processor.py:208} INFO - Processing /home/airflow/.local/lib/python3.12/site-packages/airflow/example_dags/example_datasets.py took 0.220 seconds
[2024-11-10T08:58:08.351+0000] {processor.py:186} INFO - Started process (PID=606) to work on /home/airflow/.local/lib/python3.12/site-packages/airflow/example_dags/example_datasets.py
[2024-11-10T08:58:08.352+0000] {processor.py:914} INFO - Processing file /home/airflow/.local/lib/python3.12/site-packages/airflow/example_dags/example_datasets.py for tasks to queue
[2024-11-10T08:58:08.354+0000] {logging_mixin.py:190} INFO - [2024-11-10T08:58:08.354+0000] {dagbag.py:588} INFO - Filling up the DagBag from /home/airflow/.local/lib/python3.12/site-packages/airflow/example_dags/example_datasets.py
[2024-11-10T08:58:08.469+0000] {processor.py:925} INFO - DAG(s) 'dataset_produces_2', 'conditional_dataset_and_time_based_timetable', 'dataset_consumes_unknown_never_scheduled', 'dataset_consumes_1', 'consume_1_or_both_2_and_3_with_dataset_expressions', 'dataset_consumes_1_and_2', 'dataset_produces_1', 'dataset_consumes_1_never_scheduled', 'consume_1_and_2_with_dataset_expressions', 'consume_1_or_2_with_dataset_expressions' retrieved from /home/airflow/.local/lib/python3.12/site-packages/airflow/example_dags/example_datasets.py
[2024-11-10T08:58:08.503+0000] {logging_mixin.py:190} INFO - [2024-11-10T08:58:08.502+0000] {dag.py:3239} INFO - Sync 10 DAGs
[2024-11-10T08:58:08.524+0000] {logging_mixin.py:190} INFO - [2024-11-10T08:58:08.524+0000] {dag.py:4180} INFO - Setting next_dagrun for conditional_dataset_and_time_based_timetable to 2024-11-06 01:00:00+00:00, run_after=2024-11-06 01:00:00+00:00
[2024-11-10T08:58:08.527+0000] {logging_mixin.py:190} INFO - [2024-11-10T08:58:08.527+0000] {dag.py:4180} INFO - Setting next_dagrun for consume_1_and_2_with_dataset_expressions to None, run_after=None
[2024-11-10T08:58:08.528+0000] {logging_mixin.py:190} INFO - [2024-11-10T08:58:08.528+0000] {dag.py:4180} INFO - Setting next_dagrun for consume_1_or_2_with_dataset_expressions to None, run_after=None
[2024-11-10T08:58:08.529+0000] {logging_mixin.py:190} INFO - [2024-11-10T08:58:08.529+0000] {dag.py:4180} INFO - Setting next_dagrun for consume_1_or_both_2_and_3_with_dataset_expressions to None, run_after=None
[2024-11-10T08:58:08.530+0000] {logging_mixin.py:190} INFO - [2024-11-10T08:58:08.530+0000] {dag.py:4180} INFO - Setting next_dagrun for dataset_consumes_1 to None, run_after=None
[2024-11-10T08:58:08.532+0000] {logging_mixin.py:190} INFO - [2024-11-10T08:58:08.531+0000] {dag.py:4180} INFO - Setting next_dagrun for dataset_consumes_1_and_2 to None, run_after=None
[2024-11-10T08:58:08.533+0000] {logging_mixin.py:190} INFO - [2024-11-10T08:58:08.533+0000] {dag.py:4180} INFO - Setting next_dagrun for dataset_consumes_1_never_scheduled to None, run_after=None
[2024-11-10T08:58:08.534+0000] {logging_mixin.py:190} INFO - [2024-11-10T08:58:08.534+0000] {dag.py:4180} INFO - Setting next_dagrun for dataset_consumes_unknown_never_scheduled to None, run_after=None
[2024-11-10T08:58:08.536+0000] {logging_mixin.py:190} INFO - [2024-11-10T08:58:08.536+0000] {dag.py:4180} INFO - Setting next_dagrun for dataset_produces_1 to 2024-11-09 00:00:00+00:00, run_after=2024-11-10 00:00:00+00:00
[2024-11-10T08:58:08.537+0000] {logging_mixin.py:190} INFO - [2024-11-10T08:58:08.537+0000] {dag.py:4180} INFO - Setting next_dagrun for dataset_produces_2 to None, run_after=None
[2024-11-10T08:58:08.565+0000] {processor.py:208} INFO - Processing /home/airflow/.local/lib/python3.12/site-packages/airflow/example_dags/example_datasets.py took 0.220 seconds
[2024-11-10T08:58:38.598+0000] {processor.py:186} INFO - Started process (PID=668) to work on /home/airflow/.local/lib/python3.12/site-packages/airflow/example_dags/example_datasets.py
[2024-11-10T08:58:38.599+0000] {processor.py:914} INFO - Processing file /home/airflow/.local/lib/python3.12/site-packages/airflow/example_dags/example_datasets.py for tasks to queue
[2024-11-10T08:58:38.601+0000] {logging_mixin.py:190} INFO - [2024-11-10T08:58:38.600+0000] {dagbag.py:588} INFO - Filling up the DagBag from /home/airflow/.local/lib/python3.12/site-packages/airflow/example_dags/example_datasets.py
[2024-11-10T08:58:38.717+0000] {processor.py:925} INFO - DAG(s) 'conditional_dataset_and_time_based_timetable', 'consume_1_or_both_2_and_3_with_dataset_expressions', 'consume_1_and_2_with_dataset_expressions', 'consume_1_or_2_with_dataset_expressions', 'dataset_consumes_1_never_scheduled', 'dataset_consumes_unknown_never_scheduled', 'dataset_consumes_1', 'dataset_produces_1', 'dataset_produces_2', 'dataset_consumes_1_and_2' retrieved from /home/airflow/.local/lib/python3.12/site-packages/airflow/example_dags/example_datasets.py
[2024-11-10T08:58:38.750+0000] {logging_mixin.py:190} INFO - [2024-11-10T08:58:38.750+0000] {dag.py:3239} INFO - Sync 10 DAGs
[2024-11-10T08:58:38.771+0000] {logging_mixin.py:190} INFO - [2024-11-10T08:58:38.771+0000] {dag.py:4180} INFO - Setting next_dagrun for conditional_dataset_and_time_based_timetable to 2024-11-06 01:00:00+00:00, run_after=2024-11-06 01:00:00+00:00
[2024-11-10T08:58:38.774+0000] {logging_mixin.py:190} INFO - [2024-11-10T08:58:38.774+0000] {dag.py:4180} INFO - Setting next_dagrun for consume_1_and_2_with_dataset_expressions to None, run_after=None
[2024-11-10T08:58:38.775+0000] {logging_mixin.py:190} INFO - [2024-11-10T08:58:38.775+0000] {dag.py:4180} INFO - Setting next_dagrun for consume_1_or_2_with_dataset_expressions to None, run_after=None
[2024-11-10T08:58:38.776+0000] {logging_mixin.py:190} INFO - [2024-11-10T08:58:38.776+0000] {dag.py:4180} INFO - Setting next_dagrun for consume_1_or_both_2_and_3_with_dataset_expressions to None, run_after=None
[2024-11-10T08:58:38.777+0000] {logging_mixin.py:190} INFO - [2024-11-10T08:58:38.777+0000] {dag.py:4180} INFO - Setting next_dagrun for dataset_consumes_1 to None, run_after=None
[2024-11-10T08:58:38.780+0000] {logging_mixin.py:190} INFO - [2024-11-10T08:58:38.780+0000] {dag.py:4180} INFO - Setting next_dagrun for dataset_consumes_1_and_2 to None, run_after=None
[2024-11-10T08:58:38.781+0000] {logging_mixin.py:190} INFO - [2024-11-10T08:58:38.781+0000] {dag.py:4180} INFO - Setting next_dagrun for dataset_consumes_1_never_scheduled to None, run_after=None
[2024-11-10T08:58:38.782+0000] {logging_mixin.py:190} INFO - [2024-11-10T08:58:38.782+0000] {dag.py:4180} INFO - Setting next_dagrun for dataset_consumes_unknown_never_scheduled to None, run_after=None
[2024-11-10T08:58:38.784+0000] {logging_mixin.py:190} INFO - [2024-11-10T08:58:38.784+0000] {dag.py:4180} INFO - Setting next_dagrun for dataset_produces_1 to 2024-11-09 00:00:00+00:00, run_after=2024-11-10 00:00:00+00:00
[2024-11-10T08:58:38.785+0000] {logging_mixin.py:190} INFO - [2024-11-10T08:58:38.785+0000] {dag.py:4180} INFO - Setting next_dagrun for dataset_produces_2 to None, run_after=None
[2024-11-10T08:58:38.811+0000] {processor.py:208} INFO - Processing /home/airflow/.local/lib/python3.12/site-packages/airflow/example_dags/example_datasets.py took 0.217 seconds
[2024-11-10T08:59:09.663+0000] {processor.py:186} INFO - Started process (PID=730) to work on /home/airflow/.local/lib/python3.12/site-packages/airflow/example_dags/example_datasets.py
[2024-11-10T08:59:09.664+0000] {processor.py:914} INFO - Processing file /home/airflow/.local/lib/python3.12/site-packages/airflow/example_dags/example_datasets.py for tasks to queue
[2024-11-10T08:59:09.666+0000] {logging_mixin.py:190} INFO - [2024-11-10T08:59:09.666+0000] {dagbag.py:588} INFO - Filling up the DagBag from /home/airflow/.local/lib/python3.12/site-packages/airflow/example_dags/example_datasets.py
[2024-11-10T08:59:09.783+0000] {processor.py:925} INFO - DAG(s) 'dataset_consumes_unknown_never_scheduled', 'dataset_produces_1', 'dataset_consumes_1_and_2', 'consume_1_or_both_2_and_3_with_dataset_expressions', 'consume_1_and_2_with_dataset_expressions', 'conditional_dataset_and_time_based_timetable', 'dataset_consumes_1_never_scheduled', 'dataset_produces_2', 'dataset_consumes_1', 'consume_1_or_2_with_dataset_expressions' retrieved from /home/airflow/.local/lib/python3.12/site-packages/airflow/example_dags/example_datasets.py
[2024-11-10T08:59:09.816+0000] {logging_mixin.py:190} INFO - [2024-11-10T08:59:09.815+0000] {dag.py:3239} INFO - Sync 10 DAGs
[2024-11-10T08:59:09.835+0000] {logging_mixin.py:190} INFO - [2024-11-10T08:59:09.835+0000] {dag.py:4180} INFO - Setting next_dagrun for conditional_dataset_and_time_based_timetable to 2024-11-06 01:00:00+00:00, run_after=2024-11-06 01:00:00+00:00
[2024-11-10T08:59:09.839+0000] {logging_mixin.py:190} INFO - [2024-11-10T08:59:09.838+0000] {dag.py:4180} INFO - Setting next_dagrun for consume_1_and_2_with_dataset_expressions to None, run_after=None
[2024-11-10T08:59:09.840+0000] {logging_mixin.py:190} INFO - [2024-11-10T08:59:09.840+0000] {dag.py:4180} INFO - Setting next_dagrun for consume_1_or_2_with_dataset_expressions to None, run_after=None
[2024-11-10T08:59:09.842+0000] {logging_mixin.py:190} INFO - [2024-11-10T08:59:09.841+0000] {dag.py:4180} INFO - Setting next_dagrun for consume_1_or_both_2_and_3_with_dataset_expressions to None, run_after=None
[2024-11-10T08:59:09.843+0000] {logging_mixin.py:190} INFO - [2024-11-10T08:59:09.843+0000] {dag.py:4180} INFO - Setting next_dagrun for dataset_consumes_1 to None, run_after=None
[2024-11-10T08:59:09.844+0000] {logging_mixin.py:190} INFO - [2024-11-10T08:59:09.844+0000] {dag.py:4180} INFO - Setting next_dagrun for dataset_consumes_1_and_2 to None, run_after=None
[2024-11-10T08:59:09.845+0000] {logging_mixin.py:190} INFO - [2024-11-10T08:59:09.845+0000] {dag.py:4180} INFO - Setting next_dagrun for dataset_consumes_1_never_scheduled to None, run_after=None
[2024-11-10T08:59:09.847+0000] {logging_mixin.py:190} INFO - [2024-11-10T08:59:09.846+0000] {dag.py:4180} INFO - Setting next_dagrun for dataset_consumes_unknown_never_scheduled to None, run_after=None
[2024-11-10T08:59:09.849+0000] {logging_mixin.py:190} INFO - [2024-11-10T08:59:09.849+0000] {dag.py:4180} INFO - Setting next_dagrun for dataset_produces_1 to 2024-11-09 00:00:00+00:00, run_after=2024-11-10 00:00:00+00:00
[2024-11-10T08:59:09.850+0000] {logging_mixin.py:190} INFO - [2024-11-10T08:59:09.850+0000] {dag.py:4180} INFO - Setting next_dagrun for dataset_produces_2 to None, run_after=None
[2024-11-10T08:59:09.878+0000] {processor.py:208} INFO - Processing /home/airflow/.local/lib/python3.12/site-packages/airflow/example_dags/example_datasets.py took 0.220 seconds
[2024-11-10T08:59:39.975+0000] {processor.py:186} INFO - Started process (PID=792) to work on /home/airflow/.local/lib/python3.12/site-packages/airflow/example_dags/example_datasets.py
[2024-11-10T08:59:39.976+0000] {processor.py:914} INFO - Processing file /home/airflow/.local/lib/python3.12/site-packages/airflow/example_dags/example_datasets.py for tasks to queue
[2024-11-10T08:59:39.978+0000] {logging_mixin.py:190} INFO - [2024-11-10T08:59:39.977+0000] {dagbag.py:588} INFO - Filling up the DagBag from /home/airflow/.local/lib/python3.12/site-packages/airflow/example_dags/example_datasets.py
[2024-11-10T08:59:40.096+0000] {processor.py:925} INFO - DAG(s) 'dataset_consumes_1_never_scheduled', 'dataset_produces_1', 'consume_1_or_2_with_dataset_expressions', 'consume_1_or_both_2_and_3_with_dataset_expressions', 'consume_1_and_2_with_dataset_expressions', 'dataset_consumes_unknown_never_scheduled', 'conditional_dataset_and_time_based_timetable', 'dataset_produces_2', 'dataset_consumes_1', 'dataset_consumes_1_and_2' retrieved from /home/airflow/.local/lib/python3.12/site-packages/airflow/example_dags/example_datasets.py
[2024-11-10T08:59:40.128+0000] {logging_mixin.py:190} INFO - [2024-11-10T08:59:40.128+0000] {dag.py:3239} INFO - Sync 10 DAGs
[2024-11-10T08:59:40.148+0000] {logging_mixin.py:190} INFO - [2024-11-10T08:59:40.148+0000] {dag.py:4180} INFO - Setting next_dagrun for conditional_dataset_and_time_based_timetable to 2024-11-06 01:00:00+00:00, run_after=2024-11-06 01:00:00+00:00
[2024-11-10T08:59:40.151+0000] {logging_mixin.py:190} INFO - [2024-11-10T08:59:40.151+0000] {dag.py:4180} INFO - Setting next_dagrun for consume_1_and_2_with_dataset_expressions to None, run_after=None
[2024-11-10T08:59:40.153+0000] {logging_mixin.py:190} INFO - [2024-11-10T08:59:40.153+0000] {dag.py:4180} INFO - Setting next_dagrun for consume_1_or_2_with_dataset_expressions to None, run_after=None
[2024-11-10T08:59:40.154+0000] {logging_mixin.py:190} INFO - [2024-11-10T08:59:40.154+0000] {dag.py:4180} INFO - Setting next_dagrun for consume_1_or_both_2_and_3_with_dataset_expressions to None, run_after=None
[2024-11-10T08:59:40.155+0000] {logging_mixin.py:190} INFO - [2024-11-10T08:59:40.155+0000] {dag.py:4180} INFO - Setting next_dagrun for dataset_consumes_1 to None, run_after=None
[2024-11-10T08:59:40.156+0000] {logging_mixin.py:190} INFO - [2024-11-10T08:59:40.156+0000] {dag.py:4180} INFO - Setting next_dagrun for dataset_consumes_1_and_2 to None, run_after=None
[2024-11-10T08:59:40.157+0000] {logging_mixin.py:190} INFO - [2024-11-10T08:59:40.157+0000] {dag.py:4180} INFO - Setting next_dagrun for dataset_consumes_1_never_scheduled to None, run_after=None
[2024-11-10T08:59:40.159+0000] {logging_mixin.py:190} INFO - [2024-11-10T08:59:40.158+0000] {dag.py:4180} INFO - Setting next_dagrun for dataset_consumes_unknown_never_scheduled to None, run_after=None
[2024-11-10T08:59:40.161+0000] {logging_mixin.py:190} INFO - [2024-11-10T08:59:40.160+0000] {dag.py:4180} INFO - Setting next_dagrun for dataset_produces_1 to 2024-11-09 00:00:00+00:00, run_after=2024-11-10 00:00:00+00:00
[2024-11-10T08:59:40.162+0000] {logging_mixin.py:190} INFO - [2024-11-10T08:59:40.162+0000] {dag.py:4180} INFO - Setting next_dagrun for dataset_produces_2 to None, run_after=None
[2024-11-10T08:59:40.189+0000] {processor.py:208} INFO - Processing /home/airflow/.local/lib/python3.12/site-packages/airflow/example_dags/example_datasets.py took 0.218 seconds
[2024-11-10T09:00:10.274+0000] {processor.py:186} INFO - Started process (PID=854) to work on /home/airflow/.local/lib/python3.12/site-packages/airflow/example_dags/example_datasets.py
[2024-11-10T09:00:10.275+0000] {processor.py:914} INFO - Processing file /home/airflow/.local/lib/python3.12/site-packages/airflow/example_dags/example_datasets.py for tasks to queue
[2024-11-10T09:00:10.277+0000] {logging_mixin.py:190} INFO - [2024-11-10T09:00:10.277+0000] {dagbag.py:588} INFO - Filling up the DagBag from /home/airflow/.local/lib/python3.12/site-packages/airflow/example_dags/example_datasets.py
[2024-11-10T09:00:10.396+0000] {processor.py:925} INFO - DAG(s) 'consume_1_or_both_2_and_3_with_dataset_expressions', 'consume_1_and_2_with_dataset_expressions', 'dataset_consumes_1', 'conditional_dataset_and_time_based_timetable', 'dataset_produces_2', 'dataset_consumes_1_and_2', 'consume_1_or_2_with_dataset_expressions', 'dataset_consumes_1_never_scheduled', 'dataset_produces_1', 'dataset_consumes_unknown_never_scheduled' retrieved from /home/airflow/.local/lib/python3.12/site-packages/airflow/example_dags/example_datasets.py
[2024-11-10T09:00:10.433+0000] {logging_mixin.py:190} INFO - [2024-11-10T09:00:10.433+0000] {dag.py:3239} INFO - Sync 10 DAGs
[2024-11-10T09:00:10.454+0000] {logging_mixin.py:190} INFO - [2024-11-10T09:00:10.454+0000] {dag.py:4180} INFO - Setting next_dagrun for conditional_dataset_and_time_based_timetable to 2024-11-06 01:00:00+00:00, run_after=2024-11-06 01:00:00+00:00
[2024-11-10T09:00:10.457+0000] {logging_mixin.py:190} INFO - [2024-11-10T09:00:10.457+0000] {dag.py:4180} INFO - Setting next_dagrun for consume_1_and_2_with_dataset_expressions to None, run_after=None
[2024-11-10T09:00:10.458+0000] {logging_mixin.py:190} INFO - [2024-11-10T09:00:10.458+0000] {dag.py:4180} INFO - Setting next_dagrun for consume_1_or_2_with_dataset_expressions to None, run_after=None
[2024-11-10T09:00:10.460+0000] {logging_mixin.py:190} INFO - [2024-11-10T09:00:10.460+0000] {dag.py:4180} INFO - Setting next_dagrun for consume_1_or_both_2_and_3_with_dataset_expressions to None, run_after=None
[2024-11-10T09:00:10.461+0000] {logging_mixin.py:190} INFO - [2024-11-10T09:00:10.461+0000] {dag.py:4180} INFO - Setting next_dagrun for dataset_consumes_1 to None, run_after=None
[2024-11-10T09:00:10.462+0000] {logging_mixin.py:190} INFO - [2024-11-10T09:00:10.462+0000] {dag.py:4180} INFO - Setting next_dagrun for dataset_consumes_1_and_2 to None, run_after=None
[2024-11-10T09:00:10.464+0000] {logging_mixin.py:190} INFO - [2024-11-10T09:00:10.464+0000] {dag.py:4180} INFO - Setting next_dagrun for dataset_consumes_1_never_scheduled to None, run_after=None
[2024-11-10T09:00:10.465+0000] {logging_mixin.py:190} INFO - [2024-11-10T09:00:10.465+0000] {dag.py:4180} INFO - Setting next_dagrun for dataset_consumes_unknown_never_scheduled to None, run_after=None
[2024-11-10T09:00:10.467+0000] {logging_mixin.py:190} INFO - [2024-11-10T09:00:10.467+0000] {dag.py:4180} INFO - Setting next_dagrun for dataset_produces_1 to 2024-11-09 00:00:00+00:00, run_after=2024-11-10 00:00:00+00:00
[2024-11-10T09:00:10.468+0000] {logging_mixin.py:190} INFO - [2024-11-10T09:00:10.468+0000] {dag.py:4180} INFO - Setting next_dagrun for dataset_produces_2 to None, run_after=None
[2024-11-10T09:00:10.496+0000] {processor.py:208} INFO - Processing /home/airflow/.local/lib/python3.12/site-packages/airflow/example_dags/example_datasets.py took 0.227 seconds
[2024-11-10T09:00:40.795+0000] {processor.py:186} INFO - Started process (PID=916) to work on /home/airflow/.local/lib/python3.12/site-packages/airflow/example_dags/example_datasets.py
[2024-11-10T09:00:40.796+0000] {processor.py:914} INFO - Processing file /home/airflow/.local/lib/python3.12/site-packages/airflow/example_dags/example_datasets.py for tasks to queue
[2024-11-10T09:00:40.798+0000] {logging_mixin.py:190} INFO - [2024-11-10T09:00:40.797+0000] {dagbag.py:588} INFO - Filling up the DagBag from /home/airflow/.local/lib/python3.12/site-packages/airflow/example_dags/example_datasets.py
[2024-11-10T09:00:40.921+0000] {processor.py:925} INFO - DAG(s) 'consume_1_and_2_with_dataset_expressions', 'dataset_consumes_unknown_never_scheduled', 'consume_1_or_both_2_and_3_with_dataset_expressions', 'dataset_consumes_1', 'conditional_dataset_and_time_based_timetable', 'dataset_produces_1', 'dataset_consumes_1_and_2', 'consume_1_or_2_with_dataset_expressions', 'dataset_consumes_1_never_scheduled', 'dataset_produces_2' retrieved from /home/airflow/.local/lib/python3.12/site-packages/airflow/example_dags/example_datasets.py
[2024-11-10T09:00:40.959+0000] {logging_mixin.py:190} INFO - [2024-11-10T09:00:40.959+0000] {dag.py:3239} INFO - Sync 10 DAGs
[2024-11-10T09:00:40.983+0000] {logging_mixin.py:190} INFO - [2024-11-10T09:00:40.983+0000] {dag.py:4180} INFO - Setting next_dagrun for conditional_dataset_and_time_based_timetable to 2024-11-06 01:00:00+00:00, run_after=2024-11-06 01:00:00+00:00
[2024-11-10T09:00:40.987+0000] {logging_mixin.py:190} INFO - [2024-11-10T09:00:40.987+0000] {dag.py:4180} INFO - Setting next_dagrun for consume_1_and_2_with_dataset_expressions to None, run_after=None
[2024-11-10T09:00:40.989+0000] {logging_mixin.py:190} INFO - [2024-11-10T09:00:40.989+0000] {dag.py:4180} INFO - Setting next_dagrun for consume_1_or_2_with_dataset_expressions to None, run_after=None
[2024-11-10T09:00:40.991+0000] {logging_mixin.py:190} INFO - [2024-11-10T09:00:40.991+0000] {dag.py:4180} INFO - Setting next_dagrun for consume_1_or_both_2_and_3_with_dataset_expressions to None, run_after=None
[2024-11-10T09:00:40.992+0000] {logging_mixin.py:190} INFO - [2024-11-10T09:00:40.992+0000] {dag.py:4180} INFO - Setting next_dagrun for dataset_consumes_1 to None, run_after=None
[2024-11-10T09:00:40.993+0000] {logging_mixin.py:190} INFO - [2024-11-10T09:00:40.993+0000] {dag.py:4180} INFO - Setting next_dagrun for dataset_consumes_1_and_2 to None, run_after=None
[2024-11-10T09:00:40.995+0000] {logging_mixin.py:190} INFO - [2024-11-10T09:00:40.995+0000] {dag.py:4180} INFO - Setting next_dagrun for dataset_consumes_1_never_scheduled to None, run_after=None
[2024-11-10T09:00:40.996+0000] {logging_mixin.py:190} INFO - [2024-11-10T09:00:40.996+0000] {dag.py:4180} INFO - Setting next_dagrun for dataset_consumes_unknown_never_scheduled to None, run_after=None
[2024-11-10T09:00:40.998+0000] {logging_mixin.py:190} INFO - [2024-11-10T09:00:40.998+0000] {dag.py:4180} INFO - Setting next_dagrun for dataset_produces_1 to 2024-11-09 00:00:00+00:00, run_after=2024-11-10 00:00:00+00:00
[2024-11-10T09:00:40.999+0000] {logging_mixin.py:190} INFO - [2024-11-10T09:00:40.999+0000] {dag.py:4180} INFO - Setting next_dagrun for dataset_produces_2 to None, run_after=None
[2024-11-10T09:00:41.029+0000] {processor.py:208} INFO - Processing /home/airflow/.local/lib/python3.12/site-packages/airflow/example_dags/example_datasets.py took 0.239 seconds
[2024-11-10T09:01:11.097+0000] {processor.py:186} INFO - Started process (PID=978) to work on /home/airflow/.local/lib/python3.12/site-packages/airflow/example_dags/example_datasets.py
[2024-11-10T09:01:11.098+0000] {processor.py:914} INFO - Processing file /home/airflow/.local/lib/python3.12/site-packages/airflow/example_dags/example_datasets.py for tasks to queue
[2024-11-10T09:01:11.100+0000] {logging_mixin.py:190} INFO - [2024-11-10T09:01:11.099+0000] {dagbag.py:588} INFO - Filling up the DagBag from /home/airflow/.local/lib/python3.12/site-packages/airflow/example_dags/example_datasets.py
[2024-11-10T09:01:11.223+0000] {processor.py:925} INFO - DAG(s) 'dataset_produces_1', 'dataset_produces_2', 'dataset_consumes_1_never_scheduled', 'consume_1_or_2_with_dataset_expressions', 'dataset_consumes_1_and_2', 'consume_1_or_both_2_and_3_with_dataset_expressions', 'dataset_consumes_unknown_never_scheduled', 'dataset_consumes_1', 'conditional_dataset_and_time_based_timetable', 'consume_1_and_2_with_dataset_expressions' retrieved from /home/airflow/.local/lib/python3.12/site-packages/airflow/example_dags/example_datasets.py
[2024-11-10T09:01:11.271+0000] {logging_mixin.py:190} INFO - [2024-11-10T09:01:11.271+0000] {dag.py:3239} INFO - Sync 10 DAGs
[2024-11-10T09:01:11.294+0000] {logging_mixin.py:190} INFO - [2024-11-10T09:01:11.294+0000] {dag.py:4180} INFO - Setting next_dagrun for conditional_dataset_and_time_based_timetable to 2024-11-06 01:00:00+00:00, run_after=2024-11-06 01:00:00+00:00
[2024-11-10T09:01:11.298+0000] {logging_mixin.py:190} INFO - [2024-11-10T09:01:11.297+0000] {dag.py:4180} INFO - Setting next_dagrun for consume_1_and_2_with_dataset_expressions to None, run_after=None
[2024-11-10T09:01:11.299+0000] {logging_mixin.py:190} INFO - [2024-11-10T09:01:11.299+0000] {dag.py:4180} INFO - Setting next_dagrun for consume_1_or_2_with_dataset_expressions to None, run_after=None
[2024-11-10T09:01:11.300+0000] {logging_mixin.py:190} INFO - [2024-11-10T09:01:11.300+0000] {dag.py:4180} INFO - Setting next_dagrun for consume_1_or_both_2_and_3_with_dataset_expressions to None, run_after=None
[2024-11-10T09:01:11.301+0000] {logging_mixin.py:190} INFO - [2024-11-10T09:01:11.301+0000] {dag.py:4180} INFO - Setting next_dagrun for dataset_consumes_1 to None, run_after=None
[2024-11-10T09:01:11.303+0000] {logging_mixin.py:190} INFO - [2024-11-10T09:01:11.303+0000] {dag.py:4180} INFO - Setting next_dagrun for dataset_consumes_1_and_2 to None, run_after=None
[2024-11-10T09:01:11.304+0000] {logging_mixin.py:190} INFO - [2024-11-10T09:01:11.304+0000] {dag.py:4180} INFO - Setting next_dagrun for dataset_consumes_1_never_scheduled to None, run_after=None
[2024-11-10T09:01:11.305+0000] {logging_mixin.py:190} INFO - [2024-11-10T09:01:11.305+0000] {dag.py:4180} INFO - Setting next_dagrun for dataset_consumes_unknown_never_scheduled to None, run_after=None
[2024-11-10T09:01:11.307+0000] {logging_mixin.py:190} INFO - [2024-11-10T09:01:11.307+0000] {dag.py:4180} INFO - Setting next_dagrun for dataset_produces_1 to 2024-11-09 00:00:00+00:00, run_after=2024-11-10 00:00:00+00:00
[2024-11-10T09:01:11.308+0000] {logging_mixin.py:190} INFO - [2024-11-10T09:01:11.308+0000] {dag.py:4180} INFO - Setting next_dagrun for dataset_produces_2 to None, run_after=None
[2024-11-10T09:01:11.337+0000] {processor.py:208} INFO - Processing /home/airflow/.local/lib/python3.12/site-packages/airflow/example_dags/example_datasets.py took 0.245 seconds
[2024-11-10T09:01:41.381+0000] {processor.py:186} INFO - Started process (PID=1046) to work on /home/airflow/.local/lib/python3.12/site-packages/airflow/example_dags/example_datasets.py
[2024-11-10T09:01:41.382+0000] {processor.py:914} INFO - Processing file /home/airflow/.local/lib/python3.12/site-packages/airflow/example_dags/example_datasets.py for tasks to queue
[2024-11-10T09:01:41.384+0000] {logging_mixin.py:190} INFO - [2024-11-10T09:01:41.383+0000] {dagbag.py:588} INFO - Filling up the DagBag from /home/airflow/.local/lib/python3.12/site-packages/airflow/example_dags/example_datasets.py
[2024-11-10T09:01:41.503+0000] {processor.py:925} INFO - DAG(s) 'dataset_produces_1', 'conditional_dataset_and_time_based_timetable', 'consume_1_and_2_with_dataset_expressions', 'dataset_consumes_1_never_scheduled', 'dataset_consumes_unknown_never_scheduled', 'dataset_produces_2', 'consume_1_or_both_2_and_3_with_dataset_expressions', 'dataset_consumes_1_and_2', 'consume_1_or_2_with_dataset_expressions', 'dataset_consumes_1' retrieved from /home/airflow/.local/lib/python3.12/site-packages/airflow/example_dags/example_datasets.py
[2024-11-10T09:01:41.535+0000] {logging_mixin.py:190} INFO - [2024-11-10T09:01:41.535+0000] {dag.py:3239} INFO - Sync 10 DAGs
[2024-11-10T09:01:41.557+0000] {logging_mixin.py:190} INFO - [2024-11-10T09:01:41.557+0000] {dag.py:4180} INFO - Setting next_dagrun for conditional_dataset_and_time_based_timetable to 2024-11-06 01:00:00+00:00, run_after=2024-11-06 01:00:00+00:00
[2024-11-10T09:01:41.560+0000] {logging_mixin.py:190} INFO - [2024-11-10T09:01:41.560+0000] {dag.py:4180} INFO - Setting next_dagrun for consume_1_and_2_with_dataset_expressions to None, run_after=None
[2024-11-10T09:01:41.561+0000] {logging_mixin.py:190} INFO - [2024-11-10T09:01:41.561+0000] {dag.py:4180} INFO - Setting next_dagrun for consume_1_or_2_with_dataset_expressions to None, run_after=None
[2024-11-10T09:01:41.563+0000] {logging_mixin.py:190} INFO - [2024-11-10T09:01:41.563+0000] {dag.py:4180} INFO - Setting next_dagrun for consume_1_or_both_2_and_3_with_dataset_expressions to None, run_after=None
[2024-11-10T09:01:41.564+0000] {logging_mixin.py:190} INFO - [2024-11-10T09:01:41.564+0000] {dag.py:4180} INFO - Setting next_dagrun for dataset_consumes_1 to None, run_after=None
[2024-11-10T09:01:41.566+0000] {logging_mixin.py:190} INFO - [2024-11-10T09:01:41.566+0000] {dag.py:4180} INFO - Setting next_dagrun for dataset_consumes_1_and_2 to None, run_after=None
[2024-11-10T09:01:41.568+0000] {logging_mixin.py:190} INFO - [2024-11-10T09:01:41.568+0000] {dag.py:4180} INFO - Setting next_dagrun for dataset_consumes_1_never_scheduled to None, run_after=None
[2024-11-10T09:01:41.569+0000] {logging_mixin.py:190} INFO - [2024-11-10T09:01:41.569+0000] {dag.py:4180} INFO - Setting next_dagrun for dataset_consumes_unknown_never_scheduled to None, run_after=None
[2024-11-10T09:01:41.571+0000] {logging_mixin.py:190} INFO - [2024-11-10T09:01:41.571+0000] {dag.py:4180} INFO - Setting next_dagrun for dataset_produces_1 to 2024-11-09 00:00:00+00:00, run_after=2024-11-10 00:00:00+00:00
[2024-11-10T09:01:41.572+0000] {logging_mixin.py:190} INFO - [2024-11-10T09:01:41.572+0000] {dag.py:4180} INFO - Setting next_dagrun for dataset_produces_2 to None, run_after=None
[2024-11-10T09:01:41.602+0000] {processor.py:208} INFO - Processing /home/airflow/.local/lib/python3.12/site-packages/airflow/example_dags/example_datasets.py took 0.227 seconds
[2024-11-10T09:02:11.666+0000] {processor.py:186} INFO - Started process (PID=1108) to work on /home/airflow/.local/lib/python3.12/site-packages/airflow/example_dags/example_datasets.py
[2024-11-10T09:02:11.667+0000] {processor.py:914} INFO - Processing file /home/airflow/.local/lib/python3.12/site-packages/airflow/example_dags/example_datasets.py for tasks to queue
[2024-11-10T09:02:11.669+0000] {logging_mixin.py:190} INFO - [2024-11-10T09:02:11.669+0000] {dagbag.py:588} INFO - Filling up the DagBag from /home/airflow/.local/lib/python3.12/site-packages/airflow/example_dags/example_datasets.py
[2024-11-10T09:02:11.794+0000] {processor.py:925} INFO - DAG(s) 'conditional_dataset_and_time_based_timetable', 'consume_1_or_2_with_dataset_expressions', 'dataset_consumes_1', 'dataset_produces_1', 'dataset_consumes_1_never_scheduled', 'dataset_produces_2', 'dataset_consumes_1_and_2', 'consume_1_and_2_with_dataset_expressions', 'consume_1_or_both_2_and_3_with_dataset_expressions', 'dataset_consumes_unknown_never_scheduled' retrieved from /home/airflow/.local/lib/python3.12/site-packages/airflow/example_dags/example_datasets.py
[2024-11-10T09:02:11.830+0000] {logging_mixin.py:190} INFO - [2024-11-10T09:02:11.830+0000] {dag.py:3239} INFO - Sync 10 DAGs
[2024-11-10T09:02:11.850+0000] {logging_mixin.py:190} INFO - [2024-11-10T09:02:11.850+0000] {dag.py:4180} INFO - Setting next_dagrun for conditional_dataset_and_time_based_timetable to 2024-11-06 01:00:00+00:00, run_after=2024-11-06 01:00:00+00:00
[2024-11-10T09:02:11.853+0000] {logging_mixin.py:190} INFO - [2024-11-10T09:02:11.853+0000] {dag.py:4180} INFO - Setting next_dagrun for consume_1_and_2_with_dataset_expressions to None, run_after=None
[2024-11-10T09:02:11.855+0000] {logging_mixin.py:190} INFO - [2024-11-10T09:02:11.855+0000] {dag.py:4180} INFO - Setting next_dagrun for consume_1_or_2_with_dataset_expressions to None, run_after=None
[2024-11-10T09:02:11.856+0000] {logging_mixin.py:190} INFO - [2024-11-10T09:02:11.856+0000] {dag.py:4180} INFO - Setting next_dagrun for consume_1_or_both_2_and_3_with_dataset_expressions to None, run_after=None
[2024-11-10T09:02:11.857+0000] {logging_mixin.py:190} INFO - [2024-11-10T09:02:11.857+0000] {dag.py:4180} INFO - Setting next_dagrun for dataset_consumes_1 to None, run_after=None
[2024-11-10T09:02:11.858+0000] {logging_mixin.py:190} INFO - [2024-11-10T09:02:11.858+0000] {dag.py:4180} INFO - Setting next_dagrun for dataset_consumes_1_and_2 to None, run_after=None
[2024-11-10T09:02:11.859+0000] {logging_mixin.py:190} INFO - [2024-11-10T09:02:11.859+0000] {dag.py:4180} INFO - Setting next_dagrun for dataset_consumes_1_never_scheduled to None, run_after=None
[2024-11-10T09:02:11.860+0000] {logging_mixin.py:190} INFO - [2024-11-10T09:02:11.860+0000] {dag.py:4180} INFO - Setting next_dagrun for dataset_consumes_unknown_never_scheduled to None, run_after=None
[2024-11-10T09:02:11.862+0000] {logging_mixin.py:190} INFO - [2024-11-10T09:02:11.862+0000] {dag.py:4180} INFO - Setting next_dagrun for dataset_produces_1 to 2024-11-09 00:00:00+00:00, run_after=2024-11-10 00:00:00+00:00
[2024-11-10T09:02:11.864+0000] {logging_mixin.py:190} INFO - [2024-11-10T09:02:11.864+0000] {dag.py:4180} INFO - Setting next_dagrun for dataset_produces_2 to None, run_after=None
[2024-11-10T09:02:11.911+0000] {processor.py:208} INFO - Processing /home/airflow/.local/lib/python3.12/site-packages/airflow/example_dags/example_datasets.py took 0.250 seconds
[2024-11-10T09:02:42.625+0000] {processor.py:186} INFO - Started process (PID=1170) to work on /home/airflow/.local/lib/python3.12/site-packages/airflow/example_dags/example_datasets.py
[2024-11-10T09:02:42.626+0000] {processor.py:914} INFO - Processing file /home/airflow/.local/lib/python3.12/site-packages/airflow/example_dags/example_datasets.py for tasks to queue
[2024-11-10T09:02:42.628+0000] {logging_mixin.py:190} INFO - [2024-11-10T09:02:42.628+0000] {dagbag.py:588} INFO - Filling up the DagBag from /home/airflow/.local/lib/python3.12/site-packages/airflow/example_dags/example_datasets.py
[2024-11-10T09:02:42.742+0000] {processor.py:925} INFO - DAG(s) 'consume_1_or_2_with_dataset_expressions', 'dataset_produces_1', 'conditional_dataset_and_time_based_timetable', 'consume_1_and_2_with_dataset_expressions', 'dataset_consumes_1_never_scheduled', 'dataset_consumes_1', 'dataset_consumes_1_and_2', 'dataset_produces_2', 'dataset_consumes_unknown_never_scheduled', 'consume_1_or_both_2_and_3_with_dataset_expressions' retrieved from /home/airflow/.local/lib/python3.12/site-packages/airflow/example_dags/example_datasets.py
[2024-11-10T09:02:42.774+0000] {logging_mixin.py:190} INFO - [2024-11-10T09:02:42.774+0000] {dag.py:3239} INFO - Sync 10 DAGs
[2024-11-10T09:02:42.794+0000] {logging_mixin.py:190} INFO - [2024-11-10T09:02:42.794+0000] {dag.py:4180} INFO - Setting next_dagrun for conditional_dataset_and_time_based_timetable to 2024-11-06 01:00:00+00:00, run_after=2024-11-06 01:00:00+00:00
[2024-11-10T09:02:42.797+0000] {logging_mixin.py:190} INFO - [2024-11-10T09:02:42.797+0000] {dag.py:4180} INFO - Setting next_dagrun for consume_1_and_2_with_dataset_expressions to None, run_after=None
[2024-11-10T09:02:42.798+0000] {logging_mixin.py:190} INFO - [2024-11-10T09:02:42.798+0000] {dag.py:4180} INFO - Setting next_dagrun for consume_1_or_2_with_dataset_expressions to None, run_after=None
[2024-11-10T09:02:42.799+0000] {logging_mixin.py:190} INFO - [2024-11-10T09:02:42.799+0000] {dag.py:4180} INFO - Setting next_dagrun for consume_1_or_both_2_and_3_with_dataset_expressions to None, run_after=None
[2024-11-10T09:02:42.800+0000] {logging_mixin.py:190} INFO - [2024-11-10T09:02:42.800+0000] {dag.py:4180} INFO - Setting next_dagrun for dataset_consumes_1 to None, run_after=None
[2024-11-10T09:02:42.801+0000] {logging_mixin.py:190} INFO - [2024-11-10T09:02:42.801+0000] {dag.py:4180} INFO - Setting next_dagrun for dataset_consumes_1_and_2 to None, run_after=None
[2024-11-10T09:02:42.803+0000] {logging_mixin.py:190} INFO - [2024-11-10T09:02:42.802+0000] {dag.py:4180} INFO - Setting next_dagrun for dataset_consumes_1_never_scheduled to None, run_after=None
[2024-11-10T09:02:42.804+0000] {logging_mixin.py:190} INFO - [2024-11-10T09:02:42.804+0000] {dag.py:4180} INFO - Setting next_dagrun for dataset_consumes_unknown_never_scheduled to None, run_after=None
[2024-11-10T09:02:42.806+0000] {logging_mixin.py:190} INFO - [2024-11-10T09:02:42.806+0000] {dag.py:4180} INFO - Setting next_dagrun for dataset_produces_1 to 2024-11-09 00:00:00+00:00, run_after=2024-11-10 00:00:00+00:00
[2024-11-10T09:02:42.807+0000] {logging_mixin.py:190} INFO - [2024-11-10T09:02:42.807+0000] {dag.py:4180} INFO - Setting next_dagrun for dataset_produces_2 to None, run_after=None
[2024-11-10T09:02:42.833+0000] {processor.py:208} INFO - Processing /home/airflow/.local/lib/python3.12/site-packages/airflow/example_dags/example_datasets.py took 0.212 seconds
[2024-11-10T09:03:13.513+0000] {processor.py:186} INFO - Started process (PID=1232) to work on /home/airflow/.local/lib/python3.12/site-packages/airflow/example_dags/example_datasets.py
[2024-11-10T09:03:13.514+0000] {processor.py:914} INFO - Processing file /home/airflow/.local/lib/python3.12/site-packages/airflow/example_dags/example_datasets.py for tasks to queue
[2024-11-10T09:03:13.516+0000] {logging_mixin.py:190} INFO - [2024-11-10T09:03:13.516+0000] {dagbag.py:588} INFO - Filling up the DagBag from /home/airflow/.local/lib/python3.12/site-packages/airflow/example_dags/example_datasets.py
[2024-11-10T09:03:13.632+0000] {processor.py:925} INFO - DAG(s) 'consume_1_or_both_2_and_3_with_dataset_expressions', 'dataset_produces_2', 'consume_1_or_2_with_dataset_expressions', 'dataset_consumes_unknown_never_scheduled', 'dataset_consumes_1_and_2', 'dataset_consumes_1', 'conditional_dataset_and_time_based_timetable', 'dataset_produces_1', 'consume_1_and_2_with_dataset_expressions', 'dataset_consumes_1_never_scheduled' retrieved from /home/airflow/.local/lib/python3.12/site-packages/airflow/example_dags/example_datasets.py
[2024-11-10T09:03:13.665+0000] {logging_mixin.py:190} INFO - [2024-11-10T09:03:13.665+0000] {dag.py:3239} INFO - Sync 10 DAGs
[2024-11-10T09:03:13.685+0000] {logging_mixin.py:190} INFO - [2024-11-10T09:03:13.685+0000] {dag.py:4180} INFO - Setting next_dagrun for conditional_dataset_and_time_based_timetable to 2024-11-06 01:00:00+00:00, run_after=2024-11-06 01:00:00+00:00
[2024-11-10T09:03:13.688+0000] {logging_mixin.py:190} INFO - [2024-11-10T09:03:13.688+0000] {dag.py:4180} INFO - Setting next_dagrun for consume_1_and_2_with_dataset_expressions to None, run_after=None
[2024-11-10T09:03:13.690+0000] {logging_mixin.py:190} INFO - [2024-11-10T09:03:13.689+0000] {dag.py:4180} INFO - Setting next_dagrun for consume_1_or_2_with_dataset_expressions to None, run_after=None
[2024-11-10T09:03:13.691+0000] {logging_mixin.py:190} INFO - [2024-11-10T09:03:13.691+0000] {dag.py:4180} INFO - Setting next_dagrun for consume_1_or_both_2_and_3_with_dataset_expressions to None, run_after=None
[2024-11-10T09:03:13.692+0000] {logging_mixin.py:190} INFO - [2024-11-10T09:03:13.692+0000] {dag.py:4180} INFO - Setting next_dagrun for dataset_consumes_1 to None, run_after=None
[2024-11-10T09:03:13.693+0000] {logging_mixin.py:190} INFO - [2024-11-10T09:03:13.693+0000] {dag.py:4180} INFO - Setting next_dagrun for dataset_consumes_1_and_2 to None, run_after=None
[2024-11-10T09:03:13.694+0000] {logging_mixin.py:190} INFO - [2024-11-10T09:03:13.694+0000] {dag.py:4180} INFO - Setting next_dagrun for dataset_consumes_1_never_scheduled to None, run_after=None
[2024-11-10T09:03:13.696+0000] {logging_mixin.py:190} INFO - [2024-11-10T09:03:13.696+0000] {dag.py:4180} INFO - Setting next_dagrun for dataset_consumes_unknown_never_scheduled to None, run_after=None
[2024-11-10T09:03:13.698+0000] {logging_mixin.py:190} INFO - [2024-11-10T09:03:13.698+0000] {dag.py:4180} INFO - Setting next_dagrun for dataset_produces_1 to 2024-11-09 00:00:00+00:00, run_after=2024-11-10 00:00:00+00:00
[2024-11-10T09:03:13.699+0000] {logging_mixin.py:190} INFO - [2024-11-10T09:03:13.699+0000] {dag.py:4180} INFO - Setting next_dagrun for dataset_produces_2 to None, run_after=None
[2024-11-10T09:03:13.729+0000] {processor.py:208} INFO - Processing /home/airflow/.local/lib/python3.12/site-packages/airflow/example_dags/example_datasets.py took 0.220 seconds
[2024-11-10T09:03:44.589+0000] {processor.py:186} INFO - Started process (PID=1294) to work on /home/airflow/.local/lib/python3.12/site-packages/airflow/example_dags/example_datasets.py
[2024-11-10T09:03:44.590+0000] {processor.py:914} INFO - Processing file /home/airflow/.local/lib/python3.12/site-packages/airflow/example_dags/example_datasets.py for tasks to queue
[2024-11-10T09:03:44.592+0000] {logging_mixin.py:190} INFO - [2024-11-10T09:03:44.592+0000] {dagbag.py:588} INFO - Filling up the DagBag from /home/airflow/.local/lib/python3.12/site-packages/airflow/example_dags/example_datasets.py
[2024-11-10T09:03:44.707+0000] {processor.py:925} INFO - DAG(s) 'dataset_consumes_1_and_2', 'consume_1_or_2_with_dataset_expressions', 'consume_1_and_2_with_dataset_expressions', 'dataset_produces_2', 'conditional_dataset_and_time_based_timetable', 'dataset_consumes_1', 'consume_1_or_both_2_and_3_with_dataset_expressions', 'dataset_consumes_1_never_scheduled', 'dataset_produces_1', 'dataset_consumes_unknown_never_scheduled' retrieved from /home/airflow/.local/lib/python3.12/site-packages/airflow/example_dags/example_datasets.py
[2024-11-10T09:03:44.741+0000] {logging_mixin.py:190} INFO - [2024-11-10T09:03:44.741+0000] {dag.py:3239} INFO - Sync 10 DAGs
[2024-11-10T09:03:44.761+0000] {logging_mixin.py:190} INFO - [2024-11-10T09:03:44.761+0000] {dag.py:4180} INFO - Setting next_dagrun for conditional_dataset_and_time_based_timetable to 2024-11-06 01:00:00+00:00, run_after=2024-11-06 01:00:00+00:00
[2024-11-10T09:03:44.765+0000] {logging_mixin.py:190} INFO - [2024-11-10T09:03:44.765+0000] {dag.py:4180} INFO - Setting next_dagrun for consume_1_and_2_with_dataset_expressions to None, run_after=None
[2024-11-10T09:03:44.766+0000] {logging_mixin.py:190} INFO - [2024-11-10T09:03:44.766+0000] {dag.py:4180} INFO - Setting next_dagrun for consume_1_or_2_with_dataset_expressions to None, run_after=None
[2024-11-10T09:03:44.768+0000] {logging_mixin.py:190} INFO - [2024-11-10T09:03:44.767+0000] {dag.py:4180} INFO - Setting next_dagrun for consume_1_or_both_2_and_3_with_dataset_expressions to None, run_after=None
[2024-11-10T09:03:44.769+0000] {logging_mixin.py:190} INFO - [2024-11-10T09:03:44.769+0000] {dag.py:4180} INFO - Setting next_dagrun for dataset_consumes_1 to None, run_after=None
[2024-11-10T09:03:44.770+0000] {logging_mixin.py:190} INFO - [2024-11-10T09:03:44.770+0000] {dag.py:4180} INFO - Setting next_dagrun for dataset_consumes_1_and_2 to None, run_after=None
[2024-11-10T09:03:44.771+0000] {logging_mixin.py:190} INFO - [2024-11-10T09:03:44.771+0000] {dag.py:4180} INFO - Setting next_dagrun for dataset_consumes_1_never_scheduled to None, run_after=None
[2024-11-10T09:03:44.773+0000] {logging_mixin.py:190} INFO - [2024-11-10T09:03:44.772+0000] {dag.py:4180} INFO - Setting next_dagrun for dataset_consumes_unknown_never_scheduled to None, run_after=None
[2024-11-10T09:03:44.775+0000] {logging_mixin.py:190} INFO - [2024-11-10T09:03:44.774+0000] {dag.py:4180} INFO - Setting next_dagrun for dataset_produces_1 to 2024-11-09 00:00:00+00:00, run_after=2024-11-10 00:00:00+00:00
[2024-11-10T09:03:44.776+0000] {logging_mixin.py:190} INFO - [2024-11-10T09:03:44.776+0000] {dag.py:4180} INFO - Setting next_dagrun for dataset_produces_2 to None, run_after=None
[2024-11-10T09:03:44.803+0000] {processor.py:208} INFO - Processing /home/airflow/.local/lib/python3.12/site-packages/airflow/example_dags/example_datasets.py took 0.218 seconds
[2024-11-10T09:04:14.873+0000] {processor.py:186} INFO - Started process (PID=1356) to work on /home/airflow/.local/lib/python3.12/site-packages/airflow/example_dags/example_datasets.py
[2024-11-10T09:04:14.874+0000] {processor.py:914} INFO - Processing file /home/airflow/.local/lib/python3.12/site-packages/airflow/example_dags/example_datasets.py for tasks to queue
[2024-11-10T09:04:14.876+0000] {logging_mixin.py:190} INFO - [2024-11-10T09:04:14.875+0000] {dagbag.py:588} INFO - Filling up the DagBag from /home/airflow/.local/lib/python3.12/site-packages/airflow/example_dags/example_datasets.py
[2024-11-10T09:04:14.990+0000] {processor.py:925} INFO - DAG(s) 'consume_1_or_both_2_and_3_with_dataset_expressions', 'dataset_produces_1', 'consume_1_and_2_with_dataset_expressions', 'dataset_consumes_1_never_scheduled', 'conditional_dataset_and_time_based_timetable', 'dataset_produces_2', 'consume_1_or_2_with_dataset_expressions', 'dataset_consumes_unknown_never_scheduled', 'dataset_consumes_1', 'dataset_consumes_1_and_2' retrieved from /home/airflow/.local/lib/python3.12/site-packages/airflow/example_dags/example_datasets.py
[2024-11-10T09:04:15.023+0000] {logging_mixin.py:190} INFO - [2024-11-10T09:04:15.023+0000] {dag.py:3239} INFO - Sync 10 DAGs
[2024-11-10T09:04:15.044+0000] {logging_mixin.py:190} INFO - [2024-11-10T09:04:15.044+0000] {dag.py:4180} INFO - Setting next_dagrun for conditional_dataset_and_time_based_timetable to 2024-11-06 01:00:00+00:00, run_after=2024-11-06 01:00:00+00:00
[2024-11-10T09:04:15.047+0000] {logging_mixin.py:190} INFO - [2024-11-10T09:04:15.047+0000] {dag.py:4180} INFO - Setting next_dagrun for consume_1_and_2_with_dataset_expressions to None, run_after=None
[2024-11-10T09:04:15.049+0000] {logging_mixin.py:190} INFO - [2024-11-10T09:04:15.048+0000] {dag.py:4180} INFO - Setting next_dagrun for consume_1_or_2_with_dataset_expressions to None, run_after=None
[2024-11-10T09:04:15.050+0000] {logging_mixin.py:190} INFO - [2024-11-10T09:04:15.050+0000] {dag.py:4180} INFO - Setting next_dagrun for consume_1_or_both_2_and_3_with_dataset_expressions to None, run_after=None
[2024-11-10T09:04:15.051+0000] {logging_mixin.py:190} INFO - [2024-11-10T09:04:15.051+0000] {dag.py:4180} INFO - Setting next_dagrun for dataset_consumes_1 to None, run_after=None
[2024-11-10T09:04:15.052+0000] {logging_mixin.py:190} INFO - [2024-11-10T09:04:15.052+0000] {dag.py:4180} INFO - Setting next_dagrun for dataset_consumes_1_and_2 to None, run_after=None
[2024-11-10T09:04:15.053+0000] {logging_mixin.py:190} INFO - [2024-11-10T09:04:15.053+0000] {dag.py:4180} INFO - Setting next_dagrun for dataset_consumes_1_never_scheduled to None, run_after=None
[2024-11-10T09:04:15.054+0000] {logging_mixin.py:190} INFO - [2024-11-10T09:04:15.054+0000] {dag.py:4180} INFO - Setting next_dagrun for dataset_consumes_unknown_never_scheduled to None, run_after=None
[2024-11-10T09:04:15.056+0000] {logging_mixin.py:190} INFO - [2024-11-10T09:04:15.056+0000] {dag.py:4180} INFO - Setting next_dagrun for dataset_produces_1 to 2024-11-09 00:00:00+00:00, run_after=2024-11-10 00:00:00+00:00
[2024-11-10T09:04:15.058+0000] {logging_mixin.py:190} INFO - [2024-11-10T09:04:15.058+0000] {dag.py:4180} INFO - Setting next_dagrun for dataset_produces_2 to None, run_after=None
[2024-11-10T09:04:15.085+0000] {processor.py:208} INFO - Processing /home/airflow/.local/lib/python3.12/site-packages/airflow/example_dags/example_datasets.py took 0.216 seconds
[2024-11-10T09:04:46.057+0000] {processor.py:186} INFO - Started process (PID=1418) to work on /home/airflow/.local/lib/python3.12/site-packages/airflow/example_dags/example_datasets.py
[2024-11-10T09:04:46.058+0000] {processor.py:914} INFO - Processing file /home/airflow/.local/lib/python3.12/site-packages/airflow/example_dags/example_datasets.py for tasks to queue
[2024-11-10T09:04:46.060+0000] {logging_mixin.py:190} INFO - [2024-11-10T09:04:46.060+0000] {dagbag.py:588} INFO - Filling up the DagBag from /home/airflow/.local/lib/python3.12/site-packages/airflow/example_dags/example_datasets.py
[2024-11-10T09:04:46.174+0000] {processor.py:925} INFO - DAG(s) 'dataset_consumes_1', 'conditional_dataset_and_time_based_timetable', 'dataset_consumes_unknown_never_scheduled', 'dataset_produces_1', 'dataset_consumes_1_and_2', 'dataset_consumes_1_never_scheduled', 'consume_1_or_2_with_dataset_expressions', 'consume_1_or_both_2_and_3_with_dataset_expressions', 'consume_1_and_2_with_dataset_expressions', 'dataset_produces_2' retrieved from /home/airflow/.local/lib/python3.12/site-packages/airflow/example_dags/example_datasets.py
[2024-11-10T09:04:46.207+0000] {logging_mixin.py:190} INFO - [2024-11-10T09:04:46.206+0000] {dag.py:3239} INFO - Sync 10 DAGs
[2024-11-10T09:04:46.227+0000] {logging_mixin.py:190} INFO - [2024-11-10T09:04:46.227+0000] {dag.py:4180} INFO - Setting next_dagrun for conditional_dataset_and_time_based_timetable to 2024-11-06 01:00:00+00:00, run_after=2024-11-06 01:00:00+00:00
[2024-11-10T09:04:46.230+0000] {logging_mixin.py:190} INFO - [2024-11-10T09:04:46.230+0000] {dag.py:4180} INFO - Setting next_dagrun for consume_1_and_2_with_dataset_expressions to None, run_after=None
[2024-11-10T09:04:46.232+0000] {logging_mixin.py:190} INFO - [2024-11-10T09:04:46.231+0000] {dag.py:4180} INFO - Setting next_dagrun for consume_1_or_2_with_dataset_expressions to None, run_after=None
[2024-11-10T09:04:46.233+0000] {logging_mixin.py:190} INFO - [2024-11-10T09:04:46.232+0000] {dag.py:4180} INFO - Setting next_dagrun for consume_1_or_both_2_and_3_with_dataset_expressions to None, run_after=None
[2024-11-10T09:04:46.234+0000] {logging_mixin.py:190} INFO - [2024-11-10T09:04:46.234+0000] {dag.py:4180} INFO - Setting next_dagrun for dataset_consumes_1 to None, run_after=None
[2024-11-10T09:04:46.235+0000] {logging_mixin.py:190} INFO - [2024-11-10T09:04:46.235+0000] {dag.py:4180} INFO - Setting next_dagrun for dataset_consumes_1_and_2 to None, run_after=None
[2024-11-10T09:04:46.236+0000] {logging_mixin.py:190} INFO - [2024-11-10T09:04:46.236+0000] {dag.py:4180} INFO - Setting next_dagrun for dataset_consumes_1_never_scheduled to None, run_after=None
[2024-11-10T09:04:46.237+0000] {logging_mixin.py:190} INFO - [2024-11-10T09:04:46.237+0000] {dag.py:4180} INFO - Setting next_dagrun for dataset_consumes_unknown_never_scheduled to None, run_after=None
[2024-11-10T09:04:46.239+0000] {logging_mixin.py:190} INFO - [2024-11-10T09:04:46.239+0000] {dag.py:4180} INFO - Setting next_dagrun for dataset_produces_1 to 2024-11-09 00:00:00+00:00, run_after=2024-11-10 00:00:00+00:00
[2024-11-10T09:04:46.241+0000] {logging_mixin.py:190} INFO - [2024-11-10T09:04:46.240+0000] {dag.py:4180} INFO - Setting next_dagrun for dataset_produces_2 to None, run_after=None
[2024-11-10T09:04:46.268+0000] {processor.py:208} INFO - Processing /home/airflow/.local/lib/python3.12/site-packages/airflow/example_dags/example_datasets.py took 0.216 seconds
                                                                                                                                                                                                                                                                                                                                                                                                                                                                                                                                                                                                                                                                                                                                                                                                                                                                                                                                                                                                                                                                                                                                                                                                                                                                                                                                                                                                                                                                                                                                                                                                                                                                                                                                                                                                                                                                                                                                                                                                                                                                                                                                                                                                                                                                                                                                                                                                                                                                                                                                                                                                                                                                                                                                                                                                                                                                                                                                                                                                                                                                                                                                                                                                                                                                                                                                                                                                                                                                                                                                                                                                             